2021-12-24_00:13:12.134 [main] INFO  pl.rest.CustomHooks - SCENARIO NAME: Changing of scheme of issued card and validating the data in the API response
2021-12-24_00:13:12.140 [main] INFO  pl.rest.CustomHooks - TAG NAMEs: []
2021-12-24_00:13:12.149 [main] INFO  pl.rest.CustomHooks - SCENARIO NAME: Changing of scheme of issued card and validating the data in the API response
2021-12-24_00:13:12.150 [main] INFO  pl.rest.CustomHooks - TAG NAMEs: []
2021-12-24_00:13:12.247 [main] INFO  pl.rest.CustomHooks - Index: 0, Size: 0
2021-12-24_00:13:14.526 [main] INFO  com.qc.qa.utils.TestDataReader - Reading API Test Data config values from  testData/api/devAPITestData.properties
2021-12-24_00:13:14.532 [main] INFO  pl.rest.service.Authorize - Authorize Rest API URL :- https://apitest.pineperks.in/auth/V1/generate/token
2021-12-24_00:13:14.532 [main] INFO  com.qc.BaseAPI - GET call to URL https://apitest.pineperks.in/auth/V1/generate/token
2021-12-24_00:13:15.066 [main] INFO  com.qc.BaseAPI - ********************REQUEST********************
2021-12-24_00:13:17.519 [main] DEBUG o.a.h.i.c.BasicClientConnectionManager - Get connection for route {s}->https://apitest.pineperks.in:443
2021-12-24_00:13:17.582 [main] DEBUG o.a.h.i.c.DefaultClientConnectionOperator - Connecting to apitest.pineperks.in:443
2021-12-24_00:13:17.813 [main] DEBUG o.a.h.c.protocol.RequestAddCookies - CookieSpec selected: ignoreCookies
2021-12-24_00:13:17.817 [main] DEBUG o.a.h.c.protocol.RequestAuthCache - Auth cache not set in the context
2021-12-24_00:13:17.817 [main] DEBUG o.a.h.c.p.RequestTargetAuthentication - Target auth state: UNCHALLENGED
2021-12-24_00:13:17.818 [main] DEBUG o.a.h.c.p.RequestProxyAuthentication - Proxy auth state: UNCHALLENGED
2021-12-24_00:13:17.819 [main] DEBUG o.a.h.impl.client.DefaultHttpClient - Attempt 1 to execute request
2021-12-24_00:13:17.820 [main] DEBUG o.a.h.i.conn.DefaultClientConnection - Sending request: GET /auth/V1/generate/token HTTP/1.1
2021-12-24_00:13:17.820 [main] DEBUG org.apache.http.wire -  >> "GET /auth/V1/generate/token HTTP/1.1[\r][\n]"
2021-12-24_00:13:17.822 [main] DEBUG org.apache.http.wire -  >> "Content-Type: application/json; charset=UTF-8[\r][\n]"
2021-12-24_00:13:17.822 [main] DEBUG org.apache.http.wire -  >> "Accept: */*[\r][\n]"
2021-12-24_00:13:17.822 [main] DEBUG org.apache.http.wire -  >> "userName: A0aCcnPzDANtKmvSLPKcaw==[\r][\n]"
2021-12-24_00:13:17.822 [main] DEBUG org.apache.http.wire -  >> "Host: apitest.pineperks.in[\r][\n]"
2021-12-24_00:13:17.823 [main] DEBUG org.apache.http.wire -  >> "Connection: Keep-Alive[\r][\n]"
2021-12-24_00:13:17.823 [main] DEBUG org.apache.http.wire -  >> "User-Agent: Apache-HttpClient/4.5.2 (Java/1.8.0_202)[\r][\n]"
2021-12-24_00:13:17.823 [main] DEBUG org.apache.http.wire -  >> "Accept-Encoding: gzip,deflate[\r][\n]"
2021-12-24_00:13:17.824 [main] DEBUG org.apache.http.wire -  >> "[\r][\n]"
2021-12-24_00:13:17.824 [main] DEBUG org.apache.http.headers - >> GET /auth/V1/generate/token HTTP/1.1
2021-12-24_00:13:17.824 [main] DEBUG org.apache.http.headers - >> Content-Type: application/json; charset=UTF-8
2021-12-24_00:13:17.824 [main] DEBUG org.apache.http.headers - >> Accept: */*
2021-12-24_00:13:17.824 [main] DEBUG org.apache.http.headers - >> userName: A0aCcnPzDANtKmvSLPKcaw==
2021-12-24_00:13:17.825 [main] DEBUG org.apache.http.headers - >> Host: apitest.pineperks.in
2021-12-24_00:13:17.825 [main] DEBUG org.apache.http.headers - >> Connection: Keep-Alive
2021-12-24_00:13:17.825 [main] DEBUG org.apache.http.headers - >> User-Agent: Apache-HttpClient/4.5.2 (Java/1.8.0_202)
2021-12-24_00:13:17.825 [main] DEBUG org.apache.http.headers - >> Accept-Encoding: gzip,deflate
2021-12-24_00:13:17.861 [main] DEBUG org.apache.http.wire -  << "HTTP/1.1 200 [\r][\n]"
2021-12-24_00:13:17.864 [main] DEBUG org.apache.http.wire -  << "Access-Control-Allow-Methods: GET, POST[\r][\n]"
2021-12-24_00:13:17.864 [main] DEBUG org.apache.http.wire -  << "Access-Control-Allow-Origin: *[\r][\n]"
2021-12-24_00:13:17.864 [main] DEBUG org.apache.http.wire -  << "Content-Security-Policy: default-src 'none'[\r][\n]"
2021-12-24_00:13:17.865 [main] DEBUG org.apache.http.wire -  << "Feature-Policy: 'none'[\r][\n]"
2021-12-24_00:13:17.866 [main] DEBUG org.apache.http.wire -  << "Referrer-Policy: no-referrer[\r][\n]"
2021-12-24_00:13:17.866 [main] DEBUG org.apache.http.wire -  << "Strict-Transport-Security: max-age=31536000 ; includeSubDomains[\r][\n]"
2021-12-24_00:13:17.866 [main] DEBUG org.apache.http.wire -  << "Date: Thu, 23 Dec 2021 18:43:17 GMT[\r][\n]"
2021-12-24_00:13:17.866 [main] DEBUG org.apache.http.wire -  << "Keep-Alive: timeout=60[\r][\n]"
2021-12-24_00:13:17.866 [main] DEBUG org.apache.http.wire -  << "Content-Type: application/json[\r][\n]"
2021-12-24_00:13:17.867 [main] DEBUG org.apache.http.wire -  << "Transfer-Encoding: chunked[\r][\n]"
2021-12-24_00:13:17.867 [main] DEBUG org.apache.http.wire -  << "Connection: keep-alive[\r][\n]"
2021-12-24_00:13:17.867 [main] DEBUG org.apache.http.wire -  << "[\r][\n]"
2021-12-24_00:13:17.868 [main] DEBUG o.a.h.i.conn.DefaultClientConnection - Receiving response: HTTP/1.1 200 
2021-12-24_00:13:17.869 [main] DEBUG org.apache.http.headers - << HTTP/1.1 200 
2021-12-24_00:13:17.869 [main] DEBUG org.apache.http.headers - << Access-Control-Allow-Methods: GET, POST
2021-12-24_00:13:17.869 [main] DEBUG org.apache.http.headers - << Access-Control-Allow-Origin: *
2021-12-24_00:13:17.869 [main] DEBUG org.apache.http.headers - << Content-Security-Policy: default-src 'none'
2021-12-24_00:13:17.869 [main] DEBUG org.apache.http.headers - << Feature-Policy: 'none'
2021-12-24_00:13:17.869 [main] DEBUG org.apache.http.headers - << Referrer-Policy: no-referrer
2021-12-24_00:13:17.869 [main] DEBUG org.apache.http.headers - << Strict-Transport-Security: max-age=31536000 ; includeSubDomains
2021-12-24_00:13:17.870 [main] DEBUG org.apache.http.headers - << Date: Thu, 23 Dec 2021 18:43:17 GMT
2021-12-24_00:13:17.870 [main] DEBUG org.apache.http.headers - << Keep-Alive: timeout=60
2021-12-24_00:13:17.870 [main] DEBUG org.apache.http.headers - << Content-Type: application/json
2021-12-24_00:13:17.870 [main] DEBUG org.apache.http.headers - << Transfer-Encoding: chunked
2021-12-24_00:13:17.870 [main] DEBUG org.apache.http.headers - << Connection: keep-alive
2021-12-24_00:13:17.881 [main] DEBUG o.a.h.impl.client.DefaultHttpClient - Connection can be kept alive for 60000 MILLISECONDS
2021-12-24_00:13:17.907 [main] DEBUG i.r.i.RequestSpecificationImpl$RestAssuredHttpBuilder - Parsing response as: application/json
2021-12-24_00:13:17.908 [main] DEBUG i.r.i.RequestSpecificationImpl$RestAssuredHttpBuilder - Parsed data to instance of: class org.apache.http.conn.EofSensorInputStream
2021-12-24_00:13:17.930 [main] INFO  com.qc.BaseAPI - Method :GET
2021-12-24_00:13:17.932 [main] INFO  com.qc.BaseAPI - URI :https://apitest.pineperks.in/auth/V1/generate/token
2021-12-24_00:13:17.932 [main] INFO  com.qc.BaseAPI - Headers :userName=A0aCcnPzDANtKmvSLPKcaw==
Accept=*/*
Content-Type=application/json; charset=UTF-8
2021-12-24_00:13:17.932 [main] INFO  com.qc.BaseAPI - Body :null
2021-12-24_00:13:17.932 [main] INFO  com.qc.BaseAPI - ********************RESPONSE********************
2021-12-24_00:13:17.951 [main] DEBUG org.apache.http.wire -  << "7f[\r][\n]"
2021-12-24_00:13:17.951 [main] DEBUG org.apache.http.wire -  << "{"accessToken":"12378072f9e54975ae56c6493a74f80a","tokenExpiryTime":"25-Dec-2021","responseCode":0,"responseMessage":"Success"}"
2021-12-24_00:13:17.952 [main] DEBUG org.apache.http.wire -  << "[\r][\n]"
2021-12-24_00:13:17.953 [main] DEBUG org.apache.http.wire -  << "0[\r][\n]"
2021-12-24_00:13:17.953 [main] DEBUG org.apache.http.wire -  << "[\r][\n]"
2021-12-24_00:13:17.954 [main] DEBUG o.a.h.i.c.BasicClientConnectionManager - Releasing connection org.apache.http.impl.conn.ManagedClientConnectionImpl@1239cd69
2021-12-24_00:13:17.954 [main] DEBUG o.a.h.i.c.BasicClientConnectionManager - Connection can be kept alive for 60000 MILLISECONDS
2021-12-24_00:13:18.013 [main] INFO  com.qc.BaseAPI - Response :{
    "accessToken": "12378072f9e54975ae56c6493a74f80a",
    "tokenExpiryTime": "25-Dec-2021",
    "responseCode": 0,
    "responseMessage": "Success"
}
2021-12-24_00:13:18.017 [main] INFO  com.qc.BaseAPI -  **** GET call Response time 2830 ms
2021-12-24_00:13:18.017 [main] INFO  pl.rest.service.Authorize - Time Taken to perform https://apitest.pineperks.in/auth/V1/generate/token transaction: 2830
2021-12-24_00:13:18.174 [main] INFO  com.qc.qa.utils.TestDataReader - Reading Json data authorizeHeaders
2021-12-24_00:13:18.177 [main] INFO  com.qc.qa.utils.TestDataReader - Reading json data from file @ testData/api/devAPIData.json
2021-12-24_00:13:18.215 [main] INFO  pl.rest.service.CardIssue - CardIssue Rest API URL :- https://apitest.pineperks.in/card/order/V1/instant/issue/nonreloadable/digital
2021-12-24_00:13:18.216 [main] INFO  com.qc.BaseAPI - POST call to URL https://apitest.pineperks.in/card/order/V1/instant/issue/nonreloadable/digital
2021-12-24_00:13:18.235 [main] INFO  com.qc.BaseAPI - ********************REQUEST********************
2021-12-24_00:13:18.287 [main] DEBUG o.a.h.i.c.BasicClientConnectionManager - Get connection for route {s}->https://apitest.pineperks.in:443
2021-12-24_00:13:18.287 [main] DEBUG o.a.h.i.c.DefaultClientConnectionOperator - Connecting to apitest.pineperks.in:443
2021-12-24_00:13:18.432 [main] DEBUG o.a.h.c.protocol.RequestAddCookies - CookieSpec selected: ignoreCookies
2021-12-24_00:13:18.432 [main] DEBUG o.a.h.c.protocol.RequestAuthCache - Auth cache not set in the context
2021-12-24_00:13:18.432 [main] DEBUG o.a.h.c.p.RequestTargetAuthentication - Target auth state: UNCHALLENGED
2021-12-24_00:13:18.432 [main] DEBUG o.a.h.c.p.RequestProxyAuthentication - Proxy auth state: UNCHALLENGED
2021-12-24_00:13:18.433 [main] DEBUG o.a.h.impl.client.DefaultHttpClient - Attempt 1 to execute request
2021-12-24_00:13:18.433 [main] DEBUG o.a.h.i.conn.DefaultClientConnection - Sending request: POST /card/order/V1/instant/issue/nonreloadable/digital HTTP/1.1
2021-12-24_00:13:18.433 [main] DEBUG org.apache.http.wire -  >> "POST /card/order/V1/instant/issue/nonreloadable/digital HTTP/1.1[\r][\n]"
2021-12-24_00:13:18.433 [main] DEBUG org.apache.http.wire -  >> "Accept: */*[\r][\n]"
2021-12-24_00:13:18.433 [main] DEBUG org.apache.http.wire -  >> "userName: A0aCcnPzDANtKmvSLPKcaw==[\r][\n]"
2021-12-24_00:13:18.433 [main] DEBUG org.apache.http.wire -  >> "token: 12378072f9e54975ae56c6493a74f80a[\r][\n]"
2021-12-24_00:13:18.434 [main] DEBUG org.apache.http.wire -  >> "Content-Type: application/json; charset=UTF-8[\r][\n]"
2021-12-24_00:13:18.434 [main] DEBUG org.apache.http.wire -  >> "Content-Length: 241[\r][\n]"
2021-12-24_00:13:18.434 [main] DEBUG org.apache.http.wire -  >> "Host: apitest.pineperks.in[\r][\n]"
2021-12-24_00:13:18.435 [main] DEBUG org.apache.http.wire -  >> "Connection: Keep-Alive[\r][\n]"
2021-12-24_00:13:18.435 [main] DEBUG org.apache.http.wire -  >> "User-Agent: Apache-HttpClient/4.5.2 (Java/1.8.0_202)[\r][\n]"
2021-12-24_00:13:18.435 [main] DEBUG org.apache.http.wire -  >> "Accept-Encoding: gzip,deflate[\r][\n]"
2021-12-24_00:13:18.435 [main] DEBUG org.apache.http.wire -  >> "[\r][\n]"
2021-12-24_00:13:18.435 [main] DEBUG org.apache.http.headers - >> POST /card/order/V1/instant/issue/nonreloadable/digital HTTP/1.1
2021-12-24_00:13:18.435 [main] DEBUG org.apache.http.headers - >> Accept: */*
2021-12-24_00:13:18.435 [main] DEBUG org.apache.http.headers - >> userName: A0aCcnPzDANtKmvSLPKcaw==
2021-12-24_00:13:18.435 [main] DEBUG org.apache.http.headers - >> token: 12378072f9e54975ae56c6493a74f80a
2021-12-24_00:13:18.435 [main] DEBUG org.apache.http.headers - >> Content-Type: application/json; charset=UTF-8
2021-12-24_00:13:18.436 [main] DEBUG org.apache.http.headers - >> Content-Length: 241
2021-12-24_00:13:18.436 [main] DEBUG org.apache.http.headers - >> Host: apitest.pineperks.in
2021-12-24_00:13:18.436 [main] DEBUG org.apache.http.headers - >> Connection: Keep-Alive
2021-12-24_00:13:18.436 [main] DEBUG org.apache.http.headers - >> User-Agent: Apache-HttpClient/4.5.2 (Java/1.8.0_202)
2021-12-24_00:13:18.436 [main] DEBUG org.apache.http.headers - >> Accept-Encoding: gzip,deflate
2021-12-24_00:13:18.437 [main] DEBUG org.apache.http.wire -  >> "{"isLinkToBeSentOnMobile":true,"checksum":"5x3GNrnStyS2PkMvV6EeAw==","cardDetailList":[{"amount":"1000","mobileNumber":"8284854535","customerName":"afzal","email":"afzal.ahmed@pinelabs.com"}],"externalRequestId":"udPrlda","cardSchemeId":"7"}"
2021-12-24_00:13:18.667 [main] DEBUG org.apache.http.wire -  << "HTTP/1.1 200 [\r][\n]"
2021-12-24_00:13:18.667 [main] DEBUG org.apache.http.wire -  << "Access-Control-Allow-Methods: GET, POST[\r][\n]"
2021-12-24_00:13:18.667 [main] DEBUG org.apache.http.wire -  << "Access-Control-Allow-Origin: *[\r][\n]"
2021-12-24_00:13:18.667 [main] DEBUG org.apache.http.wire -  << "Content-Security-Policy: default-src 'none'[\r][\n]"
2021-12-24_00:13:18.667 [main] DEBUG org.apache.http.wire -  << "Feature-Policy: 'none'[\r][\n]"
2021-12-24_00:13:18.667 [main] DEBUG org.apache.http.wire -  << "Referrer-Policy: no-referrer[\r][\n]"
2021-12-24_00:13:18.667 [main] DEBUG org.apache.http.wire -  << "Strict-Transport-Security: max-age=31536000 ; includeSubDomains[\r][\n]"
2021-12-24_00:13:18.667 [main] DEBUG org.apache.http.wire -  << "Date: Thu, 23 Dec 2021 18:43:17 GMT[\r][\n]"
2021-12-24_00:13:18.668 [main] DEBUG org.apache.http.wire -  << "Keep-Alive: timeout=60[\r][\n]"
2021-12-24_00:13:18.668 [main] DEBUG org.apache.http.wire -  << "Content-Type: application/json[\r][\n]"
2021-12-24_00:13:18.668 [main] DEBUG org.apache.http.wire -  << "Transfer-Encoding: chunked[\r][\n]"
2021-12-24_00:13:18.668 [main] DEBUG org.apache.http.wire -  << "Connection: keep-alive[\r][\n]"
2021-12-24_00:13:18.668 [main] DEBUG org.apache.http.wire -  << "[\r][\n]"
2021-12-24_00:13:18.668 [main] DEBUG o.a.h.i.conn.DefaultClientConnection - Receiving response: HTTP/1.1 200 
2021-12-24_00:13:18.668 [main] DEBUG org.apache.http.headers - << HTTP/1.1 200 
2021-12-24_00:13:18.668 [main] DEBUG org.apache.http.headers - << Access-Control-Allow-Methods: GET, POST
2021-12-24_00:13:18.669 [main] DEBUG org.apache.http.headers - << Access-Control-Allow-Origin: *
2021-12-24_00:13:18.669 [main] DEBUG org.apache.http.headers - << Content-Security-Policy: default-src 'none'
2021-12-24_00:13:18.669 [main] DEBUG org.apache.http.headers - << Feature-Policy: 'none'
2021-12-24_00:13:18.669 [main] DEBUG org.apache.http.headers - << Referrer-Policy: no-referrer
2021-12-24_00:13:18.669 [main] DEBUG org.apache.http.headers - << Strict-Transport-Security: max-age=31536000 ; includeSubDomains
2021-12-24_00:13:18.669 [main] DEBUG org.apache.http.headers - << Date: Thu, 23 Dec 2021 18:43:17 GMT
2021-12-24_00:13:18.669 [main] DEBUG org.apache.http.headers - << Keep-Alive: timeout=60
2021-12-24_00:13:18.669 [main] DEBUG org.apache.http.headers - << Content-Type: application/json
2021-12-24_00:13:18.669 [main] DEBUG org.apache.http.headers - << Transfer-Encoding: chunked
2021-12-24_00:13:18.669 [main] DEBUG org.apache.http.headers - << Connection: keep-alive
2021-12-24_00:13:18.669 [main] DEBUG o.a.h.impl.client.DefaultHttpClient - Connection can be kept alive for 60000 MILLISECONDS
2021-12-24_00:13:18.670 [main] DEBUG i.r.i.RequestSpecificationImpl$RestAssuredHttpBuilder - Parsing response as: application/json
2021-12-24_00:13:18.670 [main] DEBUG i.r.i.RequestSpecificationImpl$RestAssuredHttpBuilder - Parsed data to instance of: class org.apache.http.conn.EofSensorInputStream
2021-12-24_00:13:18.672 [main] INFO  com.qc.BaseAPI - Method :POST
2021-12-24_00:13:18.676 [main] INFO  com.qc.BaseAPI - URI :https://apitest.pineperks.in/card/order/V1/instant/issue/nonreloadable/digital
2021-12-24_00:13:18.677 [main] INFO  com.qc.BaseAPI - Headers :token=12378072f9e54975ae56c6493a74f80a
userName=A0aCcnPzDANtKmvSLPKcaw==
Accept=*/*
Content-Type=application/json; charset=UTF-8
2021-12-24_00:13:18.677 [main] INFO  com.qc.BaseAPI - Body :{"isLinkToBeSentOnMobile":true,"checksum":"5x3GNrnStyS2PkMvV6EeAw==","cardDetailList":[{"amount":"1000","mobileNumber":"8284854535","customerName":"afzal","email":"afzal.ahmed@pinelabs.com"}],"externalRequestId":"udPrlda","cardSchemeId":"7"}
2021-12-24_00:13:18.677 [main] INFO  com.qc.BaseAPI - ********************RESPONSE********************
2021-12-24_00:13:18.677 [main] DEBUG org.apache.http.wire -  << "1f1[\r][\n]"
2021-12-24_00:13:18.677 [main] DEBUG org.apache.http.wire -  << "{"externalRequestId":"udPrlda","orderId":20949,"orderStatus":6,"cardDetailResponseList":[{"referenceNumber":1535758163,"serialNumber":20949000010001,"customerName":"afzal","mobileNumber":8284854535,"email":"afzal.ahmed@pinelabs.com","amount":1000,"cardLink":"test.pineperks.in/eCard?c=3P6yLUzHqsLpJ1ShHoFK7Q2","responseCode":0,"responseMessage":"Success"}],"successCount":1,"failedCount":0,"orderAmount":1000,"issuanceCharge":100,"netOrderAmount":1100,"responseCode":0,"responseMessage":"Success"}"
2021-12-24_00:13:18.678 [main] DEBUG org.apache.http.wire -  << "[\r][\n]"
2021-12-24_00:13:18.678 [main] DEBUG org.apache.http.wire -  << "0[\r][\n]"
2021-12-24_00:13:18.678 [main] DEBUG org.apache.http.wire -  << "[\r][\n]"
2021-12-24_00:13:18.678 [main] DEBUG o.a.h.i.c.BasicClientConnectionManager - Releasing connection org.apache.http.impl.conn.ManagedClientConnectionImpl@6aa12f32
2021-12-24_00:13:18.678 [main] DEBUG o.a.h.i.c.BasicClientConnectionManager - Connection can be kept alive for 60000 MILLISECONDS
2021-12-24_00:13:18.681 [main] INFO  com.qc.BaseAPI - Response :{
    "externalRequestId": "udPrlda",
    "orderId": 20949,
    "orderStatus": 6,
    "cardDetailResponseList": [
        {
            "referenceNumber": 1535758163,
            "serialNumber": 20949000010001,
            "customerName": "afzal",
            "mobileNumber": 8284854535,
            "email": "afzal.ahmed@pinelabs.com",
            "amount": 1000,
            "cardLink": "test.pineperks.in/eCard?c=3P6yLUzHqsLpJ1ShHoFK7Q2",
            "responseCode": 0,
            "responseMessage": "Success"
        }
    ],
    "successCount": 1,
    "failedCount": 0,
    "orderAmount": 1000,
    "issuanceCharge": 100,
    "netOrderAmount": 1100,
    "responseCode": 0,
    "responseMessage": "Success"
}
2021-12-24_00:13:18.682 [main] INFO  com.qc.BaseAPI -  **** POST call Response time 433 ms
2021-12-24_00:13:18.682 [main] INFO  pl.rest.service.CardIssue - Time Taken to perform https://apitest.pineperks.in/card/order/V1/instant/issue/nonreloadable/digital transaction: 433
2021-12-24_00:13:40.788 [main] INFO  com.qc.qa.utils.TestDataReader - Reading Json data authorizeHeaders
2021-12-24_00:13:40.792 [main] INFO  com.qc.qa.utils.TestDataReader - Reading json data from file @ testData/api/devAPIData.json
2021-12-24_00:13:41.788 [main] INFO  p.r.service.CorporateAndCardDetails - CardIssue Rest API URL :- https://apitest.pineperks.in/card/profile/V1/detail
2021-12-24_00:13:41.789 [main] INFO  com.qc.BaseAPI - POST call to URL https://apitest.pineperks.in/card/profile/V1/detail
2021-12-24_00:13:41.795 [main] INFO  com.qc.BaseAPI - ********************REQUEST********************
2021-12-24_00:13:41.806 [main] DEBUG o.a.h.i.c.BasicClientConnectionManager - Get connection for route {s}->https://apitest.pineperks.in:443
2021-12-24_00:13:41.806 [main] DEBUG o.a.h.i.c.DefaultClientConnectionOperator - Connecting to apitest.pineperks.in:443
2021-12-24_00:13:41.924 [main] DEBUG o.a.h.c.protocol.RequestAddCookies - CookieSpec selected: ignoreCookies
2021-12-24_00:13:41.924 [main] DEBUG o.a.h.c.protocol.RequestAuthCache - Auth cache not set in the context
2021-12-24_00:13:41.924 [main] DEBUG o.a.h.c.p.RequestTargetAuthentication - Target auth state: UNCHALLENGED
2021-12-24_00:13:41.924 [main] DEBUG o.a.h.c.p.RequestProxyAuthentication - Proxy auth state: UNCHALLENGED
2021-12-24_00:13:41.924 [main] DEBUG o.a.h.impl.client.DefaultHttpClient - Attempt 1 to execute request
2021-12-24_00:13:41.925 [main] DEBUG o.a.h.i.conn.DefaultClientConnection - Sending request: POST /card/profile/V1/detail HTTP/1.1
2021-12-24_00:13:41.925 [main] DEBUG org.apache.http.wire -  >> "POST /card/profile/V1/detail HTTP/1.1[\r][\n]"
2021-12-24_00:13:41.925 [main] DEBUG org.apache.http.wire -  >> "Accept: */*[\r][\n]"
2021-12-24_00:13:41.925 [main] DEBUG org.apache.http.wire -  >> "userName: A0aCcnPzDANtKmvSLPKcaw==[\r][\n]"
2021-12-24_00:13:41.925 [main] DEBUG org.apache.http.wire -  >> "token: 12378072f9e54975ae56c6493a74f80a[\r][\n]"
2021-12-24_00:13:41.925 [main] DEBUG org.apache.http.wire -  >> "Content-Type: application/json; charset=UTF-8[\r][\n]"
2021-12-24_00:13:41.925 [main] DEBUG org.apache.http.wire -  >> "Content-Length: 40[\r][\n]"
2021-12-24_00:13:41.926 [main] DEBUG org.apache.http.wire -  >> "Host: apitest.pineperks.in[\r][\n]"
2021-12-24_00:13:41.926 [main] DEBUG org.apache.http.wire -  >> "Connection: Keep-Alive[\r][\n]"
2021-12-24_00:13:41.926 [main] DEBUG org.apache.http.wire -  >> "User-Agent: Apache-HttpClient/4.5.2 (Java/1.8.0_202)[\r][\n]"
2021-12-24_00:13:41.926 [main] DEBUG org.apache.http.wire -  >> "Accept-Encoding: gzip,deflate[\r][\n]"
2021-12-24_00:13:41.926 [main] DEBUG org.apache.http.wire -  >> "[\r][\n]"
2021-12-24_00:13:41.926 [main] DEBUG org.apache.http.headers - >> POST /card/profile/V1/detail HTTP/1.1
2021-12-24_00:13:41.926 [main] DEBUG org.apache.http.headers - >> Accept: */*
2021-12-24_00:13:41.926 [main] DEBUG org.apache.http.headers - >> userName: A0aCcnPzDANtKmvSLPKcaw==
2021-12-24_00:13:41.926 [main] DEBUG org.apache.http.headers - >> token: 12378072f9e54975ae56c6493a74f80a
2021-12-24_00:13:41.927 [main] DEBUG org.apache.http.headers - >> Content-Type: application/json; charset=UTF-8
2021-12-24_00:13:41.927 [main] DEBUG org.apache.http.headers - >> Content-Length: 40
2021-12-24_00:13:41.927 [main] DEBUG org.apache.http.headers - >> Host: apitest.pineperks.in
2021-12-24_00:13:41.927 [main] DEBUG org.apache.http.headers - >> Connection: Keep-Alive
2021-12-24_00:13:41.927 [main] DEBUG org.apache.http.headers - >> User-Agent: Apache-HttpClient/4.5.2 (Java/1.8.0_202)
2021-12-24_00:13:41.927 [main] DEBUG org.apache.http.headers - >> Accept-Encoding: gzip,deflate
2021-12-24_00:13:41.927 [main] DEBUG org.apache.http.wire -  >> "{"cardDetailRequestList":["1535758163"]}"
2021-12-24_00:13:41.955 [main] DEBUG org.apache.http.wire -  << "HTTP/1.1 200 [\r][\n]"
2021-12-24_00:13:41.956 [main] DEBUG org.apache.http.wire -  << "Access-Control-Allow-Methods: GET, POST[\r][\n]"
2021-12-24_00:13:41.956 [main] DEBUG org.apache.http.wire -  << "Access-Control-Allow-Origin: *[\r][\n]"
2021-12-24_00:13:41.956 [main] DEBUG org.apache.http.wire -  << "Content-Security-Policy: default-src 'none'[\r][\n]"
2021-12-24_00:13:41.956 [main] DEBUG org.apache.http.wire -  << "Feature-Policy: 'none'[\r][\n]"
2021-12-24_00:13:41.956 [main] DEBUG org.apache.http.wire -  << "Referrer-Policy: no-referrer[\r][\n]"
2021-12-24_00:13:41.956 [main] DEBUG org.apache.http.wire -  << "Strict-Transport-Security: max-age=31536000 ; includeSubDomains[\r][\n]"
2021-12-24_00:13:41.956 [main] DEBUG org.apache.http.wire -  << "Date: Thu, 23 Dec 2021 18:43:41 GMT[\r][\n]"
2021-12-24_00:13:41.956 [main] DEBUG org.apache.http.wire -  << "Keep-Alive: timeout=60[\r][\n]"
2021-12-24_00:13:41.956 [main] DEBUG org.apache.http.wire -  << "Content-Type: application/json[\r][\n]"
2021-12-24_00:13:41.956 [main] DEBUG org.apache.http.wire -  << "Transfer-Encoding: chunked[\r][\n]"
2021-12-24_00:13:41.956 [main] DEBUG org.apache.http.wire -  << "Connection: keep-alive[\r][\n]"
2021-12-24_00:13:41.956 [main] DEBUG org.apache.http.wire -  << "[\r][\n]"
2021-12-24_00:13:41.956 [main] DEBUG o.a.h.i.conn.DefaultClientConnection - Receiving response: HTTP/1.1 200 
2021-12-24_00:13:41.957 [main] DEBUG org.apache.http.headers - << HTTP/1.1 200 
2021-12-24_00:13:41.957 [main] DEBUG org.apache.http.headers - << Access-Control-Allow-Methods: GET, POST
2021-12-24_00:13:41.957 [main] DEBUG org.apache.http.headers - << Access-Control-Allow-Origin: *
2021-12-24_00:13:41.957 [main] DEBUG org.apache.http.headers - << Content-Security-Policy: default-src 'none'
2021-12-24_00:13:41.957 [main] DEBUG org.apache.http.headers - << Feature-Policy: 'none'
2021-12-24_00:13:41.957 [main] DEBUG org.apache.http.headers - << Referrer-Policy: no-referrer
2021-12-24_00:13:41.957 [main] DEBUG org.apache.http.headers - << Strict-Transport-Security: max-age=31536000 ; includeSubDomains
2021-12-24_00:13:41.957 [main] DEBUG org.apache.http.headers - << Date: Thu, 23 Dec 2021 18:43:41 GMT
2021-12-24_00:13:41.957 [main] DEBUG org.apache.http.headers - << Keep-Alive: timeout=60
2021-12-24_00:13:41.957 [main] DEBUG org.apache.http.headers - << Content-Type: application/json
2021-12-24_00:13:41.957 [main] DEBUG org.apache.http.headers - << Transfer-Encoding: chunked
2021-12-24_00:13:41.957 [main] DEBUG org.apache.http.headers - << Connection: keep-alive
2021-12-24_00:13:41.957 [main] DEBUG o.a.h.impl.client.DefaultHttpClient - Connection can be kept alive for 60000 MILLISECONDS
2021-12-24_00:13:41.957 [main] DEBUG i.r.i.RequestSpecificationImpl$RestAssuredHttpBuilder - Parsing response as: application/json
2021-12-24_00:13:41.957 [main] DEBUG i.r.i.RequestSpecificationImpl$RestAssuredHttpBuilder - Parsed data to instance of: class org.apache.http.conn.EofSensorInputStream
2021-12-24_00:13:41.958 [main] INFO  com.qc.BaseAPI - Method :POST
2021-12-24_00:13:41.959 [main] INFO  com.qc.BaseAPI - URI :https://apitest.pineperks.in/card/profile/V1/detail
2021-12-24_00:13:41.959 [main] INFO  com.qc.BaseAPI - Headers :token=12378072f9e54975ae56c6493a74f80a
userName=A0aCcnPzDANtKmvSLPKcaw==
Accept=*/*
Content-Type=application/json; charset=UTF-8
2021-12-24_00:13:41.960 [main] INFO  com.qc.BaseAPI - Body :{"cardDetailRequestList":["1535758163"]}
2021-12-24_00:13:41.960 [main] INFO  com.qc.BaseAPI - ********************RESPONSE********************
2021-12-24_00:13:41.960 [main] DEBUG org.apache.http.wire -  << "3be[\r][\n]"
2021-12-24_00:13:41.960 [main] DEBUG org.apache.http.wire -  << "{"cardDetailResponseList":[{"cardReferenceNumber":1535758163,"maskedCardNumber":"608364******8564","cardStatus":1,"kycStatus":null,"cardSchemeId":7,"pinMode":4,"cardName":"milson Card","cardVariant":2,"cardCategoryId":4,"loadAmount":1000,"redeemedAmount":0,"balance":1000,"issuedOn":"24-Dec-2021","expiryDate":"31-Dec-2023","isEcommTransactionEnabled":true,"ecommRedeemTransactionLimit":0,"isPOSTransactionEnabled":false,"posRedeemTransactionLimit":0,"monthlyCreditAmount":null,"lastCreditedOn":null,"activatedOn":null,"activationName":"Afzal","activationMobileNumber":8284854535,"activationEmail":"afzal.ahmed@pinelabs.com","customerName":"Afzal ahmed","customerMobile":8284854535,"customerEmail":null,"blockedOn":null,"terminatedOn":null,"terminatedBy":null,"reason":null,"reIssuedOn":null,"reIssuedBy":null,"reIssuedByCardReferenceNumber":null,"reIssueCharges":0,"responseCode":0,"responseMessage":"Success"}],"responseCode":0,"responseMessage":"Success"}"
2021-12-24_00:13:41.960 [main] DEBUG org.apache.http.wire -  << "[\r][\n]"
2021-12-24_00:13:41.960 [main] DEBUG org.apache.http.wire -  << "0[\r][\n]"
2021-12-24_00:13:41.960 [main] DEBUG org.apache.http.wire -  << "[\r][\n]"
2021-12-24_00:13:41.961 [main] DEBUG o.a.h.i.c.BasicClientConnectionManager - Releasing connection org.apache.http.impl.conn.ManagedClientConnectionImpl@428a6b97
2021-12-24_00:13:41.961 [main] DEBUG o.a.h.i.c.BasicClientConnectionManager - Connection can be kept alive for 60000 MILLISECONDS
2021-12-24_00:13:41.963 [main] INFO  com.qc.BaseAPI - Response :{
    "cardDetailResponseList": [
        {
            "cardReferenceNumber": 1535758163,
            "maskedCardNumber": "608364******8564",
            "cardStatus": 1,
            "kycStatus": null,
            "cardSchemeId": 7,
            "pinMode": 4,
            "cardName": "milson Card",
            "cardVariant": 2,
            "cardCategoryId": 4,
            "loadAmount": 1000,
            "redeemedAmount": 0,
            "balance": 1000,
            "issuedOn": "24-Dec-2021",
            "expiryDate": "31-Dec-2023",
            "isEcommTransactionEnabled": true,
            "ecommRedeemTransactionLimit": 0,
            "isPOSTransactionEnabled": false,
            "posRedeemTransactionLimit": 0,
            "monthlyCreditAmount": null,
            "lastCreditedOn": null,
            "activatedOn": null,
            "activationName": "Afzal",
            "activationMobileNumber": 8284854535,
            "activationEmail": "afzal.ahmed@pinelabs.com",
            "customerName": "Afzal ahmed",
            "customerMobile": 8284854535,
            "customerEmail": null,
            "blockedOn": null,
            "terminatedOn": null,
            "terminatedBy": null,
            "reason": null,
            "reIssuedOn": null,
            "reIssuedBy": null,
            "reIssuedByCardReferenceNumber": null,
            "reIssueCharges": 0,
            "responseCode": 0,
            "responseMessage": "Success"
        }
    ],
    "responseCode": 0,
    "responseMessage": "Success"
}
2021-12-24_00:13:41.963 [main] INFO  com.qc.BaseAPI -  **** POST call Response time 162 ms
2021-12-24_00:13:41.964 [main] INFO  p.r.service.CorporateAndCardDetails - Time Taken to perform https://apitest.pineperks.in/card/profile/V1/detail transaction: 162
