2021-12-20_19:06:10.702 [main] INFO  pl.rest.CustomHooks - SCENARIO NAME: Validate the Card Categories API Response
2021-12-20_19:06:10.705 [main] INFO  pl.rest.CustomHooks - TAG NAMEs: []
2021-12-20_19:06:12.110 [main] INFO  com.qc.qa.utils.TestDataReader - Reading API Test Data config values from  testData/api/devAPITestData.properties
2021-12-20_19:06:12.113 [main] INFO  pl.rest.service.Authorize - Authorize Rest API URL :- https://apitest.pineperks.in/auth/V1/generate/token
2021-12-20_19:06:12.114 [main] INFO  com.qc.BaseAPI - GET call to URL https://apitest.pineperks.in/auth/V1/generate/token
2021-12-20_19:06:12.336 [main] INFO  com.qc.BaseAPI - ********************REQUEST********************
2021-12-20_19:06:14.095 [main] DEBUG o.a.h.i.c.BasicClientConnectionManager - Get connection for route {s}->https://apitest.pineperks.in:443
2021-12-20_19:06:14.153 [main] DEBUG o.a.h.i.c.DefaultClientConnectionOperator - Connecting to apitest.pineperks.in:443
2021-12-20_19:06:14.391 [main] DEBUG o.a.h.c.protocol.RequestAddCookies - CookieSpec selected: ignoreCookies
2021-12-20_19:06:14.393 [main] DEBUG o.a.h.c.protocol.RequestAuthCache - Auth cache not set in the context
2021-12-20_19:06:14.393 [main] DEBUG o.a.h.c.p.RequestTargetAuthentication - Target auth state: UNCHALLENGED
2021-12-20_19:06:14.393 [main] DEBUG o.a.h.c.p.RequestProxyAuthentication - Proxy auth state: UNCHALLENGED
2021-12-20_19:06:14.394 [main] DEBUG o.a.h.impl.client.DefaultHttpClient - Attempt 1 to execute request
2021-12-20_19:06:14.394 [main] DEBUG o.a.h.i.conn.DefaultClientConnection - Sending request: GET /auth/V1/generate/token HTTP/1.1
2021-12-20_19:06:14.394 [main] DEBUG org.apache.http.wire -  >> "GET /auth/V1/generate/token HTTP/1.1[\r][\n]"
2021-12-20_19:06:14.395 [main] DEBUG org.apache.http.wire -  >> "Content-Type: application/json; charset=UTF-8[\r][\n]"
2021-12-20_19:06:14.395 [main] DEBUG org.apache.http.wire -  >> "Accept: */*[\r][\n]"
2021-12-20_19:06:14.395 [main] DEBUG org.apache.http.wire -  >> "userName: t3azPwts/6OSPTFxhCdYug== [\r][\n]"
2021-12-20_19:06:14.396 [main] DEBUG org.apache.http.wire -  >> "Host: apitest.pineperks.in[\r][\n]"
2021-12-20_19:06:14.396 [main] DEBUG org.apache.http.wire -  >> "Connection: Keep-Alive[\r][\n]"
2021-12-20_19:06:14.396 [main] DEBUG org.apache.http.wire -  >> "User-Agent: Apache-HttpClient/4.5.2 (Java/1.8.0_202)[\r][\n]"
2021-12-20_19:06:14.396 [main] DEBUG org.apache.http.wire -  >> "Accept-Encoding: gzip,deflate[\r][\n]"
2021-12-20_19:06:14.396 [main] DEBUG org.apache.http.wire -  >> "[\r][\n]"
2021-12-20_19:06:14.396 [main] DEBUG org.apache.http.headers - >> GET /auth/V1/generate/token HTTP/1.1
2021-12-20_19:06:14.396 [main] DEBUG org.apache.http.headers - >> Content-Type: application/json; charset=UTF-8
2021-12-20_19:06:14.396 [main] DEBUG org.apache.http.headers - >> Accept: */*
2021-12-20_19:06:14.396 [main] DEBUG org.apache.http.headers - >> userName: t3azPwts/6OSPTFxhCdYug== 
2021-12-20_19:06:14.396 [main] DEBUG org.apache.http.headers - >> Host: apitest.pineperks.in
2021-12-20_19:06:14.397 [main] DEBUG org.apache.http.headers - >> Connection: Keep-Alive
2021-12-20_19:06:14.397 [main] DEBUG org.apache.http.headers - >> User-Agent: Apache-HttpClient/4.5.2 (Java/1.8.0_202)
2021-12-20_19:06:14.397 [main] DEBUG org.apache.http.headers - >> Accept-Encoding: gzip,deflate
2021-12-20_19:06:14.547 [main] DEBUG org.apache.http.wire -  << "HTTP/1.1 200 [\r][\n]"
2021-12-20_19:06:14.551 [main] DEBUG org.apache.http.wire -  << "Access-Control-Allow-Methods: GET, POST[\r][\n]"
2021-12-20_19:06:14.552 [main] DEBUG org.apache.http.wire -  << "Access-Control-Allow-Origin: *[\r][\n]"
2021-12-20_19:06:14.552 [main] DEBUG org.apache.http.wire -  << "Content-Security-Policy: default-src 'none'[\r][\n]"
2021-12-20_19:06:14.552 [main] DEBUG org.apache.http.wire -  << "Feature-Policy: 'none'[\r][\n]"
2021-12-20_19:06:14.552 [main] DEBUG org.apache.http.wire -  << "Referrer-Policy: no-referrer[\r][\n]"
2021-12-20_19:06:14.553 [main] DEBUG org.apache.http.wire -  << "Strict-Transport-Security: max-age=31536000 ; includeSubDomains[\r][\n]"
2021-12-20_19:06:14.553 [main] DEBUG org.apache.http.wire -  << "Date: Mon, 20 Dec 2021 13:36:14 GMT[\r][\n]"
2021-12-20_19:06:14.553 [main] DEBUG org.apache.http.wire -  << "Keep-Alive: timeout=60[\r][\n]"
2021-12-20_19:06:14.553 [main] DEBUG org.apache.http.wire -  << "Content-Type: application/json[\r][\n]"
2021-12-20_19:06:14.554 [main] DEBUG org.apache.http.wire -  << "Transfer-Encoding: chunked[\r][\n]"
2021-12-20_19:06:14.554 [main] DEBUG org.apache.http.wire -  << "Connection: keep-alive[\r][\n]"
2021-12-20_19:06:14.554 [main] DEBUG org.apache.http.wire -  << "[\r][\n]"
2021-12-20_19:06:14.555 [main] DEBUG o.a.h.i.conn.DefaultClientConnection - Receiving response: HTTP/1.1 200 
2021-12-20_19:06:14.556 [main] DEBUG org.apache.http.headers - << HTTP/1.1 200 
2021-12-20_19:06:14.556 [main] DEBUG org.apache.http.headers - << Access-Control-Allow-Methods: GET, POST
2021-12-20_19:06:14.556 [main] DEBUG org.apache.http.headers - << Access-Control-Allow-Origin: *
2021-12-20_19:06:14.556 [main] DEBUG org.apache.http.headers - << Content-Security-Policy: default-src 'none'
2021-12-20_19:06:14.557 [main] DEBUG org.apache.http.headers - << Feature-Policy: 'none'
2021-12-20_19:06:14.557 [main] DEBUG org.apache.http.headers - << Referrer-Policy: no-referrer
2021-12-20_19:06:14.557 [main] DEBUG org.apache.http.headers - << Strict-Transport-Security: max-age=31536000 ; includeSubDomains
2021-12-20_19:06:14.557 [main] DEBUG org.apache.http.headers - << Date: Mon, 20 Dec 2021 13:36:14 GMT
2021-12-20_19:06:14.557 [main] DEBUG org.apache.http.headers - << Keep-Alive: timeout=60
2021-12-20_19:06:14.557 [main] DEBUG org.apache.http.headers - << Content-Type: application/json
2021-12-20_19:06:14.557 [main] DEBUG org.apache.http.headers - << Transfer-Encoding: chunked
2021-12-20_19:06:14.557 [main] DEBUG org.apache.http.headers - << Connection: keep-alive
2021-12-20_19:06:14.567 [main] DEBUG o.a.h.impl.client.DefaultHttpClient - Connection can be kept alive for 60000 MILLISECONDS
2021-12-20_19:06:14.601 [main] DEBUG i.r.i.RequestSpecificationImpl$RestAssuredHttpBuilder - Parsing response as: application/json
2021-12-20_19:06:14.602 [main] DEBUG i.r.i.RequestSpecificationImpl$RestAssuredHttpBuilder - Parsed data to instance of: class org.apache.http.conn.EofSensorInputStream
2021-12-20_19:06:14.634 [main] INFO  com.qc.BaseAPI - Method :GET
2021-12-20_19:06:14.635 [main] INFO  com.qc.BaseAPI - URI :https://apitest.pineperks.in/auth/V1/generate/token
2021-12-20_19:06:14.636 [main] INFO  com.qc.BaseAPI - Headers :userName=t3azPwts/6OSPTFxhCdYug== 
Accept=*/*
Content-Type=application/json; charset=UTF-8
2021-12-20_19:06:14.636 [main] INFO  com.qc.BaseAPI - Body :null
2021-12-20_19:06:14.637 [main] INFO  com.qc.BaseAPI - ********************RESPONSE********************
2021-12-20_19:06:14.648 [main] DEBUG org.apache.http.wire -  << "7f[\r][\n]"
2021-12-20_19:06:14.649 [main] DEBUG org.apache.http.wire -  << "{"accessToken":"b785341ba1db47df949e9e9c6472a9af","tokenExpiryTime":"21-Dec-2021","responseCode":0,"responseMessage":"Success"}"
2021-12-20_19:06:14.650 [main] DEBUG org.apache.http.wire -  << "[\r][\n]"
2021-12-20_19:06:14.651 [main] DEBUG org.apache.http.wire -  << "0[\r][\n]"
2021-12-20_19:06:14.651 [main] DEBUG org.apache.http.wire -  << "[\r][\n]"
2021-12-20_19:06:14.651 [main] DEBUG o.a.h.i.c.BasicClientConnectionManager - Releasing connection org.apache.http.impl.conn.ManagedClientConnectionImpl@6bf564ed
2021-12-20_19:06:14.652 [main] DEBUG o.a.h.i.c.BasicClientConnectionManager - Connection can be kept alive for 60000 MILLISECONDS
2021-12-20_19:06:14.707 [main] INFO  com.qc.BaseAPI - Response :{
    "accessToken": "b785341ba1db47df949e9e9c6472a9af",
    "tokenExpiryTime": "21-Dec-2021",
    "responseCode": 0,
    "responseMessage": "Success"
}
2021-12-20_19:06:14.710 [main] INFO  com.qc.BaseAPI -  **** GET call Response time 2285 ms
2021-12-20_19:06:14.711 [main] INFO  pl.rest.service.Authorize - Time Taken to perform https://apitest.pineperks.in/auth/V1/generate/token transaction: 2285
2021-12-20_19:06:14.795 [main] INFO  com.qc.qa.utils.TestDataReader - Reading Json data authorizeHeaders
2021-12-20_19:06:14.800 [main] INFO  com.qc.qa.utils.TestDataReader - Reading json data from file @ testData/api/devAPIData.json
2021-12-20_19:06:14.819 [main] ERROR com.qc.qa.utils.TestDataReader - Unable to find ::cardCategoryV1URIURI in API test data properties file , Please add correct property values and check
2021-12-20_19:06:14.820 [main] INFO  p.r.service.CorporateAndCardDetails - CardIssue Rest API URL :- https://apitest.pineperks.innull
2021-12-20_19:06:14.820 [main] INFO  com.qc.BaseAPI - GET call to URL https://apitest.pineperks.innull
2021-12-20_19:06:14.828 [main] INFO  com.qc.BaseAPI - ********************REQUEST********************
2021-12-20_19:06:14.842 [main] DEBUG o.a.h.i.c.BasicClientConnectionManager - Get connection for route {s}->https://apitest.pineperks.innull:443
2021-12-20_19:06:15.130 [main] DEBUG o.a.h.i.conn.DefaultClientConnection - Connection org.apache.http.impl.conn.DefaultClientConnection@160149cc closed
2021-12-20_19:06:15.131 [main] DEBUG o.a.h.i.conn.DefaultClientConnection - Connection org.apache.http.impl.conn.DefaultClientConnection@160149cc shut down
2021-12-20_19:06:15.131 [main] DEBUG o.a.h.i.c.BasicClientConnectionManager - Releasing connection org.apache.http.impl.conn.ManagedClientConnectionImpl@67ab90a8
