2022-02-03_21:35:00.513 [main] INFO  pl.rest.CustomHooks - SCENARIO NAME: Validating the pin mode value on the response on issuing different PIN on SMS/ Physical PIN Mailer/ Customer generated PIN/ PIN Less pin mode card.
2022-02-03_21:35:00.516 [main] INFO  pl.rest.CustomHooks - TAG NAMEs: [@Regression]
2022-02-03_21:35:00.518 [main] INFO  pl.rest.CustomHooks - SCENARIO NAME: Validating the pin mode value on the response on issuing different PIN on SMS/ Physical PIN Mailer/ Customer generated PIN/ PIN Less pin mode card.
2022-02-03_21:35:00.519 [main] INFO  pl.rest.CustomHooks - TAG NAMEs: [@Regression]
2022-02-03_21:35:00.592 [main] INFO  pl.rest.CustomHooks - Index: 0, Size: 0
2022-02-03_21:35:01.956 [main] INFO  com.qc.qa.utils.TestDataReader - Reading API Test Data config values from  testData/api/devAPITestData.properties
2022-02-03_21:35:01.962 [main] INFO  pl.rest.service.Authorize - Authorize Rest API URL :- https://apitest.pineperks.in/auth/V1/generate/token
2022-02-03_21:35:01.962 [main] INFO  com.qc.BaseAPI - GET call to URL https://apitest.pineperks.in/auth/V1/generate/token
2022-02-03_21:35:02.270 [main] INFO  com.qc.BaseAPI - ********************REQUEST********************
2022-02-03_21:35:04.763 [main] DEBUG o.a.h.i.c.BasicClientConnectionManager - Get connection for route {s}->https://apitest.pineperks.in:443
2022-02-03_21:35:04.834 [main] DEBUG o.a.h.i.c.DefaultClientConnectionOperator - Connecting to apitest.pineperks.in:443
2022-02-03_21:35:05.064 [main] DEBUG o.a.h.c.protocol.RequestAddCookies - CookieSpec selected: ignoreCookies
2022-02-03_21:35:05.067 [main] DEBUG o.a.h.c.protocol.RequestAuthCache - Auth cache not set in the context
2022-02-03_21:35:05.067 [main] DEBUG o.a.h.c.p.RequestTargetAuthentication - Target auth state: UNCHALLENGED
2022-02-03_21:35:05.068 [main] DEBUG o.a.h.c.p.RequestProxyAuthentication - Proxy auth state: UNCHALLENGED
2022-02-03_21:35:05.068 [main] DEBUG o.a.h.impl.client.DefaultHttpClient - Attempt 1 to execute request
2022-02-03_21:35:05.068 [main] DEBUG o.a.h.i.conn.DefaultClientConnection - Sending request: GET /auth/V1/generate/token HTTP/1.1
2022-02-03_21:35:05.069 [main] DEBUG org.apache.http.wire -  >> "GET /auth/V1/generate/token HTTP/1.1[\r][\n]"
2022-02-03_21:35:05.070 [main] DEBUG org.apache.http.wire -  >> "Content-Type: application/json; charset=UTF-8[\r][\n]"
2022-02-03_21:35:05.070 [main] DEBUG org.apache.http.wire -  >> "Accept: */*[\r][\n]"
2022-02-03_21:35:05.070 [main] DEBUG org.apache.http.wire -  >> "userName: A0aCcnPzDANtKmvSLPKcaw==[\r][\n]"
2022-02-03_21:35:05.070 [main] DEBUG org.apache.http.wire -  >> "Host: apitest.pineperks.in[\r][\n]"
2022-02-03_21:35:05.070 [main] DEBUG org.apache.http.wire -  >> "Connection: Keep-Alive[\r][\n]"
2022-02-03_21:35:05.070 [main] DEBUG org.apache.http.wire -  >> "User-Agent: Apache-HttpClient/4.5.2 (Java/1.8.0_202)[\r][\n]"
2022-02-03_21:35:05.071 [main] DEBUG org.apache.http.wire -  >> "Accept-Encoding: gzip,deflate[\r][\n]"
2022-02-03_21:35:05.071 [main] DEBUG org.apache.http.wire -  >> "[\r][\n]"
2022-02-03_21:35:05.071 [main] DEBUG org.apache.http.headers - >> GET /auth/V1/generate/token HTTP/1.1
2022-02-03_21:35:05.071 [main] DEBUG org.apache.http.headers - >> Content-Type: application/json; charset=UTF-8
2022-02-03_21:35:05.071 [main] DEBUG org.apache.http.headers - >> Accept: */*
2022-02-03_21:35:05.071 [main] DEBUG org.apache.http.headers - >> userName: A0aCcnPzDANtKmvSLPKcaw==
2022-02-03_21:35:05.071 [main] DEBUG org.apache.http.headers - >> Host: apitest.pineperks.in
2022-02-03_21:35:05.071 [main] DEBUG org.apache.http.headers - >> Connection: Keep-Alive
2022-02-03_21:35:05.071 [main] DEBUG org.apache.http.headers - >> User-Agent: Apache-HttpClient/4.5.2 (Java/1.8.0_202)
2022-02-03_21:35:05.072 [main] DEBUG org.apache.http.headers - >> Accept-Encoding: gzip,deflate
2022-02-03_21:35:05.115 [main] DEBUG org.apache.http.wire -  << "HTTP/1.1 200 [\r][\n]"
2022-02-03_21:35:05.118 [main] DEBUG org.apache.http.wire -  << "Access-Control-Allow-Methods: GET, POST[\r][\n]"
2022-02-03_21:35:05.118 [main] DEBUG org.apache.http.wire -  << "Access-Control-Allow-Origin: *[\r][\n]"
2022-02-03_21:35:05.118 [main] DEBUG org.apache.http.wire -  << "Content-Security-Policy: default-src 'none'[\r][\n]"
2022-02-03_21:35:05.118 [main] DEBUG org.apache.http.wire -  << "Feature-Policy: 'none'[\r][\n]"
2022-02-03_21:35:05.118 [main] DEBUG org.apache.http.wire -  << "Referrer-Policy: no-referrer[\r][\n]"
2022-02-03_21:35:05.118 [main] DEBUG org.apache.http.wire -  << "Strict-Transport-Security: max-age=31536000 ; includeSubDomains[\r][\n]"
2022-02-03_21:35:05.119 [main] DEBUG org.apache.http.wire -  << "Date: Thu, 03 Feb 2022 16:05:05 GMT[\r][\n]"
2022-02-03_21:35:05.119 [main] DEBUG org.apache.http.wire -  << "Keep-Alive: timeout=60[\r][\n]"
2022-02-03_21:35:05.119 [main] DEBUG org.apache.http.wire -  << "Content-Type: application/json[\r][\n]"
2022-02-03_21:35:05.119 [main] DEBUG org.apache.http.wire -  << "Transfer-Encoding: chunked[\r][\n]"
2022-02-03_21:35:05.119 [main] DEBUG org.apache.http.wire -  << "Connection: keep-alive[\r][\n]"
2022-02-03_21:35:05.119 [main] DEBUG org.apache.http.wire -  << "[\r][\n]"
2022-02-03_21:35:05.120 [main] DEBUG o.a.h.i.conn.DefaultClientConnection - Receiving response: HTTP/1.1 200 
2022-02-03_21:35:05.120 [main] DEBUG org.apache.http.headers - << HTTP/1.1 200 
2022-02-03_21:35:05.120 [main] DEBUG org.apache.http.headers - << Access-Control-Allow-Methods: GET, POST
2022-02-03_21:35:05.120 [main] DEBUG org.apache.http.headers - << Access-Control-Allow-Origin: *
2022-02-03_21:35:05.120 [main] DEBUG org.apache.http.headers - << Content-Security-Policy: default-src 'none'
2022-02-03_21:35:05.120 [main] DEBUG org.apache.http.headers - << Feature-Policy: 'none'
2022-02-03_21:35:05.120 [main] DEBUG org.apache.http.headers - << Referrer-Policy: no-referrer
2022-02-03_21:35:05.120 [main] DEBUG org.apache.http.headers - << Strict-Transport-Security: max-age=31536000 ; includeSubDomains
2022-02-03_21:35:05.120 [main] DEBUG org.apache.http.headers - << Date: Thu, 03 Feb 2022 16:05:05 GMT
2022-02-03_21:35:05.120 [main] DEBUG org.apache.http.headers - << Keep-Alive: timeout=60
2022-02-03_21:35:05.120 [main] DEBUG org.apache.http.headers - << Content-Type: application/json
2022-02-03_21:35:05.120 [main] DEBUG org.apache.http.headers - << Transfer-Encoding: chunked
2022-02-03_21:35:05.121 [main] DEBUG org.apache.http.headers - << Connection: keep-alive
2022-02-03_21:35:05.127 [main] DEBUG o.a.h.impl.client.DefaultHttpClient - Connection can be kept alive for 60000 MILLISECONDS
2022-02-03_21:35:05.144 [main] DEBUG i.r.i.RequestSpecificationImpl$RestAssuredHttpBuilder - Parsing response as: application/json
2022-02-03_21:35:05.144 [main] DEBUG i.r.i.RequestSpecificationImpl$RestAssuredHttpBuilder - Parsed data to instance of: class org.apache.http.conn.EofSensorInputStream
2022-02-03_21:35:05.156 [main] INFO  com.qc.BaseAPI - Method :GET
2022-02-03_21:35:05.158 [main] INFO  com.qc.BaseAPI - URI :https://apitest.pineperks.in/auth/V1/generate/token
2022-02-03_21:35:05.158 [main] INFO  com.qc.BaseAPI - Headers :userName=A0aCcnPzDANtKmvSLPKcaw==
Accept=*/*
Content-Type=application/json; charset=UTF-8
2022-02-03_21:35:05.158 [main] INFO  com.qc.BaseAPI - Body :null
2022-02-03_21:35:05.158 [main] INFO  com.qc.BaseAPI - ********************RESPONSE********************
2022-02-03_21:35:05.169 [main] DEBUG org.apache.http.wire -  << "7f[\r][\n]"
2022-02-03_21:35:05.169 [main] DEBUG org.apache.http.wire -  << "{"accessToken":"64d82576c89f4da39fb4d31e7fb94f17","tokenExpiryTime":"03-Feb-2024","responseCode":0,"responseMessage":"Success"}"
2022-02-03_21:35:05.170 [main] DEBUG org.apache.http.wire -  << "[\r][\n]"
2022-02-03_21:35:05.170 [main] DEBUG org.apache.http.wire -  << "0[\r][\n]"
2022-02-03_21:35:05.170 [main] DEBUG org.apache.http.wire -  << "[\r][\n]"
2022-02-03_21:35:05.171 [main] DEBUG o.a.h.i.c.BasicClientConnectionManager - Releasing connection org.apache.http.impl.conn.ManagedClientConnectionImpl@455d5b33
2022-02-03_21:35:05.171 [main] DEBUG o.a.h.i.c.BasicClientConnectionManager - Connection can be kept alive for 60000 MILLISECONDS
2022-02-03_21:35:05.212 [main] INFO  com.qc.BaseAPI - Response :{
    "accessToken": "64d82576c89f4da39fb4d31e7fb94f17",
    "tokenExpiryTime": "03-Feb-2024",
    "responseCode": 0,
    "responseMessage": "Success"
}
2022-02-03_21:35:05.216 [main] INFO  com.qc.BaseAPI -  **** GET call Response time 2871 ms
2022-02-03_21:35:05.216 [main] INFO  pl.rest.service.Authorize - Time Taken to perform https://apitest.pineperks.in/auth/V1/generate/token transaction: 2871
2022-02-03_21:35:05.351 [main] INFO  pl.rest.CustomHooks - SCENARIO NAME: Validating the pin mode value on the response on issuing different PIN on SMS/ Physical PIN Mailer/ Customer generated PIN/ PIN Less pin mode card.
2022-02-03_21:35:05.352 [main] INFO  pl.rest.CustomHooks - TAG NAMEs: [@Regression]
2022-02-03_21:35:05.352 [main] INFO  pl.rest.CustomHooks - SCENARIO NAME: Validating the pin mode value on the response on issuing different PIN on SMS/ Physical PIN Mailer/ Customer generated PIN/ PIN Less pin mode card.
2022-02-03_21:35:05.352 [main] INFO  pl.rest.CustomHooks - TAG NAMEs: [@Regression]
2022-02-03_21:35:05.353 [main] INFO  pl.rest.CustomHooks - Index: 0, Size: 0
2022-02-03_21:35:05.749 [main] INFO  pl.rest.service.Authorize - Authorize Rest API URL :- https://apitest.pineperks.in/auth/V1/generate/token
2022-02-03_21:35:05.749 [main] INFO  com.qc.BaseAPI - GET call to URL https://apitest.pineperks.in/auth/V1/generate/token
2022-02-03_21:35:05.753 [main] INFO  com.qc.BaseAPI - ********************REQUEST********************
2022-02-03_21:35:05.767 [main] DEBUG o.a.h.i.c.BasicClientConnectionManager - Get connection for route {s}->https://apitest.pineperks.in:443
2022-02-03_21:35:05.768 [main] DEBUG o.a.h.i.c.DefaultClientConnectionOperator - Connecting to apitest.pineperks.in:443
2022-02-03_21:35:05.890 [main] DEBUG o.a.h.c.protocol.RequestAddCookies - CookieSpec selected: ignoreCookies
2022-02-03_21:35:05.891 [main] DEBUG o.a.h.c.protocol.RequestAuthCache - Auth cache not set in the context
2022-02-03_21:35:05.891 [main] DEBUG o.a.h.c.p.RequestTargetAuthentication - Target auth state: UNCHALLENGED
2022-02-03_21:35:05.891 [main] DEBUG o.a.h.c.p.RequestProxyAuthentication - Proxy auth state: UNCHALLENGED
2022-02-03_21:35:05.891 [main] DEBUG o.a.h.impl.client.DefaultHttpClient - Attempt 1 to execute request
2022-02-03_21:35:05.891 [main] DEBUG o.a.h.i.conn.DefaultClientConnection - Sending request: GET /auth/V1/generate/token HTTP/1.1
2022-02-03_21:35:05.891 [main] DEBUG org.apache.http.wire -  >> "GET /auth/V1/generate/token HTTP/1.1[\r][\n]"
2022-02-03_21:35:05.892 [main] DEBUG org.apache.http.wire -  >> "Content-Type: application/json; charset=UTF-8[\r][\n]"
2022-02-03_21:35:05.892 [main] DEBUG org.apache.http.wire -  >> "Accept: */*[\r][\n]"
2022-02-03_21:35:05.892 [main] DEBUG org.apache.http.wire -  >> "userName: A0aCcnPzDANtKmvSLPKcaw==[\r][\n]"
2022-02-03_21:35:05.892 [main] DEBUG org.apache.http.wire -  >> "Host: apitest.pineperks.in[\r][\n]"
2022-02-03_21:35:05.892 [main] DEBUG org.apache.http.wire -  >> "Connection: Keep-Alive[\r][\n]"
2022-02-03_21:35:05.892 [main] DEBUG org.apache.http.wire -  >> "User-Agent: Apache-HttpClient/4.5.2 (Java/1.8.0_202)[\r][\n]"
2022-02-03_21:35:05.892 [main] DEBUG org.apache.http.wire -  >> "Accept-Encoding: gzip,deflate[\r][\n]"
2022-02-03_21:35:05.892 [main] DEBUG org.apache.http.wire -  >> "[\r][\n]"
2022-02-03_21:35:05.893 [main] DEBUG org.apache.http.headers - >> GET /auth/V1/generate/token HTTP/1.1
2022-02-03_21:35:05.893 [main] DEBUG org.apache.http.headers - >> Content-Type: application/json; charset=UTF-8
2022-02-03_21:35:05.893 [main] DEBUG org.apache.http.headers - >> Accept: */*
2022-02-03_21:35:05.893 [main] DEBUG org.apache.http.headers - >> userName: A0aCcnPzDANtKmvSLPKcaw==
2022-02-03_21:35:05.893 [main] DEBUG org.apache.http.headers - >> Host: apitest.pineperks.in
2022-02-03_21:35:05.893 [main] DEBUG org.apache.http.headers - >> Connection: Keep-Alive
2022-02-03_21:35:05.893 [main] DEBUG org.apache.http.headers - >> User-Agent: Apache-HttpClient/4.5.2 (Java/1.8.0_202)
2022-02-03_21:35:05.893 [main] DEBUG org.apache.http.headers - >> Accept-Encoding: gzip,deflate
2022-02-03_21:35:05.932 [main] DEBUG org.apache.http.wire -  << "HTTP/1.1 200 [\r][\n]"
2022-02-03_21:35:05.933 [main] DEBUG org.apache.http.wire -  << "Access-Control-Allow-Methods: GET, POST[\r][\n]"
2022-02-03_21:35:05.933 [main] DEBUG org.apache.http.wire -  << "Access-Control-Allow-Origin: *[\r][\n]"
2022-02-03_21:35:05.933 [main] DEBUG org.apache.http.wire -  << "Content-Security-Policy: default-src 'none'[\r][\n]"
2022-02-03_21:35:05.933 [main] DEBUG org.apache.http.wire -  << "Feature-Policy: 'none'[\r][\n]"
2022-02-03_21:35:05.933 [main] DEBUG org.apache.http.wire -  << "Referrer-Policy: no-referrer[\r][\n]"
2022-02-03_21:35:05.933 [main] DEBUG org.apache.http.wire -  << "Strict-Transport-Security: max-age=31536000 ; includeSubDomains[\r][\n]"
2022-02-03_21:35:05.933 [main] DEBUG org.apache.http.wire -  << "Date: Thu, 03 Feb 2022 16:05:05 GMT[\r][\n]"
2022-02-03_21:35:05.933 [main] DEBUG org.apache.http.wire -  << "Keep-Alive: timeout=60[\r][\n]"
2022-02-03_21:35:05.933 [main] DEBUG org.apache.http.wire -  << "Content-Type: application/json[\r][\n]"
2022-02-03_21:35:05.933 [main] DEBUG org.apache.http.wire -  << "Transfer-Encoding: chunked[\r][\n]"
2022-02-03_21:35:05.933 [main] DEBUG org.apache.http.wire -  << "Connection: keep-alive[\r][\n]"
2022-02-03_21:35:05.933 [main] DEBUG org.apache.http.wire -  << "[\r][\n]"
2022-02-03_21:35:05.933 [main] DEBUG o.a.h.i.conn.DefaultClientConnection - Receiving response: HTTP/1.1 200 
2022-02-03_21:35:05.933 [main] DEBUG org.apache.http.headers - << HTTP/1.1 200 
2022-02-03_21:35:05.934 [main] DEBUG org.apache.http.headers - << Access-Control-Allow-Methods: GET, POST
2022-02-03_21:35:05.934 [main] DEBUG org.apache.http.headers - << Access-Control-Allow-Origin: *
2022-02-03_21:35:05.934 [main] DEBUG org.apache.http.headers - << Content-Security-Policy: default-src 'none'
2022-02-03_21:35:05.934 [main] DEBUG org.apache.http.headers - << Feature-Policy: 'none'
2022-02-03_21:35:05.934 [main] DEBUG org.apache.http.headers - << Referrer-Policy: no-referrer
2022-02-03_21:35:05.934 [main] DEBUG org.apache.http.headers - << Strict-Transport-Security: max-age=31536000 ; includeSubDomains
2022-02-03_21:35:05.934 [main] DEBUG org.apache.http.headers - << Date: Thu, 03 Feb 2022 16:05:05 GMT
2022-02-03_21:35:05.934 [main] DEBUG org.apache.http.headers - << Keep-Alive: timeout=60
2022-02-03_21:35:05.934 [main] DEBUG org.apache.http.headers - << Content-Type: application/json
2022-02-03_21:35:05.936 [main] DEBUG org.apache.http.headers - << Transfer-Encoding: chunked
2022-02-03_21:35:05.936 [main] DEBUG org.apache.http.headers - << Connection: keep-alive
2022-02-03_21:35:05.936 [main] DEBUG o.a.h.impl.client.DefaultHttpClient - Connection can be kept alive for 60000 MILLISECONDS
2022-02-03_21:35:05.936 [main] DEBUG i.r.i.RequestSpecificationImpl$RestAssuredHttpBuilder - Parsing response as: application/json
2022-02-03_21:35:05.936 [main] DEBUG i.r.i.RequestSpecificationImpl$RestAssuredHttpBuilder - Parsed data to instance of: class org.apache.http.conn.EofSensorInputStream
2022-02-03_21:35:05.937 [main] INFO  com.qc.BaseAPI - Method :GET
2022-02-03_21:35:05.938 [main] INFO  com.qc.BaseAPI - URI :https://apitest.pineperks.in/auth/V1/generate/token
2022-02-03_21:35:05.938 [main] INFO  com.qc.BaseAPI - Headers :userName=A0aCcnPzDANtKmvSLPKcaw==
Accept=*/*
Content-Type=application/json; charset=UTF-8
2022-02-03_21:35:05.938 [main] INFO  com.qc.BaseAPI - Body :null
2022-02-03_21:35:05.938 [main] INFO  com.qc.BaseAPI - ********************RESPONSE********************
2022-02-03_21:35:05.938 [main] DEBUG org.apache.http.wire -  << "7f[\r][\n]"
2022-02-03_21:35:05.939 [main] DEBUG org.apache.http.wire -  << "{"accessToken":"cede99f6ffec4dbfa9bfc8cb966f74c2","tokenExpiryTime":"03-Feb-2024","responseCode":0,"responseMessage":"Success"}"
2022-02-03_21:35:05.939 [main] DEBUG org.apache.http.wire -  << "[\r][\n]"
2022-02-03_21:35:05.939 [main] DEBUG org.apache.http.wire -  << "0[\r][\n]"
2022-02-03_21:35:05.939 [main] DEBUG org.apache.http.wire -  << "[\r][\n]"
2022-02-03_21:35:05.939 [main] DEBUG o.a.h.i.c.BasicClientConnectionManager - Releasing connection org.apache.http.impl.conn.ManagedClientConnectionImpl@333e73d6
2022-02-03_21:35:05.939 [main] DEBUG o.a.h.i.c.BasicClientConnectionManager - Connection can be kept alive for 60000 MILLISECONDS
2022-02-03_21:35:05.940 [main] INFO  com.qc.BaseAPI - Response :{
    "accessToken": "cede99f6ffec4dbfa9bfc8cb966f74c2",
    "tokenExpiryTime": "03-Feb-2024",
    "responseCode": 0,
    "responseMessage": "Success"
}
2022-02-03_21:35:05.940 [main] INFO  com.qc.BaseAPI -  **** GET call Response time 180 ms
2022-02-03_21:35:05.940 [main] INFO  pl.rest.service.Authorize - Time Taken to perform https://apitest.pineperks.in/auth/V1/generate/token transaction: 180
2022-02-03_21:35:05.973 [main] INFO  pl.rest.CustomHooks - SCENARIO NAME: Validating the pin mode value on the response on issuing different PIN on SMS/ Physical PIN Mailer/ Customer generated PIN/ PIN Less pin mode card.
2022-02-03_21:35:05.973 [main] INFO  pl.rest.CustomHooks - TAG NAMEs: [@Regression]
2022-02-03_21:35:05.974 [main] INFO  pl.rest.CustomHooks - SCENARIO NAME: Validating the pin mode value on the response on issuing different PIN on SMS/ Physical PIN Mailer/ Customer generated PIN/ PIN Less pin mode card.
2022-02-03_21:35:05.974 [main] INFO  pl.rest.CustomHooks - TAG NAMEs: [@Regression]
2022-02-03_21:35:05.974 [main] INFO  pl.rest.CustomHooks - Index: 0, Size: 0
2022-02-03_21:35:06.139 [Finalizer] DEBUG o.a.h.i.conn.DefaultClientConnection - Connection 0.0.0.0:60750<->14.143.120.84:443 closed
2022-02-03_21:35:06.230 [main] INFO  pl.rest.service.Authorize - Authorize Rest API URL :- https://apitest.pineperks.in/auth/V1/generate/token
2022-02-03_21:35:06.230 [main] INFO  com.qc.BaseAPI - GET call to URL https://apitest.pineperks.in/auth/V1/generate/token
2022-02-03_21:35:06.238 [main] INFO  com.qc.BaseAPI - ********************REQUEST********************
2022-02-03_21:35:06.256 [main] DEBUG o.a.h.i.c.BasicClientConnectionManager - Get connection for route {s}->https://apitest.pineperks.in:443
2022-02-03_21:35:06.257 [main] DEBUG o.a.h.i.c.DefaultClientConnectionOperator - Connecting to apitest.pineperks.in:443
2022-02-03_21:35:06.373 [main] DEBUG o.a.h.c.protocol.RequestAddCookies - CookieSpec selected: ignoreCookies
2022-02-03_21:35:06.373 [main] DEBUG o.a.h.c.protocol.RequestAuthCache - Auth cache not set in the context
2022-02-03_21:35:06.373 [main] DEBUG o.a.h.c.p.RequestTargetAuthentication - Target auth state: UNCHALLENGED
2022-02-03_21:35:06.374 [main] DEBUG o.a.h.c.p.RequestProxyAuthentication - Proxy auth state: UNCHALLENGED
2022-02-03_21:35:06.374 [main] DEBUG o.a.h.impl.client.DefaultHttpClient - Attempt 1 to execute request
2022-02-03_21:35:06.374 [main] DEBUG o.a.h.i.conn.DefaultClientConnection - Sending request: GET /auth/V1/generate/token HTTP/1.1
2022-02-03_21:35:06.375 [main] DEBUG org.apache.http.wire -  >> "GET /auth/V1/generate/token HTTP/1.1[\r][\n]"
2022-02-03_21:35:06.375 [main] DEBUG org.apache.http.wire -  >> "Content-Type: application/json; charset=UTF-8[\r][\n]"
2022-02-03_21:35:06.375 [main] DEBUG org.apache.http.wire -  >> "Accept: */*[\r][\n]"
2022-02-03_21:35:06.375 [main] DEBUG org.apache.http.wire -  >> "userName: A0aCcnPzDANtKmvSLPKcaw==[\r][\n]"
2022-02-03_21:35:06.375 [main] DEBUG org.apache.http.wire -  >> "Host: apitest.pineperks.in[\r][\n]"
2022-02-03_21:35:06.376 [main] DEBUG org.apache.http.wire -  >> "Connection: Keep-Alive[\r][\n]"
2022-02-03_21:35:06.376 [main] DEBUG org.apache.http.wire -  >> "User-Agent: Apache-HttpClient/4.5.2 (Java/1.8.0_202)[\r][\n]"
2022-02-03_21:35:06.376 [main] DEBUG org.apache.http.wire -  >> "Accept-Encoding: gzip,deflate[\r][\n]"
2022-02-03_21:35:06.376 [main] DEBUG org.apache.http.wire -  >> "[\r][\n]"
2022-02-03_21:35:06.376 [main] DEBUG org.apache.http.headers - >> GET /auth/V1/generate/token HTTP/1.1
2022-02-03_21:35:06.376 [main] DEBUG org.apache.http.headers - >> Content-Type: application/json; charset=UTF-8
2022-02-03_21:35:06.377 [main] DEBUG org.apache.http.headers - >> Accept: */*
2022-02-03_21:35:06.377 [main] DEBUG org.apache.http.headers - >> userName: A0aCcnPzDANtKmvSLPKcaw==
2022-02-03_21:35:06.377 [main] DEBUG org.apache.http.headers - >> Host: apitest.pineperks.in
2022-02-03_21:35:06.377 [main] DEBUG org.apache.http.headers - >> Connection: Keep-Alive
2022-02-03_21:35:06.377 [main] DEBUG org.apache.http.headers - >> User-Agent: Apache-HttpClient/4.5.2 (Java/1.8.0_202)
2022-02-03_21:35:06.377 [main] DEBUG org.apache.http.headers - >> Accept-Encoding: gzip,deflate
2022-02-03_21:35:06.407 [main] DEBUG org.apache.http.wire -  << "HTTP/1.1 200 [\r][\n]"
2022-02-03_21:35:06.408 [main] DEBUG org.apache.http.wire -  << "Access-Control-Allow-Methods: GET, POST[\r][\n]"
2022-02-03_21:35:06.408 [main] DEBUG org.apache.http.wire -  << "Access-Control-Allow-Origin: *[\r][\n]"
2022-02-03_21:35:06.409 [main] DEBUG org.apache.http.wire -  << "Content-Security-Policy: default-src 'none'[\r][\n]"
2022-02-03_21:35:06.410 [main] DEBUG org.apache.http.wire -  << "Feature-Policy: 'none'[\r][\n]"
2022-02-03_21:35:06.410 [main] DEBUG org.apache.http.wire -  << "Referrer-Policy: no-referrer[\r][\n]"
2022-02-03_21:35:06.410 [main] DEBUG org.apache.http.wire -  << "Strict-Transport-Security: max-age=31536000 ; includeSubDomains[\r][\n]"
2022-02-03_21:35:06.410 [main] DEBUG org.apache.http.wire -  << "Date: Thu, 03 Feb 2022 16:05:06 GMT[\r][\n]"
2022-02-03_21:35:06.410 [main] DEBUG org.apache.http.wire -  << "Keep-Alive: timeout=60[\r][\n]"
2022-02-03_21:35:06.410 [main] DEBUG org.apache.http.wire -  << "Content-Type: application/json[\r][\n]"
2022-02-03_21:35:06.410 [main] DEBUG org.apache.http.wire -  << "Transfer-Encoding: chunked[\r][\n]"
2022-02-03_21:35:06.410 [main] DEBUG org.apache.http.wire -  << "Connection: keep-alive[\r][\n]"
2022-02-03_21:35:06.410 [main] DEBUG org.apache.http.wire -  << "[\r][\n]"
2022-02-03_21:35:06.410 [main] DEBUG o.a.h.i.conn.DefaultClientConnection - Receiving response: HTTP/1.1 200 
2022-02-03_21:35:06.411 [main] DEBUG org.apache.http.headers - << HTTP/1.1 200 
2022-02-03_21:35:06.411 [main] DEBUG org.apache.http.headers - << Access-Control-Allow-Methods: GET, POST
2022-02-03_21:35:06.411 [main] DEBUG org.apache.http.headers - << Access-Control-Allow-Origin: *
2022-02-03_21:35:06.411 [main] DEBUG org.apache.http.headers - << Content-Security-Policy: default-src 'none'
2022-02-03_21:35:06.411 [main] DEBUG org.apache.http.headers - << Feature-Policy: 'none'
2022-02-03_21:35:06.411 [main] DEBUG org.apache.http.headers - << Referrer-Policy: no-referrer
2022-02-03_21:35:06.411 [main] DEBUG org.apache.http.headers - << Strict-Transport-Security: max-age=31536000 ; includeSubDomains
2022-02-03_21:35:06.411 [main] DEBUG org.apache.http.headers - << Date: Thu, 03 Feb 2022 16:05:06 GMT
2022-02-03_21:35:06.411 [main] DEBUG org.apache.http.headers - << Keep-Alive: timeout=60
2022-02-03_21:35:06.411 [main] DEBUG org.apache.http.headers - << Content-Type: application/json
2022-02-03_21:35:06.411 [main] DEBUG org.apache.http.headers - << Transfer-Encoding: chunked
2022-02-03_21:35:06.411 [main] DEBUG org.apache.http.headers - << Connection: keep-alive
2022-02-03_21:35:06.412 [main] DEBUG o.a.h.impl.client.DefaultHttpClient - Connection can be kept alive for 60000 MILLISECONDS
2022-02-03_21:35:06.412 [main] DEBUG i.r.i.RequestSpecificationImpl$RestAssuredHttpBuilder - Parsing response as: application/json
2022-02-03_21:35:06.412 [main] DEBUG i.r.i.RequestSpecificationImpl$RestAssuredHttpBuilder - Parsed data to instance of: class org.apache.http.conn.EofSensorInputStream
2022-02-03_21:35:06.413 [main] INFO  com.qc.BaseAPI - Method :GET
2022-02-03_21:35:06.415 [main] INFO  com.qc.BaseAPI - URI :https://apitest.pineperks.in/auth/V1/generate/token
2022-02-03_21:35:06.415 [main] INFO  com.qc.BaseAPI - Headers :userName=A0aCcnPzDANtKmvSLPKcaw==
Accept=*/*
Content-Type=application/json; charset=UTF-8
2022-02-03_21:35:06.415 [main] INFO  com.qc.BaseAPI - Body :null
2022-02-03_21:35:06.416 [main] INFO  com.qc.BaseAPI - ********************RESPONSE********************
2022-02-03_21:35:06.416 [main] DEBUG org.apache.http.wire -  << "7f[\r][\n]"
2022-02-03_21:35:06.416 [main] DEBUG org.apache.http.wire -  << "{"accessToken":"1b4f835dd7934128836edeac7036c71d","tokenExpiryTime":"03-Feb-2024","responseCode":0,"responseMessage":"Success"}"
2022-02-03_21:35:06.416 [main] DEBUG org.apache.http.wire -  << "[\r][\n]"
2022-02-03_21:35:06.416 [main] DEBUG org.apache.http.wire -  << "0[\r][\n]"
2022-02-03_21:35:06.417 [main] DEBUG org.apache.http.wire -  << "[\r][\n]"
2022-02-03_21:35:06.417 [main] DEBUG o.a.h.i.c.BasicClientConnectionManager - Releasing connection org.apache.http.impl.conn.ManagedClientConnectionImpl@9f6722f
2022-02-03_21:35:06.417 [main] DEBUG o.a.h.i.c.BasicClientConnectionManager - Connection can be kept alive for 60000 MILLISECONDS
2022-02-03_21:35:06.418 [main] INFO  com.qc.BaseAPI - Response :{
    "accessToken": "1b4f835dd7934128836edeac7036c71d",
    "tokenExpiryTime": "03-Feb-2024",
    "responseCode": 0,
    "responseMessage": "Success"
}
2022-02-03_21:35:06.420 [main] INFO  com.qc.BaseAPI -  **** GET call Response time 170 ms
2022-02-03_21:35:06.420 [main] INFO  pl.rest.service.Authorize - Time Taken to perform https://apitest.pineperks.in/auth/V1/generate/token transaction: 170
2022-02-03_21:35:06.476 [main] INFO  pl.rest.CustomHooks - SCENARIO NAME: Validating the pin mode value on the response on issuing different PIN on SMS/ Physical PIN Mailer/ Customer generated PIN/ PIN Less pin mode card.
2022-02-03_21:35:06.476 [main] INFO  pl.rest.CustomHooks - TAG NAMEs: [@Regression]
2022-02-03_21:35:06.477 [main] INFO  pl.rest.CustomHooks - SCENARIO NAME: Validating the pin mode value on the response on issuing different PIN on SMS/ Physical PIN Mailer/ Customer generated PIN/ PIN Less pin mode card.
2022-02-03_21:35:06.477 [main] INFO  pl.rest.CustomHooks - TAG NAMEs: [@Regression]
2022-02-03_21:35:06.477 [main] INFO  pl.rest.CustomHooks - Index: 0, Size: 0
2022-02-03_21:35:06.764 [main] INFO  pl.rest.service.Authorize - Authorize Rest API URL :- https://apitest.pineperks.in/auth/V1/generate/token
2022-02-03_21:35:06.764 [main] INFO  com.qc.BaseAPI - GET call to URL https://apitest.pineperks.in/auth/V1/generate/token
2022-02-03_21:35:06.769 [main] INFO  com.qc.BaseAPI - ********************REQUEST********************
2022-02-03_21:35:06.779 [main] DEBUG o.a.h.i.c.BasicClientConnectionManager - Get connection for route {s}->https://apitest.pineperks.in:443
2022-02-03_21:35:06.779 [main] DEBUG o.a.h.i.c.DefaultClientConnectionOperator - Connecting to apitest.pineperks.in:443
2022-02-03_21:35:06.902 [main] DEBUG o.a.h.c.protocol.RequestAddCookies - CookieSpec selected: ignoreCookies
2022-02-03_21:35:06.902 [main] DEBUG o.a.h.c.protocol.RequestAuthCache - Auth cache not set in the context
2022-02-03_21:35:06.902 [main] DEBUG o.a.h.c.p.RequestTargetAuthentication - Target auth state: UNCHALLENGED
2022-02-03_21:35:06.902 [main] DEBUG o.a.h.c.p.RequestProxyAuthentication - Proxy auth state: UNCHALLENGED
2022-02-03_21:35:06.902 [main] DEBUG o.a.h.impl.client.DefaultHttpClient - Attempt 1 to execute request
2022-02-03_21:35:06.902 [main] DEBUG o.a.h.i.conn.DefaultClientConnection - Sending request: GET /auth/V1/generate/token HTTP/1.1
2022-02-03_21:35:06.903 [main] DEBUG org.apache.http.wire -  >> "GET /auth/V1/generate/token HTTP/1.1[\r][\n]"
2022-02-03_21:35:06.903 [main] DEBUG org.apache.http.wire -  >> "Content-Type: application/json; charset=UTF-8[\r][\n]"
2022-02-03_21:35:06.903 [main] DEBUG org.apache.http.wire -  >> "Accept: */*[\r][\n]"
2022-02-03_21:35:06.903 [main] DEBUG org.apache.http.wire -  >> "userName: A0aCcnPzDANtKmvSLPKcaw==[\r][\n]"
2022-02-03_21:35:06.903 [main] DEBUG org.apache.http.wire -  >> "Host: apitest.pineperks.in[\r][\n]"
2022-02-03_21:35:06.904 [main] DEBUG org.apache.http.wire -  >> "Connection: Keep-Alive[\r][\n]"
2022-02-03_21:35:06.904 [main] DEBUG org.apache.http.wire -  >> "User-Agent: Apache-HttpClient/4.5.2 (Java/1.8.0_202)[\r][\n]"
2022-02-03_21:35:06.905 [main] DEBUG org.apache.http.wire -  >> "Accept-Encoding: gzip,deflate[\r][\n]"
2022-02-03_21:35:06.905 [main] DEBUG org.apache.http.wire -  >> "[\r][\n]"
2022-02-03_21:35:06.905 [main] DEBUG org.apache.http.headers - >> GET /auth/V1/generate/token HTTP/1.1
2022-02-03_21:35:06.905 [main] DEBUG org.apache.http.headers - >> Content-Type: application/json; charset=UTF-8
2022-02-03_21:35:06.905 [main] DEBUG org.apache.http.headers - >> Accept: */*
2022-02-03_21:35:06.905 [main] DEBUG org.apache.http.headers - >> userName: A0aCcnPzDANtKmvSLPKcaw==
2022-02-03_21:35:06.905 [main] DEBUG org.apache.http.headers - >> Host: apitest.pineperks.in
2022-02-03_21:35:06.905 [main] DEBUG org.apache.http.headers - >> Connection: Keep-Alive
2022-02-03_21:35:06.905 [main] DEBUG org.apache.http.headers - >> User-Agent: Apache-HttpClient/4.5.2 (Java/1.8.0_202)
2022-02-03_21:35:06.905 [main] DEBUG org.apache.http.headers - >> Accept-Encoding: gzip,deflate
2022-02-03_21:35:06.954 [main] DEBUG org.apache.http.wire -  << "HTTP/1.1 200 [\r][\n]"
2022-02-03_21:35:06.954 [main] DEBUG org.apache.http.wire -  << "Access-Control-Allow-Methods: GET, POST[\r][\n]"
2022-02-03_21:35:06.954 [main] DEBUG org.apache.http.wire -  << "Access-Control-Allow-Origin: *[\r][\n]"
2022-02-03_21:35:06.955 [main] DEBUG org.apache.http.wire -  << "Content-Security-Policy: default-src 'none'[\r][\n]"
2022-02-03_21:35:06.955 [main] DEBUG org.apache.http.wire -  << "Feature-Policy: 'none'[\r][\n]"
2022-02-03_21:35:06.955 [main] DEBUG org.apache.http.wire -  << "Referrer-Policy: no-referrer[\r][\n]"
2022-02-03_21:35:06.955 [main] DEBUG org.apache.http.wire -  << "Strict-Transport-Security: max-age=31536000 ; includeSubDomains[\r][\n]"
2022-02-03_21:35:06.955 [main] DEBUG org.apache.http.wire -  << "Date: Thu, 03 Feb 2022 16:05:06 GMT[\r][\n]"
2022-02-03_21:35:06.955 [main] DEBUG org.apache.http.wire -  << "Keep-Alive: timeout=60[\r][\n]"
2022-02-03_21:35:06.955 [main] DEBUG org.apache.http.wire -  << "Content-Type: application/json[\r][\n]"
2022-02-03_21:35:06.955 [main] DEBUG org.apache.http.wire -  << "Transfer-Encoding: chunked[\r][\n]"
2022-02-03_21:35:06.955 [main] DEBUG org.apache.http.wire -  << "Connection: keep-alive[\r][\n]"
2022-02-03_21:35:06.955 [main] DEBUG org.apache.http.wire -  << "[\r][\n]"
2022-02-03_21:35:06.956 [main] DEBUG o.a.h.i.conn.DefaultClientConnection - Receiving response: HTTP/1.1 200 
2022-02-03_21:35:06.956 [main] DEBUG org.apache.http.headers - << HTTP/1.1 200 
2022-02-03_21:35:06.956 [main] DEBUG org.apache.http.headers - << Access-Control-Allow-Methods: GET, POST
2022-02-03_21:35:06.956 [main] DEBUG org.apache.http.headers - << Access-Control-Allow-Origin: *
2022-02-03_21:35:06.956 [main] DEBUG org.apache.http.headers - << Content-Security-Policy: default-src 'none'
2022-02-03_21:35:06.956 [main] DEBUG org.apache.http.headers - << Feature-Policy: 'none'
2022-02-03_21:35:06.956 [main] DEBUG org.apache.http.headers - << Referrer-Policy: no-referrer
2022-02-03_21:35:06.956 [main] DEBUG org.apache.http.headers - << Strict-Transport-Security: max-age=31536000 ; includeSubDomains
2022-02-03_21:35:06.956 [main] DEBUG org.apache.http.headers - << Date: Thu, 03 Feb 2022 16:05:06 GMT
2022-02-03_21:35:06.956 [main] DEBUG org.apache.http.headers - << Keep-Alive: timeout=60
2022-02-03_21:35:06.956 [main] DEBUG org.apache.http.headers - << Content-Type: application/json
2022-02-03_21:35:06.956 [main] DEBUG org.apache.http.headers - << Transfer-Encoding: chunked
2022-02-03_21:35:06.956 [main] DEBUG org.apache.http.headers - << Connection: keep-alive
2022-02-03_21:35:06.956 [main] DEBUG o.a.h.impl.client.DefaultHttpClient - Connection can be kept alive for 60000 MILLISECONDS
2022-02-03_21:35:06.957 [main] DEBUG i.r.i.RequestSpecificationImpl$RestAssuredHttpBuilder - Parsing response as: application/json
2022-02-03_21:35:06.957 [main] DEBUG i.r.i.RequestSpecificationImpl$RestAssuredHttpBuilder - Parsed data to instance of: class org.apache.http.conn.EofSensorInputStream
2022-02-03_21:35:06.958 [main] INFO  com.qc.BaseAPI - Method :GET
2022-02-03_21:35:06.959 [main] INFO  com.qc.BaseAPI - URI :https://apitest.pineperks.in/auth/V1/generate/token
2022-02-03_21:35:06.960 [main] INFO  com.qc.BaseAPI - Headers :userName=A0aCcnPzDANtKmvSLPKcaw==
Accept=*/*
Content-Type=application/json; charset=UTF-8
2022-02-03_21:35:06.960 [main] INFO  com.qc.BaseAPI - Body :null
2022-02-03_21:35:06.960 [main] INFO  com.qc.BaseAPI - ********************RESPONSE********************
2022-02-03_21:35:06.960 [main] DEBUG org.apache.http.wire -  << "7f[\r][\n]"
2022-02-03_21:35:06.960 [main] DEBUG org.apache.http.wire -  << "{"accessToken":"106d78a4aea649938b165f811547b382","tokenExpiryTime":"03-Feb-2024","responseCode":0,"responseMessage":"Success"}"
2022-02-03_21:35:06.960 [main] DEBUG org.apache.http.wire -  << "[\r][\n]"
2022-02-03_21:35:06.961 [main] DEBUG org.apache.http.wire -  << "0[\r][\n]"
2022-02-03_21:35:06.961 [main] DEBUG org.apache.http.wire -  << "[\r][\n]"
2022-02-03_21:35:06.961 [main] DEBUG o.a.h.i.c.BasicClientConnectionManager - Releasing connection org.apache.http.impl.conn.ManagedClientConnectionImpl@5445612a
2022-02-03_21:35:06.961 [main] DEBUG o.a.h.i.c.BasicClientConnectionManager - Connection can be kept alive for 60000 MILLISECONDS
2022-02-03_21:35:06.962 [main] INFO  com.qc.BaseAPI - Response :{
    "accessToken": "106d78a4aea649938b165f811547b382",
    "tokenExpiryTime": "03-Feb-2024",
    "responseCode": 0,
    "responseMessage": "Success"
}
2022-02-03_21:35:06.962 [main] INFO  com.qc.BaseAPI -  **** GET call Response time 187 ms
2022-02-03_21:35:06.962 [main] INFO  pl.rest.service.Authorize - Time Taken to perform https://apitest.pineperks.in/auth/V1/generate/token transaction: 187
