2022-02-03_21:49:23.254 [main] INFO  pl.rest.CustomHooks - SCENARIO NAME: Validating the pin mode value on the response on issuing different PIN on SMS/ Physical PIN Mailer/ Customer generated PIN/ PIN Less pin mode card.
2022-02-03_21:49:23.258 [main] INFO  pl.rest.CustomHooks - TAG NAMEs: [@Regression]
2022-02-03_21:49:23.262 [main] INFO  pl.rest.CustomHooks - SCENARIO NAME: Validating the pin mode value on the response on issuing different PIN on SMS/ Physical PIN Mailer/ Customer generated PIN/ PIN Less pin mode card.
2022-02-03_21:49:23.263 [main] INFO  pl.rest.CustomHooks - TAG NAMEs: [@Regression]
2022-02-03_21:49:23.333 [main] INFO  pl.rest.CustomHooks - Index: 0, Size: 0
2022-02-03_21:49:24.438 [main] INFO  com.qc.qa.utils.TestDataReader - Reading API Test Data config values from  testData/api/devAPITestData.properties
2022-02-03_21:49:24.443 [main] INFO  pl.rest.service.Authorize - Authorize Rest API URL :- https://apitest.pineperks.in/auth/V1/generate/token
2022-02-03_21:49:24.444 [main] INFO  com.qc.BaseAPI - GET call to URL https://apitest.pineperks.in/auth/V1/generate/token
2022-02-03_21:49:24.706 [main] INFO  com.qc.BaseAPI - ********************REQUEST********************
2022-02-03_21:49:27.450 [main] DEBUG o.a.h.i.c.BasicClientConnectionManager - Get connection for route {s}->https://apitest.pineperks.in:443
2022-02-03_21:49:27.526 [main] DEBUG o.a.h.i.c.DefaultClientConnectionOperator - Connecting to apitest.pineperks.in:443
2022-02-03_21:49:27.777 [main] DEBUG o.a.h.c.protocol.RequestAddCookies - CookieSpec selected: ignoreCookies
2022-02-03_21:49:27.779 [main] DEBUG o.a.h.c.protocol.RequestAuthCache - Auth cache not set in the context
2022-02-03_21:49:27.779 [main] DEBUG o.a.h.c.p.RequestTargetAuthentication - Target auth state: UNCHALLENGED
2022-02-03_21:49:27.780 [main] DEBUG o.a.h.c.p.RequestProxyAuthentication - Proxy auth state: UNCHALLENGED
2022-02-03_21:49:27.780 [main] DEBUG o.a.h.impl.client.DefaultHttpClient - Attempt 1 to execute request
2022-02-03_21:49:27.780 [main] DEBUG o.a.h.i.conn.DefaultClientConnection - Sending request: GET /auth/V1/generate/token HTTP/1.1
2022-02-03_21:49:27.781 [main] DEBUG org.apache.http.wire -  >> "GET /auth/V1/generate/token HTTP/1.1[\r][\n]"
2022-02-03_21:49:27.782 [main] DEBUG org.apache.http.wire -  >> "Content-Type: application/json; charset=UTF-8[\r][\n]"
2022-02-03_21:49:27.782 [main] DEBUG org.apache.http.wire -  >> "Accept: */*[\r][\n]"
2022-02-03_21:49:27.782 [main] DEBUG org.apache.http.wire -  >> "userName: A0aCcnPzDANtKmvSLPKcaw==[\r][\n]"
2022-02-03_21:49:27.782 [main] DEBUG org.apache.http.wire -  >> "Host: apitest.pineperks.in[\r][\n]"
2022-02-03_21:49:27.782 [main] DEBUG org.apache.http.wire -  >> "Connection: Keep-Alive[\r][\n]"
2022-02-03_21:49:27.782 [main] DEBUG org.apache.http.wire -  >> "User-Agent: Apache-HttpClient/4.5.2 (Java/1.8.0_202)[\r][\n]"
2022-02-03_21:49:27.783 [main] DEBUG org.apache.http.wire -  >> "Accept-Encoding: gzip,deflate[\r][\n]"
2022-02-03_21:49:27.783 [main] DEBUG org.apache.http.wire -  >> "[\r][\n]"
2022-02-03_21:49:27.783 [main] DEBUG org.apache.http.headers - >> GET /auth/V1/generate/token HTTP/1.1
2022-02-03_21:49:27.783 [main] DEBUG org.apache.http.headers - >> Content-Type: application/json; charset=UTF-8
2022-02-03_21:49:27.783 [main] DEBUG org.apache.http.headers - >> Accept: */*
2022-02-03_21:49:27.783 [main] DEBUG org.apache.http.headers - >> userName: A0aCcnPzDANtKmvSLPKcaw==
2022-02-03_21:49:27.783 [main] DEBUG org.apache.http.headers - >> Host: apitest.pineperks.in
2022-02-03_21:49:27.783 [main] DEBUG org.apache.http.headers - >> Connection: Keep-Alive
2022-02-03_21:49:27.783 [main] DEBUG org.apache.http.headers - >> User-Agent: Apache-HttpClient/4.5.2 (Java/1.8.0_202)
2022-02-03_21:49:27.784 [main] DEBUG org.apache.http.headers - >> Accept-Encoding: gzip,deflate
2022-02-03_21:49:27.834 [main] DEBUG org.apache.http.wire -  << "HTTP/1.1 200 [\r][\n]"
2022-02-03_21:49:27.837 [main] DEBUG org.apache.http.wire -  << "Access-Control-Allow-Methods: GET, POST[\r][\n]"
2022-02-03_21:49:27.838 [main] DEBUG org.apache.http.wire -  << "Access-Control-Allow-Origin: *[\r][\n]"
2022-02-03_21:49:27.838 [main] DEBUG org.apache.http.wire -  << "Content-Security-Policy: default-src 'none'[\r][\n]"
2022-02-03_21:49:27.838 [main] DEBUG org.apache.http.wire -  << "Feature-Policy: 'none'[\r][\n]"
2022-02-03_21:49:27.838 [main] DEBUG org.apache.http.wire -  << "Referrer-Policy: no-referrer[\r][\n]"
2022-02-03_21:49:27.839 [main] DEBUG org.apache.http.wire -  << "Strict-Transport-Security: max-age=31536000 ; includeSubDomains[\r][\n]"
2022-02-03_21:49:27.839 [main] DEBUG org.apache.http.wire -  << "Date: Thu, 03 Feb 2022 16:19:27 GMT[\r][\n]"
2022-02-03_21:49:27.839 [main] DEBUG org.apache.http.wire -  << "Keep-Alive: timeout=60[\r][\n]"
2022-02-03_21:49:27.839 [main] DEBUG org.apache.http.wire -  << "Content-Type: application/json[\r][\n]"
2022-02-03_21:49:27.839 [main] DEBUG org.apache.http.wire -  << "Transfer-Encoding: chunked[\r][\n]"
2022-02-03_21:49:27.840 [main] DEBUG org.apache.http.wire -  << "Connection: keep-alive[\r][\n]"
2022-02-03_21:49:27.840 [main] DEBUG org.apache.http.wire -  << "[\r][\n]"
2022-02-03_21:49:27.841 [main] DEBUG o.a.h.i.conn.DefaultClientConnection - Receiving response: HTTP/1.1 200 
2022-02-03_21:49:27.841 [main] DEBUG org.apache.http.headers - << HTTP/1.1 200 
2022-02-03_21:49:27.841 [main] DEBUG org.apache.http.headers - << Access-Control-Allow-Methods: GET, POST
2022-02-03_21:49:27.841 [main] DEBUG org.apache.http.headers - << Access-Control-Allow-Origin: *
2022-02-03_21:49:27.841 [main] DEBUG org.apache.http.headers - << Content-Security-Policy: default-src 'none'
2022-02-03_21:49:27.841 [main] DEBUG org.apache.http.headers - << Feature-Policy: 'none'
2022-02-03_21:49:27.841 [main] DEBUG org.apache.http.headers - << Referrer-Policy: no-referrer
2022-02-03_21:49:27.841 [main] DEBUG org.apache.http.headers - << Strict-Transport-Security: max-age=31536000 ; includeSubDomains
2022-02-03_21:49:27.842 [main] DEBUG org.apache.http.headers - << Date: Thu, 03 Feb 2022 16:19:27 GMT
2022-02-03_21:49:27.842 [main] DEBUG org.apache.http.headers - << Keep-Alive: timeout=60
2022-02-03_21:49:27.842 [main] DEBUG org.apache.http.headers - << Content-Type: application/json
2022-02-03_21:49:27.842 [main] DEBUG org.apache.http.headers - << Transfer-Encoding: chunked
2022-02-03_21:49:27.842 [main] DEBUG org.apache.http.headers - << Connection: keep-alive
2022-02-03_21:49:27.848 [main] DEBUG o.a.h.impl.client.DefaultHttpClient - Connection can be kept alive for 60000 MILLISECONDS
2022-02-03_21:49:27.869 [main] DEBUG i.r.i.RequestSpecificationImpl$RestAssuredHttpBuilder - Parsing response as: application/json
2022-02-03_21:49:27.870 [main] DEBUG i.r.i.RequestSpecificationImpl$RestAssuredHttpBuilder - Parsed data to instance of: class org.apache.http.conn.EofSensorInputStream
2022-02-03_21:49:27.885 [main] INFO  com.qc.BaseAPI - Method :GET
2022-02-03_21:49:27.887 [main] INFO  com.qc.BaseAPI - URI :https://apitest.pineperks.in/auth/V1/generate/token
2022-02-03_21:49:27.887 [main] INFO  com.qc.BaseAPI - Headers :userName=A0aCcnPzDANtKmvSLPKcaw==
Accept=*/*
Content-Type=application/json; charset=UTF-8
2022-02-03_21:49:27.887 [main] INFO  com.qc.BaseAPI - Body :null
2022-02-03_21:49:27.887 [main] INFO  com.qc.BaseAPI - ********************RESPONSE********************
2022-02-03_21:49:27.898 [main] DEBUG org.apache.http.wire -  << "7f[\r][\n]"
2022-02-03_21:49:27.898 [main] DEBUG org.apache.http.wire -  << "{"accessToken":"86c75153c9564bc2b917ee5535cd5a49","tokenExpiryTime":"03-Feb-2024","responseCode":0,"responseMessage":"Success"}"
2022-02-03_21:49:27.899 [main] DEBUG org.apache.http.wire -  << "[\r][\n]"
2022-02-03_21:49:27.899 [main] DEBUG org.apache.http.wire -  << "0[\r][\n]"
2022-02-03_21:49:27.899 [main] DEBUG org.apache.http.wire -  << "[\r][\n]"
2022-02-03_21:49:27.900 [main] DEBUG o.a.h.i.c.BasicClientConnectionManager - Releasing connection org.apache.http.impl.conn.ManagedClientConnectionImpl@29ce06b0
2022-02-03_21:49:27.900 [main] DEBUG o.a.h.i.c.BasicClientConnectionManager - Connection can be kept alive for 60000 MILLISECONDS
2022-02-03_21:49:27.932 [main] INFO  com.qc.BaseAPI - Response :{
    "accessToken": "86c75153c9564bc2b917ee5535cd5a49",
    "tokenExpiryTime": "03-Feb-2024",
    "responseCode": 0,
    "responseMessage": "Success"
}
2022-02-03_21:49:27.935 [main] INFO  com.qc.BaseAPI -  **** GET call Response time 3166 ms
2022-02-03_21:49:27.935 [main] INFO  pl.rest.service.Authorize - Time Taken to perform https://apitest.pineperks.in/auth/V1/generate/token transaction: 3166
2022-02-03_21:49:28.082 [main] INFO  pl.rest.CustomHooks - SCENARIO NAME: Validating the pin mode value on the response on issuing different PIN on SMS/ Physical PIN Mailer/ Customer generated PIN/ PIN Less pin mode card.
2022-02-03_21:49:28.082 [main] INFO  pl.rest.CustomHooks - TAG NAMEs: [@Regression]
2022-02-03_21:49:28.083 [main] INFO  pl.rest.CustomHooks - SCENARIO NAME: Validating the pin mode value on the response on issuing different PIN on SMS/ Physical PIN Mailer/ Customer generated PIN/ PIN Less pin mode card.
2022-02-03_21:49:28.083 [main] INFO  pl.rest.CustomHooks - TAG NAMEs: [@Regression]
2022-02-03_21:49:28.083 [main] INFO  pl.rest.CustomHooks - Index: 0, Size: 0
2022-02-03_21:49:28.427 [main] INFO  pl.rest.service.Authorize - Authorize Rest API URL :- https://apitest.pineperks.in/auth/V1/generate/token
2022-02-03_21:49:28.427 [main] INFO  com.qc.BaseAPI - GET call to URL https://apitest.pineperks.in/auth/V1/generate/token
2022-02-03_21:49:28.431 [main] INFO  com.qc.BaseAPI - ********************REQUEST********************
2022-02-03_21:49:28.444 [main] DEBUG o.a.h.i.c.BasicClientConnectionManager - Get connection for route {s}->https://apitest.pineperks.in:443
2022-02-03_21:49:28.444 [main] DEBUG o.a.h.i.c.DefaultClientConnectionOperator - Connecting to apitest.pineperks.in:443
2022-02-03_21:49:28.619 [main] DEBUG o.a.h.c.protocol.RequestAddCookies - CookieSpec selected: ignoreCookies
2022-02-03_21:49:28.619 [main] DEBUG o.a.h.c.protocol.RequestAuthCache - Auth cache not set in the context
2022-02-03_21:49:28.619 [main] DEBUG o.a.h.c.p.RequestTargetAuthentication - Target auth state: UNCHALLENGED
2022-02-03_21:49:28.619 [main] DEBUG o.a.h.c.p.RequestProxyAuthentication - Proxy auth state: UNCHALLENGED
2022-02-03_21:49:28.619 [main] DEBUG o.a.h.impl.client.DefaultHttpClient - Attempt 1 to execute request
2022-02-03_21:49:28.619 [main] DEBUG o.a.h.i.conn.DefaultClientConnection - Sending request: GET /auth/V1/generate/token HTTP/1.1
2022-02-03_21:49:28.619 [main] DEBUG org.apache.http.wire -  >> "GET /auth/V1/generate/token HTTP/1.1[\r][\n]"
2022-02-03_21:49:28.619 [main] DEBUG org.apache.http.wire -  >> "Content-Type: application/json; charset=UTF-8[\r][\n]"
2022-02-03_21:49:28.620 [main] DEBUG org.apache.http.wire -  >> "Accept: */*[\r][\n]"
2022-02-03_21:49:28.620 [main] DEBUG org.apache.http.wire -  >> "userName: A0aCcnPzDANtKmvSLPKcaw==[\r][\n]"
2022-02-03_21:49:28.620 [main] DEBUG org.apache.http.wire -  >> "Host: apitest.pineperks.in[\r][\n]"
2022-02-03_21:49:28.620 [main] DEBUG org.apache.http.wire -  >> "Connection: Keep-Alive[\r][\n]"
2022-02-03_21:49:28.620 [main] DEBUG org.apache.http.wire -  >> "User-Agent: Apache-HttpClient/4.5.2 (Java/1.8.0_202)[\r][\n]"
2022-02-03_21:49:28.620 [main] DEBUG org.apache.http.wire -  >> "Accept-Encoding: gzip,deflate[\r][\n]"
2022-02-03_21:49:28.620 [main] DEBUG org.apache.http.wire -  >> "[\r][\n]"
2022-02-03_21:49:28.620 [main] DEBUG org.apache.http.headers - >> GET /auth/V1/generate/token HTTP/1.1
2022-02-03_21:49:28.620 [main] DEBUG org.apache.http.headers - >> Content-Type: application/json; charset=UTF-8
2022-02-03_21:49:28.620 [main] DEBUG org.apache.http.headers - >> Accept: */*
2022-02-03_21:49:28.621 [main] DEBUG org.apache.http.headers - >> userName: A0aCcnPzDANtKmvSLPKcaw==
2022-02-03_21:49:28.621 [main] DEBUG org.apache.http.headers - >> Host: apitest.pineperks.in
2022-02-03_21:49:28.621 [main] DEBUG org.apache.http.headers - >> Connection: Keep-Alive
2022-02-03_21:49:28.621 [main] DEBUG org.apache.http.headers - >> User-Agent: Apache-HttpClient/4.5.2 (Java/1.8.0_202)
2022-02-03_21:49:28.621 [main] DEBUG org.apache.http.headers - >> Accept-Encoding: gzip,deflate
2022-02-03_21:49:28.665 [main] DEBUG org.apache.http.wire -  << "HTTP/1.1 200 [\r][\n]"
2022-02-03_21:49:28.665 [main] DEBUG org.apache.http.wire -  << "Access-Control-Allow-Methods: GET, POST[\r][\n]"
2022-02-03_21:49:28.666 [main] DEBUG org.apache.http.wire -  << "Access-Control-Allow-Origin: *[\r][\n]"
2022-02-03_21:49:28.666 [main] DEBUG org.apache.http.wire -  << "Content-Security-Policy: default-src 'none'[\r][\n]"
2022-02-03_21:49:28.666 [main] DEBUG org.apache.http.wire -  << "Feature-Policy: 'none'[\r][\n]"
2022-02-03_21:49:28.666 [main] DEBUG org.apache.http.wire -  << "Referrer-Policy: no-referrer[\r][\n]"
2022-02-03_21:49:28.666 [main] DEBUG org.apache.http.wire -  << "Strict-Transport-Security: max-age=31536000 ; includeSubDomains[\r][\n]"
2022-02-03_21:49:28.666 [main] DEBUG org.apache.http.wire -  << "Date: Thu, 03 Feb 2022 16:19:27 GMT[\r][\n]"
2022-02-03_21:49:28.666 [main] DEBUG org.apache.http.wire -  << "Keep-Alive: timeout=60[\r][\n]"
2022-02-03_21:49:28.667 [main] DEBUG org.apache.http.wire -  << "Content-Type: application/json[\r][\n]"
2022-02-03_21:49:28.667 [main] DEBUG org.apache.http.wire -  << "Transfer-Encoding: chunked[\r][\n]"
2022-02-03_21:49:28.667 [main] DEBUG org.apache.http.wire -  << "Connection: keep-alive[\r][\n]"
2022-02-03_21:49:28.667 [main] DEBUG org.apache.http.wire -  << "[\r][\n]"
2022-02-03_21:49:28.667 [main] DEBUG o.a.h.i.conn.DefaultClientConnection - Receiving response: HTTP/1.1 200 
2022-02-03_21:49:28.668 [main] DEBUG org.apache.http.headers - << HTTP/1.1 200 
2022-02-03_21:49:28.668 [main] DEBUG org.apache.http.headers - << Access-Control-Allow-Methods: GET, POST
2022-02-03_21:49:28.668 [main] DEBUG org.apache.http.headers - << Access-Control-Allow-Origin: *
2022-02-03_21:49:28.669 [main] DEBUG org.apache.http.headers - << Content-Security-Policy: default-src 'none'
2022-02-03_21:49:28.670 [main] DEBUG org.apache.http.headers - << Feature-Policy: 'none'
2022-02-03_21:49:28.670 [main] DEBUG org.apache.http.headers - << Referrer-Policy: no-referrer
2022-02-03_21:49:28.670 [main] DEBUG org.apache.http.headers - << Strict-Transport-Security: max-age=31536000 ; includeSubDomains
2022-02-03_21:49:28.670 [main] DEBUG org.apache.http.headers - << Date: Thu, 03 Feb 2022 16:19:27 GMT
2022-02-03_21:49:28.670 [main] DEBUG org.apache.http.headers - << Keep-Alive: timeout=60
2022-02-03_21:49:28.670 [main] DEBUG org.apache.http.headers - << Content-Type: application/json
2022-02-03_21:49:28.670 [main] DEBUG org.apache.http.headers - << Transfer-Encoding: chunked
2022-02-03_21:49:28.671 [main] DEBUG org.apache.http.headers - << Connection: keep-alive
2022-02-03_21:49:28.671 [main] DEBUG o.a.h.impl.client.DefaultHttpClient - Connection can be kept alive for 60000 MILLISECONDS
2022-02-03_21:49:28.671 [main] DEBUG i.r.i.RequestSpecificationImpl$RestAssuredHttpBuilder - Parsing response as: application/json
2022-02-03_21:49:28.671 [main] DEBUG i.r.i.RequestSpecificationImpl$RestAssuredHttpBuilder - Parsed data to instance of: class org.apache.http.conn.EofSensorInputStream
2022-02-03_21:49:28.674 [main] INFO  com.qc.BaseAPI - Method :GET
2022-02-03_21:49:28.676 [main] INFO  com.qc.BaseAPI - URI :https://apitest.pineperks.in/auth/V1/generate/token
2022-02-03_21:49:28.676 [main] INFO  com.qc.BaseAPI - Headers :userName=A0aCcnPzDANtKmvSLPKcaw==
Accept=*/*
Content-Type=application/json; charset=UTF-8
2022-02-03_21:49:28.677 [main] INFO  com.qc.BaseAPI - Body :null
2022-02-03_21:49:28.677 [main] INFO  com.qc.BaseAPI - ********************RESPONSE********************
2022-02-03_21:49:28.677 [main] DEBUG org.apache.http.wire -  << "7f[\r][\n]"
2022-02-03_21:49:28.677 [main] DEBUG org.apache.http.wire -  << "{"accessToken":"c8c0417454f34054a8741d0be3cad876","tokenExpiryTime":"03-Feb-2024","responseCode":0,"responseMessage":"Success"}"
2022-02-03_21:49:28.678 [main] DEBUG org.apache.http.wire -  << "[\r][\n]"
2022-02-03_21:49:28.679 [main] DEBUG org.apache.http.wire -  << "0[\r][\n]"
2022-02-03_21:49:28.679 [main] DEBUG org.apache.http.wire -  << "[\r][\n]"
2022-02-03_21:49:28.679 [main] DEBUG o.a.h.i.c.BasicClientConnectionManager - Releasing connection org.apache.http.impl.conn.ManagedClientConnectionImpl@2aff7cc4
2022-02-03_21:49:28.680 [main] DEBUG o.a.h.i.c.BasicClientConnectionManager - Connection can be kept alive for 60000 MILLISECONDS
2022-02-03_21:49:28.681 [main] INFO  com.qc.BaseAPI - Response :{
    "accessToken": "c8c0417454f34054a8741d0be3cad876",
    "tokenExpiryTime": "03-Feb-2024",
    "responseCode": 0,
    "responseMessage": "Success"
}
2022-02-03_21:49:28.682 [main] INFO  com.qc.BaseAPI -  **** GET call Response time 239 ms
2022-02-03_21:49:28.682 [main] INFO  pl.rest.service.Authorize - Time Taken to perform https://apitest.pineperks.in/auth/V1/generate/token transaction: 239
2022-02-03_21:49:28.731 [main] INFO  pl.rest.CustomHooks - SCENARIO NAME: Validating the pin mode value on the response on issuing different PIN on SMS/ Physical PIN Mailer/ Customer generated PIN/ PIN Less pin mode card.
2022-02-03_21:49:28.732 [main] INFO  pl.rest.CustomHooks - TAG NAMEs: [@Regression]
2022-02-03_21:49:28.733 [main] INFO  pl.rest.CustomHooks - SCENARIO NAME: Validating the pin mode value on the response on issuing different PIN on SMS/ Physical PIN Mailer/ Customer generated PIN/ PIN Less pin mode card.
2022-02-03_21:49:28.733 [main] INFO  pl.rest.CustomHooks - TAG NAMEs: [@Regression]
2022-02-03_21:49:28.733 [main] INFO  pl.rest.CustomHooks - Index: 0, Size: 0
2022-02-03_21:49:28.889 [Finalizer] DEBUG o.a.h.i.conn.DefaultClientConnection - Connection 0.0.0.0:62037<->14.143.120.84:443 closed
2022-02-03_21:49:28.941 [main] INFO  pl.rest.service.Authorize - Authorize Rest API URL :- https://apitest.pineperks.in/auth/V1/generate/token
2022-02-03_21:49:28.941 [main] INFO  com.qc.BaseAPI - GET call to URL https://apitest.pineperks.in/auth/V1/generate/token
2022-02-03_21:49:28.945 [main] INFO  com.qc.BaseAPI - ********************REQUEST********************
2022-02-03_21:49:28.957 [main] DEBUG o.a.h.i.c.BasicClientConnectionManager - Get connection for route {s}->https://apitest.pineperks.in:443
2022-02-03_21:49:28.957 [main] DEBUG o.a.h.i.c.DefaultClientConnectionOperator - Connecting to apitest.pineperks.in:443
2022-02-03_21:49:29.065 [main] DEBUG o.a.h.c.protocol.RequestAddCookies - CookieSpec selected: ignoreCookies
2022-02-03_21:49:29.066 [main] DEBUG o.a.h.c.protocol.RequestAuthCache - Auth cache not set in the context
2022-02-03_21:49:29.066 [main] DEBUG o.a.h.c.p.RequestTargetAuthentication - Target auth state: UNCHALLENGED
2022-02-03_21:49:29.066 [main] DEBUG o.a.h.c.p.RequestProxyAuthentication - Proxy auth state: UNCHALLENGED
2022-02-03_21:49:29.067 [main] DEBUG o.a.h.impl.client.DefaultHttpClient - Attempt 1 to execute request
2022-02-03_21:49:29.068 [main] DEBUG o.a.h.i.conn.DefaultClientConnection - Sending request: GET /auth/V1/generate/token HTTP/1.1
2022-02-03_21:49:29.068 [main] DEBUG org.apache.http.wire -  >> "GET /auth/V1/generate/token HTTP/1.1[\r][\n]"
2022-02-03_21:49:29.069 [main] DEBUG org.apache.http.wire -  >> "Content-Type: application/json; charset=UTF-8[\r][\n]"
2022-02-03_21:49:29.069 [main] DEBUG org.apache.http.wire -  >> "Accept: */*[\r][\n]"
2022-02-03_21:49:29.070 [main] DEBUG org.apache.http.wire -  >> "userName: A0aCcnPzDANtKmvSLPKcaw==[\r][\n]"
2022-02-03_21:49:29.070 [main] DEBUG org.apache.http.wire -  >> "Host: apitest.pineperks.in[\r][\n]"
2022-02-03_21:49:29.070 [main] DEBUG org.apache.http.wire -  >> "Connection: Keep-Alive[\r][\n]"
2022-02-03_21:49:29.071 [main] DEBUG org.apache.http.wire -  >> "User-Agent: Apache-HttpClient/4.5.2 (Java/1.8.0_202)[\r][\n]"
2022-02-03_21:49:29.071 [main] DEBUG org.apache.http.wire -  >> "Accept-Encoding: gzip,deflate[\r][\n]"
2022-02-03_21:49:29.071 [main] DEBUG org.apache.http.wire -  >> "[\r][\n]"
2022-02-03_21:49:29.071 [main] DEBUG org.apache.http.headers - >> GET /auth/V1/generate/token HTTP/1.1
2022-02-03_21:49:29.071 [main] DEBUG org.apache.http.headers - >> Content-Type: application/json; charset=UTF-8
2022-02-03_21:49:29.071 [main] DEBUG org.apache.http.headers - >> Accept: */*
2022-02-03_21:49:29.071 [main] DEBUG org.apache.http.headers - >> userName: A0aCcnPzDANtKmvSLPKcaw==
2022-02-03_21:49:29.071 [main] DEBUG org.apache.http.headers - >> Host: apitest.pineperks.in
2022-02-03_21:49:29.071 [main] DEBUG org.apache.http.headers - >> Connection: Keep-Alive
2022-02-03_21:49:29.071 [main] DEBUG org.apache.http.headers - >> User-Agent: Apache-HttpClient/4.5.2 (Java/1.8.0_202)
2022-02-03_21:49:29.072 [main] DEBUG org.apache.http.headers - >> Accept-Encoding: gzip,deflate
2022-02-03_21:49:29.111 [main] DEBUG org.apache.http.wire -  << "HTTP/1.1 200 [\r][\n]"
2022-02-03_21:49:29.111 [main] DEBUG org.apache.http.wire -  << "Access-Control-Allow-Methods: GET, POST[\r][\n]"
2022-02-03_21:49:29.112 [main] DEBUG org.apache.http.wire -  << "Access-Control-Allow-Origin: *[\r][\n]"
2022-02-03_21:49:29.113 [main] DEBUG org.apache.http.wire -  << "Content-Security-Policy: default-src 'none'[\r][\n]"
2022-02-03_21:49:29.113 [main] DEBUG org.apache.http.wire -  << "Feature-Policy: 'none'[\r][\n]"
2022-02-03_21:49:29.113 [main] DEBUG org.apache.http.wire -  << "Referrer-Policy: no-referrer[\r][\n]"
2022-02-03_21:49:29.113 [main] DEBUG org.apache.http.wire -  << "Strict-Transport-Security: max-age=31536000 ; includeSubDomains[\r][\n]"
2022-02-03_21:49:29.113 [main] DEBUG org.apache.http.wire -  << "Date: Thu, 03 Feb 2022 16:19:29 GMT[\r][\n]"
2022-02-03_21:49:29.113 [main] DEBUG org.apache.http.wire -  << "Keep-Alive: timeout=60[\r][\n]"
2022-02-03_21:49:29.113 [main] DEBUG org.apache.http.wire -  << "Content-Type: application/json[\r][\n]"
2022-02-03_21:49:29.113 [main] DEBUG org.apache.http.wire -  << "Transfer-Encoding: chunked[\r][\n]"
2022-02-03_21:49:29.113 [main] DEBUG org.apache.http.wire -  << "Connection: keep-alive[\r][\n]"
2022-02-03_21:49:29.113 [main] DEBUG org.apache.http.wire -  << "[\r][\n]"
2022-02-03_21:49:29.113 [main] DEBUG o.a.h.i.conn.DefaultClientConnection - Receiving response: HTTP/1.1 200 
2022-02-03_21:49:29.114 [main] DEBUG org.apache.http.headers - << HTTP/1.1 200 
2022-02-03_21:49:29.114 [main] DEBUG org.apache.http.headers - << Access-Control-Allow-Methods: GET, POST
2022-02-03_21:49:29.114 [main] DEBUG org.apache.http.headers - << Access-Control-Allow-Origin: *
2022-02-03_21:49:29.114 [main] DEBUG org.apache.http.headers - << Content-Security-Policy: default-src 'none'
2022-02-03_21:49:29.114 [main] DEBUG org.apache.http.headers - << Feature-Policy: 'none'
2022-02-03_21:49:29.114 [main] DEBUG org.apache.http.headers - << Referrer-Policy: no-referrer
2022-02-03_21:49:29.114 [main] DEBUG org.apache.http.headers - << Strict-Transport-Security: max-age=31536000 ; includeSubDomains
2022-02-03_21:49:29.115 [main] DEBUG org.apache.http.headers - << Date: Thu, 03 Feb 2022 16:19:29 GMT
2022-02-03_21:49:29.115 [main] DEBUG org.apache.http.headers - << Keep-Alive: timeout=60
2022-02-03_21:49:29.115 [main] DEBUG org.apache.http.headers - << Content-Type: application/json
2022-02-03_21:49:29.115 [main] DEBUG org.apache.http.headers - << Transfer-Encoding: chunked
2022-02-03_21:49:29.115 [main] DEBUG org.apache.http.headers - << Connection: keep-alive
2022-02-03_21:49:29.116 [main] DEBUG o.a.h.impl.client.DefaultHttpClient - Connection can be kept alive for 60000 MILLISECONDS
2022-02-03_21:49:29.116 [main] DEBUG i.r.i.RequestSpecificationImpl$RestAssuredHttpBuilder - Parsing response as: application/json
2022-02-03_21:49:29.117 [main] DEBUG i.r.i.RequestSpecificationImpl$RestAssuredHttpBuilder - Parsed data to instance of: class org.apache.http.conn.EofSensorInputStream
2022-02-03_21:49:29.118 [main] INFO  com.qc.BaseAPI - Method :GET
2022-02-03_21:49:29.121 [main] INFO  com.qc.BaseAPI - URI :https://apitest.pineperks.in/auth/V1/generate/token
2022-02-03_21:49:29.121 [main] INFO  com.qc.BaseAPI - Headers :userName=A0aCcnPzDANtKmvSLPKcaw==
Accept=*/*
Content-Type=application/json; charset=UTF-8
2022-02-03_21:49:29.121 [main] INFO  com.qc.BaseAPI - Body :null
2022-02-03_21:49:29.121 [main] INFO  com.qc.BaseAPI - ********************RESPONSE********************
2022-02-03_21:49:29.121 [main] DEBUG org.apache.http.wire -  << "7f[\r][\n]"
2022-02-03_21:49:29.121 [main] DEBUG org.apache.http.wire -  << "{"accessToken":"eab141e4575e4677a56cea06b10f8ef5","tokenExpiryTime":"03-Feb-2024","responseCode":0,"responseMessage":"Success"}"
2022-02-03_21:49:29.123 [main] DEBUG org.apache.http.wire -  << "[\r][\n]"
2022-02-03_21:49:29.123 [main] DEBUG org.apache.http.wire -  << "0[\r][\n]"
2022-02-03_21:49:29.123 [main] DEBUG org.apache.http.wire -  << "[\r][\n]"
2022-02-03_21:49:29.124 [main] DEBUG o.a.h.i.c.BasicClientConnectionManager - Releasing connection org.apache.http.impl.conn.ManagedClientConnectionImpl@277335e5
2022-02-03_21:49:29.124 [main] DEBUG o.a.h.i.c.BasicClientConnectionManager - Connection can be kept alive for 60000 MILLISECONDS
2022-02-03_21:49:29.125 [main] INFO  com.qc.BaseAPI - Response :{
    "accessToken": "eab141e4575e4677a56cea06b10f8ef5",
    "tokenExpiryTime": "03-Feb-2024",
    "responseCode": 0,
    "responseMessage": "Success"
}
2022-02-03_21:49:29.126 [main] INFO  com.qc.BaseAPI -  **** GET call Response time 169 ms
2022-02-03_21:49:29.126 [main] INFO  pl.rest.service.Authorize - Time Taken to perform https://apitest.pineperks.in/auth/V1/generate/token transaction: 169
2022-02-03_21:49:29.185 [main] INFO  pl.rest.CustomHooks - SCENARIO NAME: Validating the pin mode value on the response on issuing different PIN on SMS/ Physical PIN Mailer/ Customer generated PIN/ PIN Less pin mode card.
2022-02-03_21:49:29.185 [main] INFO  pl.rest.CustomHooks - TAG NAMEs: [@Regression]
2022-02-03_21:49:29.186 [main] INFO  pl.rest.CustomHooks - SCENARIO NAME: Validating the pin mode value on the response on issuing different PIN on SMS/ Physical PIN Mailer/ Customer generated PIN/ PIN Less pin mode card.
2022-02-03_21:49:29.186 [main] INFO  pl.rest.CustomHooks - TAG NAMEs: [@Regression]
2022-02-03_21:49:29.186 [main] INFO  pl.rest.CustomHooks - Index: 0, Size: 0
2022-02-03_21:49:29.438 [main] INFO  pl.rest.service.Authorize - Authorize Rest API URL :- https://apitest.pineperks.in/auth/V1/generate/token
2022-02-03_21:49:29.439 [main] INFO  com.qc.BaseAPI - GET call to URL https://apitest.pineperks.in/auth/V1/generate/token
2022-02-03_21:49:29.444 [main] INFO  com.qc.BaseAPI - ********************REQUEST********************
2022-02-03_21:49:29.460 [main] DEBUG o.a.h.i.c.BasicClientConnectionManager - Get connection for route {s}->https://apitest.pineperks.in:443
2022-02-03_21:49:29.460 [main] DEBUG o.a.h.i.c.DefaultClientConnectionOperator - Connecting to apitest.pineperks.in:443
2022-02-03_21:49:29.583 [main] DEBUG o.a.h.c.protocol.RequestAddCookies - CookieSpec selected: ignoreCookies
2022-02-03_21:49:29.584 [main] DEBUG o.a.h.c.protocol.RequestAuthCache - Auth cache not set in the context
2022-02-03_21:49:29.584 [main] DEBUG o.a.h.c.p.RequestTargetAuthentication - Target auth state: UNCHALLENGED
2022-02-03_21:49:29.584 [main] DEBUG o.a.h.c.p.RequestProxyAuthentication - Proxy auth state: UNCHALLENGED
2022-02-03_21:49:29.584 [main] DEBUG o.a.h.impl.client.DefaultHttpClient - Attempt 1 to execute request
2022-02-03_21:49:29.584 [main] DEBUG o.a.h.i.conn.DefaultClientConnection - Sending request: GET /auth/V1/generate/token HTTP/1.1
2022-02-03_21:49:29.584 [main] DEBUG org.apache.http.wire -  >> "GET /auth/V1/generate/token HTTP/1.1[\r][\n]"
2022-02-03_21:49:29.584 [main] DEBUG org.apache.http.wire -  >> "Content-Type: application/json; charset=UTF-8[\r][\n]"
2022-02-03_21:49:29.585 [main] DEBUG org.apache.http.wire -  >> "Accept: */*[\r][\n]"
2022-02-03_21:49:29.585 [main] DEBUG org.apache.http.wire -  >> "userName: A0aCcnPzDANtKmvSLPKcaw==[\r][\n]"
2022-02-03_21:49:29.585 [main] DEBUG org.apache.http.wire -  >> "Host: apitest.pineperks.in[\r][\n]"
2022-02-03_21:49:29.585 [main] DEBUG org.apache.http.wire -  >> "Connection: Keep-Alive[\r][\n]"
2022-02-03_21:49:29.585 [main] DEBUG org.apache.http.wire -  >> "User-Agent: Apache-HttpClient/4.5.2 (Java/1.8.0_202)[\r][\n]"
2022-02-03_21:49:29.586 [main] DEBUG org.apache.http.wire -  >> "Accept-Encoding: gzip,deflate[\r][\n]"
2022-02-03_21:49:29.586 [main] DEBUG org.apache.http.wire -  >> "[\r][\n]"
2022-02-03_21:49:29.586 [main] DEBUG org.apache.http.headers - >> GET /auth/V1/generate/token HTTP/1.1
2022-02-03_21:49:29.586 [main] DEBUG org.apache.http.headers - >> Content-Type: application/json; charset=UTF-8
2022-02-03_21:49:29.586 [main] DEBUG org.apache.http.headers - >> Accept: */*
2022-02-03_21:49:29.586 [main] DEBUG org.apache.http.headers - >> userName: A0aCcnPzDANtKmvSLPKcaw==
2022-02-03_21:49:29.586 [main] DEBUG org.apache.http.headers - >> Host: apitest.pineperks.in
2022-02-03_21:49:29.587 [main] DEBUG org.apache.http.headers - >> Connection: Keep-Alive
2022-02-03_21:49:29.587 [main] DEBUG org.apache.http.headers - >> User-Agent: Apache-HttpClient/4.5.2 (Java/1.8.0_202)
2022-02-03_21:49:29.587 [main] DEBUG org.apache.http.headers - >> Accept-Encoding: gzip,deflate
2022-02-03_21:49:29.617 [main] DEBUG org.apache.http.wire -  << "HTTP/1.1 200 [\r][\n]"
2022-02-03_21:49:29.618 [main] DEBUG org.apache.http.wire -  << "Access-Control-Allow-Methods: GET, POST[\r][\n]"
2022-02-03_21:49:29.618 [main] DEBUG org.apache.http.wire -  << "Access-Control-Allow-Origin: *[\r][\n]"
2022-02-03_21:49:29.618 [main] DEBUG org.apache.http.wire -  << "Content-Security-Policy: default-src 'none'[\r][\n]"
2022-02-03_21:49:29.618 [main] DEBUG org.apache.http.wire -  << "Feature-Policy: 'none'[\r][\n]"
2022-02-03_21:49:29.618 [main] DEBUG org.apache.http.wire -  << "Referrer-Policy: no-referrer[\r][\n]"
2022-02-03_21:49:29.618 [main] DEBUG org.apache.http.wire -  << "Strict-Transport-Security: max-age=31536000 ; includeSubDomains[\r][\n]"
2022-02-03_21:49:29.618 [main] DEBUG org.apache.http.wire -  << "Date: Thu, 03 Feb 2022 16:19:29 GMT[\r][\n]"
2022-02-03_21:49:29.619 [main] DEBUG org.apache.http.wire -  << "Keep-Alive: timeout=60[\r][\n]"
2022-02-03_21:49:29.619 [main] DEBUG org.apache.http.wire -  << "Content-Type: application/json[\r][\n]"
2022-02-03_21:49:29.619 [main] DEBUG org.apache.http.wire -  << "Transfer-Encoding: chunked[\r][\n]"
2022-02-03_21:49:29.619 [main] DEBUG org.apache.http.wire -  << "Connection: keep-alive[\r][\n]"
2022-02-03_21:49:29.619 [main] DEBUG org.apache.http.wire -  << "[\r][\n]"
2022-02-03_21:49:29.619 [main] DEBUG o.a.h.i.conn.DefaultClientConnection - Receiving response: HTTP/1.1 200 
2022-02-03_21:49:29.619 [main] DEBUG org.apache.http.headers - << HTTP/1.1 200 
2022-02-03_21:49:29.619 [main] DEBUG org.apache.http.headers - << Access-Control-Allow-Methods: GET, POST
2022-02-03_21:49:29.619 [main] DEBUG org.apache.http.headers - << Access-Control-Allow-Origin: *
2022-02-03_21:49:29.620 [main] DEBUG org.apache.http.headers - << Content-Security-Policy: default-src 'none'
2022-02-03_21:49:29.620 [main] DEBUG org.apache.http.headers - << Feature-Policy: 'none'
2022-02-03_21:49:29.620 [main] DEBUG org.apache.http.headers - << Referrer-Policy: no-referrer
2022-02-03_21:49:29.620 [main] DEBUG org.apache.http.headers - << Strict-Transport-Security: max-age=31536000 ; includeSubDomains
2022-02-03_21:49:29.620 [main] DEBUG org.apache.http.headers - << Date: Thu, 03 Feb 2022 16:19:29 GMT
2022-02-03_21:49:29.620 [main] DEBUG org.apache.http.headers - << Keep-Alive: timeout=60
2022-02-03_21:49:29.620 [main] DEBUG org.apache.http.headers - << Content-Type: application/json
2022-02-03_21:49:29.620 [main] DEBUG org.apache.http.headers - << Transfer-Encoding: chunked
2022-02-03_21:49:29.620 [main] DEBUG org.apache.http.headers - << Connection: keep-alive
2022-02-03_21:49:29.620 [main] DEBUG o.a.h.impl.client.DefaultHttpClient - Connection can be kept alive for 60000 MILLISECONDS
2022-02-03_21:49:29.621 [main] DEBUG i.r.i.RequestSpecificationImpl$RestAssuredHttpBuilder - Parsing response as: application/json
2022-02-03_21:49:29.621 [main] DEBUG i.r.i.RequestSpecificationImpl$RestAssuredHttpBuilder - Parsed data to instance of: class org.apache.http.conn.EofSensorInputStream
2022-02-03_21:49:29.622 [main] INFO  com.qc.BaseAPI - Method :GET
2022-02-03_21:49:29.623 [main] INFO  com.qc.BaseAPI - URI :https://apitest.pineperks.in/auth/V1/generate/token
2022-02-03_21:49:29.623 [main] INFO  com.qc.BaseAPI - Headers :userName=A0aCcnPzDANtKmvSLPKcaw==
Accept=*/*
Content-Type=application/json; charset=UTF-8
2022-02-03_21:49:29.623 [main] INFO  com.qc.BaseAPI - Body :null
2022-02-03_21:49:29.623 [main] INFO  com.qc.BaseAPI - ********************RESPONSE********************
2022-02-03_21:49:29.624 [main] DEBUG org.apache.http.wire -  << "7f[\r][\n]"
2022-02-03_21:49:29.624 [main] DEBUG org.apache.http.wire -  << "{"accessToken":"d769f7c1fbdb4a48a393cf9ebc25ef4a","tokenExpiryTime":"03-Feb-2024","responseCode":0,"responseMessage":"Success"}"
2022-02-03_21:49:29.624 [main] DEBUG org.apache.http.wire -  << "[\r][\n]"
2022-02-03_21:49:29.625 [main] DEBUG org.apache.http.wire -  << "0[\r][\n]"
2022-02-03_21:49:29.625 [main] DEBUG org.apache.http.wire -  << "[\r][\n]"
2022-02-03_21:49:29.625 [main] DEBUG o.a.h.i.c.BasicClientConnectionManager - Releasing connection org.apache.http.impl.conn.ManagedClientConnectionImpl@5445612a
2022-02-03_21:49:29.625 [main] DEBUG o.a.h.i.c.BasicClientConnectionManager - Connection can be kept alive for 60000 MILLISECONDS
2022-02-03_21:49:29.626 [main] INFO  com.qc.BaseAPI - Response :{
    "accessToken": "d769f7c1fbdb4a48a393cf9ebc25ef4a",
    "tokenExpiryTime": "03-Feb-2024",
    "responseCode": 0,
    "responseMessage": "Success"
}
2022-02-03_21:49:29.627 [main] INFO  com.qc.BaseAPI -  **** GET call Response time 174 ms
2022-02-03_21:49:29.627 [main] INFO  pl.rest.service.Authorize - Time Taken to perform https://apitest.pineperks.in/auth/V1/generate/token transaction: 174
