2021-12-15_08:15:11.759 [main] INFO  com.qc.qa.utils.TestDataReader - Reading API Test Data config values from  testData/api/devAPITestData.properties
2021-12-15_08:15:11.766 [main] INFO  pl.rest.service.Authorize - Authorize Rest API URL :- https://apitest.pineperks.in/auth/V1/generate/token
2021-12-15_08:15:11.766 [main] INFO  com.qc.BaseAPI - GET call to URL https://apitest.pineperks.in/auth/V1/generate/token
2021-12-15_08:15:11.931 [main] INFO  com.qc.BaseAPI - ********************REQUEST********************
2021-12-15_08:15:13.676 [main] DEBUG o.a.h.i.c.BasicClientConnectionManager - Get connection for route {s}->https://apitest.pineperks.in:443
2021-12-15_08:15:13.762 [main] DEBUG o.a.h.i.c.DefaultClientConnectionOperator - Connecting to apitest.pineperks.in:443
2021-12-15_08:15:14.943 [main] DEBUG o.a.h.c.protocol.RequestAddCookies - CookieSpec selected: ignoreCookies
2021-12-15_08:15:14.947 [main] DEBUG o.a.h.c.protocol.RequestAuthCache - Auth cache not set in the context
2021-12-15_08:15:14.947 [main] DEBUG o.a.h.c.p.RequestTargetAuthentication - Target auth state: UNCHALLENGED
2021-12-15_08:15:14.948 [main] DEBUG o.a.h.c.p.RequestProxyAuthentication - Proxy auth state: UNCHALLENGED
2021-12-15_08:15:14.949 [main] DEBUG o.a.h.impl.client.DefaultHttpClient - Attempt 1 to execute request
2021-12-15_08:15:14.950 [main] DEBUG o.a.h.i.conn.DefaultClientConnection - Sending request: GET /auth/V1/generate/token HTTP/1.1
2021-12-15_08:15:14.951 [main] DEBUG org.apache.http.wire -  >> "GET /auth/V1/generate/token HTTP/1.1[\r][\n]"
2021-12-15_08:15:14.952 [main] DEBUG org.apache.http.wire -  >> "Content-Type: application/json; charset=UTF-8[\r][\n]"
2021-12-15_08:15:14.953 [main] DEBUG org.apache.http.wire -  >> "Accept: */*[\r][\n]"
2021-12-15_08:15:14.953 [main] DEBUG org.apache.http.wire -  >> "userName: A0aCcnPzDANtKmvSLPKcaw==[\r][\n]"
2021-12-15_08:15:14.953 [main] DEBUG org.apache.http.wire -  >> "Host: apitest.pineperks.in[\r][\n]"
2021-12-15_08:15:14.954 [main] DEBUG org.apache.http.wire -  >> "Connection: Keep-Alive[\r][\n]"
2021-12-15_08:15:14.954 [main] DEBUG org.apache.http.wire -  >> "User-Agent: Apache-HttpClient/4.5.2 (Java/1.8.0_202)[\r][\n]"
2021-12-15_08:15:14.954 [main] DEBUG org.apache.http.wire -  >> "Accept-Encoding: gzip,deflate[\r][\n]"
2021-12-15_08:15:14.954 [main] DEBUG org.apache.http.wire -  >> "[\r][\n]"
2021-12-15_08:15:14.955 [main] DEBUG org.apache.http.headers - >> GET /auth/V1/generate/token HTTP/1.1
2021-12-15_08:15:14.955 [main] DEBUG org.apache.http.headers - >> Content-Type: application/json; charset=UTF-8
2021-12-15_08:15:14.955 [main] DEBUG org.apache.http.headers - >> Accept: */*
2021-12-15_08:15:14.955 [main] DEBUG org.apache.http.headers - >> userName: A0aCcnPzDANtKmvSLPKcaw==
2021-12-15_08:15:14.955 [main] DEBUG org.apache.http.headers - >> Host: apitest.pineperks.in
2021-12-15_08:15:14.955 [main] DEBUG org.apache.http.headers - >> Connection: Keep-Alive
2021-12-15_08:15:14.956 [main] DEBUG org.apache.http.headers - >> User-Agent: Apache-HttpClient/4.5.2 (Java/1.8.0_202)
2021-12-15_08:15:14.956 [main] DEBUG org.apache.http.headers - >> Accept-Encoding: gzip,deflate
2021-12-15_08:15:15.417 [main] DEBUG org.apache.http.wire -  << "HTTP/1.1 200 [\r][\n]"
2021-12-15_08:15:15.422 [main] DEBUG org.apache.http.wire -  << "Access-Control-Allow-Methods: GET, POST[\r][\n]"
2021-12-15_08:15:15.423 [main] DEBUG org.apache.http.wire -  << "Access-Control-Allow-Origin: *[\r][\n]"
2021-12-15_08:15:15.424 [main] DEBUG org.apache.http.wire -  << "Content-Security-Policy: default-src 'none'[\r][\n]"
2021-12-15_08:15:15.424 [main] DEBUG org.apache.http.wire -  << "Feature-Policy: 'none'[\r][\n]"
2021-12-15_08:15:15.424 [main] DEBUG org.apache.http.wire -  << "Referrer-Policy: no-referrer[\r][\n]"
2021-12-15_08:15:15.425 [main] DEBUG org.apache.http.wire -  << "Strict-Transport-Security: max-age=31536000 ; includeSubDomains[\r][\n]"
2021-12-15_08:15:15.426 [main] DEBUG org.apache.http.wire -  << "Date: Wed, 15 Dec 2021 02:45:15 GMT[\r][\n]"
2021-12-15_08:15:15.426 [main] DEBUG org.apache.http.wire -  << "Keep-Alive: timeout=60[\r][\n]"
2021-12-15_08:15:15.426 [main] DEBUG org.apache.http.wire -  << "Content-Type: application/json[\r][\n]"
2021-12-15_08:15:15.426 [main] DEBUG org.apache.http.wire -  << "Transfer-Encoding: chunked[\r][\n]"
2021-12-15_08:15:15.426 [main] DEBUG org.apache.http.wire -  << "Connection: keep-alive[\r][\n]"
2021-12-15_08:15:15.426 [main] DEBUG org.apache.http.wire -  << "[\r][\n]"
2021-12-15_08:15:15.428 [main] DEBUG o.a.h.i.conn.DefaultClientConnection - Receiving response: HTTP/1.1 200 
2021-12-15_08:15:15.428 [main] DEBUG org.apache.http.headers - << HTTP/1.1 200 
2021-12-15_08:15:15.428 [main] DEBUG org.apache.http.headers - << Access-Control-Allow-Methods: GET, POST
2021-12-15_08:15:15.428 [main] DEBUG org.apache.http.headers - << Access-Control-Allow-Origin: *
2021-12-15_08:15:15.428 [main] DEBUG org.apache.http.headers - << Content-Security-Policy: default-src 'none'
2021-12-15_08:15:15.428 [main] DEBUG org.apache.http.headers - << Feature-Policy: 'none'
2021-12-15_08:15:15.429 [main] DEBUG org.apache.http.headers - << Referrer-Policy: no-referrer
2021-12-15_08:15:15.429 [main] DEBUG org.apache.http.headers - << Strict-Transport-Security: max-age=31536000 ; includeSubDomains
2021-12-15_08:15:15.429 [main] DEBUG org.apache.http.headers - << Date: Wed, 15 Dec 2021 02:45:15 GMT
2021-12-15_08:15:15.429 [main] DEBUG org.apache.http.headers - << Keep-Alive: timeout=60
2021-12-15_08:15:15.429 [main] DEBUG org.apache.http.headers - << Content-Type: application/json
2021-12-15_08:15:15.430 [main] DEBUG org.apache.http.headers - << Transfer-Encoding: chunked
2021-12-15_08:15:15.430 [main] DEBUG org.apache.http.headers - << Connection: keep-alive
2021-12-15_08:15:15.441 [main] DEBUG o.a.h.impl.client.DefaultHttpClient - Connection can be kept alive for 60000 MILLISECONDS
2021-12-15_08:15:15.468 [main] DEBUG i.r.i.RequestSpecificationImpl$RestAssuredHttpBuilder - Parsing response as: application/json
2021-12-15_08:15:15.469 [main] DEBUG i.r.i.RequestSpecificationImpl$RestAssuredHttpBuilder - Parsed data to instance of: class org.apache.http.conn.EofSensorInputStream
2021-12-15_08:15:15.486 [main] INFO  com.qc.BaseAPI - Method :GET
2021-12-15_08:15:15.487 [main] INFO  com.qc.BaseAPI - URI :https://apitest.pineperks.in/auth/V1/generate/token
2021-12-15_08:15:15.487 [main] INFO  com.qc.BaseAPI - Headers :userName=A0aCcnPzDANtKmvSLPKcaw==
Accept=*/*
Content-Type=application/json; charset=UTF-8
2021-12-15_08:15:15.488 [main] INFO  com.qc.BaseAPI - Body :null
2021-12-15_08:15:15.488 [main] INFO  com.qc.BaseAPI - ********************RESPONSE********************
2021-12-15_08:15:15.499 [main] DEBUG org.apache.http.wire -  << "7f[\r][\n]"
2021-12-15_08:15:15.500 [main] DEBUG org.apache.http.wire -  << "{"accessToken":"1f5f090cc296425f837e715f41d8c304","tokenExpiryTime":"16-Dec-2021","responseCode":0,"responseMessage":"Success"}"
2021-12-15_08:15:15.501 [main] DEBUG org.apache.http.wire -  << "[\r][\n]"
2021-12-15_08:15:15.501 [main] DEBUG org.apache.http.wire -  << "0[\r][\n]"
2021-12-15_08:15:15.501 [main] DEBUG org.apache.http.wire -  << "[\r][\n]"
2021-12-15_08:15:15.502 [main] DEBUG o.a.h.i.c.BasicClientConnectionManager - Releasing connection org.apache.http.impl.conn.ManagedClientConnectionImpl@57d8814b
2021-12-15_08:15:15.502 [main] DEBUG o.a.h.i.c.BasicClientConnectionManager - Connection can be kept alive for 60000 MILLISECONDS
2021-12-15_08:15:15.545 [main] INFO  com.qc.BaseAPI - Response :{
    "accessToken": "1f5f090cc296425f837e715f41d8c304",
    "tokenExpiryTime": "16-Dec-2021",
    "responseCode": 0,
    "responseMessage": "Success"
}
2021-12-15_08:15:15.549 [main] INFO  com.qc.BaseAPI -  **** GET call Response time 3543 ms
2021-12-15_08:15:15.549 [main] INFO  pl.rest.service.Authorize - Time Taken to perform https://apitest.pineperks.in/auth/V1/generate/token transaction: 3543
2021-12-15_08:15:15.892 [main] INFO  com.qc.qa.utils.TestDataReader - Reading Json data authorizeHeaders
2021-12-15_08:15:15.895 [main] INFO  com.qc.qa.utils.TestDataReader - Reading json data from file @ testData/api/devAPIData.json
2021-12-15_08:15:15.920 [main] INFO  pl.rest.service.CardIssue - CardIssue Rest API URL :- https://apitest.pineperks.in/card/order/V1/instant/issue/nonreloadable/digital
2021-12-15_08:15:15.921 [main] INFO  com.qc.BaseAPI - POST call to URL https://apitest.pineperks.in/card/order/V1/instant/issue/nonreloadable/digital
2021-12-15_08:15:15.931 [main] INFO  com.qc.BaseAPI - ********************REQUEST********************
2021-12-15_08:15:15.966 [main] DEBUG o.a.h.i.c.BasicClientConnectionManager - Get connection for route {s}->https://apitest.pineperks.in:443
2021-12-15_08:15:15.967 [main] DEBUG o.a.h.i.c.DefaultClientConnectionOperator - Connecting to apitest.pineperks.in:443
2021-12-15_08:15:16.325 [main] DEBUG o.a.h.c.protocol.RequestAddCookies - CookieSpec selected: ignoreCookies
2021-12-15_08:15:16.326 [main] DEBUG o.a.h.c.protocol.RequestAuthCache - Auth cache not set in the context
2021-12-15_08:15:16.327 [main] DEBUG o.a.h.c.p.RequestTargetAuthentication - Target auth state: UNCHALLENGED
2021-12-15_08:15:16.327 [main] DEBUG o.a.h.c.p.RequestProxyAuthentication - Proxy auth state: UNCHALLENGED
2021-12-15_08:15:16.327 [main] DEBUG o.a.h.impl.client.DefaultHttpClient - Attempt 1 to execute request
2021-12-15_08:15:16.327 [main] DEBUG o.a.h.i.conn.DefaultClientConnection - Sending request: POST /card/order/V1/instant/issue/nonreloadable/digital HTTP/1.1
2021-12-15_08:15:16.328 [main] DEBUG org.apache.http.wire -  >> "POST /card/order/V1/instant/issue/nonreloadable/digital HTTP/1.1[\r][\n]"
2021-12-15_08:15:16.328 [main] DEBUG org.apache.http.wire -  >> "Accept: */*[\r][\n]"
2021-12-15_08:15:16.328 [main] DEBUG org.apache.http.wire -  >> "userName: A0aCcnPzDANtKmvSLPKcaw==[\r][\n]"
2021-12-15_08:15:16.328 [main] DEBUG org.apache.http.wire -  >> "token: 1f5f090cc296425f837e715f41d8c304[\r][\n]"
2021-12-15_08:15:16.329 [main] DEBUG org.apache.http.wire -  >> "Content-Type: application/json; charset=UTF-8[\r][\n]"
2021-12-15_08:15:16.329 [main] DEBUG org.apache.http.wire -  >> "Content-Length: 241[\r][\n]"
2021-12-15_08:15:16.329 [main] DEBUG org.apache.http.wire -  >> "Host: apitest.pineperks.in[\r][\n]"
2021-12-15_08:15:16.329 [main] DEBUG org.apache.http.wire -  >> "Connection: Keep-Alive[\r][\n]"
2021-12-15_08:15:16.330 [main] DEBUG org.apache.http.wire -  >> "User-Agent: Apache-HttpClient/4.5.2 (Java/1.8.0_202)[\r][\n]"
2021-12-15_08:15:16.330 [main] DEBUG org.apache.http.wire -  >> "Accept-Encoding: gzip,deflate[\r][\n]"
2021-12-15_08:15:16.330 [main] DEBUG org.apache.http.wire -  >> "[\r][\n]"
2021-12-15_08:15:16.331 [main] DEBUG org.apache.http.headers - >> POST /card/order/V1/instant/issue/nonreloadable/digital HTTP/1.1
2021-12-15_08:15:16.331 [main] DEBUG org.apache.http.headers - >> Accept: */*
2021-12-15_08:15:16.331 [main] DEBUG org.apache.http.headers - >> userName: A0aCcnPzDANtKmvSLPKcaw==
2021-12-15_08:15:16.331 [main] DEBUG org.apache.http.headers - >> token: 1f5f090cc296425f837e715f41d8c304
2021-12-15_08:15:16.331 [main] DEBUG org.apache.http.headers - >> Content-Type: application/json; charset=UTF-8
2021-12-15_08:15:16.331 [main] DEBUG org.apache.http.headers - >> Content-Length: 241
2021-12-15_08:15:16.331 [main] DEBUG org.apache.http.headers - >> Host: apitest.pineperks.in
2021-12-15_08:15:16.331 [main] DEBUG org.apache.http.headers - >> Connection: Keep-Alive
2021-12-15_08:15:16.331 [main] DEBUG org.apache.http.headers - >> User-Agent: Apache-HttpClient/4.5.2 (Java/1.8.0_202)
2021-12-15_08:15:16.331 [main] DEBUG org.apache.http.headers - >> Accept-Encoding: gzip,deflate
2021-12-15_08:15:16.332 [main] DEBUG org.apache.http.wire -  >> "{"isLinkToBeSentOnMobile":true,"checksum":"5x3GNrnStyS2PkMvV6EeAw==","cardDetailList":[{"amount":"1000","mobileNumber":"8284854535","customerName":"afzal","email":"afzal.ahmed@pinelabs.com"}],"externalRequestId":"G8cdKKP","cardSchemeId":"7"}"
2021-12-15_08:15:17.262 [main] DEBUG org.apache.http.wire -  << "HTTP/1.1 200 [\r][\n]"
2021-12-15_08:15:17.263 [main] DEBUG org.apache.http.wire -  << "Access-Control-Allow-Methods: GET, POST[\r][\n]"
2021-12-15_08:15:17.263 [main] DEBUG org.apache.http.wire -  << "Access-Control-Allow-Origin: *[\r][\n]"
2021-12-15_08:15:17.263 [main] DEBUG org.apache.http.wire -  << "Content-Security-Policy: default-src 'none'[\r][\n]"
2021-12-15_08:15:17.264 [main] DEBUG org.apache.http.wire -  << "Feature-Policy: 'none'[\r][\n]"
2021-12-15_08:15:17.264 [main] DEBUG org.apache.http.wire -  << "Referrer-Policy: no-referrer[\r][\n]"
2021-12-15_08:15:17.264 [main] DEBUG org.apache.http.wire -  << "Strict-Transport-Security: max-age=31536000 ; includeSubDomains[\r][\n]"
2021-12-15_08:15:17.264 [main] DEBUG org.apache.http.wire -  << "Date: Wed, 15 Dec 2021 02:45:17 GMT[\r][\n]"
2021-12-15_08:15:17.265 [main] DEBUG org.apache.http.wire -  << "Keep-Alive: timeout=60[\r][\n]"
2021-12-15_08:15:17.265 [main] DEBUG org.apache.http.wire -  << "Content-Type: application/json[\r][\n]"
2021-12-15_08:15:17.265 [main] DEBUG org.apache.http.wire -  << "Transfer-Encoding: chunked[\r][\n]"
2021-12-15_08:15:17.265 [main] DEBUG org.apache.http.wire -  << "Connection: keep-alive[\r][\n]"
2021-12-15_08:15:17.266 [main] DEBUG org.apache.http.wire -  << "[\r][\n]"
2021-12-15_08:15:17.266 [main] DEBUG o.a.h.i.conn.DefaultClientConnection - Receiving response: HTTP/1.1 200 
2021-12-15_08:15:17.266 [main] DEBUG org.apache.http.headers - << HTTP/1.1 200 
2021-12-15_08:15:17.266 [main] DEBUG org.apache.http.headers - << Access-Control-Allow-Methods: GET, POST
2021-12-15_08:15:17.266 [main] DEBUG org.apache.http.headers - << Access-Control-Allow-Origin: *
2021-12-15_08:15:17.266 [main] DEBUG org.apache.http.headers - << Content-Security-Policy: default-src 'none'
2021-12-15_08:15:17.266 [main] DEBUG org.apache.http.headers - << Feature-Policy: 'none'
2021-12-15_08:15:17.266 [main] DEBUG org.apache.http.headers - << Referrer-Policy: no-referrer
2021-12-15_08:15:17.267 [main] DEBUG org.apache.http.headers - << Strict-Transport-Security: max-age=31536000 ; includeSubDomains
2021-12-15_08:15:17.267 [main] DEBUG org.apache.http.headers - << Date: Wed, 15 Dec 2021 02:45:17 GMT
2021-12-15_08:15:17.267 [main] DEBUG org.apache.http.headers - << Keep-Alive: timeout=60
2021-12-15_08:15:17.267 [main] DEBUG org.apache.http.headers - << Content-Type: application/json
2021-12-15_08:15:17.267 [main] DEBUG org.apache.http.headers - << Transfer-Encoding: chunked
2021-12-15_08:15:17.268 [main] DEBUG org.apache.http.headers - << Connection: keep-alive
2021-12-15_08:15:17.268 [main] DEBUG o.a.h.impl.client.DefaultHttpClient - Connection can be kept alive for 60000 MILLISECONDS
2021-12-15_08:15:17.269 [main] DEBUG i.r.i.RequestSpecificationImpl$RestAssuredHttpBuilder - Parsing response as: application/json
2021-12-15_08:15:17.269 [main] DEBUG i.r.i.RequestSpecificationImpl$RestAssuredHttpBuilder - Parsed data to instance of: class org.apache.http.conn.EofSensorInputStream
2021-12-15_08:15:17.272 [main] INFO  com.qc.BaseAPI - Method :POST
2021-12-15_08:15:17.275 [main] INFO  com.qc.BaseAPI - URI :https://apitest.pineperks.in/card/order/V1/instant/issue/nonreloadable/digital
2021-12-15_08:15:17.276 [main] INFO  com.qc.BaseAPI - Headers :token=1f5f090cc296425f837e715f41d8c304
userName=A0aCcnPzDANtKmvSLPKcaw==
Accept=*/*
Content-Type=application/json; charset=UTF-8
2021-12-15_08:15:17.276 [main] INFO  com.qc.BaseAPI - Body :{"isLinkToBeSentOnMobile":true,"checksum":"5x3GNrnStyS2PkMvV6EeAw==","cardDetailList":[{"amount":"1000","mobileNumber":"8284854535","customerName":"afzal","email":"afzal.ahmed@pinelabs.com"}],"externalRequestId":"G8cdKKP","cardSchemeId":"7"}
2021-12-15_08:15:17.276 [main] INFO  com.qc.BaseAPI - ********************RESPONSE********************
2021-12-15_08:15:17.276 [main] DEBUG org.apache.http.wire -  << "1f1[\r][\n]"
2021-12-15_08:15:17.276 [main] DEBUG org.apache.http.wire -  << "{"externalRequestId":"G8cdKKP","orderId":12427,"orderStatus":6,"cardDetailResponseList":[{"referenceNumber":3359187827,"serialNumber":12427000010001,"customerName":"afzal","mobileNumber":8284854535,"email":"afzal.ahmed@pinelabs.com","amount":1000,"cardLink":"test.pineperks.in/eCard?c=iCok3-Yxfg2cdO2oUyPRTg2","responseCode":0,"responseMessage":"Success"}],"successCount":1,"failedCount":0,"orderAmount":1000,"issuanceCharge":100,"netOrderAmount":1100,"responseCode":0,"responseMessage":"Success"}"
2021-12-15_08:15:17.277 [main] DEBUG org.apache.http.wire -  << "[\r][\n]"
2021-12-15_08:15:17.277 [main] DEBUG org.apache.http.wire -  << "0[\r][\n]"
2021-12-15_08:15:17.277 [main] DEBUG org.apache.http.wire -  << "[\r][\n]"
2021-12-15_08:15:17.278 [main] DEBUG o.a.h.i.c.BasicClientConnectionManager - Releasing connection org.apache.http.impl.conn.ManagedClientConnectionImpl@10e98e63
2021-12-15_08:15:17.278 [main] DEBUG o.a.h.i.c.BasicClientConnectionManager - Connection can be kept alive for 60000 MILLISECONDS
2021-12-15_08:15:17.282 [main] INFO  com.qc.BaseAPI - Response :{
    "externalRequestId": "G8cdKKP",
    "orderId": 12427,
    "orderStatus": 6,
    "cardDetailResponseList": [
        {
            "referenceNumber": 3359187827,
            "serialNumber": 12427000010001,
            "customerName": "afzal",
            "mobileNumber": 8284854535,
            "email": "afzal.ahmed@pinelabs.com",
            "amount": 1000,
            "cardLink": "test.pineperks.in/eCard?c=iCok3-Yxfg2cdO2oUyPRTg2",
            "responseCode": 0,
            "responseMessage": "Success"
        }
    ],
    "successCount": 1,
    "failedCount": 0,
    "orderAmount": 1000,
    "issuanceCharge": 100,
    "netOrderAmount": 1100,
    "responseCode": 0,
    "responseMessage": "Success"
}
2021-12-15_08:15:17.283 [main] INFO  com.qc.BaseAPI -  **** POST call Response time 1338 ms
2021-12-15_08:15:17.284 [main] INFO  pl.rest.service.CardIssue - Time Taken to perform https://apitest.pineperks.in/card/order/V1/instant/issue/nonreloadable/digital transaction: 1338
