2021-12-14_21:47:37.581 [main] INFO  com.qc.qa.utils.TestDataReader - Reading API Test Data config values from  testData/api/devAPITestData.properties
2021-12-14_21:47:37.590 [main] INFO  pl.rest.service.Authorize - Authorize Rest API URL :- https://apitest.pineperks.in/auth/V1/generate/token
2021-12-14_21:47:37.590 [main] INFO  com.qc.BaseAPI - GET call to URL https://apitest.pineperks.in/auth/V1/generate/token
2021-12-14_21:47:37.766 [main] INFO  com.qc.BaseAPI - ********************REQUEST********************
2021-12-14_21:47:38.989 [main] DEBUG o.a.h.i.c.BasicClientConnectionManager - Get connection for route {s}->https://apitest.pineperks.in:443
2021-12-14_21:47:39.091 [main] DEBUG o.a.h.i.c.DefaultClientConnectionOperator - Connecting to apitest.pineperks.in:443
2021-12-14_21:47:40.441 [main] DEBUG o.a.h.c.protocol.RequestAddCookies - CookieSpec selected: ignoreCookies
2021-12-14_21:47:40.443 [main] DEBUG o.a.h.c.protocol.RequestAuthCache - Auth cache not set in the context
2021-12-14_21:47:40.443 [main] DEBUG o.a.h.c.p.RequestTargetAuthentication - Target auth state: UNCHALLENGED
2021-12-14_21:47:40.444 [main] DEBUG o.a.h.c.p.RequestProxyAuthentication - Proxy auth state: UNCHALLENGED
2021-12-14_21:47:40.444 [main] DEBUG o.a.h.impl.client.DefaultHttpClient - Attempt 1 to execute request
2021-12-14_21:47:40.444 [main] DEBUG o.a.h.i.conn.DefaultClientConnection - Sending request: GET /auth/V1/generate/token HTTP/1.1
2021-12-14_21:47:40.445 [main] DEBUG org.apache.http.wire -  >> "GET /auth/V1/generate/token HTTP/1.1[\r][\n]"
2021-12-14_21:47:40.446 [main] DEBUG org.apache.http.wire -  >> "Content-Type: application/json; charset=UTF-8[\r][\n]"
2021-12-14_21:47:40.447 [main] DEBUG org.apache.http.wire -  >> "Accept: */*[\r][\n]"
2021-12-14_21:47:40.447 [main] DEBUG org.apache.http.wire -  >> "userName: A0aCcnPzDANtKmvSLPKcaw==[\r][\n]"
2021-12-14_21:47:40.447 [main] DEBUG org.apache.http.wire -  >> "Host: apitest.pineperks.in[\r][\n]"
2021-12-14_21:47:40.447 [main] DEBUG org.apache.http.wire -  >> "Connection: Keep-Alive[\r][\n]"
2021-12-14_21:47:40.447 [main] DEBUG org.apache.http.wire -  >> "User-Agent: Apache-HttpClient/4.5.2 (Java/1.8.0_202)[\r][\n]"
2021-12-14_21:47:40.447 [main] DEBUG org.apache.http.wire -  >> "Accept-Encoding: gzip,deflate[\r][\n]"
2021-12-14_21:47:40.447 [main] DEBUG org.apache.http.wire -  >> "[\r][\n]"
2021-12-14_21:47:40.448 [main] DEBUG org.apache.http.headers - >> GET /auth/V1/generate/token HTTP/1.1
2021-12-14_21:47:40.448 [main] DEBUG org.apache.http.headers - >> Content-Type: application/json; charset=UTF-8
2021-12-14_21:47:40.448 [main] DEBUG org.apache.http.headers - >> Accept: */*
2021-12-14_21:47:40.448 [main] DEBUG org.apache.http.headers - >> userName: A0aCcnPzDANtKmvSLPKcaw==
2021-12-14_21:47:40.448 [main] DEBUG org.apache.http.headers - >> Host: apitest.pineperks.in
2021-12-14_21:47:40.448 [main] DEBUG org.apache.http.headers - >> Connection: Keep-Alive
2021-12-14_21:47:40.448 [main] DEBUG org.apache.http.headers - >> User-Agent: Apache-HttpClient/4.5.2 (Java/1.8.0_202)
2021-12-14_21:47:40.448 [main] DEBUG org.apache.http.headers - >> Accept-Encoding: gzip,deflate
2021-12-14_21:47:40.565 [main] DEBUG org.apache.http.wire -  << "HTTP/1.1 200 [\r][\n]"
2021-12-14_21:47:40.570 [main] DEBUG org.apache.http.wire -  << "Access-Control-Allow-Methods: GET, POST[\r][\n]"
2021-12-14_21:47:40.571 [main] DEBUG org.apache.http.wire -  << "Access-Control-Allow-Origin: *[\r][\n]"
2021-12-14_21:47:40.571 [main] DEBUG org.apache.http.wire -  << "Content-Security-Policy: default-src 'none'[\r][\n]"
2021-12-14_21:47:40.572 [main] DEBUG org.apache.http.wire -  << "Feature-Policy: 'none'[\r][\n]"
2021-12-14_21:47:40.572 [main] DEBUG org.apache.http.wire -  << "Referrer-Policy: no-referrer[\r][\n]"
2021-12-14_21:47:40.572 [main] DEBUG org.apache.http.wire -  << "Strict-Transport-Security: max-age=31536000 ; includeSubDomains[\r][\n]"
2021-12-14_21:47:40.572 [main] DEBUG org.apache.http.wire -  << "Date: Tue, 14 Dec 2021 16:17:40 GMT[\r][\n]"
2021-12-14_21:47:40.573 [main] DEBUG org.apache.http.wire -  << "Keep-Alive: timeout=60[\r][\n]"
2021-12-14_21:47:40.573 [main] DEBUG org.apache.http.wire -  << "Content-Type: application/json[\r][\n]"
2021-12-14_21:47:40.573 [main] DEBUG org.apache.http.wire -  << "Transfer-Encoding: chunked[\r][\n]"
2021-12-14_21:47:40.573 [main] DEBUG org.apache.http.wire -  << "Connection: keep-alive[\r][\n]"
2021-12-14_21:47:40.574 [main] DEBUG org.apache.http.wire -  << "[\r][\n]"
2021-12-14_21:47:40.575 [main] DEBUG o.a.h.i.conn.DefaultClientConnection - Receiving response: HTTP/1.1 200 
2021-12-14_21:47:40.576 [main] DEBUG org.apache.http.headers - << HTTP/1.1 200 
2021-12-14_21:47:40.576 [main] DEBUG org.apache.http.headers - << Access-Control-Allow-Methods: GET, POST
2021-12-14_21:47:40.576 [main] DEBUG org.apache.http.headers - << Access-Control-Allow-Origin: *
2021-12-14_21:47:40.576 [main] DEBUG org.apache.http.headers - << Content-Security-Policy: default-src 'none'
2021-12-14_21:47:40.576 [main] DEBUG org.apache.http.headers - << Feature-Policy: 'none'
2021-12-14_21:47:40.576 [main] DEBUG org.apache.http.headers - << Referrer-Policy: no-referrer
2021-12-14_21:47:40.577 [main] DEBUG org.apache.http.headers - << Strict-Transport-Security: max-age=31536000 ; includeSubDomains
2021-12-14_21:47:40.577 [main] DEBUG org.apache.http.headers - << Date: Tue, 14 Dec 2021 16:17:40 GMT
2021-12-14_21:47:40.577 [main] DEBUG org.apache.http.headers - << Keep-Alive: timeout=60
2021-12-14_21:47:40.577 [main] DEBUG org.apache.http.headers - << Content-Type: application/json
2021-12-14_21:47:40.577 [main] DEBUG org.apache.http.headers - << Transfer-Encoding: chunked
2021-12-14_21:47:40.577 [main] DEBUG org.apache.http.headers - << Connection: keep-alive
2021-12-14_21:47:40.587 [main] DEBUG o.a.h.impl.client.DefaultHttpClient - Connection can be kept alive for 60000 MILLISECONDS
2021-12-14_21:47:40.606 [main] DEBUG i.r.i.RequestSpecificationImpl$RestAssuredHttpBuilder - Parsing response as: application/json
2021-12-14_21:47:40.606 [main] DEBUG i.r.i.RequestSpecificationImpl$RestAssuredHttpBuilder - Parsed data to instance of: class org.apache.http.conn.EofSensorInputStream
2021-12-14_21:47:40.615 [main] INFO  com.qc.BaseAPI - Method :GET
2021-12-14_21:47:40.616 [main] INFO  com.qc.BaseAPI - URI :https://apitest.pineperks.in/auth/V1/generate/token
2021-12-14_21:47:40.616 [main] INFO  com.qc.BaseAPI - Headers :userName=A0aCcnPzDANtKmvSLPKcaw==
Accept=*/*
Content-Type=application/json; charset=UTF-8
2021-12-14_21:47:40.616 [main] INFO  com.qc.BaseAPI - Body :null
2021-12-14_21:47:40.616 [main] INFO  com.qc.BaseAPI - ********************RESPONSE********************
2021-12-14_21:47:40.624 [main] DEBUG org.apache.http.wire -  << "7f[\r][\n]"
2021-12-14_21:47:40.625 [main] DEBUG org.apache.http.wire -  << "{"accessToken":"d668897ae35b4fcaa4ee33b368fae320","tokenExpiryTime":"15-Dec-2021","responseCode":0,"responseMessage":"Success"}"
2021-12-14_21:47:40.625 [main] DEBUG org.apache.http.wire -  << "[\r][\n]"
2021-12-14_21:47:40.626 [main] DEBUG org.apache.http.wire -  << "0[\r][\n]"
2021-12-14_21:47:40.626 [main] DEBUG org.apache.http.wire -  << "[\r][\n]"
2021-12-14_21:47:40.626 [main] DEBUG o.a.h.i.c.BasicClientConnectionManager - Releasing connection org.apache.http.impl.conn.ManagedClientConnectionImpl@5b90252d
2021-12-14_21:47:40.626 [main] DEBUG o.a.h.i.c.BasicClientConnectionManager - Connection can be kept alive for 60000 MILLISECONDS
2021-12-14_21:47:40.658 [main] INFO  com.qc.BaseAPI - Response :{
    "accessToken": "d668897ae35b4fcaa4ee33b368fae320",
    "tokenExpiryTime": "15-Dec-2021",
    "responseCode": 0,
    "responseMessage": "Success"
}
2021-12-14_21:47:40.661 [main] INFO  com.qc.BaseAPI -  **** GET call Response time 2838 ms
2021-12-14_21:47:40.661 [main] INFO  pl.rest.service.Authorize - Time Taken to perform https://apitest.pineperks.in/auth/V1/generate/token transaction: 2838
2021-12-14_21:47:40.915 [main] INFO  com.qc.qa.utils.TestDataReader - Reading Json data authorizeHeaders
2021-12-14_21:47:40.919 [main] INFO  com.qc.qa.utils.TestDataReader - Reading json data from file @ testData/api/devAPIData.json
2021-12-14_21:47:40.952 [main] INFO  pl.rest.utils.TestSetDataReader - Reading API Test Data config values from  testData/api/_devAPITestData.properties
2021-12-14_21:47:40.953 [main] ERROR com.qc.qa.utils.LoadProperties - Unable to find : testData/api/_devAPITestData.properties---testData\api\_devAPITestData.properties (The system cannot find the file specified)
2021-12-14_21:47:40.954 [main] ERROR pl.rest.utils.TestSetDataReader - Unable to find ::username in API test data properties file , Please add correct property values and check
2021-12-14_21:47:40.955 [main] INFO  pl.rest.service.CardIssue - CardIssue Rest API URL :- https://apitest.pineperks.in/card/order/V1/instant/issue/nonreloadable/digital
2021-12-14_21:47:40.955 [main] INFO  com.qc.BaseAPI - POST call to URL https://apitest.pineperks.in/card/order/V1/instant/issue/nonreloadable/digital
2021-12-14_21:47:40.966 [main] INFO  com.qc.BaseAPI - ********************REQUEST********************
2021-12-14_21:47:40.996 [main] DEBUG o.a.h.i.c.BasicClientConnectionManager - Get connection for route {s}->https://apitest.pineperks.in:443
2021-12-14_21:47:40.997 [main] DEBUG o.a.h.i.c.DefaultClientConnectionOperator - Connecting to apitest.pineperks.in:443
2021-12-14_21:47:41.118 [main] DEBUG o.a.h.c.protocol.RequestAddCookies - CookieSpec selected: ignoreCookies
2021-12-14_21:47:41.119 [main] DEBUG o.a.h.c.protocol.RequestAuthCache - Auth cache not set in the context
2021-12-14_21:47:41.119 [main] DEBUG o.a.h.c.p.RequestTargetAuthentication - Target auth state: UNCHALLENGED
2021-12-14_21:47:41.119 [main] DEBUG o.a.h.c.p.RequestProxyAuthentication - Proxy auth state: UNCHALLENGED
2021-12-14_21:47:41.120 [main] DEBUG o.a.h.impl.client.DefaultHttpClient - Attempt 1 to execute request
2021-12-14_21:47:41.120 [main] DEBUG o.a.h.i.conn.DefaultClientConnection - Sending request: POST /card/order/V1/instant/issue/nonreloadable/digital HTTP/1.1
2021-12-14_21:47:41.120 [main] DEBUG org.apache.http.wire -  >> "POST /card/order/V1/instant/issue/nonreloadable/digital HTTP/1.1[\r][\n]"
2021-12-14_21:47:41.120 [main] DEBUG org.apache.http.wire -  >> "Accept: */*[\r][\n]"
2021-12-14_21:47:41.120 [main] DEBUG org.apache.http.wire -  >> "userName : null[\r][\n]"
2021-12-14_21:47:41.121 [main] DEBUG org.apache.http.wire -  >> "token: d668897ae35b4fcaa4ee33b368fae320[\r][\n]"
2021-12-14_21:47:41.121 [main] DEBUG org.apache.http.wire -  >> "Content-Type: application/json; charset=UTF-8[\r][\n]"
2021-12-14_21:47:41.121 [main] DEBUG org.apache.http.wire -  >> "Content-Length: 246[\r][\n]"
2021-12-14_21:47:41.121 [main] DEBUG org.apache.http.wire -  >> "Host: apitest.pineperks.in[\r][\n]"
2021-12-14_21:47:41.122 [main] DEBUG org.apache.http.wire -  >> "Connection: Keep-Alive[\r][\n]"
2021-12-14_21:47:41.122 [main] DEBUG org.apache.http.wire -  >> "User-Agent: Apache-HttpClient/4.5.2 (Java/1.8.0_202)[\r][\n]"
2021-12-14_21:47:41.122 [main] DEBUG org.apache.http.wire -  >> "Accept-Encoding: gzip,deflate[\r][\n]"
2021-12-14_21:47:41.122 [main] DEBUG org.apache.http.wire -  >> "[\r][\n]"
2021-12-14_21:47:41.122 [main] DEBUG org.apache.http.headers - >> POST /card/order/V1/instant/issue/nonreloadable/digital HTTP/1.1
2021-12-14_21:47:41.122 [main] DEBUG org.apache.http.headers - >> Accept: */*
2021-12-14_21:47:41.122 [main] DEBUG org.apache.http.headers - >> userName : null
2021-12-14_21:47:41.123 [main] DEBUG org.apache.http.headers - >> token: d668897ae35b4fcaa4ee33b368fae320
2021-12-14_21:47:41.123 [main] DEBUG org.apache.http.headers - >> Content-Type: application/json; charset=UTF-8
2021-12-14_21:47:41.123 [main] DEBUG org.apache.http.headers - >> Content-Length: 246
2021-12-14_21:47:41.123 [main] DEBUG org.apache.http.headers - >> Host: apitest.pineperks.in
2021-12-14_21:47:41.123 [main] DEBUG org.apache.http.headers - >> Connection: Keep-Alive
2021-12-14_21:47:41.123 [main] DEBUG org.apache.http.headers - >> User-Agent: Apache-HttpClient/4.5.2 (Java/1.8.0_202)
2021-12-14_21:47:41.123 [main] DEBUG org.apache.http.headers - >> Accept-Encoding: gzip,deflate
2021-12-14_21:47:41.124 [main] DEBUG org.apache.http.wire -  >> "{"isLinkToBeSentOnMobile":true,"checksum":"5x3GNrnStyS2PkMvV6EeAw==","cardDetailList":[{"amount":"1000","mobileNumber":"9876543210","customerName":"APITestOne","email":"afzal.ahmed@pinelabs.com"}],"externalRequestId":"BilHn7C","cardSchemeId":"7"}"
2021-12-14_21:47:41.143 [main] DEBUG org.apache.http.wire -  << "HTTP/1.1 400 [\r][\n]"
2021-12-14_21:47:41.144 [main] DEBUG org.apache.http.wire -  << "Content-Type: text/html;charset=utf-8[\r][\n]"
2021-12-14_21:47:41.144 [main] DEBUG org.apache.http.wire -  << "Content-Language: en[\r][\n]"
2021-12-14_21:47:41.144 [main] DEBUG org.apache.http.wire -  << "Content-Length: 435[\r][\n]"
2021-12-14_21:47:41.144 [main] DEBUG org.apache.http.wire -  << "Date: Tue, 14 Dec 2021 16:17:41 GMT[\r][\n]"
2021-12-14_21:47:41.144 [main] DEBUG org.apache.http.wire -  << "Connection: close[\r][\n]"
2021-12-14_21:47:41.144 [main] DEBUG org.apache.http.wire -  << "[\r][\n]"
2021-12-14_21:47:41.145 [main] DEBUG o.a.h.i.conn.DefaultClientConnection - Receiving response: HTTP/1.1 400 
2021-12-14_21:47:41.146 [main] DEBUG org.apache.http.headers - << HTTP/1.1 400 
2021-12-14_21:47:41.146 [main] DEBUG org.apache.http.headers - << Content-Type: text/html;charset=utf-8
2021-12-14_21:47:41.146 [main] DEBUG org.apache.http.headers - << Content-Language: en
2021-12-14_21:47:41.146 [main] DEBUG org.apache.http.headers - << Content-Length: 435
2021-12-14_21:47:41.146 [main] DEBUG org.apache.http.headers - << Date: Tue, 14 Dec 2021 16:17:41 GMT
2021-12-14_21:47:41.146 [main] DEBUG org.apache.http.headers - << Connection: close
2021-12-14_21:47:41.147 [main] DEBUG i.r.i.RequestSpecificationImpl$RestAssuredHttpBuilder - Parsing response as: text/html;charset=utf-8
2021-12-14_21:47:41.148 [main] DEBUG i.r.i.RequestSpecificationImpl$RestAssuredHttpBuilder - Parsed data to instance of: class org.apache.http.conn.EofSensorInputStream
2021-12-14_21:47:41.150 [main] INFO  com.qc.BaseAPI - Method :POST
2021-12-14_21:47:41.154 [main] INFO  com.qc.BaseAPI - URI :https://apitest.pineperks.in/card/order/V1/instant/issue/nonreloadable/digital
2021-12-14_21:47:41.155 [main] INFO  com.qc.BaseAPI - Headers :token=d668897ae35b4fcaa4ee33b368fae320
userName =null
Accept=*/*
Content-Type=application/json; charset=UTF-8
2021-12-14_21:47:41.155 [main] INFO  com.qc.BaseAPI - Body :{"isLinkToBeSentOnMobile":true,"checksum":"5x3GNrnStyS2PkMvV6EeAw==","cardDetailList":[{"amount":"1000","mobileNumber":"9876543210","customerName":"APITestOne","email":"afzal.ahmed@pinelabs.com"}],"externalRequestId":"BilHn7C","cardSchemeId":"7"}
2021-12-14_21:47:41.155 [main] INFO  com.qc.BaseAPI - ********************RESPONSE********************
2021-12-14_21:47:41.156 [main] DEBUG org.apache.http.wire -  << "<!doctype html><html lang="en"><head><title>HTTP Status 400 [0xe2][0x80][0x93] Bad Request</title><style type="text/css">body {font-family:Tahoma,Arial,sans-serif;} h1, h2, h3, b {color:white;background-color:#525D76;} h1 {font-size:22px;} h2 {font-size:16px;} h3 {font-size:14px;} p {font-size:12px;} a {color:black;} .line {height:1px;background-color:#525D76;border:none;}</style></head><body><h1>HTTP Status 400 [0xe2][0x80][0x93] Bad Request</h1></body></html>"
2021-12-14_21:47:41.156 [main] DEBUG o.a.h.i.c.BasicClientConnectionManager - Releasing connection org.apache.http.impl.conn.ManagedClientConnectionImpl@21bd9d5e
2021-12-14_21:47:41.158 [main] DEBUG o.a.h.i.conn.DefaultClientConnection - Connection 0.0.0.0:63008<->14.143.120.84:443 shut down
2021-12-14_21:47:41.466 [main] INFO  com.qc.BaseAPI - Response :<html lang="en">
  <head>
    <title>HTTP Status 400 – Bad Request</title>
    <style type="text/css">body {font-family:Tahoma,Arial,sans-serif;} h1, h2, h3, b {color:white;background-color:#525D76;} h1 {font-size:22px;} h2 {font-size:16px;} h3 {font-size:14px;} p {font-size:12px;} a {color:black;} .line {height:1px;background-color:#525D76;border:none;}</style>
  </head>
  <body>
    <h1>HTTP Status 400 – Bad Request</h1>
  </body>
</html>
2021-12-14_21:47:41.467 [main] INFO  com.qc.BaseAPI -  **** POST call Response time 181 ms
2021-12-14_21:47:41.467 [main] INFO  pl.rest.service.CardIssue - Time Taken to perform https://apitest.pineperks.in/card/order/V1/instant/issue/nonreloadable/digital transaction: 181
