2022-01-26_00:00:19.108 [main] INFO  com.qc.CukeBase - Cucumber Before web scenario - Validating the expiry date field when updating the expiry duration as 7 days for V1.
2022-01-26_00:00:19.141 [main] INFO  i.g.bonigarcia.wdm.WebDriverManager - Please answer the following questionnaire based on your experience with WebDriverManager. Thanks a lot!
2022-01-26_00:00:19.141 [main] INFO  i.g.bonigarcia.wdm.WebDriverManager - ====> http://tiny.cc/wdm-survey <====
2022-01-26_00:00:21.139 [main] INFO  i.g.bonigarcia.wdm.WebDriverManager - Using chromedriver 97.0.4692.71 (since Chrome 97 is installed in your machine)
2022-01-26_00:00:21.158 [main] DEBUG i.g.bonigarcia.wdm.WebDriverManager - Driver chromedriver 97.0.4692.71 found in cache
2022-01-26_00:00:21.159 [main] INFO  i.g.bonigarcia.wdm.WebDriverManager - Exporting webdriver.chrome.driver as C:\Users\afzal.ahmed\.m2\repository\webdriver\chromedriver\win32\97.0.4692.71\chromedriver.exe
2022-01-26_00:00:22.321 [main] INFO  com.qc.qa.drivers.ChromeDriverManger - Chrome service started
2022-01-26_00:00:26.447 [main] INFO  com.qc.CukeBase - Set new webDriver
2022-01-26_00:00:26.448 [main] INFO  com.qc.CukeBase - Getting webDriver
2022-01-26_00:00:26.992 [main] INFO  com.qc.CukeBase - Getting webDriver
2022-01-26_00:00:26.999 [main] INFO  pl.rest.CustomHooks - SCENARIO NAME: Validating the expiry date field when updating the expiry duration as 7 days for V1.
2022-01-26_00:00:26.999 [main] INFO  pl.rest.CustomHooks - TAG NAMEs: [@Regression, @Web]
2022-01-26_00:00:27.002 [main] INFO  pl.rest.CustomHooks - SCENARIO NAME: Validating the expiry date field when updating the expiry duration as 7 days for V1.
2022-01-26_00:00:27.002 [main] INFO  pl.rest.CustomHooks - TAG NAMEs: [@Regression, @Web]
2022-01-26_00:00:27.003 [main] INFO  pl.rest.CustomHooks - Index: 0, Size: 0
2022-01-26_00:00:27.074 [main] ERROR com.qc.qa.utils.LoadProperties - Missing MySQLDBEnvironment property value in system property or in config.properties files.Please add it if incase required
2022-01-26_00:00:27.075 [main] INFO  com.qc.qa.dbutils.DBPoolProvider - Con pool Total - 400, idle - 0,  Num active - 0
2022-01-26_00:00:27.075 [main] INFO  com.qc.qa.dbutils.DBPoolProvider - Retrieved connection
2022-01-26_00:00:27.725 [main] INFO  c.qc.qa.dbutils.DBConnectionManager - DB Connected Successfully.
2022-01-26_00:00:27.726 [main] INFO  c.qc.qa.dbutils.DBConnectionManager - Executing Query:::update IssuerSystemVariable set value='{  "expiryDurationType" : 1,   "expiryDurationValue" : 7  }' where name='API_TOKEN_EXPIRY_TIME';
2022-01-26_00:00:27.747 [main] INFO  pl.rest.utils.DBUtils - query being executed update IssuerSystemVariable set value='{  "expiryDurationType" : 1,   "expiryDurationValue" : 7  }' where name='API_TOKEN_EXPIRY_TIME';
2022-01-26_00:00:27.748 [main] INFO  pl.rest.utils.DBUtils - number of rows affected 1
2022-01-26_00:00:30.256 [main] INFO  com.qc.qa.ui.BasePage - Navigating to  URL: https://admintest.pineperks.in/
2022-01-26_00:00:30.257 [main] INFO  com.qc.qa.ui.BasePage - Waiting for page to be ready 
2022-01-26_00:00:30.299 [main] INFO  gui.pages.UIActionPages - PinePerks|Login
2022-01-26_00:00:30.356 [main] INFO  com.qc.qa.ui.BasePage - Entering the text -afzal.ahmed@pinelabs.com
2022-01-26_00:00:30.359 [main] INFO  com.qc.qa.ui.BasePage - Waiting for element to clickable 
2022-01-26_00:00:30.513 [main] INFO  com.qc.qa.ui.BasePage - Entering the text -Dashboard@DG1809
2022-01-26_00:00:30.518 [main] INFO  com.qc.qa.ui.BasePage - Waiting for element to clickable 
2022-01-26_00:00:30.690 [main] INFO  com.qc.qa.ui.BasePage - Clicking the element in page
2022-01-26_00:00:30.692 [main] INFO  com.qc.qa.ui.BasePage - Waiting for element to clickable 
2022-01-26_00:00:32.111 [main] INFO  com.qc.qa.ui.BasePage - Waiting for page to be ready 
2022-01-26_00:00:32.126 [main] INFO  com.qc.qa.ui.BasePage - ClickingBy.xpath: //a[@href='/admin/clearCacheData']
2022-01-26_00:00:32.148 [main] INFO  com.qc.qa.ui.BasePage - Waiting for element to clickable 
2022-01-26_00:00:32.615 [main] INFO  com.qc.qa.ui.BasePage - Waiting for page to be ready 
2022-01-26_00:00:32.770 [main] INFO  com.qc.qa.ui.BasePage - ClickingBy.id: pageSubmission
2022-01-26_00:00:32.798 [main] INFO  com.qc.qa.ui.BasePage - Waiting for element to clickable 
2022-01-26_00:00:32.956 [main] INFO  com.qc.qa.ui.BasePage - Waiting for element to be invisible
2022-01-26_00:00:46.376 [main] INFO  com.qc.qa.utils.TestDataReader - Reading API Test Data config values from  testData/api/devAPITestData.properties
2022-01-26_00:00:46.381 [main] INFO  pl.rest.service.Authorize - Authorize Rest API URL :- https://apitest.pineperks.in/auth/V1/generate/token
2022-01-26_00:00:46.381 [main] INFO  com.qc.BaseAPI - GET call to URL https://apitest.pineperks.in/auth/V1/generate/token
2022-01-26_00:00:46.636 [main] INFO  com.qc.BaseAPI - ********************REQUEST********************
2022-01-26_00:00:47.117 [main] DEBUG o.a.h.i.c.BasicClientConnectionManager - Get connection for route {s}->https://apitest.pineperks.in:443
2022-01-26_00:00:47.128 [main] DEBUG o.a.h.i.c.DefaultClientConnectionOperator - Connecting to apitest.pineperks.in:443
2022-01-26_00:00:47.352 [main] DEBUG o.a.h.c.protocol.RequestAddCookies - CookieSpec selected: ignoreCookies
2022-01-26_00:00:47.354 [main] DEBUG o.a.h.c.protocol.RequestAuthCache - Auth cache not set in the context
2022-01-26_00:00:47.354 [main] DEBUG o.a.h.c.p.RequestTargetAuthentication - Target auth state: UNCHALLENGED
2022-01-26_00:00:47.355 [main] DEBUG o.a.h.c.p.RequestProxyAuthentication - Proxy auth state: UNCHALLENGED
2022-01-26_00:00:47.355 [main] DEBUG o.a.h.impl.client.DefaultHttpClient - Attempt 1 to execute request
2022-01-26_00:00:47.355 [main] DEBUG o.a.h.i.conn.DefaultClientConnection - Sending request: GET /auth/V1/generate/token HTTP/1.1
2022-01-26_00:00:47.356 [main] DEBUG org.apache.http.wire -  >> "GET /auth/V1/generate/token HTTP/1.1[\r][\n]"
2022-01-26_00:00:47.357 [main] DEBUG org.apache.http.wire -  >> "Content-Type: application/json; charset=UTF-8[\r][\n]"
2022-01-26_00:00:47.357 [main] DEBUG org.apache.http.wire -  >> "Accept: */*[\r][\n]"
2022-01-26_00:00:47.357 [main] DEBUG org.apache.http.wire -  >> "userName: A0aCcnPzDANtKmvSLPKcaw==[\r][\n]"
2022-01-26_00:00:47.357 [main] DEBUG org.apache.http.wire -  >> "Host: apitest.pineperks.in[\r][\n]"
2022-01-26_00:00:47.358 [main] DEBUG org.apache.http.wire -  >> "Connection: Keep-Alive[\r][\n]"
2022-01-26_00:00:47.358 [main] DEBUG org.apache.http.wire -  >> "User-Agent: Apache-HttpClient/4.5.2 (Java/1.8.0_202)[\r][\n]"
2022-01-26_00:00:47.358 [main] DEBUG org.apache.http.wire -  >> "Accept-Encoding: gzip,deflate[\r][\n]"
2022-01-26_00:00:47.358 [main] DEBUG org.apache.http.wire -  >> "[\r][\n]"
2022-01-26_00:00:47.358 [main] DEBUG org.apache.http.headers - >> GET /auth/V1/generate/token HTTP/1.1
2022-01-26_00:00:47.358 [main] DEBUG org.apache.http.headers - >> Content-Type: application/json; charset=UTF-8
2022-01-26_00:00:47.359 [main] DEBUG org.apache.http.headers - >> Accept: */*
2022-01-26_00:00:47.359 [main] DEBUG org.apache.http.headers - >> userName: A0aCcnPzDANtKmvSLPKcaw==
2022-01-26_00:00:47.359 [main] DEBUG org.apache.http.headers - >> Host: apitest.pineperks.in
2022-01-26_00:00:47.359 [main] DEBUG org.apache.http.headers - >> Connection: Keep-Alive
2022-01-26_00:00:47.359 [main] DEBUG org.apache.http.headers - >> User-Agent: Apache-HttpClient/4.5.2 (Java/1.8.0_202)
2022-01-26_00:00:47.359 [main] DEBUG org.apache.http.headers - >> Accept-Encoding: gzip,deflate
2022-01-26_00:00:47.675 [main] DEBUG org.apache.http.wire -  << "HTTP/1.1 200 [\r][\n]"
2022-01-26_00:00:47.679 [main] DEBUG org.apache.http.wire -  << "Access-Control-Allow-Methods: GET, POST[\r][\n]"
2022-01-26_00:00:47.680 [main] DEBUG org.apache.http.wire -  << "Access-Control-Allow-Origin: *[\r][\n]"
2022-01-26_00:00:47.680 [main] DEBUG org.apache.http.wire -  << "Content-Security-Policy: default-src 'none'[\r][\n]"
2022-01-26_00:00:47.680 [main] DEBUG org.apache.http.wire -  << "Feature-Policy: 'none'[\r][\n]"
2022-01-26_00:00:47.681 [main] DEBUG org.apache.http.wire -  << "Referrer-Policy: no-referrer[\r][\n]"
2022-01-26_00:00:47.681 [main] DEBUG org.apache.http.wire -  << "Strict-Transport-Security: max-age=31536000 ; includeSubDomains[\r][\n]"
2022-01-26_00:00:47.681 [main] DEBUG org.apache.http.wire -  << "Date: Tue, 25 Jan 2022 18:30:47 GMT[\r][\n]"
2022-01-26_00:00:47.681 [main] DEBUG org.apache.http.wire -  << "Keep-Alive: timeout=60[\r][\n]"
2022-01-26_00:00:47.682 [main] DEBUG org.apache.http.wire -  << "Content-Type: application/json[\r][\n]"
2022-01-26_00:00:47.682 [main] DEBUG org.apache.http.wire -  << "Transfer-Encoding: chunked[\r][\n]"
2022-01-26_00:00:47.682 [main] DEBUG org.apache.http.wire -  << "Connection: keep-alive[\r][\n]"
2022-01-26_00:00:47.682 [main] DEBUG org.apache.http.wire -  << "[\r][\n]"
2022-01-26_00:00:47.683 [main] DEBUG o.a.h.i.conn.DefaultClientConnection - Receiving response: HTTP/1.1 200 
2022-01-26_00:00:47.684 [main] DEBUG org.apache.http.headers - << HTTP/1.1 200 
2022-01-26_00:00:47.684 [main] DEBUG org.apache.http.headers - << Access-Control-Allow-Methods: GET, POST
2022-01-26_00:00:47.684 [main] DEBUG org.apache.http.headers - << Access-Control-Allow-Origin: *
2022-01-26_00:00:47.684 [main] DEBUG org.apache.http.headers - << Content-Security-Policy: default-src 'none'
2022-01-26_00:00:47.684 [main] DEBUG org.apache.http.headers - << Feature-Policy: 'none'
2022-01-26_00:00:47.684 [main] DEBUG org.apache.http.headers - << Referrer-Policy: no-referrer
2022-01-26_00:00:47.684 [main] DEBUG org.apache.http.headers - << Strict-Transport-Security: max-age=31536000 ; includeSubDomains
2022-01-26_00:00:47.684 [main] DEBUG org.apache.http.headers - << Date: Tue, 25 Jan 2022 18:30:47 GMT
2022-01-26_00:00:47.685 [main] DEBUG org.apache.http.headers - << Keep-Alive: timeout=60
2022-01-26_00:00:47.685 [main] DEBUG org.apache.http.headers - << Content-Type: application/json
2022-01-26_00:00:47.685 [main] DEBUG org.apache.http.headers - << Transfer-Encoding: chunked
2022-01-26_00:00:47.685 [main] DEBUG org.apache.http.headers - << Connection: keep-alive
2022-01-26_00:00:47.695 [main] DEBUG o.a.h.impl.client.DefaultHttpClient - Connection can be kept alive for 60000 MILLISECONDS
2022-01-26_00:00:47.731 [main] DEBUG i.r.i.RequestSpecificationImpl$RestAssuredHttpBuilder - Parsing response as: application/json
2022-01-26_00:00:47.731 [main] DEBUG i.r.i.RequestSpecificationImpl$RestAssuredHttpBuilder - Parsed data to instance of: class org.apache.http.conn.EofSensorInputStream
2022-01-26_00:00:47.751 [main] INFO  com.qc.BaseAPI - Method :GET
2022-01-26_00:00:47.753 [main] INFO  com.qc.BaseAPI - URI :https://apitest.pineperks.in/auth/V1/generate/token
2022-01-26_00:00:47.753 [main] INFO  com.qc.BaseAPI - Headers :userName=A0aCcnPzDANtKmvSLPKcaw==
Accept=*/*
Content-Type=application/json; charset=UTF-8
2022-01-26_00:00:47.753 [main] INFO  com.qc.BaseAPI - Body :null
2022-01-26_00:00:47.753 [main] INFO  com.qc.BaseAPI - ********************RESPONSE********************
2022-01-26_00:00:47.767 [main] DEBUG org.apache.http.wire -  << "7f[\r][\n]"
2022-01-26_00:00:47.768 [main] DEBUG org.apache.http.wire -  << "{"accessToken":"78f6f0a7366c498a8ba7d2aeb8ecd91a","tokenExpiryTime":"02-Feb-2022","responseCode":0,"responseMessage":"Success"}"
2022-01-26_00:00:47.769 [main] DEBUG org.apache.http.wire -  << "[\r][\n]"
2022-01-26_00:00:47.770 [main] DEBUG org.apache.http.wire -  << "0[\r][\n]"
2022-01-26_00:00:47.770 [main] DEBUG org.apache.http.wire -  << "[\r][\n]"
2022-01-26_00:00:47.770 [main] DEBUG o.a.h.i.c.BasicClientConnectionManager - Releasing connection org.apache.http.impl.conn.ManagedClientConnectionImpl@5a5e0a85
2022-01-26_00:00:47.770 [main] DEBUG o.a.h.i.c.BasicClientConnectionManager - Connection can be kept alive for 60000 MILLISECONDS
2022-01-26_00:00:47.800 [main] INFO  com.qc.BaseAPI - Response :{
    "accessToken": "78f6f0a7366c498a8ba7d2aeb8ecd91a",
    "tokenExpiryTime": "02-Feb-2022",
    "responseCode": 0,
    "responseMessage": "Success"
}
2022-01-26_00:00:47.802 [main] INFO  com.qc.BaseAPI -  **** GET call Response time 1098 ms
2022-01-26_00:00:47.803 [main] INFO  pl.rest.service.Authorize - Time Taken to perform https://apitest.pineperks.in/auth/V1/generate/token transaction: 1098
2022-01-26_00:00:47.894 [main] INFO  p.rest.stepDefs.TransactionsStepDefs - Expected date 02-Feb-2022
2022-01-26_00:00:47.895 [main] INFO  p.rest.stepDefs.TransactionsStepDefs - actual Date 02-Feb-2022
2022-01-26_00:00:47.939 [main] DEBUG com.qc.qa.ui.BasePage - No Alert displayed
2022-01-26_00:00:48.132 [main] INFO  com.qc.CukeBase - Closing driver
2022-01-26_00:00:49.208 [main] INFO  com.qc.CukeBase - Cucumber Before web scenario - Validating the expiry date field when updating the expiry duration as 2 Month for V1.
2022-01-26_00:00:49.225 [main] INFO  i.g.bonigarcia.wdm.WebDriverManager - Please answer the following questionnaire based on your experience with WebDriverManager. Thanks a lot!
2022-01-26_00:00:49.225 [main] INFO  i.g.bonigarcia.wdm.WebDriverManager - ====> http://tiny.cc/wdm-survey <====
2022-01-26_00:00:49.232 [main] INFO  i.g.bonigarcia.wdm.WebDriverManager - Using chromedriver 97.0.4692.71 (since Chrome 97 is installed in your machine)
2022-01-26_00:00:49.236 [main] DEBUG i.g.bonigarcia.wdm.WebDriverManager - Driver chromedriver 97.0.4692.71 found in cache
2022-01-26_00:00:49.237 [main] INFO  i.g.bonigarcia.wdm.WebDriverManager - Exporting webdriver.chrome.driver as C:\Users\afzal.ahmed\.m2\repository\webdriver\chromedriver\win32\97.0.4692.71\chromedriver.exe
2022-01-26_00:00:50.322 [main] INFO  com.qc.qa.drivers.ChromeDriverManger - Chrome service started
2022-01-26_00:00:54.473 [main] INFO  com.qc.CukeBase - Set new webDriver
2022-01-26_00:00:54.476 [main] INFO  com.qc.CukeBase - Getting webDriver
2022-01-26_00:00:55.149 [main] INFO  com.qc.CukeBase - Getting webDriver
2022-01-26_00:00:55.150 [main] INFO  pl.rest.CustomHooks - SCENARIO NAME: Validating the expiry date field when updating the expiry duration as 2 Month for V1.
2022-01-26_00:00:55.151 [main] INFO  pl.rest.CustomHooks - TAG NAMEs: [@Regression, @Web]
2022-01-26_00:00:55.151 [main] INFO  pl.rest.CustomHooks - SCENARIO NAME: Validating the expiry date field when updating the expiry duration as 2 Month for V1.
2022-01-26_00:00:55.152 [main] INFO  pl.rest.CustomHooks - TAG NAMEs: [@Regression, @Web]
2022-01-26_00:00:55.152 [main] INFO  pl.rest.CustomHooks - Index: 0, Size: 0
2022-01-26_00:00:55.154 [main] INFO  com.qc.qa.dbutils.DBPoolProvider - Con pool Total - 400, idle - 1,  Num active - 0
2022-01-26_00:00:55.154 [main] INFO  com.qc.qa.dbutils.DBPoolProvider - Retrieved connection
2022-01-26_00:00:55.234 [main] INFO  c.qc.qa.dbutils.DBConnectionManager - DB Connected Successfully.
2022-01-26_00:00:55.234 [main] INFO  c.qc.qa.dbutils.DBConnectionManager - Executing Query:::update IssuerSystemVariable set value='{  "expiryDurationType" : 2,   "expiryDurationValue" : 2  }' where name='API_TOKEN_EXPIRY_TIME';
2022-01-26_00:00:55.272 [main] INFO  pl.rest.utils.DBUtils - query being executed update IssuerSystemVariable set value='{  "expiryDurationType" : 2,   "expiryDurationValue" : 2  }' where name='API_TOKEN_EXPIRY_TIME';
2022-01-26_00:00:55.272 [main] INFO  pl.rest.utils.DBUtils - number of rows affected 1
2022-01-26_00:01:00.352 [main] INFO  com.qc.qa.ui.BasePage - Navigating to  URL: https://admintest.pineperks.in/
2022-01-26_00:01:00.353 [main] INFO  com.qc.qa.ui.BasePage - Waiting for page to be ready 
2022-01-26_00:01:00.372 [main] INFO  gui.pages.UIActionPages - PinePerks|Login
2022-01-26_00:01:00.433 [main] INFO  com.qc.qa.ui.BasePage - Entering the text -afzal.ahmed@pinelabs.com
2022-01-26_00:01:00.435 [main] INFO  com.qc.qa.ui.BasePage - Waiting for element to clickable 
2022-01-26_00:01:00.566 [main] INFO  com.qc.qa.ui.BasePage - Entering the text -Dashboard@DG1809
2022-01-26_00:01:00.569 [main] INFO  com.qc.qa.ui.BasePage - Waiting for element to clickable 
2022-01-26_00:01:00.731 [main] INFO  com.qc.qa.ui.BasePage - Clicking the element in page
2022-01-26_00:01:00.734 [main] INFO  com.qc.qa.ui.BasePage - Waiting for element to clickable 
2022-01-26_00:01:02.591 [main] INFO  com.qc.qa.ui.BasePage - Waiting for page to be ready 
2022-01-26_00:01:02.606 [main] INFO  com.qc.qa.ui.BasePage - ClickingBy.xpath: //a[@href='/admin/clearCacheData']
2022-01-26_00:01:02.631 [main] INFO  com.qc.qa.ui.BasePage - Waiting for element to clickable 
2022-01-26_00:01:03.141 [main] INFO  com.qc.qa.ui.BasePage - Waiting for page to be ready 
2022-01-26_00:01:03.272 [main] INFO  com.qc.qa.ui.BasePage - ClickingBy.id: pageSubmission
2022-01-26_00:01:03.293 [main] INFO  com.qc.qa.ui.BasePage - Waiting for element to clickable 
2022-01-26_00:01:03.552 [main] INFO  com.qc.qa.ui.BasePage - Waiting for element to be invisible
2022-01-26_00:01:16.025 [main] INFO  pl.rest.service.Authorize - Authorize Rest API URL :- https://apitest.pineperks.in/auth/V1/generate/token
2022-01-26_00:01:16.026 [main] INFO  com.qc.BaseAPI - GET call to URL https://apitest.pineperks.in/auth/V1/generate/token
2022-01-26_00:01:16.030 [main] INFO  com.qc.BaseAPI - ********************REQUEST********************
2022-01-26_00:01:16.044 [main] DEBUG o.a.h.i.c.BasicClientConnectionManager - Get connection for route {s}->https://apitest.pineperks.in:443
2022-01-26_00:01:16.045 [main] DEBUG o.a.h.i.c.DefaultClientConnectionOperator - Connecting to apitest.pineperks.in:443
2022-01-26_00:01:16.356 [main] DEBUG o.a.h.c.protocol.RequestAddCookies - CookieSpec selected: ignoreCookies
2022-01-26_00:01:16.356 [main] DEBUG o.a.h.c.protocol.RequestAuthCache - Auth cache not set in the context
2022-01-26_00:01:16.356 [main] DEBUG o.a.h.c.p.RequestTargetAuthentication - Target auth state: UNCHALLENGED
2022-01-26_00:01:16.357 [main] DEBUG o.a.h.c.p.RequestProxyAuthentication - Proxy auth state: UNCHALLENGED
2022-01-26_00:01:16.357 [main] DEBUG o.a.h.impl.client.DefaultHttpClient - Attempt 1 to execute request
2022-01-26_00:01:16.357 [main] DEBUG o.a.h.i.conn.DefaultClientConnection - Sending request: GET /auth/V1/generate/token HTTP/1.1
2022-01-26_00:01:16.357 [main] DEBUG org.apache.http.wire -  >> "GET /auth/V1/generate/token HTTP/1.1[\r][\n]"
2022-01-26_00:01:16.358 [main] DEBUG org.apache.http.wire -  >> "Content-Type: application/json; charset=UTF-8[\r][\n]"
2022-01-26_00:01:16.358 [main] DEBUG org.apache.http.wire -  >> "Accept: */*[\r][\n]"
2022-01-26_00:01:16.358 [main] DEBUG org.apache.http.wire -  >> "userName: A0aCcnPzDANtKmvSLPKcaw==[\r][\n]"
2022-01-26_00:01:16.358 [main] DEBUG org.apache.http.wire -  >> "Host: apitest.pineperks.in[\r][\n]"
2022-01-26_00:01:16.358 [main] DEBUG org.apache.http.wire -  >> "Connection: Keep-Alive[\r][\n]"
2022-01-26_00:01:16.359 [main] DEBUG org.apache.http.wire -  >> "User-Agent: Apache-HttpClient/4.5.2 (Java/1.8.0_202)[\r][\n]"
2022-01-26_00:01:16.359 [main] DEBUG org.apache.http.wire -  >> "Accept-Encoding: gzip,deflate[\r][\n]"
2022-01-26_00:01:16.359 [main] DEBUG org.apache.http.wire -  >> "[\r][\n]"
2022-01-26_00:01:16.359 [main] DEBUG org.apache.http.headers - >> GET /auth/V1/generate/token HTTP/1.1
2022-01-26_00:01:16.360 [main] DEBUG org.apache.http.headers - >> Content-Type: application/json; charset=UTF-8
2022-01-26_00:01:16.360 [main] DEBUG org.apache.http.headers - >> Accept: */*
2022-01-26_00:01:16.360 [main] DEBUG org.apache.http.headers - >> userName: A0aCcnPzDANtKmvSLPKcaw==
2022-01-26_00:01:16.360 [main] DEBUG org.apache.http.headers - >> Host: apitest.pineperks.in
2022-01-26_00:01:16.361 [main] DEBUG org.apache.http.headers - >> Connection: Keep-Alive
2022-01-26_00:01:16.361 [main] DEBUG org.apache.http.headers - >> User-Agent: Apache-HttpClient/4.5.2 (Java/1.8.0_202)
2022-01-26_00:01:16.361 [main] DEBUG org.apache.http.headers - >> Accept-Encoding: gzip,deflate
2022-01-26_00:01:16.390 [main] DEBUG org.apache.http.wire -  << "HTTP/1.1 200 [\r][\n]"
2022-01-26_00:01:16.391 [main] DEBUG org.apache.http.wire -  << "Access-Control-Allow-Methods: GET, POST[\r][\n]"
2022-01-26_00:01:16.391 [main] DEBUG org.apache.http.wire -  << "Access-Control-Allow-Origin: *[\r][\n]"
2022-01-26_00:01:16.391 [main] DEBUG org.apache.http.wire -  << "Content-Security-Policy: default-src 'none'[\r][\n]"
2022-01-26_00:01:16.391 [main] DEBUG org.apache.http.wire -  << "Feature-Policy: 'none'[\r][\n]"
2022-01-26_00:01:16.392 [main] DEBUG org.apache.http.wire -  << "Referrer-Policy: no-referrer[\r][\n]"
2022-01-26_00:01:16.392 [main] DEBUG org.apache.http.wire -  << "Strict-Transport-Security: max-age=31536000 ; includeSubDomains[\r][\n]"
2022-01-26_00:01:16.392 [main] DEBUG org.apache.http.wire -  << "Date: Tue, 25 Jan 2022 18:31:16 GMT[\r][\n]"
2022-01-26_00:01:16.392 [main] DEBUG org.apache.http.wire -  << "Keep-Alive: timeout=60[\r][\n]"
2022-01-26_00:01:16.392 [main] DEBUG org.apache.http.wire -  << "Content-Type: application/json[\r][\n]"
2022-01-26_00:01:16.392 [main] DEBUG org.apache.http.wire -  << "Transfer-Encoding: chunked[\r][\n]"
2022-01-26_00:01:16.392 [main] DEBUG org.apache.http.wire -  << "Connection: keep-alive[\r][\n]"
2022-01-26_00:01:16.393 [main] DEBUG org.apache.http.wire -  << "[\r][\n]"
2022-01-26_00:01:16.393 [main] DEBUG o.a.h.i.conn.DefaultClientConnection - Receiving response: HTTP/1.1 200 
2022-01-26_00:01:16.393 [main] DEBUG org.apache.http.headers - << HTTP/1.1 200 
2022-01-26_00:01:16.393 [main] DEBUG org.apache.http.headers - << Access-Control-Allow-Methods: GET, POST
2022-01-26_00:01:16.393 [main] DEBUG org.apache.http.headers - << Access-Control-Allow-Origin: *
2022-01-26_00:01:16.393 [main] DEBUG org.apache.http.headers - << Content-Security-Policy: default-src 'none'
2022-01-26_00:01:16.394 [main] DEBUG org.apache.http.headers - << Feature-Policy: 'none'
2022-01-26_00:01:16.394 [main] DEBUG org.apache.http.headers - << Referrer-Policy: no-referrer
2022-01-26_00:01:16.394 [main] DEBUG org.apache.http.headers - << Strict-Transport-Security: max-age=31536000 ; includeSubDomains
2022-01-26_00:01:16.394 [main] DEBUG org.apache.http.headers - << Date: Tue, 25 Jan 2022 18:31:16 GMT
2022-01-26_00:01:16.394 [main] DEBUG org.apache.http.headers - << Keep-Alive: timeout=60
2022-01-26_00:01:16.394 [main] DEBUG org.apache.http.headers - << Content-Type: application/json
2022-01-26_00:01:16.394 [main] DEBUG org.apache.http.headers - << Transfer-Encoding: chunked
2022-01-26_00:01:16.394 [main] DEBUG org.apache.http.headers - << Connection: keep-alive
2022-01-26_00:01:16.394 [main] DEBUG o.a.h.impl.client.DefaultHttpClient - Connection can be kept alive for 60000 MILLISECONDS
2022-01-26_00:01:16.395 [main] DEBUG i.r.i.RequestSpecificationImpl$RestAssuredHttpBuilder - Parsing response as: application/json
2022-01-26_00:01:16.395 [main] DEBUG i.r.i.RequestSpecificationImpl$RestAssuredHttpBuilder - Parsed data to instance of: class org.apache.http.conn.EofSensorInputStream
2022-01-26_00:01:16.397 [main] INFO  com.qc.BaseAPI - Method :GET
2022-01-26_00:01:16.400 [main] INFO  com.qc.BaseAPI - URI :https://apitest.pineperks.in/auth/V1/generate/token
2022-01-26_00:01:16.400 [main] INFO  com.qc.BaseAPI - Headers :userName=A0aCcnPzDANtKmvSLPKcaw==
Accept=*/*
Content-Type=application/json; charset=UTF-8
2022-01-26_00:01:16.401 [main] INFO  com.qc.BaseAPI - Body :null
2022-01-26_00:01:16.401 [main] INFO  com.qc.BaseAPI - ********************RESPONSE********************
2022-01-26_00:01:16.401 [main] DEBUG org.apache.http.wire -  << "7f[\r][\n]"
2022-01-26_00:01:16.401 [main] DEBUG org.apache.http.wire -  << "{"accessToken":"3385da579f334677a08c85956681ce7e","tokenExpiryTime":"26-Mar-2022","responseCode":0,"responseMessage":"Success"}"
2022-01-26_00:01:16.401 [main] DEBUG org.apache.http.wire -  << "[\r][\n]"
2022-01-26_00:01:16.402 [main] DEBUG org.apache.http.wire -  << "0[\r][\n]"
2022-01-26_00:01:16.402 [main] DEBUG org.apache.http.wire -  << "[\r][\n]"
2022-01-26_00:01:16.402 [main] DEBUG o.a.h.i.c.BasicClientConnectionManager - Releasing connection org.apache.http.impl.conn.ManagedClientConnectionImpl@21df83b9
2022-01-26_00:01:16.402 [main] DEBUG o.a.h.i.c.BasicClientConnectionManager - Connection can be kept alive for 60000 MILLISECONDS
2022-01-26_00:01:16.403 [main] INFO  com.qc.BaseAPI - Response :{
    "accessToken": "3385da579f334677a08c85956681ce7e",
    "tokenExpiryTime": "26-Mar-2022",
    "responseCode": 0,
    "responseMessage": "Success"
}
2022-01-26_00:01:16.405 [main] INFO  com.qc.BaseAPI -  **** GET call Response time 364 ms
2022-01-26_00:01:16.405 [main] INFO  pl.rest.service.Authorize - Time Taken to perform https://apitest.pineperks.in/auth/V1/generate/token transaction: 364
2022-01-26_00:01:16.412 [main] INFO  p.rest.stepDefs.TransactionsStepDefs - Expected date 26-Mar-2022
2022-01-26_00:01:16.412 [main] INFO  p.rest.stepDefs.TransactionsStepDefs - actual Date 26-Mar-2022
2022-01-26_00:01:16.415 [main] DEBUG com.qc.qa.ui.BasePage - No Alert displayed
2022-01-26_00:01:16.496 [main] INFO  com.qc.CukeBase - Closing driver
2022-01-26_00:01:17.580 [main] INFO  com.qc.CukeBase - Cucumber Before web scenario - Validating the expiry date field when updating the expiry duration as 2 Year for V1.
2022-01-26_00:01:17.586 [main] INFO  i.g.bonigarcia.wdm.WebDriverManager - Please answer the following questionnaire based on your experience with WebDriverManager. Thanks a lot!
2022-01-26_00:01:17.586 [main] INFO  i.g.bonigarcia.wdm.WebDriverManager - ====> http://tiny.cc/wdm-survey <====
2022-01-26_00:01:17.591 [main] INFO  i.g.bonigarcia.wdm.WebDriverManager - Using chromedriver 97.0.4692.71 (since Chrome 97 is installed in your machine)
2022-01-26_00:01:17.594 [main] DEBUG i.g.bonigarcia.wdm.WebDriverManager - Driver chromedriver 97.0.4692.71 found in cache
2022-01-26_00:01:17.595 [main] INFO  i.g.bonigarcia.wdm.WebDriverManager - Exporting webdriver.chrome.driver as C:\Users\afzal.ahmed\.m2\repository\webdriver\chromedriver\win32\97.0.4692.71\chromedriver.exe
2022-01-26_00:01:18.682 [main] INFO  com.qc.qa.drivers.ChromeDriverManger - Chrome service started
2022-01-26_00:01:21.858 [main] INFO  com.qc.CukeBase - Set new webDriver
2022-01-26_00:01:21.859 [main] INFO  com.qc.CukeBase - Getting webDriver
2022-01-26_00:01:22.439 [main] INFO  com.qc.CukeBase - Getting webDriver
2022-01-26_00:01:22.439 [main] INFO  pl.rest.CustomHooks - SCENARIO NAME: Validating the expiry date field when updating the expiry duration as 2 Year for V1.
2022-01-26_00:01:22.440 [main] INFO  pl.rest.CustomHooks - TAG NAMEs: [@Regression, @Web]
2022-01-26_00:01:22.440 [main] INFO  pl.rest.CustomHooks - SCENARIO NAME: Validating the expiry date field when updating the expiry duration as 2 Year for V1.
2022-01-26_00:01:22.440 [main] INFO  pl.rest.CustomHooks - TAG NAMEs: [@Regression, @Web]
2022-01-26_00:01:22.440 [main] INFO  pl.rest.CustomHooks - Index: 0, Size: 0
2022-01-26_00:01:22.442 [main] INFO  com.qc.qa.dbutils.DBPoolProvider - Con pool Total - 400, idle - 1,  Num active - 0
2022-01-26_00:01:22.443 [main] INFO  com.qc.qa.dbutils.DBPoolProvider - Retrieved connection
2022-01-26_00:01:22.452 [main] INFO  c.qc.qa.dbutils.DBConnectionManager - DB Connected Successfully.
2022-01-26_00:01:22.452 [main] INFO  c.qc.qa.dbutils.DBConnectionManager - Executing Query:::update IssuerSystemVariable set value='{  "expiryDurationType" : 3,   "expiryDurationValue" : 2  }' where name='API_TOKEN_EXPIRY_TIME';
2022-01-26_00:01:22.462 [main] INFO  pl.rest.utils.DBUtils - query being executed update IssuerSystemVariable set value='{  "expiryDurationType" : 3,   "expiryDurationValue" : 2  }' where name='API_TOKEN_EXPIRY_TIME';
2022-01-26_00:01:22.462 [main] INFO  pl.rest.utils.DBUtils - number of rows affected 1
2022-01-26_00:01:26.027 [main] INFO  com.qc.qa.ui.BasePage - Navigating to  URL: https://admintest.pineperks.in/
2022-01-26_00:01:26.028 [main] INFO  com.qc.qa.ui.BasePage - Waiting for page to be ready 
2022-01-26_00:01:26.053 [main] INFO  gui.pages.UIActionPages - PinePerks|Login
2022-01-26_00:01:26.086 [main] INFO  com.qc.qa.ui.BasePage - Entering the text -afzal.ahmed@pinelabs.com
2022-01-26_00:01:26.088 [main] INFO  com.qc.qa.ui.BasePage - Waiting for element to clickable 
2022-01-26_00:01:26.252 [main] INFO  com.qc.qa.ui.BasePage - Entering the text -Dashboard@DG1809
2022-01-26_00:01:26.254 [main] INFO  com.qc.qa.ui.BasePage - Waiting for element to clickable 
2022-01-26_00:01:26.381 [main] INFO  com.qc.qa.ui.BasePage - Clicking the element in page
2022-01-26_00:01:26.383 [main] INFO  com.qc.qa.ui.BasePage - Waiting for element to clickable 
2022-01-26_00:01:28.035 [main] INFO  com.qc.qa.ui.BasePage - Waiting for page to be ready 
2022-01-26_00:01:28.061 [main] INFO  com.qc.qa.ui.BasePage - ClickingBy.xpath: //a[@href='/admin/clearCacheData']
2022-01-26_00:01:28.084 [main] INFO  com.qc.qa.ui.BasePage - Waiting for element to clickable 
2022-01-26_00:01:28.626 [main] INFO  com.qc.qa.ui.BasePage - Waiting for page to be ready 
2022-01-26_00:01:28.761 [main] INFO  com.qc.qa.ui.BasePage - ClickingBy.id: pageSubmission
2022-01-26_00:01:28.810 [main] INFO  com.qc.qa.ui.BasePage - Waiting for element to clickable 
2022-01-26_00:01:28.934 [main] INFO  com.qc.qa.ui.BasePage - Waiting for element to be invisible
2022-01-26_00:01:41.300 [Finalizer] DEBUG o.a.h.i.conn.DefaultClientConnection - Connection 0.0.0.0:58688<->14.143.120.84:443 closed
2022-01-26_00:01:41.339 [main] INFO  pl.rest.service.Authorize - Authorize Rest API URL :- https://apitest.pineperks.in/auth/V1/generate/token
2022-01-26_00:01:41.339 [main] INFO  com.qc.BaseAPI - GET call to URL https://apitest.pineperks.in/auth/V1/generate/token
2022-01-26_00:01:41.343 [main] INFO  com.qc.BaseAPI - ********************REQUEST********************
2022-01-26_00:01:41.355 [main] DEBUG o.a.h.i.c.BasicClientConnectionManager - Get connection for route {s}->https://apitest.pineperks.in:443
2022-01-26_00:01:41.371 [main] DEBUG o.a.h.i.c.DefaultClientConnectionOperator - Connecting to apitest.pineperks.in:443
2022-01-26_00:01:41.499 [main] DEBUG o.a.h.c.protocol.RequestAddCookies - CookieSpec selected: ignoreCookies
2022-01-26_00:01:41.500 [main] DEBUG o.a.h.c.protocol.RequestAuthCache - Auth cache not set in the context
2022-01-26_00:01:41.500 [main] DEBUG o.a.h.c.p.RequestTargetAuthentication - Target auth state: UNCHALLENGED
2022-01-26_00:01:41.500 [main] DEBUG o.a.h.c.p.RequestProxyAuthentication - Proxy auth state: UNCHALLENGED
2022-01-26_00:01:41.501 [main] DEBUG o.a.h.impl.client.DefaultHttpClient - Attempt 1 to execute request
2022-01-26_00:01:41.502 [main] DEBUG o.a.h.i.conn.DefaultClientConnection - Sending request: GET /auth/V1/generate/token HTTP/1.1
2022-01-26_00:01:41.502 [main] DEBUG org.apache.http.wire -  >> "GET /auth/V1/generate/token HTTP/1.1[\r][\n]"
2022-01-26_00:01:41.502 [main] DEBUG org.apache.http.wire -  >> "Content-Type: application/json; charset=UTF-8[\r][\n]"
2022-01-26_00:01:41.502 [main] DEBUG org.apache.http.wire -  >> "Accept: */*[\r][\n]"
2022-01-26_00:01:41.502 [main] DEBUG org.apache.http.wire -  >> "userName: A0aCcnPzDANtKmvSLPKcaw==[\r][\n]"
2022-01-26_00:01:41.502 [main] DEBUG org.apache.http.wire -  >> "Host: apitest.pineperks.in[\r][\n]"
2022-01-26_00:01:41.502 [main] DEBUG org.apache.http.wire -  >> "Connection: Keep-Alive[\r][\n]"
2022-01-26_00:01:41.502 [main] DEBUG org.apache.http.wire -  >> "User-Agent: Apache-HttpClient/4.5.2 (Java/1.8.0_202)[\r][\n]"
2022-01-26_00:01:41.502 [main] DEBUG org.apache.http.wire -  >> "Accept-Encoding: gzip,deflate[\r][\n]"
2022-01-26_00:01:41.502 [main] DEBUG org.apache.http.wire -  >> "[\r][\n]"
2022-01-26_00:01:41.502 [main] DEBUG org.apache.http.headers - >> GET /auth/V1/generate/token HTTP/1.1
2022-01-26_00:01:41.502 [main] DEBUG org.apache.http.headers - >> Content-Type: application/json; charset=UTF-8
2022-01-26_00:01:41.503 [main] DEBUG org.apache.http.headers - >> Accept: */*
2022-01-26_00:01:41.503 [main] DEBUG org.apache.http.headers - >> userName: A0aCcnPzDANtKmvSLPKcaw==
2022-01-26_00:01:41.503 [main] DEBUG org.apache.http.headers - >> Host: apitest.pineperks.in
2022-01-26_00:01:41.503 [main] DEBUG org.apache.http.headers - >> Connection: Keep-Alive
2022-01-26_00:01:41.503 [main] DEBUG org.apache.http.headers - >> User-Agent: Apache-HttpClient/4.5.2 (Java/1.8.0_202)
2022-01-26_00:01:41.504 [main] DEBUG org.apache.http.headers - >> Accept-Encoding: gzip,deflate
2022-01-26_00:01:41.542 [main] DEBUG org.apache.http.wire -  << "HTTP/1.1 200 [\r][\n]"
2022-01-26_00:01:41.542 [main] DEBUG org.apache.http.wire -  << "Access-Control-Allow-Methods: GET, POST[\r][\n]"
2022-01-26_00:01:41.542 [main] DEBUG org.apache.http.wire -  << "Access-Control-Allow-Origin: *[\r][\n]"
2022-01-26_00:01:41.543 [main] DEBUG org.apache.http.wire -  << "Content-Security-Policy: default-src 'none'[\r][\n]"
2022-01-26_00:01:41.543 [main] DEBUG org.apache.http.wire -  << "Feature-Policy: 'none'[\r][\n]"
2022-01-26_00:01:41.543 [main] DEBUG org.apache.http.wire -  << "Referrer-Policy: no-referrer[\r][\n]"
2022-01-26_00:01:41.543 [main] DEBUG org.apache.http.wire -  << "Strict-Transport-Security: max-age=31536000 ; includeSubDomains[\r][\n]"
2022-01-26_00:01:41.543 [main] DEBUG org.apache.http.wire -  << "Date: Tue, 25 Jan 2022 18:31:41 GMT[\r][\n]"
2022-01-26_00:01:41.543 [main] DEBUG org.apache.http.wire -  << "Keep-Alive: timeout=60[\r][\n]"
2022-01-26_00:01:41.543 [main] DEBUG org.apache.http.wire -  << "Content-Type: application/json[\r][\n]"
2022-01-26_00:01:41.543 [main] DEBUG org.apache.http.wire -  << "Transfer-Encoding: chunked[\r][\n]"
2022-01-26_00:01:41.543 [main] DEBUG org.apache.http.wire -  << "Connection: keep-alive[\r][\n]"
2022-01-26_00:01:41.543 [main] DEBUG org.apache.http.wire -  << "[\r][\n]"
2022-01-26_00:01:41.543 [main] DEBUG o.a.h.i.conn.DefaultClientConnection - Receiving response: HTTP/1.1 200 
2022-01-26_00:01:41.543 [main] DEBUG org.apache.http.headers - << HTTP/1.1 200 
2022-01-26_00:01:41.544 [main] DEBUG org.apache.http.headers - << Access-Control-Allow-Methods: GET, POST
2022-01-26_00:01:41.544 [main] DEBUG org.apache.http.headers - << Access-Control-Allow-Origin: *
2022-01-26_00:01:41.544 [main] DEBUG org.apache.http.headers - << Content-Security-Policy: default-src 'none'
2022-01-26_00:01:41.544 [main] DEBUG org.apache.http.headers - << Feature-Policy: 'none'
2022-01-26_00:01:41.544 [main] DEBUG org.apache.http.headers - << Referrer-Policy: no-referrer
2022-01-26_00:01:41.544 [main] DEBUG org.apache.http.headers - << Strict-Transport-Security: max-age=31536000 ; includeSubDomains
2022-01-26_00:01:41.544 [main] DEBUG org.apache.http.headers - << Date: Tue, 25 Jan 2022 18:31:41 GMT
2022-01-26_00:01:41.544 [main] DEBUG org.apache.http.headers - << Keep-Alive: timeout=60
2022-01-26_00:01:41.544 [main] DEBUG org.apache.http.headers - << Content-Type: application/json
2022-01-26_00:01:41.544 [main] DEBUG org.apache.http.headers - << Transfer-Encoding: chunked
2022-01-26_00:01:41.544 [main] DEBUG org.apache.http.headers - << Connection: keep-alive
2022-01-26_00:01:41.545 [main] DEBUG o.a.h.impl.client.DefaultHttpClient - Connection can be kept alive for 60000 MILLISECONDS
2022-01-26_00:01:41.545 [main] DEBUG i.r.i.RequestSpecificationImpl$RestAssuredHttpBuilder - Parsing response as: application/json
2022-01-26_00:01:41.545 [main] DEBUG i.r.i.RequestSpecificationImpl$RestAssuredHttpBuilder - Parsed data to instance of: class org.apache.http.conn.EofSensorInputStream
2022-01-26_00:01:41.546 [main] INFO  com.qc.BaseAPI - Method :GET
2022-01-26_00:01:41.548 [main] INFO  com.qc.BaseAPI - URI :https://apitest.pineperks.in/auth/V1/generate/token
2022-01-26_00:01:41.548 [main] INFO  com.qc.BaseAPI - Headers :userName=A0aCcnPzDANtKmvSLPKcaw==
Accept=*/*
Content-Type=application/json; charset=UTF-8
2022-01-26_00:01:41.548 [main] INFO  com.qc.BaseAPI - Body :null
2022-01-26_00:01:41.548 [main] INFO  com.qc.BaseAPI - ********************RESPONSE********************
2022-01-26_00:01:41.549 [main] DEBUG org.apache.http.wire -  << "7f[\r][\n]"
2022-01-26_00:01:41.549 [main] DEBUG org.apache.http.wire -  << "{"accessToken":"393c9d466af84fd7a63ae2136e0119cb","tokenExpiryTime":"26-Jan-2024","responseCode":0,"responseMessage":"Success"}"
2022-01-26_00:01:41.549 [main] DEBUG org.apache.http.wire -  << "[\r][\n]"
2022-01-26_00:01:41.549 [main] DEBUG org.apache.http.wire -  << "0[\r][\n]"
2022-01-26_00:01:41.549 [main] DEBUG org.apache.http.wire -  << "[\r][\n]"
2022-01-26_00:01:41.550 [main] DEBUG o.a.h.i.c.BasicClientConnectionManager - Releasing connection org.apache.http.impl.conn.ManagedClientConnectionImpl@4d83e7a9
2022-01-26_00:01:41.550 [main] DEBUG o.a.h.i.c.BasicClientConnectionManager - Connection can be kept alive for 60000 MILLISECONDS
2022-01-26_00:01:41.551 [main] INFO  com.qc.BaseAPI - Response :{
    "accessToken": "393c9d466af84fd7a63ae2136e0119cb",
    "tokenExpiryTime": "26-Jan-2024",
    "responseCode": 0,
    "responseMessage": "Success"
}
2022-01-26_00:01:41.551 [main] INFO  com.qc.BaseAPI -  **** GET call Response time 200 ms
2022-01-26_00:01:41.552 [main] INFO  pl.rest.service.Authorize - Time Taken to perform https://apitest.pineperks.in/auth/V1/generate/token transaction: 200
2022-01-26_00:01:41.558 [main] INFO  p.rest.stepDefs.TransactionsStepDefs - Expected date 26-Jan-2024
2022-01-26_00:01:41.558 [main] INFO  p.rest.stepDefs.TransactionsStepDefs - actual Date 26-Jan-2024
2022-01-26_00:01:41.561 [main] DEBUG com.qc.qa.ui.BasePage - No Alert displayed
2022-01-26_00:01:41.653 [main] INFO  com.qc.CukeBase - Closing driver
2022-01-26_00:01:42.728 [main] INFO  com.qc.CukeBase - Cucumber Before web scenario - Validating the response JSON schema for V1.
2022-01-26_00:01:42.735 [main] INFO  i.g.bonigarcia.wdm.WebDriverManager - Please answer the following questionnaire based on your experience with WebDriverManager. Thanks a lot!
2022-01-26_00:01:42.735 [main] INFO  i.g.bonigarcia.wdm.WebDriverManager - ====> http://tiny.cc/wdm-survey <====
2022-01-26_00:01:42.739 [main] INFO  i.g.bonigarcia.wdm.WebDriverManager - Using chromedriver 97.0.4692.71 (since Chrome 97 is installed in your machine)
2022-01-26_00:01:42.743 [main] DEBUG i.g.bonigarcia.wdm.WebDriverManager - Driver chromedriver 97.0.4692.71 found in cache
2022-01-26_00:01:42.744 [main] INFO  i.g.bonigarcia.wdm.WebDriverManager - Exporting webdriver.chrome.driver as C:\Users\afzal.ahmed\.m2\repository\webdriver\chromedriver\win32\97.0.4692.71\chromedriver.exe
2022-01-26_00:01:43.830 [main] INFO  com.qc.qa.drivers.ChromeDriverManger - Chrome service started
2022-01-26_00:01:47.081 [main] INFO  com.qc.CukeBase - Set new webDriver
2022-01-26_00:01:47.081 [main] INFO  com.qc.CukeBase - Getting webDriver
2022-01-26_00:01:47.562 [main] INFO  com.qc.CukeBase - Getting webDriver
2022-01-26_00:01:47.562 [main] INFO  pl.rest.CustomHooks - SCENARIO NAME: Validating the response JSON schema for V1.
2022-01-26_00:01:47.562 [main] INFO  pl.rest.CustomHooks - TAG NAMEs: [@Regression, @Web]
2022-01-26_00:01:47.563 [main] INFO  pl.rest.CustomHooks - SCENARIO NAME: Validating the response JSON schema for V1.
2022-01-26_00:01:47.563 [main] INFO  pl.rest.CustomHooks - TAG NAMEs: [@Regression, @Web]
2022-01-26_00:01:47.563 [main] INFO  pl.rest.CustomHooks - Index: 0, Size: 0
2022-01-26_00:01:47.716 [Finalizer] DEBUG o.a.h.i.conn.DefaultClientConnection - Connection 0.0.0.0:58756<->14.143.120.84:443 closed
2022-01-26_00:01:47.728 [main] INFO  pl.rest.service.Authorize - Authorize Rest API URL :- https://apitest.pineperks.in/auth/V1/generate/token
2022-01-26_00:01:47.728 [main] INFO  com.qc.BaseAPI - GET call to URL https://apitest.pineperks.in/auth/V1/generate/token
2022-01-26_00:01:47.736 [main] INFO  com.qc.BaseAPI - ********************REQUEST********************
2022-01-26_00:01:47.743 [main] DEBUG o.a.h.i.c.BasicClientConnectionManager - Get connection for route {s}->https://apitest.pineperks.in:443
2022-01-26_00:01:47.744 [main] DEBUG o.a.h.i.c.DefaultClientConnectionOperator - Connecting to apitest.pineperks.in:443
2022-01-26_00:01:47.864 [main] DEBUG o.a.h.c.protocol.RequestAddCookies - CookieSpec selected: ignoreCookies
2022-01-26_00:01:47.865 [main] DEBUG o.a.h.c.protocol.RequestAuthCache - Auth cache not set in the context
2022-01-26_00:01:47.865 [main] DEBUG o.a.h.c.p.RequestTargetAuthentication - Target auth state: UNCHALLENGED
2022-01-26_00:01:47.865 [main] DEBUG o.a.h.c.p.RequestProxyAuthentication - Proxy auth state: UNCHALLENGED
2022-01-26_00:01:47.865 [main] DEBUG o.a.h.impl.client.DefaultHttpClient - Attempt 1 to execute request
2022-01-26_00:01:47.866 [main] DEBUG o.a.h.i.conn.DefaultClientConnection - Sending request: GET /auth/V1/generate/token HTTP/1.1
2022-01-26_00:01:47.866 [main] DEBUG org.apache.http.wire -  >> "GET /auth/V1/generate/token HTTP/1.1[\r][\n]"
2022-01-26_00:01:47.866 [main] DEBUG org.apache.http.wire -  >> "Content-Type: application/json; charset=UTF-8[\r][\n]"
2022-01-26_00:01:47.866 [main] DEBUG org.apache.http.wire -  >> "Accept: */*[\r][\n]"
2022-01-26_00:01:47.866 [main] DEBUG org.apache.http.wire -  >> "userName: A0aCcnPzDANtKmvSLPKcaw==[\r][\n]"
2022-01-26_00:01:47.866 [main] DEBUG org.apache.http.wire -  >> "Host: apitest.pineperks.in[\r][\n]"
2022-01-26_00:01:47.866 [main] DEBUG org.apache.http.wire -  >> "Connection: Keep-Alive[\r][\n]"
2022-01-26_00:01:47.867 [main] DEBUG org.apache.http.wire -  >> "User-Agent: Apache-HttpClient/4.5.2 (Java/1.8.0_202)[\r][\n]"
2022-01-26_00:01:47.867 [main] DEBUG org.apache.http.wire -  >> "Accept-Encoding: gzip,deflate[\r][\n]"
2022-01-26_00:01:47.867 [main] DEBUG org.apache.http.wire -  >> "[\r][\n]"
2022-01-26_00:01:47.867 [main] DEBUG org.apache.http.headers - >> GET /auth/V1/generate/token HTTP/1.1
2022-01-26_00:01:47.867 [main] DEBUG org.apache.http.headers - >> Content-Type: application/json; charset=UTF-8
2022-01-26_00:01:47.867 [main] DEBUG org.apache.http.headers - >> Accept: */*
2022-01-26_00:01:47.867 [main] DEBUG org.apache.http.headers - >> userName: A0aCcnPzDANtKmvSLPKcaw==
2022-01-26_00:01:47.868 [main] DEBUG org.apache.http.headers - >> Host: apitest.pineperks.in
2022-01-26_00:01:47.868 [main] DEBUG org.apache.http.headers - >> Connection: Keep-Alive
2022-01-26_00:01:47.868 [main] DEBUG org.apache.http.headers - >> User-Agent: Apache-HttpClient/4.5.2 (Java/1.8.0_202)
2022-01-26_00:01:47.868 [main] DEBUG org.apache.http.headers - >> Accept-Encoding: gzip,deflate
2022-01-26_00:01:47.898 [main] DEBUG org.apache.http.wire -  << "HTTP/1.1 200 [\r][\n]"
2022-01-26_00:01:47.898 [main] DEBUG org.apache.http.wire -  << "Access-Control-Allow-Methods: GET, POST[\r][\n]"
2022-01-26_00:01:47.898 [main] DEBUG org.apache.http.wire -  << "Access-Control-Allow-Origin: *[\r][\n]"
2022-01-26_00:01:47.899 [main] DEBUG org.apache.http.wire -  << "Content-Security-Policy: default-src 'none'[\r][\n]"
2022-01-26_00:01:47.899 [main] DEBUG org.apache.http.wire -  << "Feature-Policy: 'none'[\r][\n]"
2022-01-26_00:01:47.899 [main] DEBUG org.apache.http.wire -  << "Referrer-Policy: no-referrer[\r][\n]"
2022-01-26_00:01:47.899 [main] DEBUG org.apache.http.wire -  << "Strict-Transport-Security: max-age=31536000 ; includeSubDomains[\r][\n]"
2022-01-26_00:01:47.899 [main] DEBUG org.apache.http.wire -  << "Date: Tue, 25 Jan 2022 18:31:47 GMT[\r][\n]"
2022-01-26_00:01:47.899 [main] DEBUG org.apache.http.wire -  << "Keep-Alive: timeout=60[\r][\n]"
2022-01-26_00:01:47.899 [main] DEBUG org.apache.http.wire -  << "Content-Type: application/json[\r][\n]"
2022-01-26_00:01:47.900 [main] DEBUG org.apache.http.wire -  << "Transfer-Encoding: chunked[\r][\n]"
2022-01-26_00:01:47.900 [main] DEBUG org.apache.http.wire -  << "Connection: keep-alive[\r][\n]"
2022-01-26_00:01:47.900 [main] DEBUG org.apache.http.wire -  << "[\r][\n]"
2022-01-26_00:01:47.901 [main] DEBUG o.a.h.i.conn.DefaultClientConnection - Receiving response: HTTP/1.1 200 
2022-01-26_00:01:47.901 [main] DEBUG org.apache.http.headers - << HTTP/1.1 200 
2022-01-26_00:01:47.901 [main] DEBUG org.apache.http.headers - << Access-Control-Allow-Methods: GET, POST
2022-01-26_00:01:47.901 [main] DEBUG org.apache.http.headers - << Access-Control-Allow-Origin: *
2022-01-26_00:01:47.901 [main] DEBUG org.apache.http.headers - << Content-Security-Policy: default-src 'none'
2022-01-26_00:01:47.901 [main] DEBUG org.apache.http.headers - << Feature-Policy: 'none'
2022-01-26_00:01:47.901 [main] DEBUG org.apache.http.headers - << Referrer-Policy: no-referrer
2022-01-26_00:01:47.901 [main] DEBUG org.apache.http.headers - << Strict-Transport-Security: max-age=31536000 ; includeSubDomains
2022-01-26_00:01:47.901 [main] DEBUG org.apache.http.headers - << Date: Tue, 25 Jan 2022 18:31:47 GMT
2022-01-26_00:01:47.901 [main] DEBUG org.apache.http.headers - << Keep-Alive: timeout=60
2022-01-26_00:01:47.901 [main] DEBUG org.apache.http.headers - << Content-Type: application/json
2022-01-26_00:01:47.901 [main] DEBUG org.apache.http.headers - << Transfer-Encoding: chunked
2022-01-26_00:01:47.901 [main] DEBUG org.apache.http.headers - << Connection: keep-alive
2022-01-26_00:01:47.901 [main] DEBUG o.a.h.impl.client.DefaultHttpClient - Connection can be kept alive for 60000 MILLISECONDS
2022-01-26_00:01:47.902 [main] DEBUG i.r.i.RequestSpecificationImpl$RestAssuredHttpBuilder - Parsing response as: application/json
2022-01-26_00:01:47.902 [main] DEBUG i.r.i.RequestSpecificationImpl$RestAssuredHttpBuilder - Parsed data to instance of: class org.apache.http.conn.EofSensorInputStream
2022-01-26_00:01:47.902 [main] INFO  com.qc.BaseAPI - Method :GET
2022-01-26_00:01:47.904 [main] INFO  com.qc.BaseAPI - URI :https://apitest.pineperks.in/auth/V1/generate/token
2022-01-26_00:01:47.904 [main] INFO  com.qc.BaseAPI - Headers :userName=A0aCcnPzDANtKmvSLPKcaw==
Accept=*/*
Content-Type=application/json; charset=UTF-8
2022-01-26_00:01:47.904 [main] INFO  com.qc.BaseAPI - Body :null
2022-01-26_00:01:47.904 [main] INFO  com.qc.BaseAPI - ********************RESPONSE********************
2022-01-26_00:01:47.904 [main] DEBUG org.apache.http.wire -  << "7f[\r][\n]"
2022-01-26_00:01:47.905 [main] DEBUG org.apache.http.wire -  << "{"accessToken":"08674d880cbd46cbaead007ab5ed26a6","tokenExpiryTime":"26-Jan-2024","responseCode":0,"responseMessage":"Success"}"
2022-01-26_00:01:47.905 [main] DEBUG org.apache.http.wire -  << "[\r][\n]"
2022-01-26_00:01:47.905 [main] DEBUG org.apache.http.wire -  << "0[\r][\n]"
2022-01-26_00:01:47.905 [main] DEBUG org.apache.http.wire -  << "[\r][\n]"
2022-01-26_00:01:47.905 [main] DEBUG o.a.h.i.c.BasicClientConnectionManager - Releasing connection org.apache.http.impl.conn.ManagedClientConnectionImpl@21a37c4e
2022-01-26_00:01:47.905 [main] DEBUG o.a.h.i.c.BasicClientConnectionManager - Connection can be kept alive for 60000 MILLISECONDS
2022-01-26_00:01:47.906 [main] INFO  com.qc.BaseAPI - Response :{
    "accessToken": "08674d880cbd46cbaead007ab5ed26a6",
    "tokenExpiryTime": "26-Jan-2024",
    "responseCode": 0,
    "responseMessage": "Success"
}
2022-01-26_00:01:47.907 [main] INFO  com.qc.BaseAPI -  **** GET call Response time 165 ms
2022-01-26_00:01:47.907 [main] INFO  pl.rest.service.Authorize - Time Taken to perform https://apitest.pineperks.in/auth/V1/generate/token transaction: 165
2022-01-26_00:01:48.131 [main] INFO  p.rest.stepDefs.TransactionsStepDefs - path
2022-01-26_00:01:48.192 [main] DEBUG com.qc.qa.ui.BasePage - No Alert displayed
2022-01-26_00:01:48.319 [main] INFO  com.qc.CukeBase - Closing driver
2022-01-26_00:01:49.534 [main] INFO  com.qc.CukeBase - Cucumber Before web scenario - Validating the expiry date field when updating the expiry duration as 7 days for V2.
2022-01-26_00:01:49.542 [main] INFO  i.g.bonigarcia.wdm.WebDriverManager - Please answer the following questionnaire based on your experience with WebDriverManager. Thanks a lot!
2022-01-26_00:01:49.542 [main] INFO  i.g.bonigarcia.wdm.WebDriverManager - ====> http://tiny.cc/wdm-survey <====
2022-01-26_00:01:49.546 [main] INFO  i.g.bonigarcia.wdm.WebDriverManager - Using chromedriver 97.0.4692.71 (since Chrome 97 is installed in your machine)
2022-01-26_00:01:49.549 [main] DEBUG i.g.bonigarcia.wdm.WebDriverManager - Driver chromedriver 97.0.4692.71 found in cache
2022-01-26_00:01:49.549 [main] INFO  i.g.bonigarcia.wdm.WebDriverManager - Exporting webdriver.chrome.driver as C:\Users\afzal.ahmed\.m2\repository\webdriver\chromedriver\win32\97.0.4692.71\chromedriver.exe
2022-01-26_00:01:50.622 [main] INFO  com.qc.qa.drivers.ChromeDriverManger - Chrome service started
2022-01-26_00:01:54.065 [main] INFO  com.qc.CukeBase - Set new webDriver
2022-01-26_00:01:54.065 [main] INFO  com.qc.CukeBase - Getting webDriver
2022-01-26_00:01:54.631 [main] INFO  com.qc.CukeBase - Getting webDriver
2022-01-26_00:01:54.631 [main] INFO  pl.rest.CustomHooks - SCENARIO NAME: Validating the expiry date field when updating the expiry duration as 7 days for V2.
2022-01-26_00:01:54.632 [main] INFO  pl.rest.CustomHooks - TAG NAMEs: [@Regression, @Web]
2022-01-26_00:01:54.632 [main] INFO  pl.rest.CustomHooks - SCENARIO NAME: Validating the expiry date field when updating the expiry duration as 7 days for V2.
2022-01-26_00:01:54.633 [main] INFO  pl.rest.CustomHooks - TAG NAMEs: [@Regression, @Web]
2022-01-26_00:01:54.633 [main] INFO  pl.rest.CustomHooks - Index: 0, Size: 0
2022-01-26_00:01:54.634 [main] INFO  com.qc.qa.dbutils.DBPoolProvider - Con pool Total - 400, idle - 1,  Num active - 0
2022-01-26_00:01:54.635 [main] INFO  com.qc.qa.dbutils.DBPoolProvider - Retrieved connection
2022-01-26_00:01:54.653 [main] INFO  c.qc.qa.dbutils.DBConnectionManager - DB Connected Successfully.
2022-01-26_00:01:54.653 [main] INFO  c.qc.qa.dbutils.DBConnectionManager - Executing Query:::update IssuerSystemVariable set value='{  "expiryDurationType" : 1,   "expiryDurationValue" : 7  }' where name='API_TOKEN_EXPIRY_TIME';
2022-01-26_00:01:54.679 [main] INFO  pl.rest.utils.DBUtils - query being executed update IssuerSystemVariable set value='{  "expiryDurationType" : 1,   "expiryDurationValue" : 7  }' where name='API_TOKEN_EXPIRY_TIME';
2022-01-26_00:01:54.679 [main] INFO  pl.rest.utils.DBUtils - number of rows affected 1
2022-01-26_00:01:58.118 [main] INFO  com.qc.qa.ui.BasePage - Navigating to  URL: https://admintest.pineperks.in/
2022-01-26_00:01:58.118 [main] INFO  com.qc.qa.ui.BasePage - Waiting for page to be ready 
2022-01-26_00:01:58.146 [main] INFO  gui.pages.UIActionPages - PinePerks|Login
2022-01-26_00:01:58.192 [main] INFO  com.qc.qa.ui.BasePage - Entering the text -afzal.ahmed@pinelabs.com
2022-01-26_00:01:58.194 [main] INFO  com.qc.qa.ui.BasePage - Waiting for element to clickable 
2022-01-26_00:01:58.328 [main] INFO  com.qc.qa.ui.BasePage - Entering the text -Dashboard@DG1809
2022-01-26_00:01:58.330 [main] INFO  com.qc.qa.ui.BasePage - Waiting for element to clickable 
2022-01-26_00:01:58.467 [main] INFO  com.qc.qa.ui.BasePage - Clicking the element in page
2022-01-26_00:01:58.471 [main] INFO  com.qc.qa.ui.BasePage - Waiting for element to clickable 
2022-01-26_00:02:00.255 [main] INFO  com.qc.qa.ui.BasePage - Waiting for page to be ready 
2022-01-26_00:02:00.280 [main] INFO  com.qc.qa.ui.BasePage - ClickingBy.xpath: //a[@href='/admin/clearCacheData']
2022-01-26_00:02:00.303 [main] INFO  com.qc.qa.ui.BasePage - Waiting for element to clickable 
2022-01-26_00:02:00.980 [main] INFO  com.qc.qa.ui.BasePage - Waiting for page to be ready 
2022-01-26_00:02:01.106 [main] INFO  com.qc.qa.ui.BasePage - ClickingBy.id: pageSubmission
2022-01-26_00:02:01.126 [main] INFO  com.qc.qa.ui.BasePage - Waiting for element to clickable 
2022-01-26_00:02:01.305 [main] INFO  com.qc.qa.ui.BasePage - Waiting for element to be invisible
2022-01-26_00:02:13.565 [Finalizer] DEBUG o.a.h.i.conn.DefaultClientConnection - Connection 0.0.0.0:58783<->14.143.120.84:443 closed
2022-01-26_00:02:13.665 [main] INFO  pl.rest.service.Authorize - Authorize Rest API URL :- https://apitest.pineperks.in/auth/V2/generate/token
2022-01-26_00:02:13.665 [main] INFO  com.qc.BaseAPI - GET call to URL https://apitest.pineperks.in/auth/V2/generate/token
2022-01-26_00:02:13.669 [main] INFO  com.qc.BaseAPI - ********************REQUEST********************
2022-01-26_00:02:13.679 [main] DEBUG o.a.h.i.c.BasicClientConnectionManager - Get connection for route {s}->https://apitest.pineperks.in:443
2022-01-26_00:02:13.680 [main] DEBUG o.a.h.i.c.DefaultClientConnectionOperator - Connecting to apitest.pineperks.in:443
2022-01-26_00:02:13.802 [main] DEBUG o.a.h.c.protocol.RequestAddCookies - CookieSpec selected: ignoreCookies
2022-01-26_00:02:13.802 [main] DEBUG o.a.h.c.protocol.RequestAuthCache - Auth cache not set in the context
2022-01-26_00:02:13.803 [main] DEBUG o.a.h.c.p.RequestTargetAuthentication - Target auth state: UNCHALLENGED
2022-01-26_00:02:13.803 [main] DEBUG o.a.h.c.p.RequestProxyAuthentication - Proxy auth state: UNCHALLENGED
2022-01-26_00:02:13.803 [main] DEBUG o.a.h.impl.client.DefaultHttpClient - Attempt 1 to execute request
2022-01-26_00:02:13.803 [main] DEBUG o.a.h.i.conn.DefaultClientConnection - Sending request: GET /auth/V2/generate/token HTTP/1.1
2022-01-26_00:02:13.803 [main] DEBUG org.apache.http.wire -  >> "GET /auth/V2/generate/token HTTP/1.1[\r][\n]"
2022-01-26_00:02:13.804 [main] DEBUG org.apache.http.wire -  >> "Content-Type: application/json; charset=UTF-8[\r][\n]"
2022-01-26_00:02:13.804 [main] DEBUG org.apache.http.wire -  >> "X-PinePerks-UserName: A0aCcnPzDANtKmvSLPKcaw==[\r][\n]"
2022-01-26_00:02:13.804 [main] DEBUG org.apache.http.wire -  >> "Accept: */*[\r][\n]"
2022-01-26_00:02:13.804 [main] DEBUG org.apache.http.wire -  >> "Host: apitest.pineperks.in[\r][\n]"
2022-01-26_00:02:13.804 [main] DEBUG org.apache.http.wire -  >> "Connection: Keep-Alive[\r][\n]"
2022-01-26_00:02:13.805 [main] DEBUG org.apache.http.wire -  >> "User-Agent: Apache-HttpClient/4.5.2 (Java/1.8.0_202)[\r][\n]"
2022-01-26_00:02:13.805 [main] DEBUG org.apache.http.wire -  >> "Accept-Encoding: gzip,deflate[\r][\n]"
2022-01-26_00:02:13.805 [main] DEBUG org.apache.http.wire -  >> "[\r][\n]"
2022-01-26_00:02:13.805 [main] DEBUG org.apache.http.headers - >> GET /auth/V2/generate/token HTTP/1.1
2022-01-26_00:02:13.805 [main] DEBUG org.apache.http.headers - >> Content-Type: application/json; charset=UTF-8
2022-01-26_00:02:13.805 [main] DEBUG org.apache.http.headers - >> X-PinePerks-UserName: A0aCcnPzDANtKmvSLPKcaw==
2022-01-26_00:02:13.805 [main] DEBUG org.apache.http.headers - >> Accept: */*
2022-01-26_00:02:13.805 [main] DEBUG org.apache.http.headers - >> Host: apitest.pineperks.in
2022-01-26_00:02:13.805 [main] DEBUG org.apache.http.headers - >> Connection: Keep-Alive
2022-01-26_00:02:13.806 [main] DEBUG org.apache.http.headers - >> User-Agent: Apache-HttpClient/4.5.2 (Java/1.8.0_202)
2022-01-26_00:02:13.806 [main] DEBUG org.apache.http.headers - >> Accept-Encoding: gzip,deflate
2022-01-26_00:02:13.868 [main] DEBUG org.apache.http.wire -  << "HTTP/1.1 200 [\r][\n]"
2022-01-26_00:02:13.868 [main] DEBUG org.apache.http.wire -  << "Access-Control-Allow-Methods: GET, POST[\r][\n]"
2022-01-26_00:02:13.868 [main] DEBUG org.apache.http.wire -  << "Access-Control-Allow-Origin: *[\r][\n]"
2022-01-26_00:02:13.868 [main] DEBUG org.apache.http.wire -  << "Content-Security-Policy: default-src 'none'[\r][\n]"
2022-01-26_00:02:13.868 [main] DEBUG org.apache.http.wire -  << "Feature-Policy: 'none'[\r][\n]"
2022-01-26_00:02:13.868 [main] DEBUG org.apache.http.wire -  << "Referrer-Policy: no-referrer[\r][\n]"
2022-01-26_00:02:13.869 [main] DEBUG org.apache.http.wire -  << "Strict-Transport-Security: max-age=31536000 ; includeSubDomains[\r][\n]"
2022-01-26_00:02:13.869 [main] DEBUG org.apache.http.wire -  << "Date: Tue, 25 Jan 2022 18:32:13 GMT[\r][\n]"
2022-01-26_00:02:13.869 [main] DEBUG org.apache.http.wire -  << "Keep-Alive: timeout=60[\r][\n]"
2022-01-26_00:02:13.869 [main] DEBUG org.apache.http.wire -  << "Content-Type: application/json[\r][\n]"
2022-01-26_00:02:13.869 [main] DEBUG org.apache.http.wire -  << "Transfer-Encoding: chunked[\r][\n]"
2022-01-26_00:02:13.869 [main] DEBUG org.apache.http.wire -  << "Connection: keep-alive[\r][\n]"
2022-01-26_00:02:13.869 [main] DEBUG org.apache.http.wire -  << "[\r][\n]"
2022-01-26_00:02:13.870 [main] DEBUG o.a.h.i.conn.DefaultClientConnection - Receiving response: HTTP/1.1 200 
2022-01-26_00:02:13.870 [main] DEBUG org.apache.http.headers - << HTTP/1.1 200 
2022-01-26_00:02:13.870 [main] DEBUG org.apache.http.headers - << Access-Control-Allow-Methods: GET, POST
2022-01-26_00:02:13.870 [main] DEBUG org.apache.http.headers - << Access-Control-Allow-Origin: *
2022-01-26_00:02:13.870 [main] DEBUG org.apache.http.headers - << Content-Security-Policy: default-src 'none'
2022-01-26_00:02:13.870 [main] DEBUG org.apache.http.headers - << Feature-Policy: 'none'
2022-01-26_00:02:13.870 [main] DEBUG org.apache.http.headers - << Referrer-Policy: no-referrer
2022-01-26_00:02:13.870 [main] DEBUG org.apache.http.headers - << Strict-Transport-Security: max-age=31536000 ; includeSubDomains
2022-01-26_00:02:13.870 [main] DEBUG org.apache.http.headers - << Date: Tue, 25 Jan 2022 18:32:13 GMT
2022-01-26_00:02:13.870 [main] DEBUG org.apache.http.headers - << Keep-Alive: timeout=60
2022-01-26_00:02:13.870 [main] DEBUG org.apache.http.headers - << Content-Type: application/json
2022-01-26_00:02:13.870 [main] DEBUG org.apache.http.headers - << Transfer-Encoding: chunked
2022-01-26_00:02:13.870 [main] DEBUG org.apache.http.headers - << Connection: keep-alive
2022-01-26_00:02:13.871 [main] DEBUG o.a.h.impl.client.DefaultHttpClient - Connection can be kept alive for 60000 MILLISECONDS
2022-01-26_00:02:13.871 [main] DEBUG i.r.i.RequestSpecificationImpl$RestAssuredHttpBuilder - Parsing response as: application/json
2022-01-26_00:02:13.871 [main] DEBUG i.r.i.RequestSpecificationImpl$RestAssuredHttpBuilder - Parsed data to instance of: class org.apache.http.conn.EofSensorInputStream
2022-01-26_00:02:13.872 [main] INFO  com.qc.BaseAPI - Method :GET
2022-01-26_00:02:13.873 [main] INFO  com.qc.BaseAPI - URI :https://apitest.pineperks.in/auth/V2/generate/token
2022-01-26_00:02:13.873 [main] INFO  com.qc.BaseAPI - Headers :X-PinePerks-UserName=A0aCcnPzDANtKmvSLPKcaw==
Accept=*/*
Content-Type=application/json; charset=UTF-8
2022-01-26_00:02:13.873 [main] INFO  com.qc.BaseAPI - Body :null
2022-01-26_00:02:13.873 [main] INFO  com.qc.BaseAPI - ********************RESPONSE********************
2022-01-26_00:02:13.873 [main] DEBUG org.apache.http.wire -  << "7e[\r][\n]"
2022-01-26_00:02:13.873 [main] DEBUG org.apache.http.wire -  << "{"accessToken":"7da6a3ac4d684e468bf9ddf48e410e31","tokenExpiryDate":"2022-02-02","responseCode":0,"responseMessage":"Success"}"
2022-01-26_00:02:13.874 [main] DEBUG org.apache.http.wire -  << "[\r][\n]"
2022-01-26_00:02:13.874 [main] DEBUG org.apache.http.wire -  << "0[\r][\n]"
2022-01-26_00:02:13.874 [main] DEBUG org.apache.http.wire -  << "[\r][\n]"
2022-01-26_00:02:13.874 [main] DEBUG o.a.h.i.c.BasicClientConnectionManager - Releasing connection org.apache.http.impl.conn.ManagedClientConnectionImpl@3291ab3c
2022-01-26_00:02:13.874 [main] DEBUG o.a.h.i.c.BasicClientConnectionManager - Connection can be kept alive for 60000 MILLISECONDS
2022-01-26_00:02:13.875 [main] INFO  com.qc.BaseAPI - Response :{
    "accessToken": "7da6a3ac4d684e468bf9ddf48e410e31",
    "tokenExpiryDate": "2022-02-02",
    "responseCode": 0,
    "responseMessage": "Success"
}
2022-01-26_00:02:13.875 [main] INFO  com.qc.BaseAPI -  **** GET call Response time 200 ms
2022-01-26_00:02:13.875 [main] INFO  pl.rest.service.Authorize - Time Taken to perform https://apitest.pineperks.in/auth/V2/generate/token transaction: 200
2022-01-26_00:02:13.882 [main] INFO  p.rest.stepDefs.TransactionsStepDefs - Expected date 2022-02-02
2022-01-26_00:02:13.882 [main] INFO  p.rest.stepDefs.TransactionsStepDefs - actual Date 2022-02-02
2022-01-26_00:02:13.885 [main] DEBUG com.qc.qa.ui.BasePage - No Alert displayed
2022-01-26_00:02:14.057 [main] INFO  com.qc.CukeBase - Closing driver
2022-01-26_00:02:15.136 [main] INFO  com.qc.CukeBase - Cucumber Before web scenario - Validating the expiry date field when updating the expiry duration as 2 Month for V2.
2022-01-26_00:02:15.144 [main] INFO  i.g.bonigarcia.wdm.WebDriverManager - Please answer the following questionnaire based on your experience with WebDriverManager. Thanks a lot!
2022-01-26_00:02:15.144 [main] INFO  i.g.bonigarcia.wdm.WebDriverManager - ====> http://tiny.cc/wdm-survey <====
2022-01-26_00:02:15.155 [main] INFO  i.g.bonigarcia.wdm.WebDriverManager - Using chromedriver 97.0.4692.71 (since Chrome 97 is installed in your machine)
2022-01-26_00:02:15.159 [main] DEBUG i.g.bonigarcia.wdm.WebDriverManager - Driver chromedriver 97.0.4692.71 found in cache
2022-01-26_00:02:15.161 [main] INFO  i.g.bonigarcia.wdm.WebDriverManager - Exporting webdriver.chrome.driver as C:\Users\afzal.ahmed\.m2\repository\webdriver\chromedriver\win32\97.0.4692.71\chromedriver.exe
2022-01-26_00:02:16.240 [main] INFO  com.qc.qa.drivers.ChromeDriverManger - Chrome service started
2022-01-26_00:02:19.423 [main] INFO  com.qc.CukeBase - Set new webDriver
2022-01-26_00:02:19.424 [main] INFO  com.qc.CukeBase - Getting webDriver
2022-01-26_00:02:19.958 [main] INFO  com.qc.CukeBase - Getting webDriver
2022-01-26_00:02:19.958 [main] INFO  pl.rest.CustomHooks - SCENARIO NAME: Validating the expiry date field when updating the expiry duration as 2 Month for V2.
2022-01-26_00:02:19.958 [main] INFO  pl.rest.CustomHooks - TAG NAMEs: [@Regression, @Web]
2022-01-26_00:02:19.958 [main] INFO  pl.rest.CustomHooks - SCENARIO NAME: Validating the expiry date field when updating the expiry duration as 2 Month for V2.
2022-01-26_00:02:19.959 [main] INFO  pl.rest.CustomHooks - TAG NAMEs: [@Regression, @Web]
2022-01-26_00:02:19.959 [main] INFO  pl.rest.CustomHooks - Index: 0, Size: 0
2022-01-26_00:02:19.960 [main] INFO  com.qc.qa.dbutils.DBPoolProvider - Con pool Total - 400, idle - 1,  Num active - 0
2022-01-26_00:02:19.960 [main] INFO  com.qc.qa.dbutils.DBPoolProvider - Retrieved connection
2022-01-26_00:02:20.068 [main] INFO  c.qc.qa.dbutils.DBConnectionManager - DB Connected Successfully.
2022-01-26_00:02:20.068 [main] INFO  c.qc.qa.dbutils.DBConnectionManager - Executing Query:::update IssuerSystemVariable set value='{  "expiryDurationType" : 2,   "expiryDurationValue" : 2  }' where name='API_TOKEN_EXPIRY_TIME';
2022-01-26_00:02:20.081 [main] INFO  pl.rest.utils.DBUtils - query being executed update IssuerSystemVariable set value='{  "expiryDurationType" : 2,   "expiryDurationValue" : 2  }' where name='API_TOKEN_EXPIRY_TIME';
2022-01-26_00:02:20.081 [main] INFO  pl.rest.utils.DBUtils - number of rows affected 1
2022-01-26_00:02:23.934 [main] INFO  com.qc.qa.ui.BasePage - Navigating to  URL: https://admintest.pineperks.in/
2022-01-26_00:02:23.934 [main] INFO  com.qc.qa.ui.BasePage - Waiting for page to be ready 
2022-01-26_00:02:23.947 [main] INFO  gui.pages.UIActionPages - PinePerks|Login
2022-01-26_00:02:23.980 [main] INFO  com.qc.qa.ui.BasePage - Entering the text -afzal.ahmed@pinelabs.com
2022-01-26_00:02:23.983 [main] INFO  com.qc.qa.ui.BasePage - Waiting for element to clickable 
2022-01-26_00:02:24.089 [main] INFO  com.qc.qa.ui.BasePage - Entering the text -Dashboard@DG1809
2022-01-26_00:02:24.091 [main] INFO  com.qc.qa.ui.BasePage - Waiting for element to clickable 
2022-01-26_00:02:24.256 [main] INFO  com.qc.qa.ui.BasePage - Clicking the element in page
2022-01-26_00:02:24.258 [main] INFO  com.qc.qa.ui.BasePage - Waiting for element to clickable 
2022-01-26_00:02:25.702 [main] INFO  com.qc.qa.ui.BasePage - Waiting for page to be ready 
2022-01-26_00:02:25.727 [main] INFO  com.qc.qa.ui.BasePage - ClickingBy.xpath: //a[@href='/admin/clearCacheData']
2022-01-26_00:02:25.757 [main] INFO  com.qc.qa.ui.BasePage - Waiting for element to clickable 
2022-01-26_00:02:26.336 [main] INFO  com.qc.qa.ui.BasePage - Waiting for page to be ready 
2022-01-26_00:02:26.492 [main] INFO  com.qc.qa.ui.BasePage - ClickingBy.id: pageSubmission
2022-01-26_00:02:26.553 [main] INFO  com.qc.qa.ui.BasePage - Waiting for element to clickable 
2022-01-26_00:02:26.718 [main] INFO  com.qc.qa.ui.BasePage - Waiting for element to be invisible
2022-01-26_00:02:29.799 [Finalizer] DEBUG o.a.h.i.conn.DefaultClientConnection - Connection 0.0.0.0:58844<->14.143.120.84:443 closed
2022-01-26_00:02:39.152 [main] INFO  pl.rest.service.Authorize - Authorize Rest API URL :- https://apitest.pineperks.in/auth/V2/generate/token
2022-01-26_00:02:39.153 [main] INFO  com.qc.BaseAPI - GET call to URL https://apitest.pineperks.in/auth/V2/generate/token
2022-01-26_00:02:39.156 [main] INFO  com.qc.BaseAPI - ********************REQUEST********************
2022-01-26_00:02:39.172 [main] DEBUG o.a.h.i.c.BasicClientConnectionManager - Get connection for route {s}->https://apitest.pineperks.in:443
2022-01-26_00:02:39.172 [main] DEBUG o.a.h.i.c.DefaultClientConnectionOperator - Connecting to apitest.pineperks.in:443
2022-01-26_00:02:39.290 [main] DEBUG o.a.h.c.protocol.RequestAddCookies - CookieSpec selected: ignoreCookies
2022-01-26_00:02:39.290 [main] DEBUG o.a.h.c.protocol.RequestAuthCache - Auth cache not set in the context
2022-01-26_00:02:39.291 [main] DEBUG o.a.h.c.p.RequestTargetAuthentication - Target auth state: UNCHALLENGED
2022-01-26_00:02:39.291 [main] DEBUG o.a.h.c.p.RequestProxyAuthentication - Proxy auth state: UNCHALLENGED
2022-01-26_00:02:39.291 [main] DEBUG o.a.h.impl.client.DefaultHttpClient - Attempt 1 to execute request
2022-01-26_00:02:39.291 [main] DEBUG o.a.h.i.conn.DefaultClientConnection - Sending request: GET /auth/V2/generate/token HTTP/1.1
2022-01-26_00:02:39.291 [main] DEBUG org.apache.http.wire -  >> "GET /auth/V2/generate/token HTTP/1.1[\r][\n]"
2022-01-26_00:02:39.291 [main] DEBUG org.apache.http.wire -  >> "Content-Type: application/json; charset=UTF-8[\r][\n]"
2022-01-26_00:02:39.292 [main] DEBUG org.apache.http.wire -  >> "X-PinePerks-UserName: A0aCcnPzDANtKmvSLPKcaw==[\r][\n]"
2022-01-26_00:02:39.292 [main] DEBUG org.apache.http.wire -  >> "Accept: */*[\r][\n]"
2022-01-26_00:02:39.292 [main] DEBUG org.apache.http.wire -  >> "Host: apitest.pineperks.in[\r][\n]"
2022-01-26_00:02:39.292 [main] DEBUG org.apache.http.wire -  >> "Connection: Keep-Alive[\r][\n]"
2022-01-26_00:02:39.292 [main] DEBUG org.apache.http.wire -  >> "User-Agent: Apache-HttpClient/4.5.2 (Java/1.8.0_202)[\r][\n]"
2022-01-26_00:02:39.292 [main] DEBUG org.apache.http.wire -  >> "Accept-Encoding: gzip,deflate[\r][\n]"
2022-01-26_00:02:39.292 [main] DEBUG org.apache.http.wire -  >> "[\r][\n]"
2022-01-26_00:02:39.292 [main] DEBUG org.apache.http.headers - >> GET /auth/V2/generate/token HTTP/1.1
2022-01-26_00:02:39.292 [main] DEBUG org.apache.http.headers - >> Content-Type: application/json; charset=UTF-8
2022-01-26_00:02:39.292 [main] DEBUG org.apache.http.headers - >> X-PinePerks-UserName: A0aCcnPzDANtKmvSLPKcaw==
2022-01-26_00:02:39.293 [main] DEBUG org.apache.http.headers - >> Accept: */*
2022-01-26_00:02:39.293 [main] DEBUG org.apache.http.headers - >> Host: apitest.pineperks.in
2022-01-26_00:02:39.293 [main] DEBUG org.apache.http.headers - >> Connection: Keep-Alive
2022-01-26_00:02:39.293 [main] DEBUG org.apache.http.headers - >> User-Agent: Apache-HttpClient/4.5.2 (Java/1.8.0_202)
2022-01-26_00:02:39.293 [main] DEBUG org.apache.http.headers - >> Accept-Encoding: gzip,deflate
2022-01-26_00:02:39.321 [main] DEBUG org.apache.http.wire -  << "HTTP/1.1 200 [\r][\n]"
2022-01-26_00:02:39.321 [main] DEBUG org.apache.http.wire -  << "Access-Control-Allow-Methods: GET, POST[\r][\n]"
2022-01-26_00:02:39.322 [main] DEBUG org.apache.http.wire -  << "Access-Control-Allow-Origin: *[\r][\n]"
2022-01-26_00:02:39.322 [main] DEBUG org.apache.http.wire -  << "Content-Security-Policy: default-src 'none'[\r][\n]"
2022-01-26_00:02:39.322 [main] DEBUG org.apache.http.wire -  << "Feature-Policy: 'none'[\r][\n]"
2022-01-26_00:02:39.322 [main] DEBUG org.apache.http.wire -  << "Referrer-Policy: no-referrer[\r][\n]"
2022-01-26_00:02:39.322 [main] DEBUG org.apache.http.wire -  << "Strict-Transport-Security: max-age=31536000 ; includeSubDomains[\r][\n]"
2022-01-26_00:02:39.322 [main] DEBUG org.apache.http.wire -  << "Date: Tue, 25 Jan 2022 18:32:39 GMT[\r][\n]"
2022-01-26_00:02:39.322 [main] DEBUG org.apache.http.wire -  << "Keep-Alive: timeout=60[\r][\n]"
2022-01-26_00:02:39.322 [main] DEBUG org.apache.http.wire -  << "Content-Type: application/json[\r][\n]"
2022-01-26_00:02:39.322 [main] DEBUG org.apache.http.wire -  << "Transfer-Encoding: chunked[\r][\n]"
2022-01-26_00:02:39.322 [main] DEBUG org.apache.http.wire -  << "Connection: keep-alive[\r][\n]"
2022-01-26_00:02:39.323 [main] DEBUG org.apache.http.wire -  << "[\r][\n]"
2022-01-26_00:02:39.323 [main] DEBUG o.a.h.i.conn.DefaultClientConnection - Receiving response: HTTP/1.1 200 
2022-01-26_00:02:39.323 [main] DEBUG org.apache.http.headers - << HTTP/1.1 200 
2022-01-26_00:02:39.323 [main] DEBUG org.apache.http.headers - << Access-Control-Allow-Methods: GET, POST
2022-01-26_00:02:39.323 [main] DEBUG org.apache.http.headers - << Access-Control-Allow-Origin: *
2022-01-26_00:02:39.323 [main] DEBUG org.apache.http.headers - << Content-Security-Policy: default-src 'none'
2022-01-26_00:02:39.323 [main] DEBUG org.apache.http.headers - << Feature-Policy: 'none'
2022-01-26_00:02:39.323 [main] DEBUG org.apache.http.headers - << Referrer-Policy: no-referrer
2022-01-26_00:02:39.323 [main] DEBUG org.apache.http.headers - << Strict-Transport-Security: max-age=31536000 ; includeSubDomains
2022-01-26_00:02:39.323 [main] DEBUG org.apache.http.headers - << Date: Tue, 25 Jan 2022 18:32:39 GMT
2022-01-26_00:02:39.323 [main] DEBUG org.apache.http.headers - << Keep-Alive: timeout=60
2022-01-26_00:02:39.323 [main] DEBUG org.apache.http.headers - << Content-Type: application/json
2022-01-26_00:02:39.323 [main] DEBUG org.apache.http.headers - << Transfer-Encoding: chunked
2022-01-26_00:02:39.323 [main] DEBUG org.apache.http.headers - << Connection: keep-alive
2022-01-26_00:02:39.323 [main] DEBUG o.a.h.impl.client.DefaultHttpClient - Connection can be kept alive for 60000 MILLISECONDS
2022-01-26_00:02:39.326 [main] DEBUG i.r.i.RequestSpecificationImpl$RestAssuredHttpBuilder - Parsing response as: application/json
2022-01-26_00:02:39.326 [main] DEBUG i.r.i.RequestSpecificationImpl$RestAssuredHttpBuilder - Parsed data to instance of: class org.apache.http.conn.EofSensorInputStream
2022-01-26_00:02:39.327 [main] INFO  com.qc.BaseAPI - Method :GET
2022-01-26_00:02:39.328 [main] INFO  com.qc.BaseAPI - URI :https://apitest.pineperks.in/auth/V2/generate/token
2022-01-26_00:02:39.328 [main] INFO  com.qc.BaseAPI - Headers :X-PinePerks-UserName=A0aCcnPzDANtKmvSLPKcaw==
Accept=*/*
Content-Type=application/json; charset=UTF-8
2022-01-26_00:02:39.328 [main] INFO  com.qc.BaseAPI - Body :null
2022-01-26_00:02:39.329 [main] INFO  com.qc.BaseAPI - ********************RESPONSE********************
2022-01-26_00:02:39.329 [main] DEBUG org.apache.http.wire -  << "7e[\r][\n]"
2022-01-26_00:02:39.329 [main] DEBUG org.apache.http.wire -  << "{"accessToken":"79239443048f4c0b81c4e2695325956b","tokenExpiryDate":"2022-03-26","responseCode":0,"responseMessage":"Success"}"
2022-01-26_00:02:39.329 [main] DEBUG org.apache.http.wire -  << "[\r][\n]"
2022-01-26_00:02:39.329 [main] DEBUG org.apache.http.wire -  << "0[\r][\n]"
2022-01-26_00:02:39.330 [main] DEBUG org.apache.http.wire -  << "[\r][\n]"
2022-01-26_00:02:39.330 [main] DEBUG o.a.h.i.c.BasicClientConnectionManager - Releasing connection org.apache.http.impl.conn.ManagedClientConnectionImpl@152c5880
2022-01-26_00:02:39.330 [main] DEBUG o.a.h.i.c.BasicClientConnectionManager - Connection can be kept alive for 60000 MILLISECONDS
2022-01-26_00:02:39.331 [main] INFO  com.qc.BaseAPI - Response :{
    "accessToken": "79239443048f4c0b81c4e2695325956b",
    "tokenExpiryDate": "2022-03-26",
    "responseCode": 0,
    "responseMessage": "Success"
}
2022-01-26_00:02:39.331 [main] INFO  com.qc.BaseAPI -  **** GET call Response time 162 ms
2022-01-26_00:02:39.331 [main] INFO  pl.rest.service.Authorize - Time Taken to perform https://apitest.pineperks.in/auth/V2/generate/token transaction: 162
2022-01-26_00:02:39.338 [main] INFO  p.rest.stepDefs.TransactionsStepDefs - Expected date 2022-03-26
2022-01-26_00:02:39.338 [main] INFO  p.rest.stepDefs.TransactionsStepDefs - actual Date 2022-03-26
2022-01-26_00:02:39.340 [main] DEBUG com.qc.qa.ui.BasePage - No Alert displayed
2022-01-26_00:02:39.443 [main] INFO  com.qc.CukeBase - Closing driver
2022-01-26_00:02:40.525 [main] INFO  com.qc.CukeBase - Cucumber Before web scenario - Validating the expiry date field when updating the expiry duration as 2 Year for V2.
2022-01-26_00:02:40.531 [main] INFO  i.g.bonigarcia.wdm.WebDriverManager - Please answer the following questionnaire based on your experience with WebDriverManager. Thanks a lot!
2022-01-26_00:02:40.531 [main] INFO  i.g.bonigarcia.wdm.WebDriverManager - ====> http://tiny.cc/wdm-survey <====
2022-01-26_00:02:40.534 [main] INFO  i.g.bonigarcia.wdm.WebDriverManager - Using chromedriver 97.0.4692.71 (since Chrome 97 is installed in your machine)
2022-01-26_00:02:40.537 [main] DEBUG i.g.bonigarcia.wdm.WebDriverManager - Driver chromedriver 97.0.4692.71 found in cache
2022-01-26_00:02:40.539 [main] INFO  i.g.bonigarcia.wdm.WebDriverManager - Exporting webdriver.chrome.driver as C:\Users\afzal.ahmed\.m2\repository\webdriver\chromedriver\win32\97.0.4692.71\chromedriver.exe
2022-01-26_00:02:41.623 [main] INFO  com.qc.qa.drivers.ChromeDriverManger - Chrome service started
2022-01-26_00:02:45.222 [main] INFO  com.qc.CukeBase - Set new webDriver
2022-01-26_00:02:45.222 [main] INFO  com.qc.CukeBase - Getting webDriver
2022-01-26_00:02:45.757 [main] INFO  com.qc.CukeBase - Getting webDriver
2022-01-26_00:02:45.757 [main] INFO  pl.rest.CustomHooks - SCENARIO NAME: Validating the expiry date field when updating the expiry duration as 2 Year for V2.
2022-01-26_00:02:45.759 [main] INFO  pl.rest.CustomHooks - TAG NAMEs: [@Regression, @Web]
2022-01-26_00:02:45.759 [main] INFO  pl.rest.CustomHooks - SCENARIO NAME: Validating the expiry date field when updating the expiry duration as 2 Year for V2.
2022-01-26_00:02:45.759 [main] INFO  pl.rest.CustomHooks - TAG NAMEs: [@Regression, @Web]
2022-01-26_00:02:45.759 [main] INFO  pl.rest.CustomHooks - Index: 0, Size: 0
2022-01-26_00:02:45.759 [main] INFO  com.qc.qa.dbutils.DBPoolProvider - Con pool Total - 400, idle - 1,  Num active - 0
2022-01-26_00:02:45.759 [main] INFO  com.qc.qa.dbutils.DBPoolProvider - Retrieved connection
2022-01-26_00:02:45.912 [main] INFO  c.qc.qa.dbutils.DBConnectionManager - DB Connected Successfully.
2022-01-26_00:02:45.912 [main] INFO  c.qc.qa.dbutils.DBConnectionManager - Executing Query:::update IssuerSystemVariable set value='{  "expiryDurationType" : 3,   "expiryDurationValue" : 2  }' where name='API_TOKEN_EXPIRY_TIME';
2022-01-26_00:02:45.924 [main] INFO  pl.rest.utils.DBUtils - query being executed update IssuerSystemVariable set value='{  "expiryDurationType" : 3,   "expiryDurationValue" : 2  }' where name='API_TOKEN_EXPIRY_TIME';
2022-01-26_00:02:45.924 [main] INFO  pl.rest.utils.DBUtils - number of rows affected 1
2022-01-26_00:02:48.305 [main] INFO  com.qc.qa.ui.BasePage - Navigating to  URL: https://admintest.pineperks.in/
2022-01-26_00:02:48.305 [main] INFO  com.qc.qa.ui.BasePage - Waiting for page to be ready 
2022-01-26_00:02:48.344 [main] INFO  gui.pages.UIActionPages - PinePerks|Login
2022-01-26_00:02:48.376 [main] INFO  com.qc.qa.ui.BasePage - Entering the text -afzal.ahmed@pinelabs.com
2022-01-26_00:02:48.378 [main] INFO  com.qc.qa.ui.BasePage - Waiting for element to clickable 
2022-01-26_00:02:48.574 [main] INFO  com.qc.qa.ui.BasePage - Entering the text -Dashboard@DG1809
2022-01-26_00:02:48.575 [main] INFO  com.qc.qa.ui.BasePage - Waiting for element to clickable 
2022-01-26_00:02:48.688 [main] INFO  com.qc.qa.ui.BasePage - Clicking the element in page
2022-01-26_00:02:48.691 [main] INFO  com.qc.qa.ui.BasePage - Waiting for element to clickable 
2022-01-26_00:02:50.335 [main] INFO  com.qc.qa.ui.BasePage - Waiting for page to be ready 
2022-01-26_00:02:50.366 [main] INFO  com.qc.qa.ui.BasePage - ClickingBy.xpath: //a[@href='/admin/clearCacheData']
2022-01-26_00:02:50.404 [main] INFO  com.qc.qa.ui.BasePage - Waiting for element to clickable 
2022-01-26_00:02:50.978 [main] INFO  com.qc.qa.ui.BasePage - Waiting for page to be ready 
2022-01-26_00:02:51.111 [main] INFO  com.qc.qa.ui.BasePage - ClickingBy.id: pageSubmission
2022-01-26_00:02:51.137 [main] INFO  com.qc.qa.ui.BasePage - Waiting for element to clickable 
2022-01-26_00:02:51.294 [main] INFO  com.qc.qa.ui.BasePage - Waiting for element to be invisible
2022-01-26_00:03:03.588 [Finalizer] DEBUG o.a.h.i.conn.DefaultClientConnection - Connection 0.0.0.0:58907<->14.143.120.84:443 closed
2022-01-26_00:03:03.647 [main] INFO  pl.rest.service.Authorize - Authorize Rest API URL :- https://apitest.pineperks.in/auth/V2/generate/token
2022-01-26_00:03:03.648 [main] INFO  com.qc.BaseAPI - GET call to URL https://apitest.pineperks.in/auth/V2/generate/token
2022-01-26_00:03:03.650 [main] INFO  com.qc.BaseAPI - ********************REQUEST********************
2022-01-26_00:03:03.657 [main] DEBUG o.a.h.i.c.BasicClientConnectionManager - Get connection for route {s}->https://apitest.pineperks.in:443
2022-01-26_00:03:03.658 [main] DEBUG o.a.h.i.c.DefaultClientConnectionOperator - Connecting to apitest.pineperks.in:443
2022-01-26_00:03:03.771 [main] DEBUG o.a.h.c.protocol.RequestAddCookies - CookieSpec selected: ignoreCookies
2022-01-26_00:03:03.771 [main] DEBUG o.a.h.c.protocol.RequestAuthCache - Auth cache not set in the context
2022-01-26_00:03:03.771 [main] DEBUG o.a.h.c.p.RequestTargetAuthentication - Target auth state: UNCHALLENGED
2022-01-26_00:03:03.771 [main] DEBUG o.a.h.c.p.RequestProxyAuthentication - Proxy auth state: UNCHALLENGED
2022-01-26_00:03:03.771 [main] DEBUG o.a.h.impl.client.DefaultHttpClient - Attempt 1 to execute request
2022-01-26_00:03:03.771 [main] DEBUG o.a.h.i.conn.DefaultClientConnection - Sending request: GET /auth/V2/generate/token HTTP/1.1
2022-01-26_00:03:03.772 [main] DEBUG org.apache.http.wire -  >> "GET /auth/V2/generate/token HTTP/1.1[\r][\n]"
2022-01-26_00:03:03.772 [main] DEBUG org.apache.http.wire -  >> "Content-Type: application/json; charset=UTF-8[\r][\n]"
2022-01-26_00:03:03.773 [main] DEBUG org.apache.http.wire -  >> "X-PinePerks-UserName: A0aCcnPzDANtKmvSLPKcaw==[\r][\n]"
2022-01-26_00:03:03.773 [main] DEBUG org.apache.http.wire -  >> "Accept: */*[\r][\n]"
2022-01-26_00:03:03.773 [main] DEBUG org.apache.http.wire -  >> "Host: apitest.pineperks.in[\r][\n]"
2022-01-26_00:03:03.773 [main] DEBUG org.apache.http.wire -  >> "Connection: Keep-Alive[\r][\n]"
2022-01-26_00:03:03.773 [main] DEBUG org.apache.http.wire -  >> "User-Agent: Apache-HttpClient/4.5.2 (Java/1.8.0_202)[\r][\n]"
2022-01-26_00:03:03.773 [main] DEBUG org.apache.http.wire -  >> "Accept-Encoding: gzip,deflate[\r][\n]"
2022-01-26_00:03:03.773 [main] DEBUG org.apache.http.wire -  >> "[\r][\n]"
2022-01-26_00:03:03.773 [main] DEBUG org.apache.http.headers - >> GET /auth/V2/generate/token HTTP/1.1
2022-01-26_00:03:03.774 [main] DEBUG org.apache.http.headers - >> Content-Type: application/json; charset=UTF-8
2022-01-26_00:03:03.774 [main] DEBUG org.apache.http.headers - >> X-PinePerks-UserName: A0aCcnPzDANtKmvSLPKcaw==
2022-01-26_00:03:03.774 [main] DEBUG org.apache.http.headers - >> Accept: */*
2022-01-26_00:03:03.774 [main] DEBUG org.apache.http.headers - >> Host: apitest.pineperks.in
2022-01-26_00:03:03.774 [main] DEBUG org.apache.http.headers - >> Connection: Keep-Alive
2022-01-26_00:03:03.774 [main] DEBUG org.apache.http.headers - >> User-Agent: Apache-HttpClient/4.5.2 (Java/1.8.0_202)
2022-01-26_00:03:03.774 [main] DEBUG org.apache.http.headers - >> Accept-Encoding: gzip,deflate
2022-01-26_00:03:03.801 [main] DEBUG org.apache.http.wire -  << "HTTP/1.1 200 [\r][\n]"
2022-01-26_00:03:03.803 [main] DEBUG org.apache.http.wire -  << "Access-Control-Allow-Methods: GET, POST[\r][\n]"
2022-01-26_00:03:03.803 [main] DEBUG org.apache.http.wire -  << "Access-Control-Allow-Origin: *[\r][\n]"
2022-01-26_00:03:03.803 [main] DEBUG org.apache.http.wire -  << "Content-Security-Policy: default-src 'none'[\r][\n]"
2022-01-26_00:03:03.803 [main] DEBUG org.apache.http.wire -  << "Feature-Policy: 'none'[\r][\n]"
2022-01-26_00:03:03.803 [main] DEBUG org.apache.http.wire -  << "Referrer-Policy: no-referrer[\r][\n]"
2022-01-26_00:03:03.803 [main] DEBUG org.apache.http.wire -  << "Strict-Transport-Security: max-age=31536000 ; includeSubDomains[\r][\n]"
2022-01-26_00:03:03.803 [main] DEBUG org.apache.http.wire -  << "Date: Tue, 25 Jan 2022 18:33:03 GMT[\r][\n]"
2022-01-26_00:03:03.803 [main] DEBUG org.apache.http.wire -  << "Keep-Alive: timeout=60[\r][\n]"
2022-01-26_00:03:03.804 [main] DEBUG org.apache.http.wire -  << "Content-Type: application/json[\r][\n]"
2022-01-26_00:03:03.804 [main] DEBUG org.apache.http.wire -  << "Transfer-Encoding: chunked[\r][\n]"
2022-01-26_00:03:03.804 [main] DEBUG org.apache.http.wire -  << "Connection: keep-alive[\r][\n]"
2022-01-26_00:03:03.804 [main] DEBUG org.apache.http.wire -  << "[\r][\n]"
2022-01-26_00:03:03.804 [main] DEBUG o.a.h.i.conn.DefaultClientConnection - Receiving response: HTTP/1.1 200 
2022-01-26_00:03:03.804 [main] DEBUG org.apache.http.headers - << HTTP/1.1 200 
2022-01-26_00:03:03.804 [main] DEBUG org.apache.http.headers - << Access-Control-Allow-Methods: GET, POST
2022-01-26_00:03:03.804 [main] DEBUG org.apache.http.headers - << Access-Control-Allow-Origin: *
2022-01-26_00:03:03.804 [main] DEBUG org.apache.http.headers - << Content-Security-Policy: default-src 'none'
2022-01-26_00:03:03.804 [main] DEBUG org.apache.http.headers - << Feature-Policy: 'none'
2022-01-26_00:03:03.804 [main] DEBUG org.apache.http.headers - << Referrer-Policy: no-referrer
2022-01-26_00:03:03.804 [main] DEBUG org.apache.http.headers - << Strict-Transport-Security: max-age=31536000 ; includeSubDomains
2022-01-26_00:03:03.804 [main] DEBUG org.apache.http.headers - << Date: Tue, 25 Jan 2022 18:33:03 GMT
2022-01-26_00:03:03.804 [main] DEBUG org.apache.http.headers - << Keep-Alive: timeout=60
2022-01-26_00:03:03.804 [main] DEBUG org.apache.http.headers - << Content-Type: application/json
2022-01-26_00:03:03.804 [main] DEBUG org.apache.http.headers - << Transfer-Encoding: chunked
2022-01-26_00:03:03.804 [main] DEBUG org.apache.http.headers - << Connection: keep-alive
2022-01-26_00:03:03.805 [main] DEBUG o.a.h.impl.client.DefaultHttpClient - Connection can be kept alive for 60000 MILLISECONDS
2022-01-26_00:03:03.805 [main] DEBUG i.r.i.RequestSpecificationImpl$RestAssuredHttpBuilder - Parsing response as: application/json
2022-01-26_00:03:03.805 [main] DEBUG i.r.i.RequestSpecificationImpl$RestAssuredHttpBuilder - Parsed data to instance of: class org.apache.http.conn.EofSensorInputStream
2022-01-26_00:03:03.806 [main] INFO  com.qc.BaseAPI - Method :GET
2022-01-26_00:03:03.807 [main] INFO  com.qc.BaseAPI - URI :https://apitest.pineperks.in/auth/V2/generate/token
2022-01-26_00:03:03.807 [main] INFO  com.qc.BaseAPI - Headers :X-PinePerks-UserName=A0aCcnPzDANtKmvSLPKcaw==
Accept=*/*
Content-Type=application/json; charset=UTF-8
2022-01-26_00:03:03.807 [main] INFO  com.qc.BaseAPI - Body :null
2022-01-26_00:03:03.807 [main] INFO  com.qc.BaseAPI - ********************RESPONSE********************
2022-01-26_00:03:03.807 [main] DEBUG org.apache.http.wire -  << "7e[\r][\n]"
2022-01-26_00:03:03.807 [main] DEBUG org.apache.http.wire -  << "{"accessToken":"b36c3c683ab7480c912b07aac619193b","tokenExpiryDate":"2024-01-26","responseCode":0,"responseMessage":"Success"}"
2022-01-26_00:03:03.807 [main] DEBUG org.apache.http.wire -  << "[\r][\n]"
2022-01-26_00:03:03.808 [main] DEBUG org.apache.http.wire -  << "0[\r][\n]"
2022-01-26_00:03:03.808 [main] DEBUG org.apache.http.wire -  << "[\r][\n]"
2022-01-26_00:03:03.808 [main] DEBUG o.a.h.i.c.BasicClientConnectionManager - Releasing connection org.apache.http.impl.conn.ManagedClientConnectionImpl@7de7a65d
2022-01-26_00:03:03.808 [main] DEBUG o.a.h.i.c.BasicClientConnectionManager - Connection can be kept alive for 60000 MILLISECONDS
2022-01-26_00:03:03.810 [main] INFO  com.qc.BaseAPI - Response :{
    "accessToken": "b36c3c683ab7480c912b07aac619193b",
    "tokenExpiryDate": "2024-01-26",
    "responseCode": 0,
    "responseMessage": "Success"
}
2022-01-26_00:03:03.810 [main] INFO  com.qc.BaseAPI -  **** GET call Response time 155 ms
2022-01-26_00:03:03.810 [main] INFO  pl.rest.service.Authorize - Time Taken to perform https://apitest.pineperks.in/auth/V2/generate/token transaction: 155
2022-01-26_00:03:03.817 [main] INFO  p.rest.stepDefs.TransactionsStepDefs - Expected date 2024-01-26
2022-01-26_00:03:03.817 [main] INFO  p.rest.stepDefs.TransactionsStepDefs - actual Date 2024-01-26
2022-01-26_00:03:03.819 [main] DEBUG com.qc.qa.ui.BasePage - No Alert displayed
2022-01-26_00:03:03.998 [main] INFO  com.qc.CukeBase - Closing driver
2022-01-26_00:03:05.072 [main] INFO  com.qc.CukeBase - Cucumber Before web scenario - Validating the response JSON schema for V2.
2022-01-26_00:03:05.079 [main] INFO  i.g.bonigarcia.wdm.WebDriverManager - Please answer the following questionnaire based on your experience with WebDriverManager. Thanks a lot!
2022-01-26_00:03:05.080 [main] INFO  i.g.bonigarcia.wdm.WebDriverManager - ====> http://tiny.cc/wdm-survey <====
2022-01-26_00:03:05.084 [main] INFO  i.g.bonigarcia.wdm.WebDriverManager - Using chromedriver 97.0.4692.71 (since Chrome 97 is installed in your machine)
2022-01-26_00:03:05.089 [main] DEBUG i.g.bonigarcia.wdm.WebDriverManager - Driver chromedriver 97.0.4692.71 found in cache
2022-01-26_00:03:05.090 [main] INFO  i.g.bonigarcia.wdm.WebDriverManager - Exporting webdriver.chrome.driver as C:\Users\afzal.ahmed\.m2\repository\webdriver\chromedriver\win32\97.0.4692.71\chromedriver.exe
2022-01-26_00:03:06.175 [main] INFO  com.qc.qa.drivers.ChromeDriverManger - Chrome service started
2022-01-26_00:03:09.465 [main] INFO  com.qc.CukeBase - Set new webDriver
2022-01-26_00:03:09.466 [main] INFO  com.qc.CukeBase - Getting webDriver
2022-01-26_00:03:09.999 [main] INFO  com.qc.CukeBase - Getting webDriver
2022-01-26_00:03:09.999 [main] INFO  pl.rest.CustomHooks - SCENARIO NAME: Validating the response JSON schema for V2.
2022-01-26_00:03:09.999 [main] INFO  pl.rest.CustomHooks - TAG NAMEs: [@Regression, @Web]
2022-01-26_00:03:10.000 [main] INFO  pl.rest.CustomHooks - SCENARIO NAME: Validating the response JSON schema for V2.
2022-01-26_00:03:10.001 [main] INFO  pl.rest.CustomHooks - TAG NAMEs: [@Regression, @Web]
2022-01-26_00:03:10.001 [main] INFO  pl.rest.CustomHooks - Index: 0, Size: 0
2022-01-26_00:03:10.095 [Finalizer] DEBUG o.a.h.i.conn.DefaultClientConnection - Connection 0.0.0.0:58987<->14.143.120.84:443 closed
2022-01-26_00:03:10.149 [main] INFO  pl.rest.service.Authorize - Authorize Rest API URL :- https://apitest.pineperks.in/auth/V2/generate/token
2022-01-26_00:03:10.150 [main] INFO  com.qc.BaseAPI - GET call to URL https://apitest.pineperks.in/auth/V2/generate/token
2022-01-26_00:03:10.153 [main] INFO  com.qc.BaseAPI - ********************REQUEST********************
2022-01-26_00:03:10.160 [main] DEBUG o.a.h.i.c.BasicClientConnectionManager - Get connection for route {s}->https://apitest.pineperks.in:443
2022-01-26_00:03:10.160 [main] DEBUG o.a.h.i.c.DefaultClientConnectionOperator - Connecting to apitest.pineperks.in:443
2022-01-26_00:03:10.286 [main] DEBUG o.a.h.c.protocol.RequestAddCookies - CookieSpec selected: ignoreCookies
2022-01-26_00:03:10.286 [main] DEBUG o.a.h.c.protocol.RequestAuthCache - Auth cache not set in the context
2022-01-26_00:03:10.286 [main] DEBUG o.a.h.c.p.RequestTargetAuthentication - Target auth state: UNCHALLENGED
2022-01-26_00:03:10.286 [main] DEBUG o.a.h.c.p.RequestProxyAuthentication - Proxy auth state: UNCHALLENGED
2022-01-26_00:03:10.288 [main] DEBUG o.a.h.impl.client.DefaultHttpClient - Attempt 1 to execute request
2022-01-26_00:03:10.288 [main] DEBUG o.a.h.i.conn.DefaultClientConnection - Sending request: GET /auth/V2/generate/token HTTP/1.1
2022-01-26_00:03:10.288 [main] DEBUG org.apache.http.wire -  >> "GET /auth/V2/generate/token HTTP/1.1[\r][\n]"
2022-01-26_00:03:10.288 [main] DEBUG org.apache.http.wire -  >> "Content-Type: application/json; charset=UTF-8[\r][\n]"
2022-01-26_00:03:10.288 [main] DEBUG org.apache.http.wire -  >> "X-PinePerks-UserName: A0aCcnPzDANtKmvSLPKcaw==[\r][\n]"
2022-01-26_00:03:10.288 [main] DEBUG org.apache.http.wire -  >> "Accept: */*[\r][\n]"
2022-01-26_00:03:10.288 [main] DEBUG org.apache.http.wire -  >> "Host: apitest.pineperks.in[\r][\n]"
2022-01-26_00:03:10.288 [main] DEBUG org.apache.http.wire -  >> "Connection: Keep-Alive[\r][\n]"
2022-01-26_00:03:10.288 [main] DEBUG org.apache.http.wire -  >> "User-Agent: Apache-HttpClient/4.5.2 (Java/1.8.0_202)[\r][\n]"
2022-01-26_00:03:10.288 [main] DEBUG org.apache.http.wire -  >> "Accept-Encoding: gzip,deflate[\r][\n]"
2022-01-26_00:03:10.288 [main] DEBUG org.apache.http.wire -  >> "[\r][\n]"
2022-01-26_00:03:10.288 [main] DEBUG org.apache.http.headers - >> GET /auth/V2/generate/token HTTP/1.1
2022-01-26_00:03:10.288 [main] DEBUG org.apache.http.headers - >> Content-Type: application/json; charset=UTF-8
2022-01-26_00:03:10.288 [main] DEBUG org.apache.http.headers - >> X-PinePerks-UserName: A0aCcnPzDANtKmvSLPKcaw==
2022-01-26_00:03:10.288 [main] DEBUG org.apache.http.headers - >> Accept: */*
2022-01-26_00:03:10.288 [main] DEBUG org.apache.http.headers - >> Host: apitest.pineperks.in
2022-01-26_00:03:10.289 [main] DEBUG org.apache.http.headers - >> Connection: Keep-Alive
2022-01-26_00:03:10.289 [main] DEBUG org.apache.http.headers - >> User-Agent: Apache-HttpClient/4.5.2 (Java/1.8.0_202)
2022-01-26_00:03:10.289 [main] DEBUG org.apache.http.headers - >> Accept-Encoding: gzip,deflate
2022-01-26_00:03:10.320 [main] DEBUG org.apache.http.wire -  << "HTTP/1.1 200 [\r][\n]"
2022-01-26_00:03:10.321 [main] DEBUG org.apache.http.wire -  << "Access-Control-Allow-Methods: GET, POST[\r][\n]"
2022-01-26_00:03:10.321 [main] DEBUG org.apache.http.wire -  << "Access-Control-Allow-Origin: *[\r][\n]"
2022-01-26_00:03:10.321 [main] DEBUG org.apache.http.wire -  << "Content-Security-Policy: default-src 'none'[\r][\n]"
2022-01-26_00:03:10.321 [main] DEBUG org.apache.http.wire -  << "Feature-Policy: 'none'[\r][\n]"
2022-01-26_00:03:10.321 [main] DEBUG org.apache.http.wire -  << "Referrer-Policy: no-referrer[\r][\n]"
2022-01-26_00:03:10.321 [main] DEBUG org.apache.http.wire -  << "Strict-Transport-Security: max-age=31536000 ; includeSubDomains[\r][\n]"
2022-01-26_00:03:10.321 [main] DEBUG org.apache.http.wire -  << "Date: Tue, 25 Jan 2022 18:33:10 GMT[\r][\n]"
2022-01-26_00:03:10.321 [main] DEBUG org.apache.http.wire -  << "Keep-Alive: timeout=60[\r][\n]"
2022-01-26_00:03:10.321 [main] DEBUG org.apache.http.wire -  << "Content-Type: application/json[\r][\n]"
2022-01-26_00:03:10.321 [main] DEBUG org.apache.http.wire -  << "Transfer-Encoding: chunked[\r][\n]"
2022-01-26_00:03:10.321 [main] DEBUG org.apache.http.wire -  << "Connection: keep-alive[\r][\n]"
2022-01-26_00:03:10.321 [main] DEBUG org.apache.http.wire -  << "[\r][\n]"
2022-01-26_00:03:10.321 [main] DEBUG o.a.h.i.conn.DefaultClientConnection - Receiving response: HTTP/1.1 200 
2022-01-26_00:03:10.321 [main] DEBUG org.apache.http.headers - << HTTP/1.1 200 
2022-01-26_00:03:10.321 [main] DEBUG org.apache.http.headers - << Access-Control-Allow-Methods: GET, POST
2022-01-26_00:03:10.321 [main] DEBUG org.apache.http.headers - << Access-Control-Allow-Origin: *
2022-01-26_00:03:10.321 [main] DEBUG org.apache.http.headers - << Content-Security-Policy: default-src 'none'
2022-01-26_00:03:10.321 [main] DEBUG org.apache.http.headers - << Feature-Policy: 'none'
2022-01-26_00:03:10.321 [main] DEBUG org.apache.http.headers - << Referrer-Policy: no-referrer
2022-01-26_00:03:10.321 [main] DEBUG org.apache.http.headers - << Strict-Transport-Security: max-age=31536000 ; includeSubDomains
2022-01-26_00:03:10.321 [main] DEBUG org.apache.http.headers - << Date: Tue, 25 Jan 2022 18:33:10 GMT
2022-01-26_00:03:10.321 [main] DEBUG org.apache.http.headers - << Keep-Alive: timeout=60
2022-01-26_00:03:10.321 [main] DEBUG org.apache.http.headers - << Content-Type: application/json
2022-01-26_00:03:10.321 [main] DEBUG org.apache.http.headers - << Transfer-Encoding: chunked
2022-01-26_00:03:10.321 [main] DEBUG org.apache.http.headers - << Connection: keep-alive
2022-01-26_00:03:10.322 [main] DEBUG o.a.h.impl.client.DefaultHttpClient - Connection can be kept alive for 60000 MILLISECONDS
2022-01-26_00:03:10.323 [main] DEBUG i.r.i.RequestSpecificationImpl$RestAssuredHttpBuilder - Parsing response as: application/json
2022-01-26_00:03:10.323 [main] DEBUG i.r.i.RequestSpecificationImpl$RestAssuredHttpBuilder - Parsed data to instance of: class org.apache.http.conn.EofSensorInputStream
2022-01-26_00:03:10.324 [main] INFO  com.qc.BaseAPI - Method :GET
2022-01-26_00:03:10.326 [main] INFO  com.qc.BaseAPI - URI :https://apitest.pineperks.in/auth/V2/generate/token
2022-01-26_00:03:10.326 [main] INFO  com.qc.BaseAPI - Headers :X-PinePerks-UserName=A0aCcnPzDANtKmvSLPKcaw==
Accept=*/*
Content-Type=application/json; charset=UTF-8
2022-01-26_00:03:10.326 [main] INFO  com.qc.BaseAPI - Body :null
2022-01-26_00:03:10.326 [main] INFO  com.qc.BaseAPI - ********************RESPONSE********************
2022-01-26_00:03:10.326 [main] DEBUG org.apache.http.wire -  << "7e[\r][\n]"
2022-01-26_00:03:10.326 [main] DEBUG org.apache.http.wire -  << "{"accessToken":"587fa75598a1479b99dae32d28c1b218","tokenExpiryDate":"2024-01-26","responseCode":0,"responseMessage":"Success"}"
2022-01-26_00:03:10.326 [main] DEBUG org.apache.http.wire -  << "[\r][\n]"
2022-01-26_00:03:10.326 [main] DEBUG org.apache.http.wire -  << "0[\r][\n]"
2022-01-26_00:03:10.326 [main] DEBUG org.apache.http.wire -  << "[\r][\n]"
2022-01-26_00:03:10.326 [main] DEBUG o.a.h.i.c.BasicClientConnectionManager - Releasing connection org.apache.http.impl.conn.ManagedClientConnectionImpl@384657f
2022-01-26_00:03:10.326 [main] DEBUG o.a.h.i.c.BasicClientConnectionManager - Connection can be kept alive for 60000 MILLISECONDS
2022-01-26_00:03:10.327 [main] INFO  com.qc.BaseAPI - Response :{
    "accessToken": "587fa75598a1479b99dae32d28c1b218",
    "tokenExpiryDate": "2024-01-26",
    "responseCode": 0,
    "responseMessage": "Success"
}
2022-01-26_00:03:10.327 [main] INFO  com.qc.BaseAPI -  **** GET call Response time 170 ms
2022-01-26_00:03:10.327 [main] INFO  pl.rest.service.Authorize - Time Taken to perform https://apitest.pineperks.in/auth/V2/generate/token transaction: 170
2022-01-26_00:03:10.334 [main] INFO  p.rest.stepDefs.TransactionsStepDefs - path
2022-01-26_00:03:10.360 [main] INFO  com.qc.CukeBase - Getting webDriver
2022-01-26_00:03:10.528 [main] DEBUG com.qc.qa.ui.BasePage - No Alert displayed
2022-01-26_00:03:10.630 [main] INFO  com.qc.CukeBase - Closing driver
