2022-01-27_16:14:17.237 [main] INFO  pl.rest.CustomHooks - SCENARIO NAME: Issuing a instant non reloadable card
2022-01-27_16:14:17.244 [main] INFO  pl.rest.CustomHooks - TAG NAMEs: [@Regression, @DB]
2022-01-27_16:14:17.251 [main] INFO  pl.rest.CustomHooks - SCENARIO NAME: Issuing a instant non reloadable card
2022-01-27_16:14:17.252 [main] INFO  pl.rest.CustomHooks - TAG NAMEs: [@Regression, @DB]
2022-01-27_16:14:17.328 [main] INFO  pl.rest.CustomHooks - Index: 0, Size: 0
2022-01-27_16:14:18.529 [main] INFO  com.qc.qa.utils.TestDataReader - Reading API Test Data config values from  testData/api/devAPITestData.properties
2022-01-27_16:14:18.545 [main] INFO  pl.rest.service.Authorize - Authorize Rest API URL :- https://apitest.pineperks.in/auth/V1/generate/token
2022-01-27_16:14:18.546 [main] INFO  com.qc.BaseAPI - GET call to URL https://apitest.pineperks.in/auth/V1/generate/token
2022-01-27_16:14:18.774 [main] INFO  com.qc.BaseAPI - ********************REQUEST********************
2022-01-27_16:14:21.332 [main] DEBUG o.a.h.i.c.BasicClientConnectionManager - Get connection for route {s}->https://apitest.pineperks.in:443
2022-01-27_16:14:21.435 [main] DEBUG o.a.h.i.c.DefaultClientConnectionOperator - Connecting to apitest.pineperks.in:443
2022-01-27_16:14:21.671 [main] DEBUG o.a.h.c.protocol.RequestAddCookies - CookieSpec selected: ignoreCookies
2022-01-27_16:14:21.673 [main] DEBUG o.a.h.c.protocol.RequestAuthCache - Auth cache not set in the context
2022-01-27_16:14:21.674 [main] DEBUG o.a.h.c.p.RequestTargetAuthentication - Target auth state: UNCHALLENGED
2022-01-27_16:14:21.675 [main] DEBUG o.a.h.c.p.RequestProxyAuthentication - Proxy auth state: UNCHALLENGED
2022-01-27_16:14:21.675 [main] DEBUG o.a.h.impl.client.DefaultHttpClient - Attempt 1 to execute request
2022-01-27_16:14:21.675 [main] DEBUG o.a.h.i.conn.DefaultClientConnection - Sending request: GET /auth/V1/generate/token HTTP/1.1
2022-01-27_16:14:21.676 [main] DEBUG org.apache.http.wire -  >> "GET /auth/V1/generate/token HTTP/1.1[\r][\n]"
2022-01-27_16:14:21.678 [main] DEBUG org.apache.http.wire -  >> "Content-Type: application/json; charset=UTF-8[\r][\n]"
2022-01-27_16:14:21.678 [main] DEBUG org.apache.http.wire -  >> "Accept: */*[\r][\n]"
2022-01-27_16:14:21.678 [main] DEBUG org.apache.http.wire -  >> "userName: A0aCcnPzDANtKmvSLPKcaw==[\r][\n]"
2022-01-27_16:14:21.678 [main] DEBUG org.apache.http.wire -  >> "Host: apitest.pineperks.in[\r][\n]"
2022-01-27_16:14:21.679 [main] DEBUG org.apache.http.wire -  >> "Connection: Keep-Alive[\r][\n]"
2022-01-27_16:14:21.679 [main] DEBUG org.apache.http.wire -  >> "User-Agent: Apache-HttpClient/4.5.2 (Java/1.8.0_202)[\r][\n]"
2022-01-27_16:14:21.679 [main] DEBUG org.apache.http.wire -  >> "Accept-Encoding: gzip,deflate[\r][\n]"
2022-01-27_16:14:21.679 [main] DEBUG org.apache.http.wire -  >> "[\r][\n]"
2022-01-27_16:14:21.679 [main] DEBUG org.apache.http.headers - >> GET /auth/V1/generate/token HTTP/1.1
2022-01-27_16:14:21.680 [main] DEBUG org.apache.http.headers - >> Content-Type: application/json; charset=UTF-8
2022-01-27_16:14:21.680 [main] DEBUG org.apache.http.headers - >> Accept: */*
2022-01-27_16:14:21.680 [main] DEBUG org.apache.http.headers - >> userName: A0aCcnPzDANtKmvSLPKcaw==
2022-01-27_16:14:21.680 [main] DEBUG org.apache.http.headers - >> Host: apitest.pineperks.in
2022-01-27_16:14:21.680 [main] DEBUG org.apache.http.headers - >> Connection: Keep-Alive
2022-01-27_16:14:21.680 [main] DEBUG org.apache.http.headers - >> User-Agent: Apache-HttpClient/4.5.2 (Java/1.8.0_202)
2022-01-27_16:14:21.680 [main] DEBUG org.apache.http.headers - >> Accept-Encoding: gzip,deflate
2022-01-27_16:14:21.710 [main] DEBUG org.apache.http.wire -  << "HTTP/1.1 200 [\r][\n]"
2022-01-27_16:14:21.713 [main] DEBUG org.apache.http.wire -  << "Access-Control-Allow-Methods: GET, POST[\r][\n]"
2022-01-27_16:14:21.713 [main] DEBUG org.apache.http.wire -  << "Access-Control-Allow-Origin: *[\r][\n]"
2022-01-27_16:14:21.713 [main] DEBUG org.apache.http.wire -  << "Content-Security-Policy: default-src 'none'[\r][\n]"
2022-01-27_16:14:21.713 [main] DEBUG org.apache.http.wire -  << "Feature-Policy: 'none'[\r][\n]"
2022-01-27_16:14:21.714 [main] DEBUG org.apache.http.wire -  << "Referrer-Policy: no-referrer[\r][\n]"
2022-01-27_16:14:21.714 [main] DEBUG org.apache.http.wire -  << "Strict-Transport-Security: max-age=31536000 ; includeSubDomains[\r][\n]"
2022-01-27_16:14:21.714 [main] DEBUG org.apache.http.wire -  << "Date: Thu, 27 Jan 2022 10:44:21 GMT[\r][\n]"
2022-01-27_16:14:21.714 [main] DEBUG org.apache.http.wire -  << "Keep-Alive: timeout=60[\r][\n]"
2022-01-27_16:14:21.714 [main] DEBUG org.apache.http.wire -  << "Content-Type: application/json[\r][\n]"
2022-01-27_16:14:21.714 [main] DEBUG org.apache.http.wire -  << "Transfer-Encoding: chunked[\r][\n]"
2022-01-27_16:14:21.714 [main] DEBUG org.apache.http.wire -  << "Connection: keep-alive[\r][\n]"
2022-01-27_16:14:21.715 [main] DEBUG org.apache.http.wire -  << "[\r][\n]"
2022-01-27_16:14:21.715 [main] DEBUG o.a.h.i.conn.DefaultClientConnection - Receiving response: HTTP/1.1 200 
2022-01-27_16:14:21.715 [main] DEBUG org.apache.http.headers - << HTTP/1.1 200 
2022-01-27_16:14:21.715 [main] DEBUG org.apache.http.headers - << Access-Control-Allow-Methods: GET, POST
2022-01-27_16:14:21.716 [main] DEBUG org.apache.http.headers - << Access-Control-Allow-Origin: *
2022-01-27_16:14:21.716 [main] DEBUG org.apache.http.headers - << Content-Security-Policy: default-src 'none'
2022-01-27_16:14:21.716 [main] DEBUG org.apache.http.headers - << Feature-Policy: 'none'
2022-01-27_16:14:21.716 [main] DEBUG org.apache.http.headers - << Referrer-Policy: no-referrer
2022-01-27_16:14:21.716 [main] DEBUG org.apache.http.headers - << Strict-Transport-Security: max-age=31536000 ; includeSubDomains
2022-01-27_16:14:21.716 [main] DEBUG org.apache.http.headers - << Date: Thu, 27 Jan 2022 10:44:21 GMT
2022-01-27_16:14:21.716 [main] DEBUG org.apache.http.headers - << Keep-Alive: timeout=60
2022-01-27_16:14:21.716 [main] DEBUG org.apache.http.headers - << Content-Type: application/json
2022-01-27_16:14:21.716 [main] DEBUG org.apache.http.headers - << Transfer-Encoding: chunked
2022-01-27_16:14:21.716 [main] DEBUG org.apache.http.headers - << Connection: keep-alive
2022-01-27_16:14:21.722 [main] DEBUG o.a.h.impl.client.DefaultHttpClient - Connection can be kept alive for 60000 MILLISECONDS
2022-01-27_16:14:21.741 [main] DEBUG i.r.i.RequestSpecificationImpl$RestAssuredHttpBuilder - Parsing response as: application/json
2022-01-27_16:14:21.741 [main] DEBUG i.r.i.RequestSpecificationImpl$RestAssuredHttpBuilder - Parsed data to instance of: class org.apache.http.conn.EofSensorInputStream
2022-01-27_16:14:21.756 [main] INFO  com.qc.BaseAPI - Method :GET
2022-01-27_16:14:21.758 [main] INFO  com.qc.BaseAPI - URI :https://apitest.pineperks.in/auth/V1/generate/token
2022-01-27_16:14:21.758 [main] INFO  com.qc.BaseAPI - Headers :userName=A0aCcnPzDANtKmvSLPKcaw==
Accept=*/*
Content-Type=application/json; charset=UTF-8
2022-01-27_16:14:21.758 [main] INFO  com.qc.BaseAPI - Body :null
2022-01-27_16:14:21.758 [main] INFO  com.qc.BaseAPI - ********************RESPONSE********************
2022-01-27_16:14:21.770 [main] DEBUG org.apache.http.wire -  << "7f[\r][\n]"
2022-01-27_16:14:21.771 [main] DEBUG org.apache.http.wire -  << "{"accessToken":"7835fbc3a8cd4add9a3b624ff0cb2d12","tokenExpiryTime":"27-Jan-2024","responseCode":0,"responseMessage":"Success"}"
2022-01-27_16:14:21.771 [main] DEBUG org.apache.http.wire -  << "[\r][\n]"
2022-01-27_16:14:21.772 [main] DEBUG org.apache.http.wire -  << "0[\r][\n]"
2022-01-27_16:14:21.772 [main] DEBUG org.apache.http.wire -  << "[\r][\n]"
2022-01-27_16:14:21.772 [main] DEBUG o.a.h.i.c.BasicClientConnectionManager - Releasing connection org.apache.http.impl.conn.ManagedClientConnectionImpl@1a714d1
2022-01-27_16:14:21.772 [main] DEBUG o.a.h.i.c.BasicClientConnectionManager - Connection can be kept alive for 60000 MILLISECONDS
2022-01-27_16:14:21.808 [main] INFO  com.qc.BaseAPI - Response :{
    "accessToken": "7835fbc3a8cd4add9a3b624ff0cb2d12",
    "tokenExpiryTime": "27-Jan-2024",
    "responseCode": 0,
    "responseMessage": "Success"
}
2022-01-27_16:14:21.810 [main] INFO  com.qc.BaseAPI -  **** GET call Response time 2970 ms
2022-01-27_16:14:21.811 [main] INFO  pl.rest.service.Authorize - Time Taken to perform https://apitest.pineperks.in/auth/V1/generate/token transaction: 2970
2022-01-27_16:14:21.938 [main] INFO  com.qc.qa.utils.TestDataReader - Reading Json data authorizeHeaders
2022-01-27_16:14:21.942 [main] INFO  com.qc.qa.utils.TestDataReader - Reading json data from file @ testData/api/devAPIData.json
2022-01-27_16:14:21.970 [main] INFO  pl.rest.service.CardIssue - CardIssue Rest API URL :- https://apitest.pineperks.in/card/order/V1/instant/issue/nonreloadable/digital
2022-01-27_16:14:21.971 [main] INFO  com.qc.BaseAPI - POST call to URL https://apitest.pineperks.in/card/order/V1/instant/issue/nonreloadable/digital
2022-01-27_16:14:21.982 [main] INFO  com.qc.BaseAPI - ********************REQUEST********************
2022-01-27_16:14:22.016 [main] DEBUG o.a.h.i.c.BasicClientConnectionManager - Get connection for route {s}->https://apitest.pineperks.in:443
2022-01-27_16:14:22.016 [main] DEBUG o.a.h.i.c.DefaultClientConnectionOperator - Connecting to apitest.pineperks.in:443
2022-01-27_16:14:22.160 [main] DEBUG o.a.h.c.protocol.RequestAddCookies - CookieSpec selected: ignoreCookies
2022-01-27_16:14:22.161 [main] DEBUG o.a.h.c.protocol.RequestAuthCache - Auth cache not set in the context
2022-01-27_16:14:22.161 [main] DEBUG o.a.h.c.p.RequestTargetAuthentication - Target auth state: UNCHALLENGED
2022-01-27_16:14:22.161 [main] DEBUG o.a.h.c.p.RequestProxyAuthentication - Proxy auth state: UNCHALLENGED
2022-01-27_16:14:22.161 [main] DEBUG o.a.h.impl.client.DefaultHttpClient - Attempt 1 to execute request
2022-01-27_16:14:22.161 [main] DEBUG o.a.h.i.conn.DefaultClientConnection - Sending request: POST /card/order/V1/instant/issue/nonreloadable/digital HTTP/1.1
2022-01-27_16:14:22.162 [main] DEBUG org.apache.http.wire -  >> "POST /card/order/V1/instant/issue/nonreloadable/digital HTTP/1.1[\r][\n]"
2022-01-27_16:14:22.162 [main] DEBUG org.apache.http.wire -  >> "Accept: */*[\r][\n]"
2022-01-27_16:14:22.162 [main] DEBUG org.apache.http.wire -  >> "userName: A0aCcnPzDANtKmvSLPKcaw==[\r][\n]"
2022-01-27_16:14:22.162 [main] DEBUG org.apache.http.wire -  >> "token: 7835fbc3a8cd4add9a3b624ff0cb2d12[\r][\n]"
2022-01-27_16:14:22.162 [main] DEBUG org.apache.http.wire -  >> "Content-Type: application/json; charset=UTF-8[\r][\n]"
2022-01-27_16:14:22.162 [main] DEBUG org.apache.http.wire -  >> "Content-Length: 241[\r][\n]"
2022-01-27_16:14:22.162 [main] DEBUG org.apache.http.wire -  >> "Host: apitest.pineperks.in[\r][\n]"
2022-01-27_16:14:22.162 [main] DEBUG org.apache.http.wire -  >> "Connection: Keep-Alive[\r][\n]"
2022-01-27_16:14:22.163 [main] DEBUG org.apache.http.wire -  >> "User-Agent: Apache-HttpClient/4.5.2 (Java/1.8.0_202)[\r][\n]"
2022-01-27_16:14:22.163 [main] DEBUG org.apache.http.wire -  >> "Accept-Encoding: gzip,deflate[\r][\n]"
2022-01-27_16:14:22.163 [main] DEBUG org.apache.http.wire -  >> "[\r][\n]"
2022-01-27_16:14:22.163 [main] DEBUG org.apache.http.headers - >> POST /card/order/V1/instant/issue/nonreloadable/digital HTTP/1.1
2022-01-27_16:14:22.163 [main] DEBUG org.apache.http.headers - >> Accept: */*
2022-01-27_16:14:22.163 [main] DEBUG org.apache.http.headers - >> userName: A0aCcnPzDANtKmvSLPKcaw==
2022-01-27_16:14:22.163 [main] DEBUG org.apache.http.headers - >> token: 7835fbc3a8cd4add9a3b624ff0cb2d12
2022-01-27_16:14:22.163 [main] DEBUG org.apache.http.headers - >> Content-Type: application/json; charset=UTF-8
2022-01-27_16:14:22.163 [main] DEBUG org.apache.http.headers - >> Content-Length: 241
2022-01-27_16:14:22.163 [main] DEBUG org.apache.http.headers - >> Host: apitest.pineperks.in
2022-01-27_16:14:22.163 [main] DEBUG org.apache.http.headers - >> Connection: Keep-Alive
2022-01-27_16:14:22.163 [main] DEBUG org.apache.http.headers - >> User-Agent: Apache-HttpClient/4.5.2 (Java/1.8.0_202)
2022-01-27_16:14:22.163 [main] DEBUG org.apache.http.headers - >> Accept-Encoding: gzip,deflate
2022-01-27_16:14:22.164 [main] DEBUG org.apache.http.wire -  >> "{"isLinkToBeSentOnMobile":true,"checksum":"5x3GNrnStyS2PkMvV6EeAw==","cardDetailList":[{"amount":"1000","mobileNumber":"8284854535","customerName":"afzal","email":"afzal.ahmed@pinelabs.com"}],"externalRequestId":"IfMPiQF","cardSchemeId":"7"}"
2022-01-27_16:14:22.559 [main] DEBUG org.apache.http.wire -  << "HTTP/1.1 200 [\r][\n]"
2022-01-27_16:14:22.559 [main] DEBUG org.apache.http.wire -  << "Access-Control-Allow-Methods: GET, POST[\r][\n]"
2022-01-27_16:14:22.559 [main] DEBUG org.apache.http.wire -  << "Access-Control-Allow-Origin: *[\r][\n]"
2022-01-27_16:14:22.559 [main] DEBUG org.apache.http.wire -  << "Content-Security-Policy: default-src 'none'[\r][\n]"
2022-01-27_16:14:22.559 [main] DEBUG org.apache.http.wire -  << "Feature-Policy: 'none'[\r][\n]"
2022-01-27_16:14:22.560 [main] DEBUG org.apache.http.wire -  << "Referrer-Policy: no-referrer[\r][\n]"
2022-01-27_16:14:22.560 [main] DEBUG org.apache.http.wire -  << "Strict-Transport-Security: max-age=31536000 ; includeSubDomains[\r][\n]"
2022-01-27_16:14:22.560 [main] DEBUG org.apache.http.wire -  << "Date: Thu, 27 Jan 2022 10:44:21 GMT[\r][\n]"
2022-01-27_16:14:22.560 [main] DEBUG org.apache.http.wire -  << "Keep-Alive: timeout=60[\r][\n]"
2022-01-27_16:14:22.560 [main] DEBUG org.apache.http.wire -  << "Content-Type: application/json[\r][\n]"
2022-01-27_16:14:22.560 [main] DEBUG org.apache.http.wire -  << "Transfer-Encoding: chunked[\r][\n]"
2022-01-27_16:14:22.560 [main] DEBUG org.apache.http.wire -  << "Connection: keep-alive[\r][\n]"
2022-01-27_16:14:22.560 [main] DEBUG org.apache.http.wire -  << "[\r][\n]"
2022-01-27_16:14:22.560 [main] DEBUG o.a.h.i.conn.DefaultClientConnection - Receiving response: HTTP/1.1 200 
2022-01-27_16:14:22.560 [main] DEBUG org.apache.http.headers - << HTTP/1.1 200 
2022-01-27_16:14:22.561 [main] DEBUG org.apache.http.headers - << Access-Control-Allow-Methods: GET, POST
2022-01-27_16:14:22.561 [main] DEBUG org.apache.http.headers - << Access-Control-Allow-Origin: *
2022-01-27_16:14:22.561 [main] DEBUG org.apache.http.headers - << Content-Security-Policy: default-src 'none'
2022-01-27_16:14:22.561 [main] DEBUG org.apache.http.headers - << Feature-Policy: 'none'
2022-01-27_16:14:22.561 [main] DEBUG org.apache.http.headers - << Referrer-Policy: no-referrer
2022-01-27_16:14:22.561 [main] DEBUG org.apache.http.headers - << Strict-Transport-Security: max-age=31536000 ; includeSubDomains
2022-01-27_16:14:22.561 [main] DEBUG org.apache.http.headers - << Date: Thu, 27 Jan 2022 10:44:21 GMT
2022-01-27_16:14:22.561 [main] DEBUG org.apache.http.headers - << Keep-Alive: timeout=60
2022-01-27_16:14:22.561 [main] DEBUG org.apache.http.headers - << Content-Type: application/json
2022-01-27_16:14:22.561 [main] DEBUG org.apache.http.headers - << Transfer-Encoding: chunked
2022-01-27_16:14:22.561 [main] DEBUG org.apache.http.headers - << Connection: keep-alive
2022-01-27_16:14:22.561 [main] DEBUG o.a.h.impl.client.DefaultHttpClient - Connection can be kept alive for 60000 MILLISECONDS
2022-01-27_16:14:22.562 [main] DEBUG i.r.i.RequestSpecificationImpl$RestAssuredHttpBuilder - Parsing response as: application/json
2022-01-27_16:14:22.562 [main] DEBUG i.r.i.RequestSpecificationImpl$RestAssuredHttpBuilder - Parsed data to instance of: class org.apache.http.conn.EofSensorInputStream
2022-01-27_16:14:22.563 [main] INFO  com.qc.BaseAPI - Method :POST
2022-01-27_16:14:22.565 [main] INFO  com.qc.BaseAPI - URI :https://apitest.pineperks.in/card/order/V1/instant/issue/nonreloadable/digital
2022-01-27_16:14:22.566 [main] INFO  com.qc.BaseAPI - Headers :token=7835fbc3a8cd4add9a3b624ff0cb2d12
userName=A0aCcnPzDANtKmvSLPKcaw==
Accept=*/*
Content-Type=application/json; charset=UTF-8
2022-01-27_16:14:22.566 [main] INFO  com.qc.BaseAPI - Body :{"isLinkToBeSentOnMobile":true,"checksum":"5x3GNrnStyS2PkMvV6EeAw==","cardDetailList":[{"amount":"1000","mobileNumber":"8284854535","customerName":"afzal","email":"afzal.ahmed@pinelabs.com"}],"externalRequestId":"IfMPiQF","cardSchemeId":"7"}
2022-01-27_16:14:22.566 [main] INFO  com.qc.BaseAPI - ********************RESPONSE********************
2022-01-27_16:14:22.566 [main] DEBUG org.apache.http.wire -  << "1f2[\r][\n]"
2022-01-27_16:14:22.566 [main] DEBUG org.apache.http.wire -  << "{"externalRequestId":"IfMPiQF","orderId":103016,"orderStatus":6,"cardDetailResponseList":[{"referenceNumber":8163257188,"serialNumber":10301600010001,"customerName":"afzal","mobileNumber":8284854535,"email":"afzal.ahmed@pinelabs.com","amount":1000,"cardLink":"test.pineperks.in/eCard?c=BvCQjE5G4yyRP2fdsXEf0A2","responseCode":0,"responseMessage":"Success"}],"successCount":1,"failedCount":0,"orderAmount":1000,"issuanceCharge":100,"netOrderAmount":1100,"responseCode":0,"responseMessage":"Success"}"
2022-01-27_16:14:22.566 [main] DEBUG org.apache.http.wire -  << "[\r][\n]"
2022-01-27_16:14:22.567 [main] DEBUG org.apache.http.wire -  << "0[\r][\n]"
2022-01-27_16:14:22.567 [main] DEBUG org.apache.http.wire -  << "[\r][\n]"
2022-01-27_16:14:22.567 [main] DEBUG o.a.h.i.c.BasicClientConnectionManager - Releasing connection org.apache.http.impl.conn.ManagedClientConnectionImpl@61e35ca3
2022-01-27_16:14:22.567 [main] DEBUG o.a.h.i.c.BasicClientConnectionManager - Connection can be kept alive for 60000 MILLISECONDS
2022-01-27_16:14:22.569 [main] INFO  com.qc.BaseAPI - Response :{
    "externalRequestId": "IfMPiQF",
    "orderId": 103016,
    "orderStatus": 6,
    "cardDetailResponseList": [
        {
            "referenceNumber": 8163257188,
            "serialNumber": 10301600010001,
            "customerName": "afzal",
            "mobileNumber": 8284854535,
            "email": "afzal.ahmed@pinelabs.com",
            "amount": 1000,
            "cardLink": "test.pineperks.in/eCard?c=BvCQjE5G4yyRP2fdsXEf0A2",
            "responseCode": 0,
            "responseMessage": "Success"
        }
    ],
    "successCount": 1,
    "failedCount": 0,
    "orderAmount": 1000,
    "issuanceCharge": 100,
    "netOrderAmount": 1100,
    "responseCode": 0,
    "responseMessage": "Success"
}
2022-01-27_16:14:22.569 [main] INFO  com.qc.BaseAPI -  **** POST call Response time 579 ms
2022-01-27_16:14:22.569 [main] INFO  pl.rest.service.CardIssue - Time Taken to perform https://apitest.pineperks.in/card/order/V1/instant/issue/nonreloadable/digital transaction: 579
2022-01-27_16:14:23.348 [main] INFO  pl.rest.utils.DBUtils - Query being executed Select * from ExternalRequestDetail where ordersummaryid=103016;
2022-01-27_16:14:23.445 [main] ERROR com.qc.qa.utils.LoadProperties - Missing MySQLDBEnvironment property value in system property or in config.properties files.Please add it if incase required
2022-01-27_16:14:23.447 [main] INFO  com.qc.qa.dbutils.DBPoolProvider - Con pool Total - 400, idle - 0,  Num active - 0
2022-01-27_16:14:23.448 [main] INFO  com.qc.qa.dbutils.DBPoolProvider - Retrieved connection
2022-01-27_16:14:24.887 [main] ERROR com.qc.BaseAPI - Unable to find parameter key :: ExternalRequestId in response
2022-01-27_16:14:24.951 [main] INFO  pl.rest.CustomHooks - SCENARIO NAME: Issuing a instant non reloadable card
2022-01-27_16:14:24.951 [main] INFO  pl.rest.CustomHooks - TAG NAMEs: [@Regression, @DB]
2022-01-27_16:14:24.952 [main] INFO  pl.rest.CustomHooks - SCENARIO NAME: Issuing a instant non reloadable card
2022-01-27_16:14:24.953 [main] INFO  pl.rest.CustomHooks - TAG NAMEs: [@Regression, @DB]
2022-01-27_16:14:24.953 [main] INFO  pl.rest.CustomHooks - Index: 0, Size: 0
2022-01-27_16:14:25.194 [main] INFO  pl.rest.service.Authorize - Authorize Rest API URL :- https://apitest.pineperks.in/auth/V1/generate/token
2022-01-27_16:14:25.195 [main] INFO  com.qc.BaseAPI - GET call to URL https://apitest.pineperks.in/auth/V1/generate/token
2022-01-27_16:14:25.203 [main] INFO  com.qc.BaseAPI - ********************REQUEST********************
2022-01-27_16:14:25.221 [main] DEBUG o.a.h.i.c.BasicClientConnectionManager - Get connection for route {s}->https://apitest.pineperks.in:443
2022-01-27_16:14:25.345 [main] DEBUG o.a.h.i.c.DefaultClientConnectionOperator - Connecting to apitest.pineperks.in:443
2022-01-27_16:14:25.348 [Finalizer] DEBUG o.a.h.i.conn.DefaultClientConnection - Connection 0.0.0.0:61152<->14.143.120.84:443 closed
2022-01-27_16:14:25.349 [Finalizer] DEBUG o.a.h.i.conn.DefaultClientConnection - Connection 0.0.0.0:61153<->14.143.120.84:443 closed
2022-01-27_16:14:25.455 [main] DEBUG o.a.h.c.protocol.RequestAddCookies - CookieSpec selected: ignoreCookies
2022-01-27_16:14:25.456 [main] DEBUG o.a.h.c.protocol.RequestAuthCache - Auth cache not set in the context
2022-01-27_16:14:25.456 [main] DEBUG o.a.h.c.p.RequestTargetAuthentication - Target auth state: UNCHALLENGED
2022-01-27_16:14:25.456 [main] DEBUG o.a.h.c.p.RequestProxyAuthentication - Proxy auth state: UNCHALLENGED
2022-01-27_16:14:25.457 [main] DEBUG o.a.h.impl.client.DefaultHttpClient - Attempt 1 to execute request
2022-01-27_16:14:25.457 [main] DEBUG o.a.h.i.conn.DefaultClientConnection - Sending request: GET /auth/V1/generate/token HTTP/1.1
2022-01-27_16:14:25.457 [main] DEBUG org.apache.http.wire -  >> "GET /auth/V1/generate/token HTTP/1.1[\r][\n]"
2022-01-27_16:14:25.457 [main] DEBUG org.apache.http.wire -  >> "Content-Type: application/json; charset=UTF-8[\r][\n]"
2022-01-27_16:14:25.457 [main] DEBUG org.apache.http.wire -  >> "Accept: */*[\r][\n]"
2022-01-27_16:14:25.458 [main] DEBUG org.apache.http.wire -  >> "userName: A0aCcnPzDANtKmvSLPKcaw==[\r][\n]"
2022-01-27_16:14:25.458 [main] DEBUG org.apache.http.wire -  >> "Host: apitest.pineperks.in[\r][\n]"
2022-01-27_16:14:25.458 [main] DEBUG org.apache.http.wire -  >> "Connection: Keep-Alive[\r][\n]"
2022-01-27_16:14:25.459 [main] DEBUG org.apache.http.wire -  >> "User-Agent: Apache-HttpClient/4.5.2 (Java/1.8.0_202)[\r][\n]"
2022-01-27_16:14:25.459 [main] DEBUG org.apache.http.wire -  >> "Accept-Encoding: gzip,deflate[\r][\n]"
2022-01-27_16:14:25.459 [main] DEBUG org.apache.http.wire -  >> "[\r][\n]"
2022-01-27_16:14:25.460 [main] DEBUG org.apache.http.headers - >> GET /auth/V1/generate/token HTTP/1.1
2022-01-27_16:14:25.460 [main] DEBUG org.apache.http.headers - >> Content-Type: application/json; charset=UTF-8
2022-01-27_16:14:25.460 [main] DEBUG org.apache.http.headers - >> Accept: */*
2022-01-27_16:14:25.461 [main] DEBUG org.apache.http.headers - >> userName: A0aCcnPzDANtKmvSLPKcaw==
2022-01-27_16:14:25.461 [main] DEBUG org.apache.http.headers - >> Host: apitest.pineperks.in
2022-01-27_16:14:25.461 [main] DEBUG org.apache.http.headers - >> Connection: Keep-Alive
2022-01-27_16:14:25.462 [main] DEBUG org.apache.http.headers - >> User-Agent: Apache-HttpClient/4.5.2 (Java/1.8.0_202)
2022-01-27_16:14:25.462 [main] DEBUG org.apache.http.headers - >> Accept-Encoding: gzip,deflate
2022-01-27_16:14:25.485 [main] DEBUG org.apache.http.wire -  << "HTTP/1.1 200 [\r][\n]"
2022-01-27_16:14:25.486 [main] DEBUG org.apache.http.wire -  << "Access-Control-Allow-Methods: GET, POST[\r][\n]"
2022-01-27_16:14:25.486 [main] DEBUG org.apache.http.wire -  << "Access-Control-Allow-Origin: *[\r][\n]"
2022-01-27_16:14:25.486 [main] DEBUG org.apache.http.wire -  << "Content-Security-Policy: default-src 'none'[\r][\n]"
2022-01-27_16:14:25.486 [main] DEBUG org.apache.http.wire -  << "Feature-Policy: 'none'[\r][\n]"
2022-01-27_16:14:25.486 [main] DEBUG org.apache.http.wire -  << "Referrer-Policy: no-referrer[\r][\n]"
2022-01-27_16:14:25.487 [main] DEBUG org.apache.http.wire -  << "Strict-Transport-Security: max-age=31536000 ; includeSubDomains[\r][\n]"
2022-01-27_16:14:25.487 [main] DEBUG org.apache.http.wire -  << "Date: Thu, 27 Jan 2022 10:44:25 GMT[\r][\n]"
2022-01-27_16:14:25.487 [main] DEBUG org.apache.http.wire -  << "Keep-Alive: timeout=60[\r][\n]"
2022-01-27_16:14:25.487 [main] DEBUG org.apache.http.wire -  << "Content-Type: application/json[\r][\n]"
2022-01-27_16:14:25.487 [main] DEBUG org.apache.http.wire -  << "Transfer-Encoding: chunked[\r][\n]"
2022-01-27_16:14:25.487 [main] DEBUG org.apache.http.wire -  << "Connection: keep-alive[\r][\n]"
2022-01-27_16:14:25.487 [main] DEBUG org.apache.http.wire -  << "[\r][\n]"
2022-01-27_16:14:25.488 [main] DEBUG o.a.h.i.conn.DefaultClientConnection - Receiving response: HTTP/1.1 200 
2022-01-27_16:14:25.488 [main] DEBUG org.apache.http.headers - << HTTP/1.1 200 
2022-01-27_16:14:25.488 [main] DEBUG org.apache.http.headers - << Access-Control-Allow-Methods: GET, POST
2022-01-27_16:14:25.488 [main] DEBUG org.apache.http.headers - << Access-Control-Allow-Origin: *
2022-01-27_16:14:25.488 [main] DEBUG org.apache.http.headers - << Content-Security-Policy: default-src 'none'
2022-01-27_16:14:25.488 [main] DEBUG org.apache.http.headers - << Feature-Policy: 'none'
2022-01-27_16:14:25.488 [main] DEBUG org.apache.http.headers - << Referrer-Policy: no-referrer
2022-01-27_16:14:25.488 [main] DEBUG org.apache.http.headers - << Strict-Transport-Security: max-age=31536000 ; includeSubDomains
2022-01-27_16:14:25.488 [main] DEBUG org.apache.http.headers - << Date: Thu, 27 Jan 2022 10:44:25 GMT
2022-01-27_16:14:25.488 [main] DEBUG org.apache.http.headers - << Keep-Alive: timeout=60
2022-01-27_16:14:25.488 [main] DEBUG org.apache.http.headers - << Content-Type: application/json
2022-01-27_16:14:25.488 [main] DEBUG org.apache.http.headers - << Transfer-Encoding: chunked
2022-01-27_16:14:25.488 [main] DEBUG org.apache.http.headers - << Connection: keep-alive
2022-01-27_16:14:25.489 [main] DEBUG o.a.h.impl.client.DefaultHttpClient - Connection can be kept alive for 60000 MILLISECONDS
2022-01-27_16:14:25.490 [main] DEBUG i.r.i.RequestSpecificationImpl$RestAssuredHttpBuilder - Parsing response as: application/json
2022-01-27_16:14:25.490 [main] DEBUG i.r.i.RequestSpecificationImpl$RestAssuredHttpBuilder - Parsed data to instance of: class org.apache.http.conn.EofSensorInputStream
2022-01-27_16:14:25.491 [main] INFO  com.qc.BaseAPI - Method :GET
2022-01-27_16:14:25.493 [main] INFO  com.qc.BaseAPI - URI :https://apitest.pineperks.in/auth/V1/generate/token
2022-01-27_16:14:25.494 [main] INFO  com.qc.BaseAPI - Headers :userName=A0aCcnPzDANtKmvSLPKcaw==
Accept=*/*
Content-Type=application/json; charset=UTF-8
2022-01-27_16:14:25.494 [main] INFO  com.qc.BaseAPI - Body :null
2022-01-27_16:14:25.494 [main] INFO  com.qc.BaseAPI - ********************RESPONSE********************
2022-01-27_16:14:25.494 [main] DEBUG org.apache.http.wire -  << "7f[\r][\n]"
2022-01-27_16:14:25.494 [main] DEBUG org.apache.http.wire -  << "{"accessToken":"d9db8b0f6a1c4ff98618b2e3f0cec36c","tokenExpiryTime":"27-Jan-2024","responseCode":0,"responseMessage":"Success"}"
2022-01-27_16:14:25.494 [main] DEBUG org.apache.http.wire -  << "[\r][\n]"
2022-01-27_16:14:25.494 [main] DEBUG org.apache.http.wire -  << "0[\r][\n]"
2022-01-27_16:14:25.495 [main] DEBUG org.apache.http.wire -  << "[\r][\n]"
2022-01-27_16:14:25.495 [main] DEBUG o.a.h.i.c.BasicClientConnectionManager - Releasing connection org.apache.http.impl.conn.ManagedClientConnectionImpl@7eeb2b9c
2022-01-27_16:14:25.495 [main] DEBUG o.a.h.i.c.BasicClientConnectionManager - Connection can be kept alive for 60000 MILLISECONDS
2022-01-27_16:14:25.496 [main] INFO  com.qc.BaseAPI - Response :{
    "accessToken": "d9db8b0f6a1c4ff98618b2e3f0cec36c",
    "tokenExpiryTime": "27-Jan-2024",
    "responseCode": 0,
    "responseMessage": "Success"
}
2022-01-27_16:14:25.497 [main] INFO  com.qc.BaseAPI -  **** GET call Response time 282 ms
2022-01-27_16:14:25.497 [main] INFO  pl.rest.service.Authorize - Time Taken to perform https://apitest.pineperks.in/auth/V1/generate/token transaction: 282
2022-01-27_16:14:25.506 [main] INFO  com.qc.qa.utils.TestDataReader - Reading Json data authorizeHeaders
2022-01-27_16:14:25.512 [main] INFO  com.qc.qa.utils.TestDataReader - Reading json data from file @ testData/api/devAPIData.json
2022-01-27_16:14:25.516 [main] INFO  pl.rest.service.CardIssue - CardIssue Rest API URL :- https://apitest.pineperks.in/card/order/V2/instant/issue/nonreloadable/digital
2022-01-27_16:14:25.516 [main] INFO  com.qc.BaseAPI - POST call to URL https://apitest.pineperks.in/card/order/V2/instant/issue/nonreloadable/digital
2022-01-27_16:14:25.525 [main] INFO  com.qc.BaseAPI - ********************REQUEST********************
2022-01-27_16:14:25.543 [main] DEBUG o.a.h.i.c.BasicClientConnectionManager - Get connection for route {s}->https://apitest.pineperks.in:443
2022-01-27_16:14:25.544 [main] DEBUG o.a.h.i.c.DefaultClientConnectionOperator - Connecting to apitest.pineperks.in:443
2022-01-27_16:14:25.660 [main] DEBUG o.a.h.c.protocol.RequestAddCookies - CookieSpec selected: ignoreCookies
2022-01-27_16:14:25.660 [main] DEBUG o.a.h.c.protocol.RequestAuthCache - Auth cache not set in the context
2022-01-27_16:14:25.660 [main] DEBUG o.a.h.c.p.RequestTargetAuthentication - Target auth state: UNCHALLENGED
2022-01-27_16:14:25.661 [main] DEBUG o.a.h.c.p.RequestProxyAuthentication - Proxy auth state: UNCHALLENGED
2022-01-27_16:14:25.661 [main] DEBUG o.a.h.impl.client.DefaultHttpClient - Attempt 1 to execute request
2022-01-27_16:14:25.661 [main] DEBUG o.a.h.i.conn.DefaultClientConnection - Sending request: POST /card/order/V2/instant/issue/nonreloadable/digital HTTP/1.1
2022-01-27_16:14:25.661 [main] DEBUG org.apache.http.wire -  >> "POST /card/order/V2/instant/issue/nonreloadable/digital HTTP/1.1[\r][\n]"
2022-01-27_16:14:25.661 [main] DEBUG org.apache.http.wire -  >> "X-PinePerks-UserName: A0aCcnPzDANtKmvSLPKcaw==[\r][\n]"
2022-01-27_16:14:25.662 [main] DEBUG org.apache.http.wire -  >> "Accept: */*[\r][\n]"
2022-01-27_16:14:25.662 [main] DEBUG org.apache.http.wire -  >> "X-PinePerks-Token: d9db8b0f6a1c4ff98618b2e3f0cec36c[\r][\n]"
2022-01-27_16:14:25.663 [main] DEBUG org.apache.http.wire -  >> "Content-Type: application/json; charset=UTF-8[\r][\n]"
2022-01-27_16:14:25.663 [main] DEBUG org.apache.http.wire -  >> "Content-Length: 211[\r][\n]"
2022-01-27_16:14:25.663 [main] DEBUG org.apache.http.wire -  >> "Host: apitest.pineperks.in[\r][\n]"
2022-01-27_16:14:25.663 [main] DEBUG org.apache.http.wire -  >> "Connection: Keep-Alive[\r][\n]"
2022-01-27_16:14:25.663 [main] DEBUG org.apache.http.wire -  >> "User-Agent: Apache-HttpClient/4.5.2 (Java/1.8.0_202)[\r][\n]"
2022-01-27_16:14:25.663 [main] DEBUG org.apache.http.wire -  >> "Accept-Encoding: gzip,deflate[\r][\n]"
2022-01-27_16:14:25.664 [main] DEBUG org.apache.http.wire -  >> "[\r][\n]"
2022-01-27_16:14:25.664 [main] DEBUG org.apache.http.headers - >> POST /card/order/V2/instant/issue/nonreloadable/digital HTTP/1.1
2022-01-27_16:14:25.664 [main] DEBUG org.apache.http.headers - >> X-PinePerks-UserName: A0aCcnPzDANtKmvSLPKcaw==
2022-01-27_16:14:25.664 [main] DEBUG org.apache.http.headers - >> Accept: */*
2022-01-27_16:14:25.664 [main] DEBUG org.apache.http.headers - >> X-PinePerks-Token: d9db8b0f6a1c4ff98618b2e3f0cec36c
2022-01-27_16:14:25.664 [main] DEBUG org.apache.http.headers - >> Content-Type: application/json; charset=UTF-8
2022-01-27_16:14:25.664 [main] DEBUG org.apache.http.headers - >> Content-Length: 211
2022-01-27_16:14:25.664 [main] DEBUG org.apache.http.headers - >> Host: apitest.pineperks.in
2022-01-27_16:14:25.664 [main] DEBUG org.apache.http.headers - >> Connection: Keep-Alive
2022-01-27_16:14:25.665 [main] DEBUG org.apache.http.headers - >> User-Agent: Apache-HttpClient/4.5.2 (Java/1.8.0_202)
2022-01-27_16:14:25.666 [main] DEBUG org.apache.http.headers - >> Accept-Encoding: gzip,deflate
2022-01-27_16:14:25.666 [main] DEBUG org.apache.http.wire -  >> "{"checksum":"5x3GNrnStyS2PkMvV6EeAw==","cardDetailList":[{"amount":"1000","mobileNumber":"8284854535","customerName":"afzal","email":"afzal.ahmed@pinelabs.com"}],"externalRequestId":"PeMIPZy","cardSchemeId":"7"}"
2022-01-27_16:14:25.962 [main] DEBUG org.apache.http.wire -  << "HTTP/1.1 200 [\r][\n]"
2022-01-27_16:14:25.963 [main] DEBUG org.apache.http.wire -  << "Access-Control-Allow-Methods: GET, POST[\r][\n]"
2022-01-27_16:14:25.963 [main] DEBUG org.apache.http.wire -  << "Access-Control-Allow-Origin: *[\r][\n]"
2022-01-27_16:14:25.963 [main] DEBUG org.apache.http.wire -  << "Content-Security-Policy: default-src 'none'[\r][\n]"
2022-01-27_16:14:25.963 [main] DEBUG org.apache.http.wire -  << "Feature-Policy: 'none'[\r][\n]"
2022-01-27_16:14:25.963 [main] DEBUG org.apache.http.wire -  << "Referrer-Policy: no-referrer[\r][\n]"
2022-01-27_16:14:25.964 [main] DEBUG org.apache.http.wire -  << "Strict-Transport-Security: max-age=31536000 ; includeSubDomains[\r][\n]"
2022-01-27_16:14:25.964 [main] DEBUG org.apache.http.wire -  << "Date: Thu, 27 Jan 2022 10:44:25 GMT[\r][\n]"
2022-01-27_16:14:25.964 [main] DEBUG org.apache.http.wire -  << "Keep-Alive: timeout=60[\r][\n]"
2022-01-27_16:14:25.964 [main] DEBUG org.apache.http.wire -  << "Content-Type: application/json[\r][\n]"
2022-01-27_16:14:25.964 [main] DEBUG org.apache.http.wire -  << "Transfer-Encoding: chunked[\r][\n]"
2022-01-27_16:14:25.964 [main] DEBUG org.apache.http.wire -  << "Connection: keep-alive[\r][\n]"
2022-01-27_16:14:25.964 [main] DEBUG org.apache.http.wire -  << "[\r][\n]"
2022-01-27_16:14:25.964 [main] DEBUG o.a.h.i.conn.DefaultClientConnection - Receiving response: HTTP/1.1 200 
2022-01-27_16:14:25.964 [main] DEBUG org.apache.http.headers - << HTTP/1.1 200 
2022-01-27_16:14:25.965 [main] DEBUG org.apache.http.headers - << Access-Control-Allow-Methods: GET, POST
2022-01-27_16:14:25.965 [main] DEBUG org.apache.http.headers - << Access-Control-Allow-Origin: *
2022-01-27_16:14:25.965 [main] DEBUG org.apache.http.headers - << Content-Security-Policy: default-src 'none'
2022-01-27_16:14:25.965 [main] DEBUG org.apache.http.headers - << Feature-Policy: 'none'
2022-01-27_16:14:25.965 [main] DEBUG org.apache.http.headers - << Referrer-Policy: no-referrer
2022-01-27_16:14:25.965 [main] DEBUG org.apache.http.headers - << Strict-Transport-Security: max-age=31536000 ; includeSubDomains
2022-01-27_16:14:25.965 [main] DEBUG org.apache.http.headers - << Date: Thu, 27 Jan 2022 10:44:25 GMT
2022-01-27_16:14:25.965 [main] DEBUG org.apache.http.headers - << Keep-Alive: timeout=60
2022-01-27_16:14:25.965 [main] DEBUG org.apache.http.headers - << Content-Type: application/json
2022-01-27_16:14:25.965 [main] DEBUG org.apache.http.headers - << Transfer-Encoding: chunked
2022-01-27_16:14:25.965 [main] DEBUG org.apache.http.headers - << Connection: keep-alive
2022-01-27_16:14:25.965 [main] DEBUG o.a.h.impl.client.DefaultHttpClient - Connection can be kept alive for 60000 MILLISECONDS
2022-01-27_16:14:25.966 [main] DEBUG i.r.i.RequestSpecificationImpl$RestAssuredHttpBuilder - Parsing response as: application/json
2022-01-27_16:14:25.966 [main] DEBUG i.r.i.RequestSpecificationImpl$RestAssuredHttpBuilder - Parsed data to instance of: class org.apache.http.conn.EofSensorInputStream
2022-01-27_16:14:25.967 [main] INFO  com.qc.BaseAPI - Method :POST
2022-01-27_16:14:25.968 [main] INFO  com.qc.BaseAPI - URI :https://apitest.pineperks.in/card/order/V2/instant/issue/nonreloadable/digital
2022-01-27_16:14:25.969 [main] INFO  com.qc.BaseAPI - Headers :X-PinePerks-Token=d9db8b0f6a1c4ff98618b2e3f0cec36c
X-PinePerks-UserName=A0aCcnPzDANtKmvSLPKcaw==
Accept=*/*
Content-Type=application/json; charset=UTF-8
2022-01-27_16:14:25.969 [main] INFO  com.qc.BaseAPI - Body :{"checksum":"5x3GNrnStyS2PkMvV6EeAw==","cardDetailList":[{"amount":"1000","mobileNumber":"8284854535","customerName":"afzal","email":"afzal.ahmed@pinelabs.com"}],"externalRequestId":"PeMIPZy","cardSchemeId":"7"}
2022-01-27_16:14:25.969 [main] INFO  com.qc.BaseAPI - ********************RESPONSE********************
2022-01-27_16:14:25.969 [main] DEBUG org.apache.http.wire -  << "1f2[\r][\n]"
2022-01-27_16:14:25.969 [main] DEBUG org.apache.http.wire -  << "{"externalRequestId":"PeMIPZy","orderId":103017,"orderStatus":6,"cardDetailResponseList":[{"referenceNumber":2159639254,"serialNumber":10301700010001,"customerName":"afzal","mobileNumber":8284854535,"email":"afzal.ahmed@pinelabs.com","amount":1000,"cardLink":"test.pineperks.in/eCard?c=oWoZ17kYvcjpIXMBqzvgYg2","responseCode":0,"responseMessage":"Success"}],"successCount":1,"failedCount":0,"orderAmount":1000,"issuanceCharge":100,"netOrderAmount":1100,"responseCode":0,"responseMessage":"Success"}"
2022-01-27_16:14:25.969 [main] DEBUG org.apache.http.wire -  << "[\r][\n]"
2022-01-27_16:14:25.970 [main] DEBUG org.apache.http.wire -  << "0[\r][\n]"
2022-01-27_16:14:25.970 [main] DEBUG org.apache.http.wire -  << "[\r][\n]"
2022-01-27_16:14:25.971 [main] DEBUG o.a.h.i.c.BasicClientConnectionManager - Releasing connection org.apache.http.impl.conn.ManagedClientConnectionImpl@5c133b94
2022-01-27_16:14:25.971 [main] DEBUG o.a.h.i.c.BasicClientConnectionManager - Connection can be kept alive for 60000 MILLISECONDS
2022-01-27_16:14:25.972 [main] INFO  com.qc.BaseAPI - Response :{
    "externalRequestId": "PeMIPZy",
    "orderId": 103017,
    "orderStatus": 6,
    "cardDetailResponseList": [
        {
            "referenceNumber": 2159639254,
            "serialNumber": 10301700010001,
            "customerName": "afzal",
            "mobileNumber": 8284854535,
            "email": "afzal.ahmed@pinelabs.com",
            "amount": 1000,
            "cardLink": "test.pineperks.in/eCard?c=oWoZ17kYvcjpIXMBqzvgYg2",
            "responseCode": 0,
            "responseMessage": "Success"
        }
    ],
    "successCount": 1,
    "failedCount": 0,
    "orderAmount": 1000,
    "issuanceCharge": 100,
    "netOrderAmount": 1100,
    "responseCode": 0,
    "responseMessage": "Success"
}
2022-01-27_16:14:25.973 [main] INFO  com.qc.BaseAPI -  **** POST call Response time 438 ms
2022-01-27_16:14:25.973 [main] INFO  pl.rest.service.CardIssue - Time Taken to perform https://apitest.pineperks.in/card/order/V2/instant/issue/nonreloadable/digital transaction: 438
