2021-12-15_07:42:17.610 [main] INFO  com.qc.qa.utils.TestDataReader - Reading API Test Data config values from  testData/api/devAPITestData.properties
2021-12-15_07:42:17.616 [main] INFO  pl.rest.service.Authorize - Authorize Rest API URL :- https://apitest.pineperks.in/auth/V1/generate/token
2021-12-15_07:42:17.616 [main] INFO  com.qc.BaseAPI - GET call to URL https://apitest.pineperks.in/auth/V1/generate/token
2021-12-15_07:42:17.816 [main] INFO  com.qc.BaseAPI - ********************REQUEST********************
2021-12-15_07:42:19.811 [main] DEBUG o.a.h.i.c.BasicClientConnectionManager - Get connection for route {s}->https://apitest.pineperks.in:443
2021-12-15_07:42:19.904 [main] DEBUG o.a.h.i.c.DefaultClientConnectionOperator - Connecting to apitest.pineperks.in:443
2021-12-15_07:42:20.130 [main] DEBUG o.a.h.c.protocol.RequestAddCookies - CookieSpec selected: ignoreCookies
2021-12-15_07:42:20.131 [main] DEBUG o.a.h.c.protocol.RequestAuthCache - Auth cache not set in the context
2021-12-15_07:42:20.132 [main] DEBUG o.a.h.c.p.RequestTargetAuthentication - Target auth state: UNCHALLENGED
2021-12-15_07:42:20.132 [main] DEBUG o.a.h.c.p.RequestProxyAuthentication - Proxy auth state: UNCHALLENGED
2021-12-15_07:42:20.133 [main] DEBUG o.a.h.impl.client.DefaultHttpClient - Attempt 1 to execute request
2021-12-15_07:42:20.133 [main] DEBUG o.a.h.i.conn.DefaultClientConnection - Sending request: GET /auth/V1/generate/token HTTP/1.1
2021-12-15_07:42:20.133 [main] DEBUG org.apache.http.wire -  >> "GET /auth/V1/generate/token HTTP/1.1[\r][\n]"
2021-12-15_07:42:20.134 [main] DEBUG org.apache.http.wire -  >> "Content-Type: application/json; charset=UTF-8[\r][\n]"
2021-12-15_07:42:20.135 [main] DEBUG org.apache.http.wire -  >> "Accept: */*[\r][\n]"
2021-12-15_07:42:20.135 [main] DEBUG org.apache.http.wire -  >> "userName: A0aCcnPzDANtKmvSLPKcaw==[\r][\n]"
2021-12-15_07:42:20.135 [main] DEBUG org.apache.http.wire -  >> "Host: apitest.pineperks.in[\r][\n]"
2021-12-15_07:42:20.135 [main] DEBUG org.apache.http.wire -  >> "Connection: Keep-Alive[\r][\n]"
2021-12-15_07:42:20.135 [main] DEBUG org.apache.http.wire -  >> "User-Agent: Apache-HttpClient/4.5.2 (Java/1.8.0_202)[\r][\n]"
2021-12-15_07:42:20.135 [main] DEBUG org.apache.http.wire -  >> "Accept-Encoding: gzip,deflate[\r][\n]"
2021-12-15_07:42:20.135 [main] DEBUG org.apache.http.wire -  >> "[\r][\n]"
2021-12-15_07:42:20.135 [main] DEBUG org.apache.http.headers - >> GET /auth/V1/generate/token HTTP/1.1
2021-12-15_07:42:20.136 [main] DEBUG org.apache.http.headers - >> Content-Type: application/json; charset=UTF-8
2021-12-15_07:42:20.136 [main] DEBUG org.apache.http.headers - >> Accept: */*
2021-12-15_07:42:20.136 [main] DEBUG org.apache.http.headers - >> userName: A0aCcnPzDANtKmvSLPKcaw==
2021-12-15_07:42:20.136 [main] DEBUG org.apache.http.headers - >> Host: apitest.pineperks.in
2021-12-15_07:42:20.136 [main] DEBUG org.apache.http.headers - >> Connection: Keep-Alive
2021-12-15_07:42:20.136 [main] DEBUG org.apache.http.headers - >> User-Agent: Apache-HttpClient/4.5.2 (Java/1.8.0_202)
2021-12-15_07:42:20.137 [main] DEBUG org.apache.http.headers - >> Accept-Encoding: gzip,deflate
2021-12-15_07:42:20.208 [main] DEBUG org.apache.http.wire -  << "HTTP/1.1 200 [\r][\n]"
2021-12-15_07:42:20.211 [main] DEBUG org.apache.http.wire -  << "Access-Control-Allow-Methods: GET, POST[\r][\n]"
2021-12-15_07:42:20.212 [main] DEBUG org.apache.http.wire -  << "Access-Control-Allow-Origin: *[\r][\n]"
2021-12-15_07:42:20.212 [main] DEBUG org.apache.http.wire -  << "Content-Security-Policy: default-src 'none'[\r][\n]"
2021-12-15_07:42:20.212 [main] DEBUG org.apache.http.wire -  << "Feature-Policy: 'none'[\r][\n]"
2021-12-15_07:42:20.213 [main] DEBUG org.apache.http.wire -  << "Referrer-Policy: no-referrer[\r][\n]"
2021-12-15_07:42:20.213 [main] DEBUG org.apache.http.wire -  << "Strict-Transport-Security: max-age=31536000 ; includeSubDomains[\r][\n]"
2021-12-15_07:42:20.213 [main] DEBUG org.apache.http.wire -  << "Date: Wed, 15 Dec 2021 02:12:19 GMT[\r][\n]"
2021-12-15_07:42:20.213 [main] DEBUG org.apache.http.wire -  << "Keep-Alive: timeout=60[\r][\n]"
2021-12-15_07:42:20.213 [main] DEBUG org.apache.http.wire -  << "Content-Type: application/json[\r][\n]"
2021-12-15_07:42:20.213 [main] DEBUG org.apache.http.wire -  << "Transfer-Encoding: chunked[\r][\n]"
2021-12-15_07:42:20.214 [main] DEBUG org.apache.http.wire -  << "Connection: keep-alive[\r][\n]"
2021-12-15_07:42:20.214 [main] DEBUG org.apache.http.wire -  << "[\r][\n]"
2021-12-15_07:42:20.215 [main] DEBUG o.a.h.i.conn.DefaultClientConnection - Receiving response: HTTP/1.1 200 
2021-12-15_07:42:20.215 [main] DEBUG org.apache.http.headers - << HTTP/1.1 200 
2021-12-15_07:42:20.215 [main] DEBUG org.apache.http.headers - << Access-Control-Allow-Methods: GET, POST
2021-12-15_07:42:20.215 [main] DEBUG org.apache.http.headers - << Access-Control-Allow-Origin: *
2021-12-15_07:42:20.216 [main] DEBUG org.apache.http.headers - << Content-Security-Policy: default-src 'none'
2021-12-15_07:42:20.216 [main] DEBUG org.apache.http.headers - << Feature-Policy: 'none'
2021-12-15_07:42:20.216 [main] DEBUG org.apache.http.headers - << Referrer-Policy: no-referrer
2021-12-15_07:42:20.216 [main] DEBUG org.apache.http.headers - << Strict-Transport-Security: max-age=31536000 ; includeSubDomains
2021-12-15_07:42:20.216 [main] DEBUG org.apache.http.headers - << Date: Wed, 15 Dec 2021 02:12:19 GMT
2021-12-15_07:42:20.216 [main] DEBUG org.apache.http.headers - << Keep-Alive: timeout=60
2021-12-15_07:42:20.216 [main] DEBUG org.apache.http.headers - << Content-Type: application/json
2021-12-15_07:42:20.216 [main] DEBUG org.apache.http.headers - << Transfer-Encoding: chunked
2021-12-15_07:42:20.216 [main] DEBUG org.apache.http.headers - << Connection: keep-alive
2021-12-15_07:42:20.225 [main] DEBUG o.a.h.impl.client.DefaultHttpClient - Connection can be kept alive for 60000 MILLISECONDS
2021-12-15_07:42:20.251 [main] DEBUG i.r.i.RequestSpecificationImpl$RestAssuredHttpBuilder - Parsing response as: application/json
2021-12-15_07:42:20.252 [main] DEBUG i.r.i.RequestSpecificationImpl$RestAssuredHttpBuilder - Parsed data to instance of: class org.apache.http.conn.EofSensorInputStream
2021-12-15_07:42:20.265 [main] INFO  com.qc.BaseAPI - Method :GET
2021-12-15_07:42:20.266 [main] INFO  com.qc.BaseAPI - URI :https://apitest.pineperks.in/auth/V1/generate/token
2021-12-15_07:42:20.266 [main] INFO  com.qc.BaseAPI - Headers :userName=A0aCcnPzDANtKmvSLPKcaw==
Accept=*/*
Content-Type=application/json; charset=UTF-8
2021-12-15_07:42:20.266 [main] INFO  com.qc.BaseAPI - Body :null
2021-12-15_07:42:20.266 [main] INFO  com.qc.BaseAPI - ********************RESPONSE********************
2021-12-15_07:42:20.277 [main] DEBUG org.apache.http.wire -  << "7f[\r][\n]"
2021-12-15_07:42:20.278 [main] DEBUG org.apache.http.wire -  << "{"accessToken":"7fc79db5fc5f411d834a3680c2843b0e","tokenExpiryTime":"16-Dec-2021","responseCode":0,"responseMessage":"Success"}"
2021-12-15_07:42:20.278 [main] DEBUG org.apache.http.wire -  << "[\r][\n]"
2021-12-15_07:42:20.278 [main] DEBUG org.apache.http.wire -  << "0[\r][\n]"
2021-12-15_07:42:20.279 [main] DEBUG org.apache.http.wire -  << "[\r][\n]"
2021-12-15_07:42:20.279 [main] DEBUG o.a.h.i.c.BasicClientConnectionManager - Releasing connection org.apache.http.impl.conn.ManagedClientConnectionImpl@17da6937
2021-12-15_07:42:20.279 [main] DEBUG o.a.h.i.c.BasicClientConnectionManager - Connection can be kept alive for 60000 MILLISECONDS
2021-12-15_07:42:20.314 [main] INFO  com.qc.BaseAPI - Response :{
    "accessToken": "7fc79db5fc5f411d834a3680c2843b0e",
    "tokenExpiryTime": "16-Dec-2021",
    "responseCode": 0,
    "responseMessage": "Success"
}
2021-12-15_07:42:20.318 [main] INFO  com.qc.BaseAPI -  **** GET call Response time 2433 ms
2021-12-15_07:42:20.318 [main] INFO  pl.rest.service.Authorize - Time Taken to perform https://apitest.pineperks.in/auth/V1/generate/token transaction: 2433
2021-12-15_07:42:20.658 [main] INFO  com.qc.qa.utils.TestDataReader - Reading Json data authorizeHeaders
2021-12-15_07:42:20.661 [main] INFO  com.qc.qa.utils.TestDataReader - Reading json data from file @ testData/api/devAPIData.json
2021-12-15_07:42:20.685 [main] INFO  pl.rest.service.CardIssue - CardIssue Rest API URL :- https://apitest.pineperks.in/card/order/V1/instant/issue/nonreloadable/digital
2021-12-15_07:42:20.685 [main] INFO  com.qc.BaseAPI - POST call to URL https://apitest.pineperks.in/card/order/V1/instant/issue/nonreloadable/digital
2021-12-15_07:42:20.695 [main] INFO  com.qc.BaseAPI - ********************REQUEST********************
2021-12-15_07:42:20.732 [main] DEBUG o.a.h.i.c.BasicClientConnectionManager - Get connection for route {s}->https://apitest.pineperks.in:443
2021-12-15_07:42:20.732 [main] DEBUG o.a.h.i.c.DefaultClientConnectionOperator - Connecting to apitest.pineperks.in:443
2021-12-15_07:42:20.842 [main] DEBUG o.a.h.c.protocol.RequestAddCookies - CookieSpec selected: ignoreCookies
2021-12-15_07:42:20.843 [main] DEBUG o.a.h.c.protocol.RequestAuthCache - Auth cache not set in the context
2021-12-15_07:42:20.843 [main] DEBUG o.a.h.c.p.RequestTargetAuthentication - Target auth state: UNCHALLENGED
2021-12-15_07:42:20.843 [main] DEBUG o.a.h.c.p.RequestProxyAuthentication - Proxy auth state: UNCHALLENGED
2021-12-15_07:42:20.843 [main] DEBUG o.a.h.impl.client.DefaultHttpClient - Attempt 1 to execute request
2021-12-15_07:42:20.843 [main] DEBUG o.a.h.i.conn.DefaultClientConnection - Sending request: POST /card/order/V1/instant/issue/nonreloadable/digital HTTP/1.1
2021-12-15_07:42:20.843 [main] DEBUG org.apache.http.wire -  >> "POST /card/order/V1/instant/issue/nonreloadable/digital HTTP/1.1[\r][\n]"
2021-12-15_07:42:20.844 [main] DEBUG org.apache.http.wire -  >> "Accept: */*[\r][\n]"
2021-12-15_07:42:20.844 [main] DEBUG org.apache.http.wire -  >> "userName: A0aCcnPzDANtKmvSLPKcaw==[\r][\n]"
2021-12-15_07:42:20.845 [main] DEBUG org.apache.http.wire -  >> "token: 7fc79db5fc5f411d834a3680c2843b0e[\r][\n]"
2021-12-15_07:42:20.845 [main] DEBUG org.apache.http.wire -  >> "Content-Type: application/json; charset=UTF-8[\r][\n]"
2021-12-15_07:42:20.845 [main] DEBUG org.apache.http.wire -  >> "Content-Length: 241[\r][\n]"
2021-12-15_07:42:20.845 [main] DEBUG org.apache.http.wire -  >> "Host: apitest.pineperks.in[\r][\n]"
2021-12-15_07:42:20.845 [main] DEBUG org.apache.http.wire -  >> "Connection: Keep-Alive[\r][\n]"
2021-12-15_07:42:20.845 [main] DEBUG org.apache.http.wire -  >> "User-Agent: Apache-HttpClient/4.5.2 (Java/1.8.0_202)[\r][\n]"
2021-12-15_07:42:20.845 [main] DEBUG org.apache.http.wire -  >> "Accept-Encoding: gzip,deflate[\r][\n]"
2021-12-15_07:42:20.845 [main] DEBUG org.apache.http.wire -  >> "[\r][\n]"
2021-12-15_07:42:20.845 [main] DEBUG org.apache.http.headers - >> POST /card/order/V1/instant/issue/nonreloadable/digital HTTP/1.1
2021-12-15_07:42:20.845 [main] DEBUG org.apache.http.headers - >> Accept: */*
2021-12-15_07:42:20.845 [main] DEBUG org.apache.http.headers - >> userName: A0aCcnPzDANtKmvSLPKcaw==
2021-12-15_07:42:20.845 [main] DEBUG org.apache.http.headers - >> token: 7fc79db5fc5f411d834a3680c2843b0e
2021-12-15_07:42:20.845 [main] DEBUG org.apache.http.headers - >> Content-Type: application/json; charset=UTF-8
2021-12-15_07:42:20.845 [main] DEBUG org.apache.http.headers - >> Content-Length: 241
2021-12-15_07:42:20.845 [main] DEBUG org.apache.http.headers - >> Host: apitest.pineperks.in
2021-12-15_07:42:20.845 [main] DEBUG org.apache.http.headers - >> Connection: Keep-Alive
2021-12-15_07:42:20.845 [main] DEBUG org.apache.http.headers - >> User-Agent: Apache-HttpClient/4.5.2 (Java/1.8.0_202)
2021-12-15_07:42:20.845 [main] DEBUG org.apache.http.headers - >> Accept-Encoding: gzip,deflate
2021-12-15_07:42:20.847 [main] DEBUG org.apache.http.wire -  >> "{"isLinkToBeSentOnMobile":true,"checksum":"5x3GNrnStyS2PkMvV6EeAw==","cardDetailList":[{"amount":"1000","mobileNumber":"8284854535","customerName":"afzal","email":"afzal.ahmed@pinelabs.com"}],"externalRequestId":"bxdTHeR","cardSchemeId":"7"}"
2021-12-15_07:42:21.291 [main] DEBUG org.apache.http.wire -  << "HTTP/1.1 200 [\r][\n]"
2021-12-15_07:42:21.291 [main] DEBUG org.apache.http.wire -  << "Access-Control-Allow-Methods: GET, POST[\r][\n]"
2021-12-15_07:42:21.292 [main] DEBUG org.apache.http.wire -  << "Access-Control-Allow-Origin: *[\r][\n]"
2021-12-15_07:42:21.292 [main] DEBUG org.apache.http.wire -  << "Content-Security-Policy: default-src 'none'[\r][\n]"
2021-12-15_07:42:21.292 [main] DEBUG org.apache.http.wire -  << "Feature-Policy: 'none'[\r][\n]"
2021-12-15_07:42:21.292 [main] DEBUG org.apache.http.wire -  << "Referrer-Policy: no-referrer[\r][\n]"
2021-12-15_07:42:21.293 [main] DEBUG org.apache.http.wire -  << "Strict-Transport-Security: max-age=31536000 ; includeSubDomains[\r][\n]"
2021-12-15_07:42:21.293 [main] DEBUG org.apache.http.wire -  << "Date: Wed, 15 Dec 2021 02:12:20 GMT[\r][\n]"
2021-12-15_07:42:21.293 [main] DEBUG org.apache.http.wire -  << "Keep-Alive: timeout=60[\r][\n]"
2021-12-15_07:42:21.293 [main] DEBUG org.apache.http.wire -  << "Content-Type: application/json[\r][\n]"
2021-12-15_07:42:21.293 [main] DEBUG org.apache.http.wire -  << "Transfer-Encoding: chunked[\r][\n]"
2021-12-15_07:42:21.293 [main] DEBUG org.apache.http.wire -  << "Connection: keep-alive[\r][\n]"
2021-12-15_07:42:21.293 [main] DEBUG org.apache.http.wire -  << "[\r][\n]"
2021-12-15_07:42:21.293 [main] DEBUG o.a.h.i.conn.DefaultClientConnection - Receiving response: HTTP/1.1 200 
2021-12-15_07:42:21.293 [main] DEBUG org.apache.http.headers - << HTTP/1.1 200 
2021-12-15_07:42:21.293 [main] DEBUG org.apache.http.headers - << Access-Control-Allow-Methods: GET, POST
2021-12-15_07:42:21.293 [main] DEBUG org.apache.http.headers - << Access-Control-Allow-Origin: *
2021-12-15_07:42:21.295 [main] DEBUG org.apache.http.headers - << Content-Security-Policy: default-src 'none'
2021-12-15_07:42:21.295 [main] DEBUG org.apache.http.headers - << Feature-Policy: 'none'
2021-12-15_07:42:21.295 [main] DEBUG org.apache.http.headers - << Referrer-Policy: no-referrer
2021-12-15_07:42:21.295 [main] DEBUG org.apache.http.headers - << Strict-Transport-Security: max-age=31536000 ; includeSubDomains
2021-12-15_07:42:21.295 [main] DEBUG org.apache.http.headers - << Date: Wed, 15 Dec 2021 02:12:20 GMT
2021-12-15_07:42:21.295 [main] DEBUG org.apache.http.headers - << Keep-Alive: timeout=60
2021-12-15_07:42:21.295 [main] DEBUG org.apache.http.headers - << Content-Type: application/json
2021-12-15_07:42:21.295 [main] DEBUG org.apache.http.headers - << Transfer-Encoding: chunked
2021-12-15_07:42:21.295 [main] DEBUG org.apache.http.headers - << Connection: keep-alive
2021-12-15_07:42:21.296 [main] DEBUG o.a.h.impl.client.DefaultHttpClient - Connection can be kept alive for 60000 MILLISECONDS
2021-12-15_07:42:21.296 [main] DEBUG i.r.i.RequestSpecificationImpl$RestAssuredHttpBuilder - Parsing response as: application/json
2021-12-15_07:42:21.296 [main] DEBUG i.r.i.RequestSpecificationImpl$RestAssuredHttpBuilder - Parsed data to instance of: class org.apache.http.conn.EofSensorInputStream
2021-12-15_07:42:21.298 [main] INFO  com.qc.BaseAPI - Method :POST
2021-12-15_07:42:21.300 [main] INFO  com.qc.BaseAPI - URI :https://apitest.pineperks.in/card/order/V1/instant/issue/nonreloadable/digital
2021-12-15_07:42:21.300 [main] INFO  com.qc.BaseAPI - Headers :token=7fc79db5fc5f411d834a3680c2843b0e
userName=A0aCcnPzDANtKmvSLPKcaw==
Accept=*/*
Content-Type=application/json; charset=UTF-8
2021-12-15_07:42:21.300 [main] INFO  com.qc.BaseAPI - Body :{"isLinkToBeSentOnMobile":true,"checksum":"5x3GNrnStyS2PkMvV6EeAw==","cardDetailList":[{"amount":"1000","mobileNumber":"8284854535","customerName":"afzal","email":"afzal.ahmed@pinelabs.com"}],"externalRequestId":"bxdTHeR","cardSchemeId":"7"}
2021-12-15_07:42:21.300 [main] INFO  com.qc.BaseAPI - ********************RESPONSE********************
2021-12-15_07:42:21.301 [main] DEBUG org.apache.http.wire -  << "1f1[\r][\n]"
2021-12-15_07:42:21.301 [main] DEBUG org.apache.http.wire -  << "{"externalRequestId":"bxdTHeR","orderId":12425,"orderStatus":6,"cardDetailResponseList":[{"referenceNumber":6635591193,"serialNumber":12425000010001,"customerName":"afzal","mobileNumber":8284854535,"email":"afzal.ahmed@pinelabs.com","amount":1000,"cardLink":"test.pineperks.in/eCard?c=gDRnLjvHz6a1-AVajQcxjQ2","responseCode":0,"responseMessage":"Success"}],"successCount":1,"failedCount":0,"orderAmount":1000,"issuanceCharge":100,"netOrderAmount":1100,"responseCode":0,"responseMessage":"Success"}"
2021-12-15_07:42:21.301 [main] DEBUG org.apache.http.wire -  << "[\r][\n]"
2021-12-15_07:42:21.301 [main] DEBUG org.apache.http.wire -  << "0[\r][\n]"
2021-12-15_07:42:21.301 [main] DEBUG org.apache.http.wire -  << "[\r][\n]"
2021-12-15_07:42:21.302 [main] DEBUG o.a.h.i.c.BasicClientConnectionManager - Releasing connection org.apache.http.impl.conn.ManagedClientConnectionImpl@339af031
2021-12-15_07:42:21.302 [main] DEBUG o.a.h.i.c.BasicClientConnectionManager - Connection can be kept alive for 60000 MILLISECONDS
2021-12-15_07:42:21.304 [main] INFO  com.qc.BaseAPI - Response :{
    "externalRequestId": "bxdTHeR",
    "orderId": 12425,
    "orderStatus": 6,
    "cardDetailResponseList": [
        {
            "referenceNumber": 6635591193,
            "serialNumber": 12425000010001,
            "customerName": "afzal",
            "mobileNumber": 8284854535,
            "email": "afzal.ahmed@pinelabs.com",
            "amount": 1000,
            "cardLink": "test.pineperks.in/eCard?c=gDRnLjvHz6a1-AVajQcxjQ2",
            "responseCode": 0,
            "responseMessage": "Success"
        }
    ],
    "successCount": 1,
    "failedCount": 0,
    "orderAmount": 1000,
    "issuanceCharge": 100,
    "netOrderAmount": 1100,
    "responseCode": 0,
    "responseMessage": "Success"
}
2021-12-15_07:42:21.304 [main] INFO  com.qc.BaseAPI -  **** POST call Response time 600 ms
2021-12-15_07:42:21.304 [main] INFO  pl.rest.service.CardIssue - Time Taken to perform https://apitest.pineperks.in/card/order/V1/instant/issue/nonreloadable/digital transaction: 600
