2021-12-23_23:23:29.074 [main] INFO  pl.rest.CustomHooks - SCENARIO NAME: Issuing a non reloadable card and validation data with the card detail API response
2021-12-23_23:23:29.080 [main] INFO  pl.rest.CustomHooks - TAG NAMEs: []
2021-12-23_23:23:29.087 [main] INFO  pl.rest.CustomHooks - SCENARIO NAME: Issuing a non reloadable card and validation data with the card detail API response
2021-12-23_23:23:29.088 [main] INFO  pl.rest.CustomHooks - TAG NAMEs: []
2021-12-23_23:23:29.182 [main] INFO  pl.rest.CustomHooks - Index: 0, Size: 0
2021-12-23_23:23:31.802 [main] INFO  com.qc.qa.utils.TestDataReader - Reading API Test Data config values from  testData/api/devAPITestData.properties
2021-12-23_23:23:31.807 [main] INFO  pl.rest.service.Authorize - Authorize Rest API URL :- https://apitest.pineperks.in/auth/V1/generate/token
2021-12-23_23:23:31.808 [main] INFO  com.qc.BaseAPI - GET call to URL https://apitest.pineperks.in/auth/V1/generate/token
2021-12-23_23:23:32.365 [main] INFO  com.qc.BaseAPI - ********************REQUEST********************
2021-12-23_23:23:34.897 [main] DEBUG o.a.h.i.c.BasicClientConnectionManager - Get connection for route {s}->https://apitest.pineperks.in:443
2021-12-23_23:23:34.969 [main] DEBUG o.a.h.i.c.DefaultClientConnectionOperator - Connecting to apitest.pineperks.in:443
2021-12-23_23:23:35.761 [main] DEBUG o.a.h.c.protocol.RequestAddCookies - CookieSpec selected: ignoreCookies
2021-12-23_23:23:35.763 [main] DEBUG o.a.h.c.protocol.RequestAuthCache - Auth cache not set in the context
2021-12-23_23:23:35.764 [main] DEBUG o.a.h.c.p.RequestTargetAuthentication - Target auth state: UNCHALLENGED
2021-12-23_23:23:35.765 [main] DEBUG o.a.h.c.p.RequestProxyAuthentication - Proxy auth state: UNCHALLENGED
2021-12-23_23:23:35.765 [main] DEBUG o.a.h.impl.client.DefaultHttpClient - Attempt 1 to execute request
2021-12-23_23:23:35.766 [main] DEBUG o.a.h.i.conn.DefaultClientConnection - Sending request: GET /auth/V1/generate/token HTTP/1.1
2021-12-23_23:23:35.766 [main] DEBUG org.apache.http.wire -  >> "GET /auth/V1/generate/token HTTP/1.1[\r][\n]"
2021-12-23_23:23:35.767 [main] DEBUG org.apache.http.wire -  >> "Content-Type: application/json; charset=UTF-8[\r][\n]"
2021-12-23_23:23:35.768 [main] DEBUG org.apache.http.wire -  >> "Accept: */*[\r][\n]"
2021-12-23_23:23:35.768 [main] DEBUG org.apache.http.wire -  >> "userName: A0aCcnPzDANtKmvSLPKcaw==[\r][\n]"
2021-12-23_23:23:35.768 [main] DEBUG org.apache.http.wire -  >> "Host: apitest.pineperks.in[\r][\n]"
2021-12-23_23:23:35.768 [main] DEBUG org.apache.http.wire -  >> "Connection: Keep-Alive[\r][\n]"
2021-12-23_23:23:35.768 [main] DEBUG org.apache.http.wire -  >> "User-Agent: Apache-HttpClient/4.5.2 (Java/1.8.0_202)[\r][\n]"
2021-12-23_23:23:35.768 [main] DEBUG org.apache.http.wire -  >> "Accept-Encoding: gzip,deflate[\r][\n]"
2021-12-23_23:23:35.768 [main] DEBUG org.apache.http.wire -  >> "[\r][\n]"
2021-12-23_23:23:35.769 [main] DEBUG org.apache.http.headers - >> GET /auth/V1/generate/token HTTP/1.1
2021-12-23_23:23:35.769 [main] DEBUG org.apache.http.headers - >> Content-Type: application/json; charset=UTF-8
2021-12-23_23:23:35.769 [main] DEBUG org.apache.http.headers - >> Accept: */*
2021-12-23_23:23:35.769 [main] DEBUG org.apache.http.headers - >> userName: A0aCcnPzDANtKmvSLPKcaw==
2021-12-23_23:23:35.769 [main] DEBUG org.apache.http.headers - >> Host: apitest.pineperks.in
2021-12-23_23:23:35.769 [main] DEBUG org.apache.http.headers - >> Connection: Keep-Alive
2021-12-23_23:23:35.769 [main] DEBUG org.apache.http.headers - >> User-Agent: Apache-HttpClient/4.5.2 (Java/1.8.0_202)
2021-12-23_23:23:35.770 [main] DEBUG org.apache.http.headers - >> Accept-Encoding: gzip,deflate
2021-12-23_23:23:35.811 [main] DEBUG org.apache.http.wire -  << "HTTP/1.1 200 [\r][\n]"
2021-12-23_23:23:35.813 [main] DEBUG org.apache.http.wire -  << "Access-Control-Allow-Methods: GET, POST[\r][\n]"
2021-12-23_23:23:35.814 [main] DEBUG org.apache.http.wire -  << "Access-Control-Allow-Origin: *[\r][\n]"
2021-12-23_23:23:35.814 [main] DEBUG org.apache.http.wire -  << "Content-Security-Policy: default-src 'none'[\r][\n]"
2021-12-23_23:23:35.814 [main] DEBUG org.apache.http.wire -  << "Feature-Policy: 'none'[\r][\n]"
2021-12-23_23:23:35.815 [main] DEBUG org.apache.http.wire -  << "Referrer-Policy: no-referrer[\r][\n]"
2021-12-23_23:23:35.815 [main] DEBUG org.apache.http.wire -  << "Strict-Transport-Security: max-age=31536000 ; includeSubDomains[\r][\n]"
2021-12-23_23:23:35.815 [main] DEBUG org.apache.http.wire -  << "Date: Thu, 23 Dec 2021 17:53:35 GMT[\r][\n]"
2021-12-23_23:23:35.815 [main] DEBUG org.apache.http.wire -  << "Keep-Alive: timeout=60[\r][\n]"
2021-12-23_23:23:35.815 [main] DEBUG org.apache.http.wire -  << "Content-Type: application/json[\r][\n]"
2021-12-23_23:23:35.815 [main] DEBUG org.apache.http.wire -  << "Transfer-Encoding: chunked[\r][\n]"
2021-12-23_23:23:35.815 [main] DEBUG org.apache.http.wire -  << "Connection: keep-alive[\r][\n]"
2021-12-23_23:23:35.815 [main] DEBUG org.apache.http.wire -  << "[\r][\n]"
2021-12-23_23:23:35.816 [main] DEBUG o.a.h.i.conn.DefaultClientConnection - Receiving response: HTTP/1.1 200 
2021-12-23_23:23:35.816 [main] DEBUG org.apache.http.headers - << HTTP/1.1 200 
2021-12-23_23:23:35.817 [main] DEBUG org.apache.http.headers - << Access-Control-Allow-Methods: GET, POST
2021-12-23_23:23:35.817 [main] DEBUG org.apache.http.headers - << Access-Control-Allow-Origin: *
2021-12-23_23:23:35.817 [main] DEBUG org.apache.http.headers - << Content-Security-Policy: default-src 'none'
2021-12-23_23:23:35.817 [main] DEBUG org.apache.http.headers - << Feature-Policy: 'none'
2021-12-23_23:23:35.817 [main] DEBUG org.apache.http.headers - << Referrer-Policy: no-referrer
2021-12-23_23:23:35.817 [main] DEBUG org.apache.http.headers - << Strict-Transport-Security: max-age=31536000 ; includeSubDomains
2021-12-23_23:23:35.817 [main] DEBUG org.apache.http.headers - << Date: Thu, 23 Dec 2021 17:53:35 GMT
2021-12-23_23:23:35.817 [main] DEBUG org.apache.http.headers - << Keep-Alive: timeout=60
2021-12-23_23:23:35.817 [main] DEBUG org.apache.http.headers - << Content-Type: application/json
2021-12-23_23:23:35.817 [main] DEBUG org.apache.http.headers - << Transfer-Encoding: chunked
2021-12-23_23:23:35.817 [main] DEBUG org.apache.http.headers - << Connection: keep-alive
2021-12-23_23:23:35.824 [main] DEBUG o.a.h.impl.client.DefaultHttpClient - Connection can be kept alive for 60000 MILLISECONDS
2021-12-23_23:23:35.848 [main] DEBUG i.r.i.RequestSpecificationImpl$RestAssuredHttpBuilder - Parsing response as: application/json
2021-12-23_23:23:35.849 [main] DEBUG i.r.i.RequestSpecificationImpl$RestAssuredHttpBuilder - Parsed data to instance of: class org.apache.http.conn.EofSensorInputStream
2021-12-23_23:23:35.871 [main] INFO  com.qc.BaseAPI - Method :GET
2021-12-23_23:23:35.873 [main] INFO  com.qc.BaseAPI - URI :https://apitest.pineperks.in/auth/V1/generate/token
2021-12-23_23:23:35.874 [main] INFO  com.qc.BaseAPI - Headers :userName=A0aCcnPzDANtKmvSLPKcaw==
Accept=*/*
Content-Type=application/json; charset=UTF-8
2021-12-23_23:23:35.874 [main] INFO  com.qc.BaseAPI - Body :null
2021-12-23_23:23:35.874 [main] INFO  com.qc.BaseAPI - ********************RESPONSE********************
2021-12-23_23:23:35.891 [main] DEBUG org.apache.http.wire -  << "7f[\r][\n]"
2021-12-23_23:23:35.892 [main] DEBUG org.apache.http.wire -  << "{"accessToken":"9c84cbc732b9417eb02dd398d7be429d","tokenExpiryTime":"24-Dec-2021","responseCode":0,"responseMessage":"Success"}"
2021-12-23_23:23:35.893 [main] DEBUG org.apache.http.wire -  << "[\r][\n]"
2021-12-23_23:23:35.894 [main] DEBUG org.apache.http.wire -  << "0[\r][\n]"
2021-12-23_23:23:35.894 [main] DEBUG org.apache.http.wire -  << "[\r][\n]"
2021-12-23_23:23:35.895 [main] DEBUG o.a.h.i.c.BasicClientConnectionManager - Releasing connection org.apache.http.impl.conn.ManagedClientConnectionImpl@3e3c70af
2021-12-23_23:23:35.895 [main] DEBUG o.a.h.i.c.BasicClientConnectionManager - Connection can be kept alive for 60000 MILLISECONDS
2021-12-23_23:23:35.941 [main] INFO  com.qc.BaseAPI - Response :{
    "accessToken": "9c84cbc732b9417eb02dd398d7be429d",
    "tokenExpiryTime": "24-Dec-2021",
    "responseCode": 0,
    "responseMessage": "Success"
}
2021-12-23_23:23:35.944 [main] INFO  com.qc.BaseAPI -  **** GET call Response time 3476 ms
2021-12-23_23:23:35.944 [main] INFO  pl.rest.service.Authorize - Time Taken to perform https://apitest.pineperks.in/auth/V1/generate/token transaction: 3476
2021-12-23_23:23:36.079 [main] INFO  com.qc.qa.utils.TestDataReader - Reading Json data authorizeHeaders
2021-12-23_23:23:36.082 [main] INFO  com.qc.qa.utils.TestDataReader - Reading json data from file @ testData/api/devAPIData.json
2021-12-23_23:23:36.113 [main] INFO  pl.rest.service.CardIssue - CardIssue Rest API URL :- https://apitest.pineperks.in/card/order/V1/instant/issue/nonreloadable/digital
2021-12-23_23:23:36.113 [main] INFO  com.qc.BaseAPI - POST call to URL https://apitest.pineperks.in/card/order/V1/instant/issue/nonreloadable/digital
2021-12-23_23:23:36.126 [main] INFO  com.qc.BaseAPI - ********************REQUEST********************
2021-12-23_23:23:36.174 [main] DEBUG o.a.h.i.c.BasicClientConnectionManager - Get connection for route {s}->https://apitest.pineperks.in:443
2021-12-23_23:23:36.175 [main] DEBUG o.a.h.i.c.DefaultClientConnectionOperator - Connecting to apitest.pineperks.in:443
2021-12-23_23:23:36.293 [main] DEBUG o.a.h.c.protocol.RequestAddCookies - CookieSpec selected: ignoreCookies
2021-12-23_23:23:36.293 [main] DEBUG o.a.h.c.protocol.RequestAuthCache - Auth cache not set in the context
2021-12-23_23:23:36.294 [main] DEBUG o.a.h.c.p.RequestTargetAuthentication - Target auth state: UNCHALLENGED
2021-12-23_23:23:36.294 [main] DEBUG o.a.h.c.p.RequestProxyAuthentication - Proxy auth state: UNCHALLENGED
2021-12-23_23:23:36.294 [main] DEBUG o.a.h.impl.client.DefaultHttpClient - Attempt 1 to execute request
2021-12-23_23:23:36.294 [main] DEBUG o.a.h.i.conn.DefaultClientConnection - Sending request: POST /card/order/V1/instant/issue/nonreloadable/digital HTTP/1.1
2021-12-23_23:23:36.294 [main] DEBUG org.apache.http.wire -  >> "POST /card/order/V1/instant/issue/nonreloadable/digital HTTP/1.1[\r][\n]"
2021-12-23_23:23:36.294 [main] DEBUG org.apache.http.wire -  >> "Accept: */*[\r][\n]"
2021-12-23_23:23:36.295 [main] DEBUG org.apache.http.wire -  >> "userName: A0aCcnPzDANtKmvSLPKcaw==[\r][\n]"
2021-12-23_23:23:36.295 [main] DEBUG org.apache.http.wire -  >> "token: 9c84cbc732b9417eb02dd398d7be429d[\r][\n]"
2021-12-23_23:23:36.295 [main] DEBUG org.apache.http.wire -  >> "Content-Type: application/json; charset=UTF-8[\r][\n]"
2021-12-23_23:23:36.295 [main] DEBUG org.apache.http.wire -  >> "Content-Length: 241[\r][\n]"
2021-12-23_23:23:36.295 [main] DEBUG org.apache.http.wire -  >> "Host: apitest.pineperks.in[\r][\n]"
2021-12-23_23:23:36.296 [main] DEBUG org.apache.http.wire -  >> "Connection: Keep-Alive[\r][\n]"
2021-12-23_23:23:36.296 [main] DEBUG org.apache.http.wire -  >> "User-Agent: Apache-HttpClient/4.5.2 (Java/1.8.0_202)[\r][\n]"
2021-12-23_23:23:36.296 [main] DEBUG org.apache.http.wire -  >> "Accept-Encoding: gzip,deflate[\r][\n]"
2021-12-23_23:23:36.296 [main] DEBUG org.apache.http.wire -  >> "[\r][\n]"
2021-12-23_23:23:36.296 [main] DEBUG org.apache.http.headers - >> POST /card/order/V1/instant/issue/nonreloadable/digital HTTP/1.1
2021-12-23_23:23:36.296 [main] DEBUG org.apache.http.headers - >> Accept: */*
2021-12-23_23:23:36.296 [main] DEBUG org.apache.http.headers - >> userName: A0aCcnPzDANtKmvSLPKcaw==
2021-12-23_23:23:36.297 [main] DEBUG org.apache.http.headers - >> token: 9c84cbc732b9417eb02dd398d7be429d
2021-12-23_23:23:36.297 [main] DEBUG org.apache.http.headers - >> Content-Type: application/json; charset=UTF-8
2021-12-23_23:23:36.297 [main] DEBUG org.apache.http.headers - >> Content-Length: 241
2021-12-23_23:23:36.297 [main] DEBUG org.apache.http.headers - >> Host: apitest.pineperks.in
2021-12-23_23:23:36.297 [main] DEBUG org.apache.http.headers - >> Connection: Keep-Alive
2021-12-23_23:23:36.297 [main] DEBUG org.apache.http.headers - >> User-Agent: Apache-HttpClient/4.5.2 (Java/1.8.0_202)
2021-12-23_23:23:36.297 [main] DEBUG org.apache.http.headers - >> Accept-Encoding: gzip,deflate
2021-12-23_23:23:36.298 [main] DEBUG org.apache.http.wire -  >> "{"isLinkToBeSentOnMobile":true,"checksum":"5x3GNrnStyS2PkMvV6EeAw==","cardDetailList":[{"amount":"1000","mobileNumber":"8284854535","customerName":"afzal","email":"afzal.ahmed@pinelabs.com"}],"externalRequestId":"amUPLuQ","cardSchemeId":"7"}"
2021-12-23_23:23:36.535 [main] DEBUG org.apache.http.wire -  << "HTTP/1.1 200 [\r][\n]"
2021-12-23_23:23:36.536 [main] DEBUG org.apache.http.wire -  << "Access-Control-Allow-Methods: GET, POST[\r][\n]"
2021-12-23_23:23:36.536 [main] DEBUG org.apache.http.wire -  << "Access-Control-Allow-Origin: *[\r][\n]"
2021-12-23_23:23:36.536 [main] DEBUG org.apache.http.wire -  << "Content-Security-Policy: default-src 'none'[\r][\n]"
2021-12-23_23:23:36.536 [main] DEBUG org.apache.http.wire -  << "Feature-Policy: 'none'[\r][\n]"
2021-12-23_23:23:36.536 [main] DEBUG org.apache.http.wire -  << "Referrer-Policy: no-referrer[\r][\n]"
2021-12-23_23:23:36.536 [main] DEBUG org.apache.http.wire -  << "Strict-Transport-Security: max-age=31536000 ; includeSubDomains[\r][\n]"
2021-12-23_23:23:36.536 [main] DEBUG org.apache.http.wire -  << "Date: Thu, 23 Dec 2021 17:53:35 GMT[\r][\n]"
2021-12-23_23:23:36.537 [main] DEBUG org.apache.http.wire -  << "Keep-Alive: timeout=60[\r][\n]"
2021-12-23_23:23:36.537 [main] DEBUG org.apache.http.wire -  << "Content-Type: application/json[\r][\n]"
2021-12-23_23:23:36.537 [main] DEBUG org.apache.http.wire -  << "Transfer-Encoding: chunked[\r][\n]"
2021-12-23_23:23:36.537 [main] DEBUG org.apache.http.wire -  << "Connection: keep-alive[\r][\n]"
2021-12-23_23:23:36.537 [main] DEBUG org.apache.http.wire -  << "[\r][\n]"
2021-12-23_23:23:36.537 [main] DEBUG o.a.h.i.conn.DefaultClientConnection - Receiving response: HTTP/1.1 200 
2021-12-23_23:23:36.537 [main] DEBUG org.apache.http.headers - << HTTP/1.1 200 
2021-12-23_23:23:36.537 [main] DEBUG org.apache.http.headers - << Access-Control-Allow-Methods: GET, POST
2021-12-23_23:23:36.538 [main] DEBUG org.apache.http.headers - << Access-Control-Allow-Origin: *
2021-12-23_23:23:36.538 [main] DEBUG org.apache.http.headers - << Content-Security-Policy: default-src 'none'
2021-12-23_23:23:36.538 [main] DEBUG org.apache.http.headers - << Feature-Policy: 'none'
2021-12-23_23:23:36.538 [main] DEBUG org.apache.http.headers - << Referrer-Policy: no-referrer
2021-12-23_23:23:36.538 [main] DEBUG org.apache.http.headers - << Strict-Transport-Security: max-age=31536000 ; includeSubDomains
2021-12-23_23:23:36.538 [main] DEBUG org.apache.http.headers - << Date: Thu, 23 Dec 2021 17:53:35 GMT
2021-12-23_23:23:36.538 [main] DEBUG org.apache.http.headers - << Keep-Alive: timeout=60
2021-12-23_23:23:36.538 [main] DEBUG org.apache.http.headers - << Content-Type: application/json
2021-12-23_23:23:36.538 [main] DEBUG org.apache.http.headers - << Transfer-Encoding: chunked
2021-12-23_23:23:36.538 [main] DEBUG org.apache.http.headers - << Connection: keep-alive
2021-12-23_23:23:36.538 [main] DEBUG o.a.h.impl.client.DefaultHttpClient - Connection can be kept alive for 60000 MILLISECONDS
2021-12-23_23:23:36.539 [main] DEBUG i.r.i.RequestSpecificationImpl$RestAssuredHttpBuilder - Parsing response as: application/json
2021-12-23_23:23:36.539 [main] DEBUG i.r.i.RequestSpecificationImpl$RestAssuredHttpBuilder - Parsed data to instance of: class org.apache.http.conn.EofSensorInputStream
2021-12-23_23:23:36.540 [main] INFO  com.qc.BaseAPI - Method :POST
2021-12-23_23:23:36.543 [main] INFO  com.qc.BaseAPI - URI :https://apitest.pineperks.in/card/order/V1/instant/issue/nonreloadable/digital
2021-12-23_23:23:36.543 [main] INFO  com.qc.BaseAPI - Headers :token=9c84cbc732b9417eb02dd398d7be429d
userName=A0aCcnPzDANtKmvSLPKcaw==
Accept=*/*
Content-Type=application/json; charset=UTF-8
2021-12-23_23:23:36.543 [main] INFO  com.qc.BaseAPI - Body :{"isLinkToBeSentOnMobile":true,"checksum":"5x3GNrnStyS2PkMvV6EeAw==","cardDetailList":[{"amount":"1000","mobileNumber":"8284854535","customerName":"afzal","email":"afzal.ahmed@pinelabs.com"}],"externalRequestId":"amUPLuQ","cardSchemeId":"7"}
2021-12-23_23:23:36.543 [main] INFO  com.qc.BaseAPI - ********************RESPONSE********************
2021-12-23_23:23:36.543 [main] DEBUG org.apache.http.wire -  << "1f1[\r][\n]"
2021-12-23_23:23:36.543 [main] DEBUG org.apache.http.wire -  << "{"externalRequestId":"amUPLuQ","orderId":20936,"orderStatus":6,"cardDetailResponseList":[{"referenceNumber":3219651652,"serialNumber":20936000010001,"customerName":"afzal","mobileNumber":8284854535,"email":"afzal.ahmed@pinelabs.com","amount":1000,"cardLink":"test.pineperks.in/eCard?c=rdPGs561lPJT.JynrZptFA2","responseCode":0,"responseMessage":"Success"}],"successCount":1,"failedCount":0,"orderAmount":1000,"issuanceCharge":100,"netOrderAmount":1100,"responseCode":0,"responseMessage":"Success"}"
2021-12-23_23:23:36.544 [main] DEBUG org.apache.http.wire -  << "[\r][\n]"
2021-12-23_23:23:36.544 [main] DEBUG org.apache.http.wire -  << "0[\r][\n]"
2021-12-23_23:23:36.544 [main] DEBUG org.apache.http.wire -  << "[\r][\n]"
2021-12-23_23:23:36.544 [main] DEBUG o.a.h.i.c.BasicClientConnectionManager - Releasing connection org.apache.http.impl.conn.ManagedClientConnectionImpl@1b5e8a1a
2021-12-23_23:23:36.544 [main] DEBUG o.a.h.i.c.BasicClientConnectionManager - Connection can be kept alive for 60000 MILLISECONDS
2021-12-23_23:23:36.546 [main] INFO  com.qc.BaseAPI - Response :{
    "externalRequestId": "amUPLuQ",
    "orderId": 20936,
    "orderStatus": 6,
    "cardDetailResponseList": [
        {
            "referenceNumber": 3219651652,
            "serialNumber": 20936000010001,
            "customerName": "afzal",
            "mobileNumber": 8284854535,
            "email": "afzal.ahmed@pinelabs.com",
            "amount": 1000,
            "cardLink": "test.pineperks.in/eCard?c=rdPGs561lPJT.JynrZptFA2",
            "responseCode": 0,
            "responseMessage": "Success"
        }
    ],
    "successCount": 1,
    "failedCount": 0,
    "orderAmount": 1000,
    "issuanceCharge": 100,
    "netOrderAmount": 1100,
    "responseCode": 0,
    "responseMessage": "Success"
}
2021-12-23_23:23:36.546 [main] INFO  com.qc.BaseAPI -  **** POST call Response time 411 ms
2021-12-23_23:23:36.546 [main] INFO  pl.rest.service.CardIssue - Time Taken to perform https://apitest.pineperks.in/card/order/V1/instant/issue/nonreloadable/digital transaction: 411
2021-12-23_23:27:04.349 [main] INFO  com.qc.qa.utils.TestDataReader - Reading Json data authorizeHeaders
2021-12-23_23:27:04.353 [main] INFO  com.qc.qa.utils.TestDataReader - Reading json data from file @ testData/api/devAPIData.json
2021-12-23_23:27:04.355 [main] INFO  p.r.service.CorporateAndCardDetails - CardIssue Rest API URL :- https://apitest.pineperks.in/card/profile/V1/detail
2021-12-23_23:27:04.355 [main] INFO  com.qc.BaseAPI - POST call to URL https://apitest.pineperks.in/card/profile/V1/detail
2021-12-23_23:27:04.361 [main] INFO  com.qc.BaseAPI - ********************REQUEST********************
2021-12-23_23:27:04.375 [main] DEBUG o.a.h.i.c.BasicClientConnectionManager - Get connection for route {s}->https://apitest.pineperks.in:443
2021-12-23_23:27:04.453 [main] DEBUG o.a.h.i.c.DefaultClientConnectionOperator - Connecting to apitest.pineperks.in:443
