2021-12-23_23:37:58.874 [main] INFO  pl.rest.CustomHooks - SCENARIO NAME: 
2021-12-23_23:37:58.878 [main] INFO  pl.rest.CustomHooks - TAG NAMEs: []
2021-12-23_23:37:58.884 [main] INFO  pl.rest.CustomHooks - SCENARIO NAME: 
2021-12-23_23:37:58.885 [main] INFO  pl.rest.CustomHooks - TAG NAMEs: []
2021-12-23_23:37:58.965 [main] INFO  pl.rest.CustomHooks - Index: 0, Size: 0
2021-12-23_23:38:01.207 [main] INFO  com.qc.qa.utils.TestDataReader - Reading API Test Data config values from  testData/api/devAPITestData.properties
2021-12-23_23:38:01.211 [main] INFO  pl.rest.service.Authorize - Authorize Rest API URL :- https://apitest.pineperks.in/auth/V1/generate/token
2021-12-23_23:38:01.225 [main] INFO  com.qc.BaseAPI - GET call to URL https://apitest.pineperks.in/auth/V1/generate/token
2021-12-23_23:38:01.501 [main] INFO  com.qc.BaseAPI - ********************REQUEST********************
2021-12-23_23:38:04.071 [main] DEBUG o.a.h.i.c.BasicClientConnectionManager - Get connection for route {s}->https://apitest.pineperks.in:443
2021-12-23_23:38:04.142 [main] DEBUG o.a.h.i.c.DefaultClientConnectionOperator - Connecting to apitest.pineperks.in:443
2021-12-23_23:38:04.376 [main] DEBUG o.a.h.c.protocol.RequestAddCookies - CookieSpec selected: ignoreCookies
2021-12-23_23:38:04.378 [main] DEBUG o.a.h.c.protocol.RequestAuthCache - Auth cache not set in the context
2021-12-23_23:38:04.378 [main] DEBUG o.a.h.c.p.RequestTargetAuthentication - Target auth state: UNCHALLENGED
2021-12-23_23:38:04.379 [main] DEBUG o.a.h.c.p.RequestProxyAuthentication - Proxy auth state: UNCHALLENGED
2021-12-23_23:38:04.379 [main] DEBUG o.a.h.impl.client.DefaultHttpClient - Attempt 1 to execute request
2021-12-23_23:38:04.380 [main] DEBUG o.a.h.i.conn.DefaultClientConnection - Sending request: GET /auth/V1/generate/token HTTP/1.1
2021-12-23_23:38:04.380 [main] DEBUG org.apache.http.wire -  >> "GET /auth/V1/generate/token HTTP/1.1[\r][\n]"
2021-12-23_23:38:04.382 [main] DEBUG org.apache.http.wire -  >> "Content-Type: application/json; charset=UTF-8[\r][\n]"
2021-12-23_23:38:04.382 [main] DEBUG org.apache.http.wire -  >> "Accept: */*[\r][\n]"
2021-12-23_23:38:04.382 [main] DEBUG org.apache.http.wire -  >> "userName: A0aCcnPzDANtKmvSLPKcaw==[\r][\n]"
2021-12-23_23:38:04.382 [main] DEBUG org.apache.http.wire -  >> "Host: apitest.pineperks.in[\r][\n]"
2021-12-23_23:38:04.383 [main] DEBUG org.apache.http.wire -  >> "Connection: Keep-Alive[\r][\n]"
2021-12-23_23:38:04.383 [main] DEBUG org.apache.http.wire -  >> "User-Agent: Apache-HttpClient/4.5.2 (Java/1.8.0_202)[\r][\n]"
2021-12-23_23:38:04.383 [main] DEBUG org.apache.http.wire -  >> "Accept-Encoding: gzip,deflate[\r][\n]"
2021-12-23_23:38:04.383 [main] DEBUG org.apache.http.wire -  >> "[\r][\n]"
2021-12-23_23:38:04.384 [main] DEBUG org.apache.http.headers - >> GET /auth/V1/generate/token HTTP/1.1
2021-12-23_23:38:04.384 [main] DEBUG org.apache.http.headers - >> Content-Type: application/json; charset=UTF-8
2021-12-23_23:38:04.384 [main] DEBUG org.apache.http.headers - >> Accept: */*
2021-12-23_23:38:04.384 [main] DEBUG org.apache.http.headers - >> userName: A0aCcnPzDANtKmvSLPKcaw==
2021-12-23_23:38:04.384 [main] DEBUG org.apache.http.headers - >> Host: apitest.pineperks.in
2021-12-23_23:38:04.384 [main] DEBUG org.apache.http.headers - >> Connection: Keep-Alive
2021-12-23_23:38:04.384 [main] DEBUG org.apache.http.headers - >> User-Agent: Apache-HttpClient/4.5.2 (Java/1.8.0_202)
2021-12-23_23:38:04.384 [main] DEBUG org.apache.http.headers - >> Accept-Encoding: gzip,deflate
2021-12-23_23:38:04.412 [main] DEBUG org.apache.http.wire -  << "HTTP/1.1 200 [\r][\n]"
2021-12-23_23:38:04.415 [main] DEBUG org.apache.http.wire -  << "Access-Control-Allow-Methods: GET, POST[\r][\n]"
2021-12-23_23:38:04.416 [main] DEBUG org.apache.http.wire -  << "Access-Control-Allow-Origin: *[\r][\n]"
2021-12-23_23:38:04.416 [main] DEBUG org.apache.http.wire -  << "Content-Security-Policy: default-src 'none'[\r][\n]"
2021-12-23_23:38:04.416 [main] DEBUG org.apache.http.wire -  << "Feature-Policy: 'none'[\r][\n]"
2021-12-23_23:38:04.416 [main] DEBUG org.apache.http.wire -  << "Referrer-Policy: no-referrer[\r][\n]"
2021-12-23_23:38:04.416 [main] DEBUG org.apache.http.wire -  << "Strict-Transport-Security: max-age=31536000 ; includeSubDomains[\r][\n]"
2021-12-23_23:38:04.416 [main] DEBUG org.apache.http.wire -  << "Date: Thu, 23 Dec 2021 18:08:04 GMT[\r][\n]"
2021-12-23_23:38:04.417 [main] DEBUG org.apache.http.wire -  << "Keep-Alive: timeout=60[\r][\n]"
2021-12-23_23:38:04.417 [main] DEBUG org.apache.http.wire -  << "Content-Type: application/json[\r][\n]"
2021-12-23_23:38:04.417 [main] DEBUG org.apache.http.wire -  << "Transfer-Encoding: chunked[\r][\n]"
2021-12-23_23:38:04.417 [main] DEBUG org.apache.http.wire -  << "Connection: keep-alive[\r][\n]"
2021-12-23_23:38:04.417 [main] DEBUG org.apache.http.wire -  << "[\r][\n]"
2021-12-23_23:38:04.418 [main] DEBUG o.a.h.i.conn.DefaultClientConnection - Receiving response: HTTP/1.1 200 
2021-12-23_23:38:04.418 [main] DEBUG org.apache.http.headers - << HTTP/1.1 200 
2021-12-23_23:38:04.418 [main] DEBUG org.apache.http.headers - << Access-Control-Allow-Methods: GET, POST
2021-12-23_23:38:04.419 [main] DEBUG org.apache.http.headers - << Access-Control-Allow-Origin: *
2021-12-23_23:38:04.419 [main] DEBUG org.apache.http.headers - << Content-Security-Policy: default-src 'none'
2021-12-23_23:38:04.419 [main] DEBUG org.apache.http.headers - << Feature-Policy: 'none'
2021-12-23_23:38:04.419 [main] DEBUG org.apache.http.headers - << Referrer-Policy: no-referrer
2021-12-23_23:38:04.419 [main] DEBUG org.apache.http.headers - << Strict-Transport-Security: max-age=31536000 ; includeSubDomains
2021-12-23_23:38:04.419 [main] DEBUG org.apache.http.headers - << Date: Thu, 23 Dec 2021 18:08:04 GMT
2021-12-23_23:38:04.419 [main] DEBUG org.apache.http.headers - << Keep-Alive: timeout=60
2021-12-23_23:38:04.419 [main] DEBUG org.apache.http.headers - << Content-Type: application/json
2021-12-23_23:38:04.419 [main] DEBUG org.apache.http.headers - << Transfer-Encoding: chunked
2021-12-23_23:38:04.419 [main] DEBUG org.apache.http.headers - << Connection: keep-alive
2021-12-23_23:38:04.425 [main] DEBUG o.a.h.impl.client.DefaultHttpClient - Connection can be kept alive for 60000 MILLISECONDS
2021-12-23_23:38:04.444 [main] DEBUG i.r.i.RequestSpecificationImpl$RestAssuredHttpBuilder - Parsing response as: application/json
2021-12-23_23:38:04.445 [main] DEBUG i.r.i.RequestSpecificationImpl$RestAssuredHttpBuilder - Parsed data to instance of: class org.apache.http.conn.EofSensorInputStream
2021-12-23_23:38:04.458 [main] INFO  com.qc.BaseAPI - Method :GET
2021-12-23_23:38:04.460 [main] INFO  com.qc.BaseAPI - URI :https://apitest.pineperks.in/auth/V1/generate/token
2021-12-23_23:38:04.461 [main] INFO  com.qc.BaseAPI - Headers :userName=A0aCcnPzDANtKmvSLPKcaw==
Accept=*/*
Content-Type=application/json; charset=UTF-8
2021-12-23_23:38:04.461 [main] INFO  com.qc.BaseAPI - Body :null
2021-12-23_23:38:04.461 [main] INFO  com.qc.BaseAPI - ********************RESPONSE********************
2021-12-23_23:38:04.473 [main] DEBUG org.apache.http.wire -  << "7f[\r][\n]"
2021-12-23_23:38:04.473 [main] DEBUG org.apache.http.wire -  << "{"accessToken":"5b3193ff192745da8d0972b8d6736b76","tokenExpiryTime":"24-Dec-2021","responseCode":0,"responseMessage":"Success"}"
2021-12-23_23:38:04.474 [main] DEBUG org.apache.http.wire -  << "[\r][\n]"
2021-12-23_23:38:04.474 [main] DEBUG org.apache.http.wire -  << "0[\r][\n]"
2021-12-23_23:38:04.474 [main] DEBUG org.apache.http.wire -  << "[\r][\n]"
2021-12-23_23:38:04.475 [main] DEBUG o.a.h.i.c.BasicClientConnectionManager - Releasing connection org.apache.http.impl.conn.ManagedClientConnectionImpl@56077ecd
2021-12-23_23:38:04.475 [main] DEBUG o.a.h.i.c.BasicClientConnectionManager - Connection can be kept alive for 60000 MILLISECONDS
2021-12-23_23:38:04.520 [main] INFO  com.qc.BaseAPI - Response :{
    "accessToken": "5b3193ff192745da8d0972b8d6736b76",
    "tokenExpiryTime": "24-Dec-2021",
    "responseCode": 0,
    "responseMessage": "Success"
}
2021-12-23_23:38:04.523 [main] INFO  com.qc.BaseAPI -  **** GET call Response time 2934 ms
2021-12-23_23:38:04.524 [main] INFO  pl.rest.service.Authorize - Time Taken to perform https://apitest.pineperks.in/auth/V1/generate/token transaction: 2934
2021-12-23_23:38:04.674 [main] INFO  com.qc.qa.utils.TestDataReader - Reading Json data authorizeHeaders
2021-12-23_23:38:04.678 [main] INFO  com.qc.qa.utils.TestDataReader - Reading json data from file @ testData/api/devAPIData.json
2021-12-23_23:38:04.727 [main] INFO  pl.rest.service.CardIssue - CardIssue Rest API URL :- https://apitest.pineperks.in/card/order/V1/instant/issue/nonreloadable/digital
2021-12-23_23:38:04.728 [main] INFO  com.qc.BaseAPI - POST call to URL https://apitest.pineperks.in/card/order/V1/instant/issue/nonreloadable/digital
2021-12-23_23:38:04.743 [main] INFO  com.qc.BaseAPI - ********************REQUEST********************
2021-12-23_23:38:04.792 [main] DEBUG o.a.h.i.c.BasicClientConnectionManager - Get connection for route {s}->https://apitest.pineperks.in:443
2021-12-23_23:38:04.793 [main] DEBUG o.a.h.i.c.DefaultClientConnectionOperator - Connecting to apitest.pineperks.in:443
2021-12-23_23:38:04.944 [main] DEBUG o.a.h.c.protocol.RequestAddCookies - CookieSpec selected: ignoreCookies
2021-12-23_23:38:04.944 [main] DEBUG o.a.h.c.protocol.RequestAuthCache - Auth cache not set in the context
2021-12-23_23:38:04.945 [main] DEBUG o.a.h.c.p.RequestTargetAuthentication - Target auth state: UNCHALLENGED
2021-12-23_23:38:04.945 [main] DEBUG o.a.h.c.p.RequestProxyAuthentication - Proxy auth state: UNCHALLENGED
2021-12-23_23:38:04.945 [main] DEBUG o.a.h.impl.client.DefaultHttpClient - Attempt 1 to execute request
2021-12-23_23:38:04.945 [main] DEBUG o.a.h.i.conn.DefaultClientConnection - Sending request: POST /card/order/V1/instant/issue/nonreloadable/digital HTTP/1.1
2021-12-23_23:38:04.945 [main] DEBUG org.apache.http.wire -  >> "POST /card/order/V1/instant/issue/nonreloadable/digital HTTP/1.1[\r][\n]"
2021-12-23_23:38:04.946 [main] DEBUG org.apache.http.wire -  >> "Accept: */*[\r][\n]"
2021-12-23_23:38:04.946 [main] DEBUG org.apache.http.wire -  >> "userName: A0aCcnPzDANtKmvSLPKcaw==[\r][\n]"
2021-12-23_23:38:04.946 [main] DEBUG org.apache.http.wire -  >> "token: 5b3193ff192745da8d0972b8d6736b76[\r][\n]"
2021-12-23_23:38:04.946 [main] DEBUG org.apache.http.wire -  >> "Content-Type: application/json; charset=UTF-8[\r][\n]"
2021-12-23_23:38:04.947 [main] DEBUG org.apache.http.wire -  >> "Content-Length: 241[\r][\n]"
2021-12-23_23:38:04.947 [main] DEBUG org.apache.http.wire -  >> "Host: apitest.pineperks.in[\r][\n]"
2021-12-23_23:38:04.947 [main] DEBUG org.apache.http.wire -  >> "Connection: Keep-Alive[\r][\n]"
2021-12-23_23:38:04.947 [main] DEBUG org.apache.http.wire -  >> "User-Agent: Apache-HttpClient/4.5.2 (Java/1.8.0_202)[\r][\n]"
2021-12-23_23:38:04.947 [main] DEBUG org.apache.http.wire -  >> "Accept-Encoding: gzip,deflate[\r][\n]"
2021-12-23_23:38:04.947 [main] DEBUG org.apache.http.wire -  >> "[\r][\n]"
2021-12-23_23:38:04.948 [main] DEBUG org.apache.http.headers - >> POST /card/order/V1/instant/issue/nonreloadable/digital HTTP/1.1
2021-12-23_23:38:04.948 [main] DEBUG org.apache.http.headers - >> Accept: */*
2021-12-23_23:38:04.948 [main] DEBUG org.apache.http.headers - >> userName: A0aCcnPzDANtKmvSLPKcaw==
2021-12-23_23:38:04.948 [main] DEBUG org.apache.http.headers - >> token: 5b3193ff192745da8d0972b8d6736b76
2021-12-23_23:38:04.948 [main] DEBUG org.apache.http.headers - >> Content-Type: application/json; charset=UTF-8
2021-12-23_23:38:04.949 [main] DEBUG org.apache.http.headers - >> Content-Length: 241
2021-12-23_23:38:04.949 [main] DEBUG org.apache.http.headers - >> Host: apitest.pineperks.in
2021-12-23_23:38:04.949 [main] DEBUG org.apache.http.headers - >> Connection: Keep-Alive
2021-12-23_23:38:04.949 [main] DEBUG org.apache.http.headers - >> User-Agent: Apache-HttpClient/4.5.2 (Java/1.8.0_202)
2021-12-23_23:38:04.949 [main] DEBUG org.apache.http.headers - >> Accept-Encoding: gzip,deflate
2021-12-23_23:38:04.950 [main] DEBUG org.apache.http.wire -  >> "{"isLinkToBeSentOnMobile":true,"checksum":"5x3GNrnStyS2PkMvV6EeAw==","cardDetailList":[{"amount":"1000","mobileNumber":"8284854535","customerName":"afzal","email":"afzal.ahmed@pinelabs.com"}],"externalRequestId":"WtQ33W6","cardSchemeId":"7"}"
2021-12-23_23:38:05.165 [main] DEBUG org.apache.http.wire -  << "HTTP/1.1 200 [\r][\n]"
2021-12-23_23:38:05.166 [main] DEBUG org.apache.http.wire -  << "Access-Control-Allow-Methods: GET, POST[\r][\n]"
2021-12-23_23:38:05.166 [main] DEBUG org.apache.http.wire -  << "Access-Control-Allow-Origin: *[\r][\n]"
2021-12-23_23:38:05.166 [main] DEBUG org.apache.http.wire -  << "Content-Security-Policy: default-src 'none'[\r][\n]"
2021-12-23_23:38:05.166 [main] DEBUG org.apache.http.wire -  << "Feature-Policy: 'none'[\r][\n]"
2021-12-23_23:38:05.166 [main] DEBUG org.apache.http.wire -  << "Referrer-Policy: no-referrer[\r][\n]"
2021-12-23_23:38:05.167 [main] DEBUG org.apache.http.wire -  << "Strict-Transport-Security: max-age=31536000 ; includeSubDomains[\r][\n]"
2021-12-23_23:38:05.167 [main] DEBUG org.apache.http.wire -  << "Date: Thu, 23 Dec 2021 18:08:04 GMT[\r][\n]"
2021-12-23_23:38:05.167 [main] DEBUG org.apache.http.wire -  << "Keep-Alive: timeout=60[\r][\n]"
2021-12-23_23:38:05.167 [main] DEBUG org.apache.http.wire -  << "Content-Type: application/json[\r][\n]"
2021-12-23_23:38:05.167 [main] DEBUG org.apache.http.wire -  << "Transfer-Encoding: chunked[\r][\n]"
2021-12-23_23:38:05.167 [main] DEBUG org.apache.http.wire -  << "Connection: keep-alive[\r][\n]"
2021-12-23_23:38:05.167 [main] DEBUG org.apache.http.wire -  << "[\r][\n]"
2021-12-23_23:38:05.168 [main] DEBUG o.a.h.i.conn.DefaultClientConnection - Receiving response: HTTP/1.1 200 
2021-12-23_23:38:05.168 [main] DEBUG org.apache.http.headers - << HTTP/1.1 200 
2021-12-23_23:38:05.169 [main] DEBUG org.apache.http.headers - << Access-Control-Allow-Methods: GET, POST
2021-12-23_23:38:05.169 [main] DEBUG org.apache.http.headers - << Access-Control-Allow-Origin: *
2021-12-23_23:38:05.169 [main] DEBUG org.apache.http.headers - << Content-Security-Policy: default-src 'none'
2021-12-23_23:38:05.169 [main] DEBUG org.apache.http.headers - << Feature-Policy: 'none'
2021-12-23_23:38:05.169 [main] DEBUG org.apache.http.headers - << Referrer-Policy: no-referrer
2021-12-23_23:38:05.169 [main] DEBUG org.apache.http.headers - << Strict-Transport-Security: max-age=31536000 ; includeSubDomains
2021-12-23_23:38:05.169 [main] DEBUG org.apache.http.headers - << Date: Thu, 23 Dec 2021 18:08:04 GMT
2021-12-23_23:38:05.170 [main] DEBUG org.apache.http.headers - << Keep-Alive: timeout=60
2021-12-23_23:38:05.170 [main] DEBUG org.apache.http.headers - << Content-Type: application/json
2021-12-23_23:38:05.170 [main] DEBUG org.apache.http.headers - << Transfer-Encoding: chunked
2021-12-23_23:38:05.170 [main] DEBUG org.apache.http.headers - << Connection: keep-alive
2021-12-23_23:38:05.170 [main] DEBUG o.a.h.impl.client.DefaultHttpClient - Connection can be kept alive for 60000 MILLISECONDS
2021-12-23_23:38:05.171 [main] DEBUG i.r.i.RequestSpecificationImpl$RestAssuredHttpBuilder - Parsing response as: application/json
2021-12-23_23:38:05.171 [main] DEBUG i.r.i.RequestSpecificationImpl$RestAssuredHttpBuilder - Parsed data to instance of: class org.apache.http.conn.EofSensorInputStream
2021-12-23_23:38:05.174 [main] INFO  com.qc.BaseAPI - Method :POST
2021-12-23_23:38:05.178 [main] INFO  com.qc.BaseAPI - URI :https://apitest.pineperks.in/card/order/V1/instant/issue/nonreloadable/digital
2021-12-23_23:38:05.178 [main] INFO  com.qc.BaseAPI - Headers :token=5b3193ff192745da8d0972b8d6736b76
userName=A0aCcnPzDANtKmvSLPKcaw==
Accept=*/*
Content-Type=application/json; charset=UTF-8
2021-12-23_23:38:05.179 [main] INFO  com.qc.BaseAPI - Body :{"isLinkToBeSentOnMobile":true,"checksum":"5x3GNrnStyS2PkMvV6EeAw==","cardDetailList":[{"amount":"1000","mobileNumber":"8284854535","customerName":"afzal","email":"afzal.ahmed@pinelabs.com"}],"externalRequestId":"WtQ33W6","cardSchemeId":"7"}
2021-12-23_23:38:05.179 [main] INFO  com.qc.BaseAPI - ********************RESPONSE********************
2021-12-23_23:38:05.179 [main] DEBUG org.apache.http.wire -  << "1f1[\r][\n]"
2021-12-23_23:38:05.179 [main] DEBUG org.apache.http.wire -  << "{"externalRequestId":"WtQ33W6","orderId":20943,"orderStatus":6,"cardDetailResponseList":[{"referenceNumber":1821213352,"serialNumber":20943000010001,"customerName":"afzal","mobileNumber":8284854535,"email":"afzal.ahmed@pinelabs.com","amount":1000,"cardLink":"test.pineperks.in/eCard?c=EbsntDWg-XN.578qmPRrcg2","responseCode":0,"responseMessage":"Success"}],"successCount":1,"failedCount":0,"orderAmount":1000,"issuanceCharge":100,"netOrderAmount":1100,"responseCode":0,"responseMessage":"Success"}"
2021-12-23_23:38:05.180 [main] DEBUG org.apache.http.wire -  << "[\r][\n]"
2021-12-23_23:38:05.180 [main] DEBUG org.apache.http.wire -  << "0[\r][\n]"
2021-12-23_23:38:05.180 [main] DEBUG org.apache.http.wire -  << "[\r][\n]"
2021-12-23_23:38:05.180 [main] DEBUG o.a.h.i.c.BasicClientConnectionManager - Releasing connection org.apache.http.impl.conn.ManagedClientConnectionImpl@bc967dd
2021-12-23_23:38:05.181 [main] DEBUG o.a.h.i.c.BasicClientConnectionManager - Connection can be kept alive for 60000 MILLISECONDS
2021-12-23_23:38:05.183 [main] INFO  com.qc.BaseAPI - Response :{
    "externalRequestId": "WtQ33W6",
    "orderId": 20943,
    "orderStatus": 6,
    "cardDetailResponseList": [
        {
            "referenceNumber": 1821213352,
            "serialNumber": 20943000010001,
            "customerName": "afzal",
            "mobileNumber": 8284854535,
            "email": "afzal.ahmed@pinelabs.com",
            "amount": 1000,
            "cardLink": "test.pineperks.in/eCard?c=EbsntDWg-XN.578qmPRrcg2",
            "responseCode": 0,
            "responseMessage": "Success"
        }
    ],
    "successCount": 1,
    "failedCount": 0,
    "orderAmount": 1000,
    "issuanceCharge": 100,
    "netOrderAmount": 1100,
    "responseCode": 0,
    "responseMessage": "Success"
}
2021-12-23_23:38:05.184 [main] INFO  com.qc.BaseAPI -  **** POST call Response time 426 ms
2021-12-23_23:38:05.184 [main] INFO  pl.rest.service.CardIssue - Time Taken to perform https://apitest.pineperks.in/card/order/V1/instant/issue/nonreloadable/digital transaction: 426
