2021-12-24_00:38:03.337 [main] INFO  pl.rest.CustomHooks - SCENARIO NAME: Changing of scheme of issued card and validating the data in the API response
2021-12-24_00:38:03.340 [main] INFO  pl.rest.CustomHooks - TAG NAMEs: []
2021-12-24_00:38:03.344 [main] INFO  pl.rest.CustomHooks - SCENARIO NAME: Changing of scheme of issued card and validating the data in the API response
2021-12-24_00:38:03.345 [main] INFO  pl.rest.CustomHooks - TAG NAMEs: []
2021-12-24_00:38:03.426 [main] INFO  pl.rest.CustomHooks - Index: 0, Size: 0
2021-12-24_00:38:05.650 [main] INFO  com.qc.qa.utils.TestDataReader - Reading API Test Data config values from  testData/api/devAPITestData.properties
2021-12-24_00:38:05.654 [main] INFO  pl.rest.service.Authorize - Authorize Rest API URL :- https://apitest.pineperks.in/auth/V1/generate/token
2021-12-24_00:38:05.655 [main] INFO  com.qc.BaseAPI - GET call to URL https://apitest.pineperks.in/auth/V1/generate/token
2021-12-24_00:38:05.932 [main] INFO  com.qc.BaseAPI - ********************REQUEST********************
2021-12-24_00:38:08.408 [main] DEBUG o.a.h.i.c.BasicClientConnectionManager - Get connection for route {s}->https://apitest.pineperks.in:443
2021-12-24_00:38:08.484 [main] DEBUG o.a.h.i.c.DefaultClientConnectionOperator - Connecting to apitest.pineperks.in:443
2021-12-24_00:38:08.721 [main] DEBUG o.a.h.c.protocol.RequestAddCookies - CookieSpec selected: ignoreCookies
2021-12-24_00:38:08.723 [main] DEBUG o.a.h.c.protocol.RequestAuthCache - Auth cache not set in the context
2021-12-24_00:38:08.724 [main] DEBUG o.a.h.c.p.RequestTargetAuthentication - Target auth state: UNCHALLENGED
2021-12-24_00:38:08.725 [main] DEBUG o.a.h.c.p.RequestProxyAuthentication - Proxy auth state: UNCHALLENGED
2021-12-24_00:38:08.725 [main] DEBUG o.a.h.impl.client.DefaultHttpClient - Attempt 1 to execute request
2021-12-24_00:38:08.726 [main] DEBUG o.a.h.i.conn.DefaultClientConnection - Sending request: GET /auth/V1/generate/token HTTP/1.1
2021-12-24_00:38:08.726 [main] DEBUG org.apache.http.wire -  >> "GET /auth/V1/generate/token HTTP/1.1[\r][\n]"
2021-12-24_00:38:08.727 [main] DEBUG org.apache.http.wire -  >> "Content-Type: application/json; charset=UTF-8[\r][\n]"
2021-12-24_00:38:08.727 [main] DEBUG org.apache.http.wire -  >> "Accept: */*[\r][\n]"
2021-12-24_00:38:08.727 [main] DEBUG org.apache.http.wire -  >> "userName: A0aCcnPzDANtKmvSLPKcaw==[\r][\n]"
2021-12-24_00:38:08.728 [main] DEBUG org.apache.http.wire -  >> "Host: apitest.pineperks.in[\r][\n]"
2021-12-24_00:38:08.728 [main] DEBUG org.apache.http.wire -  >> "Connection: Keep-Alive[\r][\n]"
2021-12-24_00:38:08.728 [main] DEBUG org.apache.http.wire -  >> "User-Agent: Apache-HttpClient/4.5.2 (Java/1.8.0_202)[\r][\n]"
2021-12-24_00:38:08.728 [main] DEBUG org.apache.http.wire -  >> "Accept-Encoding: gzip,deflate[\r][\n]"
2021-12-24_00:38:08.729 [main] DEBUG org.apache.http.wire -  >> "[\r][\n]"
2021-12-24_00:38:08.729 [main] DEBUG org.apache.http.headers - >> GET /auth/V1/generate/token HTTP/1.1
2021-12-24_00:38:08.729 [main] DEBUG org.apache.http.headers - >> Content-Type: application/json; charset=UTF-8
2021-12-24_00:38:08.729 [main] DEBUG org.apache.http.headers - >> Accept: */*
2021-12-24_00:38:08.729 [main] DEBUG org.apache.http.headers - >> userName: A0aCcnPzDANtKmvSLPKcaw==
2021-12-24_00:38:08.729 [main] DEBUG org.apache.http.headers - >> Host: apitest.pineperks.in
2021-12-24_00:38:08.729 [main] DEBUG org.apache.http.headers - >> Connection: Keep-Alive
2021-12-24_00:38:08.730 [main] DEBUG org.apache.http.headers - >> User-Agent: Apache-HttpClient/4.5.2 (Java/1.8.0_202)
2021-12-24_00:38:08.730 [main] DEBUG org.apache.http.headers - >> Accept-Encoding: gzip,deflate
2021-12-24_00:38:08.779 [main] DEBUG org.apache.http.wire -  << "HTTP/1.1 200 [\r][\n]"
2021-12-24_00:38:08.781 [main] DEBUG org.apache.http.wire -  << "Access-Control-Allow-Methods: GET, POST[\r][\n]"
2021-12-24_00:38:08.782 [main] DEBUG org.apache.http.wire -  << "Access-Control-Allow-Origin: *[\r][\n]"
2021-12-24_00:38:08.782 [main] DEBUG org.apache.http.wire -  << "Content-Security-Policy: default-src 'none'[\r][\n]"
2021-12-24_00:38:08.782 [main] DEBUG org.apache.http.wire -  << "Feature-Policy: 'none'[\r][\n]"
2021-12-24_00:38:08.782 [main] DEBUG org.apache.http.wire -  << "Referrer-Policy: no-referrer[\r][\n]"
2021-12-24_00:38:08.782 [main] DEBUG org.apache.http.wire -  << "Strict-Transport-Security: max-age=31536000 ; includeSubDomains[\r][\n]"
2021-12-24_00:38:08.782 [main] DEBUG org.apache.http.wire -  << "Date: Thu, 23 Dec 2021 19:08:08 GMT[\r][\n]"
2021-12-24_00:38:08.783 [main] DEBUG org.apache.http.wire -  << "Keep-Alive: timeout=60[\r][\n]"
2021-12-24_00:38:08.783 [main] DEBUG org.apache.http.wire -  << "Content-Type: application/json[\r][\n]"
2021-12-24_00:38:08.783 [main] DEBUG org.apache.http.wire -  << "Transfer-Encoding: chunked[\r][\n]"
2021-12-24_00:38:08.783 [main] DEBUG org.apache.http.wire -  << "Connection: keep-alive[\r][\n]"
2021-12-24_00:38:08.783 [main] DEBUG org.apache.http.wire -  << "[\r][\n]"
2021-12-24_00:38:08.785 [main] DEBUG o.a.h.i.conn.DefaultClientConnection - Receiving response: HTTP/1.1 200 
2021-12-24_00:38:08.785 [main] DEBUG org.apache.http.headers - << HTTP/1.1 200 
2021-12-24_00:38:08.785 [main] DEBUG org.apache.http.headers - << Access-Control-Allow-Methods: GET, POST
2021-12-24_00:38:08.785 [main] DEBUG org.apache.http.headers - << Access-Control-Allow-Origin: *
2021-12-24_00:38:08.785 [main] DEBUG org.apache.http.headers - << Content-Security-Policy: default-src 'none'
2021-12-24_00:38:08.785 [main] DEBUG org.apache.http.headers - << Feature-Policy: 'none'
2021-12-24_00:38:08.785 [main] DEBUG org.apache.http.headers - << Referrer-Policy: no-referrer
2021-12-24_00:38:08.785 [main] DEBUG org.apache.http.headers - << Strict-Transport-Security: max-age=31536000 ; includeSubDomains
2021-12-24_00:38:08.786 [main] DEBUG org.apache.http.headers - << Date: Thu, 23 Dec 2021 19:08:08 GMT
2021-12-24_00:38:08.786 [main] DEBUG org.apache.http.headers - << Keep-Alive: timeout=60
2021-12-24_00:38:08.786 [main] DEBUG org.apache.http.headers - << Content-Type: application/json
2021-12-24_00:38:08.786 [main] DEBUG org.apache.http.headers - << Transfer-Encoding: chunked
2021-12-24_00:38:08.786 [main] DEBUG org.apache.http.headers - << Connection: keep-alive
2021-12-24_00:38:08.795 [main] DEBUG o.a.h.impl.client.DefaultHttpClient - Connection can be kept alive for 60000 MILLISECONDS
2021-12-24_00:38:08.819 [main] DEBUG i.r.i.RequestSpecificationImpl$RestAssuredHttpBuilder - Parsing response as: application/json
2021-12-24_00:38:08.820 [main] DEBUG i.r.i.RequestSpecificationImpl$RestAssuredHttpBuilder - Parsed data to instance of: class org.apache.http.conn.EofSensorInputStream
2021-12-24_00:38:08.837 [main] INFO  com.qc.BaseAPI - Method :GET
2021-12-24_00:38:08.839 [main] INFO  com.qc.BaseAPI - URI :https://apitest.pineperks.in/auth/V1/generate/token
2021-12-24_00:38:08.839 [main] INFO  com.qc.BaseAPI - Headers :userName=A0aCcnPzDANtKmvSLPKcaw==
Accept=*/*
Content-Type=application/json; charset=UTF-8
2021-12-24_00:38:08.839 [main] INFO  com.qc.BaseAPI - Body :null
2021-12-24_00:38:08.839 [main] INFO  com.qc.BaseAPI - ********************RESPONSE********************
2021-12-24_00:38:08.855 [main] DEBUG org.apache.http.wire -  << "7f[\r][\n]"
2021-12-24_00:38:08.856 [main] DEBUG org.apache.http.wire -  << "{"accessToken":"7219e2551aae4ee2b524d7c345b3b3af","tokenExpiryTime":"25-Dec-2021","responseCode":0,"responseMessage":"Success"}"
2021-12-24_00:38:08.857 [main] DEBUG org.apache.http.wire -  << "[\r][\n]"
2021-12-24_00:38:08.857 [main] DEBUG org.apache.http.wire -  << "0[\r][\n]"
2021-12-24_00:38:08.857 [main] DEBUG org.apache.http.wire -  << "[\r][\n]"
2021-12-24_00:38:08.858 [main] DEBUG o.a.h.i.c.BasicClientConnectionManager - Releasing connection org.apache.http.impl.conn.ManagedClientConnectionImpl@5e654a36
2021-12-24_00:38:08.858 [main] DEBUG o.a.h.i.c.BasicClientConnectionManager - Connection can be kept alive for 60000 MILLISECONDS
2021-12-24_00:38:08.898 [main] INFO  com.qc.BaseAPI - Response :{
    "accessToken": "7219e2551aae4ee2b524d7c345b3b3af",
    "tokenExpiryTime": "25-Dec-2021",
    "responseCode": 0,
    "responseMessage": "Success"
}
2021-12-24_00:38:08.902 [main] INFO  com.qc.BaseAPI -  **** GET call Response time 2888 ms
2021-12-24_00:38:08.903 [main] INFO  pl.rest.service.Authorize - Time Taken to perform https://apitest.pineperks.in/auth/V1/generate/token transaction: 2888
2021-12-24_00:38:09.083 [main] INFO  com.qc.qa.utils.TestDataReader - Reading Json data authorizeHeaders
2021-12-24_00:38:09.087 [main] INFO  com.qc.qa.utils.TestDataReader - Reading json data from file @ testData/api/devAPIData.json
2021-12-24_00:38:09.121 [main] INFO  pl.rest.service.CardIssue - CardIssue Rest API URL :- https://apitest.pineperks.in/card/order/V1/instant/issue/nonreloadable/digital
2021-12-24_00:38:09.122 [main] INFO  com.qc.BaseAPI - POST call to URL https://apitest.pineperks.in/card/order/V1/instant/issue/nonreloadable/digital
2021-12-24_00:38:09.142 [main] INFO  com.qc.BaseAPI - ********************REQUEST********************
2021-12-24_00:38:09.198 [main] DEBUG o.a.h.i.c.BasicClientConnectionManager - Get connection for route {s}->https://apitest.pineperks.in:443
2021-12-24_00:38:09.199 [main] DEBUG o.a.h.i.c.DefaultClientConnectionOperator - Connecting to apitest.pineperks.in:443
2021-12-24_00:38:09.352 [main] DEBUG o.a.h.c.protocol.RequestAddCookies - CookieSpec selected: ignoreCookies
2021-12-24_00:38:09.353 [main] DEBUG o.a.h.c.protocol.RequestAuthCache - Auth cache not set in the context
2021-12-24_00:38:09.353 [main] DEBUG o.a.h.c.p.RequestTargetAuthentication - Target auth state: UNCHALLENGED
2021-12-24_00:38:09.354 [main] DEBUG o.a.h.c.p.RequestProxyAuthentication - Proxy auth state: UNCHALLENGED
2021-12-24_00:38:09.354 [main] DEBUG o.a.h.impl.client.DefaultHttpClient - Attempt 1 to execute request
2021-12-24_00:38:09.354 [main] DEBUG o.a.h.i.conn.DefaultClientConnection - Sending request: POST /card/order/V1/instant/issue/nonreloadable/digital HTTP/1.1
2021-12-24_00:38:09.354 [main] DEBUG org.apache.http.wire -  >> "POST /card/order/V1/instant/issue/nonreloadable/digital HTTP/1.1[\r][\n]"
2021-12-24_00:38:09.354 [main] DEBUG org.apache.http.wire -  >> "Accept: */*[\r][\n]"
2021-12-24_00:38:09.354 [main] DEBUG org.apache.http.wire -  >> "userName: A0aCcnPzDANtKmvSLPKcaw==[\r][\n]"
2021-12-24_00:38:09.355 [main] DEBUG org.apache.http.wire -  >> "token: 7219e2551aae4ee2b524d7c345b3b3af[\r][\n]"
2021-12-24_00:38:09.355 [main] DEBUG org.apache.http.wire -  >> "Content-Type: application/json; charset=UTF-8[\r][\n]"
2021-12-24_00:38:09.355 [main] DEBUG org.apache.http.wire -  >> "Content-Length: 241[\r][\n]"
2021-12-24_00:38:09.356 [main] DEBUG org.apache.http.wire -  >> "Host: apitest.pineperks.in[\r][\n]"
2021-12-24_00:38:09.356 [main] DEBUG org.apache.http.wire -  >> "Connection: Keep-Alive[\r][\n]"
2021-12-24_00:38:09.356 [main] DEBUG org.apache.http.wire -  >> "User-Agent: Apache-HttpClient/4.5.2 (Java/1.8.0_202)[\r][\n]"
2021-12-24_00:38:09.356 [main] DEBUG org.apache.http.wire -  >> "Accept-Encoding: gzip,deflate[\r][\n]"
2021-12-24_00:38:09.356 [main] DEBUG org.apache.http.wire -  >> "[\r][\n]"
2021-12-24_00:38:09.357 [main] DEBUG org.apache.http.headers - >> POST /card/order/V1/instant/issue/nonreloadable/digital HTTP/1.1
2021-12-24_00:38:09.357 [main] DEBUG org.apache.http.headers - >> Accept: */*
2021-12-24_00:38:09.357 [main] DEBUG org.apache.http.headers - >> userName: A0aCcnPzDANtKmvSLPKcaw==
2021-12-24_00:38:09.357 [main] DEBUG org.apache.http.headers - >> token: 7219e2551aae4ee2b524d7c345b3b3af
2021-12-24_00:38:09.357 [main] DEBUG org.apache.http.headers - >> Content-Type: application/json; charset=UTF-8
2021-12-24_00:38:09.357 [main] DEBUG org.apache.http.headers - >> Content-Length: 241
2021-12-24_00:38:09.357 [main] DEBUG org.apache.http.headers - >> Host: apitest.pineperks.in
2021-12-24_00:38:09.358 [main] DEBUG org.apache.http.headers - >> Connection: Keep-Alive
2021-12-24_00:38:09.358 [main] DEBUG org.apache.http.headers - >> User-Agent: Apache-HttpClient/4.5.2 (Java/1.8.0_202)
2021-12-24_00:38:09.358 [main] DEBUG org.apache.http.headers - >> Accept-Encoding: gzip,deflate
2021-12-24_00:38:09.358 [main] DEBUG org.apache.http.wire -  >> "{"isLinkToBeSentOnMobile":true,"checksum":"5x3GNrnStyS2PkMvV6EeAw==","cardDetailList":[{"amount":"1000","mobileNumber":"8284854535","customerName":"afzal","email":"afzal.ahmed@pinelabs.com"}],"externalRequestId":"2aDMOvy","cardSchemeId":"7"}"
2021-12-24_00:38:09.578 [main] DEBUG org.apache.http.wire -  << "HTTP/1.1 200 [\r][\n]"
2021-12-24_00:38:09.578 [main] DEBUG org.apache.http.wire -  << "Access-Control-Allow-Methods: GET, POST[\r][\n]"
2021-12-24_00:38:09.578 [main] DEBUG org.apache.http.wire -  << "Access-Control-Allow-Origin: *[\r][\n]"
2021-12-24_00:38:09.579 [main] DEBUG org.apache.http.wire -  << "Content-Security-Policy: default-src 'none'[\r][\n]"
2021-12-24_00:38:09.579 [main] DEBUG org.apache.http.wire -  << "Feature-Policy: 'none'[\r][\n]"
2021-12-24_00:38:09.580 [main] DEBUG org.apache.http.wire -  << "Referrer-Policy: no-referrer[\r][\n]"
2021-12-24_00:38:09.580 [main] DEBUG org.apache.http.wire -  << "Strict-Transport-Security: max-age=31536000 ; includeSubDomains[\r][\n]"
2021-12-24_00:38:09.580 [main] DEBUG org.apache.http.wire -  << "Date: Thu, 23 Dec 2021 19:08:08 GMT[\r][\n]"
2021-12-24_00:38:09.581 [main] DEBUG org.apache.http.wire -  << "Keep-Alive: timeout=60[\r][\n]"
2021-12-24_00:38:09.581 [main] DEBUG org.apache.http.wire -  << "Content-Type: application/json[\r][\n]"
2021-12-24_00:38:09.581 [main] DEBUG org.apache.http.wire -  << "Transfer-Encoding: chunked[\r][\n]"
2021-12-24_00:38:09.581 [main] DEBUG org.apache.http.wire -  << "Connection: keep-alive[\r][\n]"
2021-12-24_00:38:09.581 [main] DEBUG org.apache.http.wire -  << "[\r][\n]"
2021-12-24_00:38:09.581 [main] DEBUG o.a.h.i.conn.DefaultClientConnection - Receiving response: HTTP/1.1 200 
2021-12-24_00:38:09.582 [main] DEBUG org.apache.http.headers - << HTTP/1.1 200 
2021-12-24_00:38:09.582 [main] DEBUG org.apache.http.headers - << Access-Control-Allow-Methods: GET, POST
2021-12-24_00:38:09.583 [main] DEBUG org.apache.http.headers - << Access-Control-Allow-Origin: *
2021-12-24_00:38:09.583 [main] DEBUG org.apache.http.headers - << Content-Security-Policy: default-src 'none'
2021-12-24_00:38:09.583 [main] DEBUG org.apache.http.headers - << Feature-Policy: 'none'
2021-12-24_00:38:09.583 [main] DEBUG org.apache.http.headers - << Referrer-Policy: no-referrer
2021-12-24_00:38:09.583 [main] DEBUG org.apache.http.headers - << Strict-Transport-Security: max-age=31536000 ; includeSubDomains
2021-12-24_00:38:09.583 [main] DEBUG org.apache.http.headers - << Date: Thu, 23 Dec 2021 19:08:08 GMT
2021-12-24_00:38:09.583 [main] DEBUG org.apache.http.headers - << Keep-Alive: timeout=60
2021-12-24_00:38:09.583 [main] DEBUG org.apache.http.headers - << Content-Type: application/json
2021-12-24_00:38:09.583 [main] DEBUG org.apache.http.headers - << Transfer-Encoding: chunked
2021-12-24_00:38:09.583 [main] DEBUG org.apache.http.headers - << Connection: keep-alive
2021-12-24_00:38:09.584 [main] DEBUG o.a.h.impl.client.DefaultHttpClient - Connection can be kept alive for 60000 MILLISECONDS
2021-12-24_00:38:09.585 [main] DEBUG i.r.i.RequestSpecificationImpl$RestAssuredHttpBuilder - Parsing response as: application/json
2021-12-24_00:38:09.585 [main] DEBUG i.r.i.RequestSpecificationImpl$RestAssuredHttpBuilder - Parsed data to instance of: class org.apache.http.conn.EofSensorInputStream
2021-12-24_00:38:09.587 [main] INFO  com.qc.BaseAPI - Method :POST
2021-12-24_00:38:09.591 [main] INFO  com.qc.BaseAPI - URI :https://apitest.pineperks.in/card/order/V1/instant/issue/nonreloadable/digital
2021-12-24_00:38:09.591 [main] INFO  com.qc.BaseAPI - Headers :token=7219e2551aae4ee2b524d7c345b3b3af
userName=A0aCcnPzDANtKmvSLPKcaw==
Accept=*/*
Content-Type=application/json; charset=UTF-8
2021-12-24_00:38:09.591 [main] INFO  com.qc.BaseAPI - Body :{"isLinkToBeSentOnMobile":true,"checksum":"5x3GNrnStyS2PkMvV6EeAw==","cardDetailList":[{"amount":"1000","mobileNumber":"8284854535","customerName":"afzal","email":"afzal.ahmed@pinelabs.com"}],"externalRequestId":"2aDMOvy","cardSchemeId":"7"}
2021-12-24_00:38:09.592 [main] INFO  com.qc.BaseAPI - ********************RESPONSE********************
2021-12-24_00:38:09.592 [main] DEBUG org.apache.http.wire -  << "1f1[\r][\n]"
2021-12-24_00:38:09.592 [main] DEBUG org.apache.http.wire -  << "{"externalRequestId":"2aDMOvy","orderId":20954,"orderStatus":6,"cardDetailResponseList":[{"referenceNumber":6837179269,"serialNumber":20954000010001,"customerName":"afzal","mobileNumber":8284854535,"email":"afzal.ahmed@pinelabs.com","amount":1000,"cardLink":"test.pineperks.in/eCard?c=KXTr.BasafJfw68Gnvrqrg2","responseCode":0,"responseMessage":"Success"}],"successCount":1,"failedCount":0,"orderAmount":1000,"issuanceCharge":100,"netOrderAmount":1100,"responseCode":0,"responseMessage":"Success"}"
2021-12-24_00:38:09.593 [main] DEBUG org.apache.http.wire -  << "[\r][\n]"
2021-12-24_00:38:09.593 [main] DEBUG org.apache.http.wire -  << "0[\r][\n]"
2021-12-24_00:38:09.594 [main] DEBUG org.apache.http.wire -  << "[\r][\n]"
2021-12-24_00:38:09.594 [main] DEBUG o.a.h.i.c.BasicClientConnectionManager - Releasing connection org.apache.http.impl.conn.ManagedClientConnectionImpl@57018ea1
2021-12-24_00:38:09.594 [main] DEBUG o.a.h.i.c.BasicClientConnectionManager - Connection can be kept alive for 60000 MILLISECONDS
2021-12-24_00:38:09.603 [main] INFO  com.qc.BaseAPI - Response :{
    "externalRequestId": "2aDMOvy",
    "orderId": 20954,
    "orderStatus": 6,
    "cardDetailResponseList": [
        {
            "referenceNumber": 6837179269,
            "serialNumber": 20954000010001,
            "customerName": "afzal",
            "mobileNumber": 8284854535,
            "email": "afzal.ahmed@pinelabs.com",
            "amount": 1000,
            "cardLink": "test.pineperks.in/eCard?c=KXTr.BasafJfw68Gnvrqrg2",
            "responseCode": 0,
            "responseMessage": "Success"
        }
    ],
    "successCount": 1,
    "failedCount": 0,
    "orderAmount": 1000,
    "issuanceCharge": 100,
    "netOrderAmount": 1100,
    "responseCode": 0,
    "responseMessage": "Success"
}
2021-12-24_00:38:09.604 [main] INFO  com.qc.BaseAPI -  **** POST call Response time 440 ms
2021-12-24_00:38:09.604 [main] INFO  pl.rest.service.CardIssue - Time Taken to perform https://apitest.pineperks.in/card/order/V1/instant/issue/nonreloadable/digital transaction: 440
2021-12-24_00:38:09.619 [main] INFO  com.qc.qa.utils.TestDataReader - Reading Json data authorizeHeaders
2021-12-24_00:38:09.623 [main] INFO  com.qc.qa.utils.TestDataReader - Reading json data from file @ testData/api/devAPIData.json
2021-12-24_00:38:09.624 [main] INFO  pl.rest.service.CardUpdate - CardIssue Rest API URL :- https://apitest.pineperks.in/card/profile/V1/admin/status/update
2021-12-24_00:38:09.625 [main] INFO  com.qc.BaseAPI - POST call to URL https://apitest.pineperks.in/card/profile/V1/admin/status/update
2021-12-24_00:38:09.637 [main] INFO  com.qc.BaseAPI - ********************REQUEST********************
2021-12-24_00:38:09.654 [main] DEBUG o.a.h.i.c.BasicClientConnectionManager - Get connection for route {s}->https://apitest.pineperks.in:443
2021-12-24_00:38:09.655 [main] DEBUG o.a.h.i.c.DefaultClientConnectionOperator - Connecting to apitest.pineperks.in:443
2021-12-24_00:38:09.796 [main] DEBUG o.a.h.c.protocol.RequestAddCookies - CookieSpec selected: ignoreCookies
2021-12-24_00:38:09.797 [main] DEBUG o.a.h.c.protocol.RequestAuthCache - Auth cache not set in the context
2021-12-24_00:38:09.797 [main] DEBUG o.a.h.c.p.RequestTargetAuthentication - Target auth state: UNCHALLENGED
2021-12-24_00:38:09.797 [main] DEBUG o.a.h.c.p.RequestProxyAuthentication - Proxy auth state: UNCHALLENGED
2021-12-24_00:38:09.797 [main] DEBUG o.a.h.impl.client.DefaultHttpClient - Attempt 1 to execute request
2021-12-24_00:38:09.797 [main] DEBUG o.a.h.i.conn.DefaultClientConnection - Sending request: POST /card/profile/V1/admin/status/update HTTP/1.1
2021-12-24_00:38:09.798 [main] DEBUG org.apache.http.wire -  >> "POST /card/profile/V1/admin/status/update HTTP/1.1[\r][\n]"
2021-12-24_00:38:09.798 [main] DEBUG org.apache.http.wire -  >> "Accept: */*[\r][\n]"
2021-12-24_00:38:09.798 [main] DEBUG org.apache.http.wire -  >> "userName: A0aCcnPzDANtKmvSLPKcaw==[\r][\n]"
2021-12-24_00:38:09.798 [main] DEBUG org.apache.http.wire -  >> "token: 7219e2551aae4ee2b524d7c345b3b3af[\r][\n]"
2021-12-24_00:38:09.798 [main] DEBUG org.apache.http.wire -  >> "Content-Type: application/json; charset=UTF-8[\r][\n]"
2021-12-24_00:38:09.798 [main] DEBUG org.apache.http.wire -  >> "Content-Length: 113[\r][\n]"
2021-12-24_00:38:09.798 [main] DEBUG org.apache.http.wire -  >> "Host: apitest.pineperks.in[\r][\n]"
2021-12-24_00:38:09.799 [main] DEBUG org.apache.http.wire -  >> "Connection: Keep-Alive[\r][\n]"
2021-12-24_00:38:09.799 [main] DEBUG org.apache.http.wire -  >> "User-Agent: Apache-HttpClient/4.5.2 (Java/1.8.0_202)[\r][\n]"
2021-12-24_00:38:09.799 [main] DEBUG org.apache.http.wire -  >> "Accept-Encoding: gzip,deflate[\r][\n]"
2021-12-24_00:38:09.799 [main] DEBUG org.apache.http.wire -  >> "[\r][\n]"
2021-12-24_00:38:09.799 [main] DEBUG org.apache.http.headers - >> POST /card/profile/V1/admin/status/update HTTP/1.1
2021-12-24_00:38:09.799 [main] DEBUG org.apache.http.headers - >> Accept: */*
2021-12-24_00:38:09.799 [main] DEBUG org.apache.http.headers - >> userName: A0aCcnPzDANtKmvSLPKcaw==
2021-12-24_00:38:09.799 [main] DEBUG org.apache.http.headers - >> token: 7219e2551aae4ee2b524d7c345b3b3af
2021-12-24_00:38:09.799 [main] DEBUG org.apache.http.headers - >> Content-Type: application/json; charset=UTF-8
2021-12-24_00:38:09.800 [main] DEBUG org.apache.http.headers - >> Content-Length: 113
2021-12-24_00:38:09.800 [main] DEBUG org.apache.http.headers - >> Host: apitest.pineperks.in
2021-12-24_00:38:09.800 [main] DEBUG org.apache.http.headers - >> Connection: Keep-Alive
2021-12-24_00:38:09.800 [main] DEBUG org.apache.http.headers - >> User-Agent: Apache-HttpClient/4.5.2 (Java/1.8.0_202)
2021-12-24_00:38:09.800 [main] DEBUG org.apache.http.headers - >> Accept-Encoding: gzip,deflate
2021-12-24_00:38:09.800 [main] DEBUG org.apache.http.wire -  >> "{"remarks":"Test","cardStatusUpdateRequestList":[{"reason":"1","referenceNumber":"6837179269","cardStatus":"2"}]}"
2021-12-24_00:38:09.888 [main] DEBUG org.apache.http.wire -  << "HTTP/1.1 200 [\r][\n]"
2021-12-24_00:38:09.889 [main] DEBUG org.apache.http.wire -  << "Access-Control-Allow-Methods: GET, POST[\r][\n]"
2021-12-24_00:38:09.889 [main] DEBUG org.apache.http.wire -  << "Access-Control-Allow-Origin: *[\r][\n]"
2021-12-24_00:38:09.889 [main] DEBUG org.apache.http.wire -  << "Content-Security-Policy: default-src 'none'[\r][\n]"
2021-12-24_00:38:09.889 [main] DEBUG org.apache.http.wire -  << "Feature-Policy: 'none'[\r][\n]"
2021-12-24_00:38:09.889 [main] DEBUG org.apache.http.wire -  << "Referrer-Policy: no-referrer[\r][\n]"
2021-12-24_00:38:09.889 [main] DEBUG org.apache.http.wire -  << "Strict-Transport-Security: max-age=31536000 ; includeSubDomains[\r][\n]"
2021-12-24_00:38:09.889 [main] DEBUG org.apache.http.wire -  << "Date: Thu, 23 Dec 2021 19:08:09 GMT[\r][\n]"
2021-12-24_00:38:09.889 [main] DEBUG org.apache.http.wire -  << "Keep-Alive: timeout=60[\r][\n]"
2021-12-24_00:38:09.890 [main] DEBUG org.apache.http.wire -  << "Content-Type: application/json[\r][\n]"
2021-12-24_00:38:09.890 [main] DEBUG org.apache.http.wire -  << "Transfer-Encoding: chunked[\r][\n]"
2021-12-24_00:38:09.890 [main] DEBUG org.apache.http.wire -  << "Connection: keep-alive[\r][\n]"
2021-12-24_00:38:09.890 [main] DEBUG org.apache.http.wire -  << "[\r][\n]"
2021-12-24_00:38:09.890 [main] DEBUG o.a.h.i.conn.DefaultClientConnection - Receiving response: HTTP/1.1 200 
2021-12-24_00:38:09.890 [main] DEBUG org.apache.http.headers - << HTTP/1.1 200 
2021-12-24_00:38:09.890 [main] DEBUG org.apache.http.headers - << Access-Control-Allow-Methods: GET, POST
2021-12-24_00:38:09.890 [main] DEBUG org.apache.http.headers - << Access-Control-Allow-Origin: *
2021-12-24_00:38:09.890 [main] DEBUG org.apache.http.headers - << Content-Security-Policy: default-src 'none'
2021-12-24_00:38:09.890 [main] DEBUG org.apache.http.headers - << Feature-Policy: 'none'
2021-12-24_00:38:09.890 [main] DEBUG org.apache.http.headers - << Referrer-Policy: no-referrer
2021-12-24_00:38:09.890 [main] DEBUG org.apache.http.headers - << Strict-Transport-Security: max-age=31536000 ; includeSubDomains
2021-12-24_00:38:09.891 [main] DEBUG org.apache.http.headers - << Date: Thu, 23 Dec 2021 19:08:09 GMT
2021-12-24_00:38:09.891 [main] DEBUG org.apache.http.headers - << Keep-Alive: timeout=60
2021-12-24_00:38:09.891 [main] DEBUG org.apache.http.headers - << Content-Type: application/json
2021-12-24_00:38:09.891 [main] DEBUG org.apache.http.headers - << Transfer-Encoding: chunked
2021-12-24_00:38:09.891 [main] DEBUG org.apache.http.headers - << Connection: keep-alive
2021-12-24_00:38:09.891 [main] DEBUG o.a.h.impl.client.DefaultHttpClient - Connection can be kept alive for 60000 MILLISECONDS
2021-12-24_00:38:09.892 [main] DEBUG i.r.i.RequestSpecificationImpl$RestAssuredHttpBuilder - Parsing response as: application/json
2021-12-24_00:38:09.892 [main] DEBUG i.r.i.RequestSpecificationImpl$RestAssuredHttpBuilder - Parsed data to instance of: class org.apache.http.conn.EofSensorInputStream
2021-12-24_00:38:09.893 [main] INFO  com.qc.BaseAPI - Method :POST
2021-12-24_00:38:09.894 [main] INFO  com.qc.BaseAPI - URI :https://apitest.pineperks.in/card/profile/V1/admin/status/update
2021-12-24_00:38:09.894 [main] INFO  com.qc.BaseAPI - Headers :token=7219e2551aae4ee2b524d7c345b3b3af
userName=A0aCcnPzDANtKmvSLPKcaw==
Accept=*/*
Content-Type=application/json; charset=UTF-8
2021-12-24_00:38:09.894 [main] INFO  com.qc.BaseAPI - Body :{"remarks":"Test","cardStatusUpdateRequestList":[{"reason":"1","referenceNumber":"6837179269","cardStatus":"2"}]}
2021-12-24_00:38:09.894 [main] INFO  com.qc.BaseAPI - ********************RESPONSE********************
2021-12-24_00:38:09.895 [main] DEBUG org.apache.http.wire -  << "ac[\r][\n]"
2021-12-24_00:38:09.895 [main] DEBUG org.apache.http.wire -  << "{"cardStatusUpdateResponseList":[{"referenceNumber":6837179269,"responseCode":0,"responseMessage":"Success"}],"remarks":"Test","responseCode":0,"responseMessage":"Success"}"
2021-12-24_00:38:09.895 [main] DEBUG org.apache.http.wire -  << "[\r][\n]"
2021-12-24_00:38:09.896 [main] DEBUG org.apache.http.wire -  << "0[\r][\n]"
2021-12-24_00:38:09.896 [main] DEBUG org.apache.http.wire -  << "[\r][\n]"
2021-12-24_00:38:09.896 [main] DEBUG o.a.h.i.c.BasicClientConnectionManager - Releasing connection org.apache.http.impl.conn.ManagedClientConnectionImpl@4353832c
2021-12-24_00:38:09.896 [main] DEBUG o.a.h.i.c.BasicClientConnectionManager - Connection can be kept alive for 60000 MILLISECONDS
2021-12-24_00:38:09.897 [main] INFO  com.qc.BaseAPI - Response :{
    "cardStatusUpdateResponseList": [
        {
            "referenceNumber": 6837179269,
            "responseCode": 0,
            "responseMessage": "Success"
        }
    ],
    "remarks": "Test",
    "responseCode": 0,
    "responseMessage": "Success"
}
2021-12-24_00:38:09.897 [main] INFO  com.qc.BaseAPI -  **** POST call Response time 254 ms
2021-12-24_00:38:09.897 [main] INFO  pl.rest.service.CardUpdate - Time Taken to perform https://apitest.pineperks.in/card/profile/V1/admin/status/update transaction: 254
2021-12-24_00:38:09.904 [main] INFO  com.qc.qa.utils.TestDataReader - Reading Json data authorizeHeaders
2021-12-24_00:38:09.907 [main] INFO  com.qc.qa.utils.TestDataReader - Reading json data from file @ testData/api/devAPIData.json
2021-12-24_00:38:09.910 [main] INFO  p.r.service.CorporateAndCardDetails - CardIssue Rest API URL :- https://apitest.pineperks.in/card/profile/V1/detail
2021-12-24_00:38:09.910 [main] INFO  com.qc.BaseAPI - POST call to URL https://apitest.pineperks.in/card/profile/V1/detail
2021-12-24_00:38:09.917 [main] INFO  com.qc.BaseAPI - ********************REQUEST********************
2021-12-24_00:38:09.935 [main] DEBUG o.a.h.i.c.BasicClientConnectionManager - Get connection for route {s}->https://apitest.pineperks.in:443
2021-12-24_00:38:09.935 [main] DEBUG o.a.h.i.c.DefaultClientConnectionOperator - Connecting to apitest.pineperks.in:443
2021-12-24_00:38:10.061 [main] DEBUG o.a.h.c.protocol.RequestAddCookies - CookieSpec selected: ignoreCookies
2021-12-24_00:38:10.062 [main] DEBUG o.a.h.c.protocol.RequestAuthCache - Auth cache not set in the context
2021-12-24_00:38:10.062 [main] DEBUG o.a.h.c.p.RequestTargetAuthentication - Target auth state: UNCHALLENGED
2021-12-24_00:38:10.062 [main] DEBUG o.a.h.c.p.RequestProxyAuthentication - Proxy auth state: UNCHALLENGED
2021-12-24_00:38:10.062 [main] DEBUG o.a.h.impl.client.DefaultHttpClient - Attempt 1 to execute request
2021-12-24_00:38:10.062 [main] DEBUG o.a.h.i.conn.DefaultClientConnection - Sending request: POST /card/profile/V1/detail HTTP/1.1
2021-12-24_00:38:10.062 [main] DEBUG org.apache.http.wire -  >> "POST /card/profile/V1/detail HTTP/1.1[\r][\n]"
2021-12-24_00:38:10.062 [main] DEBUG org.apache.http.wire -  >> "Accept: */*[\r][\n]"
2021-12-24_00:38:10.062 [main] DEBUG org.apache.http.wire -  >> "userName: A0aCcnPzDANtKmvSLPKcaw==[\r][\n]"
2021-12-24_00:38:10.062 [main] DEBUG org.apache.http.wire -  >> "token: 7219e2551aae4ee2b524d7c345b3b3af[\r][\n]"
2021-12-24_00:38:10.063 [main] DEBUG org.apache.http.wire -  >> "Content-Type: application/json; charset=UTF-8[\r][\n]"
2021-12-24_00:38:10.063 [main] DEBUG org.apache.http.wire -  >> "Content-Length: 40[\r][\n]"
2021-12-24_00:38:10.063 [main] DEBUG org.apache.http.wire -  >> "Host: apitest.pineperks.in[\r][\n]"
2021-12-24_00:38:10.064 [main] DEBUG org.apache.http.wire -  >> "Connection: Keep-Alive[\r][\n]"
2021-12-24_00:38:10.064 [main] DEBUG org.apache.http.wire -  >> "User-Agent: Apache-HttpClient/4.5.2 (Java/1.8.0_202)[\r][\n]"
2021-12-24_00:38:10.064 [main] DEBUG org.apache.http.wire -  >> "Accept-Encoding: gzip,deflate[\r][\n]"
2021-12-24_00:38:10.064 [main] DEBUG org.apache.http.wire -  >> "[\r][\n]"
2021-12-24_00:38:10.064 [main] DEBUG org.apache.http.headers - >> POST /card/profile/V1/detail HTTP/1.1
2021-12-24_00:38:10.064 [main] DEBUG org.apache.http.headers - >> Accept: */*
2021-12-24_00:38:10.065 [main] DEBUG org.apache.http.headers - >> userName: A0aCcnPzDANtKmvSLPKcaw==
2021-12-24_00:38:10.065 [main] DEBUG org.apache.http.headers - >> token: 7219e2551aae4ee2b524d7c345b3b3af
2021-12-24_00:38:10.065 [main] DEBUG org.apache.http.headers - >> Content-Type: application/json; charset=UTF-8
2021-12-24_00:38:10.065 [main] DEBUG org.apache.http.headers - >> Content-Length: 40
2021-12-24_00:38:10.065 [main] DEBUG org.apache.http.headers - >> Host: apitest.pineperks.in
2021-12-24_00:38:10.065 [main] DEBUG org.apache.http.headers - >> Connection: Keep-Alive
2021-12-24_00:38:10.065 [main] DEBUG org.apache.http.headers - >> User-Agent: Apache-HttpClient/4.5.2 (Java/1.8.0_202)
2021-12-24_00:38:10.065 [main] DEBUG org.apache.http.headers - >> Accept-Encoding: gzip,deflate
2021-12-24_00:38:10.065 [main] DEBUG org.apache.http.wire -  >> "{"cardDetailRequestList":["6837179269"]}"
2021-12-24_00:38:10.099 [main] DEBUG org.apache.http.wire -  << "HTTP/1.1 200 [\r][\n]"
2021-12-24_00:38:10.099 [main] DEBUG org.apache.http.wire -  << "Access-Control-Allow-Methods: GET, POST[\r][\n]"
2021-12-24_00:38:10.099 [main] DEBUG org.apache.http.wire -  << "Access-Control-Allow-Origin: *[\r][\n]"
2021-12-24_00:38:10.099 [main] DEBUG org.apache.http.wire -  << "Content-Security-Policy: default-src 'none'[\r][\n]"
2021-12-24_00:38:10.100 [main] DEBUG org.apache.http.wire -  << "Feature-Policy: 'none'[\r][\n]"
2021-12-24_00:38:10.100 [main] DEBUG org.apache.http.wire -  << "Referrer-Policy: no-referrer[\r][\n]"
2021-12-24_00:38:10.100 [main] DEBUG org.apache.http.wire -  << "Strict-Transport-Security: max-age=31536000 ; includeSubDomains[\r][\n]"
2021-12-24_00:38:10.100 [main] DEBUG org.apache.http.wire -  << "Date: Thu, 23 Dec 2021 19:08:09 GMT[\r][\n]"
2021-12-24_00:38:10.100 [main] DEBUG org.apache.http.wire -  << "Keep-Alive: timeout=60[\r][\n]"
2021-12-24_00:38:10.100 [main] DEBUG org.apache.http.wire -  << "Content-Type: application/json[\r][\n]"
2021-12-24_00:38:10.100 [main] DEBUG org.apache.http.wire -  << "Transfer-Encoding: chunked[\r][\n]"
2021-12-24_00:38:10.100 [main] DEBUG org.apache.http.wire -  << "Connection: keep-alive[\r][\n]"
2021-12-24_00:38:10.101 [main] DEBUG org.apache.http.wire -  << "[\r][\n]"
2021-12-24_00:38:10.101 [main] DEBUG o.a.h.i.conn.DefaultClientConnection - Receiving response: HTTP/1.1 200 
2021-12-24_00:38:10.101 [main] DEBUG org.apache.http.headers - << HTTP/1.1 200 
2021-12-24_00:38:10.101 [main] DEBUG org.apache.http.headers - << Access-Control-Allow-Methods: GET, POST
2021-12-24_00:38:10.101 [main] DEBUG org.apache.http.headers - << Access-Control-Allow-Origin: *
2021-12-24_00:38:10.101 [main] DEBUG org.apache.http.headers - << Content-Security-Policy: default-src 'none'
2021-12-24_00:38:10.101 [main] DEBUG org.apache.http.headers - << Feature-Policy: 'none'
2021-12-24_00:38:10.101 [main] DEBUG org.apache.http.headers - << Referrer-Policy: no-referrer
2021-12-24_00:38:10.101 [main] DEBUG org.apache.http.headers - << Strict-Transport-Security: max-age=31536000 ; includeSubDomains
2021-12-24_00:38:10.102 [main] DEBUG org.apache.http.headers - << Date: Thu, 23 Dec 2021 19:08:09 GMT
2021-12-24_00:38:10.102 [main] DEBUG org.apache.http.headers - << Keep-Alive: timeout=60
2021-12-24_00:38:10.102 [main] DEBUG org.apache.http.headers - << Content-Type: application/json
2021-12-24_00:38:10.102 [main] DEBUG org.apache.http.headers - << Transfer-Encoding: chunked
2021-12-24_00:38:10.102 [main] DEBUG org.apache.http.headers - << Connection: keep-alive
2021-12-24_00:38:10.102 [main] DEBUG o.a.h.impl.client.DefaultHttpClient - Connection can be kept alive for 60000 MILLISECONDS
2021-12-24_00:38:10.103 [main] DEBUG i.r.i.RequestSpecificationImpl$RestAssuredHttpBuilder - Parsing response as: application/json
2021-12-24_00:38:10.103 [main] DEBUG i.r.i.RequestSpecificationImpl$RestAssuredHttpBuilder - Parsed data to instance of: class org.apache.http.conn.EofSensorInputStream
2021-12-24_00:38:10.104 [main] INFO  com.qc.BaseAPI - Method :POST
2021-12-24_00:38:10.106 [main] INFO  com.qc.BaseAPI - URI :https://apitest.pineperks.in/card/profile/V1/detail
2021-12-24_00:38:10.106 [main] INFO  com.qc.BaseAPI - Headers :token=7219e2551aae4ee2b524d7c345b3b3af
userName=A0aCcnPzDANtKmvSLPKcaw==
Accept=*/*
Content-Type=application/json; charset=UTF-8
2021-12-24_00:38:10.106 [main] INFO  com.qc.BaseAPI - Body :{"cardDetailRequestList":["6837179269"]}
2021-12-24_00:38:10.106 [main] INFO  com.qc.BaseAPI - ********************RESPONSE********************
2021-12-24_00:38:10.106 [main] DEBUG org.apache.http.wire -  << "3c0[\r][\n]"
2021-12-24_00:38:10.107 [main] DEBUG org.apache.http.wire -  << "{"cardDetailResponseList":[{"cardReferenceNumber":6837179269,"maskedCardNumber":"608364******1860","cardStatus":2,"kycStatus":null,"cardSchemeId":7,"pinMode":4,"cardName":"milson Card","cardVariant":2,"cardCategoryId":4,"loadAmount":1000,"redeemedAmount":0,"balance":1000,"issuedOn":"24-Dec-2021","expiryDate":"31-Dec-2023","isEcommTransactionEnabled":true,"ecommRedeemTransactionLimit":0,"isPOSTransactionEnabled":false,"posRedeemTransactionLimit":0,"monthlyCreditAmount":null,"lastCreditedOn":null,"activatedOn":null,"activationName":"Afzal","activationMobileNumber":8284854535,"activationEmail":"afzal.ahmed@pinelabs.com","customerName":"Afzal ahmed","customerMobile":8284854535,"customerEmail":null,"blockedOn":null,"terminatedOn":null,"terminatedBy":null,"reason":"Lost","reIssuedOn":null,"reIssuedBy":null,"reIssuedByCardReferenceNumber":null,"reIssueCharges":0,"responseCode":0,"responseMessage":"Success"}],"responseCode":0,"responseMessage":"Success"}"
2021-12-24_00:38:10.107 [main] DEBUG org.apache.http.wire -  << "[\r][\n]"
2021-12-24_00:38:10.108 [main] DEBUG org.apache.http.wire -  << "0[\r][\n]"
2021-12-24_00:38:10.108 [main] DEBUG org.apache.http.wire -  << "[\r][\n]"
2021-12-24_00:38:10.108 [main] DEBUG o.a.h.i.c.BasicClientConnectionManager - Releasing connection org.apache.http.impl.conn.ManagedClientConnectionImpl@4a238516
2021-12-24_00:38:10.108 [main] DEBUG o.a.h.i.c.BasicClientConnectionManager - Connection can be kept alive for 60000 MILLISECONDS
2021-12-24_00:38:10.112 [main] INFO  com.qc.BaseAPI - Response :{
    "cardDetailResponseList": [
        {
            "cardReferenceNumber": 6837179269,
            "maskedCardNumber": "608364******1860",
            "cardStatus": 2,
            "kycStatus": null,
            "cardSchemeId": 7,
            "pinMode": 4,
            "cardName": "milson Card",
            "cardVariant": 2,
            "cardCategoryId": 4,
            "loadAmount": 1000,
            "redeemedAmount": 0,
            "balance": 1000,
            "issuedOn": "24-Dec-2021",
            "expiryDate": "31-Dec-2023",
            "isEcommTransactionEnabled": true,
            "ecommRedeemTransactionLimit": 0,
            "isPOSTransactionEnabled": false,
            "posRedeemTransactionLimit": 0,
            "monthlyCreditAmount": null,
            "lastCreditedOn": null,
            "activatedOn": null,
            "activationName": "Afzal",
            "activationMobileNumber": 8284854535,
            "activationEmail": "afzal.ahmed@pinelabs.com",
            "customerName": "Afzal ahmed",
            "customerMobile": 8284854535,
            "customerEmail": null,
            "blockedOn": null,
            "terminatedOn": null,
            "terminatedBy": null,
            "reason": "Lost",
            "reIssuedOn": null,
            "reIssuedBy": null,
            "reIssuedByCardReferenceNumber": null,
            "reIssueCharges": 0,
            "responseCode": 0,
            "responseMessage": "Success"
        }
    ],
    "responseCode": 0,
    "responseMessage": "Success"
}
2021-12-24_00:38:10.112 [main] INFO  com.qc.BaseAPI -  **** POST call Response time 184 ms
2021-12-24_00:38:10.112 [main] INFO  p.r.service.CorporateAndCardDetails - Time Taken to perform https://apitest.pineperks.in/card/profile/V1/detail transaction: 184
