2022-01-27_16:20:16.873 [main] INFO  pl.rest.CustomHooks - SCENARIO NAME: Issuing a instant non reloadable card
2022-01-27_16:20:16.875 [main] INFO  pl.rest.CustomHooks - TAG NAMEs: [@Regression, @DB]
2022-01-27_16:20:16.879 [main] INFO  pl.rest.CustomHooks - SCENARIO NAME: Issuing a instant non reloadable card
2022-01-27_16:20:16.879 [main] INFO  pl.rest.CustomHooks - TAG NAMEs: [@Regression, @DB]
2022-01-27_16:20:16.937 [main] INFO  pl.rest.CustomHooks - Index: 0, Size: 0
2022-01-27_16:20:18.166 [main] INFO  com.qc.qa.utils.TestDataReader - Reading API Test Data config values from  testData/api/devAPITestData.properties
2022-01-27_16:20:18.184 [main] INFO  pl.rest.service.Authorize - Authorize Rest API URL :- https://apitest.pineperks.in/auth/V1/generate/token
2022-01-27_16:20:18.184 [main] INFO  com.qc.BaseAPI - GET call to URL https://apitest.pineperks.in/auth/V1/generate/token
2022-01-27_16:20:18.401 [main] INFO  com.qc.BaseAPI - ********************REQUEST********************
2022-01-27_16:20:21.628 [main] DEBUG o.a.h.i.c.BasicClientConnectionManager - Get connection for route {s}->https://apitest.pineperks.in:443
2022-01-27_16:20:21.720 [main] DEBUG o.a.h.i.c.DefaultClientConnectionOperator - Connecting to apitest.pineperks.in:443
2022-01-27_16:20:21.956 [main] DEBUG o.a.h.c.protocol.RequestAddCookies - CookieSpec selected: ignoreCookies
2022-01-27_16:20:21.959 [main] DEBUG o.a.h.c.protocol.RequestAuthCache - Auth cache not set in the context
2022-01-27_16:20:21.959 [main] DEBUG o.a.h.c.p.RequestTargetAuthentication - Target auth state: UNCHALLENGED
2022-01-27_16:20:21.960 [main] DEBUG o.a.h.c.p.RequestProxyAuthentication - Proxy auth state: UNCHALLENGED
2022-01-27_16:20:21.960 [main] DEBUG o.a.h.impl.client.DefaultHttpClient - Attempt 1 to execute request
2022-01-27_16:20:21.961 [main] DEBUG o.a.h.i.conn.DefaultClientConnection - Sending request: GET /auth/V1/generate/token HTTP/1.1
2022-01-27_16:20:21.961 [main] DEBUG org.apache.http.wire -  >> "GET /auth/V1/generate/token HTTP/1.1[\r][\n]"
2022-01-27_16:20:21.962 [main] DEBUG org.apache.http.wire -  >> "Content-Type: application/json; charset=UTF-8[\r][\n]"
2022-01-27_16:20:21.963 [main] DEBUG org.apache.http.wire -  >> "Accept: */*[\r][\n]"
2022-01-27_16:20:21.963 [main] DEBUG org.apache.http.wire -  >> "userName: A0aCcnPzDANtKmvSLPKcaw==[\r][\n]"
2022-01-27_16:20:21.963 [main] DEBUG org.apache.http.wire -  >> "Host: apitest.pineperks.in[\r][\n]"
2022-01-27_16:20:21.963 [main] DEBUG org.apache.http.wire -  >> "Connection: Keep-Alive[\r][\n]"
2022-01-27_16:20:21.963 [main] DEBUG org.apache.http.wire -  >> "User-Agent: Apache-HttpClient/4.5.2 (Java/1.8.0_202)[\r][\n]"
2022-01-27_16:20:21.964 [main] DEBUG org.apache.http.wire -  >> "Accept-Encoding: gzip,deflate[\r][\n]"
2022-01-27_16:20:21.964 [main] DEBUG org.apache.http.wire -  >> "[\r][\n]"
2022-01-27_16:20:21.964 [main] DEBUG org.apache.http.headers - >> GET /auth/V1/generate/token HTTP/1.1
2022-01-27_16:20:21.964 [main] DEBUG org.apache.http.headers - >> Content-Type: application/json; charset=UTF-8
2022-01-27_16:20:21.964 [main] DEBUG org.apache.http.headers - >> Accept: */*
2022-01-27_16:20:21.964 [main] DEBUG org.apache.http.headers - >> userName: A0aCcnPzDANtKmvSLPKcaw==
2022-01-27_16:20:21.964 [main] DEBUG org.apache.http.headers - >> Host: apitest.pineperks.in
2022-01-27_16:20:21.965 [main] DEBUG org.apache.http.headers - >> Connection: Keep-Alive
2022-01-27_16:20:21.965 [main] DEBUG org.apache.http.headers - >> User-Agent: Apache-HttpClient/4.5.2 (Java/1.8.0_202)
2022-01-27_16:20:21.965 [main] DEBUG org.apache.http.headers - >> Accept-Encoding: gzip,deflate
2022-01-27_16:20:21.998 [main] DEBUG org.apache.http.wire -  << "HTTP/1.1 200 [\r][\n]"
2022-01-27_16:20:22.001 [main] DEBUG org.apache.http.wire -  << "Access-Control-Allow-Methods: GET, POST[\r][\n]"
2022-01-27_16:20:22.001 [main] DEBUG org.apache.http.wire -  << "Access-Control-Allow-Origin: *[\r][\n]"
2022-01-27_16:20:22.001 [main] DEBUG org.apache.http.wire -  << "Content-Security-Policy: default-src 'none'[\r][\n]"
2022-01-27_16:20:22.002 [main] DEBUG org.apache.http.wire -  << "Feature-Policy: 'none'[\r][\n]"
2022-01-27_16:20:22.002 [main] DEBUG org.apache.http.wire -  << "Referrer-Policy: no-referrer[\r][\n]"
2022-01-27_16:20:22.002 [main] DEBUG org.apache.http.wire -  << "Strict-Transport-Security: max-age=31536000 ; includeSubDomains[\r][\n]"
2022-01-27_16:20:22.002 [main] DEBUG org.apache.http.wire -  << "Date: Thu, 27 Jan 2022 10:50:21 GMT[\r][\n]"
2022-01-27_16:20:22.002 [main] DEBUG org.apache.http.wire -  << "Keep-Alive: timeout=60[\r][\n]"
2022-01-27_16:20:22.002 [main] DEBUG org.apache.http.wire -  << "Content-Type: application/json[\r][\n]"
2022-01-27_16:20:22.003 [main] DEBUG org.apache.http.wire -  << "Transfer-Encoding: chunked[\r][\n]"
2022-01-27_16:20:22.003 [main] DEBUG org.apache.http.wire -  << "Connection: keep-alive[\r][\n]"
2022-01-27_16:20:22.003 [main] DEBUG org.apache.http.wire -  << "[\r][\n]"
2022-01-27_16:20:22.004 [main] DEBUG o.a.h.i.conn.DefaultClientConnection - Receiving response: HTTP/1.1 200 
2022-01-27_16:20:22.004 [main] DEBUG org.apache.http.headers - << HTTP/1.1 200 
2022-01-27_16:20:22.004 [main] DEBUG org.apache.http.headers - << Access-Control-Allow-Methods: GET, POST
2022-01-27_16:20:22.004 [main] DEBUG org.apache.http.headers - << Access-Control-Allow-Origin: *
2022-01-27_16:20:22.004 [main] DEBUG org.apache.http.headers - << Content-Security-Policy: default-src 'none'
2022-01-27_16:20:22.004 [main] DEBUG org.apache.http.headers - << Feature-Policy: 'none'
2022-01-27_16:20:22.004 [main] DEBUG org.apache.http.headers - << Referrer-Policy: no-referrer
2022-01-27_16:20:22.004 [main] DEBUG org.apache.http.headers - << Strict-Transport-Security: max-age=31536000 ; includeSubDomains
2022-01-27_16:20:22.004 [main] DEBUG org.apache.http.headers - << Date: Thu, 27 Jan 2022 10:50:21 GMT
2022-01-27_16:20:22.004 [main] DEBUG org.apache.http.headers - << Keep-Alive: timeout=60
2022-01-27_16:20:22.004 [main] DEBUG org.apache.http.headers - << Content-Type: application/json
2022-01-27_16:20:22.004 [main] DEBUG org.apache.http.headers - << Transfer-Encoding: chunked
2022-01-27_16:20:22.004 [main] DEBUG org.apache.http.headers - << Connection: keep-alive
2022-01-27_16:20:22.009 [main] DEBUG o.a.h.impl.client.DefaultHttpClient - Connection can be kept alive for 60000 MILLISECONDS
2022-01-27_16:20:22.029 [main] DEBUG i.r.i.RequestSpecificationImpl$RestAssuredHttpBuilder - Parsing response as: application/json
2022-01-27_16:20:22.030 [main] DEBUG i.r.i.RequestSpecificationImpl$RestAssuredHttpBuilder - Parsed data to instance of: class org.apache.http.conn.EofSensorInputStream
2022-01-27_16:20:22.045 [main] INFO  com.qc.BaseAPI - Method :GET
2022-01-27_16:20:22.047 [main] INFO  com.qc.BaseAPI - URI :https://apitest.pineperks.in/auth/V1/generate/token
2022-01-27_16:20:22.047 [main] INFO  com.qc.BaseAPI - Headers :userName=A0aCcnPzDANtKmvSLPKcaw==
Accept=*/*
Content-Type=application/json; charset=UTF-8
2022-01-27_16:20:22.047 [main] INFO  com.qc.BaseAPI - Body :null
2022-01-27_16:20:22.047 [main] INFO  com.qc.BaseAPI - ********************RESPONSE********************
2022-01-27_16:20:22.057 [main] DEBUG org.apache.http.wire -  << "7f[\r][\n]"
2022-01-27_16:20:22.058 [main] DEBUG org.apache.http.wire -  << "{"accessToken":"12d388cc7b994bb3ae4b06cbe579e01d","tokenExpiryTime":"27-Jan-2024","responseCode":0,"responseMessage":"Success"}"
2022-01-27_16:20:22.059 [main] DEBUG org.apache.http.wire -  << "[\r][\n]"
2022-01-27_16:20:22.059 [main] DEBUG org.apache.http.wire -  << "0[\r][\n]"
2022-01-27_16:20:22.059 [main] DEBUG org.apache.http.wire -  << "[\r][\n]"
2022-01-27_16:20:22.059 [main] DEBUG o.a.h.i.c.BasicClientConnectionManager - Releasing connection org.apache.http.impl.conn.ManagedClientConnectionImpl@1a714d1
2022-01-27_16:20:22.059 [main] DEBUG o.a.h.i.c.BasicClientConnectionManager - Connection can be kept alive for 60000 MILLISECONDS
2022-01-27_16:20:22.116 [main] INFO  com.qc.BaseAPI - Response :{
    "accessToken": "12d388cc7b994bb3ae4b06cbe579e01d",
    "tokenExpiryTime": "27-Jan-2024",
    "responseCode": 0,
    "responseMessage": "Success"
}
2022-01-27_16:20:22.121 [main] INFO  com.qc.BaseAPI -  **** GET call Response time 3630 ms
2022-01-27_16:20:22.122 [main] INFO  pl.rest.service.Authorize - Time Taken to perform https://apitest.pineperks.in/auth/V1/generate/token transaction: 3630
2022-01-27_16:20:22.225 [main] INFO  com.qc.qa.utils.TestDataReader - Reading Json data authorizeHeaders
2022-01-27_16:20:22.229 [main] INFO  com.qc.qa.utils.TestDataReader - Reading json data from file @ testData/api/devAPIData.json
2022-01-27_16:20:22.256 [main] INFO  pl.rest.service.CardIssue - CardIssue Rest API URL :- https://apitest.pineperks.in/card/order/V1/instant/issue/nonreloadable/digital
2022-01-27_16:20:22.256 [main] INFO  com.qc.BaseAPI - POST call to URL https://apitest.pineperks.in/card/order/V1/instant/issue/nonreloadable/digital
2022-01-27_16:20:22.270 [main] INFO  com.qc.BaseAPI - ********************REQUEST********************
2022-01-27_16:20:22.304 [main] DEBUG o.a.h.i.c.BasicClientConnectionManager - Get connection for route {s}->https://apitest.pineperks.in:443
2022-01-27_16:20:22.304 [main] DEBUG o.a.h.i.c.DefaultClientConnectionOperator - Connecting to apitest.pineperks.in:443
2022-01-27_16:20:22.412 [main] DEBUG o.a.h.c.protocol.RequestAddCookies - CookieSpec selected: ignoreCookies
2022-01-27_16:20:22.412 [main] DEBUG o.a.h.c.protocol.RequestAuthCache - Auth cache not set in the context
2022-01-27_16:20:22.412 [main] DEBUG o.a.h.c.p.RequestTargetAuthentication - Target auth state: UNCHALLENGED
2022-01-27_16:20:22.412 [main] DEBUG o.a.h.c.p.RequestProxyAuthentication - Proxy auth state: UNCHALLENGED
2022-01-27_16:20:22.412 [main] DEBUG o.a.h.impl.client.DefaultHttpClient - Attempt 1 to execute request
2022-01-27_16:20:22.413 [main] DEBUG o.a.h.i.conn.DefaultClientConnection - Sending request: POST /card/order/V1/instant/issue/nonreloadable/digital HTTP/1.1
2022-01-27_16:20:22.413 [main] DEBUG org.apache.http.wire -  >> "POST /card/order/V1/instant/issue/nonreloadable/digital HTTP/1.1[\r][\n]"
2022-01-27_16:20:22.413 [main] DEBUG org.apache.http.wire -  >> "Accept: */*[\r][\n]"
2022-01-27_16:20:22.413 [main] DEBUG org.apache.http.wire -  >> "userName: A0aCcnPzDANtKmvSLPKcaw==[\r][\n]"
2022-01-27_16:20:22.413 [main] DEBUG org.apache.http.wire -  >> "token: 12d388cc7b994bb3ae4b06cbe579e01d[\r][\n]"
2022-01-27_16:20:22.413 [main] DEBUG org.apache.http.wire -  >> "Content-Type: application/json; charset=UTF-8[\r][\n]"
2022-01-27_16:20:22.413 [main] DEBUG org.apache.http.wire -  >> "Content-Length: 241[\r][\n]"
2022-01-27_16:20:22.413 [main] DEBUG org.apache.http.wire -  >> "Host: apitest.pineperks.in[\r][\n]"
2022-01-27_16:20:22.413 [main] DEBUG org.apache.http.wire -  >> "Connection: Keep-Alive[\r][\n]"
2022-01-27_16:20:22.413 [main] DEBUG org.apache.http.wire -  >> "User-Agent: Apache-HttpClient/4.5.2 (Java/1.8.0_202)[\r][\n]"
2022-01-27_16:20:22.413 [main] DEBUG org.apache.http.wire -  >> "Accept-Encoding: gzip,deflate[\r][\n]"
2022-01-27_16:20:22.413 [main] DEBUG org.apache.http.wire -  >> "[\r][\n]"
2022-01-27_16:20:22.414 [main] DEBUG org.apache.http.headers - >> POST /card/order/V1/instant/issue/nonreloadable/digital HTTP/1.1
2022-01-27_16:20:22.414 [main] DEBUG org.apache.http.headers - >> Accept: */*
2022-01-27_16:20:22.414 [main] DEBUG org.apache.http.headers - >> userName: A0aCcnPzDANtKmvSLPKcaw==
2022-01-27_16:20:22.414 [main] DEBUG org.apache.http.headers - >> token: 12d388cc7b994bb3ae4b06cbe579e01d
2022-01-27_16:20:22.414 [main] DEBUG org.apache.http.headers - >> Content-Type: application/json; charset=UTF-8
2022-01-27_16:20:22.414 [main] DEBUG org.apache.http.headers - >> Content-Length: 241
2022-01-27_16:20:22.414 [main] DEBUG org.apache.http.headers - >> Host: apitest.pineperks.in
2022-01-27_16:20:22.414 [main] DEBUG org.apache.http.headers - >> Connection: Keep-Alive
2022-01-27_16:20:22.414 [main] DEBUG org.apache.http.headers - >> User-Agent: Apache-HttpClient/4.5.2 (Java/1.8.0_202)
2022-01-27_16:20:22.414 [main] DEBUG org.apache.http.headers - >> Accept-Encoding: gzip,deflate
2022-01-27_16:20:22.414 [main] DEBUG org.apache.http.wire -  >> "{"isLinkToBeSentOnMobile":true,"checksum":"5x3GNrnStyS2PkMvV6EeAw==","cardDetailList":[{"amount":"1000","mobileNumber":"8284854535","customerName":"afzal","email":"afzal.ahmed@pinelabs.com"}],"externalRequestId":"bOZ9Pul","cardSchemeId":"7"}"
2022-01-27_16:20:22.802 [main] DEBUG org.apache.http.wire -  << "HTTP/1.1 200 [\r][\n]"
2022-01-27_16:20:22.802 [main] DEBUG org.apache.http.wire -  << "Access-Control-Allow-Methods: GET, POST[\r][\n]"
2022-01-27_16:20:22.802 [main] DEBUG org.apache.http.wire -  << "Access-Control-Allow-Origin: *[\r][\n]"
2022-01-27_16:20:22.802 [main] DEBUG org.apache.http.wire -  << "Content-Security-Policy: default-src 'none'[\r][\n]"
2022-01-27_16:20:22.802 [main] DEBUG org.apache.http.wire -  << "Feature-Policy: 'none'[\r][\n]"
2022-01-27_16:20:22.803 [main] DEBUG org.apache.http.wire -  << "Referrer-Policy: no-referrer[\r][\n]"
2022-01-27_16:20:22.803 [main] DEBUG org.apache.http.wire -  << "Strict-Transport-Security: max-age=31536000 ; includeSubDomains[\r][\n]"
2022-01-27_16:20:22.803 [main] DEBUG org.apache.http.wire -  << "Date: Thu, 27 Jan 2022 10:50:21 GMT[\r][\n]"
2022-01-27_16:20:22.803 [main] DEBUG org.apache.http.wire -  << "Keep-Alive: timeout=60[\r][\n]"
2022-01-27_16:20:22.803 [main] DEBUG org.apache.http.wire -  << "Content-Type: application/json[\r][\n]"
2022-01-27_16:20:22.803 [main] DEBUG org.apache.http.wire -  << "Transfer-Encoding: chunked[\r][\n]"
2022-01-27_16:20:22.803 [main] DEBUG org.apache.http.wire -  << "Connection: keep-alive[\r][\n]"
2022-01-27_16:20:22.803 [main] DEBUG org.apache.http.wire -  << "[\r][\n]"
2022-01-27_16:20:22.803 [main] DEBUG o.a.h.i.conn.DefaultClientConnection - Receiving response: HTTP/1.1 200 
2022-01-27_16:20:22.803 [main] DEBUG org.apache.http.headers - << HTTP/1.1 200 
2022-01-27_16:20:22.804 [main] DEBUG org.apache.http.headers - << Access-Control-Allow-Methods: GET, POST
2022-01-27_16:20:22.804 [main] DEBUG org.apache.http.headers - << Access-Control-Allow-Origin: *
2022-01-27_16:20:22.804 [main] DEBUG org.apache.http.headers - << Content-Security-Policy: default-src 'none'
2022-01-27_16:20:22.804 [main] DEBUG org.apache.http.headers - << Feature-Policy: 'none'
2022-01-27_16:20:22.804 [main] DEBUG org.apache.http.headers - << Referrer-Policy: no-referrer
2022-01-27_16:20:22.804 [main] DEBUG org.apache.http.headers - << Strict-Transport-Security: max-age=31536000 ; includeSubDomains
2022-01-27_16:20:22.804 [main] DEBUG org.apache.http.headers - << Date: Thu, 27 Jan 2022 10:50:21 GMT
2022-01-27_16:20:22.804 [main] DEBUG org.apache.http.headers - << Keep-Alive: timeout=60
2022-01-27_16:20:22.804 [main] DEBUG org.apache.http.headers - << Content-Type: application/json
2022-01-27_16:20:22.804 [main] DEBUG org.apache.http.headers - << Transfer-Encoding: chunked
2022-01-27_16:20:22.804 [main] DEBUG org.apache.http.headers - << Connection: keep-alive
2022-01-27_16:20:22.805 [main] DEBUG o.a.h.impl.client.DefaultHttpClient - Connection can be kept alive for 60000 MILLISECONDS
2022-01-27_16:20:22.805 [main] DEBUG i.r.i.RequestSpecificationImpl$RestAssuredHttpBuilder - Parsing response as: application/json
2022-01-27_16:20:22.805 [main] DEBUG i.r.i.RequestSpecificationImpl$RestAssuredHttpBuilder - Parsed data to instance of: class org.apache.http.conn.EofSensorInputStream
2022-01-27_16:20:22.807 [main] INFO  com.qc.BaseAPI - Method :POST
2022-01-27_16:20:22.809 [main] INFO  com.qc.BaseAPI - URI :https://apitest.pineperks.in/card/order/V1/instant/issue/nonreloadable/digital
2022-01-27_16:20:22.809 [main] INFO  com.qc.BaseAPI - Headers :token=12d388cc7b994bb3ae4b06cbe579e01d
userName=A0aCcnPzDANtKmvSLPKcaw==
Accept=*/*
Content-Type=application/json; charset=UTF-8
2022-01-27_16:20:22.809 [main] INFO  com.qc.BaseAPI - Body :{"isLinkToBeSentOnMobile":true,"checksum":"5x3GNrnStyS2PkMvV6EeAw==","cardDetailList":[{"amount":"1000","mobileNumber":"8284854535","customerName":"afzal","email":"afzal.ahmed@pinelabs.com"}],"externalRequestId":"bOZ9Pul","cardSchemeId":"7"}
2022-01-27_16:20:22.809 [main] INFO  com.qc.BaseAPI - ********************RESPONSE********************
2022-01-27_16:20:22.809 [main] DEBUG org.apache.http.wire -  << "1f2[\r][\n]"
2022-01-27_16:20:22.809 [main] DEBUG org.apache.http.wire -  << "{"externalRequestId":"bOZ9Pul","orderId":103021,"orderStatus":6,"cardDetailResponseList":[{"referenceNumber":2916318356,"serialNumber":10302100010001,"customerName":"afzal","mobileNumber":8284854535,"email":"afzal.ahmed@pinelabs.com","amount":1000,"cardLink":"test.pineperks.in/eCard?c=qim9rANy.1cwp9i7eZAOTw2","responseCode":0,"responseMessage":"Success"}],"successCount":1,"failedCount":0,"orderAmount":1000,"issuanceCharge":100,"netOrderAmount":1100,"responseCode":0,"responseMessage":"Success"}"
2022-01-27_16:20:22.809 [main] DEBUG org.apache.http.wire -  << "[\r][\n]"
2022-01-27_16:20:22.810 [main] DEBUG org.apache.http.wire -  << "0[\r][\n]"
2022-01-27_16:20:22.810 [main] DEBUG org.apache.http.wire -  << "[\r][\n]"
2022-01-27_16:20:22.810 [main] DEBUG o.a.h.i.c.BasicClientConnectionManager - Releasing connection org.apache.http.impl.conn.ManagedClientConnectionImpl@61e35ca3
2022-01-27_16:20:22.810 [main] DEBUG o.a.h.i.c.BasicClientConnectionManager - Connection can be kept alive for 60000 MILLISECONDS
2022-01-27_16:20:22.811 [main] INFO  com.qc.BaseAPI - Response :{
    "externalRequestId": "bOZ9Pul",
    "orderId": 103021,
    "orderStatus": 6,
    "cardDetailResponseList": [
        {
            "referenceNumber": 2916318356,
            "serialNumber": 10302100010001,
            "customerName": "afzal",
            "mobileNumber": 8284854535,
            "email": "afzal.ahmed@pinelabs.com",
            "amount": 1000,
            "cardLink": "test.pineperks.in/eCard?c=qim9rANy.1cwp9i7eZAOTw2",
            "responseCode": 0,
            "responseMessage": "Success"
        }
    ],
    "successCount": 1,
    "failedCount": 0,
    "orderAmount": 1000,
    "issuanceCharge": 100,
    "netOrderAmount": 1100,
    "responseCode": 0,
    "responseMessage": "Success"
}
2022-01-27_16:20:22.812 [main] INFO  com.qc.BaseAPI -  **** POST call Response time 534 ms
2022-01-27_16:20:22.812 [main] INFO  pl.rest.service.CardIssue - Time Taken to perform https://apitest.pineperks.in/card/order/V1/instant/issue/nonreloadable/digital transaction: 534
2022-01-27_16:20:23.423 [main] INFO  pl.rest.utils.DBUtils - Query being executed Select * from ExternalRequestDetail where ordersummaryid=103021;
2022-01-27_16:20:23.500 [main] ERROR com.qc.qa.utils.LoadProperties - Missing MySQLDBEnvironment property value in system property or in config.properties files.Please add it if incase required
2022-01-27_16:20:23.501 [main] INFO  com.qc.qa.dbutils.DBPoolProvider - Con pool Total - 400, idle - 0,  Num active - 0
2022-01-27_16:20:23.502 [main] INFO  com.qc.qa.dbutils.DBPoolProvider - Retrieved connection
2022-01-27_16:20:24.416 [main] INFO  pl.rest.utils.DBUtils - Query being executed Select * from ordersummary where ordersummaryid=103021;
2022-01-27_16:20:24.417 [main] INFO  com.qc.qa.dbutils.DBPoolProvider - Con pool Total - 400, idle - 1,  Num active - 0
2022-01-27_16:20:24.418 [main] INFO  com.qc.qa.dbutils.DBPoolProvider - Retrieved connection
2022-01-27_16:20:24.547 [main] INFO  pl.rest.utils.DBUtils - Query being executed Select * from giftcardtransaction where ordersummaryid=103021;
2022-01-27_16:20:24.547 [main] INFO  com.qc.qa.dbutils.DBPoolProvider - Con pool Total - 400, idle - 1,  Num active - 0
2022-01-27_16:20:24.547 [main] INFO  com.qc.qa.dbutils.DBPoolProvider - Retrieved connection
2022-01-27_16:20:24.666 [main] INFO  pl.rest.utils.DBUtils - Query being executed Select * from corporateaccounthistory where ordersummaryid=103021;
2022-01-27_16:20:24.666 [main] INFO  com.qc.qa.dbutils.DBPoolProvider - Con pool Total - 400, idle - 1,  Num active - 0
2022-01-27_16:20:24.666 [main] INFO  com.qc.qa.dbutils.DBPoolProvider - Retrieved connection
2022-01-27_16:20:24.751 [main] INFO  pl.rest.utils.DBUtils - Query being executed Select * from card where ordersummaryid=103021;
2022-01-27_16:20:24.752 [main] INFO  com.qc.qa.dbutils.DBPoolProvider - Con pool Total - 400, idle - 1,  Num active - 0
2022-01-27_16:20:24.752 [main] INFO  com.qc.qa.dbutils.DBPoolProvider - Retrieved connection
2022-01-27_16:20:24.870 [main] INFO  pl.rest.CustomHooks - SCENARIO NAME: Issuing a instant non reloadable card
2022-01-27_16:20:24.870 [main] INFO  pl.rest.CustomHooks - TAG NAMEs: [@Regression, @DB]
2022-01-27_16:20:24.871 [main] INFO  pl.rest.CustomHooks - SCENARIO NAME: Issuing a instant non reloadable card
2022-01-27_16:20:24.872 [main] INFO  pl.rest.CustomHooks - TAG NAMEs: [@Regression, @DB]
2022-01-27_16:20:24.872 [main] INFO  pl.rest.CustomHooks - Index: 0, Size: 0
2022-01-27_16:20:25.212 [main] INFO  pl.rest.service.Authorize - Authorize Rest API URL :- https://apitest.pineperks.in/auth/V1/generate/token
2022-01-27_16:20:25.212 [main] INFO  com.qc.BaseAPI - GET call to URL https://apitest.pineperks.in/auth/V1/generate/token
2022-01-27_16:20:25.219 [main] INFO  com.qc.BaseAPI - ********************REQUEST********************
2022-01-27_16:20:25.358 [Finalizer] DEBUG o.a.h.i.conn.DefaultClientConnection - Connection 0.0.0.0:61576<->14.143.120.84:443 closed
2022-01-27_16:20:25.361 [Finalizer] DEBUG o.a.h.i.conn.DefaultClientConnection - Connection 0.0.0.0:61575<->14.143.120.84:443 closed
2022-01-27_16:20:25.369 [main] DEBUG o.a.h.i.c.BasicClientConnectionManager - Get connection for route {s}->https://apitest.pineperks.in:443
2022-01-27_16:20:25.370 [main] DEBUG o.a.h.i.c.DefaultClientConnectionOperator - Connecting to apitest.pineperks.in:443
2022-01-27_16:20:25.483 [main] DEBUG o.a.h.c.protocol.RequestAddCookies - CookieSpec selected: ignoreCookies
2022-01-27_16:20:25.483 [main] DEBUG o.a.h.c.protocol.RequestAuthCache - Auth cache not set in the context
2022-01-27_16:20:25.484 [main] DEBUG o.a.h.c.p.RequestTargetAuthentication - Target auth state: UNCHALLENGED
2022-01-27_16:20:25.484 [main] DEBUG o.a.h.c.p.RequestProxyAuthentication - Proxy auth state: UNCHALLENGED
2022-01-27_16:20:25.484 [main] DEBUG o.a.h.impl.client.DefaultHttpClient - Attempt 1 to execute request
2022-01-27_16:20:25.484 [main] DEBUG o.a.h.i.conn.DefaultClientConnection - Sending request: GET /auth/V1/generate/token HTTP/1.1
2022-01-27_16:20:25.484 [main] DEBUG org.apache.http.wire -  >> "GET /auth/V1/generate/token HTTP/1.1[\r][\n]"
2022-01-27_16:20:25.485 [main] DEBUG org.apache.http.wire -  >> "Content-Type: application/json; charset=UTF-8[\r][\n]"
2022-01-27_16:20:25.486 [main] DEBUG org.apache.http.wire -  >> "Accept: */*[\r][\n]"
2022-01-27_16:20:25.486 [main] DEBUG org.apache.http.wire -  >> "userName: A0aCcnPzDANtKmvSLPKcaw==[\r][\n]"
2022-01-27_16:20:25.486 [main] DEBUG org.apache.http.wire -  >> "Host: apitest.pineperks.in[\r][\n]"
2022-01-27_16:20:25.486 [main] DEBUG org.apache.http.wire -  >> "Connection: Keep-Alive[\r][\n]"
2022-01-27_16:20:25.486 [main] DEBUG org.apache.http.wire -  >> "User-Agent: Apache-HttpClient/4.5.2 (Java/1.8.0_202)[\r][\n]"
2022-01-27_16:20:25.486 [main] DEBUG org.apache.http.wire -  >> "Accept-Encoding: gzip,deflate[\r][\n]"
2022-01-27_16:20:25.486 [main] DEBUG org.apache.http.wire -  >> "[\r][\n]"
2022-01-27_16:20:25.487 [main] DEBUG org.apache.http.headers - >> GET /auth/V1/generate/token HTTP/1.1
2022-01-27_16:20:25.487 [main] DEBUG org.apache.http.headers - >> Content-Type: application/json; charset=UTF-8
2022-01-27_16:20:25.487 [main] DEBUG org.apache.http.headers - >> Accept: */*
2022-01-27_16:20:25.487 [main] DEBUG org.apache.http.headers - >> userName: A0aCcnPzDANtKmvSLPKcaw==
2022-01-27_16:20:25.487 [main] DEBUG org.apache.http.headers - >> Host: apitest.pineperks.in
2022-01-27_16:20:25.488 [main] DEBUG org.apache.http.headers - >> Connection: Keep-Alive
2022-01-27_16:20:25.488 [main] DEBUG org.apache.http.headers - >> User-Agent: Apache-HttpClient/4.5.2 (Java/1.8.0_202)
2022-01-27_16:20:25.488 [main] DEBUG org.apache.http.headers - >> Accept-Encoding: gzip,deflate
2022-01-27_16:20:25.525 [main] DEBUG org.apache.http.wire -  << "HTTP/1.1 200 [\r][\n]"
2022-01-27_16:20:25.525 [main] DEBUG org.apache.http.wire -  << "Access-Control-Allow-Methods: GET, POST[\r][\n]"
2022-01-27_16:20:25.525 [main] DEBUG org.apache.http.wire -  << "Access-Control-Allow-Origin: *[\r][\n]"
2022-01-27_16:20:25.526 [main] DEBUG org.apache.http.wire -  << "Content-Security-Policy: default-src 'none'[\r][\n]"
2022-01-27_16:20:25.526 [main] DEBUG org.apache.http.wire -  << "Feature-Policy: 'none'[\r][\n]"
2022-01-27_16:20:25.526 [main] DEBUG org.apache.http.wire -  << "Referrer-Policy: no-referrer[\r][\n]"
2022-01-27_16:20:25.526 [main] DEBUG org.apache.http.wire -  << "Strict-Transport-Security: max-age=31536000 ; includeSubDomains[\r][\n]"
2022-01-27_16:20:25.526 [main] DEBUG org.apache.http.wire -  << "Date: Thu, 27 Jan 2022 10:50:25 GMT[\r][\n]"
2022-01-27_16:20:25.527 [main] DEBUG org.apache.http.wire -  << "Keep-Alive: timeout=60[\r][\n]"
2022-01-27_16:20:25.527 [main] DEBUG org.apache.http.wire -  << "Content-Type: application/json[\r][\n]"
2022-01-27_16:20:25.527 [main] DEBUG org.apache.http.wire -  << "Transfer-Encoding: chunked[\r][\n]"
2022-01-27_16:20:25.527 [main] DEBUG org.apache.http.wire -  << "Connection: keep-alive[\r][\n]"
2022-01-27_16:20:25.527 [main] DEBUG org.apache.http.wire -  << "[\r][\n]"
2022-01-27_16:20:25.527 [main] DEBUG o.a.h.i.conn.DefaultClientConnection - Receiving response: HTTP/1.1 200 
2022-01-27_16:20:25.528 [main] DEBUG org.apache.http.headers - << HTTP/1.1 200 
2022-01-27_16:20:25.528 [main] DEBUG org.apache.http.headers - << Access-Control-Allow-Methods: GET, POST
2022-01-27_16:20:25.528 [main] DEBUG org.apache.http.headers - << Access-Control-Allow-Origin: *
2022-01-27_16:20:25.528 [main] DEBUG org.apache.http.headers - << Content-Security-Policy: default-src 'none'
2022-01-27_16:20:25.529 [main] DEBUG org.apache.http.headers - << Feature-Policy: 'none'
2022-01-27_16:20:25.529 [main] DEBUG org.apache.http.headers - << Referrer-Policy: no-referrer
2022-01-27_16:20:25.529 [main] DEBUG org.apache.http.headers - << Strict-Transport-Security: max-age=31536000 ; includeSubDomains
2022-01-27_16:20:25.529 [main] DEBUG org.apache.http.headers - << Date: Thu, 27 Jan 2022 10:50:25 GMT
2022-01-27_16:20:25.529 [main] DEBUG org.apache.http.headers - << Keep-Alive: timeout=60
2022-01-27_16:20:25.529 [main] DEBUG org.apache.http.headers - << Content-Type: application/json
2022-01-27_16:20:25.529 [main] DEBUG org.apache.http.headers - << Transfer-Encoding: chunked
2022-01-27_16:20:25.529 [main] DEBUG org.apache.http.headers - << Connection: keep-alive
2022-01-27_16:20:25.530 [main] DEBUG o.a.h.impl.client.DefaultHttpClient - Connection can be kept alive for 60000 MILLISECONDS
2022-01-27_16:20:25.531 [main] DEBUG i.r.i.RequestSpecificationImpl$RestAssuredHttpBuilder - Parsing response as: application/json
2022-01-27_16:20:25.531 [main] DEBUG i.r.i.RequestSpecificationImpl$RestAssuredHttpBuilder - Parsed data to instance of: class org.apache.http.conn.EofSensorInputStream
2022-01-27_16:20:25.533 [main] INFO  com.qc.BaseAPI - Method :GET
2022-01-27_16:20:25.535 [main] INFO  com.qc.BaseAPI - URI :https://apitest.pineperks.in/auth/V1/generate/token
2022-01-27_16:20:25.535 [main] INFO  com.qc.BaseAPI - Headers :userName=A0aCcnPzDANtKmvSLPKcaw==
Accept=*/*
Content-Type=application/json; charset=UTF-8
2022-01-27_16:20:25.535 [main] INFO  com.qc.BaseAPI - Body :null
2022-01-27_16:20:25.535 [main] INFO  com.qc.BaseAPI - ********************RESPONSE********************
2022-01-27_16:20:25.535 [main] DEBUG org.apache.http.wire -  << "7f[\r][\n]"
2022-01-27_16:20:25.535 [main] DEBUG org.apache.http.wire -  << "{"accessToken":"61950ee5362d4f1dacaa871f0096f243","tokenExpiryTime":"27-Jan-2024","responseCode":0,"responseMessage":"Success"}"
2022-01-27_16:20:25.535 [main] DEBUG org.apache.http.wire -  << "[\r][\n]"
2022-01-27_16:20:25.536 [main] DEBUG org.apache.http.wire -  << "0[\r][\n]"
2022-01-27_16:20:25.536 [main] DEBUG org.apache.http.wire -  << "[\r][\n]"
2022-01-27_16:20:25.536 [main] DEBUG o.a.h.i.c.BasicClientConnectionManager - Releasing connection org.apache.http.impl.conn.ManagedClientConnectionImpl@9a89d95
2022-01-27_16:20:25.536 [main] DEBUG o.a.h.i.c.BasicClientConnectionManager - Connection can be kept alive for 60000 MILLISECONDS
2022-01-27_16:20:25.537 [main] INFO  com.qc.BaseAPI - Response :{
    "accessToken": "61950ee5362d4f1dacaa871f0096f243",
    "tokenExpiryTime": "27-Jan-2024",
    "responseCode": 0,
    "responseMessage": "Success"
}
2022-01-27_16:20:25.538 [main] INFO  com.qc.BaseAPI -  **** GET call Response time 177 ms
2022-01-27_16:20:25.538 [main] INFO  pl.rest.service.Authorize - Time Taken to perform https://apitest.pineperks.in/auth/V1/generate/token transaction: 177
2022-01-27_16:20:25.546 [main] INFO  com.qc.qa.utils.TestDataReader - Reading Json data authorizeHeaders
2022-01-27_16:20:25.552 [main] INFO  com.qc.qa.utils.TestDataReader - Reading json data from file @ testData/api/devAPIData.json
2022-01-27_16:20:25.558 [main] INFO  pl.rest.service.CardIssue - CardIssue Rest API URL :- https://apitest.pineperks.in/card/order/V2/instant/issue/nonreloadable/digital
2022-01-27_16:20:25.558 [main] INFO  com.qc.BaseAPI - POST call to URL https://apitest.pineperks.in/card/order/V2/instant/issue/nonreloadable/digital
2022-01-27_16:20:25.568 [main] INFO  com.qc.BaseAPI - ********************REQUEST********************
2022-01-27_16:20:25.583 [main] DEBUG o.a.h.i.c.BasicClientConnectionManager - Get connection for route {s}->https://apitest.pineperks.in:443
2022-01-27_16:20:25.583 [main] DEBUG o.a.h.i.c.DefaultClientConnectionOperator - Connecting to apitest.pineperks.in:443
2022-01-27_16:20:25.703 [main] DEBUG o.a.h.c.protocol.RequestAddCookies - CookieSpec selected: ignoreCookies
2022-01-27_16:20:25.703 [main] DEBUG o.a.h.c.protocol.RequestAuthCache - Auth cache not set in the context
2022-01-27_16:20:25.703 [main] DEBUG o.a.h.c.p.RequestTargetAuthentication - Target auth state: UNCHALLENGED
2022-01-27_16:20:25.703 [main] DEBUG o.a.h.c.p.RequestProxyAuthentication - Proxy auth state: UNCHALLENGED
2022-01-27_16:20:25.703 [main] DEBUG o.a.h.impl.client.DefaultHttpClient - Attempt 1 to execute request
2022-01-27_16:20:25.703 [main] DEBUG o.a.h.i.conn.DefaultClientConnection - Sending request: POST /card/order/V2/instant/issue/nonreloadable/digital HTTP/1.1
2022-01-27_16:20:25.703 [main] DEBUG org.apache.http.wire -  >> "POST /card/order/V2/instant/issue/nonreloadable/digital HTTP/1.1[\r][\n]"
2022-01-27_16:20:25.705 [main] DEBUG org.apache.http.wire -  >> "X-PinePerks-UserName: A0aCcnPzDANtKmvSLPKcaw==[\r][\n]"
2022-01-27_16:20:25.705 [main] DEBUG org.apache.http.wire -  >> "Accept: */*[\r][\n]"
2022-01-27_16:20:25.705 [main] DEBUG org.apache.http.wire -  >> "X-PinePerks-Token: 61950ee5362d4f1dacaa871f0096f243[\r][\n]"
2022-01-27_16:20:25.705 [main] DEBUG org.apache.http.wire -  >> "Content-Type: application/json; charset=UTF-8[\r][\n]"
2022-01-27_16:20:25.705 [main] DEBUG org.apache.http.wire -  >> "Content-Length: 211[\r][\n]"
2022-01-27_16:20:25.705 [main] DEBUG org.apache.http.wire -  >> "Host: apitest.pineperks.in[\r][\n]"
2022-01-27_16:20:25.705 [main] DEBUG org.apache.http.wire -  >> "Connection: Keep-Alive[\r][\n]"
2022-01-27_16:20:25.705 [main] DEBUG org.apache.http.wire -  >> "User-Agent: Apache-HttpClient/4.5.2 (Java/1.8.0_202)[\r][\n]"
2022-01-27_16:20:25.705 [main] DEBUG org.apache.http.wire -  >> "Accept-Encoding: gzip,deflate[\r][\n]"
2022-01-27_16:20:25.705 [main] DEBUG org.apache.http.wire -  >> "[\r][\n]"
2022-01-27_16:20:25.705 [main] DEBUG org.apache.http.headers - >> POST /card/order/V2/instant/issue/nonreloadable/digital HTTP/1.1
2022-01-27_16:20:25.705 [main] DEBUG org.apache.http.headers - >> X-PinePerks-UserName: A0aCcnPzDANtKmvSLPKcaw==
2022-01-27_16:20:25.705 [main] DEBUG org.apache.http.headers - >> Accept: */*
2022-01-27_16:20:25.705 [main] DEBUG org.apache.http.headers - >> X-PinePerks-Token: 61950ee5362d4f1dacaa871f0096f243
2022-01-27_16:20:25.705 [main] DEBUG org.apache.http.headers - >> Content-Type: application/json; charset=UTF-8
2022-01-27_16:20:25.705 [main] DEBUG org.apache.http.headers - >> Content-Length: 211
2022-01-27_16:20:25.705 [main] DEBUG org.apache.http.headers - >> Host: apitest.pineperks.in
2022-01-27_16:20:25.705 [main] DEBUG org.apache.http.headers - >> Connection: Keep-Alive
2022-01-27_16:20:25.705 [main] DEBUG org.apache.http.headers - >> User-Agent: Apache-HttpClient/4.5.2 (Java/1.8.0_202)
2022-01-27_16:20:25.705 [main] DEBUG org.apache.http.headers - >> Accept-Encoding: gzip,deflate
2022-01-27_16:20:25.707 [main] DEBUG org.apache.http.wire -  >> "{"checksum":"5x3GNrnStyS2PkMvV6EeAw==","cardDetailList":[{"amount":"1000","mobileNumber":"8284854535","customerName":"afzal","email":"afzal.ahmed@pinelabs.com"}],"externalRequestId":"WDPlGoQ","cardSchemeId":"7"}"
2022-01-27_16:20:26.068 [main] DEBUG org.apache.http.wire -  << "HTTP/1.1 200 [\r][\n]"
2022-01-27_16:20:26.069 [main] DEBUG org.apache.http.wire -  << "Access-Control-Allow-Methods: GET, POST[\r][\n]"
2022-01-27_16:20:26.069 [main] DEBUG org.apache.http.wire -  << "Access-Control-Allow-Origin: *[\r][\n]"
2022-01-27_16:20:26.069 [main] DEBUG org.apache.http.wire -  << "Content-Security-Policy: default-src 'none'[\r][\n]"
2022-01-27_16:20:26.069 [main] DEBUG org.apache.http.wire -  << "Feature-Policy: 'none'[\r][\n]"
2022-01-27_16:20:26.069 [main] DEBUG org.apache.http.wire -  << "Referrer-Policy: no-referrer[\r][\n]"
2022-01-27_16:20:26.069 [main] DEBUG org.apache.http.wire -  << "Strict-Transport-Security: max-age=31536000 ; includeSubDomains[\r][\n]"
2022-01-27_16:20:26.069 [main] DEBUG org.apache.http.wire -  << "Date: Thu, 27 Jan 2022 10:50:25 GMT[\r][\n]"
2022-01-27_16:20:26.070 [main] DEBUG org.apache.http.wire -  << "Keep-Alive: timeout=60[\r][\n]"
2022-01-27_16:20:26.070 [main] DEBUG org.apache.http.wire -  << "Content-Type: application/json[\r][\n]"
2022-01-27_16:20:26.070 [main] DEBUG org.apache.http.wire -  << "Transfer-Encoding: chunked[\r][\n]"
2022-01-27_16:20:26.070 [main] DEBUG org.apache.http.wire -  << "Connection: keep-alive[\r][\n]"
2022-01-27_16:20:26.070 [main] DEBUG org.apache.http.wire -  << "[\r][\n]"
2022-01-27_16:20:26.070 [main] DEBUG o.a.h.i.conn.DefaultClientConnection - Receiving response: HTTP/1.1 200 
2022-01-27_16:20:26.070 [main] DEBUG org.apache.http.headers - << HTTP/1.1 200 
2022-01-27_16:20:26.071 [main] DEBUG org.apache.http.headers - << Access-Control-Allow-Methods: GET, POST
2022-01-27_16:20:26.071 [main] DEBUG org.apache.http.headers - << Access-Control-Allow-Origin: *
2022-01-27_16:20:26.071 [main] DEBUG org.apache.http.headers - << Content-Security-Policy: default-src 'none'
2022-01-27_16:20:26.071 [main] DEBUG org.apache.http.headers - << Feature-Policy: 'none'
2022-01-27_16:20:26.071 [main] DEBUG org.apache.http.headers - << Referrer-Policy: no-referrer
2022-01-27_16:20:26.071 [main] DEBUG org.apache.http.headers - << Strict-Transport-Security: max-age=31536000 ; includeSubDomains
2022-01-27_16:20:26.071 [main] DEBUG org.apache.http.headers - << Date: Thu, 27 Jan 2022 10:50:25 GMT
2022-01-27_16:20:26.071 [main] DEBUG org.apache.http.headers - << Keep-Alive: timeout=60
2022-01-27_16:20:26.072 [main] DEBUG org.apache.http.headers - << Content-Type: application/json
2022-01-27_16:20:26.072 [main] DEBUG org.apache.http.headers - << Transfer-Encoding: chunked
2022-01-27_16:20:26.072 [main] DEBUG org.apache.http.headers - << Connection: keep-alive
2022-01-27_16:20:26.072 [main] DEBUG o.a.h.impl.client.DefaultHttpClient - Connection can be kept alive for 60000 MILLISECONDS
2022-01-27_16:20:26.073 [main] DEBUG i.r.i.RequestSpecificationImpl$RestAssuredHttpBuilder - Parsing response as: application/json
2022-01-27_16:20:26.073 [main] DEBUG i.r.i.RequestSpecificationImpl$RestAssuredHttpBuilder - Parsed data to instance of: class org.apache.http.conn.EofSensorInputStream
2022-01-27_16:20:26.074 [main] INFO  com.qc.BaseAPI - Method :POST
2022-01-27_16:20:26.076 [main] INFO  com.qc.BaseAPI - URI :https://apitest.pineperks.in/card/order/V2/instant/issue/nonreloadable/digital
2022-01-27_16:20:26.077 [main] INFO  com.qc.BaseAPI - Headers :X-PinePerks-Token=61950ee5362d4f1dacaa871f0096f243
X-PinePerks-UserName=A0aCcnPzDANtKmvSLPKcaw==
Accept=*/*
Content-Type=application/json; charset=UTF-8
2022-01-27_16:20:26.077 [main] INFO  com.qc.BaseAPI - Body :{"checksum":"5x3GNrnStyS2PkMvV6EeAw==","cardDetailList":[{"amount":"1000","mobileNumber":"8284854535","customerName":"afzal","email":"afzal.ahmed@pinelabs.com"}],"externalRequestId":"WDPlGoQ","cardSchemeId":"7"}
2022-01-27_16:20:26.077 [main] INFO  com.qc.BaseAPI - ********************RESPONSE********************
2022-01-27_16:20:26.077 [main] DEBUG org.apache.http.wire -  << "1f2[\r][\n]"
2022-01-27_16:20:26.077 [main] DEBUG org.apache.http.wire -  << "{"externalRequestId":"WDPlGoQ","orderId":103022,"orderStatus":6,"cardDetailResponseList":[{"referenceNumber":2369582787,"serialNumber":10302200010001,"customerName":"afzal","mobileNumber":8284854535,"email":"afzal.ahmed@pinelabs.com","amount":1000,"cardLink":"test.pineperks.in/eCard?c=Qblpi17zfjj8QaQTFSKOcg2","responseCode":0,"responseMessage":"Success"}],"successCount":1,"failedCount":0,"orderAmount":1000,"issuanceCharge":100,"netOrderAmount":1100,"responseCode":0,"responseMessage":"Success"}"
2022-01-27_16:20:26.079 [main] DEBUG org.apache.http.wire -  << "[\r][\n]"
2022-01-27_16:20:26.079 [main] DEBUG org.apache.http.wire -  << "0[\r][\n]"
2022-01-27_16:20:26.079 [main] DEBUG org.apache.http.wire -  << "[\r][\n]"
2022-01-27_16:20:26.079 [main] DEBUG o.a.h.i.c.BasicClientConnectionManager - Releasing connection org.apache.http.impl.conn.ManagedClientConnectionImpl@3e680764
2022-01-27_16:20:26.080 [main] DEBUG o.a.h.i.c.BasicClientConnectionManager - Connection can be kept alive for 60000 MILLISECONDS
2022-01-27_16:20:26.081 [main] INFO  com.qc.BaseAPI - Response :{
    "externalRequestId": "WDPlGoQ",
    "orderId": 103022,
    "orderStatus": 6,
    "cardDetailResponseList": [
        {
            "referenceNumber": 2369582787,
            "serialNumber": 10302200010001,
            "customerName": "afzal",
            "mobileNumber": 8284854535,
            "email": "afzal.ahmed@pinelabs.com",
            "amount": 1000,
            "cardLink": "test.pineperks.in/eCard?c=Qblpi17zfjj8QaQTFSKOcg2",
            "responseCode": 0,
            "responseMessage": "Success"
        }
    ],
    "successCount": 1,
    "failedCount": 0,
    "orderAmount": 1000,
    "issuanceCharge": 100,
    "netOrderAmount": 1100,
    "responseCode": 0,
    "responseMessage": "Success"
}
2022-01-27_16:20:26.081 [main] INFO  com.qc.BaseAPI -  **** POST call Response time 504 ms
2022-01-27_16:20:26.081 [main] INFO  pl.rest.service.CardIssue - Time Taken to perform https://apitest.pineperks.in/card/order/V2/instant/issue/nonreloadable/digital transaction: 504
