2021-12-24_11:10:52.932 [main] INFO  pl.rest.CustomHooks - SCENARIO NAME: Validating the response of the card card detail API with the database
2021-12-24_11:10:52.936 [main] INFO  pl.rest.CustomHooks - TAG NAMEs: [@Regression, @DB]
2021-12-24_11:10:52.942 [main] INFO  pl.rest.CustomHooks - SCENARIO NAME: Validating the response of the card card detail API with the database
2021-12-24_11:10:52.942 [main] INFO  pl.rest.CustomHooks - TAG NAMEs: [@Regression, @DB]
2021-12-24_11:10:53.019 [main] INFO  pl.rest.CustomHooks - Index: 0, Size: 0
2021-12-24_11:10:55.299 [main] INFO  com.qc.qa.utils.TestDataReader - Reading API Test Data config values from  testData/api/devAPITestData.properties
2021-12-24_11:10:55.319 [main] INFO  pl.rest.service.Authorize - Authorize Rest API URL :- https://apitest.pineperks.in/auth/V1/generate/token
2021-12-24_11:10:55.319 [main] INFO  com.qc.BaseAPI - GET call to URL https://apitest.pineperks.in/auth/V1/generate/token
2021-12-24_11:10:55.729 [main] INFO  com.qc.BaseAPI - ********************REQUEST********************
2021-12-24_11:10:58.022 [main] DEBUG o.a.h.i.c.BasicClientConnectionManager - Get connection for route {s}->https://apitest.pineperks.in:443
2021-12-24_11:10:58.172 [main] DEBUG o.a.h.i.c.DefaultClientConnectionOperator - Connecting to apitest.pineperks.in:443
2021-12-24_11:10:58.391 [main] DEBUG o.a.h.c.protocol.RequestAddCookies - CookieSpec selected: ignoreCookies
2021-12-24_11:10:58.394 [main] DEBUG o.a.h.c.protocol.RequestAuthCache - Auth cache not set in the context
2021-12-24_11:10:58.395 [main] DEBUG o.a.h.c.p.RequestTargetAuthentication - Target auth state: UNCHALLENGED
2021-12-24_11:10:58.396 [main] DEBUG o.a.h.c.p.RequestProxyAuthentication - Proxy auth state: UNCHALLENGED
2021-12-24_11:10:58.396 [main] DEBUG o.a.h.impl.client.DefaultHttpClient - Attempt 1 to execute request
2021-12-24_11:10:58.397 [main] DEBUG o.a.h.i.conn.DefaultClientConnection - Sending request: GET /auth/V1/generate/token HTTP/1.1
2021-12-24_11:10:58.397 [main] DEBUG org.apache.http.wire -  >> "GET /auth/V1/generate/token HTTP/1.1[\r][\n]"
2021-12-24_11:10:58.399 [main] DEBUG org.apache.http.wire -  >> "Content-Type: application/json; charset=UTF-8[\r][\n]"
2021-12-24_11:10:58.399 [main] DEBUG org.apache.http.wire -  >> "Accept: */*[\r][\n]"
2021-12-24_11:10:58.399 [main] DEBUG org.apache.http.wire -  >> "userName: A0aCcnPzDANtKmvSLPKcaw==[\r][\n]"
2021-12-24_11:10:58.399 [main] DEBUG org.apache.http.wire -  >> "Host: apitest.pineperks.in[\r][\n]"
2021-12-24_11:10:58.400 [main] DEBUG org.apache.http.wire -  >> "Connection: Keep-Alive[\r][\n]"
2021-12-24_11:10:58.400 [main] DEBUG org.apache.http.wire -  >> "User-Agent: Apache-HttpClient/4.5.2 (Java/1.8.0_202)[\r][\n]"
2021-12-24_11:10:58.400 [main] DEBUG org.apache.http.wire -  >> "Accept-Encoding: gzip,deflate[\r][\n]"
2021-12-24_11:10:58.400 [main] DEBUG org.apache.http.wire -  >> "[\r][\n]"
2021-12-24_11:10:58.401 [main] DEBUG org.apache.http.headers - >> GET /auth/V1/generate/token HTTP/1.1
2021-12-24_11:10:58.401 [main] DEBUG org.apache.http.headers - >> Content-Type: application/json; charset=UTF-8
2021-12-24_11:10:58.401 [main] DEBUG org.apache.http.headers - >> Accept: */*
2021-12-24_11:10:58.401 [main] DEBUG org.apache.http.headers - >> userName: A0aCcnPzDANtKmvSLPKcaw==
2021-12-24_11:10:58.401 [main] DEBUG org.apache.http.headers - >> Host: apitest.pineperks.in
2021-12-24_11:10:58.401 [main] DEBUG org.apache.http.headers - >> Connection: Keep-Alive
2021-12-24_11:10:58.402 [main] DEBUG org.apache.http.headers - >> User-Agent: Apache-HttpClient/4.5.2 (Java/1.8.0_202)
2021-12-24_11:10:58.402 [main] DEBUG org.apache.http.headers - >> Accept-Encoding: gzip,deflate
2021-12-24_11:10:58.511 [main] DEBUG org.apache.http.wire -  << "HTTP/1.1 200 [\r][\n]"
2021-12-24_11:10:58.513 [main] DEBUG org.apache.http.wire -  << "Access-Control-Allow-Methods: GET, POST[\r][\n]"
2021-12-24_11:10:58.513 [main] DEBUG org.apache.http.wire -  << "Access-Control-Allow-Origin: *[\r][\n]"
2021-12-24_11:10:58.513 [main] DEBUG org.apache.http.wire -  << "Content-Security-Policy: default-src 'none'[\r][\n]"
2021-12-24_11:10:58.513 [main] DEBUG org.apache.http.wire -  << "Feature-Policy: 'none'[\r][\n]"
2021-12-24_11:10:58.514 [main] DEBUG org.apache.http.wire -  << "Referrer-Policy: no-referrer[\r][\n]"
2021-12-24_11:10:58.514 [main] DEBUG org.apache.http.wire -  << "Strict-Transport-Security: max-age=31536000 ; includeSubDomains[\r][\n]"
2021-12-24_11:10:58.514 [main] DEBUG org.apache.http.wire -  << "Date: Fri, 24 Dec 2021 05:40:58 GMT[\r][\n]"
2021-12-24_11:10:58.514 [main] DEBUG org.apache.http.wire -  << "Keep-Alive: timeout=60[\r][\n]"
2021-12-24_11:10:58.515 [main] DEBUG org.apache.http.wire -  << "Content-Type: application/json[\r][\n]"
2021-12-24_11:10:58.515 [main] DEBUG org.apache.http.wire -  << "Transfer-Encoding: chunked[\r][\n]"
2021-12-24_11:10:58.515 [main] DEBUG org.apache.http.wire -  << "Connection: keep-alive[\r][\n]"
2021-12-24_11:10:58.515 [main] DEBUG org.apache.http.wire -  << "[\r][\n]"
2021-12-24_11:10:58.516 [main] DEBUG o.a.h.i.conn.DefaultClientConnection - Receiving response: HTTP/1.1 200 
2021-12-24_11:10:58.516 [main] DEBUG org.apache.http.headers - << HTTP/1.1 200 
2021-12-24_11:10:58.516 [main] DEBUG org.apache.http.headers - << Access-Control-Allow-Methods: GET, POST
2021-12-24_11:10:58.516 [main] DEBUG org.apache.http.headers - << Access-Control-Allow-Origin: *
2021-12-24_11:10:58.516 [main] DEBUG org.apache.http.headers - << Content-Security-Policy: default-src 'none'
2021-12-24_11:10:58.517 [main] DEBUG org.apache.http.headers - << Feature-Policy: 'none'
2021-12-24_11:10:58.517 [main] DEBUG org.apache.http.headers - << Referrer-Policy: no-referrer
2021-12-24_11:10:58.517 [main] DEBUG org.apache.http.headers - << Strict-Transport-Security: max-age=31536000 ; includeSubDomains
2021-12-24_11:10:58.517 [main] DEBUG org.apache.http.headers - << Date: Fri, 24 Dec 2021 05:40:58 GMT
2021-12-24_11:10:58.517 [main] DEBUG org.apache.http.headers - << Keep-Alive: timeout=60
2021-12-24_11:10:58.517 [main] DEBUG org.apache.http.headers - << Content-Type: application/json
2021-12-24_11:10:58.517 [main] DEBUG org.apache.http.headers - << Transfer-Encoding: chunked
2021-12-24_11:10:58.517 [main] DEBUG org.apache.http.headers - << Connection: keep-alive
2021-12-24_11:10:58.523 [main] DEBUG o.a.h.impl.client.DefaultHttpClient - Connection can be kept alive for 60000 MILLISECONDS
2021-12-24_11:10:58.543 [main] DEBUG i.r.i.RequestSpecificationImpl$RestAssuredHttpBuilder - Parsing response as: application/json
2021-12-24_11:10:58.544 [main] DEBUG i.r.i.RequestSpecificationImpl$RestAssuredHttpBuilder - Parsed data to instance of: class org.apache.http.conn.EofSensorInputStream
2021-12-24_11:10:58.561 [main] INFO  com.qc.BaseAPI - Method :GET
2021-12-24_11:10:58.563 [main] INFO  com.qc.BaseAPI - URI :https://apitest.pineperks.in/auth/V1/generate/token
2021-12-24_11:10:58.563 [main] INFO  com.qc.BaseAPI - Headers :userName=A0aCcnPzDANtKmvSLPKcaw==
Accept=*/*
Content-Type=application/json; charset=UTF-8
2021-12-24_11:10:58.563 [main] INFO  com.qc.BaseAPI - Body :null
2021-12-24_11:10:58.563 [main] INFO  com.qc.BaseAPI - ********************RESPONSE********************
2021-12-24_11:10:58.576 [main] DEBUG org.apache.http.wire -  << "7f[\r][\n]"
2021-12-24_11:10:58.576 [main] DEBUG org.apache.http.wire -  << "{"accessToken":"edc3b552855b461792205ed5007c9138","tokenExpiryTime":"25-Dec-2021","responseCode":0,"responseMessage":"Success"}"
2021-12-24_11:10:58.577 [main] DEBUG org.apache.http.wire -  << "[\r][\n]"
2021-12-24_11:10:58.577 [main] DEBUG org.apache.http.wire -  << "0[\r][\n]"
2021-12-24_11:10:58.577 [main] DEBUG org.apache.http.wire -  << "[\r][\n]"
2021-12-24_11:10:58.578 [main] DEBUG o.a.h.i.c.BasicClientConnectionManager - Releasing connection org.apache.http.impl.conn.ManagedClientConnectionImpl@1d4451b4
2021-12-24_11:10:58.578 [main] DEBUG o.a.h.i.c.BasicClientConnectionManager - Connection can be kept alive for 60000 MILLISECONDS
2021-12-24_11:10:58.614 [main] INFO  com.qc.BaseAPI - Response :{
    "accessToken": "edc3b552855b461792205ed5007c9138",
    "tokenExpiryTime": "25-Dec-2021",
    "responseCode": 0,
    "responseMessage": "Success"
}
2021-12-24_11:10:58.617 [main] INFO  com.qc.BaseAPI -  **** GET call Response time 2807 ms
2021-12-24_11:10:58.618 [main] INFO  pl.rest.service.Authorize - Time Taken to perform https://apitest.pineperks.in/auth/V1/generate/token transaction: 2807
2021-12-24_11:10:58.750 [main] INFO  pl.rest.CustomHooks - SCENARIO NAME: Issuing a non reloadable card and validation data with the card detail API response
2021-12-24_11:10:58.750 [main] INFO  pl.rest.CustomHooks - TAG NAMEs: [@Regression]
2021-12-24_11:10:58.751 [main] INFO  pl.rest.CustomHooks - SCENARIO NAME: Issuing a non reloadable card and validation data with the card detail API response
2021-12-24_11:10:58.751 [main] INFO  pl.rest.CustomHooks - TAG NAMEs: [@Regression]
2021-12-24_11:10:58.751 [main] INFO  pl.rest.CustomHooks - Index: 0, Size: 0
2021-12-24_11:10:59.364 [main] INFO  pl.rest.service.Authorize - Authorize Rest API URL :- https://apitest.pineperks.in/auth/V1/generate/token
2021-12-24_11:10:59.364 [main] INFO  com.qc.BaseAPI - GET call to URL https://apitest.pineperks.in/auth/V1/generate/token
2021-12-24_11:10:59.370 [main] INFO  com.qc.BaseAPI - ********************REQUEST********************
2021-12-24_11:10:59.391 [main] DEBUG o.a.h.i.c.BasicClientConnectionManager - Get connection for route {s}->https://apitest.pineperks.in:443
2021-12-24_11:10:59.392 [main] DEBUG o.a.h.i.c.DefaultClientConnectionOperator - Connecting to apitest.pineperks.in:443
2021-12-24_11:10:59.508 [main] DEBUG o.a.h.c.protocol.RequestAddCookies - CookieSpec selected: ignoreCookies
2021-12-24_11:10:59.509 [main] DEBUG o.a.h.c.protocol.RequestAuthCache - Auth cache not set in the context
2021-12-24_11:10:59.509 [main] DEBUG o.a.h.c.p.RequestTargetAuthentication - Target auth state: UNCHALLENGED
2021-12-24_11:10:59.509 [main] DEBUG o.a.h.c.p.RequestProxyAuthentication - Proxy auth state: UNCHALLENGED
2021-12-24_11:10:59.509 [main] DEBUG o.a.h.impl.client.DefaultHttpClient - Attempt 1 to execute request
2021-12-24_11:10:59.509 [main] DEBUG o.a.h.i.conn.DefaultClientConnection - Sending request: GET /auth/V1/generate/token HTTP/1.1
2021-12-24_11:10:59.510 [main] DEBUG org.apache.http.wire -  >> "GET /auth/V1/generate/token HTTP/1.1[\r][\n]"
2021-12-24_11:10:59.510 [main] DEBUG org.apache.http.wire -  >> "Content-Type: application/json; charset=UTF-8[\r][\n]"
2021-12-24_11:10:59.510 [main] DEBUG org.apache.http.wire -  >> "Accept: */*[\r][\n]"
2021-12-24_11:10:59.510 [main] DEBUG org.apache.http.wire -  >> "userName: A0aCcnPzDANtKmvSLPKcaw==[\r][\n]"
2021-12-24_11:10:59.511 [main] DEBUG org.apache.http.wire -  >> "Host: apitest.pineperks.in[\r][\n]"
2021-12-24_11:10:59.511 [main] DEBUG org.apache.http.wire -  >> "Connection: Keep-Alive[\r][\n]"
2021-12-24_11:10:59.511 [main] DEBUG org.apache.http.wire -  >> "User-Agent: Apache-HttpClient/4.5.2 (Java/1.8.0_202)[\r][\n]"
2021-12-24_11:10:59.511 [main] DEBUG org.apache.http.wire -  >> "Accept-Encoding: gzip,deflate[\r][\n]"
2021-12-24_11:10:59.511 [main] DEBUG org.apache.http.wire -  >> "[\r][\n]"
2021-12-24_11:10:59.511 [main] DEBUG org.apache.http.headers - >> GET /auth/V1/generate/token HTTP/1.1
2021-12-24_11:10:59.511 [main] DEBUG org.apache.http.headers - >> Content-Type: application/json; charset=UTF-8
2021-12-24_11:10:59.511 [main] DEBUG org.apache.http.headers - >> Accept: */*
2021-12-24_11:10:59.511 [main] DEBUG org.apache.http.headers - >> userName: A0aCcnPzDANtKmvSLPKcaw==
2021-12-24_11:10:59.511 [main] DEBUG org.apache.http.headers - >> Host: apitest.pineperks.in
2021-12-24_11:10:59.511 [main] DEBUG org.apache.http.headers - >> Connection: Keep-Alive
2021-12-24_11:10:59.512 [main] DEBUG org.apache.http.headers - >> User-Agent: Apache-HttpClient/4.5.2 (Java/1.8.0_202)
2021-12-24_11:10:59.512 [main] DEBUG org.apache.http.headers - >> Accept-Encoding: gzip,deflate
2021-12-24_11:10:59.537 [main] DEBUG org.apache.http.wire -  << "HTTP/1.1 200 [\r][\n]"
2021-12-24_11:10:59.538 [main] DEBUG org.apache.http.wire -  << "Access-Control-Allow-Methods: GET, POST[\r][\n]"
2021-12-24_11:10:59.538 [main] DEBUG org.apache.http.wire -  << "Access-Control-Allow-Origin: *[\r][\n]"
2021-12-24_11:10:59.538 [main] DEBUG org.apache.http.wire -  << "Content-Security-Policy: default-src 'none'[\r][\n]"
2021-12-24_11:10:59.538 [main] DEBUG org.apache.http.wire -  << "Feature-Policy: 'none'[\r][\n]"
2021-12-24_11:10:59.539 [main] DEBUG org.apache.http.wire -  << "Referrer-Policy: no-referrer[\r][\n]"
2021-12-24_11:10:59.539 [main] DEBUG org.apache.http.wire -  << "Strict-Transport-Security: max-age=31536000 ; includeSubDomains[\r][\n]"
2021-12-24_11:10:59.539 [main] DEBUG org.apache.http.wire -  << "Date: Fri, 24 Dec 2021 05:40:59 GMT[\r][\n]"
2021-12-24_11:10:59.539 [main] DEBUG org.apache.http.wire -  << "Keep-Alive: timeout=60[\r][\n]"
2021-12-24_11:10:59.539 [main] DEBUG org.apache.http.wire -  << "Content-Type: application/json[\r][\n]"
2021-12-24_11:10:59.539 [main] DEBUG org.apache.http.wire -  << "Transfer-Encoding: chunked[\r][\n]"
2021-12-24_11:10:59.539 [main] DEBUG org.apache.http.wire -  << "Connection: keep-alive[\r][\n]"
2021-12-24_11:10:59.539 [main] DEBUG org.apache.http.wire -  << "[\r][\n]"
2021-12-24_11:10:59.540 [main] DEBUG o.a.h.i.conn.DefaultClientConnection - Receiving response: HTTP/1.1 200 
2021-12-24_11:10:59.540 [main] DEBUG org.apache.http.headers - << HTTP/1.1 200 
2021-12-24_11:10:59.540 [main] DEBUG org.apache.http.headers - << Access-Control-Allow-Methods: GET, POST
2021-12-24_11:10:59.540 [main] DEBUG org.apache.http.headers - << Access-Control-Allow-Origin: *
2021-12-24_11:10:59.540 [main] DEBUG org.apache.http.headers - << Content-Security-Policy: default-src 'none'
2021-12-24_11:10:59.541 [main] DEBUG org.apache.http.headers - << Feature-Policy: 'none'
2021-12-24_11:10:59.541 [main] DEBUG org.apache.http.headers - << Referrer-Policy: no-referrer
2021-12-24_11:10:59.541 [main] DEBUG org.apache.http.headers - << Strict-Transport-Security: max-age=31536000 ; includeSubDomains
2021-12-24_11:10:59.541 [main] DEBUG org.apache.http.headers - << Date: Fri, 24 Dec 2021 05:40:59 GMT
2021-12-24_11:10:59.541 [main] DEBUG org.apache.http.headers - << Keep-Alive: timeout=60
2021-12-24_11:10:59.541 [main] DEBUG org.apache.http.headers - << Content-Type: application/json
2021-12-24_11:10:59.541 [main] DEBUG org.apache.http.headers - << Transfer-Encoding: chunked
2021-12-24_11:10:59.541 [main] DEBUG org.apache.http.headers - << Connection: keep-alive
2021-12-24_11:10:59.541 [main] DEBUG o.a.h.impl.client.DefaultHttpClient - Connection can be kept alive for 60000 MILLISECONDS
2021-12-24_11:10:59.542 [main] DEBUG i.r.i.RequestSpecificationImpl$RestAssuredHttpBuilder - Parsing response as: application/json
2021-12-24_11:10:59.542 [main] DEBUG i.r.i.RequestSpecificationImpl$RestAssuredHttpBuilder - Parsed data to instance of: class org.apache.http.conn.EofSensorInputStream
2021-12-24_11:10:59.544 [main] INFO  com.qc.BaseAPI - Method :GET
2021-12-24_11:10:59.546 [main] INFO  com.qc.BaseAPI - URI :https://apitest.pineperks.in/auth/V1/generate/token
2021-12-24_11:10:59.547 [main] INFO  com.qc.BaseAPI - Headers :userName=A0aCcnPzDANtKmvSLPKcaw==
Accept=*/*
Content-Type=application/json; charset=UTF-8
2021-12-24_11:10:59.547 [main] INFO  com.qc.BaseAPI - Body :null
2021-12-24_11:10:59.547 [main] INFO  com.qc.BaseAPI - ********************RESPONSE********************
2021-12-24_11:10:59.547 [main] DEBUG org.apache.http.wire -  << "7f[\r][\n]"
2021-12-24_11:10:59.547 [main] DEBUG org.apache.http.wire -  << "{"accessToken":"b7001895a8ea4447a70a8ac64e861cba","tokenExpiryTime":"25-Dec-2021","responseCode":0,"responseMessage":"Success"}"
2021-12-24_11:10:59.547 [main] DEBUG org.apache.http.wire -  << "[\r][\n]"
2021-12-24_11:10:59.548 [main] DEBUG org.apache.http.wire -  << "0[\r][\n]"
2021-12-24_11:10:59.548 [main] DEBUG org.apache.http.wire -  << "[\r][\n]"
2021-12-24_11:10:59.548 [main] DEBUG o.a.h.i.c.BasicClientConnectionManager - Releasing connection org.apache.http.impl.conn.ManagedClientConnectionImpl@9efa3e3
2021-12-24_11:10:59.548 [main] DEBUG o.a.h.i.c.BasicClientConnectionManager - Connection can be kept alive for 60000 MILLISECONDS
2021-12-24_11:10:59.549 [main] INFO  com.qc.BaseAPI - Response :{
    "accessToken": "b7001895a8ea4447a70a8ac64e861cba",
    "tokenExpiryTime": "25-Dec-2021",
    "responseCode": 0,
    "responseMessage": "Success"
}
2021-12-24_11:10:59.550 [main] INFO  com.qc.BaseAPI -  **** GET call Response time 168 ms
2021-12-24_11:10:59.550 [main] INFO  pl.rest.service.Authorize - Time Taken to perform https://apitest.pineperks.in/auth/V1/generate/token transaction: 168
2021-12-24_11:10:59.565 [main] INFO  com.qc.qa.utils.TestDataReader - Reading Json data authorizeHeaders
2021-12-24_11:10:59.570 [main] INFO  com.qc.qa.utils.TestDataReader - Reading json data from file @ testData/api/devAPIData.json
2021-12-24_11:10:59.604 [main] INFO  pl.rest.service.CardIssue - CardIssue Rest API URL :- https://apitest.pineperks.in/card/order/V1/instant/issue/nonreloadable/digital
2021-12-24_11:10:59.604 [main] INFO  com.qc.BaseAPI - POST call to URL https://apitest.pineperks.in/card/order/V1/instant/issue/nonreloadable/digital
2021-12-24_11:10:59.620 [main] INFO  com.qc.BaseAPI - ********************REQUEST********************
2021-12-24_11:10:59.670 [main] DEBUG o.a.h.i.c.BasicClientConnectionManager - Get connection for route {s}->https://apitest.pineperks.in:443
2021-12-24_11:10:59.670 [main] DEBUG o.a.h.i.c.DefaultClientConnectionOperator - Connecting to apitest.pineperks.in:443
2021-12-24_11:10:59.787 [main] DEBUG o.a.h.c.protocol.RequestAddCookies - CookieSpec selected: ignoreCookies
2021-12-24_11:10:59.787 [main] DEBUG o.a.h.c.protocol.RequestAuthCache - Auth cache not set in the context
2021-12-24_11:10:59.787 [main] DEBUG o.a.h.c.p.RequestTargetAuthentication - Target auth state: UNCHALLENGED
2021-12-24_11:10:59.787 [main] DEBUG o.a.h.c.p.RequestProxyAuthentication - Proxy auth state: UNCHALLENGED
2021-12-24_11:10:59.788 [main] DEBUG o.a.h.impl.client.DefaultHttpClient - Attempt 1 to execute request
2021-12-24_11:10:59.788 [main] DEBUG o.a.h.i.conn.DefaultClientConnection - Sending request: POST /card/order/V1/instant/issue/nonreloadable/digital HTTP/1.1
2021-12-24_11:10:59.788 [main] DEBUG org.apache.http.wire -  >> "POST /card/order/V1/instant/issue/nonreloadable/digital HTTP/1.1[\r][\n]"
2021-12-24_11:10:59.788 [main] DEBUG org.apache.http.wire -  >> "Accept: */*[\r][\n]"
2021-12-24_11:10:59.788 [main] DEBUG org.apache.http.wire -  >> "userName: A0aCcnPzDANtKmvSLPKcaw==[\r][\n]"
2021-12-24_11:10:59.789 [main] DEBUG org.apache.http.wire -  >> "token: b7001895a8ea4447a70a8ac64e861cba[\r][\n]"
2021-12-24_11:10:59.789 [main] DEBUG org.apache.http.wire -  >> "Content-Type: application/json; charset=UTF-8[\r][\n]"
2021-12-24_11:10:59.789 [main] DEBUG org.apache.http.wire -  >> "Content-Length: 243[\r][\n]"
2021-12-24_11:10:59.789 [main] DEBUG org.apache.http.wire -  >> "Host: apitest.pineperks.in[\r][\n]"
2021-12-24_11:10:59.789 [main] DEBUG org.apache.http.wire -  >> "Connection: Keep-Alive[\r][\n]"
2021-12-24_11:10:59.790 [main] DEBUG org.apache.http.wire -  >> "User-Agent: Apache-HttpClient/4.5.2 (Java/1.8.0_202)[\r][\n]"
2021-12-24_11:10:59.790 [main] DEBUG org.apache.http.wire -  >> "Accept-Encoding: gzip,deflate[\r][\n]"
2021-12-24_11:10:59.790 [main] DEBUG org.apache.http.wire -  >> "[\r][\n]"
2021-12-24_11:10:59.790 [main] DEBUG org.apache.http.headers - >> POST /card/order/V1/instant/issue/nonreloadable/digital HTTP/1.1
2021-12-24_11:10:59.790 [main] DEBUG org.apache.http.headers - >> Accept: */*
2021-12-24_11:10:59.790 [main] DEBUG org.apache.http.headers - >> userName: A0aCcnPzDANtKmvSLPKcaw==
2021-12-24_11:10:59.790 [main] DEBUG org.apache.http.headers - >> token: b7001895a8ea4447a70a8ac64e861cba
2021-12-24_11:10:59.790 [main] DEBUG org.apache.http.headers - >> Content-Type: application/json; charset=UTF-8
2021-12-24_11:10:59.790 [main] DEBUG org.apache.http.headers - >> Content-Length: 243
2021-12-24_11:10:59.790 [main] DEBUG org.apache.http.headers - >> Host: apitest.pineperks.in
2021-12-24_11:10:59.791 [main] DEBUG org.apache.http.headers - >> Connection: Keep-Alive
2021-12-24_11:10:59.791 [main] DEBUG org.apache.http.headers - >> User-Agent: Apache-HttpClient/4.5.2 (Java/1.8.0_202)
2021-12-24_11:10:59.791 [main] DEBUG org.apache.http.headers - >> Accept-Encoding: gzip,deflate
2021-12-24_11:10:59.791 [main] DEBUG org.apache.http.wire -  >> "{"isLinkToBeSentOnMobile":true,"checksum":"5x3GNrnStyS2PkMvV6EeAw==","cardDetailList":[{"amount":"1000","mobileNumber":"8284854535","customerName":"afzalab","email":"afzal.ahmed@pinelabs.com"}],"externalRequestId":"xIzv8sM","cardSchemeId":"7"}"
2021-12-24_11:11:00.115 [main] DEBUG org.apache.http.wire -  << "HTTP/1.1 200 [\r][\n]"
2021-12-24_11:11:00.116 [main] DEBUG org.apache.http.wire -  << "Access-Control-Allow-Methods: GET, POST[\r][\n]"
2021-12-24_11:11:00.117 [main] DEBUG org.apache.http.wire -  << "Access-Control-Allow-Origin: *[\r][\n]"
2021-12-24_11:11:00.117 [main] DEBUG org.apache.http.wire -  << "Content-Security-Policy: default-src 'none'[\r][\n]"
2021-12-24_11:11:00.117 [main] DEBUG org.apache.http.wire -  << "Feature-Policy: 'none'[\r][\n]"
2021-12-24_11:11:00.117 [main] DEBUG org.apache.http.wire -  << "Referrer-Policy: no-referrer[\r][\n]"
2021-12-24_11:11:00.117 [main] DEBUG org.apache.http.wire -  << "Strict-Transport-Security: max-age=31536000 ; includeSubDomains[\r][\n]"
2021-12-24_11:11:00.117 [main] DEBUG org.apache.http.wire -  << "Date: Fri, 24 Dec 2021 05:40:59 GMT[\r][\n]"
2021-12-24_11:11:00.117 [main] DEBUG org.apache.http.wire -  << "Keep-Alive: timeout=60[\r][\n]"
2021-12-24_11:11:00.117 [main] DEBUG org.apache.http.wire -  << "Content-Type: application/json[\r][\n]"
2021-12-24_11:11:00.117 [main] DEBUG org.apache.http.wire -  << "Transfer-Encoding: chunked[\r][\n]"
2021-12-24_11:11:00.118 [main] DEBUG org.apache.http.wire -  << "Connection: keep-alive[\r][\n]"
2021-12-24_11:11:00.118 [main] DEBUG org.apache.http.wire -  << "[\r][\n]"
2021-12-24_11:11:00.118 [main] DEBUG o.a.h.i.conn.DefaultClientConnection - Receiving response: HTTP/1.1 200 
2021-12-24_11:11:00.118 [main] DEBUG org.apache.http.headers - << HTTP/1.1 200 
2021-12-24_11:11:00.118 [main] DEBUG org.apache.http.headers - << Access-Control-Allow-Methods: GET, POST
2021-12-24_11:11:00.118 [main] DEBUG org.apache.http.headers - << Access-Control-Allow-Origin: *
2021-12-24_11:11:00.118 [main] DEBUG org.apache.http.headers - << Content-Security-Policy: default-src 'none'
2021-12-24_11:11:00.118 [main] DEBUG org.apache.http.headers - << Feature-Policy: 'none'
2021-12-24_11:11:00.118 [main] DEBUG org.apache.http.headers - << Referrer-Policy: no-referrer
2021-12-24_11:11:00.118 [main] DEBUG org.apache.http.headers - << Strict-Transport-Security: max-age=31536000 ; includeSubDomains
2021-12-24_11:11:00.118 [main] DEBUG org.apache.http.headers - << Date: Fri, 24 Dec 2021 05:40:59 GMT
2021-12-24_11:11:00.118 [main] DEBUG org.apache.http.headers - << Keep-Alive: timeout=60
2021-12-24_11:11:00.118 [main] DEBUG org.apache.http.headers - << Content-Type: application/json
2021-12-24_11:11:00.118 [main] DEBUG org.apache.http.headers - << Transfer-Encoding: chunked
2021-12-24_11:11:00.119 [main] DEBUG org.apache.http.headers - << Connection: keep-alive
2021-12-24_11:11:00.119 [main] DEBUG o.a.h.impl.client.DefaultHttpClient - Connection can be kept alive for 60000 MILLISECONDS
2021-12-24_11:11:00.119 [main] DEBUG i.r.i.RequestSpecificationImpl$RestAssuredHttpBuilder - Parsing response as: application/json
2021-12-24_11:11:00.119 [main] DEBUG i.r.i.RequestSpecificationImpl$RestAssuredHttpBuilder - Parsed data to instance of: class org.apache.http.conn.EofSensorInputStream
2021-12-24_11:11:00.120 [main] INFO  com.qc.BaseAPI - Method :POST
2021-12-24_11:11:00.122 [main] INFO  com.qc.BaseAPI - URI :https://apitest.pineperks.in/card/order/V1/instant/issue/nonreloadable/digital
2021-12-24_11:11:00.122 [main] INFO  com.qc.BaseAPI - Headers :token=b7001895a8ea4447a70a8ac64e861cba
userName=A0aCcnPzDANtKmvSLPKcaw==
Accept=*/*
Content-Type=application/json; charset=UTF-8
2021-12-24_11:11:00.122 [main] INFO  com.qc.BaseAPI - Body :{"isLinkToBeSentOnMobile":true,"checksum":"5x3GNrnStyS2PkMvV6EeAw==","cardDetailList":[{"amount":"1000","mobileNumber":"8284854535","customerName":"afzalab","email":"afzal.ahmed@pinelabs.com"}],"externalRequestId":"xIzv8sM","cardSchemeId":"7"}
2021-12-24_11:11:00.122 [main] INFO  com.qc.BaseAPI - ********************RESPONSE********************
2021-12-24_11:11:00.122 [main] DEBUG org.apache.http.wire -  << "1f3[\r][\n]"
2021-12-24_11:11:00.122 [main] DEBUG org.apache.http.wire -  << "{"externalRequestId":"xIzv8sM","orderId":20966,"orderStatus":6,"cardDetailResponseList":[{"referenceNumber":5639539232,"serialNumber":20966000010001,"customerName":"afzalab","mobileNumber":8284854535,"email":"afzal.ahmed@pinelabs.com","amount":1000,"cardLink":"test.pineperks.in/eCard?c=Msqgo1aE4vsxCLvULaiulQ2","responseCode":0,"responseMessage":"Success"}],"successCount":1,"failedCount":0,"orderAmount":1000,"issuanceCharge":100,"netOrderAmount":1100,"responseCode":0,"responseMessage":"Success"}"
2021-12-24_11:11:00.122 [main] DEBUG org.apache.http.wire -  << "[\r][\n]"
2021-12-24_11:11:00.123 [main] DEBUG org.apache.http.wire -  << "0[\r][\n]"
2021-12-24_11:11:00.123 [main] DEBUG org.apache.http.wire -  << "[\r][\n]"
2021-12-24_11:11:00.123 [main] DEBUG o.a.h.i.c.BasicClientConnectionManager - Releasing connection org.apache.http.impl.conn.ManagedClientConnectionImpl@39609583
2021-12-24_11:11:00.123 [main] DEBUG o.a.h.i.c.BasicClientConnectionManager - Connection can be kept alive for 60000 MILLISECONDS
2021-12-24_11:11:00.125 [main] INFO  com.qc.BaseAPI - Response :{
    "externalRequestId": "xIzv8sM",
    "orderId": 20966,
    "orderStatus": 6,
    "cardDetailResponseList": [
        {
            "referenceNumber": 5639539232,
            "serialNumber": 20966000010001,
            "customerName": "afzalab",
            "mobileNumber": 8284854535,
            "email": "afzal.ahmed@pinelabs.com",
            "amount": 1000,
            "cardLink": "test.pineperks.in/eCard?c=Msqgo1aE4vsxCLvULaiulQ2",
            "responseCode": 0,
            "responseMessage": "Success"
        }
    ],
    "successCount": 1,
    "failedCount": 0,
    "orderAmount": 1000,
    "issuanceCharge": 100,
    "netOrderAmount": 1100,
    "responseCode": 0,
    "responseMessage": "Success"
}
2021-12-24_11:11:00.126 [main] INFO  com.qc.BaseAPI -  **** POST call Response time 497 ms
2021-12-24_11:11:00.126 [main] INFO  pl.rest.service.CardIssue - Time Taken to perform https://apitest.pineperks.in/card/order/V1/instant/issue/nonreloadable/digital transaction: 497
2021-12-24_11:11:00.135 [main] INFO  com.qc.qa.utils.TestDataReader - Reading Json data authorizeHeaders
2021-12-24_11:11:00.138 [main] INFO  com.qc.qa.utils.TestDataReader - Reading json data from file @ testData/api/devAPIData.json
2021-12-24_11:11:00.141 [main] INFO  p.r.service.CorporateAndCardDetails - CardIssue Rest API URL :- https://apitest.pineperks.in/card/profile/V1/detail
2021-12-24_11:11:00.141 [main] INFO  com.qc.BaseAPI - POST call to URL https://apitest.pineperks.in/card/profile/V1/detail
2021-12-24_11:11:00.147 [main] INFO  com.qc.BaseAPI - ********************REQUEST********************
2021-12-24_11:11:00.157 [main] DEBUG o.a.h.i.c.BasicClientConnectionManager - Get connection for route {s}->https://apitest.pineperks.in:443
2021-12-24_11:11:00.158 [main] DEBUG o.a.h.i.c.DefaultClientConnectionOperator - Connecting to apitest.pineperks.in:443
2021-12-24_11:11:00.296 [main] DEBUG o.a.h.c.protocol.RequestAddCookies - CookieSpec selected: ignoreCookies
2021-12-24_11:11:00.296 [main] DEBUG o.a.h.c.protocol.RequestAuthCache - Auth cache not set in the context
2021-12-24_11:11:00.296 [main] DEBUG o.a.h.c.p.RequestTargetAuthentication - Target auth state: UNCHALLENGED
2021-12-24_11:11:00.296 [main] DEBUG o.a.h.c.p.RequestProxyAuthentication - Proxy auth state: UNCHALLENGED
2021-12-24_11:11:00.296 [main] DEBUG o.a.h.impl.client.DefaultHttpClient - Attempt 1 to execute request
2021-12-24_11:11:00.296 [main] DEBUG o.a.h.i.conn.DefaultClientConnection - Sending request: POST /card/profile/V1/detail HTTP/1.1
2021-12-24_11:11:00.297 [main] DEBUG org.apache.http.wire -  >> "POST /card/profile/V1/detail HTTP/1.1[\r][\n]"
2021-12-24_11:11:00.297 [main] DEBUG org.apache.http.wire -  >> "Accept: */*[\r][\n]"
2021-12-24_11:11:00.297 [main] DEBUG org.apache.http.wire -  >> "userName: A0aCcnPzDANtKmvSLPKcaw==[\r][\n]"
2021-12-24_11:11:00.297 [main] DEBUG org.apache.http.wire -  >> "token: b7001895a8ea4447a70a8ac64e861cba[\r][\n]"
2021-12-24_11:11:00.297 [main] DEBUG org.apache.http.wire -  >> "Content-Type: application/json; charset=UTF-8[\r][\n]"
2021-12-24_11:11:00.297 [main] DEBUG org.apache.http.wire -  >> "Content-Length: 40[\r][\n]"
2021-12-24_11:11:00.297 [main] DEBUG org.apache.http.wire -  >> "Host: apitest.pineperks.in[\r][\n]"
2021-12-24_11:11:00.297 [main] DEBUG org.apache.http.wire -  >> "Connection: Keep-Alive[\r][\n]"
2021-12-24_11:11:00.297 [main] DEBUG org.apache.http.wire -  >> "User-Agent: Apache-HttpClient/4.5.2 (Java/1.8.0_202)[\r][\n]"
2021-12-24_11:11:00.298 [main] DEBUG org.apache.http.wire -  >> "Accept-Encoding: gzip,deflate[\r][\n]"
2021-12-24_11:11:00.298 [main] DEBUG org.apache.http.wire -  >> "[\r][\n]"
2021-12-24_11:11:00.298 [main] DEBUG org.apache.http.headers - >> POST /card/profile/V1/detail HTTP/1.1
2021-12-24_11:11:00.298 [main] DEBUG org.apache.http.headers - >> Accept: */*
2021-12-24_11:11:00.298 [main] DEBUG org.apache.http.headers - >> userName: A0aCcnPzDANtKmvSLPKcaw==
2021-12-24_11:11:00.298 [main] DEBUG org.apache.http.headers - >> token: b7001895a8ea4447a70a8ac64e861cba
2021-12-24_11:11:00.298 [main] DEBUG org.apache.http.headers - >> Content-Type: application/json; charset=UTF-8
2021-12-24_11:11:00.298 [main] DEBUG org.apache.http.headers - >> Content-Length: 40
2021-12-24_11:11:00.299 [main] DEBUG org.apache.http.headers - >> Host: apitest.pineperks.in
2021-12-24_11:11:00.299 [main] DEBUG org.apache.http.headers - >> Connection: Keep-Alive
2021-12-24_11:11:00.299 [main] DEBUG org.apache.http.headers - >> User-Agent: Apache-HttpClient/4.5.2 (Java/1.8.0_202)
2021-12-24_11:11:00.299 [main] DEBUG org.apache.http.headers - >> Accept-Encoding: gzip,deflate
2021-12-24_11:11:00.299 [main] DEBUG org.apache.http.wire -  >> "{"cardDetailRequestList":["5639539232"]}"
2021-12-24_11:11:00.323 [main] DEBUG org.apache.http.wire -  << "HTTP/1.1 200 [\r][\n]"
2021-12-24_11:11:00.324 [main] DEBUG org.apache.http.wire -  << "Access-Control-Allow-Methods: GET, POST[\r][\n]"
2021-12-24_11:11:00.324 [main] DEBUG org.apache.http.wire -  << "Access-Control-Allow-Origin: *[\r][\n]"
2021-12-24_11:11:00.324 [main] DEBUG org.apache.http.wire -  << "Content-Security-Policy: default-src 'none'[\r][\n]"
2021-12-24_11:11:00.324 [main] DEBUG org.apache.http.wire -  << "Feature-Policy: 'none'[\r][\n]"
2021-12-24_11:11:00.324 [main] DEBUG org.apache.http.wire -  << "Referrer-Policy: no-referrer[\r][\n]"
2021-12-24_11:11:00.324 [main] DEBUG org.apache.http.wire -  << "Strict-Transport-Security: max-age=31536000 ; includeSubDomains[\r][\n]"
2021-12-24_11:11:00.325 [main] DEBUG org.apache.http.wire -  << "Date: Fri, 24 Dec 2021 05:40:59 GMT[\r][\n]"
2021-12-24_11:11:00.325 [main] DEBUG org.apache.http.wire -  << "Keep-Alive: timeout=60[\r][\n]"
2021-12-24_11:11:00.325 [main] DEBUG org.apache.http.wire -  << "Content-Type: application/json[\r][\n]"
2021-12-24_11:11:00.325 [main] DEBUG org.apache.http.wire -  << "Transfer-Encoding: chunked[\r][\n]"
2021-12-24_11:11:00.325 [main] DEBUG org.apache.http.wire -  << "Connection: keep-alive[\r][\n]"
2021-12-24_11:11:00.325 [main] DEBUG org.apache.http.wire -  << "[\r][\n]"
2021-12-24_11:11:00.326 [main] DEBUG o.a.h.i.conn.DefaultClientConnection - Receiving response: HTTP/1.1 200 
2021-12-24_11:11:00.326 [main] DEBUG org.apache.http.headers - << HTTP/1.1 200 
2021-12-24_11:11:00.326 [main] DEBUG org.apache.http.headers - << Access-Control-Allow-Methods: GET, POST
2021-12-24_11:11:00.326 [main] DEBUG org.apache.http.headers - << Access-Control-Allow-Origin: *
2021-12-24_11:11:00.326 [main] DEBUG org.apache.http.headers - << Content-Security-Policy: default-src 'none'
2021-12-24_11:11:00.326 [main] DEBUG org.apache.http.headers - << Feature-Policy: 'none'
2021-12-24_11:11:00.326 [main] DEBUG org.apache.http.headers - << Referrer-Policy: no-referrer
2021-12-24_11:11:00.326 [main] DEBUG org.apache.http.headers - << Strict-Transport-Security: max-age=31536000 ; includeSubDomains
2021-12-24_11:11:00.326 [main] DEBUG org.apache.http.headers - << Date: Fri, 24 Dec 2021 05:40:59 GMT
2021-12-24_11:11:00.326 [main] DEBUG org.apache.http.headers - << Keep-Alive: timeout=60
2021-12-24_11:11:00.326 [main] DEBUG org.apache.http.headers - << Content-Type: application/json
2021-12-24_11:11:00.326 [main] DEBUG org.apache.http.headers - << Transfer-Encoding: chunked
2021-12-24_11:11:00.326 [main] DEBUG org.apache.http.headers - << Connection: keep-alive
2021-12-24_11:11:00.327 [main] DEBUG o.a.h.impl.client.DefaultHttpClient - Connection can be kept alive for 60000 MILLISECONDS
2021-12-24_11:11:00.327 [main] DEBUG i.r.i.RequestSpecificationImpl$RestAssuredHttpBuilder - Parsing response as: application/json
2021-12-24_11:11:00.327 [main] DEBUG i.r.i.RequestSpecificationImpl$RestAssuredHttpBuilder - Parsed data to instance of: class org.apache.http.conn.EofSensorInputStream
2021-12-24_11:11:00.328 [main] INFO  com.qc.BaseAPI - Method :POST
2021-12-24_11:11:00.329 [main] INFO  com.qc.BaseAPI - URI :https://apitest.pineperks.in/card/profile/V1/detail
2021-12-24_11:11:00.329 [main] INFO  com.qc.BaseAPI - Headers :token=b7001895a8ea4447a70a8ac64e861cba
userName=A0aCcnPzDANtKmvSLPKcaw==
Accept=*/*
Content-Type=application/json; charset=UTF-8
2021-12-24_11:11:00.329 [main] INFO  com.qc.BaseAPI - Body :{"cardDetailRequestList":["5639539232"]}
2021-12-24_11:11:00.329 [main] INFO  com.qc.BaseAPI - ********************RESPONSE********************
2021-12-24_11:11:00.329 [main] DEBUG org.apache.http.wire -  << "3c0[\r][\n]"
2021-12-24_11:11:00.330 [main] DEBUG org.apache.http.wire -  << "{"cardDetailResponseList":[{"cardReferenceNumber":5639539232,"maskedCardNumber":"608364******3130","cardStatus":1,"kycStatus":null,"cardSchemeId":7,"pinMode":4,"cardName":"milson Card","cardVariant":2,"cardCategoryId":4,"loadAmount":1000,"redeemedAmount":0,"balance":1000,"issuedOn":"24-Dec-2021","expiryDate":"31-Dec-2023","isEcommTransactionEnabled":true,"ecommRedeemTransactionLimit":0,"isPOSTransactionEnabled":false,"posRedeemTransactionLimit":0,"monthlyCreditAmount":null,"lastCreditedOn":null,"activatedOn":null,"activationName":"Afzalab","activationMobileNumber":8284854535,"activationEmail":"afzal.ahmed@pinelabs.com","customerName":"Afzal ahmed","customerMobile":8284854535,"customerEmail":null,"blockedOn":null,"terminatedOn":null,"terminatedBy":null,"reason":null,"reIssuedOn":null,"reIssuedBy":null,"reIssuedByCardReferenceNumber":null,"reIssueCharges":0,"responseCode":0,"responseMessage":"Success"}],"responseCode":0,"responseMessage":"Success"}"
2021-12-24_11:11:00.330 [main] DEBUG org.apache.http.wire -  << "[\r][\n]"
2021-12-24_11:11:00.330 [main] DEBUG org.apache.http.wire -  << "0[\r][\n]"
2021-12-24_11:11:00.330 [main] DEBUG org.apache.http.wire -  << "[\r][\n]"
2021-12-24_11:11:00.330 [main] DEBUG o.a.h.i.c.BasicClientConnectionManager - Releasing connection org.apache.http.impl.conn.ManagedClientConnectionImpl@745f520e
2021-12-24_11:11:00.330 [main] DEBUG o.a.h.i.c.BasicClientConnectionManager - Connection can be kept alive for 60000 MILLISECONDS
2021-12-24_11:11:00.333 [main] INFO  com.qc.BaseAPI - Response :{
    "cardDetailResponseList": [
        {
            "cardReferenceNumber": 5639539232,
            "maskedCardNumber": "608364******3130",
            "cardStatus": 1,
            "kycStatus": null,
            "cardSchemeId": 7,
            "pinMode": 4,
            "cardName": "milson Card",
            "cardVariant": 2,
            "cardCategoryId": 4,
            "loadAmount": 1000,
            "redeemedAmount": 0,
            "balance": 1000,
            "issuedOn": "24-Dec-2021",
            "expiryDate": "31-Dec-2023",
            "isEcommTransactionEnabled": true,
            "ecommRedeemTransactionLimit": 0,
            "isPOSTransactionEnabled": false,
            "posRedeemTransactionLimit": 0,
            "monthlyCreditAmount": null,
            "lastCreditedOn": null,
            "activatedOn": null,
            "activationName": "Afzalab",
            "activationMobileNumber": 8284854535,
            "activationEmail": "afzal.ahmed@pinelabs.com",
            "customerName": "Afzal ahmed",
            "customerMobile": 8284854535,
            "customerEmail": null,
            "blockedOn": null,
            "terminatedOn": null,
            "terminatedBy": null,
            "reason": null,
            "reIssuedOn": null,
            "reIssuedBy": null,
            "reIssuedByCardReferenceNumber": null,
            "reIssueCharges": 0,
            "responseCode": 0,
            "responseMessage": "Success"
        }
    ],
    "responseCode": 0,
    "responseMessage": "Success"
}
2021-12-24_11:11:00.334 [main] INFO  com.qc.BaseAPI -  **** POST call Response time 179 ms
2021-12-24_11:11:00.334 [main] INFO  p.r.service.CorporateAndCardDetails - Time Taken to perform https://apitest.pineperks.in/card/profile/V1/detail transaction: 179
2021-12-24_11:11:00.799 [Finalizer] DEBUG o.a.h.i.conn.DefaultClientConnection - Connection 0.0.0.0:54923<->14.143.120.84:443 closed
2021-12-24_11:11:00.979 [main] INFO  pl.rest.CustomHooks - SCENARIO NAME: Changing of scheme of issued card and validating the data in the API response
2021-12-24_11:11:00.979 [main] INFO  pl.rest.CustomHooks - TAG NAMEs: [@Regression]
2021-12-24_11:11:00.980 [main] INFO  pl.rest.CustomHooks - SCENARIO NAME: Changing of scheme of issued card and validating the data in the API response
2021-12-24_11:11:00.980 [main] INFO  pl.rest.CustomHooks - TAG NAMEs: [@Regression]
2021-12-24_11:11:00.980 [main] INFO  pl.rest.CustomHooks - Index: 0, Size: 0
2021-12-24_11:11:01.396 [main] INFO  pl.rest.service.Authorize - Authorize Rest API URL :- https://apitest.pineperks.in/auth/V1/generate/token
2021-12-24_11:11:01.397 [main] INFO  com.qc.BaseAPI - GET call to URL https://apitest.pineperks.in/auth/V1/generate/token
2021-12-24_11:11:01.400 [main] INFO  com.qc.BaseAPI - ********************REQUEST********************
2021-12-24_11:11:01.414 [main] DEBUG o.a.h.i.c.BasicClientConnectionManager - Get connection for route {s}->https://apitest.pineperks.in:443
2021-12-24_11:11:01.414 [main] DEBUG o.a.h.i.c.DefaultClientConnectionOperator - Connecting to apitest.pineperks.in:443
2021-12-24_11:11:01.528 [main] DEBUG o.a.h.c.protocol.RequestAddCookies - CookieSpec selected: ignoreCookies
2021-12-24_11:11:01.528 [main] DEBUG o.a.h.c.protocol.RequestAuthCache - Auth cache not set in the context
2021-12-24_11:11:01.528 [main] DEBUG o.a.h.c.p.RequestTargetAuthentication - Target auth state: UNCHALLENGED
2021-12-24_11:11:01.528 [main] DEBUG o.a.h.c.p.RequestProxyAuthentication - Proxy auth state: UNCHALLENGED
2021-12-24_11:11:01.528 [main] DEBUG o.a.h.impl.client.DefaultHttpClient - Attempt 1 to execute request
2021-12-24_11:11:01.528 [main] DEBUG o.a.h.i.conn.DefaultClientConnection - Sending request: GET /auth/V1/generate/token HTTP/1.1
2021-12-24_11:11:01.528 [main] DEBUG org.apache.http.wire -  >> "GET /auth/V1/generate/token HTTP/1.1[\r][\n]"
2021-12-24_11:11:01.528 [main] DEBUG org.apache.http.wire -  >> "Content-Type: application/json; charset=UTF-8[\r][\n]"
2021-12-24_11:11:01.529 [main] DEBUG org.apache.http.wire -  >> "Accept: */*[\r][\n]"
2021-12-24_11:11:01.529 [main] DEBUG org.apache.http.wire -  >> "userName: A0aCcnPzDANtKmvSLPKcaw==[\r][\n]"
2021-12-24_11:11:01.529 [main] DEBUG org.apache.http.wire -  >> "Host: apitest.pineperks.in[\r][\n]"
2021-12-24_11:11:01.529 [main] DEBUG org.apache.http.wire -  >> "Connection: Keep-Alive[\r][\n]"
2021-12-24_11:11:01.529 [main] DEBUG org.apache.http.wire -  >> "User-Agent: Apache-HttpClient/4.5.2 (Java/1.8.0_202)[\r][\n]"
2021-12-24_11:11:01.529 [main] DEBUG org.apache.http.wire -  >> "Accept-Encoding: gzip,deflate[\r][\n]"
2021-12-24_11:11:01.529 [main] DEBUG org.apache.http.wire -  >> "[\r][\n]"
2021-12-24_11:11:01.529 [main] DEBUG org.apache.http.headers - >> GET /auth/V1/generate/token HTTP/1.1
2021-12-24_11:11:01.529 [main] DEBUG org.apache.http.headers - >> Content-Type: application/json; charset=UTF-8
2021-12-24_11:11:01.529 [main] DEBUG org.apache.http.headers - >> Accept: */*
2021-12-24_11:11:01.529 [main] DEBUG org.apache.http.headers - >> userName: A0aCcnPzDANtKmvSLPKcaw==
2021-12-24_11:11:01.529 [main] DEBUG org.apache.http.headers - >> Host: apitest.pineperks.in
2021-12-24_11:11:01.529 [main] DEBUG org.apache.http.headers - >> Connection: Keep-Alive
2021-12-24_11:11:01.529 [main] DEBUG org.apache.http.headers - >> User-Agent: Apache-HttpClient/4.5.2 (Java/1.8.0_202)
2021-12-24_11:11:01.529 [main] DEBUG org.apache.http.headers - >> Accept-Encoding: gzip,deflate
2021-12-24_11:11:01.555 [main] DEBUG org.apache.http.wire -  << "HTTP/1.1 200 [\r][\n]"
2021-12-24_11:11:01.556 [main] DEBUG org.apache.http.wire -  << "Access-Control-Allow-Methods: GET, POST[\r][\n]"
2021-12-24_11:11:01.556 [main] DEBUG org.apache.http.wire -  << "Access-Control-Allow-Origin: *[\r][\n]"
2021-12-24_11:11:01.556 [main] DEBUG org.apache.http.wire -  << "Content-Security-Policy: default-src 'none'[\r][\n]"
2021-12-24_11:11:01.556 [main] DEBUG org.apache.http.wire -  << "Feature-Policy: 'none'[\r][\n]"
2021-12-24_11:11:01.556 [main] DEBUG org.apache.http.wire -  << "Referrer-Policy: no-referrer[\r][\n]"
2021-12-24_11:11:01.556 [main] DEBUG org.apache.http.wire -  << "Strict-Transport-Security: max-age=31536000 ; includeSubDomains[\r][\n]"
2021-12-24_11:11:01.556 [main] DEBUG org.apache.http.wire -  << "Date: Fri, 24 Dec 2021 05:41:01 GMT[\r][\n]"
2021-12-24_11:11:01.556 [main] DEBUG org.apache.http.wire -  << "Keep-Alive: timeout=60[\r][\n]"
2021-12-24_11:11:01.556 [main] DEBUG org.apache.http.wire -  << "Content-Type: application/json[\r][\n]"
2021-12-24_11:11:01.556 [main] DEBUG org.apache.http.wire -  << "Transfer-Encoding: chunked[\r][\n]"
2021-12-24_11:11:01.556 [main] DEBUG org.apache.http.wire -  << "Connection: keep-alive[\r][\n]"
2021-12-24_11:11:01.557 [main] DEBUG org.apache.http.wire -  << "[\r][\n]"
2021-12-24_11:11:01.557 [main] DEBUG o.a.h.i.conn.DefaultClientConnection - Receiving response: HTTP/1.1 200 
2021-12-24_11:11:01.557 [main] DEBUG org.apache.http.headers - << HTTP/1.1 200 
2021-12-24_11:11:01.557 [main] DEBUG org.apache.http.headers - << Access-Control-Allow-Methods: GET, POST
2021-12-24_11:11:01.557 [main] DEBUG org.apache.http.headers - << Access-Control-Allow-Origin: *
2021-12-24_11:11:01.557 [main] DEBUG org.apache.http.headers - << Content-Security-Policy: default-src 'none'
2021-12-24_11:11:01.557 [main] DEBUG org.apache.http.headers - << Feature-Policy: 'none'
2021-12-24_11:11:01.557 [main] DEBUG org.apache.http.headers - << Referrer-Policy: no-referrer
2021-12-24_11:11:01.557 [main] DEBUG org.apache.http.headers - << Strict-Transport-Security: max-age=31536000 ; includeSubDomains
2021-12-24_11:11:01.557 [main] DEBUG org.apache.http.headers - << Date: Fri, 24 Dec 2021 05:41:01 GMT
2021-12-24_11:11:01.557 [main] DEBUG org.apache.http.headers - << Keep-Alive: timeout=60
2021-12-24_11:11:01.557 [main] DEBUG org.apache.http.headers - << Content-Type: application/json
2021-12-24_11:11:01.557 [main] DEBUG org.apache.http.headers - << Transfer-Encoding: chunked
2021-12-24_11:11:01.557 [main] DEBUG org.apache.http.headers - << Connection: keep-alive
2021-12-24_11:11:01.558 [main] DEBUG o.a.h.impl.client.DefaultHttpClient - Connection can be kept alive for 60000 MILLISECONDS
2021-12-24_11:11:01.559 [main] DEBUG i.r.i.RequestSpecificationImpl$RestAssuredHttpBuilder - Parsing response as: application/json
2021-12-24_11:11:01.559 [main] DEBUG i.r.i.RequestSpecificationImpl$RestAssuredHttpBuilder - Parsed data to instance of: class org.apache.http.conn.EofSensorInputStream
2021-12-24_11:11:01.559 [main] INFO  com.qc.BaseAPI - Method :GET
2021-12-24_11:11:01.560 [main] INFO  com.qc.BaseAPI - URI :https://apitest.pineperks.in/auth/V1/generate/token
2021-12-24_11:11:01.561 [main] INFO  com.qc.BaseAPI - Headers :userName=A0aCcnPzDANtKmvSLPKcaw==
Accept=*/*
Content-Type=application/json; charset=UTF-8
2021-12-24_11:11:01.561 [main] INFO  com.qc.BaseAPI - Body :null
2021-12-24_11:11:01.561 [main] INFO  com.qc.BaseAPI - ********************RESPONSE********************
2021-12-24_11:11:01.561 [main] DEBUG org.apache.http.wire -  << "7f[\r][\n]"
2021-12-24_11:11:01.561 [main] DEBUG org.apache.http.wire -  << "{"accessToken":"a2578c38163d4b3d9e620660a772e28f","tokenExpiryTime":"25-Dec-2021","responseCode":0,"responseMessage":"Success"}"
2021-12-24_11:11:01.561 [main] DEBUG org.apache.http.wire -  << "[\r][\n]"
2021-12-24_11:11:01.562 [main] DEBUG org.apache.http.wire -  << "0[\r][\n]"
2021-12-24_11:11:01.562 [main] DEBUG org.apache.http.wire -  << "[\r][\n]"
2021-12-24_11:11:01.562 [main] DEBUG o.a.h.i.c.BasicClientConnectionManager - Releasing connection org.apache.http.impl.conn.ManagedClientConnectionImpl@3ded5e8f
2021-12-24_11:11:01.562 [main] DEBUG o.a.h.i.c.BasicClientConnectionManager - Connection can be kept alive for 60000 MILLISECONDS
2021-12-24_11:11:01.563 [main] INFO  com.qc.BaseAPI - Response :{
    "accessToken": "a2578c38163d4b3d9e620660a772e28f",
    "tokenExpiryTime": "25-Dec-2021",
    "responseCode": 0,
    "responseMessage": "Success"
}
2021-12-24_11:11:01.563 [main] INFO  com.qc.BaseAPI -  **** GET call Response time 156 ms
2021-12-24_11:11:01.563 [main] INFO  pl.rest.service.Authorize - Time Taken to perform https://apitest.pineperks.in/auth/V1/generate/token transaction: 156
2021-12-24_11:11:01.569 [main] INFO  com.qc.qa.utils.TestDataReader - Reading Json data authorizeHeaders
2021-12-24_11:11:01.572 [main] INFO  com.qc.qa.utils.TestDataReader - Reading json data from file @ testData/api/devAPIData.json
2021-12-24_11:11:01.575 [main] INFO  pl.rest.service.CardIssue - CardIssue Rest API URL :- https://apitest.pineperks.in/card/order/V1/instant/issue/nonreloadable/digital
2021-12-24_11:11:01.575 [main] INFO  com.qc.BaseAPI - POST call to URL https://apitest.pineperks.in/card/order/V1/instant/issue/nonreloadable/digital
2021-12-24_11:11:01.580 [main] INFO  com.qc.BaseAPI - ********************REQUEST********************
2021-12-24_11:11:01.591 [main] DEBUG o.a.h.i.c.BasicClientConnectionManager - Get connection for route {s}->https://apitest.pineperks.in:443
2021-12-24_11:11:01.592 [main] DEBUG o.a.h.i.c.DefaultClientConnectionOperator - Connecting to apitest.pineperks.in:443
2021-12-24_11:11:01.715 [main] DEBUG o.a.h.c.protocol.RequestAddCookies - CookieSpec selected: ignoreCookies
2021-12-24_11:11:01.715 [main] DEBUG o.a.h.c.protocol.RequestAuthCache - Auth cache not set in the context
2021-12-24_11:11:01.715 [main] DEBUG o.a.h.c.p.RequestTargetAuthentication - Target auth state: UNCHALLENGED
2021-12-24_11:11:01.716 [main] DEBUG o.a.h.c.p.RequestProxyAuthentication - Proxy auth state: UNCHALLENGED
2021-12-24_11:11:01.716 [main] DEBUG o.a.h.impl.client.DefaultHttpClient - Attempt 1 to execute request
2021-12-24_11:11:01.716 [main] DEBUG o.a.h.i.conn.DefaultClientConnection - Sending request: POST /card/order/V1/instant/issue/nonreloadable/digital HTTP/1.1
2021-12-24_11:11:01.716 [main] DEBUG org.apache.http.wire -  >> "POST /card/order/V1/instant/issue/nonreloadable/digital HTTP/1.1[\r][\n]"
2021-12-24_11:11:01.716 [main] DEBUG org.apache.http.wire -  >> "Accept: */*[\r][\n]"
2021-12-24_11:11:01.716 [main] DEBUG org.apache.http.wire -  >> "userName: A0aCcnPzDANtKmvSLPKcaw==[\r][\n]"
2021-12-24_11:11:01.716 [main] DEBUG org.apache.http.wire -  >> "token: a2578c38163d4b3d9e620660a772e28f[\r][\n]"
2021-12-24_11:11:01.716 [main] DEBUG org.apache.http.wire -  >> "Content-Type: application/json; charset=UTF-8[\r][\n]"
2021-12-24_11:11:01.716 [main] DEBUG org.apache.http.wire -  >> "Content-Length: 241[\r][\n]"
2021-12-24_11:11:01.716 [main] DEBUG org.apache.http.wire -  >> "Host: apitest.pineperks.in[\r][\n]"
2021-12-24_11:11:01.716 [main] DEBUG org.apache.http.wire -  >> "Connection: Keep-Alive[\r][\n]"
2021-12-24_11:11:01.716 [main] DEBUG org.apache.http.wire -  >> "User-Agent: Apache-HttpClient/4.5.2 (Java/1.8.0_202)[\r][\n]"
2021-12-24_11:11:01.717 [main] DEBUG org.apache.http.wire -  >> "Accept-Encoding: gzip,deflate[\r][\n]"
2021-12-24_11:11:01.717 [main] DEBUG org.apache.http.wire -  >> "[\r][\n]"
2021-12-24_11:11:01.717 [main] DEBUG org.apache.http.headers - >> POST /card/order/V1/instant/issue/nonreloadable/digital HTTP/1.1
2021-12-24_11:11:01.717 [main] DEBUG org.apache.http.headers - >> Accept: */*
2021-12-24_11:11:01.717 [main] DEBUG org.apache.http.headers - >> userName: A0aCcnPzDANtKmvSLPKcaw==
2021-12-24_11:11:01.717 [main] DEBUG org.apache.http.headers - >> token: a2578c38163d4b3d9e620660a772e28f
2021-12-24_11:11:01.717 [main] DEBUG org.apache.http.headers - >> Content-Type: application/json; charset=UTF-8
2021-12-24_11:11:01.717 [main] DEBUG org.apache.http.headers - >> Content-Length: 241
2021-12-24_11:11:01.717 [main] DEBUG org.apache.http.headers - >> Host: apitest.pineperks.in
2021-12-24_11:11:01.717 [main] DEBUG org.apache.http.headers - >> Connection: Keep-Alive
2021-12-24_11:11:01.717 [main] DEBUG org.apache.http.headers - >> User-Agent: Apache-HttpClient/4.5.2 (Java/1.8.0_202)
2021-12-24_11:11:01.717 [main] DEBUG org.apache.http.headers - >> Accept-Encoding: gzip,deflate
2021-12-24_11:11:01.717 [main] DEBUG org.apache.http.wire -  >> "{"isLinkToBeSentOnMobile":true,"checksum":"5x3GNrnStyS2PkMvV6EeAw==","cardDetailList":[{"amount":"1000","mobileNumber":"8284854535","customerName":"afzal","email":"afzal.ahmed@pinelabs.com"}],"externalRequestId":"O8f9L1T","cardSchemeId":"7"}"
2021-12-24_11:11:01.951 [main] DEBUG org.apache.http.wire -  << "HTTP/1.1 200 [\r][\n]"
2021-12-24_11:11:01.952 [main] DEBUG org.apache.http.wire -  << "Access-Control-Allow-Methods: GET, POST[\r][\n]"
2021-12-24_11:11:01.952 [main] DEBUG org.apache.http.wire -  << "Access-Control-Allow-Origin: *[\r][\n]"
2021-12-24_11:11:01.952 [main] DEBUG org.apache.http.wire -  << "Content-Security-Policy: default-src 'none'[\r][\n]"
2021-12-24_11:11:01.952 [main] DEBUG org.apache.http.wire -  << "Feature-Policy: 'none'[\r][\n]"
2021-12-24_11:11:01.952 [main] DEBUG org.apache.http.wire -  << "Referrer-Policy: no-referrer[\r][\n]"
2021-12-24_11:11:01.952 [main] DEBUG org.apache.http.wire -  << "Strict-Transport-Security: max-age=31536000 ; includeSubDomains[\r][\n]"
2021-12-24_11:11:01.952 [main] DEBUG org.apache.http.wire -  << "Date: Fri, 24 Dec 2021 05:41:01 GMT[\r][\n]"
2021-12-24_11:11:01.952 [main] DEBUG org.apache.http.wire -  << "Keep-Alive: timeout=60[\r][\n]"
2021-12-24_11:11:01.953 [main] DEBUG org.apache.http.wire -  << "Content-Type: application/json[\r][\n]"
2021-12-24_11:11:01.953 [main] DEBUG org.apache.http.wire -  << "Transfer-Encoding: chunked[\r][\n]"
2021-12-24_11:11:01.953 [main] DEBUG org.apache.http.wire -  << "Connection: keep-alive[\r][\n]"
2021-12-24_11:11:01.953 [main] DEBUG org.apache.http.wire -  << "[\r][\n]"
2021-12-24_11:11:01.953 [main] DEBUG o.a.h.i.conn.DefaultClientConnection - Receiving response: HTTP/1.1 200 
2021-12-24_11:11:01.953 [main] DEBUG org.apache.http.headers - << HTTP/1.1 200 
2021-12-24_11:11:01.953 [main] DEBUG org.apache.http.headers - << Access-Control-Allow-Methods: GET, POST
2021-12-24_11:11:01.953 [main] DEBUG org.apache.http.headers - << Access-Control-Allow-Origin: *
2021-12-24_11:11:01.953 [main] DEBUG org.apache.http.headers - << Content-Security-Policy: default-src 'none'
2021-12-24_11:11:01.953 [main] DEBUG org.apache.http.headers - << Feature-Policy: 'none'
2021-12-24_11:11:01.953 [main] DEBUG org.apache.http.headers - << Referrer-Policy: no-referrer
2021-12-24_11:11:01.953 [main] DEBUG org.apache.http.headers - << Strict-Transport-Security: max-age=31536000 ; includeSubDomains
2021-12-24_11:11:01.953 [main] DEBUG org.apache.http.headers - << Date: Fri, 24 Dec 2021 05:41:01 GMT
2021-12-24_11:11:01.954 [main] DEBUG org.apache.http.headers - << Keep-Alive: timeout=60
2021-12-24_11:11:01.954 [main] DEBUG org.apache.http.headers - << Content-Type: application/json
2021-12-24_11:11:01.954 [main] DEBUG org.apache.http.headers - << Transfer-Encoding: chunked
2021-12-24_11:11:01.954 [main] DEBUG org.apache.http.headers - << Connection: keep-alive
2021-12-24_11:11:01.954 [main] DEBUG o.a.h.impl.client.DefaultHttpClient - Connection can be kept alive for 60000 MILLISECONDS
2021-12-24_11:11:01.956 [main] DEBUG i.r.i.RequestSpecificationImpl$RestAssuredHttpBuilder - Parsing response as: application/json
2021-12-24_11:11:01.956 [main] DEBUG i.r.i.RequestSpecificationImpl$RestAssuredHttpBuilder - Parsed data to instance of: class org.apache.http.conn.EofSensorInputStream
2021-12-24_11:11:01.957 [main] INFO  com.qc.BaseAPI - Method :POST
2021-12-24_11:11:01.958 [main] INFO  com.qc.BaseAPI - URI :https://apitest.pineperks.in/card/order/V1/instant/issue/nonreloadable/digital
2021-12-24_11:11:01.958 [main] INFO  com.qc.BaseAPI - Headers :token=a2578c38163d4b3d9e620660a772e28f
userName=A0aCcnPzDANtKmvSLPKcaw==
Accept=*/*
Content-Type=application/json; charset=UTF-8
2021-12-24_11:11:01.958 [main] INFO  com.qc.BaseAPI - Body :{"isLinkToBeSentOnMobile":true,"checksum":"5x3GNrnStyS2PkMvV6EeAw==","cardDetailList":[{"amount":"1000","mobileNumber":"8284854535","customerName":"afzal","email":"afzal.ahmed@pinelabs.com"}],"externalRequestId":"O8f9L1T","cardSchemeId":"7"}
2021-12-24_11:11:01.958 [main] INFO  com.qc.BaseAPI - ********************RESPONSE********************
2021-12-24_11:11:01.958 [main] DEBUG org.apache.http.wire -  << "1f1[\r][\n]"
2021-12-24_11:11:01.959 [main] DEBUG org.apache.http.wire -  << "{"externalRequestId":"O8f9L1T","orderId":20967,"orderStatus":6,"cardDetailResponseList":[{"referenceNumber":8239336232,"serialNumber":20967000010001,"customerName":"afzal","mobileNumber":8284854535,"email":"afzal.ahmed@pinelabs.com","amount":1000,"cardLink":"test.pineperks.in/eCard?c=oeCTpUBN0v5bagzlR56IuA2","responseCode":0,"responseMessage":"Success"}],"successCount":1,"failedCount":0,"orderAmount":1000,"issuanceCharge":100,"netOrderAmount":1100,"responseCode":0,"responseMessage":"Success"}"
2021-12-24_11:11:01.959 [main] DEBUG org.apache.http.wire -  << "[\r][\n]"
2021-12-24_11:11:01.959 [main] DEBUG org.apache.http.wire -  << "0[\r][\n]"
2021-12-24_11:11:01.959 [main] DEBUG org.apache.http.wire -  << "[\r][\n]"
2021-12-24_11:11:01.959 [main] DEBUG o.a.h.i.c.BasicClientConnectionManager - Releasing connection org.apache.http.impl.conn.ManagedClientConnectionImpl@4a1e998a
2021-12-24_11:11:01.959 [main] DEBUG o.a.h.i.c.BasicClientConnectionManager - Connection can be kept alive for 60000 MILLISECONDS
2021-12-24_11:11:01.960 [main] INFO  com.qc.BaseAPI - Response :{
    "externalRequestId": "O8f9L1T",
    "orderId": 20967,
    "orderStatus": 6,
    "cardDetailResponseList": [
        {
            "referenceNumber": 8239336232,
            "serialNumber": 20967000010001,
            "customerName": "afzal",
            "mobileNumber": 8284854535,
            "email": "afzal.ahmed@pinelabs.com",
            "amount": 1000,
            "cardLink": "test.pineperks.in/eCard?c=oeCTpUBN0v5bagzlR56IuA2",
            "responseCode": 0,
            "responseMessage": "Success"
        }
    ],
    "successCount": 1,
    "failedCount": 0,
    "orderAmount": 1000,
    "issuanceCharge": 100,
    "netOrderAmount": 1100,
    "responseCode": 0,
    "responseMessage": "Success"
}
2021-12-24_11:11:01.961 [main] INFO  com.qc.BaseAPI -  **** POST call Response time 376 ms
2021-12-24_11:11:01.961 [main] INFO  pl.rest.service.CardIssue - Time Taken to perform https://apitest.pineperks.in/card/order/V1/instant/issue/nonreloadable/digital transaction: 376
2021-12-24_11:11:01.968 [main] INFO  com.qc.qa.utils.TestDataReader - Reading Json data authorizeHeaders
2021-12-24_11:11:01.970 [main] INFO  com.qc.qa.utils.TestDataReader - Reading json data from file @ testData/api/devAPIData.json
2021-12-24_11:11:01.971 [main] INFO  pl.rest.service.CardUpdate - CardIssue Rest API URL :- https://apitest.pineperks.in/card/profile/V1/admin/status/update
2021-12-24_11:11:01.971 [main] INFO  com.qc.BaseAPI - POST call to URL https://apitest.pineperks.in/card/profile/V1/admin/status/update
2021-12-24_11:11:01.975 [main] INFO  com.qc.BaseAPI - ********************REQUEST********************
2021-12-24_11:11:01.985 [main] DEBUG o.a.h.i.c.BasicClientConnectionManager - Get connection for route {s}->https://apitest.pineperks.in:443
2021-12-24_11:11:01.986 [main] DEBUG o.a.h.i.c.DefaultClientConnectionOperator - Connecting to apitest.pineperks.in:443
2021-12-24_11:11:02.116 [main] DEBUG o.a.h.c.protocol.RequestAddCookies - CookieSpec selected: ignoreCookies
2021-12-24_11:11:02.117 [main] DEBUG o.a.h.c.protocol.RequestAuthCache - Auth cache not set in the context
2021-12-24_11:11:02.117 [main] DEBUG o.a.h.c.p.RequestTargetAuthentication - Target auth state: UNCHALLENGED
2021-12-24_11:11:02.117 [main] DEBUG o.a.h.c.p.RequestProxyAuthentication - Proxy auth state: UNCHALLENGED
2021-12-24_11:11:02.117 [main] DEBUG o.a.h.impl.client.DefaultHttpClient - Attempt 1 to execute request
2021-12-24_11:11:02.117 [main] DEBUG o.a.h.i.conn.DefaultClientConnection - Sending request: POST /card/profile/V1/admin/status/update HTTP/1.1
2021-12-24_11:11:02.117 [main] DEBUG org.apache.http.wire -  >> "POST /card/profile/V1/admin/status/update HTTP/1.1[\r][\n]"
2021-12-24_11:11:02.117 [main] DEBUG org.apache.http.wire -  >> "Accept: */*[\r][\n]"
2021-12-24_11:11:02.117 [main] DEBUG org.apache.http.wire -  >> "userName: A0aCcnPzDANtKmvSLPKcaw==[\r][\n]"
2021-12-24_11:11:02.117 [main] DEBUG org.apache.http.wire -  >> "token: a2578c38163d4b3d9e620660a772e28f[\r][\n]"
2021-12-24_11:11:02.117 [main] DEBUG org.apache.http.wire -  >> "Content-Type: application/json; charset=UTF-8[\r][\n]"
2021-12-24_11:11:02.117 [main] DEBUG org.apache.http.wire -  >> "Content-Length: 113[\r][\n]"
2021-12-24_11:11:02.117 [main] DEBUG org.apache.http.wire -  >> "Host: apitest.pineperks.in[\r][\n]"
2021-12-24_11:11:02.117 [main] DEBUG org.apache.http.wire -  >> "Connection: Keep-Alive[\r][\n]"
2021-12-24_11:11:02.118 [main] DEBUG org.apache.http.wire -  >> "User-Agent: Apache-HttpClient/4.5.2 (Java/1.8.0_202)[\r][\n]"
2021-12-24_11:11:02.118 [main] DEBUG org.apache.http.wire -  >> "Accept-Encoding: gzip,deflate[\r][\n]"
2021-12-24_11:11:02.118 [main] DEBUG org.apache.http.wire -  >> "[\r][\n]"
2021-12-24_11:11:02.118 [main] DEBUG org.apache.http.headers - >> POST /card/profile/V1/admin/status/update HTTP/1.1
2021-12-24_11:11:02.118 [main] DEBUG org.apache.http.headers - >> Accept: */*
2021-12-24_11:11:02.118 [main] DEBUG org.apache.http.headers - >> userName: A0aCcnPzDANtKmvSLPKcaw==
2021-12-24_11:11:02.118 [main] DEBUG org.apache.http.headers - >> token: a2578c38163d4b3d9e620660a772e28f
2021-12-24_11:11:02.118 [main] DEBUG org.apache.http.headers - >> Content-Type: application/json; charset=UTF-8
2021-12-24_11:11:02.118 [main] DEBUG org.apache.http.headers - >> Content-Length: 113
2021-12-24_11:11:02.118 [main] DEBUG org.apache.http.headers - >> Host: apitest.pineperks.in
2021-12-24_11:11:02.118 [main] DEBUG org.apache.http.headers - >> Connection: Keep-Alive
2021-12-24_11:11:02.118 [main] DEBUG org.apache.http.headers - >> User-Agent: Apache-HttpClient/4.5.2 (Java/1.8.0_202)
2021-12-24_11:11:02.118 [main] DEBUG org.apache.http.headers - >> Accept-Encoding: gzip,deflate
2021-12-24_11:11:02.118 [main] DEBUG org.apache.http.wire -  >> "{"remarks":"Test","cardStatusUpdateRequestList":[{"reason":"1","referenceNumber":"8239336232","cardStatus":"2"}]}"
2021-12-24_11:11:02.223 [main] DEBUG org.apache.http.wire -  << "HTTP/1.1 200 [\r][\n]"
2021-12-24_11:11:02.223 [main] DEBUG org.apache.http.wire -  << "Access-Control-Allow-Methods: GET, POST[\r][\n]"
2021-12-24_11:11:02.223 [main] DEBUG org.apache.http.wire -  << "Access-Control-Allow-Origin: *[\r][\n]"
2021-12-24_11:11:02.224 [main] DEBUG org.apache.http.wire -  << "Content-Security-Policy: default-src 'none'[\r][\n]"
2021-12-24_11:11:02.224 [main] DEBUG org.apache.http.wire -  << "Feature-Policy: 'none'[\r][\n]"
2021-12-24_11:11:02.224 [main] DEBUG org.apache.http.wire -  << "Referrer-Policy: no-referrer[\r][\n]"
2021-12-24_11:11:02.224 [main] DEBUG org.apache.http.wire -  << "Strict-Transport-Security: max-age=31536000 ; includeSubDomains[\r][\n]"
2021-12-24_11:11:02.224 [main] DEBUG org.apache.http.wire -  << "Date: Fri, 24 Dec 2021 05:41:01 GMT[\r][\n]"
2021-12-24_11:11:02.224 [main] DEBUG org.apache.http.wire -  << "Keep-Alive: timeout=60[\r][\n]"
2021-12-24_11:11:02.224 [main] DEBUG org.apache.http.wire -  << "Content-Type: application/json[\r][\n]"
2021-12-24_11:11:02.224 [main] DEBUG org.apache.http.wire -  << "Transfer-Encoding: chunked[\r][\n]"
2021-12-24_11:11:02.224 [main] DEBUG org.apache.http.wire -  << "Connection: keep-alive[\r][\n]"
2021-12-24_11:11:02.225 [main] DEBUG org.apache.http.wire -  << "[\r][\n]"
2021-12-24_11:11:02.225 [main] DEBUG o.a.h.i.conn.DefaultClientConnection - Receiving response: HTTP/1.1 200 
2021-12-24_11:11:02.225 [main] DEBUG org.apache.http.headers - << HTTP/1.1 200 
2021-12-24_11:11:02.225 [main] DEBUG org.apache.http.headers - << Access-Control-Allow-Methods: GET, POST
2021-12-24_11:11:02.225 [main] DEBUG org.apache.http.headers - << Access-Control-Allow-Origin: *
2021-12-24_11:11:02.225 [main] DEBUG org.apache.http.headers - << Content-Security-Policy: default-src 'none'
2021-12-24_11:11:02.225 [main] DEBUG org.apache.http.headers - << Feature-Policy: 'none'
2021-12-24_11:11:02.225 [main] DEBUG org.apache.http.headers - << Referrer-Policy: no-referrer
2021-12-24_11:11:02.225 [main] DEBUG org.apache.http.headers - << Strict-Transport-Security: max-age=31536000 ; includeSubDomains
2021-12-24_11:11:02.225 [main] DEBUG org.apache.http.headers - << Date: Fri, 24 Dec 2021 05:41:01 GMT
2021-12-24_11:11:02.225 [main] DEBUG org.apache.http.headers - << Keep-Alive: timeout=60
2021-12-24_11:11:02.225 [main] DEBUG org.apache.http.headers - << Content-Type: application/json
2021-12-24_11:11:02.225 [main] DEBUG org.apache.http.headers - << Transfer-Encoding: chunked
2021-12-24_11:11:02.225 [main] DEBUG org.apache.http.headers - << Connection: keep-alive
2021-12-24_11:11:02.226 [main] DEBUG o.a.h.impl.client.DefaultHttpClient - Connection can be kept alive for 60000 MILLISECONDS
2021-12-24_11:11:02.226 [main] DEBUG i.r.i.RequestSpecificationImpl$RestAssuredHttpBuilder - Parsing response as: application/json
2021-12-24_11:11:02.226 [main] DEBUG i.r.i.RequestSpecificationImpl$RestAssuredHttpBuilder - Parsed data to instance of: class org.apache.http.conn.EofSensorInputStream
2021-12-24_11:11:02.226 [main] INFO  com.qc.BaseAPI - Method :POST
2021-12-24_11:11:02.227 [main] INFO  com.qc.BaseAPI - URI :https://apitest.pineperks.in/card/profile/V1/admin/status/update
2021-12-24_11:11:02.227 [main] INFO  com.qc.BaseAPI - Headers :token=a2578c38163d4b3d9e620660a772e28f
userName=A0aCcnPzDANtKmvSLPKcaw==
Accept=*/*
Content-Type=application/json; charset=UTF-8
2021-12-24_11:11:02.227 [main] INFO  com.qc.BaseAPI - Body :{"remarks":"Test","cardStatusUpdateRequestList":[{"reason":"1","referenceNumber":"8239336232","cardStatus":"2"}]}
2021-12-24_11:11:02.227 [main] INFO  com.qc.BaseAPI - ********************RESPONSE********************
2021-12-24_11:11:02.228 [main] DEBUG org.apache.http.wire -  << "ac[\r][\n]"
2021-12-24_11:11:02.228 [main] DEBUG org.apache.http.wire -  << "{"cardStatusUpdateResponseList":[{"referenceNumber":8239336232,"responseCode":0,"responseMessage":"Success"}],"remarks":"Test","responseCode":0,"responseMessage":"Success"}"
2021-12-24_11:11:02.228 [main] DEBUG org.apache.http.wire -  << "[\r][\n]"
2021-12-24_11:11:02.228 [main] DEBUG org.apache.http.wire -  << "0[\r][\n]"
2021-12-24_11:11:02.228 [main] DEBUG org.apache.http.wire -  << "[\r][\n]"
2021-12-24_11:11:02.228 [main] DEBUG o.a.h.i.c.BasicClientConnectionManager - Releasing connection org.apache.http.impl.conn.ManagedClientConnectionImpl@4e7d73b0
2021-12-24_11:11:02.228 [main] DEBUG o.a.h.i.c.BasicClientConnectionManager - Connection can be kept alive for 60000 MILLISECONDS
2021-12-24_11:11:02.229 [main] INFO  com.qc.BaseAPI - Response :{
    "cardStatusUpdateResponseList": [
        {
            "referenceNumber": 8239336232,
            "responseCode": 0,
            "responseMessage": "Success"
        }
    ],
    "remarks": "Test",
    "responseCode": 0,
    "responseMessage": "Success"
}
2021-12-24_11:11:02.229 [main] INFO  com.qc.BaseAPI -  **** POST call Response time 249 ms
2021-12-24_11:11:02.229 [main] INFO  pl.rest.service.CardUpdate - Time Taken to perform https://apitest.pineperks.in/card/profile/V1/admin/status/update transaction: 249
2021-12-24_11:11:02.234 [main] INFO  com.qc.qa.utils.TestDataReader - Reading Json data authorizeHeaders
2021-12-24_11:11:02.237 [main] INFO  com.qc.qa.utils.TestDataReader - Reading json data from file @ testData/api/devAPIData.json
2021-12-24_11:11:02.239 [main] INFO  p.r.service.CorporateAndCardDetails - CardIssue Rest API URL :- https://apitest.pineperks.in/card/profile/V1/detail
2021-12-24_11:11:02.239 [main] INFO  com.qc.BaseAPI - POST call to URL https://apitest.pineperks.in/card/profile/V1/detail
2021-12-24_11:11:02.244 [main] INFO  com.qc.BaseAPI - ********************REQUEST********************
2021-12-24_11:11:02.255 [main] DEBUG o.a.h.i.c.BasicClientConnectionManager - Get connection for route {s}->https://apitest.pineperks.in:443
2021-12-24_11:11:02.255 [main] DEBUG o.a.h.i.c.DefaultClientConnectionOperator - Connecting to apitest.pineperks.in:443
2021-12-24_11:11:02.388 [main] DEBUG o.a.h.c.protocol.RequestAddCookies - CookieSpec selected: ignoreCookies
2021-12-24_11:11:02.388 [main] DEBUG o.a.h.c.protocol.RequestAuthCache - Auth cache not set in the context
2021-12-24_11:11:02.388 [main] DEBUG o.a.h.c.p.RequestTargetAuthentication - Target auth state: UNCHALLENGED
2021-12-24_11:11:02.388 [main] DEBUG o.a.h.c.p.RequestProxyAuthentication - Proxy auth state: UNCHALLENGED
2021-12-24_11:11:02.388 [main] DEBUG o.a.h.impl.client.DefaultHttpClient - Attempt 1 to execute request
2021-12-24_11:11:02.388 [main] DEBUG o.a.h.i.conn.DefaultClientConnection - Sending request: POST /card/profile/V1/detail HTTP/1.1
2021-12-24_11:11:02.388 [main] DEBUG org.apache.http.wire -  >> "POST /card/profile/V1/detail HTTP/1.1[\r][\n]"
2021-12-24_11:11:02.388 [main] DEBUG org.apache.http.wire -  >> "Accept: */*[\r][\n]"
2021-12-24_11:11:02.389 [main] DEBUG org.apache.http.wire -  >> "userName: A0aCcnPzDANtKmvSLPKcaw==[\r][\n]"
2021-12-24_11:11:02.389 [main] DEBUG org.apache.http.wire -  >> "token: a2578c38163d4b3d9e620660a772e28f[\r][\n]"
2021-12-24_11:11:02.389 [main] DEBUG org.apache.http.wire -  >> "Content-Type: application/json; charset=UTF-8[\r][\n]"
2021-12-24_11:11:02.389 [main] DEBUG org.apache.http.wire -  >> "Content-Length: 40[\r][\n]"
2021-12-24_11:11:02.389 [main] DEBUG org.apache.http.wire -  >> "Host: apitest.pineperks.in[\r][\n]"
2021-12-24_11:11:02.389 [main] DEBUG org.apache.http.wire -  >> "Connection: Keep-Alive[\r][\n]"
2021-12-24_11:11:02.389 [main] DEBUG org.apache.http.wire -  >> "User-Agent: Apache-HttpClient/4.5.2 (Java/1.8.0_202)[\r][\n]"
2021-12-24_11:11:02.389 [main] DEBUG org.apache.http.wire -  >> "Accept-Encoding: gzip,deflate[\r][\n]"
2021-12-24_11:11:02.389 [main] DEBUG org.apache.http.wire -  >> "[\r][\n]"
2021-12-24_11:11:02.389 [main] DEBUG org.apache.http.headers - >> POST /card/profile/V1/detail HTTP/1.1
2021-12-24_11:11:02.389 [main] DEBUG org.apache.http.headers - >> Accept: */*
2021-12-24_11:11:02.389 [main] DEBUG org.apache.http.headers - >> userName: A0aCcnPzDANtKmvSLPKcaw==
2021-12-24_11:11:02.390 [main] DEBUG org.apache.http.headers - >> token: a2578c38163d4b3d9e620660a772e28f
2021-12-24_11:11:02.390 [main] DEBUG org.apache.http.headers - >> Content-Type: application/json; charset=UTF-8
2021-12-24_11:11:02.390 [main] DEBUG org.apache.http.headers - >> Content-Length: 40
2021-12-24_11:11:02.390 [main] DEBUG org.apache.http.headers - >> Host: apitest.pineperks.in
2021-12-24_11:11:02.390 [main] DEBUG org.apache.http.headers - >> Connection: Keep-Alive
2021-12-24_11:11:02.390 [main] DEBUG org.apache.http.headers - >> User-Agent: Apache-HttpClient/4.5.2 (Java/1.8.0_202)
2021-12-24_11:11:02.390 [main] DEBUG org.apache.http.headers - >> Accept-Encoding: gzip,deflate
2021-12-24_11:11:02.390 [main] DEBUG org.apache.http.wire -  >> "{"cardDetailRequestList":["8239336232"]}"
2021-12-24_11:11:02.413 [main] DEBUG org.apache.http.wire -  << "HTTP/1.1 200 [\r][\n]"
2021-12-24_11:11:02.414 [main] DEBUG org.apache.http.wire -  << "Access-Control-Allow-Methods: GET, POST[\r][\n]"
2021-12-24_11:11:02.414 [main] DEBUG org.apache.http.wire -  << "Access-Control-Allow-Origin: *[\r][\n]"
2021-12-24_11:11:02.414 [main] DEBUG org.apache.http.wire -  << "Content-Security-Policy: default-src 'none'[\r][\n]"
2021-12-24_11:11:02.414 [main] DEBUG org.apache.http.wire -  << "Feature-Policy: 'none'[\r][\n]"
2021-12-24_11:11:02.414 [main] DEBUG org.apache.http.wire -  << "Referrer-Policy: no-referrer[\r][\n]"
2021-12-24_11:11:02.414 [main] DEBUG org.apache.http.wire -  << "Strict-Transport-Security: max-age=31536000 ; includeSubDomains[\r][\n]"
2021-12-24_11:11:02.414 [main] DEBUG org.apache.http.wire -  << "Date: Fri, 24 Dec 2021 05:41:01 GMT[\r][\n]"
2021-12-24_11:11:02.414 [main] DEBUG org.apache.http.wire -  << "Keep-Alive: timeout=60[\r][\n]"
2021-12-24_11:11:02.414 [main] DEBUG org.apache.http.wire -  << "Content-Type: application/json[\r][\n]"
2021-12-24_11:11:02.414 [main] DEBUG org.apache.http.wire -  << "Transfer-Encoding: chunked[\r][\n]"
2021-12-24_11:11:02.414 [main] DEBUG org.apache.http.wire -  << "Connection: keep-alive[\r][\n]"
2021-12-24_11:11:02.414 [main] DEBUG org.apache.http.wire -  << "[\r][\n]"
2021-12-24_11:11:02.414 [main] DEBUG o.a.h.i.conn.DefaultClientConnection - Receiving response: HTTP/1.1 200 
2021-12-24_11:11:02.414 [main] DEBUG org.apache.http.headers - << HTTP/1.1 200 
2021-12-24_11:11:02.415 [main] DEBUG org.apache.http.headers - << Access-Control-Allow-Methods: GET, POST
2021-12-24_11:11:02.415 [main] DEBUG org.apache.http.headers - << Access-Control-Allow-Origin: *
2021-12-24_11:11:02.415 [main] DEBUG org.apache.http.headers - << Content-Security-Policy: default-src 'none'
2021-12-24_11:11:02.415 [main] DEBUG org.apache.http.headers - << Feature-Policy: 'none'
2021-12-24_11:11:02.415 [main] DEBUG org.apache.http.headers - << Referrer-Policy: no-referrer
2021-12-24_11:11:02.415 [main] DEBUG org.apache.http.headers - << Strict-Transport-Security: max-age=31536000 ; includeSubDomains
2021-12-24_11:11:02.415 [main] DEBUG org.apache.http.headers - << Date: Fri, 24 Dec 2021 05:41:01 GMT
2021-12-24_11:11:02.415 [main] DEBUG org.apache.http.headers - << Keep-Alive: timeout=60
2021-12-24_11:11:02.415 [main] DEBUG org.apache.http.headers - << Content-Type: application/json
2021-12-24_11:11:02.415 [main] DEBUG org.apache.http.headers - << Transfer-Encoding: chunked
2021-12-24_11:11:02.415 [main] DEBUG org.apache.http.headers - << Connection: keep-alive
2021-12-24_11:11:02.415 [main] DEBUG o.a.h.impl.client.DefaultHttpClient - Connection can be kept alive for 60000 MILLISECONDS
2021-12-24_11:11:02.416 [main] DEBUG i.r.i.RequestSpecificationImpl$RestAssuredHttpBuilder - Parsing response as: application/json
2021-12-24_11:11:02.416 [main] DEBUG i.r.i.RequestSpecificationImpl$RestAssuredHttpBuilder - Parsed data to instance of: class org.apache.http.conn.EofSensorInputStream
2021-12-24_11:11:02.417 [main] INFO  com.qc.BaseAPI - Method :POST
2021-12-24_11:11:02.418 [main] INFO  com.qc.BaseAPI - URI :https://apitest.pineperks.in/card/profile/V1/detail
2021-12-24_11:11:02.418 [main] INFO  com.qc.BaseAPI - Headers :token=a2578c38163d4b3d9e620660a772e28f
userName=A0aCcnPzDANtKmvSLPKcaw==
Accept=*/*
Content-Type=application/json; charset=UTF-8
2021-12-24_11:11:02.418 [main] INFO  com.qc.BaseAPI - Body :{"cardDetailRequestList":["8239336232"]}
2021-12-24_11:11:02.418 [main] INFO  com.qc.BaseAPI - ********************RESPONSE********************
2021-12-24_11:11:02.419 [main] DEBUG org.apache.http.wire -  << "3c0[\r][\n]"
2021-12-24_11:11:02.419 [main] DEBUG org.apache.http.wire -  << "{"cardDetailResponseList":[{"cardReferenceNumber":8239336232,"maskedCardNumber":"608364******2295","cardStatus":2,"kycStatus":null,"cardSchemeId":7,"pinMode":4,"cardName":"milson Card","cardVariant":2,"cardCategoryId":4,"loadAmount":1000,"redeemedAmount":0,"balance":1000,"issuedOn":"24-Dec-2021","expiryDate":"31-Dec-2023","isEcommTransactionEnabled":true,"ecommRedeemTransactionLimit":0,"isPOSTransactionEnabled":false,"posRedeemTransactionLimit":0,"monthlyCreditAmount":null,"lastCreditedOn":null,"activatedOn":null,"activationName":"Afzal","activationMobileNumber":8284854535,"activationEmail":"afzal.ahmed@pinelabs.com","customerName":"Afzal ahmed","customerMobile":8284854535,"customerEmail":null,"blockedOn":null,"terminatedOn":null,"terminatedBy":null,"reason":"Lost","reIssuedOn":null,"reIssuedBy":null,"reIssuedByCardReferenceNumber":null,"reIssueCharges":0,"responseCode":0,"responseMessage":"Success"}],"responseCode":0,"responseMessage":"Success"}"
2021-12-24_11:11:02.419 [main] DEBUG org.apache.http.wire -  << "[\r][\n]"
2021-12-24_11:11:02.419 [main] DEBUG org.apache.http.wire -  << "0[\r][\n]"
2021-12-24_11:11:02.419 [main] DEBUG org.apache.http.wire -  << "[\r][\n]"
2021-12-24_11:11:02.419 [main] DEBUG o.a.h.i.c.BasicClientConnectionManager - Releasing connection org.apache.http.impl.conn.ManagedClientConnectionImpl@2453be86
2021-12-24_11:11:02.420 [main] DEBUG o.a.h.i.c.BasicClientConnectionManager - Connection can be kept alive for 60000 MILLISECONDS
2021-12-24_11:11:02.421 [main] INFO  com.qc.BaseAPI - Response :{
    "cardDetailResponseList": [
        {
            "cardReferenceNumber": 8239336232,
            "maskedCardNumber": "608364******2295",
            "cardStatus": 2,
            "kycStatus": null,
            "cardSchemeId": 7,
            "pinMode": 4,
            "cardName": "milson Card",
            "cardVariant": 2,
            "cardCategoryId": 4,
            "loadAmount": 1000,
            "redeemedAmount": 0,
            "balance": 1000,
            "issuedOn": "24-Dec-2021",
            "expiryDate": "31-Dec-2023",
            "isEcommTransactionEnabled": true,
            "ecommRedeemTransactionLimit": 0,
            "isPOSTransactionEnabled": false,
            "posRedeemTransactionLimit": 0,
            "monthlyCreditAmount": null,
            "lastCreditedOn": null,
            "activatedOn": null,
            "activationName": "Afzal",
            "activationMobileNumber": 8284854535,
            "activationEmail": "afzal.ahmed@pinelabs.com",
            "customerName": "Afzal ahmed",
            "customerMobile": 8284854535,
            "customerEmail": null,
            "blockedOn": null,
            "terminatedOn": null,
            "terminatedBy": null,
            "reason": "Lost",
            "reIssuedOn": null,
            "reIssuedBy": null,
            "reIssuedByCardReferenceNumber": null,
            "reIssueCharges": 0,
            "responseCode": 0,
            "responseMessage": "Success"
        }
    ],
    "responseCode": 0,
    "responseMessage": "Success"
}
2021-12-24_11:11:02.422 [main] INFO  com.qc.BaseAPI -  **** POST call Response time 172 ms
2021-12-24_11:11:02.422 [main] INFO  p.r.service.CorporateAndCardDetails - Time Taken to perform https://apitest.pineperks.in/card/profile/V1/detail transaction: 172
