2022-02-03_21:10:37.570 [main] INFO  pl.rest.CustomHooks - SCENARIO NAME: Validating the response of the card card detail API with the database
2022-02-03_21:10:37.575 [main] INFO  pl.rest.CustomHooks - TAG NAMEs: [@Regression, @DB]
2022-02-03_21:10:37.582 [main] INFO  pl.rest.CustomHooks - SCENARIO NAME: Validating the response of the card card detail API with the database
2022-02-03_21:10:37.582 [main] INFO  pl.rest.CustomHooks - TAG NAMEs: [@Regression, @DB]
2022-02-03_21:10:37.649 [main] INFO  pl.rest.CustomHooks - Index: 0, Size: 0
2022-02-03_21:10:38.751 [main] INFO  com.qc.qa.utils.TestDataReader - Reading API Test Data config values from  testData/api/devAPITestData.properties
2022-02-03_21:10:38.769 [main] INFO  pl.rest.service.Authorize - Authorize Rest API URL :- https://apitest.pineperks.in/auth/V1/generate/token
2022-02-03_21:10:38.769 [main] INFO  com.qc.BaseAPI - GET call to URL https://apitest.pineperks.in/auth/V1/generate/token
2022-02-03_21:10:38.960 [main] INFO  com.qc.BaseAPI - ********************REQUEST********************
2022-02-03_21:10:41.793 [main] DEBUG o.a.h.i.c.BasicClientConnectionManager - Get connection for route {s}->https://apitest.pineperks.in:443
2022-02-03_21:10:41.859 [main] DEBUG o.a.h.i.c.DefaultClientConnectionOperator - Connecting to apitest.pineperks.in:443
2022-02-03_21:10:42.092 [main] DEBUG o.a.h.c.protocol.RequestAddCookies - CookieSpec selected: ignoreCookies
2022-02-03_21:10:42.094 [main] DEBUG o.a.h.c.protocol.RequestAuthCache - Auth cache not set in the context
2022-02-03_21:10:42.095 [main] DEBUG o.a.h.c.p.RequestTargetAuthentication - Target auth state: UNCHALLENGED
2022-02-03_21:10:42.096 [main] DEBUG o.a.h.c.p.RequestProxyAuthentication - Proxy auth state: UNCHALLENGED
2022-02-03_21:10:42.096 [main] DEBUG o.a.h.impl.client.DefaultHttpClient - Attempt 1 to execute request
2022-02-03_21:10:42.096 [main] DEBUG o.a.h.i.conn.DefaultClientConnection - Sending request: GET /auth/V1/generate/token HTTP/1.1
2022-02-03_21:10:42.096 [main] DEBUG org.apache.http.wire -  >> "GET /auth/V1/generate/token HTTP/1.1[\r][\n]"
2022-02-03_21:10:42.097 [main] DEBUG org.apache.http.wire -  >> "Content-Type: application/json; charset=UTF-8[\r][\n]"
2022-02-03_21:10:42.098 [main] DEBUG org.apache.http.wire -  >> "Accept: */*[\r][\n]"
2022-02-03_21:10:42.098 [main] DEBUG org.apache.http.wire -  >> "userName: A0aCcnPzDANtKmvSLPKcaw==[\r][\n]"
2022-02-03_21:10:42.098 [main] DEBUG org.apache.http.wire -  >> "Host: apitest.pineperks.in[\r][\n]"
2022-02-03_21:10:42.098 [main] DEBUG org.apache.http.wire -  >> "Connection: Keep-Alive[\r][\n]"
2022-02-03_21:10:42.098 [main] DEBUG org.apache.http.wire -  >> "User-Agent: Apache-HttpClient/4.5.2 (Java/1.8.0_202)[\r][\n]"
2022-02-03_21:10:42.098 [main] DEBUG org.apache.http.wire -  >> "Accept-Encoding: gzip,deflate[\r][\n]"
2022-02-03_21:10:42.099 [main] DEBUG org.apache.http.wire -  >> "[\r][\n]"
2022-02-03_21:10:42.099 [main] DEBUG org.apache.http.headers - >> GET /auth/V1/generate/token HTTP/1.1
2022-02-03_21:10:42.099 [main] DEBUG org.apache.http.headers - >> Content-Type: application/json; charset=UTF-8
2022-02-03_21:10:42.099 [main] DEBUG org.apache.http.headers - >> Accept: */*
2022-02-03_21:10:42.099 [main] DEBUG org.apache.http.headers - >> userName: A0aCcnPzDANtKmvSLPKcaw==
2022-02-03_21:10:42.099 [main] DEBUG org.apache.http.headers - >> Host: apitest.pineperks.in
2022-02-03_21:10:42.099 [main] DEBUG org.apache.http.headers - >> Connection: Keep-Alive
2022-02-03_21:10:42.099 [main] DEBUG org.apache.http.headers - >> User-Agent: Apache-HttpClient/4.5.2 (Java/1.8.0_202)
2022-02-03_21:10:42.100 [main] DEBUG org.apache.http.headers - >> Accept-Encoding: gzip,deflate
2022-02-03_21:10:42.153 [main] DEBUG org.apache.http.wire -  << "HTTP/1.1 200 [\r][\n]"
2022-02-03_21:10:42.158 [main] DEBUG org.apache.http.wire -  << "Access-Control-Allow-Methods: GET, POST[\r][\n]"
2022-02-03_21:10:42.158 [main] DEBUG org.apache.http.wire -  << "Access-Control-Allow-Origin: *[\r][\n]"
2022-02-03_21:10:42.158 [main] DEBUG org.apache.http.wire -  << "Content-Security-Policy: default-src 'none'[\r][\n]"
2022-02-03_21:10:42.159 [main] DEBUG org.apache.http.wire -  << "Feature-Policy: 'none'[\r][\n]"
2022-02-03_21:10:42.159 [main] DEBUG org.apache.http.wire -  << "Referrer-Policy: no-referrer[\r][\n]"
2022-02-03_21:10:42.159 [main] DEBUG org.apache.http.wire -  << "Strict-Transport-Security: max-age=31536000 ; includeSubDomains[\r][\n]"
2022-02-03_21:10:42.160 [main] DEBUG org.apache.http.wire -  << "Date: Thu, 03 Feb 2022 15:40:42 GMT[\r][\n]"
2022-02-03_21:10:42.160 [main] DEBUG org.apache.http.wire -  << "Keep-Alive: timeout=60[\r][\n]"
2022-02-03_21:10:42.160 [main] DEBUG org.apache.http.wire -  << "Content-Type: application/json[\r][\n]"
2022-02-03_21:10:42.161 [main] DEBUG org.apache.http.wire -  << "Transfer-Encoding: chunked[\r][\n]"
2022-02-03_21:10:42.161 [main] DEBUG org.apache.http.wire -  << "Connection: keep-alive[\r][\n]"
2022-02-03_21:10:42.161 [main] DEBUG org.apache.http.wire -  << "[\r][\n]"
2022-02-03_21:10:42.163 [main] DEBUG o.a.h.i.conn.DefaultClientConnection - Receiving response: HTTP/1.1 200 
2022-02-03_21:10:42.163 [main] DEBUG org.apache.http.headers - << HTTP/1.1 200 
2022-02-03_21:10:42.163 [main] DEBUG org.apache.http.headers - << Access-Control-Allow-Methods: GET, POST
2022-02-03_21:10:42.163 [main] DEBUG org.apache.http.headers - << Access-Control-Allow-Origin: *
2022-02-03_21:10:42.163 [main] DEBUG org.apache.http.headers - << Content-Security-Policy: default-src 'none'
2022-02-03_21:10:42.163 [main] DEBUG org.apache.http.headers - << Feature-Policy: 'none'
2022-02-03_21:10:42.163 [main] DEBUG org.apache.http.headers - << Referrer-Policy: no-referrer
2022-02-03_21:10:42.164 [main] DEBUG org.apache.http.headers - << Strict-Transport-Security: max-age=31536000 ; includeSubDomains
2022-02-03_21:10:42.164 [main] DEBUG org.apache.http.headers - << Date: Thu, 03 Feb 2022 15:40:42 GMT
2022-02-03_21:10:42.164 [main] DEBUG org.apache.http.headers - << Keep-Alive: timeout=60
2022-02-03_21:10:42.164 [main] DEBUG org.apache.http.headers - << Content-Type: application/json
2022-02-03_21:10:42.164 [main] DEBUG org.apache.http.headers - << Transfer-Encoding: chunked
2022-02-03_21:10:42.164 [main] DEBUG org.apache.http.headers - << Connection: keep-alive
2022-02-03_21:10:42.175 [main] DEBUG o.a.h.impl.client.DefaultHttpClient - Connection can be kept alive for 60000 MILLISECONDS
2022-02-03_21:10:42.202 [main] DEBUG i.r.i.RequestSpecificationImpl$RestAssuredHttpBuilder - Parsing response as: application/json
2022-02-03_21:10:42.202 [main] DEBUG i.r.i.RequestSpecificationImpl$RestAssuredHttpBuilder - Parsed data to instance of: class org.apache.http.conn.EofSensorInputStream
2022-02-03_21:10:42.224 [main] INFO  com.qc.BaseAPI - Method :GET
2022-02-03_21:10:42.226 [main] INFO  com.qc.BaseAPI - URI :https://apitest.pineperks.in/auth/V1/generate/token
2022-02-03_21:10:42.227 [main] INFO  com.qc.BaseAPI - Headers :userName=A0aCcnPzDANtKmvSLPKcaw==
Accept=*/*
Content-Type=application/json; charset=UTF-8
2022-02-03_21:10:42.227 [main] INFO  com.qc.BaseAPI - Body :null
2022-02-03_21:10:42.227 [main] INFO  com.qc.BaseAPI - ********************RESPONSE********************
2022-02-03_21:10:42.244 [main] DEBUG org.apache.http.wire -  << "7f[\r][\n]"
2022-02-03_21:10:42.245 [main] DEBUG org.apache.http.wire -  << "{"accessToken":"2dbae5f9f7eb4ea2a6dd50bebd07fbd0","tokenExpiryTime":"03-Feb-2024","responseCode":0,"responseMessage":"Success"}"
2022-02-03_21:10:42.246 [main] DEBUG org.apache.http.wire -  << "[\r][\n]"
2022-02-03_21:10:42.247 [main] DEBUG org.apache.http.wire -  << "0[\r][\n]"
2022-02-03_21:10:42.247 [main] DEBUG org.apache.http.wire -  << "[\r][\n]"
2022-02-03_21:10:42.247 [main] DEBUG o.a.h.i.c.BasicClientConnectionManager - Releasing connection org.apache.http.impl.conn.ManagedClientConnectionImpl@3400f5aa
2022-02-03_21:10:42.248 [main] DEBUG o.a.h.i.c.BasicClientConnectionManager - Connection can be kept alive for 60000 MILLISECONDS
2022-02-03_21:10:42.304 [main] INFO  com.qc.BaseAPI - Response :{
    "accessToken": "2dbae5f9f7eb4ea2a6dd50bebd07fbd0",
    "tokenExpiryTime": "03-Feb-2024",
    "responseCode": 0,
    "responseMessage": "Success"
}
2022-02-03_21:10:42.307 [main] INFO  com.qc.BaseAPI -  **** GET call Response time 3250 ms
2022-02-03_21:10:42.308 [main] INFO  pl.rest.service.Authorize - Time Taken to perform https://apitest.pineperks.in/auth/V1/generate/token transaction: 3250
2022-02-03_21:10:42.434 [main] INFO  com.qc.qa.utils.TestDataReader - Reading Json data authorizeHeaders
2022-02-03_21:10:42.439 [main] INFO  com.qc.qa.utils.TestDataReader - Reading json data from file @ testData/api/devAPIData.json
2022-02-03_21:10:42.460 [main] INFO  pl.rest.service.CardIssue - CardIssue Rest API URL :- https://apitest.pineperks.in/card/order/V1/instant/issue/nonreloadable/digital
2022-02-03_21:10:42.461 [main] INFO  com.qc.BaseAPI - POST call to URL https://apitest.pineperks.in/card/order/V1/instant/issue/nonreloadable/digital
2022-02-03_21:10:42.470 [main] INFO  com.qc.BaseAPI - ********************REQUEST********************
2022-02-03_21:10:42.511 [main] DEBUG o.a.h.i.c.BasicClientConnectionManager - Get connection for route {s}->https://apitest.pineperks.in:443
2022-02-03_21:10:42.511 [main] DEBUG o.a.h.i.c.DefaultClientConnectionOperator - Connecting to apitest.pineperks.in:443
2022-02-03_21:10:42.668 [main] DEBUG o.a.h.c.protocol.RequestAddCookies - CookieSpec selected: ignoreCookies
2022-02-03_21:10:42.669 [main] DEBUG o.a.h.c.protocol.RequestAuthCache - Auth cache not set in the context
2022-02-03_21:10:42.669 [main] DEBUG o.a.h.c.p.RequestTargetAuthentication - Target auth state: UNCHALLENGED
2022-02-03_21:10:42.669 [main] DEBUG o.a.h.c.p.RequestProxyAuthentication - Proxy auth state: UNCHALLENGED
2022-02-03_21:10:42.670 [main] DEBUG o.a.h.impl.client.DefaultHttpClient - Attempt 1 to execute request
2022-02-03_21:10:42.670 [main] DEBUG o.a.h.i.conn.DefaultClientConnection - Sending request: POST /card/order/V1/instant/issue/nonreloadable/digital HTTP/1.1
2022-02-03_21:10:42.670 [main] DEBUG org.apache.http.wire -  >> "POST /card/order/V1/instant/issue/nonreloadable/digital HTTP/1.1[\r][\n]"
2022-02-03_21:10:42.671 [main] DEBUG org.apache.http.wire -  >> "Accept: */*[\r][\n]"
2022-02-03_21:10:42.671 [main] DEBUG org.apache.http.wire -  >> "userName: A0aCcnPzDANtKmvSLPKcaw==[\r][\n]"
2022-02-03_21:10:42.671 [main] DEBUG org.apache.http.wire -  >> "token: 2dbae5f9f7eb4ea2a6dd50bebd07fbd0[\r][\n]"
2022-02-03_21:10:42.672 [main] DEBUG org.apache.http.wire -  >> "Content-Type: application/json; charset=UTF-8[\r][\n]"
2022-02-03_21:10:42.672 [main] DEBUG org.apache.http.wire -  >> "Content-Length: 241[\r][\n]"
2022-02-03_21:10:42.673 [main] DEBUG org.apache.http.wire -  >> "Host: apitest.pineperks.in[\r][\n]"
2022-02-03_21:10:42.673 [main] DEBUG org.apache.http.wire -  >> "Connection: Keep-Alive[\r][\n]"
2022-02-03_21:10:42.673 [main] DEBUG org.apache.http.wire -  >> "User-Agent: Apache-HttpClient/4.5.2 (Java/1.8.0_202)[\r][\n]"
2022-02-03_21:10:42.673 [main] DEBUG org.apache.http.wire -  >> "Accept-Encoding: gzip,deflate[\r][\n]"
2022-02-03_21:10:42.673 [main] DEBUG org.apache.http.wire -  >> "[\r][\n]"
2022-02-03_21:10:42.673 [main] DEBUG org.apache.http.headers - >> POST /card/order/V1/instant/issue/nonreloadable/digital HTTP/1.1
2022-02-03_21:10:42.674 [main] DEBUG org.apache.http.headers - >> Accept: */*
2022-02-03_21:10:42.674 [main] DEBUG org.apache.http.headers - >> userName: A0aCcnPzDANtKmvSLPKcaw==
2022-02-03_21:10:42.674 [main] DEBUG org.apache.http.headers - >> token: 2dbae5f9f7eb4ea2a6dd50bebd07fbd0
2022-02-03_21:10:42.674 [main] DEBUG org.apache.http.headers - >> Content-Type: application/json; charset=UTF-8
2022-02-03_21:10:42.674 [main] DEBUG org.apache.http.headers - >> Content-Length: 241
2022-02-03_21:10:42.674 [main] DEBUG org.apache.http.headers - >> Host: apitest.pineperks.in
2022-02-03_21:10:42.674 [main] DEBUG org.apache.http.headers - >> Connection: Keep-Alive
2022-02-03_21:10:42.674 [main] DEBUG org.apache.http.headers - >> User-Agent: Apache-HttpClient/4.5.2 (Java/1.8.0_202)
2022-02-03_21:10:42.674 [main] DEBUG org.apache.http.headers - >> Accept-Encoding: gzip,deflate
2022-02-03_21:10:42.675 [main] DEBUG org.apache.http.wire -  >> "{"isLinkToBeSentOnMobile":true,"checksum":"5x3GNrnStyS2PkMvV6EeAw==","cardDetailList":[{"amount":"1000","mobileNumber":"8284854535","customerName":"afzal","email":"afzal.ahmed@pinelabs.com"}],"externalRequestId":"GL9WOX7","cardSchemeId":"7"}"
2022-02-03_21:10:43.024 [main] DEBUG org.apache.http.wire -  << "HTTP/1.1 200 [\r][\n]"
2022-02-03_21:10:43.024 [main] DEBUG org.apache.http.wire -  << "Access-Control-Allow-Methods: GET, POST[\r][\n]"
2022-02-03_21:10:43.024 [main] DEBUG org.apache.http.wire -  << "Access-Control-Allow-Origin: *[\r][\n]"
2022-02-03_21:10:43.024 [main] DEBUG org.apache.http.wire -  << "Content-Security-Policy: default-src 'none'[\r][\n]"
2022-02-03_21:10:43.024 [main] DEBUG org.apache.http.wire -  << "Feature-Policy: 'none'[\r][\n]"
2022-02-03_21:10:43.024 [main] DEBUG org.apache.http.wire -  << "Referrer-Policy: no-referrer[\r][\n]"
2022-02-03_21:10:43.024 [main] DEBUG org.apache.http.wire -  << "Strict-Transport-Security: max-age=31536000 ; includeSubDomains[\r][\n]"
2022-02-03_21:10:43.024 [main] DEBUG org.apache.http.wire -  << "Date: Thu, 03 Feb 2022 15:40:42 GMT[\r][\n]"
2022-02-03_21:10:43.024 [main] DEBUG org.apache.http.wire -  << "Keep-Alive: timeout=60[\r][\n]"
2022-02-03_21:10:43.025 [main] DEBUG org.apache.http.wire -  << "Content-Type: application/json[\r][\n]"
2022-02-03_21:10:43.025 [main] DEBUG org.apache.http.wire -  << "Transfer-Encoding: chunked[\r][\n]"
2022-02-03_21:10:43.025 [main] DEBUG org.apache.http.wire -  << "Connection: keep-alive[\r][\n]"
2022-02-03_21:10:43.025 [main] DEBUG org.apache.http.wire -  << "[\r][\n]"
2022-02-03_21:10:43.026 [main] DEBUG o.a.h.i.conn.DefaultClientConnection - Receiving response: HTTP/1.1 200 
2022-02-03_21:10:43.026 [main] DEBUG org.apache.http.headers - << HTTP/1.1 200 
2022-02-03_21:10:43.026 [main] DEBUG org.apache.http.headers - << Access-Control-Allow-Methods: GET, POST
2022-02-03_21:10:43.026 [main] DEBUG org.apache.http.headers - << Access-Control-Allow-Origin: *
2022-02-03_21:10:43.026 [main] DEBUG org.apache.http.headers - << Content-Security-Policy: default-src 'none'
2022-02-03_21:10:43.026 [main] DEBUG org.apache.http.headers - << Feature-Policy: 'none'
2022-02-03_21:10:43.026 [main] DEBUG org.apache.http.headers - << Referrer-Policy: no-referrer
2022-02-03_21:10:43.026 [main] DEBUG org.apache.http.headers - << Strict-Transport-Security: max-age=31536000 ; includeSubDomains
2022-02-03_21:10:43.026 [main] DEBUG org.apache.http.headers - << Date: Thu, 03 Feb 2022 15:40:42 GMT
2022-02-03_21:10:43.026 [main] DEBUG org.apache.http.headers - << Keep-Alive: timeout=60
2022-02-03_21:10:43.026 [main] DEBUG org.apache.http.headers - << Content-Type: application/json
2022-02-03_21:10:43.026 [main] DEBUG org.apache.http.headers - << Transfer-Encoding: chunked
2022-02-03_21:10:43.026 [main] DEBUG org.apache.http.headers - << Connection: keep-alive
2022-02-03_21:10:43.027 [main] DEBUG o.a.h.impl.client.DefaultHttpClient - Connection can be kept alive for 60000 MILLISECONDS
2022-02-03_21:10:43.028 [main] DEBUG i.r.i.RequestSpecificationImpl$RestAssuredHttpBuilder - Parsing response as: application/json
2022-02-03_21:10:43.028 [main] DEBUG i.r.i.RequestSpecificationImpl$RestAssuredHttpBuilder - Parsed data to instance of: class org.apache.http.conn.EofSensorInputStream
2022-02-03_21:10:43.030 [main] INFO  com.qc.BaseAPI - Method :POST
2022-02-03_21:10:43.033 [main] INFO  com.qc.BaseAPI - URI :https://apitest.pineperks.in/card/order/V1/instant/issue/nonreloadable/digital
2022-02-03_21:10:43.033 [main] INFO  com.qc.BaseAPI - Headers :token=2dbae5f9f7eb4ea2a6dd50bebd07fbd0
userName=A0aCcnPzDANtKmvSLPKcaw==
Accept=*/*
Content-Type=application/json; charset=UTF-8
2022-02-03_21:10:43.033 [main] INFO  com.qc.BaseAPI - Body :{"isLinkToBeSentOnMobile":true,"checksum":"5x3GNrnStyS2PkMvV6EeAw==","cardDetailList":[{"amount":"1000","mobileNumber":"8284854535","customerName":"afzal","email":"afzal.ahmed@pinelabs.com"}],"externalRequestId":"GL9WOX7","cardSchemeId":"7"}
2022-02-03_21:10:43.034 [main] INFO  com.qc.BaseAPI - ********************RESPONSE********************
2022-02-03_21:10:43.034 [main] DEBUG org.apache.http.wire -  << "1f2[\r][\n]"
2022-02-03_21:10:43.034 [main] DEBUG org.apache.http.wire -  << "{"externalRequestId":"GL9WOX7","orderId":103257,"orderStatus":6,"cardDetailResponseList":[{"referenceNumber":6759571882,"serialNumber":10325700010001,"customerName":"afzal","mobileNumber":8284854535,"email":"afzal.ahmed@pinelabs.com","amount":1000,"cardLink":"test.pineperks.in/eCard?c=V-sZOYrizNYnMlEaYStACw2","responseCode":0,"responseMessage":"Success"}],"successCount":1,"failedCount":0,"orderAmount":1000,"issuanceCharge":100,"netOrderAmount":1100,"responseCode":0,"responseMessage":"Success"}"
2022-02-03_21:10:43.034 [main] DEBUG org.apache.http.wire -  << "[\r][\n]"
2022-02-03_21:10:43.035 [main] DEBUG org.apache.http.wire -  << "0[\r][\n]"
2022-02-03_21:10:43.035 [main] DEBUG org.apache.http.wire -  << "[\r][\n]"
2022-02-03_21:10:43.035 [main] DEBUG o.a.h.i.c.BasicClientConnectionManager - Releasing connection org.apache.http.impl.conn.ManagedClientConnectionImpl@26b01fae
2022-02-03_21:10:43.035 [main] DEBUG o.a.h.i.c.BasicClientConnectionManager - Connection can be kept alive for 60000 MILLISECONDS
2022-02-03_21:10:43.037 [main] INFO  com.qc.BaseAPI - Response :{
    "externalRequestId": "GL9WOX7",
    "orderId": 103257,
    "orderStatus": 6,
    "cardDetailResponseList": [
        {
            "referenceNumber": 6759571882,
            "serialNumber": 10325700010001,
            "customerName": "afzal",
            "mobileNumber": 8284854535,
            "email": "afzal.ahmed@pinelabs.com",
            "amount": 1000,
            "cardLink": "test.pineperks.in/eCard?c=V-sZOYrizNYnMlEaYStACw2",
            "responseCode": 0,
            "responseMessage": "Success"
        }
    ],
    "successCount": 1,
    "failedCount": 0,
    "orderAmount": 1000,
    "issuanceCharge": 100,
    "netOrderAmount": 1100,
    "responseCode": 0,
    "responseMessage": "Success"
}
2022-02-03_21:10:43.038 [main] INFO  com.qc.BaseAPI -  **** POST call Response time 557 ms
2022-02-03_21:10:43.038 [main] INFO  pl.rest.service.CardIssue - Time Taken to perform https://apitest.pineperks.in/card/order/V1/instant/issue/nonreloadable/digital transaction: 557
2022-02-03_21:10:43.049 [main] INFO  com.qc.qa.utils.TestDataReader - Reading Json data authorizeHeaders
2022-02-03_21:10:43.054 [main] INFO  com.qc.qa.utils.TestDataReader - Reading json data from file @ testData/api/devAPIData.json
2022-02-03_21:10:43.057 [main] INFO  p.r.service.CorporateAndCardDetails - CardIssue Rest API URL :- https://apitest.pineperks.in/card/profile/V1/detail
2022-02-03_21:10:43.058 [main] INFO  com.qc.BaseAPI - POST call to URL https://apitest.pineperks.in/card/profile/V1/detail
2022-02-03_21:10:43.065 [main] INFO  com.qc.BaseAPI - ********************REQUEST********************
2022-02-03_21:10:43.077 [main] DEBUG o.a.h.i.c.BasicClientConnectionManager - Get connection for route {s}->https://apitest.pineperks.in:443
2022-02-03_21:10:43.078 [main] DEBUG o.a.h.i.c.DefaultClientConnectionOperator - Connecting to apitest.pineperks.in:443
2022-02-03_21:10:43.191 [main] DEBUG o.a.h.c.protocol.RequestAddCookies - CookieSpec selected: ignoreCookies
2022-02-03_21:10:43.191 [main] DEBUG o.a.h.c.protocol.RequestAuthCache - Auth cache not set in the context
2022-02-03_21:10:43.191 [main] DEBUG o.a.h.c.p.RequestTargetAuthentication - Target auth state: UNCHALLENGED
2022-02-03_21:10:43.191 [main] DEBUG o.a.h.c.p.RequestProxyAuthentication - Proxy auth state: UNCHALLENGED
2022-02-03_21:10:43.191 [main] DEBUG o.a.h.impl.client.DefaultHttpClient - Attempt 1 to execute request
2022-02-03_21:10:43.191 [main] DEBUG o.a.h.i.conn.DefaultClientConnection - Sending request: POST /card/profile/V1/detail HTTP/1.1
2022-02-03_21:10:43.192 [main] DEBUG org.apache.http.wire -  >> "POST /card/profile/V1/detail HTTP/1.1[\r][\n]"
2022-02-03_21:10:43.192 [main] DEBUG org.apache.http.wire -  >> "Accept: */*[\r][\n]"
2022-02-03_21:10:43.192 [main] DEBUG org.apache.http.wire -  >> "userName: A0aCcnPzDANtKmvSLPKcaw==[\r][\n]"
2022-02-03_21:10:43.192 [main] DEBUG org.apache.http.wire -  >> "token: 2dbae5f9f7eb4ea2a6dd50bebd07fbd0[\r][\n]"
2022-02-03_21:10:43.192 [main] DEBUG org.apache.http.wire -  >> "Content-Type: application/json; charset=UTF-8[\r][\n]"
2022-02-03_21:10:43.192 [main] DEBUG org.apache.http.wire -  >> "Content-Length: 40[\r][\n]"
2022-02-03_21:10:43.192 [main] DEBUG org.apache.http.wire -  >> "Host: apitest.pineperks.in[\r][\n]"
2022-02-03_21:10:43.192 [main] DEBUG org.apache.http.wire -  >> "Connection: Keep-Alive[\r][\n]"
2022-02-03_21:10:43.192 [main] DEBUG org.apache.http.wire -  >> "User-Agent: Apache-HttpClient/4.5.2 (Java/1.8.0_202)[\r][\n]"
2022-02-03_21:10:43.193 [main] DEBUG org.apache.http.wire -  >> "Accept-Encoding: gzip,deflate[\r][\n]"
2022-02-03_21:10:43.193 [main] DEBUG org.apache.http.wire -  >> "[\r][\n]"
2022-02-03_21:10:43.193 [main] DEBUG org.apache.http.headers - >> POST /card/profile/V1/detail HTTP/1.1
2022-02-03_21:10:43.193 [main] DEBUG org.apache.http.headers - >> Accept: */*
2022-02-03_21:10:43.193 [main] DEBUG org.apache.http.headers - >> userName: A0aCcnPzDANtKmvSLPKcaw==
2022-02-03_21:10:43.193 [main] DEBUG org.apache.http.headers - >> token: 2dbae5f9f7eb4ea2a6dd50bebd07fbd0
2022-02-03_21:10:43.193 [main] DEBUG org.apache.http.headers - >> Content-Type: application/json; charset=UTF-8
2022-02-03_21:10:43.193 [main] DEBUG org.apache.http.headers - >> Content-Length: 40
2022-02-03_21:10:43.193 [main] DEBUG org.apache.http.headers - >> Host: apitest.pineperks.in
2022-02-03_21:10:43.193 [main] DEBUG org.apache.http.headers - >> Connection: Keep-Alive
2022-02-03_21:10:43.193 [main] DEBUG org.apache.http.headers - >> User-Agent: Apache-HttpClient/4.5.2 (Java/1.8.0_202)
2022-02-03_21:10:43.193 [main] DEBUG org.apache.http.headers - >> Accept-Encoding: gzip,deflate
2022-02-03_21:10:43.193 [main] DEBUG org.apache.http.wire -  >> "{"cardDetailRequestList":["6759571882"]}"
2022-02-03_21:10:43.228 [main] DEBUG org.apache.http.wire -  << "HTTP/1.1 200 [\r][\n]"
2022-02-03_21:10:43.228 [main] DEBUG org.apache.http.wire -  << "Access-Control-Allow-Methods: GET, POST[\r][\n]"
2022-02-03_21:10:43.228 [main] DEBUG org.apache.http.wire -  << "Access-Control-Allow-Origin: *[\r][\n]"
2022-02-03_21:10:43.228 [main] DEBUG org.apache.http.wire -  << "Content-Security-Policy: default-src 'none'[\r][\n]"
2022-02-03_21:10:43.228 [main] DEBUG org.apache.http.wire -  << "Feature-Policy: 'none'[\r][\n]"
2022-02-03_21:10:43.229 [main] DEBUG org.apache.http.wire -  << "Referrer-Policy: no-referrer[\r][\n]"
2022-02-03_21:10:43.229 [main] DEBUG org.apache.http.wire -  << "Strict-Transport-Security: max-age=31536000 ; includeSubDomains[\r][\n]"
2022-02-03_21:10:43.229 [main] DEBUG org.apache.http.wire -  << "Date: Thu, 03 Feb 2022 15:40:43 GMT[\r][\n]"
2022-02-03_21:10:43.229 [main] DEBUG org.apache.http.wire -  << "Keep-Alive: timeout=60[\r][\n]"
2022-02-03_21:10:43.229 [main] DEBUG org.apache.http.wire -  << "Content-Type: application/json[\r][\n]"
2022-02-03_21:10:43.229 [main] DEBUG org.apache.http.wire -  << "Transfer-Encoding: chunked[\r][\n]"
2022-02-03_21:10:43.229 [main] DEBUG org.apache.http.wire -  << "Connection: keep-alive[\r][\n]"
2022-02-03_21:10:43.229 [main] DEBUG org.apache.http.wire -  << "[\r][\n]"
2022-02-03_21:10:43.230 [main] DEBUG o.a.h.i.conn.DefaultClientConnection - Receiving response: HTTP/1.1 200 
2022-02-03_21:10:43.230 [main] DEBUG org.apache.http.headers - << HTTP/1.1 200 
2022-02-03_21:10:43.230 [main] DEBUG org.apache.http.headers - << Access-Control-Allow-Methods: GET, POST
2022-02-03_21:10:43.230 [main] DEBUG org.apache.http.headers - << Access-Control-Allow-Origin: *
2022-02-03_21:10:43.230 [main] DEBUG org.apache.http.headers - << Content-Security-Policy: default-src 'none'
2022-02-03_21:10:43.230 [main] DEBUG org.apache.http.headers - << Feature-Policy: 'none'
2022-02-03_21:10:43.230 [main] DEBUG org.apache.http.headers - << Referrer-Policy: no-referrer
2022-02-03_21:10:43.230 [main] DEBUG org.apache.http.headers - << Strict-Transport-Security: max-age=31536000 ; includeSubDomains
2022-02-03_21:10:43.230 [main] DEBUG org.apache.http.headers - << Date: Thu, 03 Feb 2022 15:40:43 GMT
2022-02-03_21:10:43.230 [main] DEBUG org.apache.http.headers - << Keep-Alive: timeout=60
2022-02-03_21:10:43.230 [main] DEBUG org.apache.http.headers - << Content-Type: application/json
2022-02-03_21:10:43.230 [main] DEBUG org.apache.http.headers - << Transfer-Encoding: chunked
2022-02-03_21:10:43.230 [main] DEBUG org.apache.http.headers - << Connection: keep-alive
2022-02-03_21:10:43.230 [main] DEBUG o.a.h.impl.client.DefaultHttpClient - Connection can be kept alive for 60000 MILLISECONDS
2022-02-03_21:10:43.231 [main] DEBUG i.r.i.RequestSpecificationImpl$RestAssuredHttpBuilder - Parsing response as: application/json
2022-02-03_21:10:43.231 [main] DEBUG i.r.i.RequestSpecificationImpl$RestAssuredHttpBuilder - Parsed data to instance of: class org.apache.http.conn.EofSensorInputStream
2022-02-03_21:10:43.231 [main] INFO  com.qc.BaseAPI - Method :POST
2022-02-03_21:10:43.232 [main] INFO  com.qc.BaseAPI - URI :https://apitest.pineperks.in/card/profile/V1/detail
2022-02-03_21:10:43.232 [main] INFO  com.qc.BaseAPI - Headers :token=2dbae5f9f7eb4ea2a6dd50bebd07fbd0
userName=A0aCcnPzDANtKmvSLPKcaw==
Accept=*/*
Content-Type=application/json; charset=UTF-8
2022-02-03_21:10:43.232 [main] INFO  com.qc.BaseAPI - Body :{"cardDetailRequestList":["6759571882"]}
2022-02-03_21:10:43.232 [main] INFO  com.qc.BaseAPI - ********************RESPONSE********************
2022-02-03_21:10:43.233 [main] DEBUG org.apache.http.wire -  << "3c7[\r][\n]"
2022-02-03_21:10:43.233 [main] DEBUG org.apache.http.wire -  << "{"cardDetailResponseList":[{"cardReferenceNumber":6759571882,"maskedCardNumber":"608364******3676","cardStatus":1,"kycStatus":null,"cardSchemeId":7,"pinMode":4,"cardName":"milson Card","cardVariant":2,"cardCategoryId":4,"loadAmount":1000,"redeemedAmount":0,"balance":1000,"issuedOn":"03-Feb-2022","expiryDate":"29-Feb-2024","isEcommTransactionEnabled":true,"ecommRedeemTransactionLimit":0,"isPOSTransactionEnabled":false,"posRedeemTransactionLimit":0,"monthlyCreditAmount":null,"lastCreditedOn":null,"activatedOn":"03-Feb-2022","activationName":"Afzal","activationMobileNumber":8284854535,"activationEmail":"afzal.ahmed@pinelabs.com","customerName":"Afzal ahmed","customerMobile":8284854535,"customerEmail":null,"blockedOn":null,"terminatedOn":null,"terminatedBy":null,"reason":null,"reIssuedOn":null,"reIssuedBy":null,"reIssuedByCardReferenceNumber":null,"reIssueCharges":0,"responseCode":0,"responseMessage":"Success"}],"responseCode":0,"responseMessage":"Success"}"
2022-02-03_21:10:43.233 [main] DEBUG org.apache.http.wire -  << "[\r][\n]"
2022-02-03_21:10:43.233 [main] DEBUG org.apache.http.wire -  << "0[\r][\n]"
2022-02-03_21:10:43.233 [main] DEBUG org.apache.http.wire -  << "[\r][\n]"
2022-02-03_21:10:43.233 [main] DEBUG o.a.h.i.c.BasicClientConnectionManager - Releasing connection org.apache.http.impl.conn.ManagedClientConnectionImpl@14568116
2022-02-03_21:10:43.233 [main] DEBUG o.a.h.i.c.BasicClientConnectionManager - Connection can be kept alive for 60000 MILLISECONDS
2022-02-03_21:10:43.236 [main] INFO  com.qc.BaseAPI - Response :{
    "cardDetailResponseList": [
        {
            "cardReferenceNumber": 6759571882,
            "maskedCardNumber": "608364******3676",
            "cardStatus": 1,
            "kycStatus": null,
            "cardSchemeId": 7,
            "pinMode": 4,
            "cardName": "milson Card",
            "cardVariant": 2,
            "cardCategoryId": 4,
            "loadAmount": 1000,
            "redeemedAmount": 0,
            "balance": 1000,
            "issuedOn": "03-Feb-2022",
            "expiryDate": "29-Feb-2024",
            "isEcommTransactionEnabled": true,
            "ecommRedeemTransactionLimit": 0,
            "isPOSTransactionEnabled": false,
            "posRedeemTransactionLimit": 0,
            "monthlyCreditAmount": null,
            "lastCreditedOn": null,
            "activatedOn": "03-Feb-2022",
            "activationName": "Afzal",
            "activationMobileNumber": 8284854535,
            "activationEmail": "afzal.ahmed@pinelabs.com",
            "customerName": "Afzal ahmed",
            "customerMobile": 8284854535,
            "customerEmail": null,
            "blockedOn": null,
            "terminatedOn": null,
            "terminatedBy": null,
            "reason": null,
            "reIssuedOn": null,
            "reIssuedBy": null,
            "reIssuedByCardReferenceNumber": null,
            "reIssueCharges": 0,
            "responseCode": 0,
            "responseMessage": "Success"
        }
    ],
    "responseCode": 0,
    "responseMessage": "Success"
}
2022-02-03_21:10:43.236 [main] INFO  com.qc.BaseAPI -  **** POST call Response time 165 ms
2022-02-03_21:10:43.236 [main] INFO  p.r.service.CorporateAndCardDetails - Time Taken to perform https://apitest.pineperks.in/card/profile/V1/detail transaction: 165
2022-02-03_21:10:43.804 [main] INFO  pl.rest.utils.DBUtils - Query being executed Select * from Card where referenceNumber=6759571882;
2022-02-03_21:10:43.888 [main] ERROR com.qc.qa.utils.LoadProperties - Missing MySQLDBEnvironment property value in system property or in config.properties files.Please add it if incase required
2022-02-03_21:10:43.890 [main] INFO  com.qc.qa.dbutils.DBPoolProvider - Con pool Total - 400, idle - 0,  Num active - 0
2022-02-03_21:10:43.890 [main] INFO  com.qc.qa.dbutils.DBPoolProvider - Retrieved connection
2022-02-03_21:10:44.999 [Finalizer] DEBUG o.a.h.i.conn.DefaultClientConnection - Connection 0.0.0.0:52595<->14.143.120.84:443 closed
