2022-01-17_17:57:34.553 [main] INFO  pl.rest.CustomHooks - SCENARIO NAME: Issuing a instant non reloadable card
2022-01-17_17:57:34.557 [main] INFO  pl.rest.CustomHooks - TAG NAMEs: [@Regression, @DB]
2022-01-17_17:57:34.561 [main] INFO  pl.rest.CustomHooks - SCENARIO NAME: Issuing a instant non reloadable card
2022-01-17_17:57:34.562 [main] INFO  pl.rest.CustomHooks - TAG NAMEs: [@Regression, @DB]
2022-01-17_17:57:34.629 [main] INFO  pl.rest.CustomHooks - Index: 0, Size: 0
2022-01-17_17:57:35.983 [main] INFO  com.qc.qa.utils.TestDataReader - Reading API Test Data config values from  testData/api/devAPITestData.properties
2022-01-17_17:57:36.001 [main] INFO  pl.rest.service.Authorize - Authorize Rest API URL :- https://apitest.pineperks.in/auth/V1/generate/token
2022-01-17_17:57:36.002 [main] INFO  com.qc.BaseAPI - GET call to URL https://apitest.pineperks.in/auth/V1/generate/token
2022-01-17_17:57:36.183 [main] INFO  com.qc.BaseAPI - ********************REQUEST********************
2022-01-17_17:57:38.541 [main] DEBUG o.a.h.i.c.BasicClientConnectionManager - Get connection for route {s}->https://apitest.pineperks.in:443
2022-01-17_17:57:38.608 [main] DEBUG o.a.h.i.c.DefaultClientConnectionOperator - Connecting to apitest.pineperks.in:443
2022-01-17_17:57:39.092 [main] DEBUG o.a.h.c.protocol.RequestAddCookies - CookieSpec selected: ignoreCookies
2022-01-17_17:57:39.095 [main] DEBUG o.a.h.c.protocol.RequestAuthCache - Auth cache not set in the context
2022-01-17_17:57:39.095 [main] DEBUG o.a.h.c.p.RequestTargetAuthentication - Target auth state: UNCHALLENGED
2022-01-17_17:57:39.096 [main] DEBUG o.a.h.c.p.RequestProxyAuthentication - Proxy auth state: UNCHALLENGED
2022-01-17_17:57:39.097 [main] DEBUG o.a.h.impl.client.DefaultHttpClient - Attempt 1 to execute request
2022-01-17_17:57:39.098 [main] DEBUG o.a.h.i.conn.DefaultClientConnection - Sending request: GET /auth/V1/generate/token HTTP/1.1
2022-01-17_17:57:39.099 [main] DEBUG org.apache.http.wire -  >> "GET /auth/V1/generate/token HTTP/1.1[\r][\n]"
2022-01-17_17:57:39.102 [main] DEBUG org.apache.http.wire -  >> "Content-Type: application/json; charset=UTF-8[\r][\n]"
2022-01-17_17:57:39.103 [main] DEBUG org.apache.http.wire -  >> "Accept: */*[\r][\n]"
2022-01-17_17:57:39.104 [main] DEBUG org.apache.http.wire -  >> "userName: A0aCcnPzDANtKmvSLPKcaw==[\r][\n]"
2022-01-17_17:57:39.104 [main] DEBUG org.apache.http.wire -  >> "Host: apitest.pineperks.in[\r][\n]"
2022-01-17_17:57:39.104 [main] DEBUG org.apache.http.wire -  >> "Connection: Keep-Alive[\r][\n]"
2022-01-17_17:57:39.104 [main] DEBUG org.apache.http.wire -  >> "User-Agent: Apache-HttpClient/4.5.2 (Java/1.8.0_202)[\r][\n]"
2022-01-17_17:57:39.105 [main] DEBUG org.apache.http.wire -  >> "Accept-Encoding: gzip,deflate[\r][\n]"
2022-01-17_17:57:39.105 [main] DEBUG org.apache.http.wire -  >> "[\r][\n]"
2022-01-17_17:57:39.106 [main] DEBUG org.apache.http.headers - >> GET /auth/V1/generate/token HTTP/1.1
2022-01-17_17:57:39.106 [main] DEBUG org.apache.http.headers - >> Content-Type: application/json; charset=UTF-8
2022-01-17_17:57:39.106 [main] DEBUG org.apache.http.headers - >> Accept: */*
2022-01-17_17:57:39.106 [main] DEBUG org.apache.http.headers - >> userName: A0aCcnPzDANtKmvSLPKcaw==
2022-01-17_17:57:39.106 [main] DEBUG org.apache.http.headers - >> Host: apitest.pineperks.in
2022-01-17_17:57:39.106 [main] DEBUG org.apache.http.headers - >> Connection: Keep-Alive
2022-01-17_17:57:39.107 [main] DEBUG org.apache.http.headers - >> User-Agent: Apache-HttpClient/4.5.2 (Java/1.8.0_202)
2022-01-17_17:57:39.107 [main] DEBUG org.apache.http.headers - >> Accept-Encoding: gzip,deflate
2022-01-17_17:57:39.222 [main] DEBUG org.apache.http.wire -  << "HTTP/1.1 200 [\r][\n]"
2022-01-17_17:57:39.227 [main] DEBUG org.apache.http.wire -  << "Access-Control-Allow-Methods: GET, POST[\r][\n]"
2022-01-17_17:57:39.227 [main] DEBUG org.apache.http.wire -  << "Access-Control-Allow-Origin: *[\r][\n]"
2022-01-17_17:57:39.227 [main] DEBUG org.apache.http.wire -  << "Content-Security-Policy: default-src 'none'[\r][\n]"
2022-01-17_17:57:39.228 [main] DEBUG org.apache.http.wire -  << "Feature-Policy: 'none'[\r][\n]"
2022-01-17_17:57:39.229 [main] DEBUG org.apache.http.wire -  << "Referrer-Policy: no-referrer[\r][\n]"
2022-01-17_17:57:39.229 [main] DEBUG org.apache.http.wire -  << "Strict-Transport-Security: max-age=31536000 ; includeSubDomains[\r][\n]"
2022-01-17_17:57:39.230 [main] DEBUG org.apache.http.wire -  << "Date: Mon, 17 Jan 2022 12:27:39 GMT[\r][\n]"
2022-01-17_17:57:39.230 [main] DEBUG org.apache.http.wire -  << "Keep-Alive: timeout=60[\r][\n]"
2022-01-17_17:57:39.230 [main] DEBUG org.apache.http.wire -  << "Content-Type: application/json[\r][\n]"
2022-01-17_17:57:39.230 [main] DEBUG org.apache.http.wire -  << "Transfer-Encoding: chunked[\r][\n]"
2022-01-17_17:57:39.230 [main] DEBUG org.apache.http.wire -  << "Connection: keep-alive[\r][\n]"
2022-01-17_17:57:39.231 [main] DEBUG org.apache.http.wire -  << "[\r][\n]"
2022-01-17_17:57:39.232 [main] DEBUG o.a.h.i.conn.DefaultClientConnection - Receiving response: HTTP/1.1 200 
2022-01-17_17:57:39.232 [main] DEBUG org.apache.http.headers - << HTTP/1.1 200 
2022-01-17_17:57:39.232 [main] DEBUG org.apache.http.headers - << Access-Control-Allow-Methods: GET, POST
2022-01-17_17:57:39.233 [main] DEBUG org.apache.http.headers - << Access-Control-Allow-Origin: *
2022-01-17_17:57:39.233 [main] DEBUG org.apache.http.headers - << Content-Security-Policy: default-src 'none'
2022-01-17_17:57:39.233 [main] DEBUG org.apache.http.headers - << Feature-Policy: 'none'
2022-01-17_17:57:39.233 [main] DEBUG org.apache.http.headers - << Referrer-Policy: no-referrer
2022-01-17_17:57:39.233 [main] DEBUG org.apache.http.headers - << Strict-Transport-Security: max-age=31536000 ; includeSubDomains
2022-01-17_17:57:39.233 [main] DEBUG org.apache.http.headers - << Date: Mon, 17 Jan 2022 12:27:39 GMT
2022-01-17_17:57:39.233 [main] DEBUG org.apache.http.headers - << Keep-Alive: timeout=60
2022-01-17_17:57:39.233 [main] DEBUG org.apache.http.headers - << Content-Type: application/json
2022-01-17_17:57:39.234 [main] DEBUG org.apache.http.headers - << Transfer-Encoding: chunked
2022-01-17_17:57:39.234 [main] DEBUG org.apache.http.headers - << Connection: keep-alive
2022-01-17_17:57:39.244 [main] DEBUG o.a.h.impl.client.DefaultHttpClient - Connection can be kept alive for 60000 MILLISECONDS
2022-01-17_17:57:39.278 [main] DEBUG i.r.i.RequestSpecificationImpl$RestAssuredHttpBuilder - Parsing response as: application/json
2022-01-17_17:57:39.279 [main] DEBUG i.r.i.RequestSpecificationImpl$RestAssuredHttpBuilder - Parsed data to instance of: class org.apache.http.conn.EofSensorInputStream
2022-01-17_17:57:39.312 [main] INFO  com.qc.BaseAPI - Method :GET
2022-01-17_17:57:39.314 [main] INFO  com.qc.BaseAPI - URI :https://apitest.pineperks.in/auth/V1/generate/token
2022-01-17_17:57:39.314 [main] INFO  com.qc.BaseAPI - Headers :userName=A0aCcnPzDANtKmvSLPKcaw==
Accept=*/*
Content-Type=application/json; charset=UTF-8
2022-01-17_17:57:39.314 [main] INFO  com.qc.BaseAPI - Body :null
2022-01-17_17:57:39.314 [main] INFO  com.qc.BaseAPI - ********************RESPONSE********************
2022-01-17_17:57:39.340 [main] DEBUG org.apache.http.wire -  << "7f[\r][\n]"
2022-01-17_17:57:39.341 [main] DEBUG org.apache.http.wire -  << "{"accessToken":"c55c5aa227ba470b8ad846e9a78dd7a0","tokenExpiryTime":"17-May-2022","responseCode":0,"responseMessage":"Success"}"
2022-01-17_17:57:39.342 [main] DEBUG org.apache.http.wire -  << "[\r][\n]"
2022-01-17_17:57:39.343 [main] DEBUG org.apache.http.wire -  << "0[\r][\n]"
2022-01-17_17:57:39.343 [main] DEBUG org.apache.http.wire -  << "[\r][\n]"
2022-01-17_17:57:39.344 [main] DEBUG o.a.h.i.c.BasicClientConnectionManager - Releasing connection org.apache.http.impl.conn.ManagedClientConnectionImpl@43ffaeb8
2022-01-17_17:57:39.344 [main] DEBUG o.a.h.i.c.BasicClientConnectionManager - Connection can be kept alive for 60000 MILLISECONDS
2022-01-17_17:57:39.402 [main] INFO  com.qc.BaseAPI - Response :{
    "accessToken": "c55c5aa227ba470b8ad846e9a78dd7a0",
    "tokenExpiryTime": "17-May-2022",
    "responseCode": 0,
    "responseMessage": "Success"
}
2022-01-17_17:57:39.405 [main] INFO  com.qc.BaseAPI -  **** GET call Response time 3110 ms
2022-01-17_17:57:39.405 [main] INFO  pl.rest.service.Authorize - Time Taken to perform https://apitest.pineperks.in/auth/V1/generate/token transaction: 3110
2022-01-17_17:57:39.492 [main] INFO  com.qc.qa.utils.TestDataReader - Reading Json data authorizeHeaders
2022-01-17_17:57:39.495 [main] INFO  com.qc.qa.utils.TestDataReader - Reading json data from file @ testData/api/devAPIData.json
2022-01-17_17:57:39.517 [main] INFO  pl.rest.service.CardIssue - CardIssue Rest API URL :- https://apitest.pineperks.in/card/order/V1/instant/issue/nonreloadable/digital
2022-01-17_17:57:39.518 [main] INFO  com.qc.BaseAPI - POST call to URL https://apitest.pineperks.in/card/order/V1/instant/issue/nonreloadable/digital
2022-01-17_17:57:39.530 [main] INFO  com.qc.BaseAPI - ********************REQUEST********************
2022-01-17_17:57:39.574 [main] DEBUG o.a.h.i.c.BasicClientConnectionManager - Get connection for route {s}->https://apitest.pineperks.in:443
2022-01-17_17:57:39.575 [main] DEBUG o.a.h.i.c.DefaultClientConnectionOperator - Connecting to apitest.pineperks.in:443
2022-01-17_17:57:39.919 [main] DEBUG o.a.h.c.protocol.RequestAddCookies - CookieSpec selected: ignoreCookies
2022-01-17_17:57:39.919 [main] DEBUG o.a.h.c.protocol.RequestAuthCache - Auth cache not set in the context
2022-01-17_17:57:39.919 [main] DEBUG o.a.h.c.p.RequestTargetAuthentication - Target auth state: UNCHALLENGED
2022-01-17_17:57:39.919 [main] DEBUG o.a.h.c.p.RequestProxyAuthentication - Proxy auth state: UNCHALLENGED
2022-01-17_17:57:39.920 [main] DEBUG o.a.h.impl.client.DefaultHttpClient - Attempt 1 to execute request
2022-01-17_17:57:39.920 [main] DEBUG o.a.h.i.conn.DefaultClientConnection - Sending request: POST /card/order/V1/instant/issue/nonreloadable/digital HTTP/1.1
2022-01-17_17:57:39.920 [main] DEBUG org.apache.http.wire -  >> "POST /card/order/V1/instant/issue/nonreloadable/digital HTTP/1.1[\r][\n]"
2022-01-17_17:57:39.920 [main] DEBUG org.apache.http.wire -  >> "Accept: */*[\r][\n]"
2022-01-17_17:57:39.920 [main] DEBUG org.apache.http.wire -  >> "userName: A0aCcnPzDANtKmvSLPKcaw==[\r][\n]"
2022-01-17_17:57:39.920 [main] DEBUG org.apache.http.wire -  >> "token: c55c5aa227ba470b8ad846e9a78dd7a0[\r][\n]"
2022-01-17_17:57:39.921 [main] DEBUG org.apache.http.wire -  >> "Content-Type: application/json; charset=UTF-8[\r][\n]"
2022-01-17_17:57:39.921 [main] DEBUG org.apache.http.wire -  >> "Content-Length: 241[\r][\n]"
2022-01-17_17:57:39.922 [main] DEBUG org.apache.http.wire -  >> "Host: apitest.pineperks.in[\r][\n]"
2022-01-17_17:57:39.922 [main] DEBUG org.apache.http.wire -  >> "Connection: Keep-Alive[\r][\n]"
2022-01-17_17:57:39.922 [main] DEBUG org.apache.http.wire -  >> "User-Agent: Apache-HttpClient/4.5.2 (Java/1.8.0_202)[\r][\n]"
2022-01-17_17:57:39.922 [main] DEBUG org.apache.http.wire -  >> "Accept-Encoding: gzip,deflate[\r][\n]"
2022-01-17_17:57:39.922 [main] DEBUG org.apache.http.wire -  >> "[\r][\n]"
2022-01-17_17:57:39.922 [main] DEBUG org.apache.http.headers - >> POST /card/order/V1/instant/issue/nonreloadable/digital HTTP/1.1
2022-01-17_17:57:39.922 [main] DEBUG org.apache.http.headers - >> Accept: */*
2022-01-17_17:57:39.922 [main] DEBUG org.apache.http.headers - >> userName: A0aCcnPzDANtKmvSLPKcaw==
2022-01-17_17:57:39.923 [main] DEBUG org.apache.http.headers - >> token: c55c5aa227ba470b8ad846e9a78dd7a0
2022-01-17_17:57:39.923 [main] DEBUG org.apache.http.headers - >> Content-Type: application/json; charset=UTF-8
2022-01-17_17:57:39.923 [main] DEBUG org.apache.http.headers - >> Content-Length: 241
2022-01-17_17:57:39.923 [main] DEBUG org.apache.http.headers - >> Host: apitest.pineperks.in
2022-01-17_17:57:39.923 [main] DEBUG org.apache.http.headers - >> Connection: Keep-Alive
2022-01-17_17:57:39.923 [main] DEBUG org.apache.http.headers - >> User-Agent: Apache-HttpClient/4.5.2 (Java/1.8.0_202)
2022-01-17_17:57:39.923 [main] DEBUG org.apache.http.headers - >> Accept-Encoding: gzip,deflate
2022-01-17_17:57:39.924 [main] DEBUG org.apache.http.wire -  >> "{"isLinkToBeSentOnMobile":true,"checksum":"5x3GNrnStyS2PkMvV6EeAw==","cardDetailList":[{"amount":"1000","mobileNumber":"8284854535","customerName":"afzal","email":"afzal.ahmed@pinelabs.com"}],"externalRequestId":"UmUGYDv","cardSchemeId":"7"}"
2022-01-17_17:57:40.350 [main] DEBUG org.apache.http.wire -  << "HTTP/1.1 200 [\r][\n]"
2022-01-17_17:57:40.351 [main] DEBUG org.apache.http.wire -  << "Access-Control-Allow-Methods: GET, POST[\r][\n]"
2022-01-17_17:57:40.351 [main] DEBUG org.apache.http.wire -  << "Access-Control-Allow-Origin: *[\r][\n]"
2022-01-17_17:57:40.352 [main] DEBUG org.apache.http.wire -  << "Content-Security-Policy: default-src 'none'[\r][\n]"
2022-01-17_17:57:40.352 [main] DEBUG org.apache.http.wire -  << "Feature-Policy: 'none'[\r][\n]"
2022-01-17_17:57:40.352 [main] DEBUG org.apache.http.wire -  << "Referrer-Policy: no-referrer[\r][\n]"
2022-01-17_17:57:40.352 [main] DEBUG org.apache.http.wire -  << "Strict-Transport-Security: max-age=31536000 ; includeSubDomains[\r][\n]"
2022-01-17_17:57:40.352 [main] DEBUG org.apache.http.wire -  << "Date: Mon, 17 Jan 2022 12:27:39 GMT[\r][\n]"
2022-01-17_17:57:40.352 [main] DEBUG org.apache.http.wire -  << "Keep-Alive: timeout=60[\r][\n]"
2022-01-17_17:57:40.352 [main] DEBUG org.apache.http.wire -  << "Content-Type: application/json[\r][\n]"
2022-01-17_17:57:40.353 [main] DEBUG org.apache.http.wire -  << "Transfer-Encoding: chunked[\r][\n]"
2022-01-17_17:57:40.353 [main] DEBUG org.apache.http.wire -  << "Connection: keep-alive[\r][\n]"
2022-01-17_17:57:40.353 [main] DEBUG org.apache.http.wire -  << "[\r][\n]"
2022-01-17_17:57:40.353 [main] DEBUG o.a.h.i.conn.DefaultClientConnection - Receiving response: HTTP/1.1 200 
2022-01-17_17:57:40.353 [main] DEBUG org.apache.http.headers - << HTTP/1.1 200 
2022-01-17_17:57:40.354 [main] DEBUG org.apache.http.headers - << Access-Control-Allow-Methods: GET, POST
2022-01-17_17:57:40.354 [main] DEBUG org.apache.http.headers - << Access-Control-Allow-Origin: *
2022-01-17_17:57:40.354 [main] DEBUG org.apache.http.headers - << Content-Security-Policy: default-src 'none'
2022-01-17_17:57:40.354 [main] DEBUG org.apache.http.headers - << Feature-Policy: 'none'
2022-01-17_17:57:40.354 [main] DEBUG org.apache.http.headers - << Referrer-Policy: no-referrer
2022-01-17_17:57:40.354 [main] DEBUG org.apache.http.headers - << Strict-Transport-Security: max-age=31536000 ; includeSubDomains
2022-01-17_17:57:40.354 [main] DEBUG org.apache.http.headers - << Date: Mon, 17 Jan 2022 12:27:39 GMT
2022-01-17_17:57:40.354 [main] DEBUG org.apache.http.headers - << Keep-Alive: timeout=60
2022-01-17_17:57:40.354 [main] DEBUG org.apache.http.headers - << Content-Type: application/json
2022-01-17_17:57:40.354 [main] DEBUG org.apache.http.headers - << Transfer-Encoding: chunked
2022-01-17_17:57:40.355 [main] DEBUG org.apache.http.headers - << Connection: keep-alive
2022-01-17_17:57:40.355 [main] DEBUG o.a.h.impl.client.DefaultHttpClient - Connection can be kept alive for 60000 MILLISECONDS
2022-01-17_17:57:40.356 [main] DEBUG i.r.i.RequestSpecificationImpl$RestAssuredHttpBuilder - Parsing response as: application/json
2022-01-17_17:57:40.356 [main] DEBUG i.r.i.RequestSpecificationImpl$RestAssuredHttpBuilder - Parsed data to instance of: class org.apache.http.conn.EofSensorInputStream
2022-01-17_17:57:40.358 [main] INFO  com.qc.BaseAPI - Method :POST
2022-01-17_17:57:40.361 [main] INFO  com.qc.BaseAPI - URI :https://apitest.pineperks.in/card/order/V1/instant/issue/nonreloadable/digital
2022-01-17_17:57:40.362 [main] INFO  com.qc.BaseAPI - Headers :token=c55c5aa227ba470b8ad846e9a78dd7a0
userName=A0aCcnPzDANtKmvSLPKcaw==
Accept=*/*
Content-Type=application/json; charset=UTF-8
2022-01-17_17:57:40.362 [main] INFO  com.qc.BaseAPI - Body :{"isLinkToBeSentOnMobile":true,"checksum":"5x3GNrnStyS2PkMvV6EeAw==","cardDetailList":[{"amount":"1000","mobileNumber":"8284854535","customerName":"afzal","email":"afzal.ahmed@pinelabs.com"}],"externalRequestId":"UmUGYDv","cardSchemeId":"7"}
2022-01-17_17:57:40.362 [main] INFO  com.qc.BaseAPI - ********************RESPONSE********************
2022-01-17_17:57:40.362 [main] DEBUG org.apache.http.wire -  << "1f2[\r][\n]"
2022-01-17_17:57:40.362 [main] DEBUG org.apache.http.wire -  << "{"externalRequestId":"UmUGYDv","orderId":102948,"orderStatus":6,"cardDetailResponseList":[{"referenceNumber":3471767574,"serialNumber":10294800010001,"customerName":"afzal","mobileNumber":8284854535,"email":"afzal.ahmed@pinelabs.com","amount":1000,"cardLink":"test.pineperks.in/eCard?c=-pIxLo17R9J65vEwXadR0Q2","responseCode":0,"responseMessage":"Success"}],"successCount":1,"failedCount":0,"orderAmount":1000,"issuanceCharge":100,"netOrderAmount":1100,"responseCode":0,"responseMessage":"Success"}"
2022-01-17_17:57:40.363 [main] DEBUG org.apache.http.wire -  << "[\r][\n]"
2022-01-17_17:57:40.363 [main] DEBUG org.apache.http.wire -  << "0[\r][\n]"
2022-01-17_17:57:40.363 [main] DEBUG org.apache.http.wire -  << "[\r][\n]"
2022-01-17_17:57:40.363 [main] DEBUG o.a.h.i.c.BasicClientConnectionManager - Releasing connection org.apache.http.impl.conn.ManagedClientConnectionImpl@11fb5a83
2022-01-17_17:57:40.363 [main] DEBUG o.a.h.i.c.BasicClientConnectionManager - Connection can be kept alive for 60000 MILLISECONDS
2022-01-17_17:57:40.367 [main] INFO  com.qc.BaseAPI - Response :{
    "externalRequestId": "UmUGYDv",
    "orderId": 102948,
    "orderStatus": 6,
    "cardDetailResponseList": [
        {
            "referenceNumber": 3471767574,
            "serialNumber": 10294800010001,
            "customerName": "afzal",
            "mobileNumber": 8284854535,
            "email": "afzal.ahmed@pinelabs.com",
            "amount": 1000,
            "cardLink": "test.pineperks.in/eCard?c=-pIxLo17R9J65vEwXadR0Q2",
            "responseCode": 0,
            "responseMessage": "Success"
        }
    ],
    "successCount": 1,
    "failedCount": 0,
    "orderAmount": 1000,
    "issuanceCharge": 100,
    "netOrderAmount": 1100,
    "responseCode": 0,
    "responseMessage": "Success"
}
2022-01-17_17:57:40.368 [main] INFO  com.qc.BaseAPI -  **** POST call Response time 824 ms
2022-01-17_17:57:40.368 [main] INFO  pl.rest.service.CardIssue - Time Taken to perform https://apitest.pineperks.in/card/order/V1/instant/issue/nonreloadable/digital transaction: 824
2022-01-17_17:57:41.143 [main] INFO  pl.rest.utils.DBUtils - Query being executed Select * from Card where ordersummaryid=102948;
2022-01-17_17:57:41.187 [main] ERROR com.qc.qa.utils.LoadProperties - Missing MySQLDBEnvironment property value in system property or in config.properties files.Please add it if incase required
2022-01-17_17:57:41.188 [main] INFO  com.qc.qa.dbutils.DBPoolProvider - Con pool Total - 400, idle - 0,  Num active - 0
2022-01-17_17:57:41.189 [main] INFO  com.qc.qa.dbutils.DBPoolProvider - Retrieved connection
2022-01-17_17:57:46.541 [main] INFO  pl.rest.CustomHooks - SCENARIO NAME: Issuing a instant non reloadable card
2022-01-17_17:57:46.541 [main] INFO  pl.rest.CustomHooks - TAG NAMEs: [@Regression, @DB]
2022-01-17_17:57:46.542 [main] INFO  pl.rest.CustomHooks - SCENARIO NAME: Issuing a instant non reloadable card
2022-01-17_17:57:46.544 [main] INFO  pl.rest.CustomHooks - TAG NAMEs: [@Regression, @DB]
2022-01-17_17:57:46.544 [main] INFO  pl.rest.CustomHooks - Index: 0, Size: 0
2022-01-17_17:57:46.830 [main] INFO  pl.rest.service.Authorize - Authorize Rest API URL :- https://apitest.pineperks.in/auth/V1/generate/token
2022-01-17_17:57:46.831 [main] INFO  com.qc.BaseAPI - GET call to URL https://apitest.pineperks.in/auth/V1/generate/token
2022-01-17_17:57:46.836 [main] INFO  com.qc.BaseAPI - ********************REQUEST********************
2022-01-17_17:57:47.037 [Finalizer] DEBUG o.a.h.i.conn.DefaultClientConnection - Connection 0.0.0.0:64176<->14.143.120.84:443 closed
2022-01-17_17:57:47.040 [Finalizer] DEBUG o.a.h.i.conn.DefaultClientConnection - Connection 0.0.0.0:64175<->14.143.120.84:443 closed
2022-01-17_17:57:47.040 [main] DEBUG o.a.h.i.c.BasicClientConnectionManager - Get connection for route {s}->https://apitest.pineperks.in:443
2022-01-17_17:57:47.040 [main] DEBUG o.a.h.i.c.DefaultClientConnectionOperator - Connecting to apitest.pineperks.in:443
2022-01-17_17:57:47.419 [main] DEBUG o.a.h.c.protocol.RequestAddCookies - CookieSpec selected: ignoreCookies
2022-01-17_17:57:47.419 [main] DEBUG o.a.h.c.protocol.RequestAuthCache - Auth cache not set in the context
2022-01-17_17:57:47.419 [main] DEBUG o.a.h.c.p.RequestTargetAuthentication - Target auth state: UNCHALLENGED
2022-01-17_17:57:47.420 [main] DEBUG o.a.h.c.p.RequestProxyAuthentication - Proxy auth state: UNCHALLENGED
2022-01-17_17:57:47.421 [main] DEBUG o.a.h.impl.client.DefaultHttpClient - Attempt 1 to execute request
2022-01-17_17:57:47.422 [main] DEBUG o.a.h.i.conn.DefaultClientConnection - Sending request: GET /auth/V1/generate/token HTTP/1.1
2022-01-17_17:57:47.422 [main] DEBUG org.apache.http.wire -  >> "GET /auth/V1/generate/token HTTP/1.1[\r][\n]"
2022-01-17_17:57:47.422 [main] DEBUG org.apache.http.wire -  >> "Content-Type: application/json; charset=UTF-8[\r][\n]"
2022-01-17_17:57:47.422 [main] DEBUG org.apache.http.wire -  >> "Accept: */*[\r][\n]"
2022-01-17_17:57:47.422 [main] DEBUG org.apache.http.wire -  >> "userName: A0aCcnPzDANtKmvSLPKcaw==[\r][\n]"
2022-01-17_17:57:47.422 [main] DEBUG org.apache.http.wire -  >> "Host: apitest.pineperks.in[\r][\n]"
2022-01-17_17:57:47.423 [main] DEBUG org.apache.http.wire -  >> "Connection: Keep-Alive[\r][\n]"
2022-01-17_17:57:47.423 [main] DEBUG org.apache.http.wire -  >> "User-Agent: Apache-HttpClient/4.5.2 (Java/1.8.0_202)[\r][\n]"
2022-01-17_17:57:47.423 [main] DEBUG org.apache.http.wire -  >> "Accept-Encoding: gzip,deflate[\r][\n]"
2022-01-17_17:57:47.423 [main] DEBUG org.apache.http.wire -  >> "[\r][\n]"
2022-01-17_17:57:47.423 [main] DEBUG org.apache.http.headers - >> GET /auth/V1/generate/token HTTP/1.1
2022-01-17_17:57:47.423 [main] DEBUG org.apache.http.headers - >> Content-Type: application/json; charset=UTF-8
2022-01-17_17:57:47.423 [main] DEBUG org.apache.http.headers - >> Accept: */*
2022-01-17_17:57:47.423 [main] DEBUG org.apache.http.headers - >> userName: A0aCcnPzDANtKmvSLPKcaw==
2022-01-17_17:57:47.424 [main] DEBUG org.apache.http.headers - >> Host: apitest.pineperks.in
2022-01-17_17:57:47.424 [main] DEBUG org.apache.http.headers - >> Connection: Keep-Alive
2022-01-17_17:57:47.424 [main] DEBUG org.apache.http.headers - >> User-Agent: Apache-HttpClient/4.5.2 (Java/1.8.0_202)
2022-01-17_17:57:47.424 [main] DEBUG org.apache.http.headers - >> Accept-Encoding: gzip,deflate
2022-01-17_17:57:47.514 [main] DEBUG org.apache.http.wire -  << "HTTP/1.1 200 [\r][\n]"
2022-01-17_17:57:47.516 [main] DEBUG org.apache.http.wire -  << "Access-Control-Allow-Methods: GET, POST[\r][\n]"
2022-01-17_17:57:47.517 [main] DEBUG org.apache.http.wire -  << "Access-Control-Allow-Origin: *[\r][\n]"
2022-01-17_17:57:47.517 [main] DEBUG org.apache.http.wire -  << "Content-Security-Policy: default-src 'none'[\r][\n]"
2022-01-17_17:57:47.517 [main] DEBUG org.apache.http.wire -  << "Feature-Policy: 'none'[\r][\n]"
2022-01-17_17:57:47.518 [main] DEBUG org.apache.http.wire -  << "Referrer-Policy: no-referrer[\r][\n]"
2022-01-17_17:57:47.518 [main] DEBUG org.apache.http.wire -  << "Strict-Transport-Security: max-age=31536000 ; includeSubDomains[\r][\n]"
2022-01-17_17:57:47.518 [main] DEBUG org.apache.http.wire -  << "Date: Mon, 17 Jan 2022 12:27:47 GMT[\r][\n]"
2022-01-17_17:57:47.518 [main] DEBUG org.apache.http.wire -  << "Keep-Alive: timeout=60[\r][\n]"
2022-01-17_17:57:47.518 [main] DEBUG org.apache.http.wire -  << "Content-Type: application/json[\r][\n]"
2022-01-17_17:57:47.518 [main] DEBUG org.apache.http.wire -  << "Transfer-Encoding: chunked[\r][\n]"
2022-01-17_17:57:47.519 [main] DEBUG org.apache.http.wire -  << "Connection: keep-alive[\r][\n]"
2022-01-17_17:57:47.519 [main] DEBUG org.apache.http.wire -  << "[\r][\n]"
2022-01-17_17:57:47.519 [main] DEBUG o.a.h.i.conn.DefaultClientConnection - Receiving response: HTTP/1.1 200 
2022-01-17_17:57:47.519 [main] DEBUG org.apache.http.headers - << HTTP/1.1 200 
2022-01-17_17:57:47.519 [main] DEBUG org.apache.http.headers - << Access-Control-Allow-Methods: GET, POST
2022-01-17_17:57:47.519 [main] DEBUG org.apache.http.headers - << Access-Control-Allow-Origin: *
2022-01-17_17:57:47.520 [main] DEBUG org.apache.http.headers - << Content-Security-Policy: default-src 'none'
2022-01-17_17:57:47.520 [main] DEBUG org.apache.http.headers - << Feature-Policy: 'none'
2022-01-17_17:57:47.520 [main] DEBUG org.apache.http.headers - << Referrer-Policy: no-referrer
2022-01-17_17:57:47.520 [main] DEBUG org.apache.http.headers - << Strict-Transport-Security: max-age=31536000 ; includeSubDomains
2022-01-17_17:57:47.520 [main] DEBUG org.apache.http.headers - << Date: Mon, 17 Jan 2022 12:27:47 GMT
2022-01-17_17:57:47.520 [main] DEBUG org.apache.http.headers - << Keep-Alive: timeout=60
2022-01-17_17:57:47.520 [main] DEBUG org.apache.http.headers - << Content-Type: application/json
2022-01-17_17:57:47.520 [main] DEBUG org.apache.http.headers - << Transfer-Encoding: chunked
2022-01-17_17:57:47.520 [main] DEBUG org.apache.http.headers - << Connection: keep-alive
2022-01-17_17:57:47.521 [main] DEBUG o.a.h.impl.client.DefaultHttpClient - Connection can be kept alive for 60000 MILLISECONDS
2022-01-17_17:57:47.521 [main] DEBUG i.r.i.RequestSpecificationImpl$RestAssuredHttpBuilder - Parsing response as: application/json
2022-01-17_17:57:47.522 [main] DEBUG i.r.i.RequestSpecificationImpl$RestAssuredHttpBuilder - Parsed data to instance of: class org.apache.http.conn.EofSensorInputStream
2022-01-17_17:57:47.523 [main] INFO  com.qc.BaseAPI - Method :GET
2022-01-17_17:57:47.526 [main] INFO  com.qc.BaseAPI - URI :https://apitest.pineperks.in/auth/V1/generate/token
2022-01-17_17:57:47.526 [main] INFO  com.qc.BaseAPI - Headers :userName=A0aCcnPzDANtKmvSLPKcaw==
Accept=*/*
Content-Type=application/json; charset=UTF-8
2022-01-17_17:57:47.526 [main] INFO  com.qc.BaseAPI - Body :null
2022-01-17_17:57:47.526 [main] INFO  com.qc.BaseAPI - ********************RESPONSE********************
2022-01-17_17:57:47.526 [main] DEBUG org.apache.http.wire -  << "7f[\r][\n]"
2022-01-17_17:57:47.527 [main] DEBUG org.apache.http.wire -  << "{"accessToken":"0851300f733e4b9ea90e6011aa288dd1","tokenExpiryTime":"17-May-2022","responseCode":0,"responseMessage":"Success"}"
2022-01-17_17:57:47.527 [main] DEBUG org.apache.http.wire -  << "[\r][\n]"
2022-01-17_17:57:47.527 [main] DEBUG org.apache.http.wire -  << "0[\r][\n]"
2022-01-17_17:57:47.527 [main] DEBUG org.apache.http.wire -  << "[\r][\n]"
2022-01-17_17:57:47.528 [main] DEBUG o.a.h.i.c.BasicClientConnectionManager - Releasing connection org.apache.http.impl.conn.ManagedClientConnectionImpl@2d189c28
2022-01-17_17:57:47.528 [main] DEBUG o.a.h.i.c.BasicClientConnectionManager - Connection can be kept alive for 60000 MILLISECONDS
2022-01-17_17:57:47.529 [main] INFO  com.qc.BaseAPI - Response :{
    "accessToken": "0851300f733e4b9ea90e6011aa288dd1",
    "tokenExpiryTime": "17-May-2022",
    "responseCode": 0,
    "responseMessage": "Success"
}
2022-01-17_17:57:47.529 [main] INFO  com.qc.BaseAPI -  **** GET call Response time 684 ms
2022-01-17_17:57:47.529 [main] INFO  pl.rest.service.Authorize - Time Taken to perform https://apitest.pineperks.in/auth/V1/generate/token transaction: 684
2022-01-17_17:57:47.536 [main] INFO  com.qc.qa.utils.TestDataReader - Reading Json data authorizeHeaders
2022-01-17_17:57:47.541 [main] INFO  com.qc.qa.utils.TestDataReader - Reading json data from file @ testData/api/devAPIData.json
2022-01-17_17:57:47.545 [main] INFO  pl.rest.service.CardIssue - CardIssue Rest API URL :- https://apitest.pineperks.in/card/order/V2/instant/issue/nonreloadable/digital
2022-01-17_17:57:47.545 [main] INFO  com.qc.BaseAPI - POST call to URL https://apitest.pineperks.in/card/order/V2/instant/issue/nonreloadable/digital
2022-01-17_17:57:47.556 [main] INFO  com.qc.BaseAPI - ********************REQUEST********************
2022-01-17_17:57:47.571 [main] DEBUG o.a.h.i.c.BasicClientConnectionManager - Get connection for route {s}->https://apitest.pineperks.in:443
2022-01-17_17:57:47.571 [main] DEBUG o.a.h.i.c.DefaultClientConnectionOperator - Connecting to apitest.pineperks.in:443
2022-01-17_17:57:47.862 [main] DEBUG o.a.h.c.protocol.RequestAddCookies - CookieSpec selected: ignoreCookies
2022-01-17_17:57:47.863 [main] DEBUG o.a.h.c.protocol.RequestAuthCache - Auth cache not set in the context
2022-01-17_17:57:47.863 [main] DEBUG o.a.h.c.p.RequestTargetAuthentication - Target auth state: UNCHALLENGED
2022-01-17_17:57:47.863 [main] DEBUG o.a.h.c.p.RequestProxyAuthentication - Proxy auth state: UNCHALLENGED
2022-01-17_17:57:47.863 [main] DEBUG o.a.h.impl.client.DefaultHttpClient - Attempt 1 to execute request
2022-01-17_17:57:47.863 [main] DEBUG o.a.h.i.conn.DefaultClientConnection - Sending request: POST /card/order/V2/instant/issue/nonreloadable/digital HTTP/1.1
2022-01-17_17:57:47.863 [main] DEBUG org.apache.http.wire -  >> "POST /card/order/V2/instant/issue/nonreloadable/digital HTTP/1.1[\r][\n]"
2022-01-17_17:57:47.863 [main] DEBUG org.apache.http.wire -  >> "X-PinePerks-UserName: A0aCcnPzDANtKmvSLPKcaw==[\r][\n]"
2022-01-17_17:57:47.863 [main] DEBUG org.apache.http.wire -  >> "Accept: */*[\r][\n]"
2022-01-17_17:57:47.864 [main] DEBUG org.apache.http.wire -  >> "X-PinePerks-Token: 0851300f733e4b9ea90e6011aa288dd1[\r][\n]"
2022-01-17_17:57:47.864 [main] DEBUG org.apache.http.wire -  >> "Content-Type: application/json; charset=UTF-8[\r][\n]"
2022-01-17_17:57:47.864 [main] DEBUG org.apache.http.wire -  >> "Content-Length: 211[\r][\n]"
2022-01-17_17:57:47.864 [main] DEBUG org.apache.http.wire -  >> "Host: apitest.pineperks.in[\r][\n]"
2022-01-17_17:57:47.864 [main] DEBUG org.apache.http.wire -  >> "Connection: Keep-Alive[\r][\n]"
2022-01-17_17:57:47.864 [main] DEBUG org.apache.http.wire -  >> "User-Agent: Apache-HttpClient/4.5.2 (Java/1.8.0_202)[\r][\n]"
2022-01-17_17:57:47.864 [main] DEBUG org.apache.http.wire -  >> "Accept-Encoding: gzip,deflate[\r][\n]"
2022-01-17_17:57:47.864 [main] DEBUG org.apache.http.wire -  >> "[\r][\n]"
2022-01-17_17:57:47.864 [main] DEBUG org.apache.http.headers - >> POST /card/order/V2/instant/issue/nonreloadable/digital HTTP/1.1
2022-01-17_17:57:47.864 [main] DEBUG org.apache.http.headers - >> X-PinePerks-UserName: A0aCcnPzDANtKmvSLPKcaw==
2022-01-17_17:57:47.864 [main] DEBUG org.apache.http.headers - >> Accept: */*
2022-01-17_17:57:47.864 [main] DEBUG org.apache.http.headers - >> X-PinePerks-Token: 0851300f733e4b9ea90e6011aa288dd1
2022-01-17_17:57:47.864 [main] DEBUG org.apache.http.headers - >> Content-Type: application/json; charset=UTF-8
2022-01-17_17:57:47.864 [main] DEBUG org.apache.http.headers - >> Content-Length: 211
2022-01-17_17:57:47.864 [main] DEBUG org.apache.http.headers - >> Host: apitest.pineperks.in
2022-01-17_17:57:47.864 [main] DEBUG org.apache.http.headers - >> Connection: Keep-Alive
2022-01-17_17:57:47.866 [main] DEBUG org.apache.http.headers - >> User-Agent: Apache-HttpClient/4.5.2 (Java/1.8.0_202)
2022-01-17_17:57:47.866 [main] DEBUG org.apache.http.headers - >> Accept-Encoding: gzip,deflate
2022-01-17_17:57:47.866 [main] DEBUG org.apache.http.wire -  >> "{"checksum":"5x3GNrnStyS2PkMvV6EeAw==","cardDetailList":[{"amount":"1000","mobileNumber":"8284854535","customerName":"afzal","email":"afzal.ahmed@pinelabs.com"}],"externalRequestId":"ih2Rgjn","cardSchemeId":"7"}"
2022-01-17_17:57:48.336 [main] DEBUG org.apache.http.wire -  << "HTTP/1.1 200 [\r][\n]"
2022-01-17_17:57:48.337 [main] DEBUG org.apache.http.wire -  << "Access-Control-Allow-Methods: GET, POST[\r][\n]"
2022-01-17_17:57:48.337 [main] DEBUG org.apache.http.wire -  << "Access-Control-Allow-Origin: *[\r][\n]"
2022-01-17_17:57:48.337 [main] DEBUG org.apache.http.wire -  << "Content-Security-Policy: default-src 'none'[\r][\n]"
2022-01-17_17:57:48.337 [main] DEBUG org.apache.http.wire -  << "Feature-Policy: 'none'[\r][\n]"
2022-01-17_17:57:48.337 [main] DEBUG org.apache.http.wire -  << "Referrer-Policy: no-referrer[\r][\n]"
2022-01-17_17:57:48.337 [main] DEBUG org.apache.http.wire -  << "Strict-Transport-Security: max-age=31536000 ; includeSubDomains[\r][\n]"
2022-01-17_17:57:48.338 [main] DEBUG org.apache.http.wire -  << "Date: Mon, 17 Jan 2022 12:27:47 GMT[\r][\n]"
2022-01-17_17:57:48.338 [main] DEBUG org.apache.http.wire -  << "Keep-Alive: timeout=60[\r][\n]"
2022-01-17_17:57:48.338 [main] DEBUG org.apache.http.wire -  << "Content-Type: application/json[\r][\n]"
2022-01-17_17:57:48.338 [main] DEBUG org.apache.http.wire -  << "Transfer-Encoding: chunked[\r][\n]"
2022-01-17_17:57:48.338 [main] DEBUG org.apache.http.wire -  << "Connection: keep-alive[\r][\n]"
2022-01-17_17:57:48.338 [main] DEBUG org.apache.http.wire -  << "[\r][\n]"
2022-01-17_17:57:48.338 [main] DEBUG o.a.h.i.conn.DefaultClientConnection - Receiving response: HTTP/1.1 200 
2022-01-17_17:57:48.338 [main] DEBUG org.apache.http.headers - << HTTP/1.1 200 
2022-01-17_17:57:48.338 [main] DEBUG org.apache.http.headers - << Access-Control-Allow-Methods: GET, POST
2022-01-17_17:57:48.339 [main] DEBUG org.apache.http.headers - << Access-Control-Allow-Origin: *
2022-01-17_17:57:48.339 [main] DEBUG org.apache.http.headers - << Content-Security-Policy: default-src 'none'
2022-01-17_17:57:48.339 [main] DEBUG org.apache.http.headers - << Feature-Policy: 'none'
2022-01-17_17:57:48.339 [main] DEBUG org.apache.http.headers - << Referrer-Policy: no-referrer
2022-01-17_17:57:48.339 [main] DEBUG org.apache.http.headers - << Strict-Transport-Security: max-age=31536000 ; includeSubDomains
2022-01-17_17:57:48.339 [main] DEBUG org.apache.http.headers - << Date: Mon, 17 Jan 2022 12:27:47 GMT
2022-01-17_17:57:48.339 [main] DEBUG org.apache.http.headers - << Keep-Alive: timeout=60
2022-01-17_17:57:48.339 [main] DEBUG org.apache.http.headers - << Content-Type: application/json
2022-01-17_17:57:48.339 [main] DEBUG org.apache.http.headers - << Transfer-Encoding: chunked
2022-01-17_17:57:48.340 [main] DEBUG org.apache.http.headers - << Connection: keep-alive
2022-01-17_17:57:48.340 [main] DEBUG o.a.h.impl.client.DefaultHttpClient - Connection can be kept alive for 60000 MILLISECONDS
2022-01-17_17:57:48.340 [main] DEBUG i.r.i.RequestSpecificationImpl$RestAssuredHttpBuilder - Parsing response as: application/json
2022-01-17_17:57:48.340 [main] DEBUG i.r.i.RequestSpecificationImpl$RestAssuredHttpBuilder - Parsed data to instance of: class org.apache.http.conn.EofSensorInputStream
2022-01-17_17:57:48.341 [main] INFO  com.qc.BaseAPI - Method :POST
2022-01-17_17:57:48.343 [main] INFO  com.qc.BaseAPI - URI :https://apitest.pineperks.in/card/order/V2/instant/issue/nonreloadable/digital
2022-01-17_17:57:48.343 [main] INFO  com.qc.BaseAPI - Headers :X-PinePerks-Token=0851300f733e4b9ea90e6011aa288dd1
X-PinePerks-UserName=A0aCcnPzDANtKmvSLPKcaw==
Accept=*/*
Content-Type=application/json; charset=UTF-8
2022-01-17_17:57:48.343 [main] INFO  com.qc.BaseAPI - Body :{"checksum":"5x3GNrnStyS2PkMvV6EeAw==","cardDetailList":[{"amount":"1000","mobileNumber":"8284854535","customerName":"afzal","email":"afzal.ahmed@pinelabs.com"}],"externalRequestId":"ih2Rgjn","cardSchemeId":"7"}
2022-01-17_17:57:48.343 [main] INFO  com.qc.BaseAPI - ********************RESPONSE********************
2022-01-17_17:57:48.343 [main] DEBUG org.apache.http.wire -  << "1f2[\r][\n]"
2022-01-17_17:57:48.344 [main] DEBUG org.apache.http.wire -  << "{"externalRequestId":"ih2Rgjn","orderId":102949,"orderStatus":6,"cardDetailResponseList":[{"referenceNumber":5998156525,"serialNumber":10294900010001,"customerName":"afzal","mobileNumber":8284854535,"email":"afzal.ahmed@pinelabs.com","amount":1000,"cardLink":"test.pineperks.in/eCard?c=vRc.DVKi-FlUfCjl9--gDw2","responseCode":0,"responseMessage":"Success"}],"successCount":1,"failedCount":0,"orderAmount":1000,"issuanceCharge":100,"netOrderAmount":1100,"responseCode":0,"responseMessage":"Success"}"
2022-01-17_17:57:48.344 [main] DEBUG org.apache.http.wire -  << "[\r][\n]"
2022-01-17_17:57:48.344 [main] DEBUG org.apache.http.wire -  << "0[\r][\n]"
2022-01-17_17:57:48.344 [main] DEBUG org.apache.http.wire -  << "[\r][\n]"
2022-01-17_17:57:48.344 [main] DEBUG o.a.h.i.c.BasicClientConnectionManager - Releasing connection org.apache.http.impl.conn.ManagedClientConnectionImpl@371fee0f
2022-01-17_17:57:48.345 [main] DEBUG o.a.h.i.c.BasicClientConnectionManager - Connection can be kept alive for 60000 MILLISECONDS
2022-01-17_17:57:48.346 [main] INFO  com.qc.BaseAPI - Response :{
    "externalRequestId": "ih2Rgjn",
    "orderId": 102949,
    "orderStatus": 6,
    "cardDetailResponseList": [
        {
            "referenceNumber": 5998156525,
            "serialNumber": 10294900010001,
            "customerName": "afzal",
            "mobileNumber": 8284854535,
            "email": "afzal.ahmed@pinelabs.com",
            "amount": 1000,
            "cardLink": "test.pineperks.in/eCard?c=vRc.DVKi-FlUfCjl9--gDw2",
            "responseCode": 0,
            "responseMessage": "Success"
        }
    ],
    "successCount": 1,
    "failedCount": 0,
    "orderAmount": 1000,
    "issuanceCharge": 100,
    "netOrderAmount": 1100,
    "responseCode": 0,
    "responseMessage": "Success"
}
2022-01-17_17:57:48.347 [main] INFO  com.qc.BaseAPI -  **** POST call Response time 783 ms
2022-01-17_17:57:48.347 [main] INFO  pl.rest.service.CardIssue - Time Taken to perform https://apitest.pineperks.in/card/order/V2/instant/issue/nonreloadable/digital transaction: 783
