2022-01-17_14:49:11.199 [main] INFO  pl.rest.CustomHooks - SCENARIO NAME: Issuing a instant non reloadable card
2022-01-17_14:49:11.201 [main] INFO  pl.rest.CustomHooks - TAG NAMEs: [@Regression, @DB]
2022-01-17_14:49:11.204 [main] INFO  pl.rest.CustomHooks - SCENARIO NAME: Issuing a instant non reloadable card
2022-01-17_14:49:11.204 [main] INFO  pl.rest.CustomHooks - TAG NAMEs: [@Regression, @DB]
2022-01-17_14:49:11.262 [main] INFO  pl.rest.CustomHooks - Index: 0, Size: 0
2022-01-17_14:49:12.451 [main] INFO  com.qc.qa.utils.TestDataReader - Reading API Test Data config values from  testData/api/devAPITestData.properties
2022-01-17_14:49:12.468 [main] INFO  pl.rest.service.Authorize - Authorize Rest API URL :- https://apitest.pineperks.in/auth/V1/generate/token
2022-01-17_14:49:12.468 [main] INFO  com.qc.BaseAPI - GET call to URL https://apitest.pineperks.in/auth/V1/generate/token
2022-01-17_14:49:12.666 [main] INFO  com.qc.BaseAPI - ********************REQUEST********************
2022-01-17_14:49:14.997 [main] DEBUG o.a.h.i.c.BasicClientConnectionManager - Get connection for route {s}->https://apitest.pineperks.in:443
2022-01-17_14:49:15.059 [main] DEBUG o.a.h.i.c.DefaultClientConnectionOperator - Connecting to apitest.pineperks.in:443
2022-01-17_14:49:15.689 [main] DEBUG o.a.h.c.protocol.RequestAddCookies - CookieSpec selected: ignoreCookies
2022-01-17_14:49:15.693 [main] DEBUG o.a.h.c.protocol.RequestAuthCache - Auth cache not set in the context
2022-01-17_14:49:15.693 [main] DEBUG o.a.h.c.p.RequestTargetAuthentication - Target auth state: UNCHALLENGED
2022-01-17_14:49:15.695 [main] DEBUG o.a.h.c.p.RequestProxyAuthentication - Proxy auth state: UNCHALLENGED
2022-01-17_14:49:15.695 [main] DEBUG o.a.h.impl.client.DefaultHttpClient - Attempt 1 to execute request
2022-01-17_14:49:15.696 [main] DEBUG o.a.h.i.conn.DefaultClientConnection - Sending request: GET /auth/V1/generate/token HTTP/1.1
2022-01-17_14:49:15.697 [main] DEBUG org.apache.http.wire -  >> "GET /auth/V1/generate/token HTTP/1.1[\r][\n]"
2022-01-17_14:49:15.699 [main] DEBUG org.apache.http.wire -  >> "Content-Type: application/json; charset=UTF-8[\r][\n]"
2022-01-17_14:49:15.699 [main] DEBUG org.apache.http.wire -  >> "Accept: */*[\r][\n]"
2022-01-17_14:49:15.700 [main] DEBUG org.apache.http.wire -  >> "userName: A0aCcnPzDANtKmvSLPKcaw==[\r][\n]"
2022-01-17_14:49:15.700 [main] DEBUG org.apache.http.wire -  >> "Host: apitest.pineperks.in[\r][\n]"
2022-01-17_14:49:15.700 [main] DEBUG org.apache.http.wire -  >> "Connection: Keep-Alive[\r][\n]"
2022-01-17_14:49:15.700 [main] DEBUG org.apache.http.wire -  >> "User-Agent: Apache-HttpClient/4.5.2 (Java/1.8.0_202)[\r][\n]"
2022-01-17_14:49:15.701 [main] DEBUG org.apache.http.wire -  >> "Accept-Encoding: gzip,deflate[\r][\n]"
2022-01-17_14:49:15.701 [main] DEBUG org.apache.http.wire -  >> "[\r][\n]"
2022-01-17_14:49:15.702 [main] DEBUG org.apache.http.headers - >> GET /auth/V1/generate/token HTTP/1.1
2022-01-17_14:49:15.702 [main] DEBUG org.apache.http.headers - >> Content-Type: application/json; charset=UTF-8
2022-01-17_14:49:15.702 [main] DEBUG org.apache.http.headers - >> Accept: */*
2022-01-17_14:49:15.702 [main] DEBUG org.apache.http.headers - >> userName: A0aCcnPzDANtKmvSLPKcaw==
2022-01-17_14:49:15.702 [main] DEBUG org.apache.http.headers - >> Host: apitest.pineperks.in
2022-01-17_14:49:15.703 [main] DEBUG org.apache.http.headers - >> Connection: Keep-Alive
2022-01-17_14:49:15.704 [main] DEBUG org.apache.http.headers - >> User-Agent: Apache-HttpClient/4.5.2 (Java/1.8.0_202)
2022-01-17_14:49:15.704 [main] DEBUG org.apache.http.headers - >> Accept-Encoding: gzip,deflate
2022-01-17_14:49:15.807 [main] DEBUG org.apache.http.wire -  << "HTTP/1.1 200 [\r][\n]"
2022-01-17_14:49:15.812 [main] DEBUG org.apache.http.wire -  << "Access-Control-Allow-Methods: GET, POST[\r][\n]"
2022-01-17_14:49:15.812 [main] DEBUG org.apache.http.wire -  << "Access-Control-Allow-Origin: *[\r][\n]"
2022-01-17_14:49:15.813 [main] DEBUG org.apache.http.wire -  << "Content-Security-Policy: default-src 'none'[\r][\n]"
2022-01-17_14:49:15.814 [main] DEBUG org.apache.http.wire -  << "Feature-Policy: 'none'[\r][\n]"
2022-01-17_14:49:15.814 [main] DEBUG org.apache.http.wire -  << "Referrer-Policy: no-referrer[\r][\n]"
2022-01-17_14:49:15.815 [main] DEBUG org.apache.http.wire -  << "Strict-Transport-Security: max-age=31536000 ; includeSubDomains[\r][\n]"
2022-01-17_14:49:15.815 [main] DEBUG org.apache.http.wire -  << "Date: Mon, 17 Jan 2022 09:19:15 GMT[\r][\n]"
2022-01-17_14:49:15.815 [main] DEBUG org.apache.http.wire -  << "Keep-Alive: timeout=60[\r][\n]"
2022-01-17_14:49:15.815 [main] DEBUG org.apache.http.wire -  << "Content-Type: application/json[\r][\n]"
2022-01-17_14:49:15.815 [main] DEBUG org.apache.http.wire -  << "Transfer-Encoding: chunked[\r][\n]"
2022-01-17_14:49:15.816 [main] DEBUG org.apache.http.wire -  << "Connection: keep-alive[\r][\n]"
2022-01-17_14:49:15.816 [main] DEBUG org.apache.http.wire -  << "[\r][\n]"
2022-01-17_14:49:15.817 [main] DEBUG o.a.h.i.conn.DefaultClientConnection - Receiving response: HTTP/1.1 200 
2022-01-17_14:49:15.818 [main] DEBUG org.apache.http.headers - << HTTP/1.1 200 
2022-01-17_14:49:15.818 [main] DEBUG org.apache.http.headers - << Access-Control-Allow-Methods: GET, POST
2022-01-17_14:49:15.818 [main] DEBUG org.apache.http.headers - << Access-Control-Allow-Origin: *
2022-01-17_14:49:15.818 [main] DEBUG org.apache.http.headers - << Content-Security-Policy: default-src 'none'
2022-01-17_14:49:15.818 [main] DEBUG org.apache.http.headers - << Feature-Policy: 'none'
2022-01-17_14:49:15.818 [main] DEBUG org.apache.http.headers - << Referrer-Policy: no-referrer
2022-01-17_14:49:15.818 [main] DEBUG org.apache.http.headers - << Strict-Transport-Security: max-age=31536000 ; includeSubDomains
2022-01-17_14:49:15.818 [main] DEBUG org.apache.http.headers - << Date: Mon, 17 Jan 2022 09:19:15 GMT
2022-01-17_14:49:15.819 [main] DEBUG org.apache.http.headers - << Keep-Alive: timeout=60
2022-01-17_14:49:15.819 [main] DEBUG org.apache.http.headers - << Content-Type: application/json
2022-01-17_14:49:15.819 [main] DEBUG org.apache.http.headers - << Transfer-Encoding: chunked
2022-01-17_14:49:15.819 [main] DEBUG org.apache.http.headers - << Connection: keep-alive
2022-01-17_14:49:15.832 [main] DEBUG o.a.h.impl.client.DefaultHttpClient - Connection can be kept alive for 60000 MILLISECONDS
2022-01-17_14:49:15.865 [main] DEBUG i.r.i.RequestSpecificationImpl$RestAssuredHttpBuilder - Parsing response as: application/json
2022-01-17_14:49:15.866 [main] DEBUG i.r.i.RequestSpecificationImpl$RestAssuredHttpBuilder - Parsed data to instance of: class org.apache.http.conn.EofSensorInputStream
2022-01-17_14:49:15.887 [main] INFO  com.qc.BaseAPI - Method :GET
2022-01-17_14:49:15.889 [main] INFO  com.qc.BaseAPI - URI :https://apitest.pineperks.in/auth/V1/generate/token
2022-01-17_14:49:15.890 [main] INFO  com.qc.BaseAPI - Headers :userName=A0aCcnPzDANtKmvSLPKcaw==
Accept=*/*
Content-Type=application/json; charset=UTF-8
2022-01-17_14:49:15.890 [main] INFO  com.qc.BaseAPI - Body :null
2022-01-17_14:49:15.890 [main] INFO  com.qc.BaseAPI - ********************RESPONSE********************
2022-01-17_14:49:15.908 [main] DEBUG org.apache.http.wire -  << "7f[\r][\n]"
2022-01-17_14:49:15.908 [main] DEBUG org.apache.http.wire -  << "{"accessToken":"818f29c841d64ff681f7ee5aebfc0f93","tokenExpiryTime":"17-May-2022","responseCode":0,"responseMessage":"Success"}"
2022-01-17_14:49:15.910 [main] DEBUG org.apache.http.wire -  << "[\r][\n]"
2022-01-17_14:49:15.910 [main] DEBUG org.apache.http.wire -  << "0[\r][\n]"
2022-01-17_14:49:15.910 [main] DEBUG org.apache.http.wire -  << "[\r][\n]"
2022-01-17_14:49:15.911 [main] DEBUG o.a.h.i.c.BasicClientConnectionManager - Releasing connection org.apache.http.impl.conn.ManagedClientConnectionImpl@7c7e4f05
2022-01-17_14:49:15.911 [main] DEBUG o.a.h.i.c.BasicClientConnectionManager - Connection can be kept alive for 60000 MILLISECONDS
2022-01-17_14:49:15.971 [main] INFO  com.qc.BaseAPI - Response :{
    "accessToken": "818f29c841d64ff681f7ee5aebfc0f93",
    "tokenExpiryTime": "17-May-2022",
    "responseCode": 0,
    "responseMessage": "Success"
}
2022-01-17_14:49:15.977 [main] INFO  com.qc.BaseAPI -  **** GET call Response time 3205 ms
2022-01-17_14:49:15.978 [main] INFO  pl.rest.service.Authorize - Time Taken to perform https://apitest.pineperks.in/auth/V1/generate/token transaction: 3205
2022-01-17_14:49:16.121 [main] INFO  com.qc.qa.utils.TestDataReader - Reading Json data authorizeHeaders
2022-01-17_14:49:16.124 [main] INFO  com.qc.qa.utils.TestDataReader - Reading json data from file @ testData/api/devAPIData.json
2022-01-17_14:49:16.146 [main] INFO  pl.rest.service.CardIssue - CardIssue Rest API URL :- https://apitest.pineperks.in/card/order/V1/instant/issue/nonreloadable/digital
2022-01-17_14:49:16.146 [main] INFO  com.qc.BaseAPI - POST call to URL https://apitest.pineperks.in/card/order/V1/instant/issue/nonreloadable/digital
2022-01-17_14:49:16.159 [main] INFO  com.qc.BaseAPI - ********************REQUEST********************
2022-01-17_14:49:16.198 [main] DEBUG o.a.h.i.c.BasicClientConnectionManager - Get connection for route {s}->https://apitest.pineperks.in:443
2022-01-17_14:49:16.199 [main] DEBUG o.a.h.i.c.DefaultClientConnectionOperator - Connecting to apitest.pineperks.in:443
2022-01-17_14:49:16.520 [main] DEBUG o.a.h.c.protocol.RequestAddCookies - CookieSpec selected: ignoreCookies
2022-01-17_14:49:16.520 [main] DEBUG o.a.h.c.protocol.RequestAuthCache - Auth cache not set in the context
2022-01-17_14:49:16.520 [main] DEBUG o.a.h.c.p.RequestTargetAuthentication - Target auth state: UNCHALLENGED
2022-01-17_14:49:16.520 [main] DEBUG o.a.h.c.p.RequestProxyAuthentication - Proxy auth state: UNCHALLENGED
2022-01-17_14:49:16.520 [main] DEBUG o.a.h.impl.client.DefaultHttpClient - Attempt 1 to execute request
2022-01-17_14:49:16.521 [main] DEBUG o.a.h.i.conn.DefaultClientConnection - Sending request: POST /card/order/V1/instant/issue/nonreloadable/digital HTTP/1.1
2022-01-17_14:49:16.521 [main] DEBUG org.apache.http.wire -  >> "POST /card/order/V1/instant/issue/nonreloadable/digital HTTP/1.1[\r][\n]"
2022-01-17_14:49:16.521 [main] DEBUG org.apache.http.wire -  >> "Accept: */*[\r][\n]"
2022-01-17_14:49:16.521 [main] DEBUG org.apache.http.wire -  >> "userName: A0aCcnPzDANtKmvSLPKcaw==[\r][\n]"
2022-01-17_14:49:16.521 [main] DEBUG org.apache.http.wire -  >> "token: 818f29c841d64ff681f7ee5aebfc0f93[\r][\n]"
2022-01-17_14:49:16.521 [main] DEBUG org.apache.http.wire -  >> "Content-Type: application/json; charset=UTF-8[\r][\n]"
2022-01-17_14:49:16.522 [main] DEBUG org.apache.http.wire -  >> "Content-Length: 241[\r][\n]"
2022-01-17_14:49:16.522 [main] DEBUG org.apache.http.wire -  >> "Host: apitest.pineperks.in[\r][\n]"
2022-01-17_14:49:16.522 [main] DEBUG org.apache.http.wire -  >> "Connection: Keep-Alive[\r][\n]"
2022-01-17_14:49:16.522 [main] DEBUG org.apache.http.wire -  >> "User-Agent: Apache-HttpClient/4.5.2 (Java/1.8.0_202)[\r][\n]"
2022-01-17_14:49:16.522 [main] DEBUG org.apache.http.wire -  >> "Accept-Encoding: gzip,deflate[\r][\n]"
2022-01-17_14:49:16.522 [main] DEBUG org.apache.http.wire -  >> "[\r][\n]"
2022-01-17_14:49:16.522 [main] DEBUG org.apache.http.headers - >> POST /card/order/V1/instant/issue/nonreloadable/digital HTTP/1.1
2022-01-17_14:49:16.522 [main] DEBUG org.apache.http.headers - >> Accept: */*
2022-01-17_14:49:16.522 [main] DEBUG org.apache.http.headers - >> userName: A0aCcnPzDANtKmvSLPKcaw==
2022-01-17_14:49:16.522 [main] DEBUG org.apache.http.headers - >> token: 818f29c841d64ff681f7ee5aebfc0f93
2022-01-17_14:49:16.522 [main] DEBUG org.apache.http.headers - >> Content-Type: application/json; charset=UTF-8
2022-01-17_14:49:16.522 [main] DEBUG org.apache.http.headers - >> Content-Length: 241
2022-01-17_14:49:16.522 [main] DEBUG org.apache.http.headers - >> Host: apitest.pineperks.in
2022-01-17_14:49:16.522 [main] DEBUG org.apache.http.headers - >> Connection: Keep-Alive
2022-01-17_14:49:16.522 [main] DEBUG org.apache.http.headers - >> User-Agent: Apache-HttpClient/4.5.2 (Java/1.8.0_202)
2022-01-17_14:49:16.523 [main] DEBUG org.apache.http.headers - >> Accept-Encoding: gzip,deflate
2022-01-17_14:49:16.523 [main] DEBUG org.apache.http.wire -  >> "{"isLinkToBeSentOnMobile":true,"checksum":"5x3GNrnStyS2PkMvV6EeAw==","cardDetailList":[{"amount":"1000","mobileNumber":"8284854535","customerName":"afzal","email":"afzal.ahmed@pinelabs.com"}],"externalRequestId":"5wF5q6I","cardSchemeId":"7"}"
2022-01-17_14:49:16.982 [main] DEBUG org.apache.http.wire -  << "HTTP/1.1 200 [\r][\n]"
2022-01-17_14:49:16.983 [main] DEBUG org.apache.http.wire -  << "Access-Control-Allow-Methods: GET, POST[\r][\n]"
2022-01-17_14:49:16.983 [main] DEBUG org.apache.http.wire -  << "Access-Control-Allow-Origin: *[\r][\n]"
2022-01-17_14:49:16.983 [main] DEBUG org.apache.http.wire -  << "Content-Security-Policy: default-src 'none'[\r][\n]"
2022-01-17_14:49:16.983 [main] DEBUG org.apache.http.wire -  << "Feature-Policy: 'none'[\r][\n]"
2022-01-17_14:49:16.983 [main] DEBUG org.apache.http.wire -  << "Referrer-Policy: no-referrer[\r][\n]"
2022-01-17_14:49:16.983 [main] DEBUG org.apache.http.wire -  << "Strict-Transport-Security: max-age=31536000 ; includeSubDomains[\r][\n]"
2022-01-17_14:49:16.983 [main] DEBUG org.apache.http.wire -  << "Date: Mon, 17 Jan 2022 09:19:16 GMT[\r][\n]"
2022-01-17_14:49:16.983 [main] DEBUG org.apache.http.wire -  << "Keep-Alive: timeout=60[\r][\n]"
2022-01-17_14:49:16.984 [main] DEBUG org.apache.http.wire -  << "Content-Type: application/json[\r][\n]"
2022-01-17_14:49:16.984 [main] DEBUG org.apache.http.wire -  << "Transfer-Encoding: chunked[\r][\n]"
2022-01-17_14:49:16.984 [main] DEBUG org.apache.http.wire -  << "Connection: keep-alive[\r][\n]"
2022-01-17_14:49:16.984 [main] DEBUG org.apache.http.wire -  << "[\r][\n]"
2022-01-17_14:49:16.984 [main] DEBUG o.a.h.i.conn.DefaultClientConnection - Receiving response: HTTP/1.1 200 
2022-01-17_14:49:16.984 [main] DEBUG org.apache.http.headers - << HTTP/1.1 200 
2022-01-17_14:49:16.984 [main] DEBUG org.apache.http.headers - << Access-Control-Allow-Methods: GET, POST
2022-01-17_14:49:16.984 [main] DEBUG org.apache.http.headers - << Access-Control-Allow-Origin: *
2022-01-17_14:49:16.984 [main] DEBUG org.apache.http.headers - << Content-Security-Policy: default-src 'none'
2022-01-17_14:49:16.984 [main] DEBUG org.apache.http.headers - << Feature-Policy: 'none'
2022-01-17_14:49:16.984 [main] DEBUG org.apache.http.headers - << Referrer-Policy: no-referrer
2022-01-17_14:49:16.984 [main] DEBUG org.apache.http.headers - << Strict-Transport-Security: max-age=31536000 ; includeSubDomains
2022-01-17_14:49:16.984 [main] DEBUG org.apache.http.headers - << Date: Mon, 17 Jan 2022 09:19:16 GMT
2022-01-17_14:49:16.984 [main] DEBUG org.apache.http.headers - << Keep-Alive: timeout=60
2022-01-17_14:49:16.985 [main] DEBUG org.apache.http.headers - << Content-Type: application/json
2022-01-17_14:49:16.985 [main] DEBUG org.apache.http.headers - << Transfer-Encoding: chunked
2022-01-17_14:49:16.985 [main] DEBUG org.apache.http.headers - << Connection: keep-alive
2022-01-17_14:49:16.986 [main] DEBUG o.a.h.impl.client.DefaultHttpClient - Connection can be kept alive for 60000 MILLISECONDS
2022-01-17_14:49:16.986 [main] DEBUG i.r.i.RequestSpecificationImpl$RestAssuredHttpBuilder - Parsing response as: application/json
2022-01-17_14:49:16.986 [main] DEBUG i.r.i.RequestSpecificationImpl$RestAssuredHttpBuilder - Parsed data to instance of: class org.apache.http.conn.EofSensorInputStream
2022-01-17_14:49:16.988 [main] INFO  com.qc.BaseAPI - Method :POST
2022-01-17_14:49:16.991 [main] INFO  com.qc.BaseAPI - URI :https://apitest.pineperks.in/card/order/V1/instant/issue/nonreloadable/digital
2022-01-17_14:49:16.992 [main] INFO  com.qc.BaseAPI - Headers :token=818f29c841d64ff681f7ee5aebfc0f93
userName=A0aCcnPzDANtKmvSLPKcaw==
Accept=*/*
Content-Type=application/json; charset=UTF-8
2022-01-17_14:49:16.992 [main] INFO  com.qc.BaseAPI - Body :{"isLinkToBeSentOnMobile":true,"checksum":"5x3GNrnStyS2PkMvV6EeAw==","cardDetailList":[{"amount":"1000","mobileNumber":"8284854535","customerName":"afzal","email":"afzal.ahmed@pinelabs.com"}],"externalRequestId":"5wF5q6I","cardSchemeId":"7"}
2022-01-17_14:49:16.992 [main] INFO  com.qc.BaseAPI - ********************RESPONSE********************
2022-01-17_14:49:16.992 [main] DEBUG org.apache.http.wire -  << "1f2[\r][\n]"
2022-01-17_14:49:16.993 [main] DEBUG org.apache.http.wire -  << "{"externalRequestId":"5wF5q6I","orderId":102932,"orderStatus":6,"cardDetailResponseList":[{"referenceNumber":1118178613,"serialNumber":10293200010001,"customerName":"afzal","mobileNumber":8284854535,"email":"afzal.ahmed@pinelabs.com","amount":1000,"cardLink":"test.pineperks.in/eCard?c=EtzFrwND2mEzZm7aIMek7w2","responseCode":0,"responseMessage":"Success"}],"successCount":1,"failedCount":0,"orderAmount":1000,"issuanceCharge":100,"netOrderAmount":1100,"responseCode":0,"responseMessage":"Success"}"
2022-01-17_14:49:16.993 [main] DEBUG org.apache.http.wire -  << "[\r][\n]"
2022-01-17_14:49:16.993 [main] DEBUG org.apache.http.wire -  << "0[\r][\n]"
2022-01-17_14:49:16.993 [main] DEBUG org.apache.http.wire -  << "[\r][\n]"
2022-01-17_14:49:16.994 [main] DEBUG o.a.h.i.c.BasicClientConnectionManager - Releasing connection org.apache.http.impl.conn.ManagedClientConnectionImpl@55b2cdcb
2022-01-17_14:49:16.994 [main] DEBUG o.a.h.i.c.BasicClientConnectionManager - Connection can be kept alive for 60000 MILLISECONDS
2022-01-17_14:49:16.996 [main] INFO  com.qc.BaseAPI - Response :{
    "externalRequestId": "5wF5q6I",
    "orderId": 102932,
    "orderStatus": 6,
    "cardDetailResponseList": [
        {
            "referenceNumber": 1118178613,
            "serialNumber": 10293200010001,
            "customerName": "afzal",
            "mobileNumber": 8284854535,
            "email": "afzal.ahmed@pinelabs.com",
            "amount": 1000,
            "cardLink": "test.pineperks.in/eCard?c=EtzFrwND2mEzZm7aIMek7w2",
            "responseCode": 0,
            "responseMessage": "Success"
        }
    ],
    "successCount": 1,
    "failedCount": 0,
    "orderAmount": 1000,
    "issuanceCharge": 100,
    "netOrderAmount": 1100,
    "responseCode": 0,
    "responseMessage": "Success"
}
2022-01-17_14:49:16.997 [main] INFO  com.qc.BaseAPI -  **** POST call Response time 827 ms
2022-01-17_14:49:16.997 [main] INFO  pl.rest.service.CardIssue - Time Taken to perform https://apitest.pineperks.in/card/order/V1/instant/issue/nonreloadable/digital transaction: 827
2022-01-17_14:49:17.663 [main] INFO  pl.rest.utils.DBUtils - Query being executed Select * from Card where ordersummaryid=102932;
2022-01-17_14:49:17.711 [main] ERROR com.qc.qa.utils.LoadProperties - Missing MySQLDBEnvironment property value in system property or in config.properties files.Please add it if incase required
2022-01-17_14:49:17.713 [main] INFO  com.qc.qa.dbutils.DBPoolProvider - Con pool Total - 400, idle - 0,  Num active - 0
2022-01-17_14:49:17.713 [main] INFO  com.qc.qa.dbutils.DBPoolProvider - Retrieved connection
2022-01-17_14:49:23.958 [Finalizer] DEBUG o.a.h.i.conn.DefaultClientConnection - Connection 0.0.0.0:61484<->14.143.120.84:443 closed
2022-01-17_14:49:23.959 [main] INFO  pl.rest.CustomHooks - SCENARIO NAME: Issuing a instant non reloadable card
2022-01-17_14:49:23.959 [main] INFO  pl.rest.CustomHooks - TAG NAMEs: [@Regression, @DB]
2022-01-17_14:49:23.959 [main] INFO  pl.rest.CustomHooks - SCENARIO NAME: Issuing a instant non reloadable card
2022-01-17_14:49:23.959 [main] INFO  pl.rest.CustomHooks - TAG NAMEs: [@Regression, @DB]
2022-01-17_14:49:23.959 [main] INFO  pl.rest.CustomHooks - Index: 0, Size: 0
2022-01-17_14:49:24.153 [main] INFO  pl.rest.service.Authorize - Authorize Rest API URL :- https://apitest.pineperks.in/auth/V1/generate/token
2022-01-17_14:49:24.153 [main] INFO  com.qc.BaseAPI - GET call to URL https://apitest.pineperks.in/auth/V1/generate/token
2022-01-17_14:49:24.158 [main] INFO  com.qc.BaseAPI - ********************REQUEST********************
2022-01-17_14:49:24.168 [main] DEBUG o.a.h.i.c.BasicClientConnectionManager - Get connection for route {s}->https://apitest.pineperks.in:443
2022-01-17_14:49:24.169 [main] DEBUG o.a.h.i.c.DefaultClientConnectionOperator - Connecting to apitest.pineperks.in:443
2022-01-17_14:49:24.819 [main] DEBUG o.a.h.c.protocol.RequestAddCookies - CookieSpec selected: ignoreCookies
2022-01-17_14:49:24.821 [main] DEBUG o.a.h.c.protocol.RequestAuthCache - Auth cache not set in the context
2022-01-17_14:49:24.821 [main] DEBUG o.a.h.c.p.RequestTargetAuthentication - Target auth state: UNCHALLENGED
2022-01-17_14:49:24.821 [main] DEBUG o.a.h.c.p.RequestProxyAuthentication - Proxy auth state: UNCHALLENGED
2022-01-17_14:49:24.822 [main] DEBUG o.a.h.impl.client.DefaultHttpClient - Attempt 1 to execute request
2022-01-17_14:49:24.822 [main] DEBUG o.a.h.i.conn.DefaultClientConnection - Sending request: GET /auth/V1/generate/token HTTP/1.1
2022-01-17_14:49:24.822 [main] DEBUG org.apache.http.wire -  >> "GET /auth/V1/generate/token HTTP/1.1[\r][\n]"
2022-01-17_14:49:24.822 [main] DEBUG org.apache.http.wire -  >> "Content-Type: application/json; charset=UTF-8[\r][\n]"
2022-01-17_14:49:24.822 [main] DEBUG org.apache.http.wire -  >> "Accept: */*[\r][\n]"
2022-01-17_14:49:24.822 [main] DEBUG org.apache.http.wire -  >> "userName: A0aCcnPzDANtKmvSLPKcaw==[\r][\n]"
2022-01-17_14:49:24.823 [main] DEBUG org.apache.http.wire -  >> "Host: apitest.pineperks.in[\r][\n]"
2022-01-17_14:49:24.823 [main] DEBUG org.apache.http.wire -  >> "Connection: Keep-Alive[\r][\n]"
2022-01-17_14:49:24.823 [main] DEBUG org.apache.http.wire -  >> "User-Agent: Apache-HttpClient/4.5.2 (Java/1.8.0_202)[\r][\n]"
2022-01-17_14:49:24.823 [main] DEBUG org.apache.http.wire -  >> "Accept-Encoding: gzip,deflate[\r][\n]"
2022-01-17_14:49:24.823 [main] DEBUG org.apache.http.wire -  >> "[\r][\n]"
2022-01-17_14:49:24.824 [main] DEBUG org.apache.http.headers - >> GET /auth/V1/generate/token HTTP/1.1
2022-01-17_14:49:24.824 [main] DEBUG org.apache.http.headers - >> Content-Type: application/json; charset=UTF-8
2022-01-17_14:49:24.824 [main] DEBUG org.apache.http.headers - >> Accept: */*
2022-01-17_14:49:24.824 [main] DEBUG org.apache.http.headers - >> userName: A0aCcnPzDANtKmvSLPKcaw==
2022-01-17_14:49:24.824 [main] DEBUG org.apache.http.headers - >> Host: apitest.pineperks.in
2022-01-17_14:49:24.824 [main] DEBUG org.apache.http.headers - >> Connection: Keep-Alive
2022-01-17_14:49:24.825 [main] DEBUG org.apache.http.headers - >> User-Agent: Apache-HttpClient/4.5.2 (Java/1.8.0_202)
2022-01-17_14:49:24.825 [main] DEBUG org.apache.http.headers - >> Accept-Encoding: gzip,deflate
2022-01-17_14:49:24.925 [main] DEBUG org.apache.http.wire -  << "HTTP/1.1 200 [\r][\n]"
2022-01-17_14:49:24.925 [main] DEBUG org.apache.http.wire -  << "Access-Control-Allow-Methods: GET, POST[\r][\n]"
2022-01-17_14:49:24.926 [main] DEBUG org.apache.http.wire -  << "Access-Control-Allow-Origin: *[\r][\n]"
2022-01-17_14:49:24.926 [main] DEBUG org.apache.http.wire -  << "Content-Security-Policy: default-src 'none'[\r][\n]"
2022-01-17_14:49:24.926 [main] DEBUG org.apache.http.wire -  << "Feature-Policy: 'none'[\r][\n]"
2022-01-17_14:49:24.926 [main] DEBUG org.apache.http.wire -  << "Referrer-Policy: no-referrer[\r][\n]"
2022-01-17_14:49:24.926 [main] DEBUG org.apache.http.wire -  << "Strict-Transport-Security: max-age=31536000 ; includeSubDomains[\r][\n]"
2022-01-17_14:49:24.926 [main] DEBUG org.apache.http.wire -  << "Date: Mon, 17 Jan 2022 09:19:24 GMT[\r][\n]"
2022-01-17_14:49:24.926 [main] DEBUG org.apache.http.wire -  << "Keep-Alive: timeout=60[\r][\n]"
2022-01-17_14:49:24.926 [main] DEBUG org.apache.http.wire -  << "Content-Type: application/json[\r][\n]"
2022-01-17_14:49:24.927 [main] DEBUG org.apache.http.wire -  << "Transfer-Encoding: chunked[\r][\n]"
2022-01-17_14:49:24.927 [main] DEBUG org.apache.http.wire -  << "Connection: keep-alive[\r][\n]"
2022-01-17_14:49:24.927 [main] DEBUG org.apache.http.wire -  << "[\r][\n]"
2022-01-17_14:49:24.927 [main] DEBUG o.a.h.i.conn.DefaultClientConnection - Receiving response: HTTP/1.1 200 
2022-01-17_14:49:24.927 [main] DEBUG org.apache.http.headers - << HTTP/1.1 200 
2022-01-17_14:49:24.927 [main] DEBUG org.apache.http.headers - << Access-Control-Allow-Methods: GET, POST
2022-01-17_14:49:24.927 [main] DEBUG org.apache.http.headers - << Access-Control-Allow-Origin: *
2022-01-17_14:49:24.927 [main] DEBUG org.apache.http.headers - << Content-Security-Policy: default-src 'none'
2022-01-17_14:49:24.927 [main] DEBUG org.apache.http.headers - << Feature-Policy: 'none'
2022-01-17_14:49:24.927 [main] DEBUG org.apache.http.headers - << Referrer-Policy: no-referrer
2022-01-17_14:49:24.928 [main] DEBUG org.apache.http.headers - << Strict-Transport-Security: max-age=31536000 ; includeSubDomains
2022-01-17_14:49:24.928 [main] DEBUG org.apache.http.headers - << Date: Mon, 17 Jan 2022 09:19:24 GMT
2022-01-17_14:49:24.928 [main] DEBUG org.apache.http.headers - << Keep-Alive: timeout=60
2022-01-17_14:49:24.928 [main] DEBUG org.apache.http.headers - << Content-Type: application/json
2022-01-17_14:49:24.928 [main] DEBUG org.apache.http.headers - << Transfer-Encoding: chunked
2022-01-17_14:49:24.928 [main] DEBUG org.apache.http.headers - << Connection: keep-alive
2022-01-17_14:49:24.928 [main] DEBUG o.a.h.impl.client.DefaultHttpClient - Connection can be kept alive for 60000 MILLISECONDS
2022-01-17_14:49:24.929 [main] DEBUG i.r.i.RequestSpecificationImpl$RestAssuredHttpBuilder - Parsing response as: application/json
2022-01-17_14:49:24.929 [main] DEBUG i.r.i.RequestSpecificationImpl$RestAssuredHttpBuilder - Parsed data to instance of: class org.apache.http.conn.EofSensorInputStream
2022-01-17_14:49:24.931 [main] INFO  com.qc.BaseAPI - Method :GET
2022-01-17_14:49:24.933 [main] INFO  com.qc.BaseAPI - URI :https://apitest.pineperks.in/auth/V1/generate/token
2022-01-17_14:49:24.933 [main] INFO  com.qc.BaseAPI - Headers :userName=A0aCcnPzDANtKmvSLPKcaw==
Accept=*/*
Content-Type=application/json; charset=UTF-8
2022-01-17_14:49:24.933 [main] INFO  com.qc.BaseAPI - Body :null
2022-01-17_14:49:24.934 [main] INFO  com.qc.BaseAPI - ********************RESPONSE********************
2022-01-17_14:49:24.934 [main] DEBUG org.apache.http.wire -  << "7f[\r][\n]"
2022-01-17_14:49:24.934 [main] DEBUG org.apache.http.wire -  << "{"accessToken":"30629e9448e84be9989741931a2bb9e9","tokenExpiryTime":"17-May-2022","responseCode":0,"responseMessage":"Success"}"
2022-01-17_14:49:24.934 [main] DEBUG org.apache.http.wire -  << "[\r][\n]"
2022-01-17_14:49:24.935 [main] DEBUG org.apache.http.wire -  << "0[\r][\n]"
2022-01-17_14:49:24.935 [main] DEBUG org.apache.http.wire -  << "[\r][\n]"
2022-01-17_14:49:24.935 [main] DEBUG o.a.h.i.c.BasicClientConnectionManager - Releasing connection org.apache.http.impl.conn.ManagedClientConnectionImpl@2218fd78
2022-01-17_14:49:24.936 [main] DEBUG o.a.h.i.c.BasicClientConnectionManager - Connection can be kept alive for 60000 MILLISECONDS
2022-01-17_14:49:24.937 [main] INFO  com.qc.BaseAPI - Response :{
    "accessToken": "30629e9448e84be9989741931a2bb9e9",
    "tokenExpiryTime": "17-May-2022",
    "responseCode": 0,
    "responseMessage": "Success"
}
2022-01-17_14:49:24.937 [main] INFO  com.qc.BaseAPI -  **** GET call Response time 770 ms
2022-01-17_14:49:24.938 [main] INFO  pl.rest.service.Authorize - Time Taken to perform https://apitest.pineperks.in/auth/V1/generate/token transaction: 770
2022-01-17_14:49:24.945 [main] INFO  com.qc.qa.utils.TestDataReader - Reading Json data authorizeHeaders
2022-01-17_14:49:24.949 [main] INFO  com.qc.qa.utils.TestDataReader - Reading json data from file @ testData/api/devAPIData.json
2022-01-17_14:49:24.953 [main] INFO  pl.rest.service.CardIssue - CardIssue Rest API URL :- https://apitest.pineperks.in/card/order/V2/instant/issue/nonreloadable/digital
2022-01-17_14:49:24.953 [main] INFO  com.qc.BaseAPI - POST call to URL https://apitest.pineperks.in/card/order/V2/instant/issue/nonreloadable/digital
2022-01-17_14:49:24.963 [main] INFO  com.qc.BaseAPI - ********************REQUEST********************
2022-01-17_14:49:24.979 [main] DEBUG o.a.h.i.c.BasicClientConnectionManager - Get connection for route {s}->https://apitest.pineperks.in:443
2022-01-17_14:49:24.980 [main] DEBUG o.a.h.i.c.DefaultClientConnectionOperator - Connecting to apitest.pineperks.in:443
2022-01-17_14:49:25.300 [main] DEBUG o.a.h.c.protocol.RequestAddCookies - CookieSpec selected: ignoreCookies
2022-01-17_14:49:25.300 [main] DEBUG o.a.h.c.protocol.RequestAuthCache - Auth cache not set in the context
2022-01-17_14:49:25.300 [main] DEBUG o.a.h.c.p.RequestTargetAuthentication - Target auth state: UNCHALLENGED
2022-01-17_14:49:25.300 [main] DEBUG o.a.h.c.p.RequestProxyAuthentication - Proxy auth state: UNCHALLENGED
2022-01-17_14:49:25.300 [main] DEBUG o.a.h.impl.client.DefaultHttpClient - Attempt 1 to execute request
2022-01-17_14:49:25.301 [main] DEBUG o.a.h.i.conn.DefaultClientConnection - Sending request: POST /card/order/V2/instant/issue/nonreloadable/digital HTTP/1.1
2022-01-17_14:49:25.301 [main] DEBUG org.apache.http.wire -  >> "POST /card/order/V2/instant/issue/nonreloadable/digital HTTP/1.1[\r][\n]"
2022-01-17_14:49:25.301 [main] DEBUG org.apache.http.wire -  >> "X-PinePerks-UserName: A0aCcnPzDANtKmvSLPKcaw==[\r][\n]"
2022-01-17_14:49:25.301 [main] DEBUG org.apache.http.wire -  >> "Accept: */*[\r][\n]"
2022-01-17_14:49:25.301 [main] DEBUG org.apache.http.wire -  >> "X-PinePerks-Token: 30629e9448e84be9989741931a2bb9e9[\r][\n]"
2022-01-17_14:49:25.302 [main] DEBUG org.apache.http.wire -  >> "Content-Type: application/json; charset=UTF-8[\r][\n]"
2022-01-17_14:49:25.302 [main] DEBUG org.apache.http.wire -  >> "Content-Length: 211[\r][\n]"
2022-01-17_14:49:25.302 [main] DEBUG org.apache.http.wire -  >> "Host: apitest.pineperks.in[\r][\n]"
2022-01-17_14:49:25.303 [main] DEBUG org.apache.http.wire -  >> "Connection: Keep-Alive[\r][\n]"
2022-01-17_14:49:25.303 [main] DEBUG org.apache.http.wire -  >> "User-Agent: Apache-HttpClient/4.5.2 (Java/1.8.0_202)[\r][\n]"
2022-01-17_14:49:25.303 [main] DEBUG org.apache.http.wire -  >> "Accept-Encoding: gzip,deflate[\r][\n]"
2022-01-17_14:49:25.303 [main] DEBUG org.apache.http.wire -  >> "[\r][\n]"
2022-01-17_14:49:25.303 [main] DEBUG org.apache.http.headers - >> POST /card/order/V2/instant/issue/nonreloadable/digital HTTP/1.1
2022-01-17_14:49:25.303 [main] DEBUG org.apache.http.headers - >> X-PinePerks-UserName: A0aCcnPzDANtKmvSLPKcaw==
2022-01-17_14:49:25.303 [main] DEBUG org.apache.http.headers - >> Accept: */*
2022-01-17_14:49:25.303 [main] DEBUG org.apache.http.headers - >> X-PinePerks-Token: 30629e9448e84be9989741931a2bb9e9
2022-01-17_14:49:25.303 [main] DEBUG org.apache.http.headers - >> Content-Type: application/json; charset=UTF-8
2022-01-17_14:49:25.303 [main] DEBUG org.apache.http.headers - >> Content-Length: 211
2022-01-17_14:49:25.303 [main] DEBUG org.apache.http.headers - >> Host: apitest.pineperks.in
2022-01-17_14:49:25.303 [main] DEBUG org.apache.http.headers - >> Connection: Keep-Alive
2022-01-17_14:49:25.303 [main] DEBUG org.apache.http.headers - >> User-Agent: Apache-HttpClient/4.5.2 (Java/1.8.0_202)
2022-01-17_14:49:25.304 [main] DEBUG org.apache.http.headers - >> Accept-Encoding: gzip,deflate
2022-01-17_14:49:25.304 [main] DEBUG org.apache.http.wire -  >> "{"checksum":"5x3GNrnStyS2PkMvV6EeAw==","cardDetailList":[{"amount":"1000","mobileNumber":"8284854535","customerName":"afzal","email":"afzal.ahmed@pinelabs.com"}],"externalRequestId":"dMgkLLw","cardSchemeId":"7"}"
2022-01-17_14:49:25.638 [main] DEBUG org.apache.http.wire -  << "HTTP/1.1 200 [\r][\n]"
2022-01-17_14:49:25.638 [main] DEBUG org.apache.http.wire -  << "Access-Control-Allow-Methods: GET, POST[\r][\n]"
2022-01-17_14:49:25.638 [main] DEBUG org.apache.http.wire -  << "Access-Control-Allow-Origin: *[\r][\n]"
2022-01-17_14:49:25.638 [main] DEBUG org.apache.http.wire -  << "Content-Security-Policy: default-src 'none'[\r][\n]"
2022-01-17_14:49:25.638 [main] DEBUG org.apache.http.wire -  << "Feature-Policy: 'none'[\r][\n]"
2022-01-17_14:49:25.639 [main] DEBUG org.apache.http.wire -  << "Referrer-Policy: no-referrer[\r][\n]"
2022-01-17_14:49:25.639 [main] DEBUG org.apache.http.wire -  << "Strict-Transport-Security: max-age=31536000 ; includeSubDomains[\r][\n]"
2022-01-17_14:49:25.639 [main] DEBUG org.apache.http.wire -  << "Date: Mon, 17 Jan 2022 09:19:24 GMT[\r][\n]"
2022-01-17_14:49:25.639 [main] DEBUG org.apache.http.wire -  << "Keep-Alive: timeout=60[\r][\n]"
2022-01-17_14:49:25.639 [main] DEBUG org.apache.http.wire -  << "Content-Type: application/json[\r][\n]"
2022-01-17_14:49:25.640 [main] DEBUG org.apache.http.wire -  << "Transfer-Encoding: chunked[\r][\n]"
2022-01-17_14:49:25.640 [main] DEBUG org.apache.http.wire -  << "Connection: keep-alive[\r][\n]"
2022-01-17_14:49:25.640 [main] DEBUG org.apache.http.wire -  << "[\r][\n]"
2022-01-17_14:49:25.640 [main] DEBUG o.a.h.i.conn.DefaultClientConnection - Receiving response: HTTP/1.1 200 
2022-01-17_14:49:25.640 [main] DEBUG org.apache.http.headers - << HTTP/1.1 200 
2022-01-17_14:49:25.641 [main] DEBUG org.apache.http.headers - << Access-Control-Allow-Methods: GET, POST
2022-01-17_14:49:25.641 [main] DEBUG org.apache.http.headers - << Access-Control-Allow-Origin: *
2022-01-17_14:49:25.641 [main] DEBUG org.apache.http.headers - << Content-Security-Policy: default-src 'none'
2022-01-17_14:49:25.641 [main] DEBUG org.apache.http.headers - << Feature-Policy: 'none'
2022-01-17_14:49:25.641 [main] DEBUG org.apache.http.headers - << Referrer-Policy: no-referrer
2022-01-17_14:49:25.641 [main] DEBUG org.apache.http.headers - << Strict-Transport-Security: max-age=31536000 ; includeSubDomains
2022-01-17_14:49:25.641 [main] DEBUG org.apache.http.headers - << Date: Mon, 17 Jan 2022 09:19:24 GMT
2022-01-17_14:49:25.641 [main] DEBUG org.apache.http.headers - << Keep-Alive: timeout=60
2022-01-17_14:49:25.641 [main] DEBUG org.apache.http.headers - << Content-Type: application/json
2022-01-17_14:49:25.641 [main] DEBUG org.apache.http.headers - << Transfer-Encoding: chunked
2022-01-17_14:49:25.641 [main] DEBUG org.apache.http.headers - << Connection: keep-alive
2022-01-17_14:49:25.641 [main] DEBUG o.a.h.impl.client.DefaultHttpClient - Connection can be kept alive for 60000 MILLISECONDS
2022-01-17_14:49:25.642 [main] DEBUG i.r.i.RequestSpecificationImpl$RestAssuredHttpBuilder - Parsing response as: application/json
2022-01-17_14:49:25.642 [main] DEBUG i.r.i.RequestSpecificationImpl$RestAssuredHttpBuilder - Parsed data to instance of: class org.apache.http.conn.EofSensorInputStream
2022-01-17_14:49:25.643 [main] INFO  com.qc.BaseAPI - Method :POST
2022-01-17_14:49:25.644 [main] INFO  com.qc.BaseAPI - URI :https://apitest.pineperks.in/card/order/V2/instant/issue/nonreloadable/digital
2022-01-17_14:49:25.644 [main] INFO  com.qc.BaseAPI - Headers :X-PinePerks-Token=30629e9448e84be9989741931a2bb9e9
X-PinePerks-UserName=A0aCcnPzDANtKmvSLPKcaw==
Accept=*/*
Content-Type=application/json; charset=UTF-8
2022-01-17_14:49:25.644 [main] INFO  com.qc.BaseAPI - Body :{"checksum":"5x3GNrnStyS2PkMvV6EeAw==","cardDetailList":[{"amount":"1000","mobileNumber":"8284854535","customerName":"afzal","email":"afzal.ahmed@pinelabs.com"}],"externalRequestId":"dMgkLLw","cardSchemeId":"7"}
2022-01-17_14:49:25.644 [main] INFO  com.qc.BaseAPI - ********************RESPONSE********************
2022-01-17_14:49:25.645 [main] DEBUG org.apache.http.wire -  << "1f2[\r][\n]"
2022-01-17_14:49:25.645 [main] DEBUG org.apache.http.wire -  << "{"externalRequestId":"dMgkLLw","orderId":102933,"orderStatus":6,"cardDetailResponseList":[{"referenceNumber":1265383881,"serialNumber":10293300010001,"customerName":"afzal","mobileNumber":8284854535,"email":"afzal.ahmed@pinelabs.com","amount":1000,"cardLink":"test.pineperks.in/eCard?c=nipamdX518ACGmDWAafabw2","responseCode":0,"responseMessage":"Success"}],"successCount":1,"failedCount":0,"orderAmount":1000,"issuanceCharge":100,"netOrderAmount":1100,"responseCode":0,"responseMessage":"Success"}"
2022-01-17_14:49:25.645 [main] DEBUG org.apache.http.wire -  << "[\r][\n]"
2022-01-17_14:49:25.646 [main] DEBUG org.apache.http.wire -  << "0[\r][\n]"
2022-01-17_14:49:25.646 [main] DEBUG org.apache.http.wire -  << "[\r][\n]"
2022-01-17_14:49:25.647 [main] DEBUG o.a.h.i.c.BasicClientConnectionManager - Releasing connection org.apache.http.impl.conn.ManagedClientConnectionImpl@41648a22
2022-01-17_14:49:25.647 [main] DEBUG o.a.h.i.c.BasicClientConnectionManager - Connection can be kept alive for 60000 MILLISECONDS
2022-01-17_14:49:25.648 [main] INFO  com.qc.BaseAPI - Response :{
    "externalRequestId": "dMgkLLw",
    "orderId": 102933,
    "orderStatus": 6,
    "cardDetailResponseList": [
        {
            "referenceNumber": 1265383881,
            "serialNumber": 10293300010001,
            "customerName": "afzal",
            "mobileNumber": 8284854535,
            "email": "afzal.ahmed@pinelabs.com",
            "amount": 1000,
            "cardLink": "test.pineperks.in/eCard?c=nipamdX518ACGmDWAafabw2",
            "responseCode": 0,
            "responseMessage": "Success"
        }
    ],
    "successCount": 1,
    "failedCount": 0,
    "orderAmount": 1000,
    "issuanceCharge": 100,
    "netOrderAmount": 1100,
    "responseCode": 0,
    "responseMessage": "Success"
}
2022-01-17_14:49:25.649 [main] INFO  com.qc.BaseAPI -  **** POST call Response time 677 ms
2022-01-17_14:49:25.649 [main] INFO  pl.rest.service.CardIssue - Time Taken to perform https://apitest.pineperks.in/card/order/V2/instant/issue/nonreloadable/digital transaction: 677
