2022-01-17_17:12:11.095 [main] INFO  pl.rest.CustomHooks - SCENARIO NAME: Issuing a instant non reloadable card
2022-01-17_17:12:11.098 [main] INFO  pl.rest.CustomHooks - TAG NAMEs: [@Regression, @DB]
2022-01-17_17:12:11.103 [main] INFO  pl.rest.CustomHooks - SCENARIO NAME: Issuing a instant non reloadable card
2022-01-17_17:12:11.103 [main] INFO  pl.rest.CustomHooks - TAG NAMEs: [@Regression, @DB]
2022-01-17_17:12:11.189 [main] INFO  pl.rest.CustomHooks - Index: 0, Size: 0
2022-01-17_17:12:12.360 [main] INFO  com.qc.qa.utils.TestDataReader - Reading API Test Data config values from  testData/api/devAPITestData.properties
2022-01-17_17:12:12.376 [main] INFO  pl.rest.service.Authorize - Authorize Rest API URL :- https://apitest.pineperks.in/auth/V1/generate/token
2022-01-17_17:12:12.377 [main] INFO  com.qc.BaseAPI - GET call to URL https://apitest.pineperks.in/auth/V1/generate/token
2022-01-17_17:12:12.587 [main] INFO  com.qc.BaseAPI - ********************REQUEST********************
2022-01-17_17:12:14.416 [main] DEBUG o.a.h.i.c.BasicClientConnectionManager - Get connection for route {s}->https://apitest.pineperks.in:443
2022-01-17_17:12:14.471 [main] DEBUG o.a.h.i.c.DefaultClientConnectionOperator - Connecting to apitest.pineperks.in:443
2022-01-17_17:12:14.845 [main] DEBUG o.a.h.c.protocol.RequestAddCookies - CookieSpec selected: ignoreCookies
2022-01-17_17:12:14.848 [main] DEBUG o.a.h.c.protocol.RequestAuthCache - Auth cache not set in the context
2022-01-17_17:12:14.849 [main] DEBUG o.a.h.c.p.RequestTargetAuthentication - Target auth state: UNCHALLENGED
2022-01-17_17:12:14.851 [main] DEBUG o.a.h.c.p.RequestProxyAuthentication - Proxy auth state: UNCHALLENGED
2022-01-17_17:12:14.851 [main] DEBUG o.a.h.impl.client.DefaultHttpClient - Attempt 1 to execute request
2022-01-17_17:12:14.852 [main] DEBUG o.a.h.i.conn.DefaultClientConnection - Sending request: GET /auth/V1/generate/token HTTP/1.1
2022-01-17_17:12:14.852 [main] DEBUG org.apache.http.wire -  >> "GET /auth/V1/generate/token HTTP/1.1[\r][\n]"
2022-01-17_17:12:14.853 [main] DEBUG org.apache.http.wire -  >> "Content-Type: application/json; charset=UTF-8[\r][\n]"
2022-01-17_17:12:14.854 [main] DEBUG org.apache.http.wire -  >> "Accept: */*[\r][\n]"
2022-01-17_17:12:14.854 [main] DEBUG org.apache.http.wire -  >> "userName: A0aCcnPzDANtKmvSLPKcaw==[\r][\n]"
2022-01-17_17:12:14.854 [main] DEBUG org.apache.http.wire -  >> "Host: apitest.pineperks.in[\r][\n]"
2022-01-17_17:12:14.855 [main] DEBUG org.apache.http.wire -  >> "Connection: Keep-Alive[\r][\n]"
2022-01-17_17:12:14.855 [main] DEBUG org.apache.http.wire -  >> "User-Agent: Apache-HttpClient/4.5.2 (Java/1.8.0_202)[\r][\n]"
2022-01-17_17:12:14.855 [main] DEBUG org.apache.http.wire -  >> "Accept-Encoding: gzip,deflate[\r][\n]"
2022-01-17_17:12:14.855 [main] DEBUG org.apache.http.wire -  >> "[\r][\n]"
2022-01-17_17:12:14.856 [main] DEBUG org.apache.http.headers - >> GET /auth/V1/generate/token HTTP/1.1
2022-01-17_17:12:14.856 [main] DEBUG org.apache.http.headers - >> Content-Type: application/json; charset=UTF-8
2022-01-17_17:12:14.856 [main] DEBUG org.apache.http.headers - >> Accept: */*
2022-01-17_17:12:14.856 [main] DEBUG org.apache.http.headers - >> userName: A0aCcnPzDANtKmvSLPKcaw==
2022-01-17_17:12:14.856 [main] DEBUG org.apache.http.headers - >> Host: apitest.pineperks.in
2022-01-17_17:12:14.856 [main] DEBUG org.apache.http.headers - >> Connection: Keep-Alive
2022-01-17_17:12:14.856 [main] DEBUG org.apache.http.headers - >> User-Agent: Apache-HttpClient/4.5.2 (Java/1.8.0_202)
2022-01-17_17:12:14.857 [main] DEBUG org.apache.http.headers - >> Accept-Encoding: gzip,deflate
2022-01-17_17:12:14.971 [main] DEBUG org.apache.http.wire -  << "HTTP/1.1 200 [\r][\n]"
2022-01-17_17:12:14.976 [main] DEBUG org.apache.http.wire -  << "Access-Control-Allow-Methods: GET, POST[\r][\n]"
2022-01-17_17:12:14.977 [main] DEBUG org.apache.http.wire -  << "Access-Control-Allow-Origin: *[\r][\n]"
2022-01-17_17:12:14.977 [main] DEBUG org.apache.http.wire -  << "Content-Security-Policy: default-src 'none'[\r][\n]"
2022-01-17_17:12:14.978 [main] DEBUG org.apache.http.wire -  << "Feature-Policy: 'none'[\r][\n]"
2022-01-17_17:12:14.978 [main] DEBUG org.apache.http.wire -  << "Referrer-Policy: no-referrer[\r][\n]"
2022-01-17_17:12:14.978 [main] DEBUG org.apache.http.wire -  << "Strict-Transport-Security: max-age=31536000 ; includeSubDomains[\r][\n]"
2022-01-17_17:12:14.979 [main] DEBUG org.apache.http.wire -  << "Date: Mon, 17 Jan 2022 11:42:14 GMT[\r][\n]"
2022-01-17_17:12:14.979 [main] DEBUG org.apache.http.wire -  << "Keep-Alive: timeout=60[\r][\n]"
2022-01-17_17:12:14.980 [main] DEBUG org.apache.http.wire -  << "Content-Type: application/json[\r][\n]"
2022-01-17_17:12:14.980 [main] DEBUG org.apache.http.wire -  << "Transfer-Encoding: chunked[\r][\n]"
2022-01-17_17:12:14.980 [main] DEBUG org.apache.http.wire -  << "Connection: keep-alive[\r][\n]"
2022-01-17_17:12:14.980 [main] DEBUG org.apache.http.wire -  << "[\r][\n]"
2022-01-17_17:12:14.981 [main] DEBUG o.a.h.i.conn.DefaultClientConnection - Receiving response: HTTP/1.1 200 
2022-01-17_17:12:14.982 [main] DEBUG org.apache.http.headers - << HTTP/1.1 200 
2022-01-17_17:12:14.982 [main] DEBUG org.apache.http.headers - << Access-Control-Allow-Methods: GET, POST
2022-01-17_17:12:14.982 [main] DEBUG org.apache.http.headers - << Access-Control-Allow-Origin: *
2022-01-17_17:12:14.982 [main] DEBUG org.apache.http.headers - << Content-Security-Policy: default-src 'none'
2022-01-17_17:12:14.983 [main] DEBUG org.apache.http.headers - << Feature-Policy: 'none'
2022-01-17_17:12:14.983 [main] DEBUG org.apache.http.headers - << Referrer-Policy: no-referrer
2022-01-17_17:12:14.984 [main] DEBUG org.apache.http.headers - << Strict-Transport-Security: max-age=31536000 ; includeSubDomains
2022-01-17_17:12:14.984 [main] DEBUG org.apache.http.headers - << Date: Mon, 17 Jan 2022 11:42:14 GMT
2022-01-17_17:12:14.984 [main] DEBUG org.apache.http.headers - << Keep-Alive: timeout=60
2022-01-17_17:12:14.984 [main] DEBUG org.apache.http.headers - << Content-Type: application/json
2022-01-17_17:12:14.984 [main] DEBUG org.apache.http.headers - << Transfer-Encoding: chunked
2022-01-17_17:12:14.985 [main] DEBUG org.apache.http.headers - << Connection: keep-alive
2022-01-17_17:12:14.997 [main] DEBUG o.a.h.impl.client.DefaultHttpClient - Connection can be kept alive for 60000 MILLISECONDS
2022-01-17_17:12:15.029 [main] DEBUG i.r.i.RequestSpecificationImpl$RestAssuredHttpBuilder - Parsing response as: application/json
2022-01-17_17:12:15.029 [main] DEBUG i.r.i.RequestSpecificationImpl$RestAssuredHttpBuilder - Parsed data to instance of: class org.apache.http.conn.EofSensorInputStream
2022-01-17_17:12:15.044 [main] INFO  com.qc.BaseAPI - Method :GET
2022-01-17_17:12:15.045 [main] INFO  com.qc.BaseAPI - URI :https://apitest.pineperks.in/auth/V1/generate/token
2022-01-17_17:12:15.046 [main] INFO  com.qc.BaseAPI - Headers :userName=A0aCcnPzDANtKmvSLPKcaw==
Accept=*/*
Content-Type=application/json; charset=UTF-8
2022-01-17_17:12:15.046 [main] INFO  com.qc.BaseAPI - Body :null
2022-01-17_17:12:15.046 [main] INFO  com.qc.BaseAPI - ********************RESPONSE********************
2022-01-17_17:12:15.054 [main] DEBUG org.apache.http.wire -  << "7f[\r][\n]"
2022-01-17_17:12:15.055 [main] DEBUG org.apache.http.wire -  << "{"accessToken":"e3a7778ca3844f44815af019e3194bef","tokenExpiryTime":"17-May-2022","responseCode":0,"responseMessage":"Success"}"
2022-01-17_17:12:15.055 [main] DEBUG org.apache.http.wire -  << "[\r][\n]"
2022-01-17_17:12:15.055 [main] DEBUG org.apache.http.wire -  << "0[\r][\n]"
2022-01-17_17:12:15.055 [main] DEBUG org.apache.http.wire -  << "[\r][\n]"
2022-01-17_17:12:15.055 [main] DEBUG o.a.h.i.c.BasicClientConnectionManager - Releasing connection org.apache.http.impl.conn.ManagedClientConnectionImpl@7c7e4f05
2022-01-17_17:12:15.056 [main] DEBUG o.a.h.i.c.BasicClientConnectionManager - Connection can be kept alive for 60000 MILLISECONDS
2022-01-17_17:12:15.083 [main] INFO  com.qc.BaseAPI - Response :{
    "accessToken": "e3a7778ca3844f44815af019e3194bef",
    "tokenExpiryTime": "17-May-2022",
    "responseCode": 0,
    "responseMessage": "Success"
}
2022-01-17_17:12:15.086 [main] INFO  com.qc.BaseAPI -  **** GET call Response time 2444 ms
2022-01-17_17:12:15.086 [main] INFO  pl.rest.service.Authorize - Time Taken to perform https://apitest.pineperks.in/auth/V1/generate/token transaction: 2444
2022-01-17_17:12:15.195 [main] INFO  com.qc.qa.utils.TestDataReader - Reading Json data authorizeHeaders
2022-01-17_17:12:15.200 [main] INFO  com.qc.qa.utils.TestDataReader - Reading json data from file @ testData/api/devAPIData.json
2022-01-17_17:12:15.222 [main] INFO  pl.rest.service.CardIssue - CardIssue Rest API URL :- https://apitest.pineperks.in/card/order/V1/instant/issue/nonreloadable/digital
2022-01-17_17:12:15.222 [main] INFO  com.qc.BaseAPI - POST call to URL https://apitest.pineperks.in/card/order/V1/instant/issue/nonreloadable/digital
2022-01-17_17:12:15.233 [main] INFO  com.qc.BaseAPI - ********************REQUEST********************
2022-01-17_17:12:15.266 [main] DEBUG o.a.h.i.c.BasicClientConnectionManager - Get connection for route {s}->https://apitest.pineperks.in:443
2022-01-17_17:12:15.267 [main] DEBUG o.a.h.i.c.DefaultClientConnectionOperator - Connecting to apitest.pineperks.in:443
2022-01-17_17:12:15.548 [main] DEBUG o.a.h.c.protocol.RequestAddCookies - CookieSpec selected: ignoreCookies
2022-01-17_17:12:15.548 [main] DEBUG o.a.h.c.protocol.RequestAuthCache - Auth cache not set in the context
2022-01-17_17:12:15.550 [main] DEBUG o.a.h.c.p.RequestTargetAuthentication - Target auth state: UNCHALLENGED
2022-01-17_17:12:15.550 [main] DEBUG o.a.h.c.p.RequestProxyAuthentication - Proxy auth state: UNCHALLENGED
2022-01-17_17:12:15.550 [main] DEBUG o.a.h.impl.client.DefaultHttpClient - Attempt 1 to execute request
2022-01-17_17:12:15.550 [main] DEBUG o.a.h.i.conn.DefaultClientConnection - Sending request: POST /card/order/V1/instant/issue/nonreloadable/digital HTTP/1.1
2022-01-17_17:12:15.550 [main] DEBUG org.apache.http.wire -  >> "POST /card/order/V1/instant/issue/nonreloadable/digital HTTP/1.1[\r][\n]"
2022-01-17_17:12:15.550 [main] DEBUG org.apache.http.wire -  >> "Accept: */*[\r][\n]"
2022-01-17_17:12:15.550 [main] DEBUG org.apache.http.wire -  >> "userName: A0aCcnPzDANtKmvSLPKcaw==[\r][\n]"
2022-01-17_17:12:15.550 [main] DEBUG org.apache.http.wire -  >> "token: e3a7778ca3844f44815af019e3194bef[\r][\n]"
2022-01-17_17:12:15.550 [main] DEBUG org.apache.http.wire -  >> "Content-Type: application/json; charset=UTF-8[\r][\n]"
2022-01-17_17:12:15.550 [main] DEBUG org.apache.http.wire -  >> "Content-Length: 241[\r][\n]"
2022-01-17_17:12:15.551 [main] DEBUG org.apache.http.wire -  >> "Host: apitest.pineperks.in[\r][\n]"
2022-01-17_17:12:15.551 [main] DEBUG org.apache.http.wire -  >> "Connection: Keep-Alive[\r][\n]"
2022-01-17_17:12:15.551 [main] DEBUG org.apache.http.wire -  >> "User-Agent: Apache-HttpClient/4.5.2 (Java/1.8.0_202)[\r][\n]"
2022-01-17_17:12:15.551 [main] DEBUG org.apache.http.wire -  >> "Accept-Encoding: gzip,deflate[\r][\n]"
2022-01-17_17:12:15.551 [main] DEBUG org.apache.http.wire -  >> "[\r][\n]"
2022-01-17_17:12:15.552 [main] DEBUG org.apache.http.headers - >> POST /card/order/V1/instant/issue/nonreloadable/digital HTTP/1.1
2022-01-17_17:12:15.552 [main] DEBUG org.apache.http.headers - >> Accept: */*
2022-01-17_17:12:15.552 [main] DEBUG org.apache.http.headers - >> userName: A0aCcnPzDANtKmvSLPKcaw==
2022-01-17_17:12:15.552 [main] DEBUG org.apache.http.headers - >> token: e3a7778ca3844f44815af019e3194bef
2022-01-17_17:12:15.552 [main] DEBUG org.apache.http.headers - >> Content-Type: application/json; charset=UTF-8
2022-01-17_17:12:15.552 [main] DEBUG org.apache.http.headers - >> Content-Length: 241
2022-01-17_17:12:15.552 [main] DEBUG org.apache.http.headers - >> Host: apitest.pineperks.in
2022-01-17_17:12:15.552 [main] DEBUG org.apache.http.headers - >> Connection: Keep-Alive
2022-01-17_17:12:15.552 [main] DEBUG org.apache.http.headers - >> User-Agent: Apache-HttpClient/4.5.2 (Java/1.8.0_202)
2022-01-17_17:12:15.552 [main] DEBUG org.apache.http.headers - >> Accept-Encoding: gzip,deflate
2022-01-17_17:12:15.552 [main] DEBUG org.apache.http.wire -  >> "{"isLinkToBeSentOnMobile":true,"checksum":"5x3GNrnStyS2PkMvV6EeAw==","cardDetailList":[{"amount":"1000","mobileNumber":"8284854535","customerName":"afzal","email":"afzal.ahmed@pinelabs.com"}],"externalRequestId":"AH4PsAu","cardSchemeId":"7"}"
2022-01-17_17:12:15.943 [main] DEBUG org.apache.http.wire -  << "HTTP/1.1 200 [\r][\n]"
2022-01-17_17:12:15.944 [main] DEBUG org.apache.http.wire -  << "Access-Control-Allow-Methods: GET, POST[\r][\n]"
2022-01-17_17:12:15.944 [main] DEBUG org.apache.http.wire -  << "Access-Control-Allow-Origin: *[\r][\n]"
2022-01-17_17:12:15.944 [main] DEBUG org.apache.http.wire -  << "Content-Security-Policy: default-src 'none'[\r][\n]"
2022-01-17_17:12:15.944 [main] DEBUG org.apache.http.wire -  << "Feature-Policy: 'none'[\r][\n]"
2022-01-17_17:12:15.945 [main] DEBUG org.apache.http.wire -  << "Referrer-Policy: no-referrer[\r][\n]"
2022-01-17_17:12:15.945 [main] DEBUG org.apache.http.wire -  << "Strict-Transport-Security: max-age=31536000 ; includeSubDomains[\r][\n]"
2022-01-17_17:12:15.945 [main] DEBUG org.apache.http.wire -  << "Date: Mon, 17 Jan 2022 11:42:14 GMT[\r][\n]"
2022-01-17_17:12:15.945 [main] DEBUG org.apache.http.wire -  << "Keep-Alive: timeout=60[\r][\n]"
2022-01-17_17:12:15.945 [main] DEBUG org.apache.http.wire -  << "Content-Type: application/json[\r][\n]"
2022-01-17_17:12:15.946 [main] DEBUG org.apache.http.wire -  << "Transfer-Encoding: chunked[\r][\n]"
2022-01-17_17:12:15.946 [main] DEBUG org.apache.http.wire -  << "Connection: keep-alive[\r][\n]"
2022-01-17_17:12:15.946 [main] DEBUG org.apache.http.wire -  << "[\r][\n]"
2022-01-17_17:12:15.946 [main] DEBUG o.a.h.i.conn.DefaultClientConnection - Receiving response: HTTP/1.1 200 
2022-01-17_17:12:15.946 [main] DEBUG org.apache.http.headers - << HTTP/1.1 200 
2022-01-17_17:12:15.948 [main] DEBUG org.apache.http.headers - << Access-Control-Allow-Methods: GET, POST
2022-01-17_17:12:15.948 [main] DEBUG org.apache.http.headers - << Access-Control-Allow-Origin: *
2022-01-17_17:12:15.948 [main] DEBUG org.apache.http.headers - << Content-Security-Policy: default-src 'none'
2022-01-17_17:12:15.948 [main] DEBUG org.apache.http.headers - << Feature-Policy: 'none'
2022-01-17_17:12:15.948 [main] DEBUG org.apache.http.headers - << Referrer-Policy: no-referrer
2022-01-17_17:12:15.948 [main] DEBUG org.apache.http.headers - << Strict-Transport-Security: max-age=31536000 ; includeSubDomains
2022-01-17_17:12:15.948 [main] DEBUG org.apache.http.headers - << Date: Mon, 17 Jan 2022 11:42:14 GMT
2022-01-17_17:12:15.948 [main] DEBUG org.apache.http.headers - << Keep-Alive: timeout=60
2022-01-17_17:12:15.948 [main] DEBUG org.apache.http.headers - << Content-Type: application/json
2022-01-17_17:12:15.948 [main] DEBUG org.apache.http.headers - << Transfer-Encoding: chunked
2022-01-17_17:12:15.949 [main] DEBUG org.apache.http.headers - << Connection: keep-alive
2022-01-17_17:12:15.949 [main] DEBUG o.a.h.impl.client.DefaultHttpClient - Connection can be kept alive for 60000 MILLISECONDS
2022-01-17_17:12:15.950 [main] DEBUG i.r.i.RequestSpecificationImpl$RestAssuredHttpBuilder - Parsing response as: application/json
2022-01-17_17:12:15.950 [main] DEBUG i.r.i.RequestSpecificationImpl$RestAssuredHttpBuilder - Parsed data to instance of: class org.apache.http.conn.EofSensorInputStream
2022-01-17_17:12:15.953 [main] INFO  com.qc.BaseAPI - Method :POST
2022-01-17_17:12:15.957 [main] INFO  com.qc.BaseAPI - URI :https://apitest.pineperks.in/card/order/V1/instant/issue/nonreloadable/digital
2022-01-17_17:12:15.957 [main] INFO  com.qc.BaseAPI - Headers :token=e3a7778ca3844f44815af019e3194bef
userName=A0aCcnPzDANtKmvSLPKcaw==
Accept=*/*
Content-Type=application/json; charset=UTF-8
2022-01-17_17:12:15.957 [main] INFO  com.qc.BaseAPI - Body :{"isLinkToBeSentOnMobile":true,"checksum":"5x3GNrnStyS2PkMvV6EeAw==","cardDetailList":[{"amount":"1000","mobileNumber":"8284854535","customerName":"afzal","email":"afzal.ahmed@pinelabs.com"}],"externalRequestId":"AH4PsAu","cardSchemeId":"7"}
2022-01-17_17:12:15.958 [main] INFO  com.qc.BaseAPI - ********************RESPONSE********************
2022-01-17_17:12:15.958 [main] DEBUG org.apache.http.wire -  << "1f2[\r][\n]"
2022-01-17_17:12:15.958 [main] DEBUG org.apache.http.wire -  << "{"externalRequestId":"AH4PsAu","orderId":102944,"orderStatus":6,"cardDetailResponseList":[{"referenceNumber":5377837583,"serialNumber":10294400010001,"customerName":"afzal","mobileNumber":8284854535,"email":"afzal.ahmed@pinelabs.com","amount":1000,"cardLink":"test.pineperks.in/eCard?c=OMi-.kMAxElMlljIxmyi-w2","responseCode":0,"responseMessage":"Success"}],"successCount":1,"failedCount":0,"orderAmount":1000,"issuanceCharge":100,"netOrderAmount":1100,"responseCode":0,"responseMessage":"Success"}"
2022-01-17_17:12:15.959 [main] DEBUG org.apache.http.wire -  << "[\r][\n]"
2022-01-17_17:12:15.959 [main] DEBUG org.apache.http.wire -  << "0[\r][\n]"
2022-01-17_17:12:15.959 [main] DEBUG org.apache.http.wire -  << "[\r][\n]"
2022-01-17_17:12:15.959 [main] DEBUG o.a.h.i.c.BasicClientConnectionManager - Releasing connection org.apache.http.impl.conn.ManagedClientConnectionImpl@55b2cdcb
2022-01-17_17:12:15.960 [main] DEBUG o.a.h.i.c.BasicClientConnectionManager - Connection can be kept alive for 60000 MILLISECONDS
2022-01-17_17:12:15.964 [main] INFO  com.qc.BaseAPI - Response :{
    "externalRequestId": "AH4PsAu",
    "orderId": 102944,
    "orderStatus": 6,
    "cardDetailResponseList": [
        {
            "referenceNumber": 5377837583,
            "serialNumber": 10294400010001,
            "customerName": "afzal",
            "mobileNumber": 8284854535,
            "email": "afzal.ahmed@pinelabs.com",
            "amount": 1000,
            "cardLink": "test.pineperks.in/eCard?c=OMi-.kMAxElMlljIxmyi-w2",
            "responseCode": 0,
            "responseMessage": "Success"
        }
    ],
    "successCount": 1,
    "failedCount": 0,
    "orderAmount": 1000,
    "issuanceCharge": 100,
    "netOrderAmount": 1100,
    "responseCode": 0,
    "responseMessage": "Success"
}
2022-01-17_17:12:15.965 [main] INFO  com.qc.BaseAPI -  **** POST call Response time 717 ms
2022-01-17_17:12:15.965 [main] INFO  pl.rest.service.CardIssue - Time Taken to perform https://apitest.pineperks.in/card/order/V1/instant/issue/nonreloadable/digital transaction: 717
2022-01-17_17:12:16.732 [main] INFO  pl.rest.utils.DBUtils - Query being executed Select * from Card where ordersummaryid=102944;
2022-01-17_17:12:16.788 [main] ERROR com.qc.qa.utils.LoadProperties - Missing MySQLDBEnvironment property value in system property or in config.properties files.Please add it if incase required
2022-01-17_17:12:16.790 [main] INFO  com.qc.qa.dbutils.DBPoolProvider - Con pool Total - 400, idle - 0,  Num active - 0
2022-01-17_17:12:16.790 [main] INFO  com.qc.qa.dbutils.DBPoolProvider - Retrieved connection
2022-01-17_17:12:23.084 [main] INFO  pl.rest.CustomHooks - SCENARIO NAME: Issuing a instant non reloadable card
2022-01-17_17:12:23.085 [main] INFO  pl.rest.CustomHooks - TAG NAMEs: [@Regression, @DB]
2022-01-17_17:12:23.085 [main] INFO  pl.rest.CustomHooks - SCENARIO NAME: Issuing a instant non reloadable card
2022-01-17_17:12:23.086 [main] INFO  pl.rest.CustomHooks - TAG NAMEs: [@Regression, @DB]
2022-01-17_17:12:23.086 [main] INFO  pl.rest.CustomHooks - Index: 0, Size: 0
2022-01-17_17:12:23.268 [main] INFO  pl.rest.service.Authorize - Authorize Rest API URL :- https://apitest.pineperks.in/auth/V1/generate/token
2022-01-17_17:12:23.268 [main] INFO  com.qc.BaseAPI - GET call to URL https://apitest.pineperks.in/auth/V1/generate/token
2022-01-17_17:12:23.273 [main] INFO  com.qc.BaseAPI - ********************REQUEST********************
2022-01-17_17:12:23.379 [Finalizer] DEBUG o.a.h.i.conn.DefaultClientConnection - Connection 0.0.0.0:60635<->14.143.120.84:443 closed
2022-01-17_17:12:23.379 [main] DEBUG o.a.h.i.c.BasicClientConnectionManager - Get connection for route {s}->https://apitest.pineperks.in:443
2022-01-17_17:12:23.380 [main] DEBUG o.a.h.i.c.DefaultClientConnectionOperator - Connecting to apitest.pineperks.in:443
2022-01-17_17:12:23.381 [Finalizer] DEBUG o.a.h.i.conn.DefaultClientConnection - Connection 0.0.0.0:60636<->14.143.120.84:443 closed
2022-01-17_17:12:23.709 [main] DEBUG o.a.h.c.protocol.RequestAddCookies - CookieSpec selected: ignoreCookies
2022-01-17_17:12:23.709 [main] DEBUG o.a.h.c.protocol.RequestAuthCache - Auth cache not set in the context
2022-01-17_17:12:23.709 [main] DEBUG o.a.h.c.p.RequestTargetAuthentication - Target auth state: UNCHALLENGED
2022-01-17_17:12:23.710 [main] DEBUG o.a.h.c.p.RequestProxyAuthentication - Proxy auth state: UNCHALLENGED
2022-01-17_17:12:23.711 [main] DEBUG o.a.h.impl.client.DefaultHttpClient - Attempt 1 to execute request
2022-01-17_17:12:23.711 [main] DEBUG o.a.h.i.conn.DefaultClientConnection - Sending request: GET /auth/V1/generate/token HTTP/1.1
2022-01-17_17:12:23.711 [main] DEBUG org.apache.http.wire -  >> "GET /auth/V1/generate/token HTTP/1.1[\r][\n]"
2022-01-17_17:12:23.711 [main] DEBUG org.apache.http.wire -  >> "Content-Type: application/json; charset=UTF-8[\r][\n]"
2022-01-17_17:12:23.711 [main] DEBUG org.apache.http.wire -  >> "Accept: */*[\r][\n]"
2022-01-17_17:12:23.711 [main] DEBUG org.apache.http.wire -  >> "userName: A0aCcnPzDANtKmvSLPKcaw==[\r][\n]"
2022-01-17_17:12:23.712 [main] DEBUG org.apache.http.wire -  >> "Host: apitest.pineperks.in[\r][\n]"
2022-01-17_17:12:23.712 [main] DEBUG org.apache.http.wire -  >> "Connection: Keep-Alive[\r][\n]"
2022-01-17_17:12:23.712 [main] DEBUG org.apache.http.wire -  >> "User-Agent: Apache-HttpClient/4.5.2 (Java/1.8.0_202)[\r][\n]"
2022-01-17_17:12:23.712 [main] DEBUG org.apache.http.wire -  >> "Accept-Encoding: gzip,deflate[\r][\n]"
2022-01-17_17:12:23.713 [main] DEBUG org.apache.http.wire -  >> "[\r][\n]"
2022-01-17_17:12:23.713 [main] DEBUG org.apache.http.headers - >> GET /auth/V1/generate/token HTTP/1.1
2022-01-17_17:12:23.713 [main] DEBUG org.apache.http.headers - >> Content-Type: application/json; charset=UTF-8
2022-01-17_17:12:23.713 [main] DEBUG org.apache.http.headers - >> Accept: */*
2022-01-17_17:12:23.713 [main] DEBUG org.apache.http.headers - >> userName: A0aCcnPzDANtKmvSLPKcaw==
2022-01-17_17:12:23.714 [main] DEBUG org.apache.http.headers - >> Host: apitest.pineperks.in
2022-01-17_17:12:23.715 [main] DEBUG org.apache.http.headers - >> Connection: Keep-Alive
2022-01-17_17:12:23.715 [main] DEBUG org.apache.http.headers - >> User-Agent: Apache-HttpClient/4.5.2 (Java/1.8.0_202)
2022-01-17_17:12:23.715 [main] DEBUG org.apache.http.headers - >> Accept-Encoding: gzip,deflate
2022-01-17_17:12:23.783 [main] DEBUG org.apache.http.wire -  << "HTTP/1.1 200 [\r][\n]"
2022-01-17_17:12:23.784 [main] DEBUG org.apache.http.wire -  << "Access-Control-Allow-Methods: GET, POST[\r][\n]"
2022-01-17_17:12:23.784 [main] DEBUG org.apache.http.wire -  << "Access-Control-Allow-Origin: *[\r][\n]"
2022-01-17_17:12:23.785 [main] DEBUG org.apache.http.wire -  << "Content-Security-Policy: default-src 'none'[\r][\n]"
2022-01-17_17:12:23.785 [main] DEBUG org.apache.http.wire -  << "Feature-Policy: 'none'[\r][\n]"
2022-01-17_17:12:23.785 [main] DEBUG org.apache.http.wire -  << "Referrer-Policy: no-referrer[\r][\n]"
2022-01-17_17:12:23.785 [main] DEBUG org.apache.http.wire -  << "Strict-Transport-Security: max-age=31536000 ; includeSubDomains[\r][\n]"
2022-01-17_17:12:23.786 [main] DEBUG org.apache.http.wire -  << "Date: Mon, 17 Jan 2022 11:42:23 GMT[\r][\n]"
2022-01-17_17:12:23.786 [main] DEBUG org.apache.http.wire -  << "Keep-Alive: timeout=60[\r][\n]"
2022-01-17_17:12:23.786 [main] DEBUG org.apache.http.wire -  << "Content-Type: application/json[\r][\n]"
2022-01-17_17:12:23.786 [main] DEBUG org.apache.http.wire -  << "Transfer-Encoding: chunked[\r][\n]"
2022-01-17_17:12:23.786 [main] DEBUG org.apache.http.wire -  << "Connection: keep-alive[\r][\n]"
2022-01-17_17:12:23.786 [main] DEBUG org.apache.http.wire -  << "[\r][\n]"
2022-01-17_17:12:23.787 [main] DEBUG o.a.h.i.conn.DefaultClientConnection - Receiving response: HTTP/1.1 200 
2022-01-17_17:12:23.787 [main] DEBUG org.apache.http.headers - << HTTP/1.1 200 
2022-01-17_17:12:23.787 [main] DEBUG org.apache.http.headers - << Access-Control-Allow-Methods: GET, POST
2022-01-17_17:12:23.787 [main] DEBUG org.apache.http.headers - << Access-Control-Allow-Origin: *
2022-01-17_17:12:23.787 [main] DEBUG org.apache.http.headers - << Content-Security-Policy: default-src 'none'
2022-01-17_17:12:23.788 [main] DEBUG org.apache.http.headers - << Feature-Policy: 'none'
2022-01-17_17:12:23.788 [main] DEBUG org.apache.http.headers - << Referrer-Policy: no-referrer
2022-01-17_17:12:23.788 [main] DEBUG org.apache.http.headers - << Strict-Transport-Security: max-age=31536000 ; includeSubDomains
2022-01-17_17:12:23.788 [main] DEBUG org.apache.http.headers - << Date: Mon, 17 Jan 2022 11:42:23 GMT
2022-01-17_17:12:23.788 [main] DEBUG org.apache.http.headers - << Keep-Alive: timeout=60
2022-01-17_17:12:23.788 [main] DEBUG org.apache.http.headers - << Content-Type: application/json
2022-01-17_17:12:23.788 [main] DEBUG org.apache.http.headers - << Transfer-Encoding: chunked
2022-01-17_17:12:23.788 [main] DEBUG org.apache.http.headers - << Connection: keep-alive
2022-01-17_17:12:23.789 [main] DEBUG o.a.h.impl.client.DefaultHttpClient - Connection can be kept alive for 60000 MILLISECONDS
2022-01-17_17:12:23.789 [main] DEBUG i.r.i.RequestSpecificationImpl$RestAssuredHttpBuilder - Parsing response as: application/json
2022-01-17_17:12:23.790 [main] DEBUG i.r.i.RequestSpecificationImpl$RestAssuredHttpBuilder - Parsed data to instance of: class org.apache.http.conn.EofSensorInputStream
2022-01-17_17:12:23.790 [main] INFO  com.qc.BaseAPI - Method :GET
2022-01-17_17:12:23.791 [main] INFO  com.qc.BaseAPI - URI :https://apitest.pineperks.in/auth/V1/generate/token
2022-01-17_17:12:23.792 [main] INFO  com.qc.BaseAPI - Headers :userName=A0aCcnPzDANtKmvSLPKcaw==
Accept=*/*
Content-Type=application/json; charset=UTF-8
2022-01-17_17:12:23.792 [main] INFO  com.qc.BaseAPI - Body :null
2022-01-17_17:12:23.792 [main] INFO  com.qc.BaseAPI - ********************RESPONSE********************
2022-01-17_17:12:23.792 [main] DEBUG org.apache.http.wire -  << "7f[\r][\n]"
2022-01-17_17:12:23.792 [main] DEBUG org.apache.http.wire -  << "{"accessToken":"bacd33ef2934454aa0d665d69220ab3c","tokenExpiryTime":"17-May-2022","responseCode":0,"responseMessage":"Success"}"
2022-01-17_17:12:23.792 [main] DEBUG org.apache.http.wire -  << "[\r][\n]"
2022-01-17_17:12:23.793 [main] DEBUG org.apache.http.wire -  << "0[\r][\n]"
2022-01-17_17:12:23.793 [main] DEBUG org.apache.http.wire -  << "[\r][\n]"
2022-01-17_17:12:23.793 [main] DEBUG o.a.h.i.c.BasicClientConnectionManager - Releasing connection org.apache.http.impl.conn.ManagedClientConnectionImpl@7e4fdc9d
2022-01-17_17:12:23.793 [main] DEBUG o.a.h.i.c.BasicClientConnectionManager - Connection can be kept alive for 60000 MILLISECONDS
2022-01-17_17:12:23.794 [main] INFO  com.qc.BaseAPI - Response :{
    "accessToken": "bacd33ef2934454aa0d665d69220ab3c",
    "tokenExpiryTime": "17-May-2022",
    "responseCode": 0,
    "responseMessage": "Success"
}
2022-01-17_17:12:23.795 [main] INFO  com.qc.BaseAPI -  **** GET call Response time 514 ms
2022-01-17_17:12:23.795 [main] INFO  pl.rest.service.Authorize - Time Taken to perform https://apitest.pineperks.in/auth/V1/generate/token transaction: 514
2022-01-17_17:12:23.803 [main] INFO  com.qc.qa.utils.TestDataReader - Reading Json data authorizeHeaders
2022-01-17_17:12:23.807 [main] INFO  com.qc.qa.utils.TestDataReader - Reading json data from file @ testData/api/devAPIData.json
2022-01-17_17:12:23.812 [main] INFO  pl.rest.service.CardIssue - CardIssue Rest API URL :- https://apitest.pineperks.in/card/order/V2/instant/issue/nonreloadable/digital
2022-01-17_17:12:23.812 [main] INFO  com.qc.BaseAPI - POST call to URL https://apitest.pineperks.in/card/order/V2/instant/issue/nonreloadable/digital
2022-01-17_17:12:23.820 [main] INFO  com.qc.BaseAPI - ********************REQUEST********************
2022-01-17_17:12:23.831 [main] DEBUG o.a.h.i.c.BasicClientConnectionManager - Get connection for route {s}->https://apitest.pineperks.in:443
2022-01-17_17:12:23.832 [main] DEBUG o.a.h.i.c.DefaultClientConnectionOperator - Connecting to apitest.pineperks.in:443
2022-01-17_17:12:24.129 [main] DEBUG o.a.h.c.protocol.RequestAddCookies - CookieSpec selected: ignoreCookies
2022-01-17_17:12:24.131 [main] DEBUG o.a.h.c.protocol.RequestAuthCache - Auth cache not set in the context
2022-01-17_17:12:24.131 [main] DEBUG o.a.h.c.p.RequestTargetAuthentication - Target auth state: UNCHALLENGED
2022-01-17_17:12:24.131 [main] DEBUG o.a.h.c.p.RequestProxyAuthentication - Proxy auth state: UNCHALLENGED
2022-01-17_17:12:24.131 [main] DEBUG o.a.h.impl.client.DefaultHttpClient - Attempt 1 to execute request
2022-01-17_17:12:24.132 [main] DEBUG o.a.h.i.conn.DefaultClientConnection - Sending request: POST /card/order/V2/instant/issue/nonreloadable/digital HTTP/1.1
2022-01-17_17:12:24.132 [main] DEBUG org.apache.http.wire -  >> "POST /card/order/V2/instant/issue/nonreloadable/digital HTTP/1.1[\r][\n]"
2022-01-17_17:12:24.132 [main] DEBUG org.apache.http.wire -  >> "X-PinePerks-UserName: A0aCcnPzDANtKmvSLPKcaw==[\r][\n]"
2022-01-17_17:12:24.132 [main] DEBUG org.apache.http.wire -  >> "Accept: */*[\r][\n]"
2022-01-17_17:12:24.133 [main] DEBUG org.apache.http.wire -  >> "X-PinePerks-Token: bacd33ef2934454aa0d665d69220ab3c[\r][\n]"
2022-01-17_17:12:24.134 [main] DEBUG org.apache.http.wire -  >> "Content-Type: application/json; charset=UTF-8[\r][\n]"
2022-01-17_17:12:24.134 [main] DEBUG org.apache.http.wire -  >> "Content-Length: 211[\r][\n]"
2022-01-17_17:12:24.134 [main] DEBUG org.apache.http.wire -  >> "Host: apitest.pineperks.in[\r][\n]"
2022-01-17_17:12:24.134 [main] DEBUG org.apache.http.wire -  >> "Connection: Keep-Alive[\r][\n]"
2022-01-17_17:12:24.134 [main] DEBUG org.apache.http.wire -  >> "User-Agent: Apache-HttpClient/4.5.2 (Java/1.8.0_202)[\r][\n]"
2022-01-17_17:12:24.134 [main] DEBUG org.apache.http.wire -  >> "Accept-Encoding: gzip,deflate[\r][\n]"
2022-01-17_17:12:24.135 [main] DEBUG org.apache.http.wire -  >> "[\r][\n]"
2022-01-17_17:12:24.135 [main] DEBUG org.apache.http.headers - >> POST /card/order/V2/instant/issue/nonreloadable/digital HTTP/1.1
2022-01-17_17:12:24.135 [main] DEBUG org.apache.http.headers - >> X-PinePerks-UserName: A0aCcnPzDANtKmvSLPKcaw==
2022-01-17_17:12:24.135 [main] DEBUG org.apache.http.headers - >> Accept: */*
2022-01-17_17:12:24.135 [main] DEBUG org.apache.http.headers - >> X-PinePerks-Token: bacd33ef2934454aa0d665d69220ab3c
2022-01-17_17:12:24.135 [main] DEBUG org.apache.http.headers - >> Content-Type: application/json; charset=UTF-8
2022-01-17_17:12:24.135 [main] DEBUG org.apache.http.headers - >> Content-Length: 211
2022-01-17_17:12:24.135 [main] DEBUG org.apache.http.headers - >> Host: apitest.pineperks.in
2022-01-17_17:12:24.135 [main] DEBUG org.apache.http.headers - >> Connection: Keep-Alive
2022-01-17_17:12:24.135 [main] DEBUG org.apache.http.headers - >> User-Agent: Apache-HttpClient/4.5.2 (Java/1.8.0_202)
2022-01-17_17:12:24.136 [main] DEBUG org.apache.http.headers - >> Accept-Encoding: gzip,deflate
2022-01-17_17:12:24.136 [main] DEBUG org.apache.http.wire -  >> "{"checksum":"5x3GNrnStyS2PkMvV6EeAw==","cardDetailList":[{"amount":"1000","mobileNumber":"8284854535","customerName":"afzal","email":"afzal.ahmed@pinelabs.com"}],"externalRequestId":"MDoDW0B","cardSchemeId":"7"}"
2022-01-17_17:12:24.478 [main] DEBUG org.apache.http.wire -  << "HTTP/1.1 200 [\r][\n]"
2022-01-17_17:12:24.479 [main] DEBUG org.apache.http.wire -  << "Access-Control-Allow-Methods: GET, POST[\r][\n]"
2022-01-17_17:12:24.480 [main] DEBUG org.apache.http.wire -  << "Access-Control-Allow-Origin: *[\r][\n]"
2022-01-17_17:12:24.480 [main] DEBUG org.apache.http.wire -  << "Content-Security-Policy: default-src 'none'[\r][\n]"
2022-01-17_17:12:24.480 [main] DEBUG org.apache.http.wire -  << "Feature-Policy: 'none'[\r][\n]"
2022-01-17_17:12:24.480 [main] DEBUG org.apache.http.wire -  << "Referrer-Policy: no-referrer[\r][\n]"
2022-01-17_17:12:24.480 [main] DEBUG org.apache.http.wire -  << "Strict-Transport-Security: max-age=31536000 ; includeSubDomains[\r][\n]"
2022-01-17_17:12:24.481 [main] DEBUG org.apache.http.wire -  << "Date: Mon, 17 Jan 2022 11:42:23 GMT[\r][\n]"
2022-01-17_17:12:24.481 [main] DEBUG org.apache.http.wire -  << "Keep-Alive: timeout=60[\r][\n]"
2022-01-17_17:12:24.481 [main] DEBUG org.apache.http.wire -  << "Content-Type: application/json[\r][\n]"
2022-01-17_17:12:24.481 [main] DEBUG org.apache.http.wire -  << "Transfer-Encoding: chunked[\r][\n]"
2022-01-17_17:12:24.481 [main] DEBUG org.apache.http.wire -  << "Connection: keep-alive[\r][\n]"
2022-01-17_17:12:24.481 [main] DEBUG org.apache.http.wire -  << "[\r][\n]"
2022-01-17_17:12:24.482 [main] DEBUG o.a.h.i.conn.DefaultClientConnection - Receiving response: HTTP/1.1 200 
2022-01-17_17:12:24.482 [main] DEBUG org.apache.http.headers - << HTTP/1.1 200 
2022-01-17_17:12:24.482 [main] DEBUG org.apache.http.headers - << Access-Control-Allow-Methods: GET, POST
2022-01-17_17:12:24.482 [main] DEBUG org.apache.http.headers - << Access-Control-Allow-Origin: *
2022-01-17_17:12:24.482 [main] DEBUG org.apache.http.headers - << Content-Security-Policy: default-src 'none'
2022-01-17_17:12:24.482 [main] DEBUG org.apache.http.headers - << Feature-Policy: 'none'
2022-01-17_17:12:24.483 [main] DEBUG org.apache.http.headers - << Referrer-Policy: no-referrer
2022-01-17_17:12:24.483 [main] DEBUG org.apache.http.headers - << Strict-Transport-Security: max-age=31536000 ; includeSubDomains
2022-01-17_17:12:24.483 [main] DEBUG org.apache.http.headers - << Date: Mon, 17 Jan 2022 11:42:23 GMT
2022-01-17_17:12:24.483 [main] DEBUG org.apache.http.headers - << Keep-Alive: timeout=60
2022-01-17_17:12:24.483 [main] DEBUG org.apache.http.headers - << Content-Type: application/json
2022-01-17_17:12:24.483 [main] DEBUG org.apache.http.headers - << Transfer-Encoding: chunked
2022-01-17_17:12:24.483 [main] DEBUG org.apache.http.headers - << Connection: keep-alive
2022-01-17_17:12:24.484 [main] DEBUG o.a.h.impl.client.DefaultHttpClient - Connection can be kept alive for 60000 MILLISECONDS
2022-01-17_17:12:24.484 [main] DEBUG i.r.i.RequestSpecificationImpl$RestAssuredHttpBuilder - Parsing response as: application/json
2022-01-17_17:12:24.484 [main] DEBUG i.r.i.RequestSpecificationImpl$RestAssuredHttpBuilder - Parsed data to instance of: class org.apache.http.conn.EofSensorInputStream
2022-01-17_17:12:24.485 [main] INFO  com.qc.BaseAPI - Method :POST
2022-01-17_17:12:24.487 [main] INFO  com.qc.BaseAPI - URI :https://apitest.pineperks.in/card/order/V2/instant/issue/nonreloadable/digital
2022-01-17_17:12:24.487 [main] INFO  com.qc.BaseAPI - Headers :X-PinePerks-Token=bacd33ef2934454aa0d665d69220ab3c
X-PinePerks-UserName=A0aCcnPzDANtKmvSLPKcaw==
Accept=*/*
Content-Type=application/json; charset=UTF-8
2022-01-17_17:12:24.487 [main] INFO  com.qc.BaseAPI - Body :{"checksum":"5x3GNrnStyS2PkMvV6EeAw==","cardDetailList":[{"amount":"1000","mobileNumber":"8284854535","customerName":"afzal","email":"afzal.ahmed@pinelabs.com"}],"externalRequestId":"MDoDW0B","cardSchemeId":"7"}
2022-01-17_17:12:24.487 [main] INFO  com.qc.BaseAPI - ********************RESPONSE********************
2022-01-17_17:12:24.488 [main] DEBUG org.apache.http.wire -  << "1f2[\r][\n]"
2022-01-17_17:12:24.488 [main] DEBUG org.apache.http.wire -  << "{"externalRequestId":"MDoDW0B","orderId":102945,"orderStatus":6,"cardDetailResponseList":[{"referenceNumber":7234781823,"serialNumber":10294500010001,"customerName":"afzal","mobileNumber":8284854535,"email":"afzal.ahmed@pinelabs.com","amount":1000,"cardLink":"test.pineperks.in/eCard?c=rwh4JCwjGSRND1U5mqq6Kw2","responseCode":0,"responseMessage":"Success"}],"successCount":1,"failedCount":0,"orderAmount":1000,"issuanceCharge":100,"netOrderAmount":1100,"responseCode":0,"responseMessage":"Success"}"
2022-01-17_17:12:24.488 [main] DEBUG org.apache.http.wire -  << "[\r][\n]"
2022-01-17_17:12:24.488 [main] DEBUG org.apache.http.wire -  << "0[\r][\n]"
2022-01-17_17:12:24.488 [main] DEBUG org.apache.http.wire -  << "[\r][\n]"
2022-01-17_17:12:24.489 [main] DEBUG o.a.h.i.c.BasicClientConnectionManager - Releasing connection org.apache.http.impl.conn.ManagedClientConnectionImpl@128fbe24
2022-01-17_17:12:24.489 [main] DEBUG o.a.h.i.c.BasicClientConnectionManager - Connection can be kept alive for 60000 MILLISECONDS
2022-01-17_17:12:24.490 [main] INFO  com.qc.BaseAPI - Response :{
    "externalRequestId": "MDoDW0B",
    "orderId": 102945,
    "orderStatus": 6,
    "cardDetailResponseList": [
        {
            "referenceNumber": 7234781823,
            "serialNumber": 10294500010001,
            "customerName": "afzal",
            "mobileNumber": 8284854535,
            "email": "afzal.ahmed@pinelabs.com",
            "amount": 1000,
            "cardLink": "test.pineperks.in/eCard?c=rwh4JCwjGSRND1U5mqq6Kw2",
            "responseCode": 0,
            "responseMessage": "Success"
        }
    ],
    "successCount": 1,
    "failedCount": 0,
    "orderAmount": 1000,
    "issuanceCharge": 100,
    "netOrderAmount": 1100,
    "responseCode": 0,
    "responseMessage": "Success"
}
2022-01-17_17:12:24.490 [main] INFO  com.qc.BaseAPI -  **** POST call Response time 663 ms
2022-01-17_17:12:24.490 [main] INFO  pl.rest.service.CardIssue - Time Taken to perform https://apitest.pineperks.in/card/order/V2/instant/issue/nonreloadable/digital transaction: 663
