2021-12-23_23:33:36.031 [main] INFO  pl.rest.CustomHooks - SCENARIO NAME: Issuing a non reloadable card and validation data with the card detail API response
2021-12-23_23:33:36.035 [main] INFO  pl.rest.CustomHooks - TAG NAMEs: []
2021-12-23_23:33:36.040 [main] INFO  pl.rest.CustomHooks - SCENARIO NAME: Issuing a non reloadable card and validation data with the card detail API response
2021-12-23_23:33:36.041 [main] INFO  pl.rest.CustomHooks - TAG NAMEs: []
2021-12-23_23:33:36.130 [main] INFO  pl.rest.CustomHooks - Index: 0, Size: 0
2021-12-23_23:33:38.552 [main] INFO  com.qc.qa.utils.TestDataReader - Reading API Test Data config values from  testData/api/devAPITestData.properties
2021-12-23_23:33:38.557 [main] INFO  pl.rest.service.Authorize - Authorize Rest API URL :- https://apitest.pineperks.in/auth/V1/generate/token
2021-12-23_23:33:38.557 [main] INFO  com.qc.BaseAPI - GET call to URL https://apitest.pineperks.in/auth/V1/generate/token
2021-12-23_23:33:38.909 [main] INFO  com.qc.BaseAPI - ********************REQUEST********************
2021-12-23_23:33:41.903 [main] DEBUG o.a.h.i.c.BasicClientConnectionManager - Get connection for route {s}->https://apitest.pineperks.in:443
2021-12-23_23:33:41.974 [main] DEBUG o.a.h.i.c.DefaultClientConnectionOperator - Connecting to apitest.pineperks.in:443
2021-12-23_23:33:42.206 [main] DEBUG o.a.h.c.protocol.RequestAddCookies - CookieSpec selected: ignoreCookies
2021-12-23_23:33:42.210 [main] DEBUG o.a.h.c.protocol.RequestAuthCache - Auth cache not set in the context
2021-12-23_23:33:42.210 [main] DEBUG o.a.h.c.p.RequestTargetAuthentication - Target auth state: UNCHALLENGED
2021-12-23_23:33:42.212 [main] DEBUG o.a.h.c.p.RequestProxyAuthentication - Proxy auth state: UNCHALLENGED
2021-12-23_23:33:42.212 [main] DEBUG o.a.h.impl.client.DefaultHttpClient - Attempt 1 to execute request
2021-12-23_23:33:42.213 [main] DEBUG o.a.h.i.conn.DefaultClientConnection - Sending request: GET /auth/V1/generate/token HTTP/1.1
2021-12-23_23:33:42.214 [main] DEBUG org.apache.http.wire -  >> "GET /auth/V1/generate/token HTTP/1.1[\r][\n]"
2021-12-23_23:33:42.216 [main] DEBUG org.apache.http.wire -  >> "Content-Type: application/json; charset=UTF-8[\r][\n]"
2021-12-23_23:33:42.216 [main] DEBUG org.apache.http.wire -  >> "Accept: */*[\r][\n]"
2021-12-23_23:33:42.217 [main] DEBUG org.apache.http.wire -  >> "userName: A0aCcnPzDANtKmvSLPKcaw==[\r][\n]"
2021-12-23_23:33:42.217 [main] DEBUG org.apache.http.wire -  >> "Host: apitest.pineperks.in[\r][\n]"
2021-12-23_23:33:42.217 [main] DEBUG org.apache.http.wire -  >> "Connection: Keep-Alive[\r][\n]"
2021-12-23_23:33:42.217 [main] DEBUG org.apache.http.wire -  >> "User-Agent: Apache-HttpClient/4.5.2 (Java/1.8.0_202)[\r][\n]"
2021-12-23_23:33:42.218 [main] DEBUG org.apache.http.wire -  >> "Accept-Encoding: gzip,deflate[\r][\n]"
2021-12-23_23:33:42.218 [main] DEBUG org.apache.http.wire -  >> "[\r][\n]"
2021-12-23_23:33:42.218 [main] DEBUG org.apache.http.headers - >> GET /auth/V1/generate/token HTTP/1.1
2021-12-23_23:33:42.219 [main] DEBUG org.apache.http.headers - >> Content-Type: application/json; charset=UTF-8
2021-12-23_23:33:42.219 [main] DEBUG org.apache.http.headers - >> Accept: */*
2021-12-23_23:33:42.219 [main] DEBUG org.apache.http.headers - >> userName: A0aCcnPzDANtKmvSLPKcaw==
2021-12-23_23:33:42.219 [main] DEBUG org.apache.http.headers - >> Host: apitest.pineperks.in
2021-12-23_23:33:42.219 [main] DEBUG org.apache.http.headers - >> Connection: Keep-Alive
2021-12-23_23:33:42.220 [main] DEBUG org.apache.http.headers - >> User-Agent: Apache-HttpClient/4.5.2 (Java/1.8.0_202)
2021-12-23_23:33:42.220 [main] DEBUG org.apache.http.headers - >> Accept-Encoding: gzip,deflate
2021-12-23_23:33:42.252 [main] DEBUG org.apache.http.wire -  << "HTTP/1.1 200 [\r][\n]"
2021-12-23_23:33:42.255 [main] DEBUG org.apache.http.wire -  << "Access-Control-Allow-Methods: GET, POST[\r][\n]"
2021-12-23_23:33:42.255 [main] DEBUG org.apache.http.wire -  << "Access-Control-Allow-Origin: *[\r][\n]"
2021-12-23_23:33:42.255 [main] DEBUG org.apache.http.wire -  << "Content-Security-Policy: default-src 'none'[\r][\n]"
2021-12-23_23:33:42.255 [main] DEBUG org.apache.http.wire -  << "Feature-Policy: 'none'[\r][\n]"
2021-12-23_23:33:42.255 [main] DEBUG org.apache.http.wire -  << "Referrer-Policy: no-referrer[\r][\n]"
2021-12-23_23:33:42.256 [main] DEBUG org.apache.http.wire -  << "Strict-Transport-Security: max-age=31536000 ; includeSubDomains[\r][\n]"
2021-12-23_23:33:42.256 [main] DEBUG org.apache.http.wire -  << "Date: Thu, 23 Dec 2021 18:03:42 GMT[\r][\n]"
2021-12-23_23:33:42.256 [main] DEBUG org.apache.http.wire -  << "Keep-Alive: timeout=60[\r][\n]"
2021-12-23_23:33:42.256 [main] DEBUG org.apache.http.wire -  << "Content-Type: application/json[\r][\n]"
2021-12-23_23:33:42.256 [main] DEBUG org.apache.http.wire -  << "Transfer-Encoding: chunked[\r][\n]"
2021-12-23_23:33:42.256 [main] DEBUG org.apache.http.wire -  << "Connection: keep-alive[\r][\n]"
2021-12-23_23:33:42.257 [main] DEBUG org.apache.http.wire -  << "[\r][\n]"
2021-12-23_23:33:42.258 [main] DEBUG o.a.h.i.conn.DefaultClientConnection - Receiving response: HTTP/1.1 200 
2021-12-23_23:33:42.258 [main] DEBUG org.apache.http.headers - << HTTP/1.1 200 
2021-12-23_23:33:42.258 [main] DEBUG org.apache.http.headers - << Access-Control-Allow-Methods: GET, POST
2021-12-23_23:33:42.258 [main] DEBUG org.apache.http.headers - << Access-Control-Allow-Origin: *
2021-12-23_23:33:42.258 [main] DEBUG org.apache.http.headers - << Content-Security-Policy: default-src 'none'
2021-12-23_23:33:42.259 [main] DEBUG org.apache.http.headers - << Feature-Policy: 'none'
2021-12-23_23:33:42.259 [main] DEBUG org.apache.http.headers - << Referrer-Policy: no-referrer
2021-12-23_23:33:42.259 [main] DEBUG org.apache.http.headers - << Strict-Transport-Security: max-age=31536000 ; includeSubDomains
2021-12-23_23:33:42.259 [main] DEBUG org.apache.http.headers - << Date: Thu, 23 Dec 2021 18:03:42 GMT
2021-12-23_23:33:42.259 [main] DEBUG org.apache.http.headers - << Keep-Alive: timeout=60
2021-12-23_23:33:42.259 [main] DEBUG org.apache.http.headers - << Content-Type: application/json
2021-12-23_23:33:42.259 [main] DEBUG org.apache.http.headers - << Transfer-Encoding: chunked
2021-12-23_23:33:42.259 [main] DEBUG org.apache.http.headers - << Connection: keep-alive
2021-12-23_23:33:42.267 [main] DEBUG o.a.h.impl.client.DefaultHttpClient - Connection can be kept alive for 60000 MILLISECONDS
2021-12-23_23:33:42.291 [main] DEBUG i.r.i.RequestSpecificationImpl$RestAssuredHttpBuilder - Parsing response as: application/json
2021-12-23_23:33:42.292 [main] DEBUG i.r.i.RequestSpecificationImpl$RestAssuredHttpBuilder - Parsed data to instance of: class org.apache.http.conn.EofSensorInputStream
2021-12-23_23:33:42.314 [main] INFO  com.qc.BaseAPI - Method :GET
2021-12-23_23:33:42.316 [main] INFO  com.qc.BaseAPI - URI :https://apitest.pineperks.in/auth/V1/generate/token
2021-12-23_23:33:42.316 [main] INFO  com.qc.BaseAPI - Headers :userName=A0aCcnPzDANtKmvSLPKcaw==
Accept=*/*
Content-Type=application/json; charset=UTF-8
2021-12-23_23:33:42.316 [main] INFO  com.qc.BaseAPI - Body :null
2021-12-23_23:33:42.316 [main] INFO  com.qc.BaseAPI - ********************RESPONSE********************
2021-12-23_23:33:42.331 [main] DEBUG org.apache.http.wire -  << "7f[\r][\n]"
2021-12-23_23:33:42.331 [main] DEBUG org.apache.http.wire -  << "{"accessToken":"22f2c2dce6d942dca64952b568d7607b","tokenExpiryTime":"24-Dec-2021","responseCode":0,"responseMessage":"Success"}"
2021-12-23_23:33:42.333 [main] DEBUG org.apache.http.wire -  << "[\r][\n]"
2021-12-23_23:33:42.333 [main] DEBUG org.apache.http.wire -  << "0[\r][\n]"
2021-12-23_23:33:42.333 [main] DEBUG org.apache.http.wire -  << "[\r][\n]"
2021-12-23_23:33:42.334 [main] DEBUG o.a.h.i.c.BasicClientConnectionManager - Releasing connection org.apache.http.impl.conn.ManagedClientConnectionImpl@610d3cff
2021-12-23_23:33:42.334 [main] DEBUG o.a.h.i.c.BasicClientConnectionManager - Connection can be kept alive for 60000 MILLISECONDS
2021-12-23_23:33:42.371 [main] INFO  com.qc.BaseAPI - Response :{
    "accessToken": "22f2c2dce6d942dca64952b568d7607b",
    "tokenExpiryTime": "24-Dec-2021",
    "responseCode": 0,
    "responseMessage": "Success"
}
2021-12-23_23:33:42.374 [main] INFO  com.qc.BaseAPI -  **** GET call Response time 3378 ms
2021-12-23_23:33:42.375 [main] INFO  pl.rest.service.Authorize - Time Taken to perform https://apitest.pineperks.in/auth/V1/generate/token transaction: 3378
2021-12-23_23:33:42.527 [main] INFO  com.qc.qa.utils.TestDataReader - Reading Json data authorizeHeaders
2021-12-23_23:33:42.534 [main] INFO  com.qc.qa.utils.TestDataReader - Reading json data from file @ testData/api/devAPIData.json
2021-12-23_23:33:42.565 [main] INFO  pl.rest.service.CardIssue - CardIssue Rest API URL :- https://apitest.pineperks.in/card/order/V1/instant/issue/nonreloadable/digital
2021-12-23_23:33:42.566 [main] INFO  com.qc.BaseAPI - POST call to URL https://apitest.pineperks.in/card/order/V1/instant/issue/nonreloadable/digital
2021-12-23_23:33:42.578 [main] INFO  com.qc.BaseAPI - ********************REQUEST********************
2021-12-23_23:33:42.633 [main] DEBUG o.a.h.i.c.BasicClientConnectionManager - Get connection for route {s}->https://apitest.pineperks.in:443
2021-12-23_23:33:42.633 [main] DEBUG o.a.h.i.c.DefaultClientConnectionOperator - Connecting to apitest.pineperks.in:443
2021-12-23_23:33:42.763 [main] DEBUG o.a.h.c.protocol.RequestAddCookies - CookieSpec selected: ignoreCookies
2021-12-23_23:33:42.763 [main] DEBUG o.a.h.c.protocol.RequestAuthCache - Auth cache not set in the context
2021-12-23_23:33:42.763 [main] DEBUG o.a.h.c.p.RequestTargetAuthentication - Target auth state: UNCHALLENGED
2021-12-23_23:33:42.763 [main] DEBUG o.a.h.c.p.RequestProxyAuthentication - Proxy auth state: UNCHALLENGED
2021-12-23_23:33:42.764 [main] DEBUG o.a.h.impl.client.DefaultHttpClient - Attempt 1 to execute request
2021-12-23_23:33:42.764 [main] DEBUG o.a.h.i.conn.DefaultClientConnection - Sending request: POST /card/order/V1/instant/issue/nonreloadable/digital HTTP/1.1
2021-12-23_23:33:42.764 [main] DEBUG org.apache.http.wire -  >> "POST /card/order/V1/instant/issue/nonreloadable/digital HTTP/1.1[\r][\n]"
2021-12-23_23:33:42.764 [main] DEBUG org.apache.http.wire -  >> "Accept: */*[\r][\n]"
2021-12-23_23:33:42.765 [main] DEBUG org.apache.http.wire -  >> "userName: A0aCcnPzDANtKmvSLPKcaw==[\r][\n]"
2021-12-23_23:33:42.765 [main] DEBUG org.apache.http.wire -  >> "token: 22f2c2dce6d942dca64952b568d7607b[\r][\n]"
2021-12-23_23:33:42.765 [main] DEBUG org.apache.http.wire -  >> "Content-Type: application/json; charset=UTF-8[\r][\n]"
2021-12-23_23:33:42.765 [main] DEBUG org.apache.http.wire -  >> "Content-Length: 241[\r][\n]"
2021-12-23_23:33:42.765 [main] DEBUG org.apache.http.wire -  >> "Host: apitest.pineperks.in[\r][\n]"
2021-12-23_23:33:42.765 [main] DEBUG org.apache.http.wire -  >> "Connection: Keep-Alive[\r][\n]"
2021-12-23_23:33:42.765 [main] DEBUG org.apache.http.wire -  >> "User-Agent: Apache-HttpClient/4.5.2 (Java/1.8.0_202)[\r][\n]"
2021-12-23_23:33:42.765 [main] DEBUG org.apache.http.wire -  >> "Accept-Encoding: gzip,deflate[\r][\n]"
2021-12-23_23:33:42.766 [main] DEBUG org.apache.http.wire -  >> "[\r][\n]"
2021-12-23_23:33:42.766 [main] DEBUG org.apache.http.headers - >> POST /card/order/V1/instant/issue/nonreloadable/digital HTTP/1.1
2021-12-23_23:33:42.766 [main] DEBUG org.apache.http.headers - >> Accept: */*
2021-12-23_23:33:42.766 [main] DEBUG org.apache.http.headers - >> userName: A0aCcnPzDANtKmvSLPKcaw==
2021-12-23_23:33:42.766 [main] DEBUG org.apache.http.headers - >> token: 22f2c2dce6d942dca64952b568d7607b
2021-12-23_23:33:42.766 [main] DEBUG org.apache.http.headers - >> Content-Type: application/json; charset=UTF-8
2021-12-23_23:33:42.766 [main] DEBUG org.apache.http.headers - >> Content-Length: 241
2021-12-23_23:33:42.766 [main] DEBUG org.apache.http.headers - >> Host: apitest.pineperks.in
2021-12-23_23:33:42.766 [main] DEBUG org.apache.http.headers - >> Connection: Keep-Alive
2021-12-23_23:33:42.766 [main] DEBUG org.apache.http.headers - >> User-Agent: Apache-HttpClient/4.5.2 (Java/1.8.0_202)
2021-12-23_23:33:42.767 [main] DEBUG org.apache.http.headers - >> Accept-Encoding: gzip,deflate
2021-12-23_23:33:42.767 [main] DEBUG org.apache.http.wire -  >> "{"isLinkToBeSentOnMobile":true,"checksum":"5x3GNrnStyS2PkMvV6EeAw==","cardDetailList":[{"amount":"1000","mobileNumber":"8284854535","customerName":"afzal","email":"afzal.ahmed@pinelabs.com"}],"externalRequestId":"cs6FOOP","cardSchemeId":"7"}"
2021-12-23_23:33:42.964 [main] DEBUG org.apache.http.wire -  << "HTTP/1.1 200 [\r][\n]"
2021-12-23_23:33:42.964 [main] DEBUG org.apache.http.wire -  << "Access-Control-Allow-Methods: GET, POST[\r][\n]"
2021-12-23_23:33:42.964 [main] DEBUG org.apache.http.wire -  << "Access-Control-Allow-Origin: *[\r][\n]"
2021-12-23_23:33:42.964 [main] DEBUG org.apache.http.wire -  << "Content-Security-Policy: default-src 'none'[\r][\n]"
2021-12-23_23:33:42.964 [main] DEBUG org.apache.http.wire -  << "Feature-Policy: 'none'[\r][\n]"
2021-12-23_23:33:42.964 [main] DEBUG org.apache.http.wire -  << "Referrer-Policy: no-referrer[\r][\n]"
2021-12-23_23:33:42.965 [main] DEBUG org.apache.http.wire -  << "Strict-Transport-Security: max-age=31536000 ; includeSubDomains[\r][\n]"
2021-12-23_23:33:42.965 [main] DEBUG org.apache.http.wire -  << "Date: Thu, 23 Dec 2021 18:03:42 GMT[\r][\n]"
2021-12-23_23:33:42.965 [main] DEBUG org.apache.http.wire -  << "Keep-Alive: timeout=60[\r][\n]"
2021-12-23_23:33:42.965 [main] DEBUG org.apache.http.wire -  << "Content-Type: application/json[\r][\n]"
2021-12-23_23:33:42.965 [main] DEBUG org.apache.http.wire -  << "Transfer-Encoding: chunked[\r][\n]"
2021-12-23_23:33:42.965 [main] DEBUG org.apache.http.wire -  << "Connection: keep-alive[\r][\n]"
2021-12-23_23:33:42.966 [main] DEBUG org.apache.http.wire -  << "[\r][\n]"
2021-12-23_23:33:42.966 [main] DEBUG o.a.h.i.conn.DefaultClientConnection - Receiving response: HTTP/1.1 200 
2021-12-23_23:33:42.966 [main] DEBUG org.apache.http.headers - << HTTP/1.1 200 
2021-12-23_23:33:42.966 [main] DEBUG org.apache.http.headers - << Access-Control-Allow-Methods: GET, POST
2021-12-23_23:33:42.967 [main] DEBUG org.apache.http.headers - << Access-Control-Allow-Origin: *
2021-12-23_23:33:42.967 [main] DEBUG org.apache.http.headers - << Content-Security-Policy: default-src 'none'
2021-12-23_23:33:42.967 [main] DEBUG org.apache.http.headers - << Feature-Policy: 'none'
2021-12-23_23:33:42.967 [main] DEBUG org.apache.http.headers - << Referrer-Policy: no-referrer
2021-12-23_23:33:42.967 [main] DEBUG org.apache.http.headers - << Strict-Transport-Security: max-age=31536000 ; includeSubDomains
2021-12-23_23:33:42.967 [main] DEBUG org.apache.http.headers - << Date: Thu, 23 Dec 2021 18:03:42 GMT
2021-12-23_23:33:42.967 [main] DEBUG org.apache.http.headers - << Keep-Alive: timeout=60
2021-12-23_23:33:42.967 [main] DEBUG org.apache.http.headers - << Content-Type: application/json
2021-12-23_23:33:42.967 [main] DEBUG org.apache.http.headers - << Transfer-Encoding: chunked
2021-12-23_23:33:42.967 [main] DEBUG org.apache.http.headers - << Connection: keep-alive
2021-12-23_23:33:42.968 [main] DEBUG o.a.h.impl.client.DefaultHttpClient - Connection can be kept alive for 60000 MILLISECONDS
2021-12-23_23:33:42.968 [main] DEBUG i.r.i.RequestSpecificationImpl$RestAssuredHttpBuilder - Parsing response as: application/json
2021-12-23_23:33:42.968 [main] DEBUG i.r.i.RequestSpecificationImpl$RestAssuredHttpBuilder - Parsed data to instance of: class org.apache.http.conn.EofSensorInputStream
2021-12-23_23:33:42.971 [main] INFO  com.qc.BaseAPI - Method :POST
2021-12-23_23:33:42.974 [main] INFO  com.qc.BaseAPI - URI :https://apitest.pineperks.in/card/order/V1/instant/issue/nonreloadable/digital
2021-12-23_23:33:42.975 [main] INFO  com.qc.BaseAPI - Headers :token=22f2c2dce6d942dca64952b568d7607b
userName=A0aCcnPzDANtKmvSLPKcaw==
Accept=*/*
Content-Type=application/json; charset=UTF-8
2021-12-23_23:33:42.975 [main] INFO  com.qc.BaseAPI - Body :{"isLinkToBeSentOnMobile":true,"checksum":"5x3GNrnStyS2PkMvV6EeAw==","cardDetailList":[{"amount":"1000","mobileNumber":"8284854535","customerName":"afzal","email":"afzal.ahmed@pinelabs.com"}],"externalRequestId":"cs6FOOP","cardSchemeId":"7"}
2021-12-23_23:33:42.975 [main] INFO  com.qc.BaseAPI - ********************RESPONSE********************
2021-12-23_23:33:42.975 [main] DEBUG org.apache.http.wire -  << "1f1[\r][\n]"
2021-12-23_23:33:42.976 [main] DEBUG org.apache.http.wire -  << "{"externalRequestId":"cs6FOOP","orderId":20940,"orderStatus":6,"cardDetailResponseList":[{"referenceNumber":8578187147,"serialNumber":20940000010001,"customerName":"afzal","mobileNumber":8284854535,"email":"afzal.ahmed@pinelabs.com","amount":1000,"cardLink":"test.pineperks.in/eCard?c=XWVmL9TamOwzHBFSrluqKw2","responseCode":0,"responseMessage":"Success"}],"successCount":1,"failedCount":0,"orderAmount":1000,"issuanceCharge":100,"netOrderAmount":1100,"responseCode":0,"responseMessage":"Success"}"
2021-12-23_23:33:42.976 [main] DEBUG org.apache.http.wire -  << "[\r][\n]"
2021-12-23_23:33:42.976 [main] DEBUG org.apache.http.wire -  << "0[\r][\n]"
2021-12-23_23:33:42.976 [main] DEBUG org.apache.http.wire -  << "[\r][\n]"
2021-12-23_23:33:42.977 [main] DEBUG o.a.h.i.c.BasicClientConnectionManager - Releasing connection org.apache.http.impl.conn.ManagedClientConnectionImpl@6137b479
2021-12-23_23:33:42.977 [main] DEBUG o.a.h.i.c.BasicClientConnectionManager - Connection can be kept alive for 60000 MILLISECONDS
2021-12-23_23:33:42.980 [main] INFO  com.qc.BaseAPI - Response :{
    "externalRequestId": "cs6FOOP",
    "orderId": 20940,
    "orderStatus": 6,
    "cardDetailResponseList": [
        {
            "referenceNumber": 8578187147,
            "serialNumber": 20940000010001,
            "customerName": "afzal",
            "mobileNumber": 8284854535,
            "email": "afzal.ahmed@pinelabs.com",
            "amount": 1000,
            "cardLink": "test.pineperks.in/eCard?c=XWVmL9TamOwzHBFSrluqKw2",
            "responseCode": 0,
            "responseMessage": "Success"
        }
    ],
    "successCount": 1,
    "failedCount": 0,
    "orderAmount": 1000,
    "issuanceCharge": 100,
    "netOrderAmount": 1100,
    "responseCode": 0,
    "responseMessage": "Success"
}
2021-12-23_23:33:42.981 [main] INFO  com.qc.BaseAPI -  **** POST call Response time 388 ms
2021-12-23_23:33:42.981 [main] INFO  pl.rest.service.CardIssue - Time Taken to perform https://apitest.pineperks.in/card/order/V1/instant/issue/nonreloadable/digital transaction: 388
2021-12-23_23:33:42.992 [main] INFO  com.qc.qa.utils.TestDataReader - Reading Json data authorizeHeaders
2021-12-23_23:33:42.996 [main] INFO  com.qc.qa.utils.TestDataReader - Reading json data from file @ testData/api/devAPIData.json
2021-12-23_23:33:43.000 [main] INFO  p.r.service.CorporateAndCardDetails - CardIssue Rest API URL :- https://apitest.pineperks.in/card/profile/V1/detail
2021-12-23_23:33:43.001 [main] INFO  com.qc.BaseAPI - POST call to URL https://apitest.pineperks.in/card/profile/V1/detail
2021-12-23_23:33:43.008 [main] INFO  com.qc.BaseAPI - ********************REQUEST********************
2021-12-23_23:33:43.021 [main] DEBUG o.a.h.i.c.BasicClientConnectionManager - Get connection for route {s}->https://apitest.pineperks.in:443
2021-12-23_23:33:43.022 [main] DEBUG o.a.h.i.c.DefaultClientConnectionOperator - Connecting to apitest.pineperks.in:443
2021-12-23_23:33:43.164 [main] DEBUG o.a.h.c.protocol.RequestAddCookies - CookieSpec selected: ignoreCookies
2021-12-23_23:33:43.164 [main] DEBUG o.a.h.c.protocol.RequestAuthCache - Auth cache not set in the context
2021-12-23_23:33:43.164 [main] DEBUG o.a.h.c.p.RequestTargetAuthentication - Target auth state: UNCHALLENGED
2021-12-23_23:33:43.164 [main] DEBUG o.a.h.c.p.RequestProxyAuthentication - Proxy auth state: UNCHALLENGED
2021-12-23_23:33:43.165 [main] DEBUG o.a.h.impl.client.DefaultHttpClient - Attempt 1 to execute request
2021-12-23_23:33:43.165 [main] DEBUG o.a.h.i.conn.DefaultClientConnection - Sending request: POST /card/profile/V1/detail HTTP/1.1
2021-12-23_23:33:43.165 [main] DEBUG org.apache.http.wire -  >> "POST /card/profile/V1/detail HTTP/1.1[\r][\n]"
2021-12-23_23:33:43.165 [main] DEBUG org.apache.http.wire -  >> "Accept: */*[\r][\n]"
2021-12-23_23:33:43.166 [main] DEBUG org.apache.http.wire -  >> "userName: A0aCcnPzDANtKmvSLPKcaw==[\r][\n]"
2021-12-23_23:33:43.166 [main] DEBUG org.apache.http.wire -  >> "token: 22f2c2dce6d942dca64952b568d7607b[\r][\n]"
2021-12-23_23:33:43.166 [main] DEBUG org.apache.http.wire -  >> "Content-Type: application/json; charset=UTF-8[\r][\n]"
2021-12-23_23:33:43.166 [main] DEBUG org.apache.http.wire -  >> "Content-Length: 40[\r][\n]"
2021-12-23_23:33:43.166 [main] DEBUG org.apache.http.wire -  >> "Host: apitest.pineperks.in[\r][\n]"
2021-12-23_23:33:43.166 [main] DEBUG org.apache.http.wire -  >> "Connection: Keep-Alive[\r][\n]"
2021-12-23_23:33:43.166 [main] DEBUG org.apache.http.wire -  >> "User-Agent: Apache-HttpClient/4.5.2 (Java/1.8.0_202)[\r][\n]"
2021-12-23_23:33:43.167 [main] DEBUG org.apache.http.wire -  >> "Accept-Encoding: gzip,deflate[\r][\n]"
2021-12-23_23:33:43.167 [main] DEBUG org.apache.http.wire -  >> "[\r][\n]"
2021-12-23_23:33:43.167 [main] DEBUG org.apache.http.headers - >> POST /card/profile/V1/detail HTTP/1.1
2021-12-23_23:33:43.167 [main] DEBUG org.apache.http.headers - >> Accept: */*
2021-12-23_23:33:43.167 [main] DEBUG org.apache.http.headers - >> userName: A0aCcnPzDANtKmvSLPKcaw==
2021-12-23_23:33:43.167 [main] DEBUG org.apache.http.headers - >> token: 22f2c2dce6d942dca64952b568d7607b
2021-12-23_23:33:43.167 [main] DEBUG org.apache.http.headers - >> Content-Type: application/json; charset=UTF-8
2021-12-23_23:33:43.167 [main] DEBUG org.apache.http.headers - >> Content-Length: 40
2021-12-23_23:33:43.167 [main] DEBUG org.apache.http.headers - >> Host: apitest.pineperks.in
2021-12-23_23:33:43.168 [main] DEBUG org.apache.http.headers - >> Connection: Keep-Alive
2021-12-23_23:33:43.168 [main] DEBUG org.apache.http.headers - >> User-Agent: Apache-HttpClient/4.5.2 (Java/1.8.0_202)
2021-12-23_23:33:43.168 [main] DEBUG org.apache.http.headers - >> Accept-Encoding: gzip,deflate
2021-12-23_23:33:43.168 [main] DEBUG org.apache.http.wire -  >> "{"cardDetailRequestList":["8578187147"]}"
2021-12-23_23:33:43.208 [main] DEBUG org.apache.http.wire -  << "HTTP/1.1 200 [\r][\n]"
2021-12-23_23:33:43.208 [main] DEBUG org.apache.http.wire -  << "Access-Control-Allow-Methods: GET, POST[\r][\n]"
2021-12-23_23:33:43.208 [main] DEBUG org.apache.http.wire -  << "Access-Control-Allow-Origin: *[\r][\n]"
2021-12-23_23:33:43.209 [main] DEBUG org.apache.http.wire -  << "Content-Security-Policy: default-src 'none'[\r][\n]"
2021-12-23_23:33:43.209 [main] DEBUG org.apache.http.wire -  << "Feature-Policy: 'none'[\r][\n]"
2021-12-23_23:33:43.209 [main] DEBUG org.apache.http.wire -  << "Referrer-Policy: no-referrer[\r][\n]"
2021-12-23_23:33:43.209 [main] DEBUG org.apache.http.wire -  << "Strict-Transport-Security: max-age=31536000 ; includeSubDomains[\r][\n]"
2021-12-23_23:33:43.210 [main] DEBUG org.apache.http.wire -  << "Date: Thu, 23 Dec 2021 18:03:42 GMT[\r][\n]"
2021-12-23_23:33:43.210 [main] DEBUG org.apache.http.wire -  << "Keep-Alive: timeout=60[\r][\n]"
2021-12-23_23:33:43.210 [main] DEBUG org.apache.http.wire -  << "Content-Type: application/json[\r][\n]"
2021-12-23_23:33:43.210 [main] DEBUG org.apache.http.wire -  << "Transfer-Encoding: chunked[\r][\n]"
2021-12-23_23:33:43.210 [main] DEBUG org.apache.http.wire -  << "Connection: keep-alive[\r][\n]"
2021-12-23_23:33:43.210 [main] DEBUG org.apache.http.wire -  << "[\r][\n]"
2021-12-23_23:33:43.210 [main] DEBUG o.a.h.i.conn.DefaultClientConnection - Receiving response: HTTP/1.1 200 
2021-12-23_23:33:43.211 [main] DEBUG org.apache.http.headers - << HTTP/1.1 200 
2021-12-23_23:33:43.211 [main] DEBUG org.apache.http.headers - << Access-Control-Allow-Methods: GET, POST
2021-12-23_23:33:43.211 [main] DEBUG org.apache.http.headers - << Access-Control-Allow-Origin: *
2021-12-23_23:33:43.211 [main] DEBUG org.apache.http.headers - << Content-Security-Policy: default-src 'none'
2021-12-23_23:33:43.211 [main] DEBUG org.apache.http.headers - << Feature-Policy: 'none'
2021-12-23_23:33:43.211 [main] DEBUG org.apache.http.headers - << Referrer-Policy: no-referrer
2021-12-23_23:33:43.211 [main] DEBUG org.apache.http.headers - << Strict-Transport-Security: max-age=31536000 ; includeSubDomains
2021-12-23_23:33:43.211 [main] DEBUG org.apache.http.headers - << Date: Thu, 23 Dec 2021 18:03:42 GMT
2021-12-23_23:33:43.211 [main] DEBUG org.apache.http.headers - << Keep-Alive: timeout=60
2021-12-23_23:33:43.211 [main] DEBUG org.apache.http.headers - << Content-Type: application/json
2021-12-23_23:33:43.212 [main] DEBUG org.apache.http.headers - << Transfer-Encoding: chunked
2021-12-23_23:33:43.212 [main] DEBUG org.apache.http.headers - << Connection: keep-alive
2021-12-23_23:33:43.212 [main] DEBUG o.a.h.impl.client.DefaultHttpClient - Connection can be kept alive for 60000 MILLISECONDS
2021-12-23_23:33:43.212 [main] DEBUG i.r.i.RequestSpecificationImpl$RestAssuredHttpBuilder - Parsing response as: application/json
2021-12-23_23:33:43.213 [main] DEBUG i.r.i.RequestSpecificationImpl$RestAssuredHttpBuilder - Parsed data to instance of: class org.apache.http.conn.EofSensorInputStream
2021-12-23_23:33:43.213 [main] INFO  com.qc.BaseAPI - Method :POST
2021-12-23_23:33:43.214 [main] INFO  com.qc.BaseAPI - URI :https://apitest.pineperks.in/card/profile/V1/detail
2021-12-23_23:33:43.215 [main] INFO  com.qc.BaseAPI - Headers :token=22f2c2dce6d942dca64952b568d7607b
userName=A0aCcnPzDANtKmvSLPKcaw==
Accept=*/*
Content-Type=application/json; charset=UTF-8
2021-12-23_23:33:43.215 [main] INFO  com.qc.BaseAPI - Body :{"cardDetailRequestList":["8578187147"]}
2021-12-23_23:33:43.215 [main] INFO  com.qc.BaseAPI - ********************RESPONSE********************
2021-12-23_23:33:43.215 [main] DEBUG org.apache.http.wire -  << "3be[\r][\n]"
2021-12-23_23:33:43.215 [main] DEBUG org.apache.http.wire -  << "{"cardDetailResponseList":[{"cardReferenceNumber":8578187147,"maskedCardNumber":"608364******7374","cardStatus":1,"kycStatus":null,"cardSchemeId":7,"pinMode":4,"cardName":"milson Card","cardVariant":2,"cardCategoryId":4,"loadAmount":1000,"redeemedAmount":0,"balance":1000,"issuedOn":"23-Dec-2021","expiryDate":"31-Dec-2023","isEcommTransactionEnabled":true,"ecommRedeemTransactionLimit":0,"isPOSTransactionEnabled":false,"posRedeemTransactionLimit":0,"monthlyCreditAmount":null,"lastCreditedOn":null,"activatedOn":null,"activationName":"Afzal","activationMobileNumber":8284854535,"activationEmail":"afzal.ahmed@pinelabs.com","customerName":"Afzal ahmed","customerMobile":8284854535,"customerEmail":null,"blockedOn":null,"terminatedOn":null,"terminatedBy":null,"reason":null,"reIssuedOn":null,"reIssuedBy":null,"reIssuedByCardReferenceNumber":null,"reIssueCharges":0,"responseCode":0,"responseMessage":"Success"}],"responseCode":0,"responseMessage":"Success"}"
2021-12-23_23:33:43.216 [main] DEBUG org.apache.http.wire -  << "[\r][\n]"
2021-12-23_23:33:43.216 [main] DEBUG org.apache.http.wire -  << "0[\r][\n]"
2021-12-23_23:33:43.216 [main] DEBUG org.apache.http.wire -  << "[\r][\n]"
2021-12-23_23:33:43.216 [main] DEBUG o.a.h.i.c.BasicClientConnectionManager - Releasing connection org.apache.http.impl.conn.ManagedClientConnectionImpl@7498aef3
2021-12-23_23:33:43.216 [main] DEBUG o.a.h.i.c.BasicClientConnectionManager - Connection can be kept alive for 60000 MILLISECONDS
2021-12-23_23:33:43.220 [main] INFO  com.qc.BaseAPI - Response :{
    "cardDetailResponseList": [
        {
            "cardReferenceNumber": 8578187147,
            "maskedCardNumber": "608364******7374",
            "cardStatus": 1,
            "kycStatus": null,
            "cardSchemeId": 7,
            "pinMode": 4,
            "cardName": "milson Card",
            "cardVariant": 2,
            "cardCategoryId": 4,
            "loadAmount": 1000,
            "redeemedAmount": 0,
            "balance": 1000,
            "issuedOn": "23-Dec-2021",
            "expiryDate": "31-Dec-2023",
            "isEcommTransactionEnabled": true,
            "ecommRedeemTransactionLimit": 0,
            "isPOSTransactionEnabled": false,
            "posRedeemTransactionLimit": 0,
            "monthlyCreditAmount": null,
            "lastCreditedOn": null,
            "activatedOn": null,
            "activationName": "Afzal",
            "activationMobileNumber": 8284854535,
            "activationEmail": "afzal.ahmed@pinelabs.com",
            "customerName": "Afzal ahmed",
            "customerMobile": 8284854535,
            "customerEmail": null,
            "blockedOn": null,
            "terminatedOn": null,
            "terminatedBy": null,
            "reason": null,
            "reIssuedOn": null,
            "reIssuedBy": null,
            "reIssuedByCardReferenceNumber": null,
            "reIssueCharges": 0,
            "responseCode": 0,
            "responseMessage": "Success"
        }
    ],
    "responseCode": 0,
    "responseMessage": "Success"
}
2021-12-23_23:33:43.220 [main] INFO  com.qc.BaseAPI -  **** POST call Response time 203 ms
2021-12-23_23:33:43.220 [main] INFO  p.r.service.CorporateAndCardDetails - Time Taken to perform https://apitest.pineperks.in/card/profile/V1/detail transaction: 203
