2022-01-19_16:11:59.933 [main] INFO  com.qc.CukeBase - Cucumber Before web scenario - Validating the expiry date field when updating the expiry duration as 7 days.
2022-01-19_16:11:59.975 [main] INFO  i.g.bonigarcia.wdm.WebDriverManager - Please answer the following questionnaire based on your experience with WebDriverManager. Thanks a lot!
2022-01-19_16:11:59.976 [main] INFO  i.g.bonigarcia.wdm.WebDriverManager - ====> http://tiny.cc/wdm-survey <====
2022-01-19_16:12:02.358 [main] INFO  i.g.bonigarcia.wdm.WebDriverManager - Using chromedriver 97.0.4692.71 (since Chrome 97 is installed in your machine)
2022-01-19_16:12:02.388 [main] DEBUG i.g.bonigarcia.wdm.WebDriverManager - Driver chromedriver 97.0.4692.71 found in cache
2022-01-19_16:12:02.389 [main] INFO  i.g.bonigarcia.wdm.WebDriverManager - Exporting webdriver.chrome.driver as C:\Users\afzal.ahmed\.m2\repository\webdriver\chromedriver\win32\97.0.4692.71\chromedriver.exe
2022-01-19_16:12:04.223 [main] INFO  com.qc.qa.drivers.ChromeDriverManger - Chrome service started
2022-01-19_16:12:09.573 [main] INFO  com.qc.CukeBase - Set new webDriver
2022-01-19_16:12:09.575 [main] INFO  com.qc.CukeBase - Getting webDriver
2022-01-19_16:12:10.007 [main] INFO  com.qc.CukeBase - Getting webDriver
2022-01-19_16:12:10.022 [main] INFO  pl.rest.CustomHooks - SCENARIO NAME: Validating the expiry date field when updating the expiry duration as 7 days.
2022-01-19_16:12:10.023 [main] INFO  pl.rest.CustomHooks - TAG NAMEs: [@Web_UI_01, @Regression, @Web]
2022-01-19_16:12:10.026 [main] INFO  pl.rest.CustomHooks - SCENARIO NAME: Validating the expiry date field when updating the expiry duration as 7 days.
2022-01-19_16:12:10.027 [main] INFO  pl.rest.CustomHooks - TAG NAMEs: [@Web_UI_01, @Regression, @Web]
2022-01-19_16:12:10.030 [main] INFO  pl.rest.CustomHooks - Index: 0, Size: 0
2022-01-19_16:12:13.443 [main] INFO  com.qc.qa.ui.BasePage - Navigating to  URL: https://admintest.pineperks.in/
2022-01-19_16:12:24.007 [main] INFO  com.qc.qa.ui.BasePage - Waiting for page to be ready 
2022-01-19_16:12:24.089 [main] INFO  gui.pages.UIActionPages - PinePerks|Login
2022-01-19_16:12:24.181 [main] INFO  com.qc.qa.ui.BasePage - Entering the text -afzal.ahmed@pinelabs.com
2022-01-19_16:12:24.183 [main] INFO  com.qc.qa.ui.BasePage - Waiting for element to clickable 
2022-01-19_16:12:24.467 [main] INFO  com.qc.qa.ui.BasePage - Entering the text -Dashboard@DG1809
2022-01-19_16:12:24.471 [main] INFO  com.qc.qa.ui.BasePage - Waiting for element to clickable 
