2021-12-20_19:16:13.164 [main] INFO  pl.rest.CustomHooks - SCENARIO NAME: Validate the Card Categories API Response for V1
2021-12-20_19:16:13.167 [main] INFO  pl.rest.CustomHooks - TAG NAMEs: []
2021-12-20_19:16:14.531 [main] INFO  com.qc.qa.utils.TestDataReader - Reading API Test Data config values from  testData/api/devAPITestData.properties
2021-12-20_19:16:14.534 [main] INFO  pl.rest.service.Authorize - Authorize Rest API URL :- https://apitest.pineperks.in/auth/V1/generate/token
2021-12-20_19:16:14.534 [main] INFO  com.qc.BaseAPI - GET call to URL https://apitest.pineperks.in/auth/V1/generate/token
2021-12-20_19:16:14.700 [main] INFO  com.qc.BaseAPI - ********************REQUEST********************
2021-12-20_19:16:16.356 [main] DEBUG o.a.h.i.c.BasicClientConnectionManager - Get connection for route {s}->https://apitest.pineperks.in:443
2021-12-20_19:16:16.403 [main] DEBUG o.a.h.i.c.DefaultClientConnectionOperator - Connecting to apitest.pineperks.in:443
2021-12-20_19:16:16.605 [main] DEBUG o.a.h.c.protocol.RequestAddCookies - CookieSpec selected: ignoreCookies
2021-12-20_19:16:16.607 [main] DEBUG o.a.h.c.protocol.RequestAuthCache - Auth cache not set in the context
2021-12-20_19:16:16.607 [main] DEBUG o.a.h.c.p.RequestTargetAuthentication - Target auth state: UNCHALLENGED
2021-12-20_19:16:16.607 [main] DEBUG o.a.h.c.p.RequestProxyAuthentication - Proxy auth state: UNCHALLENGED
2021-12-20_19:16:16.607 [main] DEBUG o.a.h.impl.client.DefaultHttpClient - Attempt 1 to execute request
2021-12-20_19:16:16.608 [main] DEBUG o.a.h.i.conn.DefaultClientConnection - Sending request: GET /auth/V1/generate/token HTTP/1.1
2021-12-20_19:16:16.608 [main] DEBUG org.apache.http.wire -  >> "GET /auth/V1/generate/token HTTP/1.1[\r][\n]"
2021-12-20_19:16:16.609 [main] DEBUG org.apache.http.wire -  >> "Content-Type: application/json; charset=UTF-8[\r][\n]"
2021-12-20_19:16:16.609 [main] DEBUG org.apache.http.wire -  >> "Accept: */*[\r][\n]"
2021-12-20_19:16:16.609 [main] DEBUG org.apache.http.wire -  >> "userName: t3azPwts/6OSPTFxhCdYug== [\r][\n]"
2021-12-20_19:16:16.609 [main] DEBUG org.apache.http.wire -  >> "Host: apitest.pineperks.in[\r][\n]"
2021-12-20_19:16:16.610 [main] DEBUG org.apache.http.wire -  >> "Connection: Keep-Alive[\r][\n]"
2021-12-20_19:16:16.610 [main] DEBUG org.apache.http.wire -  >> "User-Agent: Apache-HttpClient/4.5.2 (Java/1.8.0_202)[\r][\n]"
2021-12-20_19:16:16.610 [main] DEBUG org.apache.http.wire -  >> "Accept-Encoding: gzip,deflate[\r][\n]"
2021-12-20_19:16:16.610 [main] DEBUG org.apache.http.wire -  >> "[\r][\n]"
2021-12-20_19:16:16.610 [main] DEBUG org.apache.http.headers - >> GET /auth/V1/generate/token HTTP/1.1
2021-12-20_19:16:16.610 [main] DEBUG org.apache.http.headers - >> Content-Type: application/json; charset=UTF-8
2021-12-20_19:16:16.610 [main] DEBUG org.apache.http.headers - >> Accept: */*
2021-12-20_19:16:16.610 [main] DEBUG org.apache.http.headers - >> userName: t3azPwts/6OSPTFxhCdYug== 
2021-12-20_19:16:16.610 [main] DEBUG org.apache.http.headers - >> Host: apitest.pineperks.in
2021-12-20_19:16:16.610 [main] DEBUG org.apache.http.headers - >> Connection: Keep-Alive
2021-12-20_19:16:16.611 [main] DEBUG org.apache.http.headers - >> User-Agent: Apache-HttpClient/4.5.2 (Java/1.8.0_202)
2021-12-20_19:16:16.611 [main] DEBUG org.apache.http.headers - >> Accept-Encoding: gzip,deflate
2021-12-20_19:16:16.646 [main] DEBUG org.apache.http.wire -  << "HTTP/1.1 200 [\r][\n]"
2021-12-20_19:16:16.650 [main] DEBUG org.apache.http.wire -  << "Access-Control-Allow-Methods: GET, POST[\r][\n]"
2021-12-20_19:16:16.650 [main] DEBUG org.apache.http.wire -  << "Access-Control-Allow-Origin: *[\r][\n]"
2021-12-20_19:16:16.651 [main] DEBUG org.apache.http.wire -  << "Content-Security-Policy: default-src 'none'[\r][\n]"
2021-12-20_19:16:16.651 [main] DEBUG org.apache.http.wire -  << "Feature-Policy: 'none'[\r][\n]"
2021-12-20_19:16:16.651 [main] DEBUG org.apache.http.wire -  << "Referrer-Policy: no-referrer[\r][\n]"
2021-12-20_19:16:16.651 [main] DEBUG org.apache.http.wire -  << "Strict-Transport-Security: max-age=31536000 ; includeSubDomains[\r][\n]"
2021-12-20_19:16:16.652 [main] DEBUG org.apache.http.wire -  << "Date: Mon, 20 Dec 2021 13:46:16 GMT[\r][\n]"
2021-12-20_19:16:16.652 [main] DEBUG org.apache.http.wire -  << "Keep-Alive: timeout=60[\r][\n]"
2021-12-20_19:16:16.652 [main] DEBUG org.apache.http.wire -  << "Content-Type: application/json[\r][\n]"
2021-12-20_19:16:16.652 [main] DEBUG org.apache.http.wire -  << "Transfer-Encoding: chunked[\r][\n]"
2021-12-20_19:16:16.653 [main] DEBUG org.apache.http.wire -  << "Connection: keep-alive[\r][\n]"
2021-12-20_19:16:16.653 [main] DEBUG org.apache.http.wire -  << "[\r][\n]"
2021-12-20_19:16:16.654 [main] DEBUG o.a.h.i.conn.DefaultClientConnection - Receiving response: HTTP/1.1 200 
2021-12-20_19:16:16.654 [main] DEBUG org.apache.http.headers - << HTTP/1.1 200 
2021-12-20_19:16:16.655 [main] DEBUG org.apache.http.headers - << Access-Control-Allow-Methods: GET, POST
2021-12-20_19:16:16.655 [main] DEBUG org.apache.http.headers - << Access-Control-Allow-Origin: *
2021-12-20_19:16:16.655 [main] DEBUG org.apache.http.headers - << Content-Security-Policy: default-src 'none'
2021-12-20_19:16:16.655 [main] DEBUG org.apache.http.headers - << Feature-Policy: 'none'
2021-12-20_19:16:16.655 [main] DEBUG org.apache.http.headers - << Referrer-Policy: no-referrer
2021-12-20_19:16:16.655 [main] DEBUG org.apache.http.headers - << Strict-Transport-Security: max-age=31536000 ; includeSubDomains
2021-12-20_19:16:16.655 [main] DEBUG org.apache.http.headers - << Date: Mon, 20 Dec 2021 13:46:16 GMT
2021-12-20_19:16:16.655 [main] DEBUG org.apache.http.headers - << Keep-Alive: timeout=60
2021-12-20_19:16:16.656 [main] DEBUG org.apache.http.headers - << Content-Type: application/json
2021-12-20_19:16:16.656 [main] DEBUG org.apache.http.headers - << Transfer-Encoding: chunked
2021-12-20_19:16:16.656 [main] DEBUG org.apache.http.headers - << Connection: keep-alive
2021-12-20_19:16:16.665 [main] DEBUG o.a.h.impl.client.DefaultHttpClient - Connection can be kept alive for 60000 MILLISECONDS
2021-12-20_19:16:16.682 [main] DEBUG i.r.i.RequestSpecificationImpl$RestAssuredHttpBuilder - Parsing response as: application/json
2021-12-20_19:16:16.682 [main] DEBUG i.r.i.RequestSpecificationImpl$RestAssuredHttpBuilder - Parsed data to instance of: class org.apache.http.conn.EofSensorInputStream
2021-12-20_19:16:16.692 [main] INFO  com.qc.BaseAPI - Method :GET
2021-12-20_19:16:16.693 [main] INFO  com.qc.BaseAPI - URI :https://apitest.pineperks.in/auth/V1/generate/token
2021-12-20_19:16:16.693 [main] INFO  com.qc.BaseAPI - Headers :userName=t3azPwts/6OSPTFxhCdYug== 
Accept=*/*
Content-Type=application/json; charset=UTF-8
2021-12-20_19:16:16.693 [main] INFO  com.qc.BaseAPI - Body :null
2021-12-20_19:16:16.693 [main] INFO  com.qc.BaseAPI - ********************RESPONSE********************
2021-12-20_19:16:16.702 [main] DEBUG org.apache.http.wire -  << "7f[\r][\n]"
2021-12-20_19:16:16.702 [main] DEBUG org.apache.http.wire -  << "{"accessToken":"ad589ab3c3694705b6c3a8ec09376f4f","tokenExpiryTime":"21-Dec-2021","responseCode":0,"responseMessage":"Success"}"
2021-12-20_19:16:16.703 [main] DEBUG org.apache.http.wire -  << "[\r][\n]"
2021-12-20_19:16:16.703 [main] DEBUG org.apache.http.wire -  << "0[\r][\n]"
2021-12-20_19:16:16.703 [main] DEBUG org.apache.http.wire -  << "[\r][\n]"
2021-12-20_19:16:16.703 [main] DEBUG o.a.h.i.c.BasicClientConnectionManager - Releasing connection org.apache.http.impl.conn.ManagedClientConnectionImpl@38b8b5aa
2021-12-20_19:16:16.703 [main] DEBUG o.a.h.i.c.BasicClientConnectionManager - Connection can be kept alive for 60000 MILLISECONDS
2021-12-20_19:16:16.727 [main] INFO  com.qc.BaseAPI - Response :{
    "accessToken": "ad589ab3c3694705b6c3a8ec09376f4f",
    "tokenExpiryTime": "21-Dec-2021",
    "responseCode": 0,
    "responseMessage": "Success"
}
2021-12-20_19:16:16.729 [main] INFO  com.qc.BaseAPI -  **** GET call Response time 1976 ms
2021-12-20_19:16:16.730 [main] INFO  pl.rest.service.Authorize - Time Taken to perform https://apitest.pineperks.in/auth/V1/generate/token transaction: 1976
2021-12-20_19:16:16.801 [main] INFO  com.qc.qa.utils.TestDataReader - Reading Json data authorizeHeaders
2021-12-20_19:16:16.806 [main] INFO  com.qc.qa.utils.TestDataReader - Reading json data from file @ testData/api/devAPIData.json
2021-12-20_19:16:16.834 [main] INFO  p.r.service.CorporateAndCardDetails - CardIssue Rest API URL :- https://apitest.pineperks.in/card/config/V1/category
2021-12-20_19:16:16.834 [main] INFO  com.qc.BaseAPI - GET call to URL https://apitest.pineperks.in/card/config/V1/category
2021-12-20_19:16:16.845 [main] INFO  com.qc.BaseAPI - ********************REQUEST********************
2021-12-20_19:16:16.860 [main] DEBUG o.a.h.i.c.BasicClientConnectionManager - Get connection for route {s}->https://apitest.pineperks.in:443
2021-12-20_19:16:16.861 [main] DEBUG o.a.h.i.c.DefaultClientConnectionOperator - Connecting to apitest.pineperks.in:443
2021-12-20_19:16:16.983 [main] DEBUG o.a.h.c.protocol.RequestAddCookies - CookieSpec selected: ignoreCookies
2021-12-20_19:16:16.984 [main] DEBUG o.a.h.c.protocol.RequestAuthCache - Auth cache not set in the context
2021-12-20_19:16:16.984 [main] DEBUG o.a.h.c.p.RequestTargetAuthentication - Target auth state: UNCHALLENGED
2021-12-20_19:16:16.984 [main] DEBUG o.a.h.c.p.RequestProxyAuthentication - Proxy auth state: UNCHALLENGED
2021-12-20_19:16:16.984 [main] DEBUG o.a.h.impl.client.DefaultHttpClient - Attempt 1 to execute request
2021-12-20_19:16:16.984 [main] DEBUG o.a.h.i.conn.DefaultClientConnection - Sending request: GET /card/config/V1/category HTTP/1.1
2021-12-20_19:16:16.984 [main] DEBUG org.apache.http.wire -  >> "GET /card/config/V1/category HTTP/1.1[\r][\n]"
2021-12-20_19:16:16.985 [main] DEBUG org.apache.http.wire -  >> "Content-Type: application/json; charset=UTF-8[\r][\n]"
2021-12-20_19:16:16.985 [main] DEBUG org.apache.http.wire -  >> "Accept: */*[\r][\n]"
2021-12-20_19:16:16.985 [main] DEBUG org.apache.http.wire -  >> "userName: t3azPwts/6OSPTFxhCdYug== [\r][\n]"
2021-12-20_19:16:16.985 [main] DEBUG org.apache.http.wire -  >> "token: ad589ab3c3694705b6c3a8ec09376f4f[\r][\n]"
2021-12-20_19:16:16.985 [main] DEBUG org.apache.http.wire -  >> "Host: apitest.pineperks.in[\r][\n]"
2021-12-20_19:16:16.985 [main] DEBUG org.apache.http.wire -  >> "Connection: Keep-Alive[\r][\n]"
2021-12-20_19:16:16.985 [main] DEBUG org.apache.http.wire -  >> "User-Agent: Apache-HttpClient/4.5.2 (Java/1.8.0_202)[\r][\n]"
2021-12-20_19:16:16.985 [main] DEBUG org.apache.http.wire -  >> "Accept-Encoding: gzip,deflate[\r][\n]"
2021-12-20_19:16:16.985 [main] DEBUG org.apache.http.wire -  >> "[\r][\n]"
2021-12-20_19:16:16.986 [main] DEBUG org.apache.http.headers - >> GET /card/config/V1/category HTTP/1.1
2021-12-20_19:16:16.986 [main] DEBUG org.apache.http.headers - >> Content-Type: application/json; charset=UTF-8
2021-12-20_19:16:16.986 [main] DEBUG org.apache.http.headers - >> Accept: */*
2021-12-20_19:16:16.986 [main] DEBUG org.apache.http.headers - >> userName: t3azPwts/6OSPTFxhCdYug== 
2021-12-20_19:16:16.986 [main] DEBUG org.apache.http.headers - >> token: ad589ab3c3694705b6c3a8ec09376f4f
2021-12-20_19:16:16.986 [main] DEBUG org.apache.http.headers - >> Host: apitest.pineperks.in
2021-12-20_19:16:16.986 [main] DEBUG org.apache.http.headers - >> Connection: Keep-Alive
2021-12-20_19:16:16.986 [main] DEBUG org.apache.http.headers - >> User-Agent: Apache-HttpClient/4.5.2 (Java/1.8.0_202)
2021-12-20_19:16:16.986 [main] DEBUG org.apache.http.headers - >> Accept-Encoding: gzip,deflate
2021-12-20_19:16:17.009 [main] DEBUG org.apache.http.wire -  << "HTTP/1.1 200 [\r][\n]"
2021-12-20_19:16:17.009 [main] DEBUG org.apache.http.wire -  << "Access-Control-Allow-Methods: GET, POST[\r][\n]"
2021-12-20_19:16:17.009 [main] DEBUG org.apache.http.wire -  << "Access-Control-Allow-Origin: *[\r][\n]"
2021-12-20_19:16:17.009 [main] DEBUG org.apache.http.wire -  << "Content-Security-Policy: default-src 'none'[\r][\n]"
2021-12-20_19:16:17.009 [main] DEBUG org.apache.http.wire -  << "Feature-Policy: 'none'[\r][\n]"
2021-12-20_19:16:17.009 [main] DEBUG org.apache.http.wire -  << "Referrer-Policy: no-referrer[\r][\n]"
2021-12-20_19:16:17.009 [main] DEBUG org.apache.http.wire -  << "Strict-Transport-Security: max-age=31536000 ; includeSubDomains[\r][\n]"
2021-12-20_19:16:17.009 [main] DEBUG org.apache.http.wire -  << "Date: Mon, 20 Dec 2021 13:46:16 GMT[\r][\n]"
2021-12-20_19:16:17.009 [main] DEBUG org.apache.http.wire -  << "Keep-Alive: timeout=60[\r][\n]"
2021-12-20_19:16:17.010 [main] DEBUG org.apache.http.wire -  << "Content-Type: application/json[\r][\n]"
2021-12-20_19:16:17.010 [main] DEBUG org.apache.http.wire -  << "Transfer-Encoding: chunked[\r][\n]"
2021-12-20_19:16:17.010 [main] DEBUG org.apache.http.wire -  << "Connection: keep-alive[\r][\n]"
2021-12-20_19:16:17.010 [main] DEBUG org.apache.http.wire -  << "[\r][\n]"
2021-12-20_19:16:17.010 [main] DEBUG o.a.h.i.conn.DefaultClientConnection - Receiving response: HTTP/1.1 200 
2021-12-20_19:16:17.010 [main] DEBUG org.apache.http.headers - << HTTP/1.1 200 
2021-12-20_19:16:17.010 [main] DEBUG org.apache.http.headers - << Access-Control-Allow-Methods: GET, POST
2021-12-20_19:16:17.010 [main] DEBUG org.apache.http.headers - << Access-Control-Allow-Origin: *
2021-12-20_19:16:17.010 [main] DEBUG org.apache.http.headers - << Content-Security-Policy: default-src 'none'
2021-12-20_19:16:17.010 [main] DEBUG org.apache.http.headers - << Feature-Policy: 'none'
2021-12-20_19:16:17.010 [main] DEBUG org.apache.http.headers - << Referrer-Policy: no-referrer
2021-12-20_19:16:17.010 [main] DEBUG org.apache.http.headers - << Strict-Transport-Security: max-age=31536000 ; includeSubDomains
2021-12-20_19:16:17.011 [main] DEBUG org.apache.http.headers - << Date: Mon, 20 Dec 2021 13:46:16 GMT
2021-12-20_19:16:17.011 [main] DEBUG org.apache.http.headers - << Keep-Alive: timeout=60
2021-12-20_19:16:17.011 [main] DEBUG org.apache.http.headers - << Content-Type: application/json
2021-12-20_19:16:17.011 [main] DEBUG org.apache.http.headers - << Transfer-Encoding: chunked
2021-12-20_19:16:17.011 [main] DEBUG org.apache.http.headers - << Connection: keep-alive
2021-12-20_19:16:17.012 [main] DEBUG o.a.h.impl.client.DefaultHttpClient - Connection can be kept alive for 60000 MILLISECONDS
2021-12-20_19:16:17.012 [main] DEBUG i.r.i.RequestSpecificationImpl$RestAssuredHttpBuilder - Parsing response as: application/json
2021-12-20_19:16:17.012 [main] DEBUG i.r.i.RequestSpecificationImpl$RestAssuredHttpBuilder - Parsed data to instance of: class org.apache.http.conn.EofSensorInputStream
2021-12-20_19:16:17.014 [main] INFO  com.qc.BaseAPI - Method :GET
2021-12-20_19:16:17.015 [main] INFO  com.qc.BaseAPI - URI :https://apitest.pineperks.in/card/config/V1/category
2021-12-20_19:16:17.016 [main] INFO  com.qc.BaseAPI - Headers :token=ad589ab3c3694705b6c3a8ec09376f4f
userName=t3azPwts/6OSPTFxhCdYug== 
Accept=*/*
Content-Type=application/json; charset=UTF-8
2021-12-20_19:16:17.016 [main] INFO  com.qc.BaseAPI - Body :null
2021-12-20_19:16:17.016 [main] INFO  com.qc.BaseAPI - ********************RESPONSE********************
2021-12-20_19:16:17.016 [main] DEBUG org.apache.http.wire -  << "b8[\r][\n]"
2021-12-20_19:16:17.016 [main] DEBUG org.apache.http.wire -  << "{"cardCategoryList":[{"id":1,"name":"Prime Card"},{"id":2,"name":"Fuel Card"},{"id":3,"name":"F&B Card"},{"id":4,"name":"Universal Card"}],"responseCode":0,"responseMessage":"Success"}"
2021-12-20_19:16:17.016 [main] DEBUG org.apache.http.wire -  << "[\r][\n]"
2021-12-20_19:16:17.016 [main] DEBUG org.apache.http.wire -  << "0[\r][\n]"
2021-12-20_19:16:17.016 [main] DEBUG org.apache.http.wire -  << "[\r][\n]"
2021-12-20_19:16:17.017 [main] DEBUG o.a.h.i.c.BasicClientConnectionManager - Releasing connection org.apache.http.impl.conn.ManagedClientConnectionImpl@36a0ac9f
2021-12-20_19:16:17.017 [main] DEBUG o.a.h.i.c.BasicClientConnectionManager - Connection can be kept alive for 60000 MILLISECONDS
2021-12-20_19:16:17.018 [main] INFO  com.qc.BaseAPI - Response :{
    "cardCategoryList": [
        {
            "id": 1,
            "name": "Prime Card"
        },
        {
            "id": 2,
            "name": "Fuel Card"
        },
        {
            "id": 3,
            "name": "F&B Card"
        },
        {
            "id": 4,
            "name": "Universal Card"
        }
    ],
    "responseCode": 0,
    "responseMessage": "Success"
}
2021-12-20_19:16:17.019 [main] INFO  com.qc.BaseAPI -  **** GET call Response time 164 ms
2021-12-20_19:16:17.019 [main] INFO  p.r.service.CorporateAndCardDetails - Time Taken to perform https://apitest.pineperks.in/card/config/V1/category transaction: 164
2021-12-20_19:16:17.377 [main] INFO  pl.rest.CustomHooks - SCENARIO NAME: Validate the Card Categories API Response for V2
2021-12-20_19:16:17.377 [main] INFO  pl.rest.CustomHooks - TAG NAMEs: []
2021-12-20_19:16:17.774 [main] INFO  pl.rest.service.Authorize - Authorize Rest API URL :- https://apitest.pineperks.in/auth/V1/generate/token
2021-12-20_19:16:17.774 [main] INFO  com.qc.BaseAPI - GET call to URL https://apitest.pineperks.in/auth/V1/generate/token
2021-12-20_19:16:17.778 [main] INFO  com.qc.BaseAPI - ********************REQUEST********************
2021-12-20_19:16:17.786 [main] DEBUG o.a.h.i.c.BasicClientConnectionManager - Get connection for route {s}->https://apitest.pineperks.in:443
2021-12-20_19:16:17.787 [main] DEBUG o.a.h.i.c.DefaultClientConnectionOperator - Connecting to apitest.pineperks.in:443
2021-12-20_19:16:17.915 [main] DEBUG o.a.h.c.protocol.RequestAddCookies - CookieSpec selected: ignoreCookies
2021-12-20_19:16:17.916 [main] DEBUG o.a.h.c.protocol.RequestAuthCache - Auth cache not set in the context
2021-12-20_19:16:17.916 [main] DEBUG o.a.h.c.p.RequestTargetAuthentication - Target auth state: UNCHALLENGED
2021-12-20_19:16:17.917 [main] DEBUG o.a.h.c.p.RequestProxyAuthentication - Proxy auth state: UNCHALLENGED
2021-12-20_19:16:17.917 [main] DEBUG o.a.h.impl.client.DefaultHttpClient - Attempt 1 to execute request
2021-12-20_19:16:17.917 [main] DEBUG o.a.h.i.conn.DefaultClientConnection - Sending request: GET /auth/V1/generate/token HTTP/1.1
2021-12-20_19:16:17.917 [main] DEBUG org.apache.http.wire -  >> "GET /auth/V1/generate/token HTTP/1.1[\r][\n]"
2021-12-20_19:16:17.917 [main] DEBUG org.apache.http.wire -  >> "Content-Type: application/json; charset=UTF-8[\r][\n]"
2021-12-20_19:16:17.917 [main] DEBUG org.apache.http.wire -  >> "Accept: */*[\r][\n]"
2021-12-20_19:16:17.918 [main] DEBUG org.apache.http.wire -  >> "userName: t3azPwts/6OSPTFxhCdYug== [\r][\n]"
2021-12-20_19:16:17.918 [main] DEBUG org.apache.http.wire -  >> "Host: apitest.pineperks.in[\r][\n]"
2021-12-20_19:16:17.918 [main] DEBUG org.apache.http.wire -  >> "Connection: Keep-Alive[\r][\n]"
2021-12-20_19:16:17.918 [main] DEBUG org.apache.http.wire -  >> "User-Agent: Apache-HttpClient/4.5.2 (Java/1.8.0_202)[\r][\n]"
2021-12-20_19:16:17.918 [main] DEBUG org.apache.http.wire -  >> "Accept-Encoding: gzip,deflate[\r][\n]"
2021-12-20_19:16:17.919 [main] DEBUG org.apache.http.wire -  >> "[\r][\n]"
2021-12-20_19:16:17.919 [main] DEBUG org.apache.http.headers - >> GET /auth/V1/generate/token HTTP/1.1
2021-12-20_19:16:17.919 [main] DEBUG org.apache.http.headers - >> Content-Type: application/json; charset=UTF-8
2021-12-20_19:16:17.919 [main] DEBUG org.apache.http.headers - >> Accept: */*
2021-12-20_19:16:17.919 [main] DEBUG org.apache.http.headers - >> userName: t3azPwts/6OSPTFxhCdYug== 
2021-12-20_19:16:17.919 [main] DEBUG org.apache.http.headers - >> Host: apitest.pineperks.in
2021-12-20_19:16:17.919 [main] DEBUG org.apache.http.headers - >> Connection: Keep-Alive
2021-12-20_19:16:17.919 [main] DEBUG org.apache.http.headers - >> User-Agent: Apache-HttpClient/4.5.2 (Java/1.8.0_202)
2021-12-20_19:16:17.919 [main] DEBUG org.apache.http.headers - >> Accept-Encoding: gzip,deflate
2021-12-20_19:16:17.943 [main] DEBUG org.apache.http.wire -  << "HTTP/1.1 200 [\r][\n]"
2021-12-20_19:16:17.944 [main] DEBUG org.apache.http.wire -  << "Access-Control-Allow-Methods: GET, POST[\r][\n]"
2021-12-20_19:16:17.944 [main] DEBUG org.apache.http.wire -  << "Access-Control-Allow-Origin: *[\r][\n]"
2021-12-20_19:16:17.944 [main] DEBUG org.apache.http.wire -  << "Content-Security-Policy: default-src 'none'[\r][\n]"
2021-12-20_19:16:17.944 [main] DEBUG org.apache.http.wire -  << "Feature-Policy: 'none'[\r][\n]"
2021-12-20_19:16:17.944 [main] DEBUG org.apache.http.wire -  << "Referrer-Policy: no-referrer[\r][\n]"
2021-12-20_19:16:17.944 [main] DEBUG org.apache.http.wire -  << "Strict-Transport-Security: max-age=31536000 ; includeSubDomains[\r][\n]"
2021-12-20_19:16:17.944 [main] DEBUG org.apache.http.wire -  << "Date: Mon, 20 Dec 2021 13:46:17 GMT[\r][\n]"
2021-12-20_19:16:17.944 [main] DEBUG org.apache.http.wire -  << "Keep-Alive: timeout=60[\r][\n]"
2021-12-20_19:16:17.945 [main] DEBUG org.apache.http.wire -  << "Content-Type: application/json[\r][\n]"
2021-12-20_19:16:17.945 [main] DEBUG org.apache.http.wire -  << "Transfer-Encoding: chunked[\r][\n]"
2021-12-20_19:16:17.946 [main] DEBUG org.apache.http.wire -  << "Connection: keep-alive[\r][\n]"
2021-12-20_19:16:17.946 [main] DEBUG org.apache.http.wire -  << "[\r][\n]"
2021-12-20_19:16:17.946 [main] DEBUG o.a.h.i.conn.DefaultClientConnection - Receiving response: HTTP/1.1 200 
2021-12-20_19:16:17.946 [main] DEBUG org.apache.http.headers - << HTTP/1.1 200 
2021-12-20_19:16:17.946 [main] DEBUG org.apache.http.headers - << Access-Control-Allow-Methods: GET, POST
2021-12-20_19:16:17.946 [main] DEBUG org.apache.http.headers - << Access-Control-Allow-Origin: *
2021-12-20_19:16:17.946 [main] DEBUG org.apache.http.headers - << Content-Security-Policy: default-src 'none'
2021-12-20_19:16:17.946 [main] DEBUG org.apache.http.headers - << Feature-Policy: 'none'
2021-12-20_19:16:17.946 [main] DEBUG org.apache.http.headers - << Referrer-Policy: no-referrer
2021-12-20_19:16:17.946 [main] DEBUG org.apache.http.headers - << Strict-Transport-Security: max-age=31536000 ; includeSubDomains
2021-12-20_19:16:17.947 [main] DEBUG org.apache.http.headers - << Date: Mon, 20 Dec 2021 13:46:17 GMT
2021-12-20_19:16:17.947 [main] DEBUG org.apache.http.headers - << Keep-Alive: timeout=60
2021-12-20_19:16:17.947 [main] DEBUG org.apache.http.headers - << Content-Type: application/json
2021-12-20_19:16:17.947 [main] DEBUG org.apache.http.headers - << Transfer-Encoding: chunked
2021-12-20_19:16:17.947 [main] DEBUG org.apache.http.headers - << Connection: keep-alive
2021-12-20_19:16:17.947 [main] DEBUG o.a.h.impl.client.DefaultHttpClient - Connection can be kept alive for 60000 MILLISECONDS
2021-12-20_19:16:17.948 [main] DEBUG i.r.i.RequestSpecificationImpl$RestAssuredHttpBuilder - Parsing response as: application/json
2021-12-20_19:16:17.948 [main] DEBUG i.r.i.RequestSpecificationImpl$RestAssuredHttpBuilder - Parsed data to instance of: class org.apache.http.conn.EofSensorInputStream
2021-12-20_19:16:17.949 [main] INFO  com.qc.BaseAPI - Method :GET
2021-12-20_19:16:17.950 [main] INFO  com.qc.BaseAPI - URI :https://apitest.pineperks.in/auth/V1/generate/token
2021-12-20_19:16:17.950 [main] INFO  com.qc.BaseAPI - Headers :userName=t3azPwts/6OSPTFxhCdYug== 
Accept=*/*
Content-Type=application/json; charset=UTF-8
2021-12-20_19:16:17.950 [main] INFO  com.qc.BaseAPI - Body :null
2021-12-20_19:16:17.950 [main] INFO  com.qc.BaseAPI - ********************RESPONSE********************
2021-12-20_19:16:17.951 [main] DEBUG org.apache.http.wire -  << "7f[\r][\n]"
2021-12-20_19:16:17.951 [main] DEBUG org.apache.http.wire -  << "{"accessToken":"6be106dbea934ff1a30732d2b435c1c3","tokenExpiryTime":"21-Dec-2021","responseCode":0,"responseMessage":"Success"}"
2021-12-20_19:16:17.951 [main] DEBUG org.apache.http.wire -  << "[\r][\n]"
2021-12-20_19:16:17.951 [main] DEBUG org.apache.http.wire -  << "0[\r][\n]"
2021-12-20_19:16:17.951 [main] DEBUG org.apache.http.wire -  << "[\r][\n]"
2021-12-20_19:16:17.952 [main] DEBUG o.a.h.i.c.BasicClientConnectionManager - Releasing connection org.apache.http.impl.conn.ManagedClientConnectionImpl@b9f5a31
2021-12-20_19:16:17.952 [main] DEBUG o.a.h.i.c.BasicClientConnectionManager - Connection can be kept alive for 60000 MILLISECONDS
2021-12-20_19:16:17.952 [main] INFO  com.qc.BaseAPI - Response :{
    "accessToken": "6be106dbea934ff1a30732d2b435c1c3",
    "tokenExpiryTime": "21-Dec-2021",
    "responseCode": 0,
    "responseMessage": "Success"
}
2021-12-20_19:16:17.953 [main] INFO  com.qc.BaseAPI -  **** GET call Response time 169 ms
2021-12-20_19:16:17.953 [main] INFO  pl.rest.service.Authorize - Time Taken to perform https://apitest.pineperks.in/auth/V1/generate/token transaction: 169
2021-12-20_19:16:17.958 [main] INFO  com.qc.qa.utils.TestDataReader - Reading Json data authorizeHeaders
2021-12-20_19:16:17.963 [main] INFO  com.qc.qa.utils.TestDataReader - Reading json data from file @ testData/api/devAPIData.json
2021-12-20_19:16:17.966 [main] INFO  p.r.service.CorporateAndCardDetails - CardIssue Rest API URL :- https://apitest.pineperks.in/card/config/V1/category
2021-12-20_19:16:17.967 [main] INFO  com.qc.BaseAPI - GET call to URL https://apitest.pineperks.in/card/config/V1/category
2021-12-20_19:16:17.974 [main] INFO  com.qc.BaseAPI - ********************REQUEST********************
2021-12-20_19:16:17.990 [main] DEBUG o.a.h.i.c.BasicClientConnectionManager - Get connection for route {s}->https://apitest.pineperks.in:443
2021-12-20_19:16:17.990 [main] DEBUG o.a.h.i.c.DefaultClientConnectionOperator - Connecting to apitest.pineperks.in:443
2021-12-20_19:16:18.117 [main] DEBUG o.a.h.c.protocol.RequestAddCookies - CookieSpec selected: ignoreCookies
2021-12-20_19:16:18.117 [main] DEBUG o.a.h.c.protocol.RequestAuthCache - Auth cache not set in the context
2021-12-20_19:16:18.117 [main] DEBUG o.a.h.c.p.RequestTargetAuthentication - Target auth state: UNCHALLENGED
2021-12-20_19:16:18.118 [main] DEBUG o.a.h.c.p.RequestProxyAuthentication - Proxy auth state: UNCHALLENGED
2021-12-20_19:16:18.118 [main] DEBUG o.a.h.impl.client.DefaultHttpClient - Attempt 1 to execute request
2021-12-20_19:16:18.118 [main] DEBUG o.a.h.i.conn.DefaultClientConnection - Sending request: GET /card/config/V1/category HTTP/1.1
2021-12-20_19:16:18.118 [main] DEBUG org.apache.http.wire -  >> "GET /card/config/V1/category HTTP/1.1[\r][\n]"
2021-12-20_19:16:18.118 [main] DEBUG org.apache.http.wire -  >> "Content-Type: application/json; charset=UTF-8[\r][\n]"
2021-12-20_19:16:18.118 [main] DEBUG org.apache.http.wire -  >> "X-PinePerks-UserName: t3azPwts/6OSPTFxhCdYug== [\r][\n]"
2021-12-20_19:16:18.118 [main] DEBUG org.apache.http.wire -  >> "Accept: */*[\r][\n]"
2021-12-20_19:16:18.118 [main] DEBUG org.apache.http.wire -  >> "X-PinePerks-Token: 6be106dbea934ff1a30732d2b435c1c3[\r][\n]"
2021-12-20_19:16:18.119 [main] DEBUG org.apache.http.wire -  >> "Host: apitest.pineperks.in[\r][\n]"
2021-12-20_19:16:18.119 [main] DEBUG org.apache.http.wire -  >> "Connection: Keep-Alive[\r][\n]"
2021-12-20_19:16:18.119 [main] DEBUG org.apache.http.wire -  >> "User-Agent: Apache-HttpClient/4.5.2 (Java/1.8.0_202)[\r][\n]"
2021-12-20_19:16:18.119 [main] DEBUG org.apache.http.wire -  >> "Accept-Encoding: gzip,deflate[\r][\n]"
2021-12-20_19:16:18.119 [main] DEBUG org.apache.http.wire -  >> "[\r][\n]"
2021-12-20_19:16:18.119 [main] DEBUG org.apache.http.headers - >> GET /card/config/V1/category HTTP/1.1
2021-12-20_19:16:18.119 [main] DEBUG org.apache.http.headers - >> Content-Type: application/json; charset=UTF-8
2021-12-20_19:16:18.119 [main] DEBUG org.apache.http.headers - >> X-PinePerks-UserName: t3azPwts/6OSPTFxhCdYug== 
2021-12-20_19:16:18.119 [main] DEBUG org.apache.http.headers - >> Accept: */*
2021-12-20_19:16:18.120 [main] DEBUG org.apache.http.headers - >> X-PinePerks-Token: 6be106dbea934ff1a30732d2b435c1c3
2021-12-20_19:16:18.120 [main] DEBUG org.apache.http.headers - >> Host: apitest.pineperks.in
2021-12-20_19:16:18.120 [main] DEBUG org.apache.http.headers - >> Connection: Keep-Alive
2021-12-20_19:16:18.120 [main] DEBUG org.apache.http.headers - >> User-Agent: Apache-HttpClient/4.5.2 (Java/1.8.0_202)
2021-12-20_19:16:18.121 [main] DEBUG org.apache.http.headers - >> Accept-Encoding: gzip,deflate
2021-12-20_19:16:18.146 [main] DEBUG org.apache.http.wire -  << "HTTP/1.1 200 [\r][\n]"
2021-12-20_19:16:18.146 [main] DEBUG org.apache.http.wire -  << "Access-Control-Allow-Methods: GET, POST[\r][\n]"
2021-12-20_19:16:18.146 [main] DEBUG org.apache.http.wire -  << "Access-Control-Allow-Origin: *[\r][\n]"
2021-12-20_19:16:18.146 [main] DEBUG org.apache.http.wire -  << "Content-Security-Policy: default-src 'none'[\r][\n]"
2021-12-20_19:16:18.146 [main] DEBUG org.apache.http.wire -  << "Feature-Policy: 'none'[\r][\n]"
2021-12-20_19:16:18.147 [main] DEBUG org.apache.http.wire -  << "Referrer-Policy: no-referrer[\r][\n]"
2021-12-20_19:16:18.147 [main] DEBUG org.apache.http.wire -  << "Strict-Transport-Security: max-age=31536000 ; includeSubDomains[\r][\n]"
2021-12-20_19:16:18.147 [main] DEBUG org.apache.http.wire -  << "Date: Mon, 20 Dec 2021 13:46:17 GMT[\r][\n]"
2021-12-20_19:16:18.147 [main] DEBUG org.apache.http.wire -  << "Keep-Alive: timeout=60[\r][\n]"
2021-12-20_19:16:18.147 [main] DEBUG org.apache.http.wire -  << "Content-Type: application/json[\r][\n]"
2021-12-20_19:16:18.147 [main] DEBUG org.apache.http.wire -  << "Transfer-Encoding: chunked[\r][\n]"
2021-12-20_19:16:18.147 [main] DEBUG org.apache.http.wire -  << "Connection: keep-alive[\r][\n]"
2021-12-20_19:16:18.147 [main] DEBUG org.apache.http.wire -  << "[\r][\n]"
2021-12-20_19:16:18.147 [main] DEBUG o.a.h.i.conn.DefaultClientConnection - Receiving response: HTTP/1.1 200 
2021-12-20_19:16:18.147 [main] DEBUG org.apache.http.headers - << HTTP/1.1 200 
2021-12-20_19:16:18.148 [main] DEBUG org.apache.http.headers - << Access-Control-Allow-Methods: GET, POST
2021-12-20_19:16:18.148 [main] DEBUG org.apache.http.headers - << Access-Control-Allow-Origin: *
2021-12-20_19:16:18.148 [main] DEBUG org.apache.http.headers - << Content-Security-Policy: default-src 'none'
2021-12-20_19:16:18.148 [main] DEBUG org.apache.http.headers - << Feature-Policy: 'none'
2021-12-20_19:16:18.148 [main] DEBUG org.apache.http.headers - << Referrer-Policy: no-referrer
2021-12-20_19:16:18.148 [main] DEBUG org.apache.http.headers - << Strict-Transport-Security: max-age=31536000 ; includeSubDomains
2021-12-20_19:16:18.148 [main] DEBUG org.apache.http.headers - << Date: Mon, 20 Dec 2021 13:46:17 GMT
2021-12-20_19:16:18.148 [main] DEBUG org.apache.http.headers - << Keep-Alive: timeout=60
2021-12-20_19:16:18.148 [main] DEBUG org.apache.http.headers - << Content-Type: application/json
2021-12-20_19:16:18.148 [main] DEBUG org.apache.http.headers - << Transfer-Encoding: chunked
2021-12-20_19:16:18.148 [main] DEBUG org.apache.http.headers - << Connection: keep-alive
2021-12-20_19:16:18.148 [main] DEBUG o.a.h.impl.client.DefaultHttpClient - Connection can be kept alive for 60000 MILLISECONDS
2021-12-20_19:16:18.149 [main] DEBUG i.r.i.RequestSpecificationImpl$RestAssuredHttpBuilder - Parsing response as: application/json
2021-12-20_19:16:18.149 [main] DEBUG i.r.i.RequestSpecificationImpl$RestAssuredHttpBuilder - Parsed data to instance of: class org.apache.http.conn.EofSensorInputStream
2021-12-20_19:16:18.149 [main] INFO  com.qc.BaseAPI - Method :GET
2021-12-20_19:16:18.151 [main] INFO  com.qc.BaseAPI - URI :https://apitest.pineperks.in/card/config/V1/category
2021-12-20_19:16:18.151 [main] INFO  com.qc.BaseAPI - Headers :X-PinePerks-Token=6be106dbea934ff1a30732d2b435c1c3
X-PinePerks-UserName=t3azPwts/6OSPTFxhCdYug== 
Accept=*/*
Content-Type=application/json; charset=UTF-8
2021-12-20_19:16:18.151 [main] INFO  com.qc.BaseAPI - Body :null
2021-12-20_19:16:18.151 [main] INFO  com.qc.BaseAPI - ********************RESPONSE********************
2021-12-20_19:16:18.151 [main] DEBUG org.apache.http.wire -  << "b8[\r][\n]"
2021-12-20_19:16:18.151 [main] DEBUG org.apache.http.wire -  << "{"cardCategoryList":[{"id":1,"name":"Prime Card"},{"id":2,"name":"Fuel Card"},{"id":3,"name":"F&B Card"},{"id":4,"name":"Universal Card"}],"responseCode":0,"responseMessage":"Success"}"
2021-12-20_19:16:18.151 [main] DEBUG org.apache.http.wire -  << "[\r][\n]"
2021-12-20_19:16:18.151 [main] DEBUG org.apache.http.wire -  << "0[\r][\n]"
2021-12-20_19:16:18.152 [main] DEBUG org.apache.http.wire -  << "[\r][\n]"
2021-12-20_19:16:18.152 [main] DEBUG o.a.h.i.c.BasicClientConnectionManager - Releasing connection org.apache.http.impl.conn.ManagedClientConnectionImpl@58ebda15
2021-12-20_19:16:18.152 [main] DEBUG o.a.h.i.c.BasicClientConnectionManager - Connection can be kept alive for 60000 MILLISECONDS
2021-12-20_19:16:18.153 [main] INFO  com.qc.BaseAPI - Response :{
    "cardCategoryList": [
        {
            "id": 1,
            "name": "Prime Card"
        },
        {
            "id": 2,
            "name": "Fuel Card"
        },
        {
            "id": 3,
            "name": "F&B Card"
        },
        {
            "id": 4,
            "name": "Universal Card"
        }
    ],
    "responseCode": 0,
    "responseMessage": "Success"
}
2021-12-20_19:16:18.154 [main] INFO  com.qc.BaseAPI -  **** GET call Response time 171 ms
2021-12-20_19:16:18.154 [main] INFO  p.r.service.CorporateAndCardDetails - Time Taken to perform https://apitest.pineperks.in/card/config/V1/category transaction: 171
