2022-01-17_18:41:39.431 [main] INFO  pl.rest.CustomHooks - SCENARIO NAME: Issuing a instant non reloadable card
2022-01-17_18:41:39.435 [main] INFO  pl.rest.CustomHooks - TAG NAMEs: [@Regression, @DB]
2022-01-17_18:41:39.441 [main] INFO  pl.rest.CustomHooks - SCENARIO NAME: Issuing a instant non reloadable card
2022-01-17_18:41:39.441 [main] INFO  pl.rest.CustomHooks - TAG NAMEs: [@Regression, @DB]
2022-01-17_18:41:39.513 [main] INFO  pl.rest.CustomHooks - Index: 0, Size: 0
2022-01-17_18:41:40.905 [main] INFO  com.qc.qa.utils.TestDataReader - Reading API Test Data config values from  testData/api/devAPITestData.properties
2022-01-17_18:41:40.921 [main] INFO  pl.rest.service.Authorize - Authorize Rest API URL :- https://apitest.pineperks.in/auth/V1/generate/token
2022-01-17_18:41:40.922 [main] INFO  com.qc.BaseAPI - GET call to URL https://apitest.pineperks.in/auth/V1/generate/token
2022-01-17_18:41:41.274 [main] INFO  com.qc.BaseAPI - ********************REQUEST********************
2022-01-17_18:41:43.607 [main] DEBUG o.a.h.i.c.BasicClientConnectionManager - Get connection for route {s}->https://apitest.pineperks.in:443
2022-01-17_18:41:43.674 [main] DEBUG o.a.h.i.c.DefaultClientConnectionOperator - Connecting to apitest.pineperks.in:443
2022-01-17_18:41:44.331 [main] DEBUG o.a.h.c.protocol.RequestAddCookies - CookieSpec selected: ignoreCookies
2022-01-17_18:41:44.336 [main] DEBUG o.a.h.c.protocol.RequestAuthCache - Auth cache not set in the context
2022-01-17_18:41:44.337 [main] DEBUG o.a.h.c.p.RequestTargetAuthentication - Target auth state: UNCHALLENGED
2022-01-17_18:41:44.339 [main] DEBUG o.a.h.c.p.RequestProxyAuthentication - Proxy auth state: UNCHALLENGED
2022-01-17_18:41:44.340 [main] DEBUG o.a.h.impl.client.DefaultHttpClient - Attempt 1 to execute request
2022-01-17_18:41:44.341 [main] DEBUG o.a.h.i.conn.DefaultClientConnection - Sending request: GET /auth/V1/generate/token HTTP/1.1
2022-01-17_18:41:44.341 [main] DEBUG org.apache.http.wire -  >> "GET /auth/V1/generate/token HTTP/1.1[\r][\n]"
2022-01-17_18:41:44.344 [main] DEBUG org.apache.http.wire -  >> "Content-Type: application/json; charset=UTF-8[\r][\n]"
2022-01-17_18:41:44.344 [main] DEBUG org.apache.http.wire -  >> "Accept: */*[\r][\n]"
2022-01-17_18:41:44.344 [main] DEBUG org.apache.http.wire -  >> "userName: A0aCcnPzDANtKmvSLPKcaw==[\r][\n]"
2022-01-17_18:41:44.345 [main] DEBUG org.apache.http.wire -  >> "Host: apitest.pineperks.in[\r][\n]"
2022-01-17_18:41:44.346 [main] DEBUG org.apache.http.wire -  >> "Connection: Keep-Alive[\r][\n]"
2022-01-17_18:41:44.346 [main] DEBUG org.apache.http.wire -  >> "User-Agent: Apache-HttpClient/4.5.2 (Java/1.8.0_202)[\r][\n]"
2022-01-17_18:41:44.347 [main] DEBUG org.apache.http.wire -  >> "Accept-Encoding: gzip,deflate[\r][\n]"
2022-01-17_18:41:44.348 [main] DEBUG org.apache.http.wire -  >> "[\r][\n]"
2022-01-17_18:41:44.348 [main] DEBUG org.apache.http.headers - >> GET /auth/V1/generate/token HTTP/1.1
2022-01-17_18:41:44.348 [main] DEBUG org.apache.http.headers - >> Content-Type: application/json; charset=UTF-8
2022-01-17_18:41:44.348 [main] DEBUG org.apache.http.headers - >> Accept: */*
2022-01-17_18:41:44.348 [main] DEBUG org.apache.http.headers - >> userName: A0aCcnPzDANtKmvSLPKcaw==
2022-01-17_18:41:44.348 [main] DEBUG org.apache.http.headers - >> Host: apitest.pineperks.in
2022-01-17_18:41:44.348 [main] DEBUG org.apache.http.headers - >> Connection: Keep-Alive
2022-01-17_18:41:44.349 [main] DEBUG org.apache.http.headers - >> User-Agent: Apache-HttpClient/4.5.2 (Java/1.8.0_202)
2022-01-17_18:41:44.349 [main] DEBUG org.apache.http.headers - >> Accept-Encoding: gzip,deflate
2022-01-17_18:41:44.419 [main] DEBUG org.apache.http.wire -  << "HTTP/1.1 200 [\r][\n]"
2022-01-17_18:41:44.424 [main] DEBUG org.apache.http.wire -  << "Access-Control-Allow-Methods: GET, POST[\r][\n]"
2022-01-17_18:41:44.425 [main] DEBUG org.apache.http.wire -  << "Access-Control-Allow-Origin: *[\r][\n]"
2022-01-17_18:41:44.426 [main] DEBUG org.apache.http.wire -  << "Content-Security-Policy: default-src 'none'[\r][\n]"
2022-01-17_18:41:44.427 [main] DEBUG org.apache.http.wire -  << "Feature-Policy: 'none'[\r][\n]"
2022-01-17_18:41:44.427 [main] DEBUG org.apache.http.wire -  << "Referrer-Policy: no-referrer[\r][\n]"
2022-01-17_18:41:44.428 [main] DEBUG org.apache.http.wire -  << "Strict-Transport-Security: max-age=31536000 ; includeSubDomains[\r][\n]"
2022-01-17_18:41:44.428 [main] DEBUG org.apache.http.wire -  << "Date: Mon, 17 Jan 2022 13:11:44 GMT[\r][\n]"
2022-01-17_18:41:44.428 [main] DEBUG org.apache.http.wire -  << "Keep-Alive: timeout=60[\r][\n]"
2022-01-17_18:41:44.428 [main] DEBUG org.apache.http.wire -  << "Content-Type: application/json[\r][\n]"
2022-01-17_18:41:44.428 [main] DEBUG org.apache.http.wire -  << "Transfer-Encoding: chunked[\r][\n]"
2022-01-17_18:41:44.429 [main] DEBUG org.apache.http.wire -  << "Connection: keep-alive[\r][\n]"
2022-01-17_18:41:44.429 [main] DEBUG org.apache.http.wire -  << "[\r][\n]"
2022-01-17_18:41:44.431 [main] DEBUG o.a.h.i.conn.DefaultClientConnection - Receiving response: HTTP/1.1 200 
2022-01-17_18:41:44.431 [main] DEBUG org.apache.http.headers - << HTTP/1.1 200 
2022-01-17_18:41:44.431 [main] DEBUG org.apache.http.headers - << Access-Control-Allow-Methods: GET, POST
2022-01-17_18:41:44.432 [main] DEBUG org.apache.http.headers - << Access-Control-Allow-Origin: *
2022-01-17_18:41:44.433 [main] DEBUG org.apache.http.headers - << Content-Security-Policy: default-src 'none'
2022-01-17_18:41:44.433 [main] DEBUG org.apache.http.headers - << Feature-Policy: 'none'
2022-01-17_18:41:44.433 [main] DEBUG org.apache.http.headers - << Referrer-Policy: no-referrer
2022-01-17_18:41:44.433 [main] DEBUG org.apache.http.headers - << Strict-Transport-Security: max-age=31536000 ; includeSubDomains
2022-01-17_18:41:44.433 [main] DEBUG org.apache.http.headers - << Date: Mon, 17 Jan 2022 13:11:44 GMT
2022-01-17_18:41:44.433 [main] DEBUG org.apache.http.headers - << Keep-Alive: timeout=60
2022-01-17_18:41:44.434 [main] DEBUG org.apache.http.headers - << Content-Type: application/json
2022-01-17_18:41:44.434 [main] DEBUG org.apache.http.headers - << Transfer-Encoding: chunked
2022-01-17_18:41:44.434 [main] DEBUG org.apache.http.headers - << Connection: keep-alive
2022-01-17_18:41:44.444 [main] DEBUG o.a.h.impl.client.DefaultHttpClient - Connection can be kept alive for 60000 MILLISECONDS
2022-01-17_18:41:44.467 [main] DEBUG i.r.i.RequestSpecificationImpl$RestAssuredHttpBuilder - Parsing response as: application/json
2022-01-17_18:41:44.468 [main] DEBUG i.r.i.RequestSpecificationImpl$RestAssuredHttpBuilder - Parsed data to instance of: class org.apache.http.conn.EofSensorInputStream
2022-01-17_18:41:44.499 [main] INFO  com.qc.BaseAPI - Method :GET
2022-01-17_18:41:44.501 [main] INFO  com.qc.BaseAPI - URI :https://apitest.pineperks.in/auth/V1/generate/token
2022-01-17_18:41:44.502 [main] INFO  com.qc.BaseAPI - Headers :userName=A0aCcnPzDANtKmvSLPKcaw==
Accept=*/*
Content-Type=application/json; charset=UTF-8
2022-01-17_18:41:44.502 [main] INFO  com.qc.BaseAPI - Body :null
2022-01-17_18:41:44.502 [main] INFO  com.qc.BaseAPI - ********************RESPONSE********************
2022-01-17_18:41:44.526 [main] DEBUG org.apache.http.wire -  << "7f[\r][\n]"
2022-01-17_18:41:44.526 [main] DEBUG org.apache.http.wire -  << "{"accessToken":"33efa46cec1942368c51652d6b8a6093","tokenExpiryTime":"17-May-2022","responseCode":0,"responseMessage":"Success"}"
2022-01-17_18:41:44.528 [main] DEBUG org.apache.http.wire -  << "[\r][\n]"
2022-01-17_18:41:44.528 [main] DEBUG org.apache.http.wire -  << "0[\r][\n]"
2022-01-17_18:41:44.529 [main] DEBUG org.apache.http.wire -  << "[\r][\n]"
2022-01-17_18:41:44.529 [main] DEBUG o.a.h.i.c.BasicClientConnectionManager - Releasing connection org.apache.http.impl.conn.ManagedClientConnectionImpl@7337f60
2022-01-17_18:41:44.529 [main] DEBUG o.a.h.i.c.BasicClientConnectionManager - Connection can be kept alive for 60000 MILLISECONDS
2022-01-17_18:41:44.614 [main] INFO  com.qc.BaseAPI - Response :{
    "accessToken": "33efa46cec1942368c51652d6b8a6093",
    "tokenExpiryTime": "17-May-2022",
    "responseCode": 0,
    "responseMessage": "Success"
}
2022-01-17_18:41:44.620 [main] INFO  com.qc.BaseAPI -  **** GET call Response time 3206 ms
2022-01-17_18:41:44.621 [main] INFO  pl.rest.service.Authorize - Time Taken to perform https://apitest.pineperks.in/auth/V1/generate/token transaction: 3206
2022-01-17_18:41:44.753 [main] INFO  com.qc.qa.utils.TestDataReader - Reading Json data authorizeHeaders
2022-01-17_18:41:44.756 [main] INFO  com.qc.qa.utils.TestDataReader - Reading json data from file @ testData/api/devAPIData.json
2022-01-17_18:41:44.784 [main] INFO  pl.rest.service.CardIssue - CardIssue Rest API URL :- https://apitest.pineperks.in/card/order/V1/instant/issue/nonreloadable/digital
2022-01-17_18:41:44.784 [main] INFO  com.qc.BaseAPI - POST call to URL https://apitest.pineperks.in/card/order/V1/instant/issue/nonreloadable/digital
2022-01-17_18:41:44.795 [main] INFO  com.qc.BaseAPI - ********************REQUEST********************
2022-01-17_18:41:44.841 [main] DEBUG o.a.h.i.c.BasicClientConnectionManager - Get connection for route {s}->https://apitest.pineperks.in:443
2022-01-17_18:41:44.842 [main] DEBUG o.a.h.i.c.DefaultClientConnectionOperator - Connecting to apitest.pineperks.in:443
2022-01-17_18:41:45.189 [main] DEBUG o.a.h.c.protocol.RequestAddCookies - CookieSpec selected: ignoreCookies
2022-01-17_18:41:45.190 [main] DEBUG o.a.h.c.protocol.RequestAuthCache - Auth cache not set in the context
2022-01-17_18:41:45.191 [main] DEBUG o.a.h.c.p.RequestTargetAuthentication - Target auth state: UNCHALLENGED
2022-01-17_18:41:45.191 [main] DEBUG o.a.h.c.p.RequestProxyAuthentication - Proxy auth state: UNCHALLENGED
2022-01-17_18:41:45.192 [main] DEBUG o.a.h.impl.client.DefaultHttpClient - Attempt 1 to execute request
2022-01-17_18:41:45.192 [main] DEBUG o.a.h.i.conn.DefaultClientConnection - Sending request: POST /card/order/V1/instant/issue/nonreloadable/digital HTTP/1.1
2022-01-17_18:41:45.193 [main] DEBUG org.apache.http.wire -  >> "POST /card/order/V1/instant/issue/nonreloadable/digital HTTP/1.1[\r][\n]"
2022-01-17_18:41:45.193 [main] DEBUG org.apache.http.wire -  >> "Accept: */*[\r][\n]"
2022-01-17_18:41:45.193 [main] DEBUG org.apache.http.wire -  >> "userName: A0aCcnPzDANtKmvSLPKcaw==[\r][\n]"
2022-01-17_18:41:45.194 [main] DEBUG org.apache.http.wire -  >> "token: 33efa46cec1942368c51652d6b8a6093[\r][\n]"
2022-01-17_18:41:45.194 [main] DEBUG org.apache.http.wire -  >> "Content-Type: application/json; charset=UTF-8[\r][\n]"
2022-01-17_18:41:45.195 [main] DEBUG org.apache.http.wire -  >> "Content-Length: 241[\r][\n]"
2022-01-17_18:41:45.196 [main] DEBUG org.apache.http.wire -  >> "Host: apitest.pineperks.in[\r][\n]"
2022-01-17_18:41:45.196 [main] DEBUG org.apache.http.wire -  >> "Connection: Keep-Alive[\r][\n]"
2022-01-17_18:41:45.196 [main] DEBUG org.apache.http.wire -  >> "User-Agent: Apache-HttpClient/4.5.2 (Java/1.8.0_202)[\r][\n]"
2022-01-17_18:41:45.196 [main] DEBUG org.apache.http.wire -  >> "Accept-Encoding: gzip,deflate[\r][\n]"
2022-01-17_18:41:45.196 [main] DEBUG org.apache.http.wire -  >> "[\r][\n]"
2022-01-17_18:41:45.196 [main] DEBUG org.apache.http.headers - >> POST /card/order/V1/instant/issue/nonreloadable/digital HTTP/1.1
2022-01-17_18:41:45.196 [main] DEBUG org.apache.http.headers - >> Accept: */*
2022-01-17_18:41:45.196 [main] DEBUG org.apache.http.headers - >> userName: A0aCcnPzDANtKmvSLPKcaw==
2022-01-17_18:41:45.196 [main] DEBUG org.apache.http.headers - >> token: 33efa46cec1942368c51652d6b8a6093
2022-01-17_18:41:45.197 [main] DEBUG org.apache.http.headers - >> Content-Type: application/json; charset=UTF-8
2022-01-17_18:41:45.197 [main] DEBUG org.apache.http.headers - >> Content-Length: 241
2022-01-17_18:41:45.197 [main] DEBUG org.apache.http.headers - >> Host: apitest.pineperks.in
2022-01-17_18:41:45.197 [main] DEBUG org.apache.http.headers - >> Connection: Keep-Alive
2022-01-17_18:41:45.198 [main] DEBUG org.apache.http.headers - >> User-Agent: Apache-HttpClient/4.5.2 (Java/1.8.0_202)
2022-01-17_18:41:45.198 [main] DEBUG org.apache.http.headers - >> Accept-Encoding: gzip,deflate
2022-01-17_18:41:45.198 [main] DEBUG org.apache.http.wire -  >> "{"isLinkToBeSentOnMobile":true,"checksum":"5x3GNrnStyS2PkMvV6EeAw==","cardDetailList":[{"amount":"1000","mobileNumber":"8284854535","customerName":"afzal","email":"afzal.ahmed@pinelabs.com"}],"externalRequestId":"Rd6mR61","cardSchemeId":"7"}"
2022-01-17_18:41:45.672 [main] DEBUG org.apache.http.wire -  << "HTTP/1.1 200 [\r][\n]"
2022-01-17_18:41:45.672 [main] DEBUG org.apache.http.wire -  << "Access-Control-Allow-Methods: GET, POST[\r][\n]"
2022-01-17_18:41:45.672 [main] DEBUG org.apache.http.wire -  << "Access-Control-Allow-Origin: *[\r][\n]"
2022-01-17_18:41:45.673 [main] DEBUG org.apache.http.wire -  << "Content-Security-Policy: default-src 'none'[\r][\n]"
2022-01-17_18:41:45.673 [main] DEBUG org.apache.http.wire -  << "Feature-Policy: 'none'[\r][\n]"
2022-01-17_18:41:45.673 [main] DEBUG org.apache.http.wire -  << "Referrer-Policy: no-referrer[\r][\n]"
2022-01-17_18:41:45.673 [main] DEBUG org.apache.http.wire -  << "Strict-Transport-Security: max-age=31536000 ; includeSubDomains[\r][\n]"
2022-01-17_18:41:45.673 [main] DEBUG org.apache.http.wire -  << "Date: Mon, 17 Jan 2022 13:11:45 GMT[\r][\n]"
2022-01-17_18:41:45.673 [main] DEBUG org.apache.http.wire -  << "Keep-Alive: timeout=60[\r][\n]"
2022-01-17_18:41:45.673 [main] DEBUG org.apache.http.wire -  << "Content-Type: application/json[\r][\n]"
2022-01-17_18:41:45.674 [main] DEBUG org.apache.http.wire -  << "Transfer-Encoding: chunked[\r][\n]"
2022-01-17_18:41:45.674 [main] DEBUG org.apache.http.wire -  << "Connection: keep-alive[\r][\n]"
2022-01-17_18:41:45.674 [main] DEBUG org.apache.http.wire -  << "[\r][\n]"
2022-01-17_18:41:45.674 [main] DEBUG o.a.h.i.conn.DefaultClientConnection - Receiving response: HTTP/1.1 200 
2022-01-17_18:41:45.675 [main] DEBUG org.apache.http.headers - << HTTP/1.1 200 
2022-01-17_18:41:45.676 [main] DEBUG org.apache.http.headers - << Access-Control-Allow-Methods: GET, POST
2022-01-17_18:41:45.676 [main] DEBUG org.apache.http.headers - << Access-Control-Allow-Origin: *
2022-01-17_18:41:45.676 [main] DEBUG org.apache.http.headers - << Content-Security-Policy: default-src 'none'
2022-01-17_18:41:45.676 [main] DEBUG org.apache.http.headers - << Feature-Policy: 'none'
2022-01-17_18:41:45.676 [main] DEBUG org.apache.http.headers - << Referrer-Policy: no-referrer
2022-01-17_18:41:45.677 [main] DEBUG org.apache.http.headers - << Strict-Transport-Security: max-age=31536000 ; includeSubDomains
2022-01-17_18:41:45.677 [main] DEBUG org.apache.http.headers - << Date: Mon, 17 Jan 2022 13:11:45 GMT
2022-01-17_18:41:45.677 [main] DEBUG org.apache.http.headers - << Keep-Alive: timeout=60
2022-01-17_18:41:45.677 [main] DEBUG org.apache.http.headers - << Content-Type: application/json
2022-01-17_18:41:45.677 [main] DEBUG org.apache.http.headers - << Transfer-Encoding: chunked
2022-01-17_18:41:45.678 [main] DEBUG org.apache.http.headers - << Connection: keep-alive
2022-01-17_18:41:45.678 [main] DEBUG o.a.h.impl.client.DefaultHttpClient - Connection can be kept alive for 60000 MILLISECONDS
2022-01-17_18:41:45.679 [main] DEBUG i.r.i.RequestSpecificationImpl$RestAssuredHttpBuilder - Parsing response as: application/json
2022-01-17_18:41:45.679 [main] DEBUG i.r.i.RequestSpecificationImpl$RestAssuredHttpBuilder - Parsed data to instance of: class org.apache.http.conn.EofSensorInputStream
2022-01-17_18:41:45.683 [main] INFO  com.qc.BaseAPI - Method :POST
2022-01-17_18:41:45.689 [main] INFO  com.qc.BaseAPI - URI :https://apitest.pineperks.in/card/order/V1/instant/issue/nonreloadable/digital
2022-01-17_18:41:45.690 [main] INFO  com.qc.BaseAPI - Headers :token=33efa46cec1942368c51652d6b8a6093
userName=A0aCcnPzDANtKmvSLPKcaw==
Accept=*/*
Content-Type=application/json; charset=UTF-8
2022-01-17_18:41:45.690 [main] INFO  com.qc.BaseAPI - Body :{"isLinkToBeSentOnMobile":true,"checksum":"5x3GNrnStyS2PkMvV6EeAw==","cardDetailList":[{"amount":"1000","mobileNumber":"8284854535","customerName":"afzal","email":"afzal.ahmed@pinelabs.com"}],"externalRequestId":"Rd6mR61","cardSchemeId":"7"}
2022-01-17_18:41:45.690 [main] INFO  com.qc.BaseAPI - ********************RESPONSE********************
2022-01-17_18:41:45.690 [main] DEBUG org.apache.http.wire -  << "1f2[\r][\n]"
2022-01-17_18:41:45.690 [main] DEBUG org.apache.http.wire -  << "{"externalRequestId":"Rd6mR61","orderId":102954,"orderStatus":6,"cardDetailResponseList":[{"referenceNumber":5391187973,"serialNumber":10295400010001,"customerName":"afzal","mobileNumber":8284854535,"email":"afzal.ahmed@pinelabs.com","amount":1000,"cardLink":"test.pineperks.in/eCard?c=8lEi7kzzyyps4ctkoQekwQ2","responseCode":0,"responseMessage":"Success"}],"successCount":1,"failedCount":0,"orderAmount":1000,"issuanceCharge":100,"netOrderAmount":1100,"responseCode":0,"responseMessage":"Success"}"
2022-01-17_18:41:45.691 [main] DEBUG org.apache.http.wire -  << "[\r][\n]"
2022-01-17_18:41:45.691 [main] DEBUG org.apache.http.wire -  << "0[\r][\n]"
2022-01-17_18:41:45.691 [main] DEBUG org.apache.http.wire -  << "[\r][\n]"
2022-01-17_18:41:45.692 [main] DEBUG o.a.h.i.c.BasicClientConnectionManager - Releasing connection org.apache.http.impl.conn.ManagedClientConnectionImpl@586f56d2
2022-01-17_18:41:45.692 [main] DEBUG o.a.h.i.c.BasicClientConnectionManager - Connection can be kept alive for 60000 MILLISECONDS
2022-01-17_18:41:45.696 [main] INFO  com.qc.BaseAPI - Response :{
    "externalRequestId": "Rd6mR61",
    "orderId": 102954,
    "orderStatus": 6,
    "cardDetailResponseList": [
        {
            "referenceNumber": 5391187973,
            "serialNumber": 10295400010001,
            "customerName": "afzal",
            "mobileNumber": 8284854535,
            "email": "afzal.ahmed@pinelabs.com",
            "amount": 1000,
            "cardLink": "test.pineperks.in/eCard?c=8lEi7kzzyyps4ctkoQekwQ2",
            "responseCode": 0,
            "responseMessage": "Success"
        }
    ],
    "successCount": 1,
    "failedCount": 0,
    "orderAmount": 1000,
    "issuanceCharge": 100,
    "netOrderAmount": 1100,
    "responseCode": 0,
    "responseMessage": "Success"
}
2022-01-17_18:41:45.698 [main] INFO  com.qc.BaseAPI -  **** POST call Response time 884 ms
2022-01-17_18:41:45.698 [main] INFO  pl.rest.service.CardIssue - Time Taken to perform https://apitest.pineperks.in/card/order/V1/instant/issue/nonreloadable/digital transaction: 884
