2022-01-25_19:20:57.782 [main] INFO  com.qc.CukeBase - Cucumber Before web scenario - Validating the response JSON schema
2022-01-25_19:20:57.811 [main] INFO  i.g.bonigarcia.wdm.WebDriverManager - Please answer the following questionnaire based on your experience with WebDriverManager. Thanks a lot!
2022-01-25_19:20:57.811 [main] INFO  i.g.bonigarcia.wdm.WebDriverManager - ====> http://tiny.cc/wdm-survey <====
2022-01-25_19:20:59.507 [main] INFO  i.g.bonigarcia.wdm.WebDriverManager - Using chromedriver 97.0.4692.71 (since Chrome 97 is installed in your machine)
2022-01-25_19:20:59.522 [main] DEBUG i.g.bonigarcia.wdm.WebDriverManager - Driver chromedriver 97.0.4692.71 found in cache
2022-01-25_19:20:59.523 [main] INFO  i.g.bonigarcia.wdm.WebDriverManager - Exporting webdriver.chrome.driver as C:\Users\afzal.ahmed\.m2\repository\webdriver\chromedriver\win32\97.0.4692.71\chromedriver.exe
2022-01-25_19:21:00.672 [main] INFO  com.qc.qa.drivers.ChromeDriverManger - Chrome service started
2022-01-25_19:21:04.437 [main] INFO  com.qc.CukeBase - Set new webDriver
2022-01-25_19:21:04.437 [main] INFO  com.qc.CukeBase - Getting webDriver
2022-01-25_19:21:04.941 [main] INFO  com.qc.CukeBase - Getting webDriver
2022-01-25_19:21:04.950 [main] INFO  pl.rest.CustomHooks - SCENARIO NAME: Validating the response JSON schema
2022-01-25_19:21:04.950 [main] INFO  pl.rest.CustomHooks - TAG NAMEs: [@Regression, @Web]
2022-01-25_19:21:04.952 [main] INFO  pl.rest.CustomHooks - SCENARIO NAME: Validating the response JSON schema
2022-01-25_19:21:04.952 [main] INFO  pl.rest.CustomHooks - TAG NAMEs: [@Regression, @Web]
2022-01-25_19:21:04.952 [main] INFO  pl.rest.CustomHooks - Index: 0, Size: 0
2022-01-25_19:21:06.177 [main] INFO  com.qc.qa.utils.TestDataReader - Reading API Test Data config values from  testData/api/devAPITestData.properties
2022-01-25_19:21:06.183 [main] INFO  pl.rest.service.Authorize - Authorize Rest API URL :- https://apitest.pineperks.in/auth/V1/generate/token
2022-01-25_19:21:06.183 [main] INFO  com.qc.BaseAPI - GET call to URL https://apitest.pineperks.in/auth/V1/generate/token
2022-01-25_19:21:06.528 [main] INFO  com.qc.BaseAPI - ********************REQUEST********************
2022-01-25_19:21:06.892 [main] DEBUG o.a.h.i.c.BasicClientConnectionManager - Get connection for route {s}->https://apitest.pineperks.in:443
2022-01-25_19:21:06.922 [main] DEBUG o.a.h.i.c.DefaultClientConnectionOperator - Connecting to apitest.pineperks.in:443
2022-01-25_19:21:07.477 [main] DEBUG o.a.h.c.protocol.RequestAddCookies - CookieSpec selected: ignoreCookies
2022-01-25_19:21:07.478 [main] DEBUG o.a.h.c.protocol.RequestAuthCache - Auth cache not set in the context
2022-01-25_19:21:07.479 [main] DEBUG o.a.h.c.p.RequestTargetAuthentication - Target auth state: UNCHALLENGED
2022-01-25_19:21:07.480 [main] DEBUG o.a.h.c.p.RequestProxyAuthentication - Proxy auth state: UNCHALLENGED
2022-01-25_19:21:07.480 [main] DEBUG o.a.h.impl.client.DefaultHttpClient - Attempt 1 to execute request
2022-01-25_19:21:07.480 [main] DEBUG o.a.h.i.conn.DefaultClientConnection - Sending request: GET /auth/V1/generate/token HTTP/1.1
2022-01-25_19:21:07.480 [main] DEBUG org.apache.http.wire -  >> "GET /auth/V1/generate/token HTTP/1.1[\r][\n]"
2022-01-25_19:21:07.481 [main] DEBUG org.apache.http.wire -  >> "Content-Type: application/json; charset=UTF-8[\r][\n]"
2022-01-25_19:21:07.482 [main] DEBUG org.apache.http.wire -  >> "Accept: */*[\r][\n]"
2022-01-25_19:21:07.482 [main] DEBUG org.apache.http.wire -  >> "userName: A0aCcnPzDANtKmvSLPKcaw==[\r][\n]"
2022-01-25_19:21:07.482 [main] DEBUG org.apache.http.wire -  >> "Host: apitest.pineperks.in[\r][\n]"
2022-01-25_19:21:07.482 [main] DEBUG org.apache.http.wire -  >> "Connection: Keep-Alive[\r][\n]"
2022-01-25_19:21:07.482 [main] DEBUG org.apache.http.wire -  >> "User-Agent: Apache-HttpClient/4.5.2 (Java/1.8.0_202)[\r][\n]"
2022-01-25_19:21:07.482 [main] DEBUG org.apache.http.wire -  >> "Accept-Encoding: gzip,deflate[\r][\n]"
2022-01-25_19:21:07.482 [main] DEBUG org.apache.http.wire -  >> "[\r][\n]"
2022-01-25_19:21:07.483 [main] DEBUG org.apache.http.headers - >> GET /auth/V1/generate/token HTTP/1.1
2022-01-25_19:21:07.483 [main] DEBUG org.apache.http.headers - >> Content-Type: application/json; charset=UTF-8
2022-01-25_19:21:07.483 [main] DEBUG org.apache.http.headers - >> Accept: */*
2022-01-25_19:21:07.483 [main] DEBUG org.apache.http.headers - >> userName: A0aCcnPzDANtKmvSLPKcaw==
2022-01-25_19:21:07.483 [main] DEBUG org.apache.http.headers - >> Host: apitest.pineperks.in
2022-01-25_19:21:07.483 [main] DEBUG org.apache.http.headers - >> Connection: Keep-Alive
2022-01-25_19:21:07.483 [main] DEBUG org.apache.http.headers - >> User-Agent: Apache-HttpClient/4.5.2 (Java/1.8.0_202)
2022-01-25_19:21:07.483 [main] DEBUG org.apache.http.headers - >> Accept-Encoding: gzip,deflate
2022-01-25_19:21:07.527 [main] DEBUG org.apache.http.wire -  << "HTTP/1.1 200 [\r][\n]"
2022-01-25_19:21:07.529 [main] DEBUG org.apache.http.wire -  << "Access-Control-Allow-Methods: GET, POST[\r][\n]"
2022-01-25_19:21:07.529 [main] DEBUG org.apache.http.wire -  << "Access-Control-Allow-Origin: *[\r][\n]"
2022-01-25_19:21:07.529 [main] DEBUG org.apache.http.wire -  << "Content-Security-Policy: default-src 'none'[\r][\n]"
2022-01-25_19:21:07.529 [main] DEBUG org.apache.http.wire -  << "Feature-Policy: 'none'[\r][\n]"
2022-01-25_19:21:07.530 [main] DEBUG org.apache.http.wire -  << "Referrer-Policy: no-referrer[\r][\n]"
2022-01-25_19:21:07.530 [main] DEBUG org.apache.http.wire -  << "Strict-Transport-Security: max-age=31536000 ; includeSubDomains[\r][\n]"
2022-01-25_19:21:07.530 [main] DEBUG org.apache.http.wire -  << "Date: Tue, 25 Jan 2022 13:51:07 GMT[\r][\n]"
2022-01-25_19:21:07.530 [main] DEBUG org.apache.http.wire -  << "Keep-Alive: timeout=60[\r][\n]"
2022-01-25_19:21:07.530 [main] DEBUG org.apache.http.wire -  << "Content-Type: application/json[\r][\n]"
2022-01-25_19:21:07.530 [main] DEBUG org.apache.http.wire -  << "Transfer-Encoding: chunked[\r][\n]"
2022-01-25_19:21:07.530 [main] DEBUG org.apache.http.wire -  << "Connection: keep-alive[\r][\n]"
2022-01-25_19:21:07.530 [main] DEBUG org.apache.http.wire -  << "[\r][\n]"
2022-01-25_19:21:07.531 [main] DEBUG o.a.h.i.conn.DefaultClientConnection - Receiving response: HTTP/1.1 200 
2022-01-25_19:21:07.532 [main] DEBUG org.apache.http.headers - << HTTP/1.1 200 
2022-01-25_19:21:07.532 [main] DEBUG org.apache.http.headers - << Access-Control-Allow-Methods: GET, POST
2022-01-25_19:21:07.532 [main] DEBUG org.apache.http.headers - << Access-Control-Allow-Origin: *
2022-01-25_19:21:07.532 [main] DEBUG org.apache.http.headers - << Content-Security-Policy: default-src 'none'
2022-01-25_19:21:07.532 [main] DEBUG org.apache.http.headers - << Feature-Policy: 'none'
2022-01-25_19:21:07.532 [main] DEBUG org.apache.http.headers - << Referrer-Policy: no-referrer
2022-01-25_19:21:07.533 [main] DEBUG org.apache.http.headers - << Strict-Transport-Security: max-age=31536000 ; includeSubDomains
2022-01-25_19:21:07.533 [main] DEBUG org.apache.http.headers - << Date: Tue, 25 Jan 2022 13:51:07 GMT
2022-01-25_19:21:07.533 [main] DEBUG org.apache.http.headers - << Keep-Alive: timeout=60
2022-01-25_19:21:07.533 [main] DEBUG org.apache.http.headers - << Content-Type: application/json
2022-01-25_19:21:07.533 [main] DEBUG org.apache.http.headers - << Transfer-Encoding: chunked
2022-01-25_19:21:07.533 [main] DEBUG org.apache.http.headers - << Connection: keep-alive
2022-01-25_19:21:07.554 [main] DEBUG o.a.h.impl.client.DefaultHttpClient - Connection can be kept alive for 60000 MILLISECONDS
2022-01-25_19:21:07.576 [main] DEBUG i.r.i.RequestSpecificationImpl$RestAssuredHttpBuilder - Parsing response as: application/json
2022-01-25_19:21:07.577 [main] DEBUG i.r.i.RequestSpecificationImpl$RestAssuredHttpBuilder - Parsed data to instance of: class org.apache.http.conn.EofSensorInputStream
2022-01-25_19:21:07.589 [main] INFO  com.qc.BaseAPI - Method :GET
2022-01-25_19:21:07.590 [main] INFO  com.qc.BaseAPI - URI :https://apitest.pineperks.in/auth/V1/generate/token
2022-01-25_19:21:07.591 [main] INFO  com.qc.BaseAPI - Headers :userName=A0aCcnPzDANtKmvSLPKcaw==
Accept=*/*
Content-Type=application/json; charset=UTF-8
2022-01-25_19:21:07.591 [main] INFO  com.qc.BaseAPI - Body :null
2022-01-25_19:21:07.591 [main] INFO  com.qc.BaseAPI - ********************RESPONSE********************
2022-01-25_19:21:07.609 [main] DEBUG org.apache.http.wire -  << "7f[\r][\n]"
2022-01-25_19:21:07.609 [main] DEBUG org.apache.http.wire -  << "{"accessToken":"b60d1bd3c6a344f694bd1e66e2fa3ad2","tokenExpiryTime":"25-Jan-2024","responseCode":0,"responseMessage":"Success"}"
2022-01-25_19:21:07.610 [main] DEBUG org.apache.http.wire -  << "[\r][\n]"
2022-01-25_19:21:07.611 [main] DEBUG org.apache.http.wire -  << "0[\r][\n]"
2022-01-25_19:21:07.611 [main] DEBUG org.apache.http.wire -  << "[\r][\n]"
2022-01-25_19:21:07.611 [main] DEBUG o.a.h.i.c.BasicClientConnectionManager - Releasing connection org.apache.http.impl.conn.ManagedClientConnectionImpl@70cfc5ed
2022-01-25_19:21:07.611 [main] DEBUG o.a.h.i.c.BasicClientConnectionManager - Connection can be kept alive for 60000 MILLISECONDS
2022-01-25_19:21:07.654 [main] INFO  com.qc.BaseAPI - Response :{
    "accessToken": "b60d1bd3c6a344f694bd1e66e2fa3ad2",
    "tokenExpiryTime": "25-Jan-2024",
    "responseCode": 0,
    "responseMessage": "Success"
}
2022-01-25_19:21:07.660 [main] INFO  com.qc.BaseAPI -  **** GET call Response time 1041 ms
2022-01-25_19:21:07.661 [main] INFO  pl.rest.service.Authorize - Time Taken to perform https://apitest.pineperks.in/auth/V1/generate/token transaction: 1041
2022-01-25_19:21:07.807 [main] INFO  com.qc.CukeBase - Getting webDriver
2022-01-25_19:21:08.074 [main] DEBUG com.qc.qa.ui.BasePage - No Alert displayed
2022-01-25_19:21:08.321 [main] INFO  com.qc.CukeBase - Closing driver
