2022-01-27_17:39:32.568 [main] INFO  pl.rest.CustomHooks - SCENARIO NAME: Issuing a instant non reloadable card using V1 API
2022-01-27_17:39:32.570 [main] INFO  pl.rest.CustomHooks - TAG NAMEs: [@Regression, @DB]
2022-01-27_17:39:32.573 [main] INFO  pl.rest.CustomHooks - SCENARIO NAME: Issuing a instant non reloadable card using V1 API
2022-01-27_17:39:32.574 [main] INFO  pl.rest.CustomHooks - TAG NAMEs: [@Regression, @DB]
2022-01-27_17:39:32.633 [main] INFO  pl.rest.CustomHooks - Index: 0, Size: 0
2022-01-27_17:39:33.857 [main] INFO  com.qc.qa.utils.TestDataReader - Reading API Test Data config values from  testData/api/devAPITestData.properties
2022-01-27_17:39:33.872 [main] INFO  pl.rest.service.Authorize - Authorize Rest API URL :- https://apitest.pineperks.in/auth/V1/generate/token
2022-01-27_17:39:33.872 [main] INFO  com.qc.BaseAPI - GET call to URL https://apitest.pineperks.in/auth/V1/generate/token
2022-01-27_17:39:34.117 [main] INFO  com.qc.BaseAPI - ********************REQUEST********************
2022-01-27_17:39:35.943 [main] DEBUG o.a.h.i.c.BasicClientConnectionManager - Get connection for route {s}->https://apitest.pineperks.in:443
2022-01-27_17:39:36.000 [main] DEBUG o.a.h.i.c.DefaultClientConnectionOperator - Connecting to apitest.pineperks.in:443
2022-01-27_17:39:36.218 [main] DEBUG o.a.h.c.protocol.RequestAddCookies - CookieSpec selected: ignoreCookies
2022-01-27_17:39:36.220 [main] DEBUG o.a.h.c.protocol.RequestAuthCache - Auth cache not set in the context
2022-01-27_17:39:36.220 [main] DEBUG o.a.h.c.p.RequestTargetAuthentication - Target auth state: UNCHALLENGED
2022-01-27_17:39:36.221 [main] DEBUG o.a.h.c.p.RequestProxyAuthentication - Proxy auth state: UNCHALLENGED
2022-01-27_17:39:36.221 [main] DEBUG o.a.h.impl.client.DefaultHttpClient - Attempt 1 to execute request
2022-01-27_17:39:36.221 [main] DEBUG o.a.h.i.conn.DefaultClientConnection - Sending request: GET /auth/V1/generate/token HTTP/1.1
2022-01-27_17:39:36.221 [main] DEBUG org.apache.http.wire -  >> "GET /auth/V1/generate/token HTTP/1.1[\r][\n]"
2022-01-27_17:39:36.222 [main] DEBUG org.apache.http.wire -  >> "Content-Type: application/json; charset=UTF-8[\r][\n]"
2022-01-27_17:39:36.222 [main] DEBUG org.apache.http.wire -  >> "Accept: */*[\r][\n]"
2022-01-27_17:39:36.222 [main] DEBUG org.apache.http.wire -  >> "userName: A0aCcnPzDANtKmvSLPKcaw==[\r][\n]"
2022-01-27_17:39:36.222 [main] DEBUG org.apache.http.wire -  >> "Host: apitest.pineperks.in[\r][\n]"
2022-01-27_17:39:36.222 [main] DEBUG org.apache.http.wire -  >> "Connection: Keep-Alive[\r][\n]"
2022-01-27_17:39:36.222 [main] DEBUG org.apache.http.wire -  >> "User-Agent: Apache-HttpClient/4.5.2 (Java/1.8.0_202)[\r][\n]"
2022-01-27_17:39:36.223 [main] DEBUG org.apache.http.wire -  >> "Accept-Encoding: gzip,deflate[\r][\n]"
2022-01-27_17:39:36.223 [main] DEBUG org.apache.http.wire -  >> "[\r][\n]"
2022-01-27_17:39:36.223 [main] DEBUG org.apache.http.headers - >> GET /auth/V1/generate/token HTTP/1.1
2022-01-27_17:39:36.223 [main] DEBUG org.apache.http.headers - >> Content-Type: application/json; charset=UTF-8
2022-01-27_17:39:36.223 [main] DEBUG org.apache.http.headers - >> Accept: */*
2022-01-27_17:39:36.223 [main] DEBUG org.apache.http.headers - >> userName: A0aCcnPzDANtKmvSLPKcaw==
2022-01-27_17:39:36.223 [main] DEBUG org.apache.http.headers - >> Host: apitest.pineperks.in
2022-01-27_17:39:36.223 [main] DEBUG org.apache.http.headers - >> Connection: Keep-Alive
2022-01-27_17:39:36.223 [main] DEBUG org.apache.http.headers - >> User-Agent: Apache-HttpClient/4.5.2 (Java/1.8.0_202)
2022-01-27_17:39:36.223 [main] DEBUG org.apache.http.headers - >> Accept-Encoding: gzip,deflate
2022-01-27_17:39:36.264 [main] DEBUG org.apache.http.wire -  << "HTTP/1.1 200 [\r][\n]"
2022-01-27_17:39:36.267 [main] DEBUG org.apache.http.wire -  << "Access-Control-Allow-Methods: GET, POST[\r][\n]"
2022-01-27_17:39:36.268 [main] DEBUG org.apache.http.wire -  << "Access-Control-Allow-Origin: *[\r][\n]"
2022-01-27_17:39:36.268 [main] DEBUG org.apache.http.wire -  << "Content-Security-Policy: default-src 'none'[\r][\n]"
2022-01-27_17:39:36.269 [main] DEBUG org.apache.http.wire -  << "Feature-Policy: 'none'[\r][\n]"
2022-01-27_17:39:36.269 [main] DEBUG org.apache.http.wire -  << "Referrer-Policy: no-referrer[\r][\n]"
2022-01-27_17:39:36.269 [main] DEBUG org.apache.http.wire -  << "Strict-Transport-Security: max-age=31536000 ; includeSubDomains[\r][\n]"
2022-01-27_17:39:36.269 [main] DEBUG org.apache.http.wire -  << "Date: Thu, 27 Jan 2022 12:09:36 GMT[\r][\n]"
2022-01-27_17:39:36.269 [main] DEBUG org.apache.http.wire -  << "Keep-Alive: timeout=60[\r][\n]"
2022-01-27_17:39:36.270 [main] DEBUG org.apache.http.wire -  << "Content-Type: application/json[\r][\n]"
2022-01-27_17:39:36.270 [main] DEBUG org.apache.http.wire -  << "Transfer-Encoding: chunked[\r][\n]"
2022-01-27_17:39:36.270 [main] DEBUG org.apache.http.wire -  << "Connection: keep-alive[\r][\n]"
2022-01-27_17:39:36.270 [main] DEBUG org.apache.http.wire -  << "[\r][\n]"
2022-01-27_17:39:36.271 [main] DEBUG o.a.h.i.conn.DefaultClientConnection - Receiving response: HTTP/1.1 200 
2022-01-27_17:39:36.272 [main] DEBUG org.apache.http.headers - << HTTP/1.1 200 
2022-01-27_17:39:36.272 [main] DEBUG org.apache.http.headers - << Access-Control-Allow-Methods: GET, POST
2022-01-27_17:39:36.272 [main] DEBUG org.apache.http.headers - << Access-Control-Allow-Origin: *
2022-01-27_17:39:36.272 [main] DEBUG org.apache.http.headers - << Content-Security-Policy: default-src 'none'
2022-01-27_17:39:36.272 [main] DEBUG org.apache.http.headers - << Feature-Policy: 'none'
2022-01-27_17:39:36.273 [main] DEBUG org.apache.http.headers - << Referrer-Policy: no-referrer
2022-01-27_17:39:36.273 [main] DEBUG org.apache.http.headers - << Strict-Transport-Security: max-age=31536000 ; includeSubDomains
2022-01-27_17:39:36.273 [main] DEBUG org.apache.http.headers - << Date: Thu, 27 Jan 2022 12:09:36 GMT
2022-01-27_17:39:36.273 [main] DEBUG org.apache.http.headers - << Keep-Alive: timeout=60
2022-01-27_17:39:36.273 [main] DEBUG org.apache.http.headers - << Content-Type: application/json
2022-01-27_17:39:36.273 [main] DEBUG org.apache.http.headers - << Transfer-Encoding: chunked
2022-01-27_17:39:36.273 [main] DEBUG org.apache.http.headers - << Connection: keep-alive
2022-01-27_17:39:36.284 [main] DEBUG o.a.h.impl.client.DefaultHttpClient - Connection can be kept alive for 60000 MILLISECONDS
2022-01-27_17:39:36.304 [main] DEBUG i.r.i.RequestSpecificationImpl$RestAssuredHttpBuilder - Parsing response as: application/json
2022-01-27_17:39:36.305 [main] DEBUG i.r.i.RequestSpecificationImpl$RestAssuredHttpBuilder - Parsed data to instance of: class org.apache.http.conn.EofSensorInputStream
2022-01-27_17:39:36.318 [main] INFO  com.qc.BaseAPI - Method :GET
2022-01-27_17:39:36.320 [main] INFO  com.qc.BaseAPI - URI :https://apitest.pineperks.in/auth/V1/generate/token
2022-01-27_17:39:36.320 [main] INFO  com.qc.BaseAPI - Headers :userName=A0aCcnPzDANtKmvSLPKcaw==
Accept=*/*
Content-Type=application/json; charset=UTF-8
2022-01-27_17:39:36.320 [main] INFO  com.qc.BaseAPI - Body :null
2022-01-27_17:39:36.320 [main] INFO  com.qc.BaseAPI - ********************RESPONSE********************
2022-01-27_17:39:36.331 [main] DEBUG org.apache.http.wire -  << "7f[\r][\n]"
2022-01-27_17:39:36.332 [main] DEBUG org.apache.http.wire -  << "{"accessToken":"6f90086db8da427187661d4c40991709","tokenExpiryTime":"27-Jan-2024","responseCode":0,"responseMessage":"Success"}"
2022-01-27_17:39:36.332 [main] DEBUG org.apache.http.wire -  << "[\r][\n]"
2022-01-27_17:39:36.333 [main] DEBUG org.apache.http.wire -  << "0[\r][\n]"
2022-01-27_17:39:36.333 [main] DEBUG org.apache.http.wire -  << "[\r][\n]"
2022-01-27_17:39:36.333 [main] DEBUG o.a.h.i.c.BasicClientConnectionManager - Releasing connection org.apache.http.impl.conn.ManagedClientConnectionImpl@1a714d1
2022-01-27_17:39:36.333 [main] DEBUG o.a.h.i.c.BasicClientConnectionManager - Connection can be kept alive for 60000 MILLISECONDS
2022-01-27_17:39:36.362 [main] INFO  com.qc.BaseAPI - Response :{
    "accessToken": "6f90086db8da427187661d4c40991709",
    "tokenExpiryTime": "27-Jan-2024",
    "responseCode": 0,
    "responseMessage": "Success"
}
2022-01-27_17:39:36.365 [main] INFO  com.qc.BaseAPI -  **** GET call Response time 2186 ms
2022-01-27_17:39:36.365 [main] INFO  pl.rest.service.Authorize - Time Taken to perform https://apitest.pineperks.in/auth/V1/generate/token transaction: 2186
2022-01-27_17:39:36.458 [main] INFO  com.qc.qa.utils.TestDataReader - Reading Json data authorizeHeaders
2022-01-27_17:39:36.461 [main] INFO  com.qc.qa.utils.TestDataReader - Reading json data from file @ testData/api/devAPIData.json
2022-01-27_17:39:36.486 [main] INFO  pl.rest.service.CardIssue - CardIssue Rest API URL :- https://apitest.pineperks.in/card/order/V1/instant/issue/nonreloadable/digital
2022-01-27_17:39:36.487 [main] INFO  com.qc.BaseAPI - POST call to URL https://apitest.pineperks.in/card/order/V1/instant/issue/nonreloadable/digital
2022-01-27_17:39:36.495 [main] INFO  com.qc.BaseAPI - ********************REQUEST********************
2022-01-27_17:39:36.532 [main] DEBUG o.a.h.i.c.BasicClientConnectionManager - Get connection for route {s}->https://apitest.pineperks.in:443
2022-01-27_17:39:36.533 [main] DEBUG o.a.h.i.c.DefaultClientConnectionOperator - Connecting to apitest.pineperks.in:443
2022-01-27_17:39:36.677 [main] DEBUG o.a.h.c.protocol.RequestAddCookies - CookieSpec selected: ignoreCookies
2022-01-27_17:39:36.677 [main] DEBUG o.a.h.c.protocol.RequestAuthCache - Auth cache not set in the context
2022-01-27_17:39:36.677 [main] DEBUG o.a.h.c.p.RequestTargetAuthentication - Target auth state: UNCHALLENGED
2022-01-27_17:39:36.677 [main] DEBUG o.a.h.c.p.RequestProxyAuthentication - Proxy auth state: UNCHALLENGED
2022-01-27_17:39:36.677 [main] DEBUG o.a.h.impl.client.DefaultHttpClient - Attempt 1 to execute request
2022-01-27_17:39:36.678 [main] DEBUG o.a.h.i.conn.DefaultClientConnection - Sending request: POST /card/order/V1/instant/issue/nonreloadable/digital HTTP/1.1
2022-01-27_17:39:36.678 [main] DEBUG org.apache.http.wire -  >> "POST /card/order/V1/instant/issue/nonreloadable/digital HTTP/1.1[\r][\n]"
2022-01-27_17:39:36.678 [main] DEBUG org.apache.http.wire -  >> "Accept: */*[\r][\n]"
2022-01-27_17:39:36.678 [main] DEBUG org.apache.http.wire -  >> "userName: A0aCcnPzDANtKmvSLPKcaw==[\r][\n]"
2022-01-27_17:39:36.678 [main] DEBUG org.apache.http.wire -  >> "token: 6f90086db8da427187661d4c40991709[\r][\n]"
2022-01-27_17:39:36.678 [main] DEBUG org.apache.http.wire -  >> "Content-Type: application/json; charset=UTF-8[\r][\n]"
2022-01-27_17:39:36.678 [main] DEBUG org.apache.http.wire -  >> "Content-Length: 241[\r][\n]"
2022-01-27_17:39:36.678 [main] DEBUG org.apache.http.wire -  >> "Host: apitest.pineperks.in[\r][\n]"
2022-01-27_17:39:36.678 [main] DEBUG org.apache.http.wire -  >> "Connection: Keep-Alive[\r][\n]"
2022-01-27_17:39:36.678 [main] DEBUG org.apache.http.wire -  >> "User-Agent: Apache-HttpClient/4.5.2 (Java/1.8.0_202)[\r][\n]"
2022-01-27_17:39:36.679 [main] DEBUG org.apache.http.wire -  >> "Accept-Encoding: gzip,deflate[\r][\n]"
2022-01-27_17:39:36.679 [main] DEBUG org.apache.http.wire -  >> "[\r][\n]"
2022-01-27_17:39:36.679 [main] DEBUG org.apache.http.headers - >> POST /card/order/V1/instant/issue/nonreloadable/digital HTTP/1.1
2022-01-27_17:39:36.679 [main] DEBUG org.apache.http.headers - >> Accept: */*
2022-01-27_17:39:36.679 [main] DEBUG org.apache.http.headers - >> userName: A0aCcnPzDANtKmvSLPKcaw==
2022-01-27_17:39:36.679 [main] DEBUG org.apache.http.headers - >> token: 6f90086db8da427187661d4c40991709
2022-01-27_17:39:36.679 [main] DEBUG org.apache.http.headers - >> Content-Type: application/json; charset=UTF-8
2022-01-27_17:39:36.679 [main] DEBUG org.apache.http.headers - >> Content-Length: 241
2022-01-27_17:39:36.679 [main] DEBUG org.apache.http.headers - >> Host: apitest.pineperks.in
2022-01-27_17:39:36.679 [main] DEBUG org.apache.http.headers - >> Connection: Keep-Alive
2022-01-27_17:39:36.679 [main] DEBUG org.apache.http.headers - >> User-Agent: Apache-HttpClient/4.5.2 (Java/1.8.0_202)
2022-01-27_17:39:36.679 [main] DEBUG org.apache.http.headers - >> Accept-Encoding: gzip,deflate
2022-01-27_17:39:36.680 [main] DEBUG org.apache.http.wire -  >> "{"isLinkToBeSentOnMobile":true,"checksum":"5x3GNrnStyS2PkMvV6EeAw==","cardDetailList":[{"amount":"1000","mobileNumber":"8284854535","customerName":"afzal","email":"afzal.ahmed@pinelabs.com"}],"externalRequestId":"anEbFfF","cardSchemeId":"7"}"
2022-01-27_17:39:36.986 [main] DEBUG org.apache.http.wire -  << "HTTP/1.1 200 [\r][\n]"
2022-01-27_17:39:36.986 [main] DEBUG org.apache.http.wire -  << "Access-Control-Allow-Methods: GET, POST[\r][\n]"
2022-01-27_17:39:36.986 [main] DEBUG org.apache.http.wire -  << "Access-Control-Allow-Origin: *[\r][\n]"
2022-01-27_17:39:36.986 [main] DEBUG org.apache.http.wire -  << "Content-Security-Policy: default-src 'none'[\r][\n]"
2022-01-27_17:39:36.986 [main] DEBUG org.apache.http.wire -  << "Feature-Policy: 'none'[\r][\n]"
2022-01-27_17:39:36.986 [main] DEBUG org.apache.http.wire -  << "Referrer-Policy: no-referrer[\r][\n]"
2022-01-27_17:39:36.986 [main] DEBUG org.apache.http.wire -  << "Strict-Transport-Security: max-age=31536000 ; includeSubDomains[\r][\n]"
2022-01-27_17:39:36.987 [main] DEBUG org.apache.http.wire -  << "Date: Thu, 27 Jan 2022 12:09:36 GMT[\r][\n]"
2022-01-27_17:39:36.987 [main] DEBUG org.apache.http.wire -  << "Keep-Alive: timeout=60[\r][\n]"
2022-01-27_17:39:36.987 [main] DEBUG org.apache.http.wire -  << "Content-Type: application/json[\r][\n]"
2022-01-27_17:39:36.987 [main] DEBUG org.apache.http.wire -  << "Transfer-Encoding: chunked[\r][\n]"
2022-01-27_17:39:36.987 [main] DEBUG org.apache.http.wire -  << "Connection: keep-alive[\r][\n]"
2022-01-27_17:39:36.987 [main] DEBUG org.apache.http.wire -  << "[\r][\n]"
2022-01-27_17:39:36.987 [main] DEBUG o.a.h.i.conn.DefaultClientConnection - Receiving response: HTTP/1.1 200 
2022-01-27_17:39:36.987 [main] DEBUG org.apache.http.headers - << HTTP/1.1 200 
2022-01-27_17:39:36.987 [main] DEBUG org.apache.http.headers - << Access-Control-Allow-Methods: GET, POST
2022-01-27_17:39:36.987 [main] DEBUG org.apache.http.headers - << Access-Control-Allow-Origin: *
2022-01-27_17:39:36.988 [main] DEBUG org.apache.http.headers - << Content-Security-Policy: default-src 'none'
2022-01-27_17:39:36.988 [main] DEBUG org.apache.http.headers - << Feature-Policy: 'none'
2022-01-27_17:39:36.988 [main] DEBUG org.apache.http.headers - << Referrer-Policy: no-referrer
2022-01-27_17:39:36.988 [main] DEBUG org.apache.http.headers - << Strict-Transport-Security: max-age=31536000 ; includeSubDomains
2022-01-27_17:39:36.988 [main] DEBUG org.apache.http.headers - << Date: Thu, 27 Jan 2022 12:09:36 GMT
2022-01-27_17:39:36.988 [main] DEBUG org.apache.http.headers - << Keep-Alive: timeout=60
2022-01-27_17:39:36.988 [main] DEBUG org.apache.http.headers - << Content-Type: application/json
2022-01-27_17:39:36.988 [main] DEBUG org.apache.http.headers - << Transfer-Encoding: chunked
2022-01-27_17:39:36.988 [main] DEBUG org.apache.http.headers - << Connection: keep-alive
2022-01-27_17:39:36.988 [main] DEBUG o.a.h.impl.client.DefaultHttpClient - Connection can be kept alive for 60000 MILLISECONDS
2022-01-27_17:39:36.989 [main] DEBUG i.r.i.RequestSpecificationImpl$RestAssuredHttpBuilder - Parsing response as: application/json
2022-01-27_17:39:36.989 [main] DEBUG i.r.i.RequestSpecificationImpl$RestAssuredHttpBuilder - Parsed data to instance of: class org.apache.http.conn.EofSensorInputStream
2022-01-27_17:39:36.990 [main] INFO  com.qc.BaseAPI - Method :POST
2022-01-27_17:39:36.992 [main] INFO  com.qc.BaseAPI - URI :https://apitest.pineperks.in/card/order/V1/instant/issue/nonreloadable/digital
2022-01-27_17:39:36.992 [main] INFO  com.qc.BaseAPI - Headers :token=6f90086db8da427187661d4c40991709
userName=A0aCcnPzDANtKmvSLPKcaw==
Accept=*/*
Content-Type=application/json; charset=UTF-8
2022-01-27_17:39:36.992 [main] INFO  com.qc.BaseAPI - Body :{"isLinkToBeSentOnMobile":true,"checksum":"5x3GNrnStyS2PkMvV6EeAw==","cardDetailList":[{"amount":"1000","mobileNumber":"8284854535","customerName":"afzal","email":"afzal.ahmed@pinelabs.com"}],"externalRequestId":"anEbFfF","cardSchemeId":"7"}
2022-01-27_17:39:36.992 [main] INFO  com.qc.BaseAPI - ********************RESPONSE********************
2022-01-27_17:39:36.992 [main] DEBUG org.apache.http.wire -  << "1f2[\r][\n]"
2022-01-27_17:39:36.992 [main] DEBUG org.apache.http.wire -  << "{"externalRequestId":"anEbFfF","orderId":103041,"orderStatus":6,"cardDetailResponseList":[{"referenceNumber":9391617467,"serialNumber":10304100010001,"customerName":"afzal","mobileNumber":8284854535,"email":"afzal.ahmed@pinelabs.com","amount":1000,"cardLink":"test.pineperks.in/eCard?c=uV3vS-lxSonL-C0Yn9btwg2","responseCode":0,"responseMessage":"Success"}],"successCount":1,"failedCount":0,"orderAmount":1000,"issuanceCharge":100,"netOrderAmount":1100,"responseCode":0,"responseMessage":"Success"}"
2022-01-27_17:39:36.992 [main] DEBUG org.apache.http.wire -  << "[\r][\n]"
2022-01-27_17:39:36.993 [main] DEBUG org.apache.http.wire -  << "0[\r][\n]"
2022-01-27_17:39:36.993 [main] DEBUG org.apache.http.wire -  << "[\r][\n]"
2022-01-27_17:39:36.993 [main] DEBUG o.a.h.i.c.BasicClientConnectionManager - Releasing connection org.apache.http.impl.conn.ManagedClientConnectionImpl@61e35ca3
2022-01-27_17:39:36.993 [main] DEBUG o.a.h.i.c.BasicClientConnectionManager - Connection can be kept alive for 60000 MILLISECONDS
2022-01-27_17:39:36.995 [main] INFO  com.qc.BaseAPI - Response :{
    "externalRequestId": "anEbFfF",
    "orderId": 103041,
    "orderStatus": 6,
    "cardDetailResponseList": [
        {
            "referenceNumber": 9391617467,
            "serialNumber": 10304100010001,
            "customerName": "afzal",
            "mobileNumber": 8284854535,
            "email": "afzal.ahmed@pinelabs.com",
            "amount": 1000,
            "cardLink": "test.pineperks.in/eCard?c=uV3vS-lxSonL-C0Yn9btwg2",
            "responseCode": 0,
            "responseMessage": "Success"
        }
    ],
    "successCount": 1,
    "failedCount": 0,
    "orderAmount": 1000,
    "issuanceCharge": 100,
    "netOrderAmount": 1100,
    "responseCode": 0,
    "responseMessage": "Success"
}
2022-01-27_17:39:36.995 [main] INFO  com.qc.BaseAPI -  **** POST call Response time 491 ms
2022-01-27_17:39:36.995 [main] INFO  pl.rest.service.CardIssue - Time Taken to perform https://apitest.pineperks.in/card/order/V1/instant/issue/nonreloadable/digital transaction: 491
2022-01-27_17:39:37.564 [main] INFO  pl.rest.utils.DBUtils - Query being executed Select * from ExternalRequestDetail where ordersummaryid=103041;
2022-01-27_17:39:37.599 [main] ERROR com.qc.qa.utils.LoadProperties - Missing MySQLDBEnvironment property value in system property or in config.properties files.Please add it if incase required
2022-01-27_17:39:37.600 [main] INFO  com.qc.qa.dbutils.DBPoolProvider - Con pool Total - 400, idle - 0,  Num active - 0
2022-01-27_17:39:37.600 [main] INFO  com.qc.qa.dbutils.DBPoolProvider - Retrieved connection
2022-01-27_17:39:38.608 [main] INFO  pl.rest.utils.DBUtils - Query being executed SELECT TOP 1 * FROM ExternalRequestTimeLog ORDER BY ExternalRequestTimeLogId DESC
2022-01-27_17:39:38.608 [main] INFO  com.qc.qa.dbutils.DBPoolProvider - Con pool Total - 400, idle - 1,  Num active - 0
2022-01-27_17:39:38.608 [main] INFO  com.qc.qa.dbutils.DBPoolProvider - Retrieved connection
2022-01-27_17:39:38.655 [main] INFO  pl.rest.utils.DBUtils - Query being executed Select * from ordersummary where ordersummaryid=103041;
2022-01-27_17:39:38.656 [main] INFO  com.qc.qa.dbutils.DBPoolProvider - Con pool Total - 400, idle - 1,  Num active - 0
2022-01-27_17:39:38.656 [main] INFO  com.qc.qa.dbutils.DBPoolProvider - Retrieved connection
2022-01-27_17:39:38.773 [main] INFO  pl.rest.utils.DBUtils - Query being executed Select * from giftcardtransaction where ordersummaryid=103041;
2022-01-27_17:39:38.774 [main] INFO  com.qc.qa.dbutils.DBPoolProvider - Con pool Total - 400, idle - 1,  Num active - 0
2022-01-27_17:39:38.774 [main] INFO  com.qc.qa.dbutils.DBPoolProvider - Retrieved connection
2022-01-27_17:39:38.912 [main] INFO  pl.rest.utils.DBUtils - Query being executed Select * from corporateaccounthistory where ordersummaryid=103041;
2022-01-27_17:39:38.914 [main] INFO  com.qc.qa.dbutils.DBPoolProvider - Con pool Total - 400, idle - 1,  Num active - 0
2022-01-27_17:39:38.914 [main] INFO  com.qc.qa.dbutils.DBPoolProvider - Retrieved connection
2022-01-27_17:39:39.007 [main] INFO  pl.rest.utils.DBUtils - Query being executed Select * from card where ordersummaryid=103041;
2022-01-27_17:39:39.008 [main] INFO  com.qc.qa.dbutils.DBPoolProvider - Con pool Total - 400, idle - 1,  Num active - 0
2022-01-27_17:39:39.008 [main] INFO  com.qc.qa.dbutils.DBPoolProvider - Retrieved connection
