2021-12-15_13:15:29.221 [main] INFO  com.qc.qa.utils.TestDataReader - Reading API Test Data config values from  testData/api/devAPITestData.properties
2021-12-15_13:15:29.226 [main] INFO  pl.rest.service.Authorize - Authorize Rest API URL :- https://apitest.pineperks.in/auth/V1/generate/token
2021-12-15_13:15:29.226 [main] INFO  com.qc.BaseAPI - GET call to URL https://apitest.pineperks.in/auth/V1/generate/token
2021-12-15_13:15:29.460 [main] INFO  com.qc.BaseAPI - ********************REQUEST********************
2021-12-15_13:15:30.938 [main] DEBUG o.a.h.i.c.BasicClientConnectionManager - Get connection for route {s}->https://apitest.pineperks.in:443
2021-12-15_13:15:31.008 [main] DEBUG o.a.h.i.c.DefaultClientConnectionOperator - Connecting to apitest.pineperks.in:443
2021-12-15_13:15:31.198 [main] DEBUG o.a.h.c.protocol.RequestAddCookies - CookieSpec selected: ignoreCookies
2021-12-15_13:15:31.199 [main] DEBUG o.a.h.c.protocol.RequestAuthCache - Auth cache not set in the context
2021-12-15_13:15:31.200 [main] DEBUG o.a.h.c.p.RequestTargetAuthentication - Target auth state: UNCHALLENGED
2021-12-15_13:15:31.200 [main] DEBUG o.a.h.c.p.RequestProxyAuthentication - Proxy auth state: UNCHALLENGED
2021-12-15_13:15:31.201 [main] DEBUG o.a.h.impl.client.DefaultHttpClient - Attempt 1 to execute request
2021-12-15_13:15:31.201 [main] DEBUG o.a.h.i.conn.DefaultClientConnection - Sending request: GET /auth/V1/generate/token HTTP/1.1
2021-12-15_13:15:31.202 [main] DEBUG org.apache.http.wire -  >> "GET /auth/V1/generate/token HTTP/1.1[\r][\n]"
2021-12-15_13:15:31.203 [main] DEBUG org.apache.http.wire -  >> "Content-Type: application/json; charset=UTF-8[\r][\n]"
2021-12-15_13:15:31.203 [main] DEBUG org.apache.http.wire -  >> "Accept: */*[\r][\n]"
2021-12-15_13:15:31.203 [main] DEBUG org.apache.http.wire -  >> "userName: A0aCcnPzDANtKmvSLPKcaw==[\r][\n]"
2021-12-15_13:15:31.203 [main] DEBUG org.apache.http.wire -  >> "Host: apitest.pineperks.in[\r][\n]"
2021-12-15_13:15:31.203 [main] DEBUG org.apache.http.wire -  >> "Connection: Keep-Alive[\r][\n]"
2021-12-15_13:15:31.203 [main] DEBUG org.apache.http.wire -  >> "User-Agent: Apache-HttpClient/4.5.2 (Java/1.8.0_202)[\r][\n]"
2021-12-15_13:15:31.203 [main] DEBUG org.apache.http.wire -  >> "Accept-Encoding: gzip,deflate[\r][\n]"
2021-12-15_13:15:31.203 [main] DEBUG org.apache.http.wire -  >> "[\r][\n]"
2021-12-15_13:15:31.203 [main] DEBUG org.apache.http.headers - >> GET /auth/V1/generate/token HTTP/1.1
2021-12-15_13:15:31.203 [main] DEBUG org.apache.http.headers - >> Content-Type: application/json; charset=UTF-8
2021-12-15_13:15:31.204 [main] DEBUG org.apache.http.headers - >> Accept: */*
2021-12-15_13:15:31.204 [main] DEBUG org.apache.http.headers - >> userName: A0aCcnPzDANtKmvSLPKcaw==
2021-12-15_13:15:31.204 [main] DEBUG org.apache.http.headers - >> Host: apitest.pineperks.in
2021-12-15_13:15:31.204 [main] DEBUG org.apache.http.headers - >> Connection: Keep-Alive
2021-12-15_13:15:31.204 [main] DEBUG org.apache.http.headers - >> User-Agent: Apache-HttpClient/4.5.2 (Java/1.8.0_202)
2021-12-15_13:15:31.204 [main] DEBUG org.apache.http.headers - >> Accept-Encoding: gzip,deflate
2021-12-15_13:15:31.283 [main] DEBUG org.apache.http.wire -  << "HTTP/1.1 200 [\r][\n]"
2021-12-15_13:15:31.287 [main] DEBUG org.apache.http.wire -  << "Access-Control-Allow-Methods: GET, POST[\r][\n]"
2021-12-15_13:15:31.287 [main] DEBUG org.apache.http.wire -  << "Access-Control-Allow-Origin: *[\r][\n]"
2021-12-15_13:15:31.288 [main] DEBUG org.apache.http.wire -  << "Content-Security-Policy: default-src 'none'[\r][\n]"
2021-12-15_13:15:31.288 [main] DEBUG org.apache.http.wire -  << "Feature-Policy: 'none'[\r][\n]"
2021-12-15_13:15:31.288 [main] DEBUG org.apache.http.wire -  << "Referrer-Policy: no-referrer[\r][\n]"
2021-12-15_13:15:31.288 [main] DEBUG org.apache.http.wire -  << "Strict-Transport-Security: max-age=31536000 ; includeSubDomains[\r][\n]"
2021-12-15_13:15:31.288 [main] DEBUG org.apache.http.wire -  << "Date: Wed, 15 Dec 2021 07:45:31 GMT[\r][\n]"
2021-12-15_13:15:31.289 [main] DEBUG org.apache.http.wire -  << "Keep-Alive: timeout=60[\r][\n]"
2021-12-15_13:15:31.289 [main] DEBUG org.apache.http.wire -  << "Content-Type: application/json[\r][\n]"
2021-12-15_13:15:31.289 [main] DEBUG org.apache.http.wire -  << "Transfer-Encoding: chunked[\r][\n]"
2021-12-15_13:15:31.290 [main] DEBUG org.apache.http.wire -  << "Connection: keep-alive[\r][\n]"
2021-12-15_13:15:31.290 [main] DEBUG org.apache.http.wire -  << "[\r][\n]"
2021-12-15_13:15:31.291 [main] DEBUG o.a.h.i.conn.DefaultClientConnection - Receiving response: HTTP/1.1 200 
2021-12-15_13:15:31.292 [main] DEBUG org.apache.http.headers - << HTTP/1.1 200 
2021-12-15_13:15:31.292 [main] DEBUG org.apache.http.headers - << Access-Control-Allow-Methods: GET, POST
2021-12-15_13:15:31.293 [main] DEBUG org.apache.http.headers - << Access-Control-Allow-Origin: *
2021-12-15_13:15:31.293 [main] DEBUG org.apache.http.headers - << Content-Security-Policy: default-src 'none'
2021-12-15_13:15:31.293 [main] DEBUG org.apache.http.headers - << Feature-Policy: 'none'
2021-12-15_13:15:31.293 [main] DEBUG org.apache.http.headers - << Referrer-Policy: no-referrer
2021-12-15_13:15:31.293 [main] DEBUG org.apache.http.headers - << Strict-Transport-Security: max-age=31536000 ; includeSubDomains
2021-12-15_13:15:31.293 [main] DEBUG org.apache.http.headers - << Date: Wed, 15 Dec 2021 07:45:31 GMT
2021-12-15_13:15:31.293 [main] DEBUG org.apache.http.headers - << Keep-Alive: timeout=60
2021-12-15_13:15:31.293 [main] DEBUG org.apache.http.headers - << Content-Type: application/json
2021-12-15_13:15:31.294 [main] DEBUG org.apache.http.headers - << Transfer-Encoding: chunked
2021-12-15_13:15:31.294 [main] DEBUG org.apache.http.headers - << Connection: keep-alive
2021-12-15_13:15:31.304 [main] DEBUG o.a.h.impl.client.DefaultHttpClient - Connection can be kept alive for 60000 MILLISECONDS
2021-12-15_13:15:31.332 [main] DEBUG i.r.i.RequestSpecificationImpl$RestAssuredHttpBuilder - Parsing response as: application/json
2021-12-15_13:15:31.333 [main] DEBUG i.r.i.RequestSpecificationImpl$RestAssuredHttpBuilder - Parsed data to instance of: class org.apache.http.conn.EofSensorInputStream
2021-12-15_13:15:31.360 [main] INFO  com.qc.BaseAPI - Method :GET
2021-12-15_13:15:31.362 [main] INFO  com.qc.BaseAPI - URI :https://apitest.pineperks.in/auth/V1/generate/token
2021-12-15_13:15:31.362 [main] INFO  com.qc.BaseAPI - Headers :userName=A0aCcnPzDANtKmvSLPKcaw==
Accept=*/*
Content-Type=application/json; charset=UTF-8
2021-12-15_13:15:31.363 [main] INFO  com.qc.BaseAPI - Body :null
2021-12-15_13:15:31.363 [main] INFO  com.qc.BaseAPI - ********************RESPONSE********************
2021-12-15_13:15:31.379 [main] DEBUG org.apache.http.wire -  << "7f[\r][\n]"
2021-12-15_13:15:31.380 [main] DEBUG org.apache.http.wire -  << "{"accessToken":"32238551b8084de393a87b24ca123205","tokenExpiryTime":"16-Dec-2021","responseCode":0,"responseMessage":"Success"}"
2021-12-15_13:15:31.381 [main] DEBUG org.apache.http.wire -  << "[\r][\n]"
2021-12-15_13:15:31.381 [main] DEBUG org.apache.http.wire -  << "0[\r][\n]"
2021-12-15_13:15:31.382 [main] DEBUG org.apache.http.wire -  << "[\r][\n]"
2021-12-15_13:15:31.382 [main] DEBUG o.a.h.i.c.BasicClientConnectionManager - Releasing connection org.apache.http.impl.conn.ManagedClientConnectionImpl@6571f64a
2021-12-15_13:15:31.382 [main] DEBUG o.a.h.i.c.BasicClientConnectionManager - Connection can be kept alive for 60000 MILLISECONDS
2021-12-15_13:15:31.441 [main] INFO  com.qc.BaseAPI - Response :{
    "accessToken": "32238551b8084de393a87b24ca123205",
    "tokenExpiryTime": "16-Dec-2021",
    "responseCode": 0,
    "responseMessage": "Success"
}
2021-12-15_13:15:31.446 [main] INFO  com.qc.BaseAPI -  **** GET call Response time 1888 ms
2021-12-15_13:15:31.447 [main] INFO  pl.rest.service.Authorize - Time Taken to perform https://apitest.pineperks.in/auth/V1/generate/token transaction: 1888
2021-12-15_13:15:31.740 [main] INFO  com.qc.qa.utils.TestDataReader - Reading Json data authorizeHeaders
2021-12-15_13:15:31.744 [main] INFO  com.qc.qa.utils.TestDataReader - Reading json data from file @ testData/api/devAPIData.json
2021-12-15_13:15:31.773 [main] INFO  pl.rest.service.CardIssue - CardIssue Rest API URL :- https://apitest.pineperks.in/card/order/V1/instant/issue/nonreloadable/digital
2021-12-15_13:15:31.773 [main] INFO  com.qc.BaseAPI - POST call to URL https://apitest.pineperks.in/card/order/V1/instant/issue/nonreloadable/digital
2021-12-15_13:15:31.784 [main] INFO  com.qc.BaseAPI - ********************REQUEST********************
2021-12-15_13:15:31.823 [main] DEBUG o.a.h.i.c.BasicClientConnectionManager - Get connection for route {s}->https://apitest.pineperks.in:443
2021-12-15_13:15:31.823 [main] DEBUG o.a.h.i.c.DefaultClientConnectionOperator - Connecting to apitest.pineperks.in:443
2021-12-15_13:15:31.958 [main] DEBUG o.a.h.c.protocol.RequestAddCookies - CookieSpec selected: ignoreCookies
2021-12-15_13:15:31.958 [main] DEBUG o.a.h.c.protocol.RequestAuthCache - Auth cache not set in the context
2021-12-15_13:15:31.958 [main] DEBUG o.a.h.c.p.RequestTargetAuthentication - Target auth state: UNCHALLENGED
2021-12-15_13:15:31.958 [main] DEBUG o.a.h.c.p.RequestProxyAuthentication - Proxy auth state: UNCHALLENGED
2021-12-15_13:15:31.958 [main] DEBUG o.a.h.impl.client.DefaultHttpClient - Attempt 1 to execute request
2021-12-15_13:15:31.958 [main] DEBUG o.a.h.i.conn.DefaultClientConnection - Sending request: POST /card/order/V1/instant/issue/nonreloadable/digital HTTP/1.1
2021-12-15_13:15:31.959 [main] DEBUG org.apache.http.wire -  >> "POST /card/order/V1/instant/issue/nonreloadable/digital HTTP/1.1[\r][\n]"
2021-12-15_13:15:31.959 [main] DEBUG org.apache.http.wire -  >> "Accept: */*[\r][\n]"
2021-12-15_13:15:31.959 [main] DEBUG org.apache.http.wire -  >> "userName: A0aCcnPzDANtKmvSLPKcaw==[\r][\n]"
2021-12-15_13:15:31.959 [main] DEBUG org.apache.http.wire -  >> "token: 32238551b8084de393a87b24ca123205[\r][\n]"
2021-12-15_13:15:31.959 [main] DEBUG org.apache.http.wire -  >> "Content-Type: application/json; charset=UTF-8[\r][\n]"
2021-12-15_13:15:31.959 [main] DEBUG org.apache.http.wire -  >> "Content-Length: 241[\r][\n]"
2021-12-15_13:15:31.959 [main] DEBUG org.apache.http.wire -  >> "Host: apitest.pineperks.in[\r][\n]"
2021-12-15_13:15:31.959 [main] DEBUG org.apache.http.wire -  >> "Connection: Keep-Alive[\r][\n]"
2021-12-15_13:15:31.959 [main] DEBUG org.apache.http.wire -  >> "User-Agent: Apache-HttpClient/4.5.2 (Java/1.8.0_202)[\r][\n]"
2021-12-15_13:15:31.959 [main] DEBUG org.apache.http.wire -  >> "Accept-Encoding: gzip,deflate[\r][\n]"
2021-12-15_13:15:31.959 [main] DEBUG org.apache.http.wire -  >> "[\r][\n]"
2021-12-15_13:15:31.959 [main] DEBUG org.apache.http.headers - >> POST /card/order/V1/instant/issue/nonreloadable/digital HTTP/1.1
2021-12-15_13:15:31.959 [main] DEBUG org.apache.http.headers - >> Accept: */*
2021-12-15_13:15:31.959 [main] DEBUG org.apache.http.headers - >> userName: A0aCcnPzDANtKmvSLPKcaw==
2021-12-15_13:15:31.959 [main] DEBUG org.apache.http.headers - >> token: 32238551b8084de393a87b24ca123205
2021-12-15_13:15:31.959 [main] DEBUG org.apache.http.headers - >> Content-Type: application/json; charset=UTF-8
2021-12-15_13:15:31.960 [main] DEBUG org.apache.http.headers - >> Content-Length: 241
2021-12-15_13:15:31.960 [main] DEBUG org.apache.http.headers - >> Host: apitest.pineperks.in
2021-12-15_13:15:31.960 [main] DEBUG org.apache.http.headers - >> Connection: Keep-Alive
2021-12-15_13:15:31.960 [main] DEBUG org.apache.http.headers - >> User-Agent: Apache-HttpClient/4.5.2 (Java/1.8.0_202)
2021-12-15_13:15:31.960 [main] DEBUG org.apache.http.headers - >> Accept-Encoding: gzip,deflate
2021-12-15_13:15:31.960 [main] DEBUG org.apache.http.wire -  >> "{"isLinkToBeSentOnMobile":true,"checksum":"5x3GNrnStyS2PkMvV6EeAw==","cardDetailList":[{"amount":"1000","mobileNumber":"8284854535","customerName":"afzal","email":"afzal.ahmed@pinelabs.com"}],"externalRequestId":"hzXSKtc","cardSchemeId":"7"}"
2021-12-15_13:15:32.447 [main] DEBUG org.apache.http.wire -  << "HTTP/1.1 200 [\r][\n]"
2021-12-15_13:15:32.448 [main] DEBUG org.apache.http.wire -  << "Access-Control-Allow-Methods: GET, POST[\r][\n]"
2021-12-15_13:15:32.448 [main] DEBUG org.apache.http.wire -  << "Access-Control-Allow-Origin: *[\r][\n]"
2021-12-15_13:15:32.448 [main] DEBUG org.apache.http.wire -  << "Content-Security-Policy: default-src 'none'[\r][\n]"
2021-12-15_13:15:32.449 [main] DEBUG org.apache.http.wire -  << "Feature-Policy: 'none'[\r][\n]"
2021-12-15_13:15:32.449 [main] DEBUG org.apache.http.wire -  << "Referrer-Policy: no-referrer[\r][\n]"
2021-12-15_13:15:32.449 [main] DEBUG org.apache.http.wire -  << "Strict-Transport-Security: max-age=31536000 ; includeSubDomains[\r][\n]"
2021-12-15_13:15:32.449 [main] DEBUG org.apache.http.wire -  << "Date: Wed, 15 Dec 2021 07:45:32 GMT[\r][\n]"
2021-12-15_13:15:32.449 [main] DEBUG org.apache.http.wire -  << "Keep-Alive: timeout=60[\r][\n]"
2021-12-15_13:15:32.449 [main] DEBUG org.apache.http.wire -  << "Content-Type: application/json[\r][\n]"
2021-12-15_13:15:32.450 [main] DEBUG org.apache.http.wire -  << "Transfer-Encoding: chunked[\r][\n]"
2021-12-15_13:15:32.450 [main] DEBUG org.apache.http.wire -  << "Connection: keep-alive[\r][\n]"
2021-12-15_13:15:32.450 [main] DEBUG org.apache.http.wire -  << "[\r][\n]"
2021-12-15_13:15:32.450 [main] DEBUG o.a.h.i.conn.DefaultClientConnection - Receiving response: HTTP/1.1 200 
2021-12-15_13:15:32.450 [main] DEBUG org.apache.http.headers - << HTTP/1.1 200 
2021-12-15_13:15:32.450 [main] DEBUG org.apache.http.headers - << Access-Control-Allow-Methods: GET, POST
2021-12-15_13:15:32.451 [main] DEBUG org.apache.http.headers - << Access-Control-Allow-Origin: *
2021-12-15_13:15:32.451 [main] DEBUG org.apache.http.headers - << Content-Security-Policy: default-src 'none'
2021-12-15_13:15:32.451 [main] DEBUG org.apache.http.headers - << Feature-Policy: 'none'
2021-12-15_13:15:32.451 [main] DEBUG org.apache.http.headers - << Referrer-Policy: no-referrer
2021-12-15_13:15:32.451 [main] DEBUG org.apache.http.headers - << Strict-Transport-Security: max-age=31536000 ; includeSubDomains
2021-12-15_13:15:32.451 [main] DEBUG org.apache.http.headers - << Date: Wed, 15 Dec 2021 07:45:32 GMT
2021-12-15_13:15:32.451 [main] DEBUG org.apache.http.headers - << Keep-Alive: timeout=60
2021-12-15_13:15:32.451 [main] DEBUG org.apache.http.headers - << Content-Type: application/json
2021-12-15_13:15:32.452 [main] DEBUG org.apache.http.headers - << Transfer-Encoding: chunked
2021-12-15_13:15:32.452 [main] DEBUG org.apache.http.headers - << Connection: keep-alive
2021-12-15_13:15:32.452 [main] DEBUG o.a.h.impl.client.DefaultHttpClient - Connection can be kept alive for 60000 MILLISECONDS
2021-12-15_13:15:32.453 [main] DEBUG i.r.i.RequestSpecificationImpl$RestAssuredHttpBuilder - Parsing response as: application/json
2021-12-15_13:15:32.453 [main] DEBUG i.r.i.RequestSpecificationImpl$RestAssuredHttpBuilder - Parsed data to instance of: class org.apache.http.conn.EofSensorInputStream
2021-12-15_13:15:32.455 [main] INFO  com.qc.BaseAPI - Method :POST
2021-12-15_13:15:32.457 [main] INFO  com.qc.BaseAPI - URI :https://apitest.pineperks.in/card/order/V1/instant/issue/nonreloadable/digital
2021-12-15_13:15:32.457 [main] INFO  com.qc.BaseAPI - Headers :token=32238551b8084de393a87b24ca123205
userName=A0aCcnPzDANtKmvSLPKcaw==
Accept=*/*
Content-Type=application/json; charset=UTF-8
2021-12-15_13:15:32.457 [main] INFO  com.qc.BaseAPI - Body :{"isLinkToBeSentOnMobile":true,"checksum":"5x3GNrnStyS2PkMvV6EeAw==","cardDetailList":[{"amount":"1000","mobileNumber":"8284854535","customerName":"afzal","email":"afzal.ahmed@pinelabs.com"}],"externalRequestId":"hzXSKtc","cardSchemeId":"7"}
2021-12-15_13:15:32.457 [main] INFO  com.qc.BaseAPI - ********************RESPONSE********************
2021-12-15_13:15:32.458 [main] DEBUG org.apache.http.wire -  << "1f1[\r][\n]"
2021-12-15_13:15:32.458 [main] DEBUG org.apache.http.wire -  << "{"externalRequestId":"hzXSKtc","orderId":12437,"orderStatus":6,"cardDetailResponseList":[{"referenceNumber":1137682356,"serialNumber":12437000010001,"customerName":"afzal","mobileNumber":8284854535,"email":"afzal.ahmed@pinelabs.com","amount":1000,"cardLink":"test.pineperks.in/eCard?c=9X.3Dq-74w2JWqvKVeGb.g2","responseCode":0,"responseMessage":"Success"}],"successCount":1,"failedCount":0,"orderAmount":1000,"issuanceCharge":100,"netOrderAmount":1100,"responseCode":0,"responseMessage":"Success"}"
2021-12-15_13:15:32.458 [main] DEBUG org.apache.http.wire -  << "[\r][\n]"
2021-12-15_13:15:32.458 [main] DEBUG org.apache.http.wire -  << "0[\r][\n]"
2021-12-15_13:15:32.459 [main] DEBUG org.apache.http.wire -  << "[\r][\n]"
2021-12-15_13:15:32.459 [main] DEBUG o.a.h.i.c.BasicClientConnectionManager - Releasing connection org.apache.http.impl.conn.ManagedClientConnectionImpl@4b2f841b
2021-12-15_13:15:32.459 [main] DEBUG o.a.h.i.c.BasicClientConnectionManager - Connection can be kept alive for 60000 MILLISECONDS
2021-12-15_13:15:32.462 [main] INFO  com.qc.BaseAPI - Response :{
    "externalRequestId": "hzXSKtc",
    "orderId": 12437,
    "orderStatus": 6,
    "cardDetailResponseList": [
        {
            "referenceNumber": 1137682356,
            "serialNumber": 12437000010001,
            "customerName": "afzal",
            "mobileNumber": 8284854535,
            "email": "afzal.ahmed@pinelabs.com",
            "amount": 1000,
            "cardLink": "test.pineperks.in/eCard?c=9X.3Dq-74w2JWqvKVeGb.g2",
            "responseCode": 0,
            "responseMessage": "Success"
        }
    ],
    "successCount": 1,
    "failedCount": 0,
    "orderAmount": 1000,
    "issuanceCharge": 100,
    "netOrderAmount": 1100,
    "responseCode": 0,
    "responseMessage": "Success"
}
2021-12-15_13:15:32.462 [main] INFO  com.qc.BaseAPI -  **** POST call Response time 669 ms
2021-12-15_13:15:32.462 [main] INFO  pl.rest.service.CardIssue - Time Taken to perform https://apitest.pineperks.in/card/order/V1/instant/issue/nonreloadable/digital transaction: 669
2021-12-15_13:15:32.822 [main] INFO  p.rest.stepDefs.TransactionsStepDefs - referenceNumber isnull
2021-12-15_13:15:32.831 [main] INFO  pl.rest.utils.DBUtils - Fetching card details from card table, using Query:  Select CorporateId,CardSchemeId from card AS bigint where ReferenceNumber=convert(bigint, 1789154895);
2021-12-15_13:15:32.864 [main] ERROR com.qc.qa.utils.LoadProperties - Missing MySQLDBEnvironment property value in system property or in config.properties files.Please add it if incase required
2021-12-15_13:15:32.865 [main] INFO  com.qc.qa.dbutils.DBPoolProvider - Con pool Total - 400, idle - 0,  Num active - 0
2021-12-15_13:15:32.865 [main] INFO  com.qc.qa.dbutils.DBPoolProvider - Retrieved connection
2021-12-15_13:15:33.570 [main] INFO  pl.rest.utils.DBUtils - Card database values: {CorporateId=6, CardSchemeId=7}
