2022-01-18_21:35:15.954 [main] INFO  pl.rest.CustomHooks - SCENARIO NAME: Issuing a instant non reloadable card
2022-01-18_21:35:15.957 [main] INFO  pl.rest.CustomHooks - TAG NAMEs: [@Regression, @DB]
2022-01-18_21:35:15.960 [main] INFO  pl.rest.CustomHooks - SCENARIO NAME: Issuing a instant non reloadable card
2022-01-18_21:35:15.960 [main] INFO  pl.rest.CustomHooks - TAG NAMEs: [@Regression, @DB]
2022-01-18_21:35:16.016 [main] INFO  pl.rest.CustomHooks - Index: 0, Size: 0
2022-01-18_21:35:17.133 [main] INFO  com.qc.qa.utils.TestDataReader - Reading API Test Data config values from  testData/api/devAPITestData.properties
2022-01-18_21:35:17.153 [main] INFO  pl.rest.service.Authorize - Authorize Rest API URL :- https://apitest.pineperks.in/auth/V1/generate/token
2022-01-18_21:35:17.153 [main] INFO  com.qc.BaseAPI - GET call to URL https://apitest.pineperks.in/auth/V1/generate/token
2022-01-18_21:35:17.397 [main] INFO  com.qc.BaseAPI - ********************REQUEST********************
2022-01-18_21:35:19.853 [main] DEBUG o.a.h.i.c.BasicClientConnectionManager - Get connection for route {s}->https://apitest.pineperks.in:443
2022-01-18_21:35:19.972 [main] DEBUG o.a.h.i.c.DefaultClientConnectionOperator - Connecting to apitest.pineperks.in:443
2022-01-18_21:35:20.270 [main] DEBUG o.a.h.c.protocol.RequestAddCookies - CookieSpec selected: ignoreCookies
2022-01-18_21:35:20.273 [main] DEBUG o.a.h.c.protocol.RequestAuthCache - Auth cache not set in the context
2022-01-18_21:35:20.273 [main] DEBUG o.a.h.c.p.RequestTargetAuthentication - Target auth state: UNCHALLENGED
2022-01-18_21:35:20.274 [main] DEBUG o.a.h.c.p.RequestProxyAuthentication - Proxy auth state: UNCHALLENGED
2022-01-18_21:35:20.274 [main] DEBUG o.a.h.impl.client.DefaultHttpClient - Attempt 1 to execute request
2022-01-18_21:35:20.274 [main] DEBUG o.a.h.i.conn.DefaultClientConnection - Sending request: GET /auth/V1/generate/token HTTP/1.1
2022-01-18_21:35:20.275 [main] DEBUG org.apache.http.wire -  >> "GET /auth/V1/generate/token HTTP/1.1[\r][\n]"
2022-01-18_21:35:20.276 [main] DEBUG org.apache.http.wire -  >> "Content-Type: application/json; charset=UTF-8[\r][\n]"
2022-01-18_21:35:20.276 [main] DEBUG org.apache.http.wire -  >> "Accept: */*[\r][\n]"
2022-01-18_21:35:20.276 [main] DEBUG org.apache.http.wire -  >> "userName: A0aCcnPzDANtKmvSLPKcaw==[\r][\n]"
2022-01-18_21:35:20.277 [main] DEBUG org.apache.http.wire -  >> "Host: apitest.pineperks.in[\r][\n]"
2022-01-18_21:35:20.277 [main] DEBUG org.apache.http.wire -  >> "Connection: Keep-Alive[\r][\n]"
2022-01-18_21:35:20.277 [main] DEBUG org.apache.http.wire -  >> "User-Agent: Apache-HttpClient/4.5.2 (Java/1.8.0_202)[\r][\n]"
2022-01-18_21:35:20.278 [main] DEBUG org.apache.http.wire -  >> "Accept-Encoding: gzip,deflate[\r][\n]"
2022-01-18_21:35:20.278 [main] DEBUG org.apache.http.wire -  >> "[\r][\n]"
2022-01-18_21:35:20.278 [main] DEBUG org.apache.http.headers - >> GET /auth/V1/generate/token HTTP/1.1
2022-01-18_21:35:20.278 [main] DEBUG org.apache.http.headers - >> Content-Type: application/json; charset=UTF-8
2022-01-18_21:35:20.278 [main] DEBUG org.apache.http.headers - >> Accept: */*
2022-01-18_21:35:20.278 [main] DEBUG org.apache.http.headers - >> userName: A0aCcnPzDANtKmvSLPKcaw==
2022-01-18_21:35:20.278 [main] DEBUG org.apache.http.headers - >> Host: apitest.pineperks.in
2022-01-18_21:35:20.278 [main] DEBUG org.apache.http.headers - >> Connection: Keep-Alive
2022-01-18_21:35:20.279 [main] DEBUG org.apache.http.headers - >> User-Agent: Apache-HttpClient/4.5.2 (Java/1.8.0_202)
2022-01-18_21:35:20.279 [main] DEBUG org.apache.http.headers - >> Accept-Encoding: gzip,deflate
2022-01-18_21:35:20.325 [main] DEBUG org.apache.http.wire -  << "HTTP/1.1 200 [\r][\n]"
2022-01-18_21:35:20.330 [main] DEBUG org.apache.http.wire -  << "Access-Control-Allow-Methods: GET, POST[\r][\n]"
2022-01-18_21:35:20.330 [main] DEBUG org.apache.http.wire -  << "Access-Control-Allow-Origin: *[\r][\n]"
2022-01-18_21:35:20.331 [main] DEBUG org.apache.http.wire -  << "Content-Security-Policy: default-src 'none'[\r][\n]"
2022-01-18_21:35:20.331 [main] DEBUG org.apache.http.wire -  << "Feature-Policy: 'none'[\r][\n]"
2022-01-18_21:35:20.332 [main] DEBUG org.apache.http.wire -  << "Referrer-Policy: no-referrer[\r][\n]"
2022-01-18_21:35:20.332 [main] DEBUG org.apache.http.wire -  << "Strict-Transport-Security: max-age=31536000 ; includeSubDomains[\r][\n]"
2022-01-18_21:35:20.333 [main] DEBUG org.apache.http.wire -  << "Date: Tue, 18 Jan 2022 16:05:20 GMT[\r][\n]"
2022-01-18_21:35:20.333 [main] DEBUG org.apache.http.wire -  << "Keep-Alive: timeout=60[\r][\n]"
2022-01-18_21:35:20.334 [main] DEBUG org.apache.http.wire -  << "Content-Type: application/json[\r][\n]"
2022-01-18_21:35:20.334 [main] DEBUG org.apache.http.wire -  << "Transfer-Encoding: chunked[\r][\n]"
2022-01-18_21:35:20.334 [main] DEBUG org.apache.http.wire -  << "Connection: keep-alive[\r][\n]"
2022-01-18_21:35:20.335 [main] DEBUG org.apache.http.wire -  << "[\r][\n]"
2022-01-18_21:35:20.337 [main] DEBUG o.a.h.i.conn.DefaultClientConnection - Receiving response: HTTP/1.1 200 
2022-01-18_21:35:20.337 [main] DEBUG org.apache.http.headers - << HTTP/1.1 200 
2022-01-18_21:35:20.338 [main] DEBUG org.apache.http.headers - << Access-Control-Allow-Methods: GET, POST
2022-01-18_21:35:20.338 [main] DEBUG org.apache.http.headers - << Access-Control-Allow-Origin: *
2022-01-18_21:35:20.338 [main] DEBUG org.apache.http.headers - << Content-Security-Policy: default-src 'none'
2022-01-18_21:35:20.338 [main] DEBUG org.apache.http.headers - << Feature-Policy: 'none'
2022-01-18_21:35:20.338 [main] DEBUG org.apache.http.headers - << Referrer-Policy: no-referrer
2022-01-18_21:35:20.339 [main] DEBUG org.apache.http.headers - << Strict-Transport-Security: max-age=31536000 ; includeSubDomains
2022-01-18_21:35:20.339 [main] DEBUG org.apache.http.headers - << Date: Tue, 18 Jan 2022 16:05:20 GMT
2022-01-18_21:35:20.339 [main] DEBUG org.apache.http.headers - << Keep-Alive: timeout=60
2022-01-18_21:35:20.339 [main] DEBUG org.apache.http.headers - << Content-Type: application/json
2022-01-18_21:35:20.339 [main] DEBUG org.apache.http.headers - << Transfer-Encoding: chunked
2022-01-18_21:35:20.339 [main] DEBUG org.apache.http.headers - << Connection: keep-alive
2022-01-18_21:35:20.350 [main] DEBUG o.a.h.impl.client.DefaultHttpClient - Connection can be kept alive for 60000 MILLISECONDS
2022-01-18_21:35:20.383 [main] DEBUG i.r.i.RequestSpecificationImpl$RestAssuredHttpBuilder - Parsing response as: application/json
2022-01-18_21:35:20.384 [main] DEBUG i.r.i.RequestSpecificationImpl$RestAssuredHttpBuilder - Parsed data to instance of: class org.apache.http.conn.EofSensorInputStream
2022-01-18_21:35:20.407 [main] INFO  com.qc.BaseAPI - Method :GET
2022-01-18_21:35:20.410 [main] INFO  com.qc.BaseAPI - URI :https://apitest.pineperks.in/auth/V1/generate/token
2022-01-18_21:35:20.411 [main] INFO  com.qc.BaseAPI - Headers :userName=A0aCcnPzDANtKmvSLPKcaw==
Accept=*/*
Content-Type=application/json; charset=UTF-8
2022-01-18_21:35:20.411 [main] INFO  com.qc.BaseAPI - Body :null
2022-01-18_21:35:20.411 [main] INFO  com.qc.BaseAPI - ********************RESPONSE********************
2022-01-18_21:35:20.430 [main] DEBUG org.apache.http.wire -  << "7f[\r][\n]"
2022-01-18_21:35:20.430 [main] DEBUG org.apache.http.wire -  << "{"accessToken":"6cb8dc6b22614f7a9dfc090be58d17fa","tokenExpiryTime":"18-May-2022","responseCode":0,"responseMessage":"Success"}"
2022-01-18_21:35:20.431 [main] DEBUG org.apache.http.wire -  << "[\r][\n]"
2022-01-18_21:35:20.432 [main] DEBUG org.apache.http.wire -  << "0[\r][\n]"
2022-01-18_21:35:20.432 [main] DEBUG org.apache.http.wire -  << "[\r][\n]"
2022-01-18_21:35:20.432 [main] DEBUG o.a.h.i.c.BasicClientConnectionManager - Releasing connection org.apache.http.impl.conn.ManagedClientConnectionImpl@7c7e4f05
2022-01-18_21:35:20.433 [main] DEBUG o.a.h.i.c.BasicClientConnectionManager - Connection can be kept alive for 60000 MILLISECONDS
2022-01-18_21:35:20.489 [main] INFO  com.qc.BaseAPI - Response :{
    "accessToken": "6cb8dc6b22614f7a9dfc090be58d17fa",
    "tokenExpiryTime": "18-May-2022",
    "responseCode": 0,
    "responseMessage": "Success"
}
2022-01-18_21:35:20.495 [main] INFO  com.qc.BaseAPI -  **** GET call Response time 2995 ms
2022-01-18_21:35:20.496 [main] INFO  pl.rest.service.Authorize - Time Taken to perform https://apitest.pineperks.in/auth/V1/generate/token transaction: 2995
2022-01-18_21:35:20.635 [main] INFO  com.qc.qa.utils.TestDataReader - Reading Json data authorizeHeaders
2022-01-18_21:35:20.639 [main] INFO  com.qc.qa.utils.TestDataReader - Reading json data from file @ testData/api/devAPIData.json
2022-01-18_21:35:20.663 [main] INFO  pl.rest.service.CardIssue - CardIssue Rest API URL :- https://apitest.pineperks.in/card/order/V1/instant/issue/nonreloadable/digital
2022-01-18_21:35:20.664 [main] INFO  com.qc.BaseAPI - POST call to URL https://apitest.pineperks.in/card/order/V1/instant/issue/nonreloadable/digital
2022-01-18_21:35:20.678 [main] INFO  com.qc.BaseAPI - ********************REQUEST********************
2022-01-18_21:35:20.721 [main] DEBUG o.a.h.i.c.BasicClientConnectionManager - Get connection for route {s}->https://apitest.pineperks.in:443
2022-01-18_21:35:20.721 [main] DEBUG o.a.h.i.c.DefaultClientConnectionOperator - Connecting to apitest.pineperks.in:443
2022-01-18_21:35:20.924 [main] DEBUG o.a.h.c.protocol.RequestAddCookies - CookieSpec selected: ignoreCookies
2022-01-18_21:35:20.924 [main] DEBUG o.a.h.c.protocol.RequestAuthCache - Auth cache not set in the context
2022-01-18_21:35:20.925 [main] DEBUG o.a.h.c.p.RequestTargetAuthentication - Target auth state: UNCHALLENGED
2022-01-18_21:35:20.925 [main] DEBUG o.a.h.c.p.RequestProxyAuthentication - Proxy auth state: UNCHALLENGED
2022-01-18_21:35:20.925 [main] DEBUG o.a.h.impl.client.DefaultHttpClient - Attempt 1 to execute request
2022-01-18_21:35:20.925 [main] DEBUG o.a.h.i.conn.DefaultClientConnection - Sending request: POST /card/order/V1/instant/issue/nonreloadable/digital HTTP/1.1
2022-01-18_21:35:20.925 [main] DEBUG org.apache.http.wire -  >> "POST /card/order/V1/instant/issue/nonreloadable/digital HTTP/1.1[\r][\n]"
2022-01-18_21:35:20.925 [main] DEBUG org.apache.http.wire -  >> "Accept: */*[\r][\n]"
2022-01-18_21:35:20.926 [main] DEBUG org.apache.http.wire -  >> "userName: A0aCcnPzDANtKmvSLPKcaw==[\r][\n]"
2022-01-18_21:35:20.926 [main] DEBUG org.apache.http.wire -  >> "token: 6cb8dc6b22614f7a9dfc090be58d17fa[\r][\n]"
2022-01-18_21:35:20.926 [main] DEBUG org.apache.http.wire -  >> "Content-Type: application/json; charset=UTF-8[\r][\n]"
2022-01-18_21:35:20.926 [main] DEBUG org.apache.http.wire -  >> "Content-Length: 241[\r][\n]"
2022-01-18_21:35:20.926 [main] DEBUG org.apache.http.wire -  >> "Host: apitest.pineperks.in[\r][\n]"
2022-01-18_21:35:20.927 [main] DEBUG org.apache.http.wire -  >> "Connection: Keep-Alive[\r][\n]"
2022-01-18_21:35:20.927 [main] DEBUG org.apache.http.wire -  >> "User-Agent: Apache-HttpClient/4.5.2 (Java/1.8.0_202)[\r][\n]"
2022-01-18_21:35:20.927 [main] DEBUG org.apache.http.wire -  >> "Accept-Encoding: gzip,deflate[\r][\n]"
2022-01-18_21:35:20.927 [main] DEBUG org.apache.http.wire -  >> "[\r][\n]"
2022-01-18_21:35:20.927 [main] DEBUG org.apache.http.headers - >> POST /card/order/V1/instant/issue/nonreloadable/digital HTTP/1.1
2022-01-18_21:35:20.927 [main] DEBUG org.apache.http.headers - >> Accept: */*
2022-01-18_21:35:20.927 [main] DEBUG org.apache.http.headers - >> userName: A0aCcnPzDANtKmvSLPKcaw==
2022-01-18_21:35:20.927 [main] DEBUG org.apache.http.headers - >> token: 6cb8dc6b22614f7a9dfc090be58d17fa
2022-01-18_21:35:20.928 [main] DEBUG org.apache.http.headers - >> Content-Type: application/json; charset=UTF-8
2022-01-18_21:35:20.928 [main] DEBUG org.apache.http.headers - >> Content-Length: 241
2022-01-18_21:35:20.928 [main] DEBUG org.apache.http.headers - >> Host: apitest.pineperks.in
2022-01-18_21:35:20.928 [main] DEBUG org.apache.http.headers - >> Connection: Keep-Alive
2022-01-18_21:35:20.928 [main] DEBUG org.apache.http.headers - >> User-Agent: Apache-HttpClient/4.5.2 (Java/1.8.0_202)
2022-01-18_21:35:20.928 [main] DEBUG org.apache.http.headers - >> Accept-Encoding: gzip,deflate
2022-01-18_21:35:20.928 [main] DEBUG org.apache.http.wire -  >> "{"isLinkToBeSentOnMobile":true,"checksum":"5x3GNrnStyS2PkMvV6EeAw==","cardDetailList":[{"amount":"1000","mobileNumber":"8284854535","customerName":"afzal","email":"afzal.ahmed@pinelabs.com"}],"externalRequestId":"8EK1yp0","cardSchemeId":"7"}"
2022-01-18_21:35:21.346 [main] DEBUG org.apache.http.wire -  << "HTTP/1.1 200 [\r][\n]"
2022-01-18_21:35:21.346 [main] DEBUG org.apache.http.wire -  << "Access-Control-Allow-Methods: GET, POST[\r][\n]"
2022-01-18_21:35:21.346 [main] DEBUG org.apache.http.wire -  << "Access-Control-Allow-Origin: *[\r][\n]"
2022-01-18_21:35:21.346 [main] DEBUG org.apache.http.wire -  << "Content-Security-Policy: default-src 'none'[\r][\n]"
2022-01-18_21:35:21.347 [main] DEBUG org.apache.http.wire -  << "Feature-Policy: 'none'[\r][\n]"
2022-01-18_21:35:21.347 [main] DEBUG org.apache.http.wire -  << "Referrer-Policy: no-referrer[\r][\n]"
2022-01-18_21:35:21.347 [main] DEBUG org.apache.http.wire -  << "Strict-Transport-Security: max-age=31536000 ; includeSubDomains[\r][\n]"
2022-01-18_21:35:21.347 [main] DEBUG org.apache.http.wire -  << "Date: Tue, 18 Jan 2022 16:05:20 GMT[\r][\n]"
2022-01-18_21:35:21.347 [main] DEBUG org.apache.http.wire -  << "Keep-Alive: timeout=60[\r][\n]"
2022-01-18_21:35:21.347 [main] DEBUG org.apache.http.wire -  << "Content-Type: application/json[\r][\n]"
2022-01-18_21:35:21.347 [main] DEBUG org.apache.http.wire -  << "Transfer-Encoding: chunked[\r][\n]"
2022-01-18_21:35:21.347 [main] DEBUG org.apache.http.wire -  << "Connection: keep-alive[\r][\n]"
2022-01-18_21:35:21.347 [main] DEBUG org.apache.http.wire -  << "[\r][\n]"
2022-01-18_21:35:21.347 [main] DEBUG o.a.h.i.conn.DefaultClientConnection - Receiving response: HTTP/1.1 200 
2022-01-18_21:35:21.347 [main] DEBUG org.apache.http.headers - << HTTP/1.1 200 
2022-01-18_21:35:21.348 [main] DEBUG org.apache.http.headers - << Access-Control-Allow-Methods: GET, POST
2022-01-18_21:35:21.348 [main] DEBUG org.apache.http.headers - << Access-Control-Allow-Origin: *
2022-01-18_21:35:21.348 [main] DEBUG org.apache.http.headers - << Content-Security-Policy: default-src 'none'
2022-01-18_21:35:21.348 [main] DEBUG org.apache.http.headers - << Feature-Policy: 'none'
2022-01-18_21:35:21.348 [main] DEBUG org.apache.http.headers - << Referrer-Policy: no-referrer
2022-01-18_21:35:21.348 [main] DEBUG org.apache.http.headers - << Strict-Transport-Security: max-age=31536000 ; includeSubDomains
2022-01-18_21:35:21.349 [main] DEBUG org.apache.http.headers - << Date: Tue, 18 Jan 2022 16:05:20 GMT
2022-01-18_21:35:21.349 [main] DEBUG org.apache.http.headers - << Keep-Alive: timeout=60
2022-01-18_21:35:21.349 [main] DEBUG org.apache.http.headers - << Content-Type: application/json
2022-01-18_21:35:21.349 [main] DEBUG org.apache.http.headers - << Transfer-Encoding: chunked
2022-01-18_21:35:21.349 [main] DEBUG org.apache.http.headers - << Connection: keep-alive
2022-01-18_21:35:21.349 [main] DEBUG o.a.h.impl.client.DefaultHttpClient - Connection can be kept alive for 60000 MILLISECONDS
2022-01-18_21:35:21.350 [main] DEBUG i.r.i.RequestSpecificationImpl$RestAssuredHttpBuilder - Parsing response as: application/json
2022-01-18_21:35:21.350 [main] DEBUG i.r.i.RequestSpecificationImpl$RestAssuredHttpBuilder - Parsed data to instance of: class org.apache.http.conn.EofSensorInputStream
2022-01-18_21:35:21.351 [main] INFO  com.qc.BaseAPI - Method :POST
2022-01-18_21:35:21.355 [main] INFO  com.qc.BaseAPI - URI :https://apitest.pineperks.in/card/order/V1/instant/issue/nonreloadable/digital
2022-01-18_21:35:21.355 [main] INFO  com.qc.BaseAPI - Headers :token=6cb8dc6b22614f7a9dfc090be58d17fa
userName=A0aCcnPzDANtKmvSLPKcaw==
Accept=*/*
Content-Type=application/json; charset=UTF-8
2022-01-18_21:35:21.356 [main] INFO  com.qc.BaseAPI - Body :{"isLinkToBeSentOnMobile":true,"checksum":"5x3GNrnStyS2PkMvV6EeAw==","cardDetailList":[{"amount":"1000","mobileNumber":"8284854535","customerName":"afzal","email":"afzal.ahmed@pinelabs.com"}],"externalRequestId":"8EK1yp0","cardSchemeId":"7"}
2022-01-18_21:35:21.356 [main] INFO  com.qc.BaseAPI - ********************RESPONSE********************
2022-01-18_21:35:21.356 [main] DEBUG org.apache.http.wire -  << "1f2[\r][\n]"
2022-01-18_21:35:21.356 [main] DEBUG org.apache.http.wire -  << "{"externalRequestId":"8EK1yp0","orderId":102967,"orderStatus":6,"cardDetailResponseList":[{"referenceNumber":5482418556,"serialNumber":10296700010001,"customerName":"afzal","mobileNumber":8284854535,"email":"afzal.ahmed@pinelabs.com","amount":1000,"cardLink":"test.pineperks.in/eCard?c=7CLeq.qB1JH7-5d0MkCDXg2","responseCode":0,"responseMessage":"Success"}],"successCount":1,"failedCount":0,"orderAmount":1000,"issuanceCharge":100,"netOrderAmount":1100,"responseCode":0,"responseMessage":"Success"}"
2022-01-18_21:35:21.357 [main] DEBUG org.apache.http.wire -  << "[\r][\n]"
2022-01-18_21:35:21.357 [main] DEBUG org.apache.http.wire -  << "0[\r][\n]"
2022-01-18_21:35:21.357 [main] DEBUG org.apache.http.wire -  << "[\r][\n]"
2022-01-18_21:35:21.357 [main] DEBUG o.a.h.i.c.BasicClientConnectionManager - Releasing connection org.apache.http.impl.conn.ManagedClientConnectionImpl@55b2cdcb
2022-01-18_21:35:21.357 [main] DEBUG o.a.h.i.c.BasicClientConnectionManager - Connection can be kept alive for 60000 MILLISECONDS
2022-01-18_21:35:21.360 [main] INFO  com.qc.BaseAPI - Response :{
    "externalRequestId": "8EK1yp0",
    "orderId": 102967,
    "orderStatus": 6,
    "cardDetailResponseList": [
        {
            "referenceNumber": 5482418556,
            "serialNumber": 10296700010001,
            "customerName": "afzal",
            "mobileNumber": 8284854535,
            "email": "afzal.ahmed@pinelabs.com",
            "amount": 1000,
            "cardLink": "test.pineperks.in/eCard?c=7CLeq.qB1JH7-5d0MkCDXg2",
            "responseCode": 0,
            "responseMessage": "Success"
        }
    ],
    "successCount": 1,
    "failedCount": 0,
    "orderAmount": 1000,
    "issuanceCharge": 100,
    "netOrderAmount": 1100,
    "responseCode": 0,
    "responseMessage": "Success"
}
2022-01-18_21:35:21.361 [main] INFO  com.qc.BaseAPI -  **** POST call Response time 669 ms
2022-01-18_21:35:21.361 [main] INFO  pl.rest.service.CardIssue - Time Taken to perform https://apitest.pineperks.in/card/order/V1/instant/issue/nonreloadable/digital transaction: 669
2022-01-18_21:35:22.003 [main] INFO  pl.rest.utils.DBUtils - Query being executed Select * from ExternalRequestDetail where ordersummaryid=102967;
2022-01-18_21:35:22.047 [main] ERROR com.qc.qa.utils.LoadProperties - Missing MySQLDBEnvironment property value in system property or in config.properties files.Please add it if incase required
2022-01-18_21:35:22.049 [main] INFO  com.qc.qa.dbutils.DBPoolProvider - Con pool Total - 400, idle - 0,  Num active - 0
2022-01-18_21:35:22.050 [main] INFO  com.qc.qa.dbutils.DBPoolProvider - Retrieved connection
2022-01-18_21:35:23.247 [main] INFO  pl.rest.utils.DBUtils - Query being executed Select * from card where ordersummaryid=102967;
2022-01-18_21:35:23.248 [main] INFO  com.qc.qa.dbutils.DBPoolProvider - Con pool Total - 400, idle - 1,  Num active - 0
2022-01-18_21:35:23.248 [main] INFO  com.qc.qa.dbutils.DBPoolProvider - Retrieved connection
2022-01-18_21:35:23.490 [main] INFO  pl.rest.CustomHooks - SCENARIO NAME: Issuing a instant non reloadable card
2022-01-18_21:35:23.490 [main] INFO  pl.rest.CustomHooks - TAG NAMEs: [@Regression, @DB]
2022-01-18_21:35:23.491 [main] INFO  pl.rest.CustomHooks - SCENARIO NAME: Issuing a instant non reloadable card
2022-01-18_21:35:23.491 [main] INFO  pl.rest.CustomHooks - TAG NAMEs: [@Regression, @DB]
2022-01-18_21:35:23.492 [main] INFO  pl.rest.CustomHooks - Index: 0, Size: 0
2022-01-18_21:35:23.780 [main] INFO  pl.rest.service.Authorize - Authorize Rest API URL :- https://apitest.pineperks.in/auth/V1/generate/token
2022-01-18_21:35:23.780 [main] INFO  com.qc.BaseAPI - GET call to URL https://apitest.pineperks.in/auth/V1/generate/token
2022-01-18_21:35:23.788 [main] INFO  com.qc.BaseAPI - ********************REQUEST********************
2022-01-18_21:35:23.955 [Finalizer] DEBUG o.a.h.i.conn.DefaultClientConnection - Connection 0.0.0.0:65280<->14.143.120.84:443 closed
2022-01-18_21:35:23.956 [Finalizer] DEBUG o.a.h.i.conn.DefaultClientConnection - Connection 0.0.0.0:65281<->14.143.120.84:443 closed
2022-01-18_21:35:23.961 [main] DEBUG o.a.h.i.c.BasicClientConnectionManager - Get connection for route {s}->https://apitest.pineperks.in:443
2022-01-18_21:35:23.962 [main] DEBUG o.a.h.i.c.DefaultClientConnectionOperator - Connecting to apitest.pineperks.in:443
2022-01-18_21:35:24.171 [main] DEBUG o.a.h.c.protocol.RequestAddCookies - CookieSpec selected: ignoreCookies
2022-01-18_21:35:24.172 [main] DEBUG o.a.h.c.protocol.RequestAuthCache - Auth cache not set in the context
2022-01-18_21:35:24.172 [main] DEBUG o.a.h.c.p.RequestTargetAuthentication - Target auth state: UNCHALLENGED
2022-01-18_21:35:24.172 [main] DEBUG o.a.h.c.p.RequestProxyAuthentication - Proxy auth state: UNCHALLENGED
2022-01-18_21:35:24.172 [main] DEBUG o.a.h.impl.client.DefaultHttpClient - Attempt 1 to execute request
2022-01-18_21:35:24.173 [main] DEBUG o.a.h.i.conn.DefaultClientConnection - Sending request: GET /auth/V1/generate/token HTTP/1.1
2022-01-18_21:35:24.173 [main] DEBUG org.apache.http.wire -  >> "GET /auth/V1/generate/token HTTP/1.1[\r][\n]"
2022-01-18_21:35:24.173 [main] DEBUG org.apache.http.wire -  >> "Content-Type: application/json; charset=UTF-8[\r][\n]"
2022-01-18_21:35:24.174 [main] DEBUG org.apache.http.wire -  >> "Accept: */*[\r][\n]"
2022-01-18_21:35:24.174 [main] DEBUG org.apache.http.wire -  >> "userName: A0aCcnPzDANtKmvSLPKcaw==[\r][\n]"
2022-01-18_21:35:24.175 [main] DEBUG org.apache.http.wire -  >> "Host: apitest.pineperks.in[\r][\n]"
2022-01-18_21:35:24.175 [main] DEBUG org.apache.http.wire -  >> "Connection: Keep-Alive[\r][\n]"
2022-01-18_21:35:24.175 [main] DEBUG org.apache.http.wire -  >> "User-Agent: Apache-HttpClient/4.5.2 (Java/1.8.0_202)[\r][\n]"
2022-01-18_21:35:24.175 [main] DEBUG org.apache.http.wire -  >> "Accept-Encoding: gzip,deflate[\r][\n]"
2022-01-18_21:35:24.176 [main] DEBUG org.apache.http.wire -  >> "[\r][\n]"
2022-01-18_21:35:24.176 [main] DEBUG org.apache.http.headers - >> GET /auth/V1/generate/token HTTP/1.1
2022-01-18_21:35:24.177 [main] DEBUG org.apache.http.headers - >> Content-Type: application/json; charset=UTF-8
2022-01-18_21:35:24.177 [main] DEBUG org.apache.http.headers - >> Accept: */*
2022-01-18_21:35:24.177 [main] DEBUG org.apache.http.headers - >> userName: A0aCcnPzDANtKmvSLPKcaw==
2022-01-18_21:35:24.177 [main] DEBUG org.apache.http.headers - >> Host: apitest.pineperks.in
2022-01-18_21:35:24.177 [main] DEBUG org.apache.http.headers - >> Connection: Keep-Alive
2022-01-18_21:35:24.177 [main] DEBUG org.apache.http.headers - >> User-Agent: Apache-HttpClient/4.5.2 (Java/1.8.0_202)
2022-01-18_21:35:24.177 [main] DEBUG org.apache.http.headers - >> Accept-Encoding: gzip,deflate
2022-01-18_21:35:24.211 [main] DEBUG org.apache.http.wire -  << "HTTP/1.1 200 [\r][\n]"
2022-01-18_21:35:24.212 [main] DEBUG org.apache.http.wire -  << "Access-Control-Allow-Methods: GET, POST[\r][\n]"
2022-01-18_21:35:24.212 [main] DEBUG org.apache.http.wire -  << "Access-Control-Allow-Origin: *[\r][\n]"
2022-01-18_21:35:24.212 [main] DEBUG org.apache.http.wire -  << "Content-Security-Policy: default-src 'none'[\r][\n]"
2022-01-18_21:35:24.213 [main] DEBUG org.apache.http.wire -  << "Feature-Policy: 'none'[\r][\n]"
2022-01-18_21:35:24.213 [main] DEBUG org.apache.http.wire -  << "Referrer-Policy: no-referrer[\r][\n]"
2022-01-18_21:35:24.213 [main] DEBUG org.apache.http.wire -  << "Strict-Transport-Security: max-age=31536000 ; includeSubDomains[\r][\n]"
2022-01-18_21:35:24.213 [main] DEBUG org.apache.http.wire -  << "Date: Tue, 18 Jan 2022 16:05:24 GMT[\r][\n]"
2022-01-18_21:35:24.214 [main] DEBUG org.apache.http.wire -  << "Keep-Alive: timeout=60[\r][\n]"
2022-01-18_21:35:24.214 [main] DEBUG org.apache.http.wire -  << "Content-Type: application/json[\r][\n]"
2022-01-18_21:35:24.215 [main] DEBUG org.apache.http.wire -  << "Transfer-Encoding: chunked[\r][\n]"
2022-01-18_21:35:24.215 [main] DEBUG org.apache.http.wire -  << "Connection: keep-alive[\r][\n]"
2022-01-18_21:35:24.215 [main] DEBUG org.apache.http.wire -  << "[\r][\n]"
2022-01-18_21:35:24.215 [main] DEBUG o.a.h.i.conn.DefaultClientConnection - Receiving response: HTTP/1.1 200 
2022-01-18_21:35:24.215 [main] DEBUG org.apache.http.headers - << HTTP/1.1 200 
2022-01-18_21:35:24.215 [main] DEBUG org.apache.http.headers - << Access-Control-Allow-Methods: GET, POST
2022-01-18_21:35:24.216 [main] DEBUG org.apache.http.headers - << Access-Control-Allow-Origin: *
2022-01-18_21:35:24.216 [main] DEBUG org.apache.http.headers - << Content-Security-Policy: default-src 'none'
2022-01-18_21:35:24.216 [main] DEBUG org.apache.http.headers - << Feature-Policy: 'none'
2022-01-18_21:35:24.216 [main] DEBUG org.apache.http.headers - << Referrer-Policy: no-referrer
2022-01-18_21:35:24.216 [main] DEBUG org.apache.http.headers - << Strict-Transport-Security: max-age=31536000 ; includeSubDomains
2022-01-18_21:35:24.216 [main] DEBUG org.apache.http.headers - << Date: Tue, 18 Jan 2022 16:05:24 GMT
2022-01-18_21:35:24.216 [main] DEBUG org.apache.http.headers - << Keep-Alive: timeout=60
2022-01-18_21:35:24.216 [main] DEBUG org.apache.http.headers - << Content-Type: application/json
2022-01-18_21:35:24.216 [main] DEBUG org.apache.http.headers - << Transfer-Encoding: chunked
2022-01-18_21:35:24.217 [main] DEBUG org.apache.http.headers - << Connection: keep-alive
2022-01-18_21:35:24.217 [main] DEBUG o.a.h.impl.client.DefaultHttpClient - Connection can be kept alive for 60000 MILLISECONDS
2022-01-18_21:35:24.217 [main] DEBUG i.r.i.RequestSpecificationImpl$RestAssuredHttpBuilder - Parsing response as: application/json
2022-01-18_21:35:24.217 [main] DEBUG i.r.i.RequestSpecificationImpl$RestAssuredHttpBuilder - Parsed data to instance of: class org.apache.http.conn.EofSensorInputStream
2022-01-18_21:35:24.219 [main] INFO  com.qc.BaseAPI - Method :GET
2022-01-18_21:35:24.220 [main] INFO  com.qc.BaseAPI - URI :https://apitest.pineperks.in/auth/V1/generate/token
2022-01-18_21:35:24.221 [main] INFO  com.qc.BaseAPI - Headers :userName=A0aCcnPzDANtKmvSLPKcaw==
Accept=*/*
Content-Type=application/json; charset=UTF-8
2022-01-18_21:35:24.221 [main] INFO  com.qc.BaseAPI - Body :null
2022-01-18_21:35:24.221 [main] INFO  com.qc.BaseAPI - ********************RESPONSE********************
2022-01-18_21:35:24.221 [main] DEBUG org.apache.http.wire -  << "7f[\r][\n]"
2022-01-18_21:35:24.221 [main] DEBUG org.apache.http.wire -  << "{"accessToken":"75bffa33bf5540e0b60012ced7c2fd0d","tokenExpiryTime":"18-May-2022","responseCode":0,"responseMessage":"Success"}"
2022-01-18_21:35:24.221 [main] DEBUG org.apache.http.wire -  << "[\r][\n]"
2022-01-18_21:35:24.222 [main] DEBUG org.apache.http.wire -  << "0[\r][\n]"
2022-01-18_21:35:24.222 [main] DEBUG org.apache.http.wire -  << "[\r][\n]"
2022-01-18_21:35:24.222 [main] DEBUG o.a.h.i.c.BasicClientConnectionManager - Releasing connection org.apache.http.impl.conn.ManagedClientConnectionImpl@7e4fdc9d
2022-01-18_21:35:24.222 [main] DEBUG o.a.h.i.c.BasicClientConnectionManager - Connection can be kept alive for 60000 MILLISECONDS
2022-01-18_21:35:24.223 [main] INFO  com.qc.BaseAPI - Response :{
    "accessToken": "75bffa33bf5540e0b60012ced7c2fd0d",
    "tokenExpiryTime": "18-May-2022",
    "responseCode": 0,
    "responseMessage": "Success"
}
2022-01-18_21:35:24.223 [main] INFO  com.qc.BaseAPI -  **** GET call Response time 426 ms
2022-01-18_21:35:24.223 [main] INFO  pl.rest.service.Authorize - Time Taken to perform https://apitest.pineperks.in/auth/V1/generate/token transaction: 426
2022-01-18_21:35:24.229 [main] INFO  com.qc.qa.utils.TestDataReader - Reading Json data authorizeHeaders
2022-01-18_21:35:24.234 [main] INFO  com.qc.qa.utils.TestDataReader - Reading json data from file @ testData/api/devAPIData.json
2022-01-18_21:35:24.237 [main] INFO  pl.rest.service.CardIssue - CardIssue Rest API URL :- https://apitest.pineperks.in/card/order/V2/instant/issue/nonreloadable/digital
2022-01-18_21:35:24.237 [main] INFO  com.qc.BaseAPI - POST call to URL https://apitest.pineperks.in/card/order/V2/instant/issue/nonreloadable/digital
2022-01-18_21:35:24.246 [main] INFO  com.qc.BaseAPI - ********************REQUEST********************
2022-01-18_21:35:24.257 [main] DEBUG o.a.h.i.c.BasicClientConnectionManager - Get connection for route {s}->https://apitest.pineperks.in:443
2022-01-18_21:35:24.258 [main] DEBUG o.a.h.i.c.DefaultClientConnectionOperator - Connecting to apitest.pineperks.in:443
2022-01-18_21:35:24.440 [main] DEBUG o.a.h.c.protocol.RequestAddCookies - CookieSpec selected: ignoreCookies
2022-01-18_21:35:24.441 [main] DEBUG o.a.h.c.protocol.RequestAuthCache - Auth cache not set in the context
2022-01-18_21:35:24.441 [main] DEBUG o.a.h.c.p.RequestTargetAuthentication - Target auth state: UNCHALLENGED
2022-01-18_21:35:24.441 [main] DEBUG o.a.h.c.p.RequestProxyAuthentication - Proxy auth state: UNCHALLENGED
2022-01-18_21:35:24.442 [main] DEBUG o.a.h.impl.client.DefaultHttpClient - Attempt 1 to execute request
2022-01-18_21:35:24.442 [main] DEBUG o.a.h.i.conn.DefaultClientConnection - Sending request: POST /card/order/V2/instant/issue/nonreloadable/digital HTTP/1.1
2022-01-18_21:35:24.443 [main] DEBUG org.apache.http.wire -  >> "POST /card/order/V2/instant/issue/nonreloadable/digital HTTP/1.1[\r][\n]"
2022-01-18_21:35:24.443 [main] DEBUG org.apache.http.wire -  >> "X-PinePerks-UserName: A0aCcnPzDANtKmvSLPKcaw==[\r][\n]"
2022-01-18_21:35:24.443 [main] DEBUG org.apache.http.wire -  >> "Accept: */*[\r][\n]"
2022-01-18_21:35:24.443 [main] DEBUG org.apache.http.wire -  >> "X-PinePerks-Token: 75bffa33bf5540e0b60012ced7c2fd0d[\r][\n]"
2022-01-18_21:35:24.444 [main] DEBUG org.apache.http.wire -  >> "Content-Type: application/json; charset=UTF-8[\r][\n]"
2022-01-18_21:35:24.444 [main] DEBUG org.apache.http.wire -  >> "Content-Length: 211[\r][\n]"
2022-01-18_21:35:24.444 [main] DEBUG org.apache.http.wire -  >> "Host: apitest.pineperks.in[\r][\n]"
2022-01-18_21:35:24.444 [main] DEBUG org.apache.http.wire -  >> "Connection: Keep-Alive[\r][\n]"
2022-01-18_21:35:24.444 [main] DEBUG org.apache.http.wire -  >> "User-Agent: Apache-HttpClient/4.5.2 (Java/1.8.0_202)[\r][\n]"
2022-01-18_21:35:24.444 [main] DEBUG org.apache.http.wire -  >> "Accept-Encoding: gzip,deflate[\r][\n]"
2022-01-18_21:35:24.444 [main] DEBUG org.apache.http.wire -  >> "[\r][\n]"
2022-01-18_21:35:24.444 [main] DEBUG org.apache.http.headers - >> POST /card/order/V2/instant/issue/nonreloadable/digital HTTP/1.1
2022-01-18_21:35:24.444 [main] DEBUG org.apache.http.headers - >> X-PinePerks-UserName: A0aCcnPzDANtKmvSLPKcaw==
2022-01-18_21:35:24.444 [main] DEBUG org.apache.http.headers - >> Accept: */*
2022-01-18_21:35:24.445 [main] DEBUG org.apache.http.headers - >> X-PinePerks-Token: 75bffa33bf5540e0b60012ced7c2fd0d
2022-01-18_21:35:24.445 [main] DEBUG org.apache.http.headers - >> Content-Type: application/json; charset=UTF-8
2022-01-18_21:35:24.445 [main] DEBUG org.apache.http.headers - >> Content-Length: 211
2022-01-18_21:35:24.445 [main] DEBUG org.apache.http.headers - >> Host: apitest.pineperks.in
2022-01-18_21:35:24.445 [main] DEBUG org.apache.http.headers - >> Connection: Keep-Alive
2022-01-18_21:35:24.445 [main] DEBUG org.apache.http.headers - >> User-Agent: Apache-HttpClient/4.5.2 (Java/1.8.0_202)
2022-01-18_21:35:24.445 [main] DEBUG org.apache.http.headers - >> Accept-Encoding: gzip,deflate
2022-01-18_21:35:24.445 [main] DEBUG org.apache.http.wire -  >> "{"checksum":"5x3GNrnStyS2PkMvV6EeAw==","cardDetailList":[{"amount":"1000","mobileNumber":"8284854535","customerName":"afzal","email":"afzal.ahmed@pinelabs.com"}],"externalRequestId":"cB35bxV","cardSchemeId":"7"}"
2022-01-18_21:35:24.725 [main] DEBUG org.apache.http.wire -  << "HTTP/1.1 200 [\r][\n]"
2022-01-18_21:35:24.726 [main] DEBUG org.apache.http.wire -  << "Access-Control-Allow-Methods: GET, POST[\r][\n]"
2022-01-18_21:35:24.726 [main] DEBUG org.apache.http.wire -  << "Access-Control-Allow-Origin: *[\r][\n]"
2022-01-18_21:35:24.726 [main] DEBUG org.apache.http.wire -  << "Content-Security-Policy: default-src 'none'[\r][\n]"
2022-01-18_21:35:24.727 [main] DEBUG org.apache.http.wire -  << "Feature-Policy: 'none'[\r][\n]"
2022-01-18_21:35:24.727 [main] DEBUG org.apache.http.wire -  << "Referrer-Policy: no-referrer[\r][\n]"
2022-01-18_21:35:24.727 [main] DEBUG org.apache.http.wire -  << "Strict-Transport-Security: max-age=31536000 ; includeSubDomains[\r][\n]"
2022-01-18_21:35:24.727 [main] DEBUG org.apache.http.wire -  << "Date: Tue, 18 Jan 2022 16:05:24 GMT[\r][\n]"
2022-01-18_21:35:24.727 [main] DEBUG org.apache.http.wire -  << "Keep-Alive: timeout=60[\r][\n]"
2022-01-18_21:35:24.727 [main] DEBUG org.apache.http.wire -  << "Content-Type: application/json[\r][\n]"
2022-01-18_21:35:24.727 [main] DEBUG org.apache.http.wire -  << "Transfer-Encoding: chunked[\r][\n]"
2022-01-18_21:35:24.728 [main] DEBUG org.apache.http.wire -  << "Connection: keep-alive[\r][\n]"
2022-01-18_21:35:24.728 [main] DEBUG org.apache.http.wire -  << "[\r][\n]"
2022-01-18_21:35:24.728 [main] DEBUG o.a.h.i.conn.DefaultClientConnection - Receiving response: HTTP/1.1 200 
2022-01-18_21:35:24.728 [main] DEBUG org.apache.http.headers - << HTTP/1.1 200 
2022-01-18_21:35:24.729 [main] DEBUG org.apache.http.headers - << Access-Control-Allow-Methods: GET, POST
2022-01-18_21:35:24.729 [main] DEBUG org.apache.http.headers - << Access-Control-Allow-Origin: *
2022-01-18_21:35:24.729 [main] DEBUG org.apache.http.headers - << Content-Security-Policy: default-src 'none'
2022-01-18_21:35:24.729 [main] DEBUG org.apache.http.headers - << Feature-Policy: 'none'
2022-01-18_21:35:24.729 [main] DEBUG org.apache.http.headers - << Referrer-Policy: no-referrer
2022-01-18_21:35:24.729 [main] DEBUG org.apache.http.headers - << Strict-Transport-Security: max-age=31536000 ; includeSubDomains
2022-01-18_21:35:24.729 [main] DEBUG org.apache.http.headers - << Date: Tue, 18 Jan 2022 16:05:24 GMT
2022-01-18_21:35:24.729 [main] DEBUG org.apache.http.headers - << Keep-Alive: timeout=60
2022-01-18_21:35:24.729 [main] DEBUG org.apache.http.headers - << Content-Type: application/json
2022-01-18_21:35:24.729 [main] DEBUG org.apache.http.headers - << Transfer-Encoding: chunked
2022-01-18_21:35:24.729 [main] DEBUG org.apache.http.headers - << Connection: keep-alive
2022-01-18_21:35:24.729 [main] DEBUG o.a.h.impl.client.DefaultHttpClient - Connection can be kept alive for 60000 MILLISECONDS
2022-01-18_21:35:24.730 [main] DEBUG i.r.i.RequestSpecificationImpl$RestAssuredHttpBuilder - Parsing response as: application/json
2022-01-18_21:35:24.730 [main] DEBUG i.r.i.RequestSpecificationImpl$RestAssuredHttpBuilder - Parsed data to instance of: class org.apache.http.conn.EofSensorInputStream
2022-01-18_21:35:24.731 [main] INFO  com.qc.BaseAPI - Method :POST
2022-01-18_21:35:24.732 [main] INFO  com.qc.BaseAPI - URI :https://apitest.pineperks.in/card/order/V2/instant/issue/nonreloadable/digital
2022-01-18_21:35:24.733 [main] INFO  com.qc.BaseAPI - Headers :X-PinePerks-Token=75bffa33bf5540e0b60012ced7c2fd0d
X-PinePerks-UserName=A0aCcnPzDANtKmvSLPKcaw==
Accept=*/*
Content-Type=application/json; charset=UTF-8
2022-01-18_21:35:24.733 [main] INFO  com.qc.BaseAPI - Body :{"checksum":"5x3GNrnStyS2PkMvV6EeAw==","cardDetailList":[{"amount":"1000","mobileNumber":"8284854535","customerName":"afzal","email":"afzal.ahmed@pinelabs.com"}],"externalRequestId":"cB35bxV","cardSchemeId":"7"}
2022-01-18_21:35:24.733 [main] INFO  com.qc.BaseAPI - ********************RESPONSE********************
2022-01-18_21:35:24.733 [main] DEBUG org.apache.http.wire -  << "1f2[\r][\n]"
2022-01-18_21:35:24.733 [main] DEBUG org.apache.http.wire -  << "{"externalRequestId":"cB35bxV","orderId":102968,"orderStatus":6,"cardDetailResponseList":[{"referenceNumber":1111576813,"serialNumber":10296800010001,"customerName":"afzal","mobileNumber":8284854535,"email":"afzal.ahmed@pinelabs.com","amount":1000,"cardLink":"test.pineperks.in/eCard?c=MHacDpkjtZF5-C1u5n7BZw2","responseCode":0,"responseMessage":"Success"}],"successCount":1,"failedCount":0,"orderAmount":1000,"issuanceCharge":100,"netOrderAmount":1100,"responseCode":0,"responseMessage":"Success"}"
2022-01-18_21:35:24.733 [main] DEBUG org.apache.http.wire -  << "[\r][\n]"
2022-01-18_21:35:24.734 [main] DEBUG org.apache.http.wire -  << "0[\r][\n]"
2022-01-18_21:35:24.734 [main] DEBUG org.apache.http.wire -  << "[\r][\n]"
2022-01-18_21:35:24.735 [main] DEBUG o.a.h.i.c.BasicClientConnectionManager - Releasing connection org.apache.http.impl.conn.ManagedClientConnectionImpl@128fbe24
2022-01-18_21:35:24.735 [main] DEBUG o.a.h.i.c.BasicClientConnectionManager - Connection can be kept alive for 60000 MILLISECONDS
2022-01-18_21:35:24.736 [main] INFO  com.qc.BaseAPI - Response :{
    "externalRequestId": "cB35bxV",
    "orderId": 102968,
    "orderStatus": 6,
    "cardDetailResponseList": [
        {
            "referenceNumber": 1111576813,
            "serialNumber": 10296800010001,
            "customerName": "afzal",
            "mobileNumber": 8284854535,
            "email": "afzal.ahmed@pinelabs.com",
            "amount": 1000,
            "cardLink": "test.pineperks.in/eCard?c=MHacDpkjtZF5-C1u5n7BZw2",
            "responseCode": 0,
            "responseMessage": "Success"
        }
    ],
    "successCount": 1,
    "failedCount": 0,
    "orderAmount": 1000,
    "issuanceCharge": 100,
    "netOrderAmount": 1100,
    "responseCode": 0,
    "responseMessage": "Success"
}
2022-01-18_21:35:24.737 [main] INFO  com.qc.BaseAPI -  **** POST call Response time 483 ms
2022-01-18_21:35:24.737 [main] INFO  pl.rest.service.CardIssue - Time Taken to perform https://apitest.pineperks.in/card/order/V2/instant/issue/nonreloadable/digital transaction: 483
