2021-12-15_13:04:00.864 [main] INFO  com.qc.qa.utils.TestDataReader - Reading API Test Data config values from  testData/api/devAPITestData.properties
2021-12-15_13:04:00.876 [main] INFO  pl.rest.service.Authorize - Authorize Rest API URL :- https://apitest.pineperks.in/auth/V1/generate/token
2021-12-15_13:04:00.876 [main] INFO  com.qc.BaseAPI - GET call to URL https://apitest.pineperks.in/auth/V1/generate/token
2021-12-15_13:04:01.197 [main] INFO  com.qc.BaseAPI - ********************REQUEST********************
2021-12-15_13:04:03.295 [main] DEBUG o.a.h.i.c.BasicClientConnectionManager - Get connection for route {s}->https://apitest.pineperks.in:443
2021-12-15_13:04:03.375 [main] DEBUG o.a.h.i.c.DefaultClientConnectionOperator - Connecting to apitest.pineperks.in:443
2021-12-15_13:04:03.579 [main] DEBUG o.a.h.c.protocol.RequestAddCookies - CookieSpec selected: ignoreCookies
2021-12-15_13:04:03.581 [main] DEBUG o.a.h.c.protocol.RequestAuthCache - Auth cache not set in the context
2021-12-15_13:04:03.581 [main] DEBUG o.a.h.c.p.RequestTargetAuthentication - Target auth state: UNCHALLENGED
2021-12-15_13:04:03.582 [main] DEBUG o.a.h.c.p.RequestProxyAuthentication - Proxy auth state: UNCHALLENGED
2021-12-15_13:04:03.583 [main] DEBUG o.a.h.impl.client.DefaultHttpClient - Attempt 1 to execute request
2021-12-15_13:04:03.583 [main] DEBUG o.a.h.i.conn.DefaultClientConnection - Sending request: GET /auth/V1/generate/token HTTP/1.1
2021-12-15_13:04:03.583 [main] DEBUG org.apache.http.wire -  >> "GET /auth/V1/generate/token HTTP/1.1[\r][\n]"
2021-12-15_13:04:03.584 [main] DEBUG org.apache.http.wire -  >> "Content-Type: application/json; charset=UTF-8[\r][\n]"
2021-12-15_13:04:03.585 [main] DEBUG org.apache.http.wire -  >> "Accept: */*[\r][\n]"
2021-12-15_13:04:03.585 [main] DEBUG org.apache.http.wire -  >> "userName: A0aCcnPzDANtKmvSLPKcaw==[\r][\n]"
2021-12-15_13:04:03.585 [main] DEBUG org.apache.http.wire -  >> "Host: apitest.pineperks.in[\r][\n]"
2021-12-15_13:04:03.585 [main] DEBUG org.apache.http.wire -  >> "Connection: Keep-Alive[\r][\n]"
2021-12-15_13:04:03.585 [main] DEBUG org.apache.http.wire -  >> "User-Agent: Apache-HttpClient/4.5.2 (Java/1.8.0_202)[\r][\n]"
2021-12-15_13:04:03.585 [main] DEBUG org.apache.http.wire -  >> "Accept-Encoding: gzip,deflate[\r][\n]"
2021-12-15_13:04:03.585 [main] DEBUG org.apache.http.wire -  >> "[\r][\n]"
2021-12-15_13:04:03.586 [main] DEBUG org.apache.http.headers - >> GET /auth/V1/generate/token HTTP/1.1
2021-12-15_13:04:03.586 [main] DEBUG org.apache.http.headers - >> Content-Type: application/json; charset=UTF-8
2021-12-15_13:04:03.586 [main] DEBUG org.apache.http.headers - >> Accept: */*
2021-12-15_13:04:03.586 [main] DEBUG org.apache.http.headers - >> userName: A0aCcnPzDANtKmvSLPKcaw==
2021-12-15_13:04:03.586 [main] DEBUG org.apache.http.headers - >> Host: apitest.pineperks.in
2021-12-15_13:04:03.586 [main] DEBUG org.apache.http.headers - >> Connection: Keep-Alive
2021-12-15_13:04:03.586 [main] DEBUG org.apache.http.headers - >> User-Agent: Apache-HttpClient/4.5.2 (Java/1.8.0_202)
2021-12-15_13:04:03.586 [main] DEBUG org.apache.http.headers - >> Accept-Encoding: gzip,deflate
2021-12-15_13:04:03.667 [main] DEBUG org.apache.http.wire -  << "HTTP/1.1 200 [\r][\n]"
2021-12-15_13:04:03.670 [main] DEBUG org.apache.http.wire -  << "Access-Control-Allow-Methods: GET, POST[\r][\n]"
2021-12-15_13:04:03.671 [main] DEBUG org.apache.http.wire -  << "Access-Control-Allow-Origin: *[\r][\n]"
2021-12-15_13:04:03.672 [main] DEBUG org.apache.http.wire -  << "Content-Security-Policy: default-src 'none'[\r][\n]"
2021-12-15_13:04:03.672 [main] DEBUG org.apache.http.wire -  << "Feature-Policy: 'none'[\r][\n]"
2021-12-15_13:04:03.672 [main] DEBUG org.apache.http.wire -  << "Referrer-Policy: no-referrer[\r][\n]"
2021-12-15_13:04:03.672 [main] DEBUG org.apache.http.wire -  << "Strict-Transport-Security: max-age=31536000 ; includeSubDomains[\r][\n]"
2021-12-15_13:04:03.673 [main] DEBUG org.apache.http.wire -  << "Date: Wed, 15 Dec 2021 07:34:03 GMT[\r][\n]"
2021-12-15_13:04:03.673 [main] DEBUG org.apache.http.wire -  << "Keep-Alive: timeout=60[\r][\n]"
2021-12-15_13:04:03.673 [main] DEBUG org.apache.http.wire -  << "Content-Type: application/json[\r][\n]"
2021-12-15_13:04:03.673 [main] DEBUG org.apache.http.wire -  << "Transfer-Encoding: chunked[\r][\n]"
2021-12-15_13:04:03.674 [main] DEBUG org.apache.http.wire -  << "Connection: keep-alive[\r][\n]"
2021-12-15_13:04:03.674 [main] DEBUG org.apache.http.wire -  << "[\r][\n]"
2021-12-15_13:04:03.676 [main] DEBUG o.a.h.i.conn.DefaultClientConnection - Receiving response: HTTP/1.1 200 
2021-12-15_13:04:03.676 [main] DEBUG org.apache.http.headers - << HTTP/1.1 200 
2021-12-15_13:04:03.676 [main] DEBUG org.apache.http.headers - << Access-Control-Allow-Methods: GET, POST
2021-12-15_13:04:03.677 [main] DEBUG org.apache.http.headers - << Access-Control-Allow-Origin: *
2021-12-15_13:04:03.677 [main] DEBUG org.apache.http.headers - << Content-Security-Policy: default-src 'none'
2021-12-15_13:04:03.677 [main] DEBUG org.apache.http.headers - << Feature-Policy: 'none'
2021-12-15_13:04:03.677 [main] DEBUG org.apache.http.headers - << Referrer-Policy: no-referrer
2021-12-15_13:04:03.677 [main] DEBUG org.apache.http.headers - << Strict-Transport-Security: max-age=31536000 ; includeSubDomains
2021-12-15_13:04:03.677 [main] DEBUG org.apache.http.headers - << Date: Wed, 15 Dec 2021 07:34:03 GMT
2021-12-15_13:04:03.677 [main] DEBUG org.apache.http.headers - << Keep-Alive: timeout=60
2021-12-15_13:04:03.677 [main] DEBUG org.apache.http.headers - << Content-Type: application/json
2021-12-15_13:04:03.678 [main] DEBUG org.apache.http.headers - << Transfer-Encoding: chunked
2021-12-15_13:04:03.678 [main] DEBUG org.apache.http.headers - << Connection: keep-alive
2021-12-15_13:04:03.688 [main] DEBUG o.a.h.impl.client.DefaultHttpClient - Connection can be kept alive for 60000 MILLISECONDS
2021-12-15_13:04:03.714 [main] DEBUG i.r.i.RequestSpecificationImpl$RestAssuredHttpBuilder - Parsing response as: application/json
2021-12-15_13:04:03.715 [main] DEBUG i.r.i.RequestSpecificationImpl$RestAssuredHttpBuilder - Parsed data to instance of: class org.apache.http.conn.EofSensorInputStream
2021-12-15_13:04:03.736 [main] INFO  com.qc.BaseAPI - Method :GET
2021-12-15_13:04:03.739 [main] INFO  com.qc.BaseAPI - URI :https://apitest.pineperks.in/auth/V1/generate/token
2021-12-15_13:04:03.739 [main] INFO  com.qc.BaseAPI - Headers :userName=A0aCcnPzDANtKmvSLPKcaw==
Accept=*/*
Content-Type=application/json; charset=UTF-8
2021-12-15_13:04:03.739 [main] INFO  com.qc.BaseAPI - Body :null
2021-12-15_13:04:03.739 [main] INFO  com.qc.BaseAPI - ********************RESPONSE********************
2021-12-15_13:04:03.754 [main] DEBUG org.apache.http.wire -  << "7f[\r][\n]"
2021-12-15_13:04:03.754 [main] DEBUG org.apache.http.wire -  << "{"accessToken":"122603aed40e4b90815bbb71c5fec73b","tokenExpiryTime":"16-Dec-2021","responseCode":0,"responseMessage":"Success"}"
2021-12-15_13:04:03.755 [main] DEBUG org.apache.http.wire -  << "[\r][\n]"
2021-12-15_13:04:03.755 [main] DEBUG org.apache.http.wire -  << "0[\r][\n]"
2021-12-15_13:04:03.755 [main] DEBUG org.apache.http.wire -  << "[\r][\n]"
2021-12-15_13:04:03.756 [main] DEBUG o.a.h.i.c.BasicClientConnectionManager - Releasing connection org.apache.http.impl.conn.ManagedClientConnectionImpl@6571f64a
2021-12-15_13:04:03.756 [main] DEBUG o.a.h.i.c.BasicClientConnectionManager - Connection can be kept alive for 60000 MILLISECONDS
2021-12-15_13:04:03.790 [main] INFO  com.qc.BaseAPI - Response :{
    "accessToken": "122603aed40e4b90815bbb71c5fec73b",
    "tokenExpiryTime": "16-Dec-2021",
    "responseCode": 0,
    "responseMessage": "Success"
}
2021-12-15_13:04:03.794 [main] INFO  com.qc.BaseAPI -  **** GET call Response time 2515 ms
2021-12-15_13:04:03.795 [main] INFO  pl.rest.service.Authorize - Time Taken to perform https://apitest.pineperks.in/auth/V1/generate/token transaction: 2515
2021-12-15_13:04:04.133 [main] INFO  com.qc.qa.utils.TestDataReader - Reading Json data authorizeHeaders
2021-12-15_13:04:04.137 [main] INFO  com.qc.qa.utils.TestDataReader - Reading json data from file @ testData/api/devAPIData.json
2021-12-15_13:04:04.168 [main] INFO  pl.rest.service.CardIssue - CardIssue Rest API URL :- https://apitest.pineperks.in/card/order/V1/instant/issue/nonreloadable/digital
2021-12-15_13:04:04.168 [main] INFO  com.qc.BaseAPI - POST call to URL https://apitest.pineperks.in/card/order/V1/instant/issue/nonreloadable/digital
2021-12-15_13:04:04.185 [main] INFO  com.qc.BaseAPI - ********************REQUEST********************
2021-12-15_13:04:04.242 [main] DEBUG o.a.h.i.c.BasicClientConnectionManager - Get connection for route {s}->https://apitest.pineperks.in:443
2021-12-15_13:04:04.243 [main] DEBUG o.a.h.i.c.DefaultClientConnectionOperator - Connecting to apitest.pineperks.in:443
2021-12-15_13:04:04.361 [main] DEBUG o.a.h.c.protocol.RequestAddCookies - CookieSpec selected: ignoreCookies
2021-12-15_13:04:04.361 [main] DEBUG o.a.h.c.protocol.RequestAuthCache - Auth cache not set in the context
2021-12-15_13:04:04.361 [main] DEBUG o.a.h.c.p.RequestTargetAuthentication - Target auth state: UNCHALLENGED
2021-12-15_13:04:04.361 [main] DEBUG o.a.h.c.p.RequestProxyAuthentication - Proxy auth state: UNCHALLENGED
2021-12-15_13:04:04.361 [main] DEBUG o.a.h.impl.client.DefaultHttpClient - Attempt 1 to execute request
2021-12-15_13:04:04.362 [main] DEBUG o.a.h.i.conn.DefaultClientConnection - Sending request: POST /card/order/V1/instant/issue/nonreloadable/digital HTTP/1.1
2021-12-15_13:04:04.362 [main] DEBUG org.apache.http.wire -  >> "POST /card/order/V1/instant/issue/nonreloadable/digital HTTP/1.1[\r][\n]"
2021-12-15_13:04:04.362 [main] DEBUG org.apache.http.wire -  >> "Accept: */*[\r][\n]"
2021-12-15_13:04:04.362 [main] DEBUG org.apache.http.wire -  >> "userName: A0aCcnPzDANtKmvSLPKcaw==[\r][\n]"
2021-12-15_13:04:04.362 [main] DEBUG org.apache.http.wire -  >> "token: 122603aed40e4b90815bbb71c5fec73b[\r][\n]"
2021-12-15_13:04:04.363 [main] DEBUG org.apache.http.wire -  >> "Content-Type: application/json; charset=UTF-8[\r][\n]"
2021-12-15_13:04:04.363 [main] DEBUG org.apache.http.wire -  >> "Content-Length: 241[\r][\n]"
2021-12-15_13:04:04.363 [main] DEBUG org.apache.http.wire -  >> "Host: apitest.pineperks.in[\r][\n]"
2021-12-15_13:04:04.363 [main] DEBUG org.apache.http.wire -  >> "Connection: Keep-Alive[\r][\n]"
2021-12-15_13:04:04.363 [main] DEBUG org.apache.http.wire -  >> "User-Agent: Apache-HttpClient/4.5.2 (Java/1.8.0_202)[\r][\n]"
2021-12-15_13:04:04.363 [main] DEBUG org.apache.http.wire -  >> "Accept-Encoding: gzip,deflate[\r][\n]"
2021-12-15_13:04:04.363 [main] DEBUG org.apache.http.wire -  >> "[\r][\n]"
2021-12-15_13:04:04.363 [main] DEBUG org.apache.http.headers - >> POST /card/order/V1/instant/issue/nonreloadable/digital HTTP/1.1
2021-12-15_13:04:04.363 [main] DEBUG org.apache.http.headers - >> Accept: */*
2021-12-15_13:04:04.363 [main] DEBUG org.apache.http.headers - >> userName: A0aCcnPzDANtKmvSLPKcaw==
2021-12-15_13:04:04.364 [main] DEBUG org.apache.http.headers - >> token: 122603aed40e4b90815bbb71c5fec73b
2021-12-15_13:04:04.364 [main] DEBUG org.apache.http.headers - >> Content-Type: application/json; charset=UTF-8
2021-12-15_13:04:04.364 [main] DEBUG org.apache.http.headers - >> Content-Length: 241
2021-12-15_13:04:04.364 [main] DEBUG org.apache.http.headers - >> Host: apitest.pineperks.in
2021-12-15_13:04:04.364 [main] DEBUG org.apache.http.headers - >> Connection: Keep-Alive
2021-12-15_13:04:04.364 [main] DEBUG org.apache.http.headers - >> User-Agent: Apache-HttpClient/4.5.2 (Java/1.8.0_202)
2021-12-15_13:04:04.364 [main] DEBUG org.apache.http.headers - >> Accept-Encoding: gzip,deflate
2021-12-15_13:04:04.365 [main] DEBUG org.apache.http.wire -  >> "{"isLinkToBeSentOnMobile":true,"checksum":"5x3GNrnStyS2PkMvV6EeAw==","cardDetailList":[{"amount":"1000","mobileNumber":"8284854535","customerName":"afzal","email":"afzal.ahmed@pinelabs.com"}],"externalRequestId":"pQ7eXnG","cardSchemeId":"7"}"
2021-12-15_13:04:04.879 [main] DEBUG org.apache.http.wire -  << "HTTP/1.1 200 [\r][\n]"
2021-12-15_13:04:04.880 [main] DEBUG org.apache.http.wire -  << "Access-Control-Allow-Methods: GET, POST[\r][\n]"
2021-12-15_13:04:04.880 [main] DEBUG org.apache.http.wire -  << "Access-Control-Allow-Origin: *[\r][\n]"
2021-12-15_13:04:04.881 [main] DEBUG org.apache.http.wire -  << "Content-Security-Policy: default-src 'none'[\r][\n]"
2021-12-15_13:04:04.881 [main] DEBUG org.apache.http.wire -  << "Feature-Policy: 'none'[\r][\n]"
2021-12-15_13:04:04.881 [main] DEBUG org.apache.http.wire -  << "Referrer-Policy: no-referrer[\r][\n]"
2021-12-15_13:04:04.882 [main] DEBUG org.apache.http.wire -  << "Strict-Transport-Security: max-age=31536000 ; includeSubDomains[\r][\n]"
2021-12-15_13:04:04.882 [main] DEBUG org.apache.http.wire -  << "Date: Wed, 15 Dec 2021 07:34:04 GMT[\r][\n]"
2021-12-15_13:04:04.882 [main] DEBUG org.apache.http.wire -  << "Keep-Alive: timeout=60[\r][\n]"
2021-12-15_13:04:04.882 [main] DEBUG org.apache.http.wire -  << "Content-Type: application/json[\r][\n]"
2021-12-15_13:04:04.882 [main] DEBUG org.apache.http.wire -  << "Transfer-Encoding: chunked[\r][\n]"
2021-12-15_13:04:04.883 [main] DEBUG org.apache.http.wire -  << "Connection: keep-alive[\r][\n]"
2021-12-15_13:04:04.883 [main] DEBUG org.apache.http.wire -  << "[\r][\n]"
2021-12-15_13:04:04.883 [main] DEBUG o.a.h.i.conn.DefaultClientConnection - Receiving response: HTTP/1.1 200 
2021-12-15_13:04:04.883 [main] DEBUG org.apache.http.headers - << HTTP/1.1 200 
2021-12-15_13:04:04.883 [main] DEBUG org.apache.http.headers - << Access-Control-Allow-Methods: GET, POST
2021-12-15_13:04:04.883 [main] DEBUG org.apache.http.headers - << Access-Control-Allow-Origin: *
2021-12-15_13:04:04.883 [main] DEBUG org.apache.http.headers - << Content-Security-Policy: default-src 'none'
2021-12-15_13:04:04.884 [main] DEBUG org.apache.http.headers - << Feature-Policy: 'none'
2021-12-15_13:04:04.884 [main] DEBUG org.apache.http.headers - << Referrer-Policy: no-referrer
2021-12-15_13:04:04.884 [main] DEBUG org.apache.http.headers - << Strict-Transport-Security: max-age=31536000 ; includeSubDomains
2021-12-15_13:04:04.884 [main] DEBUG org.apache.http.headers - << Date: Wed, 15 Dec 2021 07:34:04 GMT
2021-12-15_13:04:04.884 [main] DEBUG org.apache.http.headers - << Keep-Alive: timeout=60
2021-12-15_13:04:04.885 [main] DEBUG org.apache.http.headers - << Content-Type: application/json
2021-12-15_13:04:04.885 [main] DEBUG org.apache.http.headers - << Transfer-Encoding: chunked
2021-12-15_13:04:04.885 [main] DEBUG org.apache.http.headers - << Connection: keep-alive
2021-12-15_13:04:04.885 [main] DEBUG o.a.h.impl.client.DefaultHttpClient - Connection can be kept alive for 60000 MILLISECONDS
2021-12-15_13:04:04.886 [main] DEBUG i.r.i.RequestSpecificationImpl$RestAssuredHttpBuilder - Parsing response as: application/json
2021-12-15_13:04:04.886 [main] DEBUG i.r.i.RequestSpecificationImpl$RestAssuredHttpBuilder - Parsed data to instance of: class org.apache.http.conn.EofSensorInputStream
2021-12-15_13:04:04.889 [main] INFO  com.qc.BaseAPI - Method :POST
2021-12-15_13:04:04.893 [main] INFO  com.qc.BaseAPI - URI :https://apitest.pineperks.in/card/order/V1/instant/issue/nonreloadable/digital
2021-12-15_13:04:04.893 [main] INFO  com.qc.BaseAPI - Headers :token=122603aed40e4b90815bbb71c5fec73b
userName=A0aCcnPzDANtKmvSLPKcaw==
Accept=*/*
Content-Type=application/json; charset=UTF-8
2021-12-15_13:04:04.893 [main] INFO  com.qc.BaseAPI - Body :{"isLinkToBeSentOnMobile":true,"checksum":"5x3GNrnStyS2PkMvV6EeAw==","cardDetailList":[{"amount":"1000","mobileNumber":"8284854535","customerName":"afzal","email":"afzal.ahmed@pinelabs.com"}],"externalRequestId":"pQ7eXnG","cardSchemeId":"7"}
2021-12-15_13:04:04.893 [main] INFO  com.qc.BaseAPI - ********************RESPONSE********************
2021-12-15_13:04:04.894 [main] DEBUG org.apache.http.wire -  << "1f1[\r][\n]"
2021-12-15_13:04:04.894 [main] DEBUG org.apache.http.wire -  << "{"externalRequestId":"pQ7eXnG","orderId":12434,"orderStatus":6,"cardDetailResponseList":[{"referenceNumber":8653141468,"serialNumber":12434000010001,"customerName":"afzal","mobileNumber":8284854535,"email":"afzal.ahmed@pinelabs.com","amount":1000,"cardLink":"test.pineperks.in/eCard?c=yTeaR07KIE5Tb10QOEux4g2","responseCode":0,"responseMessage":"Success"}],"successCount":1,"failedCount":0,"orderAmount":1000,"issuanceCharge":100,"netOrderAmount":1100,"responseCode":0,"responseMessage":"Success"}"
2021-12-15_13:04:04.894 [main] DEBUG org.apache.http.wire -  << "[\r][\n]"
2021-12-15_13:04:04.895 [main] DEBUG org.apache.http.wire -  << "0[\r][\n]"
2021-12-15_13:04:04.895 [main] DEBUG org.apache.http.wire -  << "[\r][\n]"
2021-12-15_13:04:04.895 [main] DEBUG o.a.h.i.c.BasicClientConnectionManager - Releasing connection org.apache.http.impl.conn.ManagedClientConnectionImpl@4b2f841b
2021-12-15_13:04:04.895 [main] DEBUG o.a.h.i.c.BasicClientConnectionManager - Connection can be kept alive for 60000 MILLISECONDS
2021-12-15_13:04:04.899 [main] INFO  com.qc.BaseAPI - Response :{
    "externalRequestId": "pQ7eXnG",
    "orderId": 12434,
    "orderStatus": 6,
    "cardDetailResponseList": [
        {
            "referenceNumber": 8653141468,
            "serialNumber": 12434000010001,
            "customerName": "afzal",
            "mobileNumber": 8284854535,
            "email": "afzal.ahmed@pinelabs.com",
            "amount": 1000,
            "cardLink": "test.pineperks.in/eCard?c=yTeaR07KIE5Tb10QOEux4g2",
            "responseCode": 0,
            "responseMessage": "Success"
        }
    ],
    "successCount": 1,
    "failedCount": 0,
    "orderAmount": 1000,
    "issuanceCharge": 100,
    "netOrderAmount": 1100,
    "responseCode": 0,
    "responseMessage": "Success"
}
2021-12-15_13:04:04.900 [main] INFO  com.qc.BaseAPI -  **** POST call Response time 699 ms
2021-12-15_13:04:04.900 [main] INFO  pl.rest.service.CardIssue - Time Taken to perform https://apitest.pineperks.in/card/order/V1/instant/issue/nonreloadable/digital transaction: 699
2021-12-15_13:04:05.322 [main] INFO  p.rest.stepDefs.TransactionsStepDefs - referenceNumber isnull
2021-12-15_13:04:05.328 [main] INFO  pl.rest.utils.DBUtils - Fetching card details from card table, using Query: Select CorporateId,CardSchemeId from card where referenceNumber= 'null';
2021-12-15_13:04:05.364 [main] ERROR com.qc.qa.utils.LoadProperties - Missing MySQLDBEnvironment property value in system property or in config.properties files.Please add it if incase required
2021-12-15_13:04:05.364 [main] INFO  com.qc.qa.dbutils.DBPoolProvider - Con pool Total - 400, idle - 0,  Num active - 0
2021-12-15_13:04:05.364 [main] INFO  com.qc.qa.dbutils.DBPoolProvider - Retrieved connection
