2021-12-20_16:36:31.733 [main] INFO  pl.rest.CustomHooks - SCENARIO NAME: Updating the card status to inactive
2021-12-20_16:36:31.735 [main] INFO  pl.rest.CustomHooks - TAG NAMEs: [@Regression]
2021-12-20_16:36:33.141 [main] INFO  com.qc.qa.utils.TestDataReader - Reading API Test Data config values from  testData/api/devAPITestData.properties
2021-12-20_16:36:33.147 [main] INFO  pl.rest.service.Authorize - Authorize Rest API URL :- https://apitest.pineperks.in/auth/V1/generate/token
2021-12-20_16:36:33.147 [main] INFO  com.qc.BaseAPI - GET call to URL https://apitest.pineperks.in/auth/V1/generate/token
2021-12-20_16:36:33.373 [main] INFO  com.qc.BaseAPI - ********************REQUEST********************
2021-12-20_16:36:35.178 [main] DEBUG o.a.h.i.c.BasicClientConnectionManager - Get connection for route {s}->https://apitest.pineperks.in:443
2021-12-20_16:36:35.263 [main] DEBUG o.a.h.i.c.DefaultClientConnectionOperator - Connecting to apitest.pineperks.in:443
2021-12-20_16:36:35.462 [main] DEBUG o.a.h.c.protocol.RequestAddCookies - CookieSpec selected: ignoreCookies
2021-12-20_16:36:35.464 [main] DEBUG o.a.h.c.protocol.RequestAuthCache - Auth cache not set in the context
2021-12-20_16:36:35.464 [main] DEBUG o.a.h.c.p.RequestTargetAuthentication - Target auth state: UNCHALLENGED
2021-12-20_16:36:35.464 [main] DEBUG o.a.h.c.p.RequestProxyAuthentication - Proxy auth state: UNCHALLENGED
2021-12-20_16:36:35.465 [main] DEBUG o.a.h.impl.client.DefaultHttpClient - Attempt 1 to execute request
2021-12-20_16:36:35.465 [main] DEBUG o.a.h.i.conn.DefaultClientConnection - Sending request: GET /auth/V1/generate/token HTTP/1.1
2021-12-20_16:36:35.465 [main] DEBUG org.apache.http.wire -  >> "GET /auth/V1/generate/token HTTP/1.1[\r][\n]"
2021-12-20_16:36:35.466 [main] DEBUG org.apache.http.wire -  >> "Content-Type: application/json; charset=UTF-8[\r][\n]"
2021-12-20_16:36:35.466 [main] DEBUG org.apache.http.wire -  >> "Accept: */*[\r][\n]"
2021-12-20_16:36:35.466 [main] DEBUG org.apache.http.wire -  >> "userName: t3azPwts/6OSPTFxhCdYug==[\r][\n]"
2021-12-20_16:36:35.466 [main] DEBUG org.apache.http.wire -  >> "Host: apitest.pineperks.in[\r][\n]"
2021-12-20_16:36:35.466 [main] DEBUG org.apache.http.wire -  >> "Connection: Keep-Alive[\r][\n]"
2021-12-20_16:36:35.466 [main] DEBUG org.apache.http.wire -  >> "User-Agent: Apache-HttpClient/4.5.2 (Java/1.8.0_202)[\r][\n]"
2021-12-20_16:36:35.466 [main] DEBUG org.apache.http.wire -  >> "Accept-Encoding: gzip,deflate[\r][\n]"
2021-12-20_16:36:35.467 [main] DEBUG org.apache.http.wire -  >> "[\r][\n]"
2021-12-20_16:36:35.467 [main] DEBUG org.apache.http.headers - >> GET /auth/V1/generate/token HTTP/1.1
2021-12-20_16:36:35.467 [main] DEBUG org.apache.http.headers - >> Content-Type: application/json; charset=UTF-8
2021-12-20_16:36:35.467 [main] DEBUG org.apache.http.headers - >> Accept: */*
2021-12-20_16:36:35.467 [main] DEBUG org.apache.http.headers - >> userName: t3azPwts/6OSPTFxhCdYug==
2021-12-20_16:36:35.467 [main] DEBUG org.apache.http.headers - >> Host: apitest.pineperks.in
2021-12-20_16:36:35.467 [main] DEBUG org.apache.http.headers - >> Connection: Keep-Alive
2021-12-20_16:36:35.467 [main] DEBUG org.apache.http.headers - >> User-Agent: Apache-HttpClient/4.5.2 (Java/1.8.0_202)
2021-12-20_16:36:35.467 [main] DEBUG org.apache.http.headers - >> Accept-Encoding: gzip,deflate
2021-12-20_16:36:35.577 [main] DEBUG org.apache.http.wire -  << "HTTP/1.1 403 [\r][\n]"
2021-12-20_16:36:35.581 [main] DEBUG org.apache.http.wire -  << "Access-Control-Allow-Methods: GET, POST[\r][\n]"
2021-12-20_16:36:35.581 [main] DEBUG org.apache.http.wire -  << "Access-Control-Allow-Origin: *[\r][\n]"
2021-12-20_16:36:35.581 [main] DEBUG org.apache.http.wire -  << "Content-Security-Policy: default-src 'none'[\r][\n]"
2021-12-20_16:36:35.582 [main] DEBUG org.apache.http.wire -  << "Feature-Policy: 'none'[\r][\n]"
2021-12-20_16:36:35.582 [main] DEBUG org.apache.http.wire -  << "Referrer-Policy: no-referrer[\r][\n]"
2021-12-20_16:36:35.582 [main] DEBUG org.apache.http.wire -  << "Strict-Transport-Security: max-age=31536000 ; includeSubDomains[\r][\n]"
2021-12-20_16:36:35.582 [main] DEBUG org.apache.http.wire -  << "Date: Mon, 20 Dec 2021 11:06:35 GMT[\r][\n]"
2021-12-20_16:36:35.583 [main] DEBUG org.apache.http.wire -  << "Keep-Alive: timeout=60[\r][\n]"
2021-12-20_16:36:35.583 [main] DEBUG org.apache.http.wire -  << "Content-Type: application/json[\r][\n]"
2021-12-20_16:36:35.583 [main] DEBUG org.apache.http.wire -  << "Transfer-Encoding: chunked[\r][\n]"
2021-12-20_16:36:35.584 [main] DEBUG org.apache.http.wire -  << "Connection: keep-alive[\r][\n]"
2021-12-20_16:36:35.584 [main] DEBUG org.apache.http.wire -  << "[\r][\n]"
2021-12-20_16:36:35.585 [main] DEBUG o.a.h.i.conn.DefaultClientConnection - Receiving response: HTTP/1.1 403 
2021-12-20_16:36:35.586 [main] DEBUG org.apache.http.headers - << HTTP/1.1 403 
2021-12-20_16:36:35.586 [main] DEBUG org.apache.http.headers - << Access-Control-Allow-Methods: GET, POST
2021-12-20_16:36:35.586 [main] DEBUG org.apache.http.headers - << Access-Control-Allow-Origin: *
2021-12-20_16:36:35.587 [main] DEBUG org.apache.http.headers - << Content-Security-Policy: default-src 'none'
2021-12-20_16:36:35.587 [main] DEBUG org.apache.http.headers - << Feature-Policy: 'none'
2021-12-20_16:36:35.587 [main] DEBUG org.apache.http.headers - << Referrer-Policy: no-referrer
2021-12-20_16:36:35.587 [main] DEBUG org.apache.http.headers - << Strict-Transport-Security: max-age=31536000 ; includeSubDomains
2021-12-20_16:36:35.587 [main] DEBUG org.apache.http.headers - << Date: Mon, 20 Dec 2021 11:06:35 GMT
2021-12-20_16:36:35.587 [main] DEBUG org.apache.http.headers - << Keep-Alive: timeout=60
2021-12-20_16:36:35.587 [main] DEBUG org.apache.http.headers - << Content-Type: application/json
2021-12-20_16:36:35.587 [main] DEBUG org.apache.http.headers - << Transfer-Encoding: chunked
2021-12-20_16:36:35.588 [main] DEBUG org.apache.http.headers - << Connection: keep-alive
2021-12-20_16:36:35.598 [main] DEBUG o.a.h.impl.client.DefaultHttpClient - Connection can be kept alive for 60000 MILLISECONDS
2021-12-20_16:36:35.619 [main] DEBUG i.r.i.RequestSpecificationImpl$RestAssuredHttpBuilder - Parsing response as: application/json
2021-12-20_16:36:35.619 [main] DEBUG i.r.i.RequestSpecificationImpl$RestAssuredHttpBuilder - Parsed data to instance of: class org.apache.http.conn.EofSensorInputStream
2021-12-20_16:36:35.633 [main] INFO  com.qc.BaseAPI - Method :GET
2021-12-20_16:36:35.634 [main] INFO  com.qc.BaseAPI - URI :https://apitest.pineperks.in/auth/V1/generate/token
2021-12-20_16:36:35.634 [main] INFO  com.qc.BaseAPI - Headers :userName=t3azPwts/6OSPTFxhCdYug==
Accept=*/*
Content-Type=application/json; charset=UTF-8
2021-12-20_16:36:35.634 [main] INFO  com.qc.BaseAPI - Body :null
2021-12-20_16:36:35.634 [main] INFO  com.qc.BaseAPI - ********************RESPONSE********************
2021-12-20_16:36:35.642 [main] DEBUG org.apache.http.wire -  << "93[\r][\n]"
2021-12-20_16:36:35.642 [main] DEBUG org.apache.http.wire -  << "{"timestamp":"2021-12-20 16:36:35.553","status":403,"error":"Forbidden","message":"IP Address is not whitelisted","path":"/auth/V1/generate/token"}"
2021-12-20_16:36:35.643 [main] DEBUG org.apache.http.wire -  << "[\r][\n]"
2021-12-20_16:36:35.643 [main] DEBUG org.apache.http.wire -  << "0[\r][\n]"
2021-12-20_16:36:35.643 [main] DEBUG org.apache.http.wire -  << "[\r][\n]"
2021-12-20_16:36:35.643 [main] DEBUG o.a.h.i.c.BasicClientConnectionManager - Releasing connection org.apache.http.impl.conn.ManagedClientConnectionImpl@295b4a47
2021-12-20_16:36:35.643 [main] DEBUG o.a.h.i.c.BasicClientConnectionManager - Connection can be kept alive for 60000 MILLISECONDS
2021-12-20_16:36:35.664 [main] INFO  com.qc.BaseAPI - Response :{
    "timestamp": "2021-12-20 16:36:35.553",
    "status": 403,
    "error": "Forbidden",
    "message": "IP Address is not whitelisted",
    "path": "/auth/V1/generate/token"
}
2021-12-20_16:36:35.665 [main] INFO  com.qc.BaseAPI -  **** GET call Response time 2246 ms
2021-12-20_16:36:35.666 [main] INFO  pl.rest.service.Authorize - Time Taken to perform https://apitest.pineperks.in/auth/V1/generate/token transaction: 2246
2021-12-20_16:36:35.754 [main] INFO  com.qc.qa.utils.TestDataReader - Reading Json data authorizeHeaders
2021-12-20_16:36:35.758 [main] INFO  com.qc.qa.utils.TestDataReader - Reading json data from file @ testData/api/devAPIData.json
2021-12-20_16:36:35.778 [main] INFO  pl.rest.service.CardUpdate - CardIssue Rest API URL :- https://apitest.pineperks.in/card/profile/V1/admin/status/update
2021-12-20_16:36:35.779 [main] INFO  com.qc.BaseAPI - POST call to URL https://apitest.pineperks.in/card/profile/V1/admin/status/update
2021-12-20_16:36:35.790 [main] INFO  com.qc.BaseAPI - ********************REQUEST********************
2021-12-20_16:36:35.828 [main] DEBUG o.a.h.i.c.BasicClientConnectionManager - Get connection for route {s}->https://apitest.pineperks.in:443
2021-12-20_16:36:35.828 [main] DEBUG o.a.h.i.c.DefaultClientConnectionOperator - Connecting to apitest.pineperks.in:443
2021-12-20_16:36:35.938 [main] DEBUG o.a.h.c.protocol.RequestAddCookies - CookieSpec selected: ignoreCookies
2021-12-20_16:36:35.939 [main] DEBUG o.a.h.c.protocol.RequestAuthCache - Auth cache not set in the context
2021-12-20_16:36:35.939 [main] DEBUG o.a.h.c.p.RequestTargetAuthentication - Target auth state: UNCHALLENGED
2021-12-20_16:36:35.939 [main] DEBUG o.a.h.c.p.RequestProxyAuthentication - Proxy auth state: UNCHALLENGED
2021-12-20_16:36:35.939 [main] DEBUG o.a.h.impl.client.DefaultHttpClient - Attempt 1 to execute request
2021-12-20_16:36:35.939 [main] DEBUG o.a.h.i.conn.DefaultClientConnection - Sending request: POST /card/profile/V1/admin/status/update HTTP/1.1
2021-12-20_16:36:35.939 [main] DEBUG org.apache.http.wire -  >> "POST /card/profile/V1/admin/status/update HTTP/1.1[\r][\n]"
2021-12-20_16:36:35.939 [main] DEBUG org.apache.http.wire -  >> "Accept: */*[\r][\n]"
2021-12-20_16:36:35.939 [main] DEBUG org.apache.http.wire -  >> "userName: t3azPwts/6OSPTFxhCdYug==[\r][\n]"
2021-12-20_16:36:35.939 [main] DEBUG org.apache.http.wire -  >> "token: null[\r][\n]"
2021-12-20_16:36:35.939 [main] DEBUG org.apache.http.wire -  >> "Content-Type: application/json; charset=UTF-8[\r][\n]"
2021-12-20_16:36:35.940 [main] DEBUG org.apache.http.wire -  >> "Content-Length: 113[\r][\n]"
2021-12-20_16:36:35.940 [main] DEBUG org.apache.http.wire -  >> "Host: apitest.pineperks.in[\r][\n]"
2021-12-20_16:36:35.940 [main] DEBUG org.apache.http.wire -  >> "Connection: Keep-Alive[\r][\n]"
2021-12-20_16:36:35.940 [main] DEBUG org.apache.http.wire -  >> "User-Agent: Apache-HttpClient/4.5.2 (Java/1.8.0_202)[\r][\n]"
2021-12-20_16:36:35.940 [main] DEBUG org.apache.http.wire -  >> "Accept-Encoding: gzip,deflate[\r][\n]"
2021-12-20_16:36:35.940 [main] DEBUG org.apache.http.wire -  >> "[\r][\n]"
2021-12-20_16:36:35.940 [main] DEBUG org.apache.http.headers - >> POST /card/profile/V1/admin/status/update HTTP/1.1
2021-12-20_16:36:35.940 [main] DEBUG org.apache.http.headers - >> Accept: */*
2021-12-20_16:36:35.940 [main] DEBUG org.apache.http.headers - >> userName: t3azPwts/6OSPTFxhCdYug==
2021-12-20_16:36:35.941 [main] DEBUG org.apache.http.headers - >> token: null
2021-12-20_16:36:35.941 [main] DEBUG org.apache.http.headers - >> Content-Type: application/json; charset=UTF-8
2021-12-20_16:36:35.941 [main] DEBUG org.apache.http.headers - >> Content-Length: 113
2021-12-20_16:36:35.941 [main] DEBUG org.apache.http.headers - >> Host: apitest.pineperks.in
2021-12-20_16:36:35.941 [main] DEBUG org.apache.http.headers - >> Connection: Keep-Alive
2021-12-20_16:36:35.941 [main] DEBUG org.apache.http.headers - >> User-Agent: Apache-HttpClient/4.5.2 (Java/1.8.0_202)
2021-12-20_16:36:35.941 [main] DEBUG org.apache.http.headers - >> Accept-Encoding: gzip,deflate
2021-12-20_16:36:35.941 [main] DEBUG org.apache.http.wire -  >> "{"remarks":"Test","cardStatusUpdateRequestList":[{"reason":"1","referenceNumber":"6539518357","cardStatus":"2"}]}"
2021-12-20_16:36:35.965 [main] DEBUG org.apache.http.wire -  << "HTTP/1.1 403 [\r][\n]"
2021-12-20_16:36:35.965 [main] DEBUG org.apache.http.wire -  << "Access-Control-Allow-Methods: GET, POST[\r][\n]"
2021-12-20_16:36:35.965 [main] DEBUG org.apache.http.wire -  << "Access-Control-Allow-Origin: *[\r][\n]"
2021-12-20_16:36:35.965 [main] DEBUG org.apache.http.wire -  << "Content-Security-Policy: default-src 'none'[\r][\n]"
2021-12-20_16:36:35.965 [main] DEBUG org.apache.http.wire -  << "Feature-Policy: 'none'[\r][\n]"
2021-12-20_16:36:35.965 [main] DEBUG org.apache.http.wire -  << "Referrer-Policy: no-referrer[\r][\n]"
2021-12-20_16:36:35.965 [main] DEBUG org.apache.http.wire -  << "Strict-Transport-Security: max-age=31536000 ; includeSubDomains[\r][\n]"
2021-12-20_16:36:35.965 [main] DEBUG org.apache.http.wire -  << "Date: Mon, 20 Dec 2021 11:06:35 GMT[\r][\n]"
2021-12-20_16:36:35.965 [main] DEBUG org.apache.http.wire -  << "Keep-Alive: timeout=60[\r][\n]"
2021-12-20_16:36:35.966 [main] DEBUG org.apache.http.wire -  << "Content-Type: application/json[\r][\n]"
2021-12-20_16:36:35.966 [main] DEBUG org.apache.http.wire -  << "Transfer-Encoding: chunked[\r][\n]"
2021-12-20_16:36:35.966 [main] DEBUG org.apache.http.wire -  << "Connection: keep-alive[\r][\n]"
2021-12-20_16:36:35.966 [main] DEBUG org.apache.http.wire -  << "[\r][\n]"
2021-12-20_16:36:35.966 [main] DEBUG o.a.h.i.conn.DefaultClientConnection - Receiving response: HTTP/1.1 403 
2021-12-20_16:36:35.966 [main] DEBUG org.apache.http.headers - << HTTP/1.1 403 
2021-12-20_16:36:35.966 [main] DEBUG org.apache.http.headers - << Access-Control-Allow-Methods: GET, POST
2021-12-20_16:36:35.966 [main] DEBUG org.apache.http.headers - << Access-Control-Allow-Origin: *
2021-12-20_16:36:35.966 [main] DEBUG org.apache.http.headers - << Content-Security-Policy: default-src 'none'
2021-12-20_16:36:35.967 [main] DEBUG org.apache.http.headers - << Feature-Policy: 'none'
2021-12-20_16:36:35.967 [main] DEBUG org.apache.http.headers - << Referrer-Policy: no-referrer
2021-12-20_16:36:35.967 [main] DEBUG org.apache.http.headers - << Strict-Transport-Security: max-age=31536000 ; includeSubDomains
2021-12-20_16:36:35.967 [main] DEBUG org.apache.http.headers - << Date: Mon, 20 Dec 2021 11:06:35 GMT
2021-12-20_16:36:35.967 [main] DEBUG org.apache.http.headers - << Keep-Alive: timeout=60
2021-12-20_16:36:35.967 [main] DEBUG org.apache.http.headers - << Content-Type: application/json
2021-12-20_16:36:35.967 [main] DEBUG org.apache.http.headers - << Transfer-Encoding: chunked
2021-12-20_16:36:35.967 [main] DEBUG org.apache.http.headers - << Connection: keep-alive
2021-12-20_16:36:35.968 [main] DEBUG o.a.h.impl.client.DefaultHttpClient - Connection can be kept alive for 60000 MILLISECONDS
2021-12-20_16:36:35.968 [main] DEBUG i.r.i.RequestSpecificationImpl$RestAssuredHttpBuilder - Parsing response as: application/json
2021-12-20_16:36:35.968 [main] DEBUG i.r.i.RequestSpecificationImpl$RestAssuredHttpBuilder - Parsed data to instance of: class org.apache.http.conn.EofSensorInputStream
2021-12-20_16:36:35.970 [main] INFO  com.qc.BaseAPI - Method :POST
2021-12-20_16:36:35.971 [main] INFO  com.qc.BaseAPI - URI :https://apitest.pineperks.in/card/profile/V1/admin/status/update
2021-12-20_16:36:35.972 [main] INFO  com.qc.BaseAPI - Headers :token=null
userName=t3azPwts/6OSPTFxhCdYug==
Accept=*/*
Content-Type=application/json; charset=UTF-8
2021-12-20_16:36:35.972 [main] INFO  com.qc.BaseAPI - Body :{"remarks":"Test","cardStatusUpdateRequestList":[{"reason":"1","referenceNumber":"6539518357","cardStatus":"2"}]}
2021-12-20_16:36:35.972 [main] INFO  com.qc.BaseAPI - ********************RESPONSE********************
2021-12-20_16:36:35.972 [main] DEBUG org.apache.http.wire -  << "a0[\r][\n]"
2021-12-20_16:36:35.972 [main] DEBUG org.apache.http.wire -  << "{"timestamp":"2021-12-20 16:36:35.944","status":403,"error":"Forbidden","message":"IP Address is not whitelisted","path":"/card/profile/V1/admin/status/update"}"
2021-12-20_16:36:35.972 [main] DEBUG org.apache.http.wire -  << "[\r][\n]"
2021-12-20_16:36:35.973 [main] DEBUG org.apache.http.wire -  << "0[\r][\n]"
2021-12-20_16:36:35.973 [main] DEBUG org.apache.http.wire -  << "[\r][\n]"
2021-12-20_16:36:35.973 [main] DEBUG o.a.h.i.c.BasicClientConnectionManager - Releasing connection org.apache.http.impl.conn.ManagedClientConnectionImpl@374013e
2021-12-20_16:36:35.973 [main] DEBUG o.a.h.i.c.BasicClientConnectionManager - Connection can be kept alive for 60000 MILLISECONDS
2021-12-20_16:36:35.974 [main] INFO  com.qc.BaseAPI - Response :{
    "timestamp": "2021-12-20 16:36:35.944",
    "status": 403,
    "error": "Forbidden",
    "message": "IP Address is not whitelisted",
    "path": "/card/profile/V1/admin/status/update"
}
2021-12-20_16:36:35.975 [main] INFO  com.qc.BaseAPI -  **** POST call Response time 178 ms
2021-12-20_16:36:35.975 [main] INFO  pl.rest.service.CardUpdate - Time Taken to perform https://apitest.pineperks.in/card/profile/V1/admin/status/update transaction: 178
2021-12-20_16:36:36.036 [main] INFO  pl.rest.CustomHooks - SCENARIO NAME: Updating the card status to blocked
2021-12-20_16:36:36.037 [main] INFO  pl.rest.CustomHooks - TAG NAMEs: [@Regression]
2021-12-20_16:36:36.410 [main] INFO  pl.rest.service.Authorize - Authorize Rest API URL :- https://apitest.pineperks.in/auth/V1/generate/token
2021-12-20_16:36:36.411 [main] INFO  com.qc.BaseAPI - GET call to URL https://apitest.pineperks.in/auth/V1/generate/token
2021-12-20_16:36:36.414 [main] INFO  com.qc.BaseAPI - ********************REQUEST********************
2021-12-20_16:36:36.426 [main] DEBUG o.a.h.i.c.BasicClientConnectionManager - Get connection for route {s}->https://apitest.pineperks.in:443
2021-12-20_16:36:36.426 [main] DEBUG o.a.h.i.c.DefaultClientConnectionOperator - Connecting to apitest.pineperks.in:443
2021-12-20_16:36:36.552 [main] DEBUG o.a.h.c.protocol.RequestAddCookies - CookieSpec selected: ignoreCookies
2021-12-20_16:36:36.553 [main] DEBUG o.a.h.c.protocol.RequestAuthCache - Auth cache not set in the context
2021-12-20_16:36:36.553 [main] DEBUG o.a.h.c.p.RequestTargetAuthentication - Target auth state: UNCHALLENGED
2021-12-20_16:36:36.553 [main] DEBUG o.a.h.c.p.RequestProxyAuthentication - Proxy auth state: UNCHALLENGED
2021-12-20_16:36:36.553 [main] DEBUG o.a.h.impl.client.DefaultHttpClient - Attempt 1 to execute request
2021-12-20_16:36:36.553 [main] DEBUG o.a.h.i.conn.DefaultClientConnection - Sending request: GET /auth/V1/generate/token HTTP/1.1
2021-12-20_16:36:36.554 [main] DEBUG org.apache.http.wire -  >> "GET /auth/V1/generate/token HTTP/1.1[\r][\n]"
2021-12-20_16:36:36.554 [main] DEBUG org.apache.http.wire -  >> "Content-Type: application/json; charset=UTF-8[\r][\n]"
2021-12-20_16:36:36.554 [main] DEBUG org.apache.http.wire -  >> "Accept: */*[\r][\n]"
2021-12-20_16:36:36.554 [main] DEBUG org.apache.http.wire -  >> "userName: t3azPwts/6OSPTFxhCdYug==[\r][\n]"
2021-12-20_16:36:36.555 [main] DEBUG org.apache.http.wire -  >> "Host: apitest.pineperks.in[\r][\n]"
2021-12-20_16:36:36.555 [main] DEBUG org.apache.http.wire -  >> "Connection: Keep-Alive[\r][\n]"
2021-12-20_16:36:36.555 [main] DEBUG org.apache.http.wire -  >> "User-Agent: Apache-HttpClient/4.5.2 (Java/1.8.0_202)[\r][\n]"
2021-12-20_16:36:36.555 [main] DEBUG org.apache.http.wire -  >> "Accept-Encoding: gzip,deflate[\r][\n]"
2021-12-20_16:36:36.556 [main] DEBUG org.apache.http.wire -  >> "[\r][\n]"
2021-12-20_16:36:36.556 [main] DEBUG org.apache.http.headers - >> GET /auth/V1/generate/token HTTP/1.1
2021-12-20_16:36:36.556 [main] DEBUG org.apache.http.headers - >> Content-Type: application/json; charset=UTF-8
2021-12-20_16:36:36.556 [main] DEBUG org.apache.http.headers - >> Accept: */*
2021-12-20_16:36:36.556 [main] DEBUG org.apache.http.headers - >> userName: t3azPwts/6OSPTFxhCdYug==
2021-12-20_16:36:36.556 [main] DEBUG org.apache.http.headers - >> Host: apitest.pineperks.in
2021-12-20_16:36:36.556 [main] DEBUG org.apache.http.headers - >> Connection: Keep-Alive
2021-12-20_16:36:36.557 [main] DEBUG org.apache.http.headers - >> User-Agent: Apache-HttpClient/4.5.2 (Java/1.8.0_202)
2021-12-20_16:36:36.557 [main] DEBUG org.apache.http.headers - >> Accept-Encoding: gzip,deflate
2021-12-20_16:36:36.579 [main] DEBUG org.apache.http.wire -  << "HTTP/1.1 403 [\r][\n]"
2021-12-20_16:36:36.579 [main] DEBUG org.apache.http.wire -  << "Access-Control-Allow-Methods: GET, POST[\r][\n]"
2021-12-20_16:36:36.580 [main] DEBUG org.apache.http.wire -  << "Access-Control-Allow-Origin: *[\r][\n]"
2021-12-20_16:36:36.580 [main] DEBUG org.apache.http.wire -  << "Content-Security-Policy: default-src 'none'[\r][\n]"
2021-12-20_16:36:36.580 [main] DEBUG org.apache.http.wire -  << "Feature-Policy: 'none'[\r][\n]"
2021-12-20_16:36:36.580 [main] DEBUG org.apache.http.wire -  << "Referrer-Policy: no-referrer[\r][\n]"
2021-12-20_16:36:36.580 [main] DEBUG org.apache.http.wire -  << "Strict-Transport-Security: max-age=31536000 ; includeSubDomains[\r][\n]"
2021-12-20_16:36:36.580 [main] DEBUG org.apache.http.wire -  << "Date: Mon, 20 Dec 2021 11:06:35 GMT[\r][\n]"
2021-12-20_16:36:36.581 [main] DEBUG org.apache.http.wire -  << "Keep-Alive: timeout=60[\r][\n]"
2021-12-20_16:36:36.581 [main] DEBUG org.apache.http.wire -  << "Content-Type: application/json[\r][\n]"
2021-12-20_16:36:36.581 [main] DEBUG org.apache.http.wire -  << "Transfer-Encoding: chunked[\r][\n]"
2021-12-20_16:36:36.581 [main] DEBUG org.apache.http.wire -  << "Connection: keep-alive[\r][\n]"
2021-12-20_16:36:36.581 [main] DEBUG org.apache.http.wire -  << "[\r][\n]"
2021-12-20_16:36:36.581 [main] DEBUG o.a.h.i.conn.DefaultClientConnection - Receiving response: HTTP/1.1 403 
2021-12-20_16:36:36.582 [main] DEBUG org.apache.http.headers - << HTTP/1.1 403 
2021-12-20_16:36:36.582 [main] DEBUG org.apache.http.headers - << Access-Control-Allow-Methods: GET, POST
2021-12-20_16:36:36.582 [main] DEBUG org.apache.http.headers - << Access-Control-Allow-Origin: *
2021-12-20_16:36:36.582 [main] DEBUG org.apache.http.headers - << Content-Security-Policy: default-src 'none'
2021-12-20_16:36:36.582 [main] DEBUG org.apache.http.headers - << Feature-Policy: 'none'
2021-12-20_16:36:36.582 [main] DEBUG org.apache.http.headers - << Referrer-Policy: no-referrer
2021-12-20_16:36:36.582 [main] DEBUG org.apache.http.headers - << Strict-Transport-Security: max-age=31536000 ; includeSubDomains
2021-12-20_16:36:36.582 [main] DEBUG org.apache.http.headers - << Date: Mon, 20 Dec 2021 11:06:35 GMT
2021-12-20_16:36:36.582 [main] DEBUG org.apache.http.headers - << Keep-Alive: timeout=60
2021-12-20_16:36:36.582 [main] DEBUG org.apache.http.headers - << Content-Type: application/json
2021-12-20_16:36:36.582 [main] DEBUG org.apache.http.headers - << Transfer-Encoding: chunked
2021-12-20_16:36:36.583 [main] DEBUG org.apache.http.headers - << Connection: keep-alive
2021-12-20_16:36:36.583 [main] DEBUG o.a.h.impl.client.DefaultHttpClient - Connection can be kept alive for 60000 MILLISECONDS
2021-12-20_16:36:36.583 [main] DEBUG i.r.i.RequestSpecificationImpl$RestAssuredHttpBuilder - Parsing response as: application/json
2021-12-20_16:36:36.584 [main] DEBUG i.r.i.RequestSpecificationImpl$RestAssuredHttpBuilder - Parsed data to instance of: class org.apache.http.conn.EofSensorInputStream
2021-12-20_16:36:36.584 [main] INFO  com.qc.BaseAPI - Method :GET
2021-12-20_16:36:36.586 [main] INFO  com.qc.BaseAPI - URI :https://apitest.pineperks.in/auth/V1/generate/token
2021-12-20_16:36:36.586 [main] INFO  com.qc.BaseAPI - Headers :userName=t3azPwts/6OSPTFxhCdYug==
Accept=*/*
Content-Type=application/json; charset=UTF-8
2021-12-20_16:36:36.586 [main] INFO  com.qc.BaseAPI - Body :null
2021-12-20_16:36:36.586 [main] INFO  com.qc.BaseAPI - ********************RESPONSE********************
2021-12-20_16:36:36.586 [main] DEBUG org.apache.http.wire -  << "93[\r][\n]"
2021-12-20_16:36:36.587 [main] DEBUG org.apache.http.wire -  << "{"timestamp":"2021-12-20 16:36:36.569","status":403,"error":"Forbidden","message":"IP Address is not whitelisted","path":"/auth/V1/generate/token"}"
2021-12-20_16:36:36.587 [main] DEBUG org.apache.http.wire -  << "[\r][\n]"
2021-12-20_16:36:36.587 [main] DEBUG org.apache.http.wire -  << "0[\r][\n]"
2021-12-20_16:36:36.587 [main] DEBUG org.apache.http.wire -  << "[\r][\n]"
2021-12-20_16:36:36.587 [main] DEBUG o.a.h.i.c.BasicClientConnectionManager - Releasing connection org.apache.http.impl.conn.ManagedClientConnectionImpl@466885ed
2021-12-20_16:36:36.587 [main] DEBUG o.a.h.i.c.BasicClientConnectionManager - Connection can be kept alive for 60000 MILLISECONDS
2021-12-20_16:36:36.589 [main] INFO  com.qc.BaseAPI - Response :{
    "timestamp": "2021-12-20 16:36:36.569",
    "status": 403,
    "error": "Forbidden",
    "message": "IP Address is not whitelisted",
    "path": "/auth/V1/generate/token"
}
2021-12-20_16:36:36.589 [main] INFO  com.qc.BaseAPI -  **** GET call Response time 167 ms
2021-12-20_16:36:36.589 [main] INFO  pl.rest.service.Authorize - Time Taken to perform https://apitest.pineperks.in/auth/V1/generate/token transaction: 167
2021-12-20_16:36:36.597 [main] INFO  com.qc.qa.utils.TestDataReader - Reading Json data authorizeHeaders
2021-12-20_16:36:36.601 [main] INFO  com.qc.qa.utils.TestDataReader - Reading json data from file @ testData/api/devAPIData.json
2021-12-20_16:36:36.602 [main] INFO  pl.rest.service.CardUpdate - CardIssue Rest API URL :- https://apitest.pineperks.in/card/profile/V1/admin/status/update
2021-12-20_16:36:36.603 [main] INFO  com.qc.BaseAPI - POST call to URL https://apitest.pineperks.in/card/profile/V1/admin/status/update
2021-12-20_16:36:36.611 [main] INFO  com.qc.BaseAPI - ********************REQUEST********************
2021-12-20_16:36:36.625 [main] DEBUG o.a.h.i.c.BasicClientConnectionManager - Get connection for route {s}->https://apitest.pineperks.in:443
2021-12-20_16:36:36.627 [main] DEBUG o.a.h.i.c.DefaultClientConnectionOperator - Connecting to apitest.pineperks.in:443
2021-12-20_16:36:36.819 [main] DEBUG o.a.h.c.protocol.RequestAddCookies - CookieSpec selected: ignoreCookies
2021-12-20_16:36:36.819 [main] DEBUG o.a.h.c.protocol.RequestAuthCache - Auth cache not set in the context
2021-12-20_16:36:36.819 [main] DEBUG o.a.h.c.p.RequestTargetAuthentication - Target auth state: UNCHALLENGED
2021-12-20_16:36:36.819 [main] DEBUG o.a.h.c.p.RequestProxyAuthentication - Proxy auth state: UNCHALLENGED
2021-12-20_16:36:36.819 [main] DEBUG o.a.h.impl.client.DefaultHttpClient - Attempt 1 to execute request
2021-12-20_16:36:36.819 [main] DEBUG o.a.h.i.conn.DefaultClientConnection - Sending request: POST /card/profile/V1/admin/status/update HTTP/1.1
2021-12-20_16:36:36.820 [main] DEBUG org.apache.http.wire -  >> "POST /card/profile/V1/admin/status/update HTTP/1.1[\r][\n]"
2021-12-20_16:36:36.820 [main] DEBUG org.apache.http.wire -  >> "Accept: */*[\r][\n]"
2021-12-20_16:36:36.820 [main] DEBUG org.apache.http.wire -  >> "userName: t3azPwts/6OSPTFxhCdYug==[\r][\n]"
2021-12-20_16:36:36.820 [main] DEBUG org.apache.http.wire -  >> "token: null[\r][\n]"
2021-12-20_16:36:36.820 [main] DEBUG org.apache.http.wire -  >> "Content-Type: application/json; charset=UTF-8[\r][\n]"
2021-12-20_16:36:36.820 [main] DEBUG org.apache.http.wire -  >> "Content-Length: 113[\r][\n]"
2021-12-20_16:36:36.820 [main] DEBUG org.apache.http.wire -  >> "Host: apitest.pineperks.in[\r][\n]"
2021-12-20_16:36:36.820 [main] DEBUG org.apache.http.wire -  >> "Connection: Keep-Alive[\r][\n]"
2021-12-20_16:36:36.821 [main] DEBUG org.apache.http.wire -  >> "User-Agent: Apache-HttpClient/4.5.2 (Java/1.8.0_202)[\r][\n]"
2021-12-20_16:36:36.821 [main] DEBUG org.apache.http.wire -  >> "Accept-Encoding: gzip,deflate[\r][\n]"
2021-12-20_16:36:36.821 [main] DEBUG org.apache.http.wire -  >> "[\r][\n]"
2021-12-20_16:36:36.821 [main] DEBUG org.apache.http.headers - >> POST /card/profile/V1/admin/status/update HTTP/1.1
2021-12-20_16:36:36.821 [main] DEBUG org.apache.http.headers - >> Accept: */*
2021-12-20_16:36:36.821 [main] DEBUG org.apache.http.headers - >> userName: t3azPwts/6OSPTFxhCdYug==
2021-12-20_16:36:36.821 [main] DEBUG org.apache.http.headers - >> token: null
2021-12-20_16:36:36.822 [main] DEBUG org.apache.http.headers - >> Content-Type: application/json; charset=UTF-8
2021-12-20_16:36:36.822 [main] DEBUG org.apache.http.headers - >> Content-Length: 113
2021-12-20_16:36:36.822 [main] DEBUG org.apache.http.headers - >> Host: apitest.pineperks.in
2021-12-20_16:36:36.822 [main] DEBUG org.apache.http.headers - >> Connection: Keep-Alive
2021-12-20_16:36:36.822 [main] DEBUG org.apache.http.headers - >> User-Agent: Apache-HttpClient/4.5.2 (Java/1.8.0_202)
2021-12-20_16:36:36.822 [main] DEBUG org.apache.http.headers - >> Accept-Encoding: gzip,deflate
2021-12-20_16:36:36.822 [main] DEBUG org.apache.http.wire -  >> "{"remarks":"Test","cardStatusUpdateRequestList":[{"reason":"1","referenceNumber":"6539518357","cardStatus":"3"}]}"
2021-12-20_16:36:36.857 [main] DEBUG org.apache.http.wire -  << "HTTP/1.1 403 [\r][\n]"
2021-12-20_16:36:36.858 [main] DEBUG org.apache.http.wire -  << "Access-Control-Allow-Methods: GET, POST[\r][\n]"
2021-12-20_16:36:36.858 [main] DEBUG org.apache.http.wire -  << "Access-Control-Allow-Origin: *[\r][\n]"
2021-12-20_16:36:36.858 [main] DEBUG org.apache.http.wire -  << "Content-Security-Policy: default-src 'none'[\r][\n]"
2021-12-20_16:36:36.858 [main] DEBUG org.apache.http.wire -  << "Feature-Policy: 'none'[\r][\n]"
2021-12-20_16:36:36.858 [main] DEBUG org.apache.http.wire -  << "Referrer-Policy: no-referrer[\r][\n]"
2021-12-20_16:36:36.858 [main] DEBUG org.apache.http.wire -  << "Strict-Transport-Security: max-age=31536000 ; includeSubDomains[\r][\n]"
2021-12-20_16:36:36.858 [main] DEBUG org.apache.http.wire -  << "Date: Mon, 20 Dec 2021 11:06:36 GMT[\r][\n]"
2021-12-20_16:36:36.858 [main] DEBUG org.apache.http.wire -  << "Keep-Alive: timeout=60[\r][\n]"
2021-12-20_16:36:36.858 [main] DEBUG org.apache.http.wire -  << "Content-Type: application/json[\r][\n]"
2021-12-20_16:36:36.858 [main] DEBUG org.apache.http.wire -  << "Transfer-Encoding: chunked[\r][\n]"
2021-12-20_16:36:36.858 [main] DEBUG org.apache.http.wire -  << "Connection: keep-alive[\r][\n]"
2021-12-20_16:36:36.858 [main] DEBUG org.apache.http.wire -  << "[\r][\n]"
2021-12-20_16:36:36.858 [main] DEBUG o.a.h.i.conn.DefaultClientConnection - Receiving response: HTTP/1.1 403 
2021-12-20_16:36:36.858 [main] DEBUG org.apache.http.headers - << HTTP/1.1 403 
2021-12-20_16:36:36.858 [main] DEBUG org.apache.http.headers - << Access-Control-Allow-Methods: GET, POST
2021-12-20_16:36:36.858 [main] DEBUG org.apache.http.headers - << Access-Control-Allow-Origin: *
2021-12-20_16:36:36.858 [main] DEBUG org.apache.http.headers - << Content-Security-Policy: default-src 'none'
2021-12-20_16:36:36.858 [main] DEBUG org.apache.http.headers - << Feature-Policy: 'none'
2021-12-20_16:36:36.858 [main] DEBUG org.apache.http.headers - << Referrer-Policy: no-referrer
2021-12-20_16:36:36.858 [main] DEBUG org.apache.http.headers - << Strict-Transport-Security: max-age=31536000 ; includeSubDomains
2021-12-20_16:36:36.858 [main] DEBUG org.apache.http.headers - << Date: Mon, 20 Dec 2021 11:06:36 GMT
2021-12-20_16:36:36.858 [main] DEBUG org.apache.http.headers - << Keep-Alive: timeout=60
2021-12-20_16:36:36.858 [main] DEBUG org.apache.http.headers - << Content-Type: application/json
2021-12-20_16:36:36.858 [main] DEBUG org.apache.http.headers - << Transfer-Encoding: chunked
2021-12-20_16:36:36.858 [main] DEBUG org.apache.http.headers - << Connection: keep-alive
2021-12-20_16:36:36.858 [main] DEBUG o.a.h.impl.client.DefaultHttpClient - Connection can be kept alive for 60000 MILLISECONDS
2021-12-20_16:36:36.859 [main] DEBUG i.r.i.RequestSpecificationImpl$RestAssuredHttpBuilder - Parsing response as: application/json
2021-12-20_16:36:36.859 [main] DEBUG i.r.i.RequestSpecificationImpl$RestAssuredHttpBuilder - Parsed data to instance of: class org.apache.http.conn.EofSensorInputStream
2021-12-20_16:36:36.859 [main] INFO  com.qc.BaseAPI - Method :POST
2021-12-20_16:36:36.860 [main] INFO  com.qc.BaseAPI - URI :https://apitest.pineperks.in/card/profile/V1/admin/status/update
2021-12-20_16:36:36.860 [main] INFO  com.qc.BaseAPI - Headers :token=null
userName=t3azPwts/6OSPTFxhCdYug==
Accept=*/*
Content-Type=application/json; charset=UTF-8
2021-12-20_16:36:36.860 [main] INFO  com.qc.BaseAPI - Body :{"remarks":"Test","cardStatusUpdateRequestList":[{"reason":"1","referenceNumber":"6539518357","cardStatus":"3"}]}
2021-12-20_16:36:36.860 [main] INFO  com.qc.BaseAPI - ********************RESPONSE********************
2021-12-20_16:36:36.860 [main] DEBUG org.apache.http.wire -  << "a0[\r][\n]"
2021-12-20_16:36:36.860 [main] DEBUG org.apache.http.wire -  << "{"timestamp":"2021-12-20 16:36:36.850","status":403,"error":"Forbidden","message":"IP Address is not whitelisted","path":"/card/profile/V1/admin/status/update"}"
2021-12-20_16:36:36.860 [main] DEBUG org.apache.http.wire -  << "[\r][\n]"
2021-12-20_16:36:36.860 [main] DEBUG org.apache.http.wire -  << "0[\r][\n]"
2021-12-20_16:36:36.861 [main] DEBUG org.apache.http.wire -  << "[\r][\n]"
2021-12-20_16:36:36.861 [main] DEBUG o.a.h.i.c.BasicClientConnectionManager - Releasing connection org.apache.http.impl.conn.ManagedClientConnectionImpl@2ee44163
2021-12-20_16:36:36.861 [main] DEBUG o.a.h.i.c.BasicClientConnectionManager - Connection can be kept alive for 60000 MILLISECONDS
2021-12-20_16:36:36.861 [main] INFO  com.qc.BaseAPI - Response :{
    "timestamp": "2021-12-20 16:36:36.850",
    "status": 403,
    "error": "Forbidden",
    "message": "IP Address is not whitelisted",
    "path": "/card/profile/V1/admin/status/update"
}
2021-12-20_16:36:36.861 [main] INFO  com.qc.BaseAPI -  **** POST call Response time 246 ms
2021-12-20_16:36:36.861 [main] INFO  pl.rest.service.CardUpdate - Time Taken to perform https://apitest.pineperks.in/card/profile/V1/admin/status/update transaction: 246
2021-12-20_16:36:36.873 [main] INFO  pl.rest.CustomHooks - SCENARIO NAME: Updating the card status from active to active
2021-12-20_16:36:36.873 [main] INFO  pl.rest.CustomHooks - TAG NAMEs: [@Regression]
2021-12-20_16:36:36.952 [Finalizer] DEBUG o.a.h.i.conn.DefaultClientConnection - Connection 0.0.0.0:54649<->14.143.120.84:443 closed
2021-12-20_16:36:36.954 [Finalizer] DEBUG o.a.h.i.conn.DefaultClientConnection - Connection 0.0.0.0:54648<->14.143.120.84:443 closed
2021-12-20_16:36:37.094 [main] INFO  pl.rest.service.Authorize - Authorize Rest API URL :- https://apitest.pineperks.in/auth/V1/generate/token
2021-12-20_16:36:37.094 [main] INFO  com.qc.BaseAPI - GET call to URL https://apitest.pineperks.in/auth/V1/generate/token
2021-12-20_16:36:37.096 [main] INFO  com.qc.BaseAPI - ********************REQUEST********************
2021-12-20_16:36:37.102 [main] DEBUG o.a.h.i.c.BasicClientConnectionManager - Get connection for route {s}->https://apitest.pineperks.in:443
2021-12-20_16:36:37.102 [main] DEBUG o.a.h.i.c.DefaultClientConnectionOperator - Connecting to apitest.pineperks.in:443
2021-12-20_16:36:37.225 [main] DEBUG o.a.h.c.protocol.RequestAddCookies - CookieSpec selected: ignoreCookies
2021-12-20_16:36:37.226 [main] DEBUG o.a.h.c.protocol.RequestAuthCache - Auth cache not set in the context
2021-12-20_16:36:37.226 [main] DEBUG o.a.h.c.p.RequestTargetAuthentication - Target auth state: UNCHALLENGED
2021-12-20_16:36:37.226 [main] DEBUG o.a.h.c.p.RequestProxyAuthentication - Proxy auth state: UNCHALLENGED
2021-12-20_16:36:37.226 [main] DEBUG o.a.h.impl.client.DefaultHttpClient - Attempt 1 to execute request
2021-12-20_16:36:37.226 [main] DEBUG o.a.h.i.conn.DefaultClientConnection - Sending request: GET /auth/V1/generate/token HTTP/1.1
2021-12-20_16:36:37.226 [main] DEBUG org.apache.http.wire -  >> "GET /auth/V1/generate/token HTTP/1.1[\r][\n]"
2021-12-20_16:36:37.226 [main] DEBUG org.apache.http.wire -  >> "Content-Type: application/json; charset=UTF-8[\r][\n]"
2021-12-20_16:36:37.226 [main] DEBUG org.apache.http.wire -  >> "Accept: */*[\r][\n]"
2021-12-20_16:36:37.226 [main] DEBUG org.apache.http.wire -  >> "userName: t3azPwts/6OSPTFxhCdYug==[\r][\n]"
2021-12-20_16:36:37.226 [main] DEBUG org.apache.http.wire -  >> "Host: apitest.pineperks.in[\r][\n]"
2021-12-20_16:36:37.226 [main] DEBUG org.apache.http.wire -  >> "Connection: Keep-Alive[\r][\n]"
2021-12-20_16:36:37.226 [main] DEBUG org.apache.http.wire -  >> "User-Agent: Apache-HttpClient/4.5.2 (Java/1.8.0_202)[\r][\n]"
2021-12-20_16:36:37.226 [main] DEBUG org.apache.http.wire -  >> "Accept-Encoding: gzip,deflate[\r][\n]"
2021-12-20_16:36:37.226 [main] DEBUG org.apache.http.wire -  >> "[\r][\n]"
2021-12-20_16:36:37.226 [main] DEBUG org.apache.http.headers - >> GET /auth/V1/generate/token HTTP/1.1
2021-12-20_16:36:37.226 [main] DEBUG org.apache.http.headers - >> Content-Type: application/json; charset=UTF-8
2021-12-20_16:36:37.227 [main] DEBUG org.apache.http.headers - >> Accept: */*
2021-12-20_16:36:37.227 [main] DEBUG org.apache.http.headers - >> userName: t3azPwts/6OSPTFxhCdYug==
2021-12-20_16:36:37.227 [main] DEBUG org.apache.http.headers - >> Host: apitest.pineperks.in
2021-12-20_16:36:37.227 [main] DEBUG org.apache.http.headers - >> Connection: Keep-Alive
2021-12-20_16:36:37.227 [main] DEBUG org.apache.http.headers - >> User-Agent: Apache-HttpClient/4.5.2 (Java/1.8.0_202)
2021-12-20_16:36:37.227 [main] DEBUG org.apache.http.headers - >> Accept-Encoding: gzip,deflate
2021-12-20_16:36:37.248 [main] DEBUG org.apache.http.wire -  << "HTTP/1.1 403 [\r][\n]"
2021-12-20_16:36:37.248 [main] DEBUG org.apache.http.wire -  << "Access-Control-Allow-Methods: GET, POST[\r][\n]"
2021-12-20_16:36:37.248 [main] DEBUG org.apache.http.wire -  << "Access-Control-Allow-Origin: *[\r][\n]"
2021-12-20_16:36:37.248 [main] DEBUG org.apache.http.wire -  << "Content-Security-Policy: default-src 'none'[\r][\n]"
2021-12-20_16:36:37.248 [main] DEBUG org.apache.http.wire -  << "Feature-Policy: 'none'[\r][\n]"
2021-12-20_16:36:37.248 [main] DEBUG org.apache.http.wire -  << "Referrer-Policy: no-referrer[\r][\n]"
2021-12-20_16:36:37.248 [main] DEBUG org.apache.http.wire -  << "Strict-Transport-Security: max-age=31536000 ; includeSubDomains[\r][\n]"
2021-12-20_16:36:37.248 [main] DEBUG org.apache.http.wire -  << "Date: Mon, 20 Dec 2021 11:06:36 GMT[\r][\n]"
2021-12-20_16:36:37.248 [main] DEBUG org.apache.http.wire -  << "Keep-Alive: timeout=60[\r][\n]"
2021-12-20_16:36:37.248 [main] DEBUG org.apache.http.wire -  << "Content-Type: application/json[\r][\n]"
2021-12-20_16:36:37.248 [main] DEBUG org.apache.http.wire -  << "Transfer-Encoding: chunked[\r][\n]"
2021-12-20_16:36:37.248 [main] DEBUG org.apache.http.wire -  << "Connection: keep-alive[\r][\n]"
2021-12-20_16:36:37.248 [main] DEBUG org.apache.http.wire -  << "[\r][\n]"
2021-12-20_16:36:37.248 [main] DEBUG o.a.h.i.conn.DefaultClientConnection - Receiving response: HTTP/1.1 403 
2021-12-20_16:36:37.248 [main] DEBUG org.apache.http.headers - << HTTP/1.1 403 
2021-12-20_16:36:37.249 [main] DEBUG org.apache.http.headers - << Access-Control-Allow-Methods: GET, POST
2021-12-20_16:36:37.249 [main] DEBUG org.apache.http.headers - << Access-Control-Allow-Origin: *
2021-12-20_16:36:37.249 [main] DEBUG org.apache.http.headers - << Content-Security-Policy: default-src 'none'
2021-12-20_16:36:37.249 [main] DEBUG org.apache.http.headers - << Feature-Policy: 'none'
2021-12-20_16:36:37.249 [main] DEBUG org.apache.http.headers - << Referrer-Policy: no-referrer
2021-12-20_16:36:37.249 [main] DEBUG org.apache.http.headers - << Strict-Transport-Security: max-age=31536000 ; includeSubDomains
2021-12-20_16:36:37.249 [main] DEBUG org.apache.http.headers - << Date: Mon, 20 Dec 2021 11:06:36 GMT
2021-12-20_16:36:37.249 [main] DEBUG org.apache.http.headers - << Keep-Alive: timeout=60
2021-12-20_16:36:37.249 [main] DEBUG org.apache.http.headers - << Content-Type: application/json
2021-12-20_16:36:37.249 [main] DEBUG org.apache.http.headers - << Transfer-Encoding: chunked
2021-12-20_16:36:37.249 [main] DEBUG org.apache.http.headers - << Connection: keep-alive
2021-12-20_16:36:37.249 [main] DEBUG o.a.h.impl.client.DefaultHttpClient - Connection can be kept alive for 60000 MILLISECONDS
2021-12-20_16:36:37.250 [main] DEBUG i.r.i.RequestSpecificationImpl$RestAssuredHttpBuilder - Parsing response as: application/json
2021-12-20_16:36:37.250 [main] DEBUG i.r.i.RequestSpecificationImpl$RestAssuredHttpBuilder - Parsed data to instance of: class org.apache.http.conn.EofSensorInputStream
2021-12-20_16:36:37.250 [main] INFO  com.qc.BaseAPI - Method :GET
2021-12-20_16:36:37.251 [main] INFO  com.qc.BaseAPI - URI :https://apitest.pineperks.in/auth/V1/generate/token
2021-12-20_16:36:37.251 [main] INFO  com.qc.BaseAPI - Headers :userName=t3azPwts/6OSPTFxhCdYug==
Accept=*/*
Content-Type=application/json; charset=UTF-8
2021-12-20_16:36:37.251 [main] INFO  com.qc.BaseAPI - Body :null
2021-12-20_16:36:37.251 [main] INFO  com.qc.BaseAPI - ********************RESPONSE********************
2021-12-20_16:36:37.251 [main] DEBUG org.apache.http.wire -  << "93[\r][\n]"
2021-12-20_16:36:37.252 [main] DEBUG org.apache.http.wire -  << "{"timestamp":"2021-12-20 16:36:37.241","status":403,"error":"Forbidden","message":"IP Address is not whitelisted","path":"/auth/V1/generate/token"}"
2021-12-20_16:36:37.252 [main] DEBUG org.apache.http.wire -  << "[\r][\n]"
2021-12-20_16:36:37.252 [main] DEBUG org.apache.http.wire -  << "0[\r][\n]"
2021-12-20_16:36:37.252 [main] DEBUG org.apache.http.wire -  << "[\r][\n]"
2021-12-20_16:36:37.252 [main] DEBUG o.a.h.i.c.BasicClientConnectionManager - Releasing connection org.apache.http.impl.conn.ManagedClientConnectionImpl@3fd6c2a7
2021-12-20_16:36:37.252 [main] DEBUG o.a.h.i.c.BasicClientConnectionManager - Connection can be kept alive for 60000 MILLISECONDS
2021-12-20_16:36:37.253 [main] INFO  com.qc.BaseAPI - Response :{
    "timestamp": "2021-12-20 16:36:37.241",
    "status": 403,
    "error": "Forbidden",
    "message": "IP Address is not whitelisted",
    "path": "/auth/V1/generate/token"
}
2021-12-20_16:36:37.253 [main] INFO  com.qc.BaseAPI -  **** GET call Response time 153 ms
2021-12-20_16:36:37.253 [main] INFO  pl.rest.service.Authorize - Time Taken to perform https://apitest.pineperks.in/auth/V1/generate/token transaction: 153
2021-12-20_16:36:37.260 [main] INFO  com.qc.qa.utils.TestDataReader - Reading Json data authorizeHeaders
2021-12-20_16:36:37.262 [main] INFO  com.qc.qa.utils.TestDataReader - Reading json data from file @ testData/api/devAPIData.json
2021-12-20_16:36:37.262 [main] INFO  pl.rest.service.CardUpdate - CardIssue Rest API URL :- https://apitest.pineperks.in/card/profile/V1/admin/status/update
2021-12-20_16:36:37.262 [main] INFO  com.qc.BaseAPI - POST call to URL https://apitest.pineperks.in/card/profile/V1/admin/status/update
2021-12-20_16:36:37.267 [main] INFO  com.qc.BaseAPI - ********************REQUEST********************
2021-12-20_16:36:37.274 [main] DEBUG o.a.h.i.c.BasicClientConnectionManager - Get connection for route {s}->https://apitest.pineperks.in:443
2021-12-20_16:36:37.274 [main] DEBUG o.a.h.i.c.DefaultClientConnectionOperator - Connecting to apitest.pineperks.in:443
2021-12-20_16:36:37.382 [main] DEBUG o.a.h.c.protocol.RequestAddCookies - CookieSpec selected: ignoreCookies
2021-12-20_16:36:37.382 [main] DEBUG o.a.h.c.protocol.RequestAuthCache - Auth cache not set in the context
2021-12-20_16:36:37.382 [main] DEBUG o.a.h.c.p.RequestTargetAuthentication - Target auth state: UNCHALLENGED
2021-12-20_16:36:37.382 [main] DEBUG o.a.h.c.p.RequestProxyAuthentication - Proxy auth state: UNCHALLENGED
2021-12-20_16:36:37.382 [main] DEBUG o.a.h.impl.client.DefaultHttpClient - Attempt 1 to execute request
2021-12-20_16:36:37.383 [main] DEBUG o.a.h.i.conn.DefaultClientConnection - Sending request: POST /card/profile/V1/admin/status/update HTTP/1.1
2021-12-20_16:36:37.383 [main] DEBUG org.apache.http.wire -  >> "POST /card/profile/V1/admin/status/update HTTP/1.1[\r][\n]"
2021-12-20_16:36:37.383 [main] DEBUG org.apache.http.wire -  >> "Accept: */*[\r][\n]"
2021-12-20_16:36:37.383 [main] DEBUG org.apache.http.wire -  >> "userName: t3azPwts/6OSPTFxhCdYug==[\r][\n]"
2021-12-20_16:36:37.383 [main] DEBUG org.apache.http.wire -  >> "token: null[\r][\n]"
2021-12-20_16:36:37.383 [main] DEBUG org.apache.http.wire -  >> "Content-Type: application/json; charset=UTF-8[\r][\n]"
2021-12-20_16:36:37.384 [main] DEBUG org.apache.http.wire -  >> "Content-Length: 113[\r][\n]"
2021-12-20_16:36:37.384 [main] DEBUG org.apache.http.wire -  >> "Host: apitest.pineperks.in[\r][\n]"
2021-12-20_16:36:37.384 [main] DEBUG org.apache.http.wire -  >> "Connection: Keep-Alive[\r][\n]"
2021-12-20_16:36:37.384 [main] DEBUG org.apache.http.wire -  >> "User-Agent: Apache-HttpClient/4.5.2 (Java/1.8.0_202)[\r][\n]"
2021-12-20_16:36:37.384 [main] DEBUG org.apache.http.wire -  >> "Accept-Encoding: gzip,deflate[\r][\n]"
2021-12-20_16:36:37.384 [main] DEBUG org.apache.http.wire -  >> "[\r][\n]"
2021-12-20_16:36:37.385 [main] DEBUG org.apache.http.headers - >> POST /card/profile/V1/admin/status/update HTTP/1.1
2021-12-20_16:36:37.385 [main] DEBUG org.apache.http.headers - >> Accept: */*
2021-12-20_16:36:37.385 [main] DEBUG org.apache.http.headers - >> userName: t3azPwts/6OSPTFxhCdYug==
2021-12-20_16:36:37.385 [main] DEBUG org.apache.http.headers - >> token: null
2021-12-20_16:36:37.385 [main] DEBUG org.apache.http.headers - >> Content-Type: application/json; charset=UTF-8
2021-12-20_16:36:37.385 [main] DEBUG org.apache.http.headers - >> Content-Length: 113
2021-12-20_16:36:37.385 [main] DEBUG org.apache.http.headers - >> Host: apitest.pineperks.in
2021-12-20_16:36:37.385 [main] DEBUG org.apache.http.headers - >> Connection: Keep-Alive
2021-12-20_16:36:37.386 [main] DEBUG org.apache.http.headers - >> User-Agent: Apache-HttpClient/4.5.2 (Java/1.8.0_202)
2021-12-20_16:36:37.386 [main] DEBUG org.apache.http.headers - >> Accept-Encoding: gzip,deflate
2021-12-20_16:36:37.386 [main] DEBUG org.apache.http.wire -  >> "{"remarks":"Test","cardStatusUpdateRequestList":[{"reason":"1","referenceNumber":"6539518357","cardStatus":"1"}]}"
2021-12-20_16:36:37.405 [main] DEBUG org.apache.http.wire -  << "HTTP/1.1 403 [\r][\n]"
2021-12-20_16:36:37.406 [main] DEBUG org.apache.http.wire -  << "Access-Control-Allow-Methods: GET, POST[\r][\n]"
2021-12-20_16:36:37.406 [main] DEBUG org.apache.http.wire -  << "Access-Control-Allow-Origin: *[\r][\n]"
2021-12-20_16:36:37.406 [main] DEBUG org.apache.http.wire -  << "Content-Security-Policy: default-src 'none'[\r][\n]"
2021-12-20_16:36:37.406 [main] DEBUG org.apache.http.wire -  << "Feature-Policy: 'none'[\r][\n]"
2021-12-20_16:36:37.406 [main] DEBUG org.apache.http.wire -  << "Referrer-Policy: no-referrer[\r][\n]"
2021-12-20_16:36:37.406 [main] DEBUG org.apache.http.wire -  << "Strict-Transport-Security: max-age=31536000 ; includeSubDomains[\r][\n]"
2021-12-20_16:36:37.406 [main] DEBUG org.apache.http.wire -  << "Date: Mon, 20 Dec 2021 11:06:36 GMT[\r][\n]"
2021-12-20_16:36:37.406 [main] DEBUG org.apache.http.wire -  << "Keep-Alive: timeout=60[\r][\n]"
2021-12-20_16:36:37.407 [main] DEBUG org.apache.http.wire -  << "Content-Type: application/json[\r][\n]"
2021-12-20_16:36:37.407 [main] DEBUG org.apache.http.wire -  << "Transfer-Encoding: chunked[\r][\n]"
2021-12-20_16:36:37.407 [main] DEBUG org.apache.http.wire -  << "Connection: keep-alive[\r][\n]"
2021-12-20_16:36:37.407 [main] DEBUG org.apache.http.wire -  << "[\r][\n]"
2021-12-20_16:36:37.407 [main] DEBUG o.a.h.i.conn.DefaultClientConnection - Receiving response: HTTP/1.1 403 
2021-12-20_16:36:37.407 [main] DEBUG org.apache.http.headers - << HTTP/1.1 403 
2021-12-20_16:36:37.407 [main] DEBUG org.apache.http.headers - << Access-Control-Allow-Methods: GET, POST
2021-12-20_16:36:37.407 [main] DEBUG org.apache.http.headers - << Access-Control-Allow-Origin: *
2021-12-20_16:36:37.407 [main] DEBUG org.apache.http.headers - << Content-Security-Policy: default-src 'none'
2021-12-20_16:36:37.407 [main] DEBUG org.apache.http.headers - << Feature-Policy: 'none'
2021-12-20_16:36:37.407 [main] DEBUG org.apache.http.headers - << Referrer-Policy: no-referrer
2021-12-20_16:36:37.407 [main] DEBUG org.apache.http.headers - << Strict-Transport-Security: max-age=31536000 ; includeSubDomains
2021-12-20_16:36:37.407 [main] DEBUG org.apache.http.headers - << Date: Mon, 20 Dec 2021 11:06:36 GMT
2021-12-20_16:36:37.407 [main] DEBUG org.apache.http.headers - << Keep-Alive: timeout=60
2021-12-20_16:36:37.407 [main] DEBUG org.apache.http.headers - << Content-Type: application/json
2021-12-20_16:36:37.407 [main] DEBUG org.apache.http.headers - << Transfer-Encoding: chunked
2021-12-20_16:36:37.408 [main] DEBUG org.apache.http.headers - << Connection: keep-alive
2021-12-20_16:36:37.408 [main] DEBUG o.a.h.impl.client.DefaultHttpClient - Connection can be kept alive for 60000 MILLISECONDS
2021-12-20_16:36:37.409 [main] DEBUG i.r.i.RequestSpecificationImpl$RestAssuredHttpBuilder - Parsing response as: application/json
2021-12-20_16:36:37.409 [main] DEBUG i.r.i.RequestSpecificationImpl$RestAssuredHttpBuilder - Parsed data to instance of: class org.apache.http.conn.EofSensorInputStream
2021-12-20_16:36:37.410 [main] INFO  com.qc.BaseAPI - Method :POST
2021-12-20_16:36:37.411 [main] INFO  com.qc.BaseAPI - URI :https://apitest.pineperks.in/card/profile/V1/admin/status/update
2021-12-20_16:36:37.411 [main] INFO  com.qc.BaseAPI - Headers :token=null
userName=t3azPwts/6OSPTFxhCdYug==
Accept=*/*
Content-Type=application/json; charset=UTF-8
2021-12-20_16:36:37.412 [main] INFO  com.qc.BaseAPI - Body :{"remarks":"Test","cardStatusUpdateRequestList":[{"reason":"1","referenceNumber":"6539518357","cardStatus":"1"}]}
2021-12-20_16:36:37.412 [main] INFO  com.qc.BaseAPI - ********************RESPONSE********************
2021-12-20_16:36:37.412 [main] DEBUG org.apache.http.wire -  << "a0[\r][\n]"
2021-12-20_16:36:37.412 [main] DEBUG org.apache.http.wire -  << "{"timestamp":"2021-12-20 16:36:37.397","status":403,"error":"Forbidden","message":"IP Address is not whitelisted","path":"/card/profile/V1/admin/status/update"}"
2021-12-20_16:36:37.412 [main] DEBUG org.apache.http.wire -  << "[\r][\n]"
2021-12-20_16:36:37.412 [main] DEBUG org.apache.http.wire -  << "0[\r][\n]"
2021-12-20_16:36:37.412 [main] DEBUG org.apache.http.wire -  << "[\r][\n]"
2021-12-20_16:36:37.413 [main] DEBUG o.a.h.i.c.BasicClientConnectionManager - Releasing connection org.apache.http.impl.conn.ManagedClientConnectionImpl@5e8f7401
2021-12-20_16:36:37.413 [main] DEBUG o.a.h.i.c.BasicClientConnectionManager - Connection can be kept alive for 60000 MILLISECONDS
2021-12-20_16:36:37.413 [main] INFO  com.qc.BaseAPI - Response :{
    "timestamp": "2021-12-20 16:36:37.397",
    "status": 403,
    "error": "Forbidden",
    "message": "IP Address is not whitelisted",
    "path": "/card/profile/V1/admin/status/update"
}
2021-12-20_16:36:37.414 [main] INFO  com.qc.BaseAPI -  **** POST call Response time 142 ms
2021-12-20_16:36:37.414 [main] INFO  pl.rest.service.CardUpdate - Time Taken to perform https://apitest.pineperks.in/card/profile/V1/admin/status/update transaction: 142
2021-12-20_16:36:37.421 [main] INFO  com.qc.qa.utils.TestDataReader - Reading Json data authorizeHeaders
2021-12-20_16:36:37.424 [main] INFO  com.qc.qa.utils.TestDataReader - Reading json data from file @ testData/api/devAPIData.json
2021-12-20_16:36:37.425 [main] INFO  pl.rest.service.CardUpdate - CardIssue Rest API URL :- https://apitest.pineperks.in/card/profile/V1/admin/status/update
2021-12-20_16:36:37.425 [main] INFO  com.qc.BaseAPI - POST call to URL https://apitest.pineperks.in/card/profile/V1/admin/status/update
2021-12-20_16:36:37.430 [main] INFO  com.qc.BaseAPI - ********************REQUEST********************
2021-12-20_16:36:37.442 [main] DEBUG o.a.h.i.c.BasicClientConnectionManager - Get connection for route {s}->https://apitest.pineperks.in:443
2021-12-20_16:36:37.442 [main] DEBUG o.a.h.i.c.DefaultClientConnectionOperator - Connecting to apitest.pineperks.in:443
2021-12-20_16:36:37.555 [main] DEBUG o.a.h.c.protocol.RequestAddCookies - CookieSpec selected: ignoreCookies
2021-12-20_16:36:37.555 [main] DEBUG o.a.h.c.protocol.RequestAuthCache - Auth cache not set in the context
2021-12-20_16:36:37.555 [main] DEBUG o.a.h.c.p.RequestTargetAuthentication - Target auth state: UNCHALLENGED
2021-12-20_16:36:37.555 [main] DEBUG o.a.h.c.p.RequestProxyAuthentication - Proxy auth state: UNCHALLENGED
2021-12-20_16:36:37.555 [main] DEBUG o.a.h.impl.client.DefaultHttpClient - Attempt 1 to execute request
2021-12-20_16:36:37.556 [main] DEBUG o.a.h.i.conn.DefaultClientConnection - Sending request: POST /card/profile/V1/admin/status/update HTTP/1.1
2021-12-20_16:36:37.556 [main] DEBUG org.apache.http.wire -  >> "POST /card/profile/V1/admin/status/update HTTP/1.1[\r][\n]"
2021-12-20_16:36:37.556 [main] DEBUG org.apache.http.wire -  >> "Accept: */*[\r][\n]"
2021-12-20_16:36:37.556 [main] DEBUG org.apache.http.wire -  >> "userName: t3azPwts/6OSPTFxhCdYug==[\r][\n]"
2021-12-20_16:36:37.556 [main] DEBUG org.apache.http.wire -  >> "token: null[\r][\n]"
2021-12-20_16:36:37.556 [main] DEBUG org.apache.http.wire -  >> "Content-Type: application/json; charset=UTF-8[\r][\n]"
2021-12-20_16:36:37.556 [main] DEBUG org.apache.http.wire -  >> "Content-Length: 113[\r][\n]"
2021-12-20_16:36:37.556 [main] DEBUG org.apache.http.wire -  >> "Host: apitest.pineperks.in[\r][\n]"
2021-12-20_16:36:37.556 [main] DEBUG org.apache.http.wire -  >> "Connection: Keep-Alive[\r][\n]"
2021-12-20_16:36:37.556 [main] DEBUG org.apache.http.wire -  >> "User-Agent: Apache-HttpClient/4.5.2 (Java/1.8.0_202)[\r][\n]"
2021-12-20_16:36:37.556 [main] DEBUG org.apache.http.wire -  >> "Accept-Encoding: gzip,deflate[\r][\n]"
2021-12-20_16:36:37.556 [main] DEBUG org.apache.http.wire -  >> "[\r][\n]"
2021-12-20_16:36:37.556 [main] DEBUG org.apache.http.headers - >> POST /card/profile/V1/admin/status/update HTTP/1.1
2021-12-20_16:36:37.556 [main] DEBUG org.apache.http.headers - >> Accept: */*
2021-12-20_16:36:37.557 [main] DEBUG org.apache.http.headers - >> userName: t3azPwts/6OSPTFxhCdYug==
2021-12-20_16:36:37.557 [main] DEBUG org.apache.http.headers - >> token: null
2021-12-20_16:36:37.557 [main] DEBUG org.apache.http.headers - >> Content-Type: application/json; charset=UTF-8
2021-12-20_16:36:37.557 [main] DEBUG org.apache.http.headers - >> Content-Length: 113
2021-12-20_16:36:37.557 [main] DEBUG org.apache.http.headers - >> Host: apitest.pineperks.in
2021-12-20_16:36:37.557 [main] DEBUG org.apache.http.headers - >> Connection: Keep-Alive
2021-12-20_16:36:37.557 [main] DEBUG org.apache.http.headers - >> User-Agent: Apache-HttpClient/4.5.2 (Java/1.8.0_202)
2021-12-20_16:36:37.557 [main] DEBUG org.apache.http.headers - >> Accept-Encoding: gzip,deflate
2021-12-20_16:36:37.557 [main] DEBUG org.apache.http.wire -  >> "{"remarks":"Test","cardStatusUpdateRequestList":[{"reason":"1","referenceNumber":"6539518357","cardStatus":"1"}]}"
2021-12-20_16:36:37.577 [main] DEBUG org.apache.http.wire -  << "HTTP/1.1 403 [\r][\n]"
2021-12-20_16:36:37.577 [main] DEBUG org.apache.http.wire -  << "Access-Control-Allow-Methods: GET, POST[\r][\n]"
2021-12-20_16:36:37.577 [main] DEBUG org.apache.http.wire -  << "Access-Control-Allow-Origin: *[\r][\n]"
2021-12-20_16:36:37.577 [main] DEBUG org.apache.http.wire -  << "Content-Security-Policy: default-src 'none'[\r][\n]"
2021-12-20_16:36:37.577 [main] DEBUG org.apache.http.wire -  << "Feature-Policy: 'none'[\r][\n]"
2021-12-20_16:36:37.577 [main] DEBUG org.apache.http.wire -  << "Referrer-Policy: no-referrer[\r][\n]"
2021-12-20_16:36:37.577 [main] DEBUG org.apache.http.wire -  << "Strict-Transport-Security: max-age=31536000 ; includeSubDomains[\r][\n]"
2021-12-20_16:36:37.577 [main] DEBUG org.apache.http.wire -  << "Date: Mon, 20 Dec 2021 11:06:36 GMT[\r][\n]"
2021-12-20_16:36:37.577 [main] DEBUG org.apache.http.wire -  << "Keep-Alive: timeout=60[\r][\n]"
2021-12-20_16:36:37.577 [main] DEBUG org.apache.http.wire -  << "Content-Type: application/json[\r][\n]"
2021-12-20_16:36:37.578 [main] DEBUG org.apache.http.wire -  << "Transfer-Encoding: chunked[\r][\n]"
2021-12-20_16:36:37.578 [main] DEBUG org.apache.http.wire -  << "Connection: keep-alive[\r][\n]"
2021-12-20_16:36:37.578 [main] DEBUG org.apache.http.wire -  << "[\r][\n]"
2021-12-20_16:36:37.578 [main] DEBUG o.a.h.i.conn.DefaultClientConnection - Receiving response: HTTP/1.1 403 
2021-12-20_16:36:37.578 [main] DEBUG org.apache.http.headers - << HTTP/1.1 403 
2021-12-20_16:36:37.579 [main] DEBUG org.apache.http.headers - << Access-Control-Allow-Methods: GET, POST
2021-12-20_16:36:37.579 [main] DEBUG org.apache.http.headers - << Access-Control-Allow-Origin: *
2021-12-20_16:36:37.579 [main] DEBUG org.apache.http.headers - << Content-Security-Policy: default-src 'none'
2021-12-20_16:36:37.579 [main] DEBUG org.apache.http.headers - << Feature-Policy: 'none'
2021-12-20_16:36:37.579 [main] DEBUG org.apache.http.headers - << Referrer-Policy: no-referrer
2021-12-20_16:36:37.579 [main] DEBUG org.apache.http.headers - << Strict-Transport-Security: max-age=31536000 ; includeSubDomains
2021-12-20_16:36:37.579 [main] DEBUG org.apache.http.headers - << Date: Mon, 20 Dec 2021 11:06:36 GMT
2021-12-20_16:36:37.579 [main] DEBUG org.apache.http.headers - << Keep-Alive: timeout=60
2021-12-20_16:36:37.579 [main] DEBUG org.apache.http.headers - << Content-Type: application/json
2021-12-20_16:36:37.579 [main] DEBUG org.apache.http.headers - << Transfer-Encoding: chunked
2021-12-20_16:36:37.579 [main] DEBUG org.apache.http.headers - << Connection: keep-alive
2021-12-20_16:36:37.579 [main] DEBUG o.a.h.impl.client.DefaultHttpClient - Connection can be kept alive for 60000 MILLISECONDS
2021-12-20_16:36:37.580 [main] DEBUG i.r.i.RequestSpecificationImpl$RestAssuredHttpBuilder - Parsing response as: application/json
2021-12-20_16:36:37.580 [main] DEBUG i.r.i.RequestSpecificationImpl$RestAssuredHttpBuilder - Parsed data to instance of: class org.apache.http.conn.EofSensorInputStream
2021-12-20_16:36:37.581 [main] INFO  com.qc.BaseAPI - Method :POST
2021-12-20_16:36:37.582 [main] INFO  com.qc.BaseAPI - URI :https://apitest.pineperks.in/card/profile/V1/admin/status/update
2021-12-20_16:36:37.582 [main] INFO  com.qc.BaseAPI - Headers :token=null
userName=t3azPwts/6OSPTFxhCdYug==
Accept=*/*
Content-Type=application/json; charset=UTF-8
2021-12-20_16:36:37.583 [main] INFO  com.qc.BaseAPI - Body :{"remarks":"Test","cardStatusUpdateRequestList":[{"reason":"1","referenceNumber":"6539518357","cardStatus":"1"}]}
2021-12-20_16:36:37.583 [main] INFO  com.qc.BaseAPI - ********************RESPONSE********************
2021-12-20_16:36:37.583 [main] DEBUG org.apache.http.wire -  << "a0[\r][\n]"
2021-12-20_16:36:37.583 [main] DEBUG org.apache.http.wire -  << "{"timestamp":"2021-12-20 16:36:37.553","status":403,"error":"Forbidden","message":"IP Address is not whitelisted","path":"/card/profile/V1/admin/status/update"}"
2021-12-20_16:36:37.583 [main] DEBUG org.apache.http.wire -  << "[\r][\n]"
2021-12-20_16:36:37.583 [main] DEBUG org.apache.http.wire -  << "0[\r][\n]"
2021-12-20_16:36:37.584 [main] DEBUG org.apache.http.wire -  << "[\r][\n]"
2021-12-20_16:36:37.584 [main] DEBUG o.a.h.i.c.BasicClientConnectionManager - Releasing connection org.apache.http.impl.conn.ManagedClientConnectionImpl@392c9247
2021-12-20_16:36:37.584 [main] DEBUG o.a.h.i.c.BasicClientConnectionManager - Connection can be kept alive for 60000 MILLISECONDS
2021-12-20_16:36:37.585 [main] INFO  com.qc.BaseAPI - Response :{
    "timestamp": "2021-12-20 16:36:37.553",
    "status": 403,
    "error": "Forbidden",
    "message": "IP Address is not whitelisted",
    "path": "/card/profile/V1/admin/status/update"
}
2021-12-20_16:36:37.585 [main] INFO  com.qc.BaseAPI -  **** POST call Response time 150 ms
2021-12-20_16:36:37.585 [main] INFO  pl.rest.service.CardUpdate - Time Taken to perform https://apitest.pineperks.in/card/profile/V1/admin/status/update transaction: 150
