2021-12-23_23:13:00.177 [main] INFO  pl.rest.CustomHooks - SCENARIO NAME: Issuing a non reloadable card and validation data with the card detail API response
2021-12-23_23:13:00.181 [main] INFO  pl.rest.CustomHooks - TAG NAMEs: []
2021-12-23_23:13:00.186 [main] INFO  pl.rest.CustomHooks - SCENARIO NAME: Issuing a non reloadable card and validation data with the card detail API response
2021-12-23_23:13:00.187 [main] INFO  pl.rest.CustomHooks - TAG NAMEs: []
2021-12-23_23:13:00.262 [main] INFO  pl.rest.CustomHooks - Index: 0, Size: 0
2021-12-23_23:13:02.497 [main] INFO  com.qc.qa.utils.TestDataReader - Reading API Test Data config values from  testData/api/devAPITestData.properties
2021-12-23_23:13:02.515 [main] INFO  pl.rest.service.Authorize - Authorize Rest API URL :- https://apitest.pineperks.in/auth/V1/generate/token
2021-12-23_23:13:02.515 [main] INFO  com.qc.BaseAPI - GET call to URL https://apitest.pineperks.in/auth/V1/generate/token
2021-12-23_23:13:02.820 [main] INFO  com.qc.BaseAPI - ********************REQUEST********************
2021-12-23_23:13:05.372 [main] DEBUG o.a.h.i.c.BasicClientConnectionManager - Get connection for route {s}->https://apitest.pineperks.in:443
2021-12-23_23:13:05.430 [main] DEBUG o.a.h.i.c.DefaultClientConnectionOperator - Connecting to apitest.pineperks.in:443
2021-12-23_23:13:06.523 [main] DEBUG o.a.h.c.protocol.RequestAddCookies - CookieSpec selected: ignoreCookies
2021-12-23_23:13:06.525 [main] DEBUG o.a.h.c.protocol.RequestAuthCache - Auth cache not set in the context
2021-12-23_23:13:06.525 [main] DEBUG o.a.h.c.p.RequestTargetAuthentication - Target auth state: UNCHALLENGED
2021-12-23_23:13:06.526 [main] DEBUG o.a.h.c.p.RequestProxyAuthentication - Proxy auth state: UNCHALLENGED
2021-12-23_23:13:06.526 [main] DEBUG o.a.h.impl.client.DefaultHttpClient - Attempt 1 to execute request
2021-12-23_23:13:06.527 [main] DEBUG o.a.h.i.conn.DefaultClientConnection - Sending request: GET /auth/V1/generate/token HTTP/1.1
2021-12-23_23:13:06.527 [main] DEBUG org.apache.http.wire -  >> "GET /auth/V1/generate/token HTTP/1.1[\r][\n]"
2021-12-23_23:13:06.528 [main] DEBUG org.apache.http.wire -  >> "Content-Type: application/json; charset=UTF-8[\r][\n]"
2021-12-23_23:13:06.528 [main] DEBUG org.apache.http.wire -  >> "Accept: */*[\r][\n]"
2021-12-23_23:13:06.528 [main] DEBUG org.apache.http.wire -  >> "userName: A0aCcnPzDANtKmvSLPKcaw==[\r][\n]"
2021-12-23_23:13:06.528 [main] DEBUG org.apache.http.wire -  >> "Host: apitest.pineperks.in[\r][\n]"
2021-12-23_23:13:06.528 [main] DEBUG org.apache.http.wire -  >> "Connection: Keep-Alive[\r][\n]"
2021-12-23_23:13:06.529 [main] DEBUG org.apache.http.wire -  >> "User-Agent: Apache-HttpClient/4.5.2 (Java/1.8.0_202)[\r][\n]"
2021-12-23_23:13:06.529 [main] DEBUG org.apache.http.wire -  >> "Accept-Encoding: gzip,deflate[\r][\n]"
2021-12-23_23:13:06.529 [main] DEBUG org.apache.http.wire -  >> "[\r][\n]"
2021-12-23_23:13:06.529 [main] DEBUG org.apache.http.headers - >> GET /auth/V1/generate/token HTTP/1.1
2021-12-23_23:13:06.529 [main] DEBUG org.apache.http.headers - >> Content-Type: application/json; charset=UTF-8
2021-12-23_23:13:06.529 [main] DEBUG org.apache.http.headers - >> Accept: */*
2021-12-23_23:13:06.529 [main] DEBUG org.apache.http.headers - >> userName: A0aCcnPzDANtKmvSLPKcaw==
2021-12-23_23:13:06.529 [main] DEBUG org.apache.http.headers - >> Host: apitest.pineperks.in
2021-12-23_23:13:06.529 [main] DEBUG org.apache.http.headers - >> Connection: Keep-Alive
2021-12-23_23:13:06.530 [main] DEBUG org.apache.http.headers - >> User-Agent: Apache-HttpClient/4.5.2 (Java/1.8.0_202)
2021-12-23_23:13:06.530 [main] DEBUG org.apache.http.headers - >> Accept-Encoding: gzip,deflate
2021-12-23_23:13:06.563 [main] DEBUG org.apache.http.wire -  << "HTTP/1.1 200 [\r][\n]"
2021-12-23_23:13:06.564 [main] DEBUG org.apache.http.wire -  << "Access-Control-Allow-Methods: GET, POST[\r][\n]"
2021-12-23_23:13:06.565 [main] DEBUG org.apache.http.wire -  << "Access-Control-Allow-Origin: *[\r][\n]"
2021-12-23_23:13:06.565 [main] DEBUG org.apache.http.wire -  << "Content-Security-Policy: default-src 'none'[\r][\n]"
2021-12-23_23:13:06.565 [main] DEBUG org.apache.http.wire -  << "Feature-Policy: 'none'[\r][\n]"
2021-12-23_23:13:06.565 [main] DEBUG org.apache.http.wire -  << "Referrer-Policy: no-referrer[\r][\n]"
2021-12-23_23:13:06.565 [main] DEBUG org.apache.http.wire -  << "Strict-Transport-Security: max-age=31536000 ; includeSubDomains[\r][\n]"
2021-12-23_23:13:06.565 [main] DEBUG org.apache.http.wire -  << "Date: Thu, 23 Dec 2021 17:43:06 GMT[\r][\n]"
2021-12-23_23:13:06.565 [main] DEBUG org.apache.http.wire -  << "Keep-Alive: timeout=60[\r][\n]"
2021-12-23_23:13:06.565 [main] DEBUG org.apache.http.wire -  << "Content-Type: application/json[\r][\n]"
2021-12-23_23:13:06.565 [main] DEBUG org.apache.http.wire -  << "Transfer-Encoding: chunked[\r][\n]"
2021-12-23_23:13:06.566 [main] DEBUG org.apache.http.wire -  << "Connection: keep-alive[\r][\n]"
2021-12-23_23:13:06.566 [main] DEBUG org.apache.http.wire -  << "[\r][\n]"
2021-12-23_23:13:06.566 [main] DEBUG o.a.h.i.conn.DefaultClientConnection - Receiving response: HTTP/1.1 200 
2021-12-23_23:13:06.566 [main] DEBUG org.apache.http.headers - << HTTP/1.1 200 
2021-12-23_23:13:06.566 [main] DEBUG org.apache.http.headers - << Access-Control-Allow-Methods: GET, POST
2021-12-23_23:13:06.566 [main] DEBUG org.apache.http.headers - << Access-Control-Allow-Origin: *
2021-12-23_23:13:06.566 [main] DEBUG org.apache.http.headers - << Content-Security-Policy: default-src 'none'
2021-12-23_23:13:06.566 [main] DEBUG org.apache.http.headers - << Feature-Policy: 'none'
2021-12-23_23:13:06.567 [main] DEBUG org.apache.http.headers - << Referrer-Policy: no-referrer
2021-12-23_23:13:06.567 [main] DEBUG org.apache.http.headers - << Strict-Transport-Security: max-age=31536000 ; includeSubDomains
2021-12-23_23:13:06.567 [main] DEBUG org.apache.http.headers - << Date: Thu, 23 Dec 2021 17:43:06 GMT
2021-12-23_23:13:06.567 [main] DEBUG org.apache.http.headers - << Keep-Alive: timeout=60
2021-12-23_23:13:06.567 [main] DEBUG org.apache.http.headers - << Content-Type: application/json
2021-12-23_23:13:06.567 [main] DEBUG org.apache.http.headers - << Transfer-Encoding: chunked
2021-12-23_23:13:06.567 [main] DEBUG org.apache.http.headers - << Connection: keep-alive
2021-12-23_23:13:06.571 [main] DEBUG o.a.h.impl.client.DefaultHttpClient - Connection can be kept alive for 60000 MILLISECONDS
2021-12-23_23:13:06.588 [main] DEBUG i.r.i.RequestSpecificationImpl$RestAssuredHttpBuilder - Parsing response as: application/json
2021-12-23_23:13:06.589 [main] DEBUG i.r.i.RequestSpecificationImpl$RestAssuredHttpBuilder - Parsed data to instance of: class org.apache.http.conn.EofSensorInputStream
2021-12-23_23:13:06.599 [main] INFO  com.qc.BaseAPI - Method :GET
2021-12-23_23:13:06.600 [main] INFO  com.qc.BaseAPI - URI :https://apitest.pineperks.in/auth/V1/generate/token
2021-12-23_23:13:06.601 [main] INFO  com.qc.BaseAPI - Headers :userName=A0aCcnPzDANtKmvSLPKcaw==
Accept=*/*
Content-Type=application/json; charset=UTF-8
2021-12-23_23:13:06.601 [main] INFO  com.qc.BaseAPI - Body :null
2021-12-23_23:13:06.601 [main] INFO  com.qc.BaseAPI - ********************RESPONSE********************
2021-12-23_23:13:06.609 [main] DEBUG org.apache.http.wire -  << "7f[\r][\n]"
2021-12-23_23:13:06.610 [main] DEBUG org.apache.http.wire -  << "{"accessToken":"babf751234444be8aed0b72afcc41110","tokenExpiryTime":"24-Dec-2021","responseCode":0,"responseMessage":"Success"}"
2021-12-23_23:13:06.610 [main] DEBUG org.apache.http.wire -  << "[\r][\n]"
2021-12-23_23:13:06.610 [main] DEBUG org.apache.http.wire -  << "0[\r][\n]"
2021-12-23_23:13:06.611 [main] DEBUG org.apache.http.wire -  << "[\r][\n]"
2021-12-23_23:13:06.611 [main] DEBUG o.a.h.i.c.BasicClientConnectionManager - Releasing connection org.apache.http.impl.conn.ManagedClientConnectionImpl@173b7227
2021-12-23_23:13:06.611 [main] DEBUG o.a.h.i.c.BasicClientConnectionManager - Connection can be kept alive for 60000 MILLISECONDS
2021-12-23_23:13:06.639 [main] INFO  com.qc.BaseAPI - Response :{
    "accessToken": "babf751234444be8aed0b72afcc41110",
    "tokenExpiryTime": "24-Dec-2021",
    "responseCode": 0,
    "responseMessage": "Success"
}
2021-12-23_23:13:06.642 [main] INFO  com.qc.BaseAPI -  **** GET call Response time 3754 ms
2021-12-23_23:13:06.642 [main] INFO  pl.rest.service.Authorize - Time Taken to perform https://apitest.pineperks.in/auth/V1/generate/token transaction: 3754
2021-12-23_23:13:06.758 [main] INFO  com.qc.qa.utils.TestDataReader - Reading Json data authorizeHeaders
2021-12-23_23:13:06.762 [main] INFO  com.qc.qa.utils.TestDataReader - Reading json data from file @ testData/api/devAPIData.json
2021-12-23_23:13:06.790 [main] INFO  pl.rest.service.CardIssue - CardIssue Rest API URL :- https://apitest.pineperks.in/card/order/V1/instant/issue/nonreloadable/digital
2021-12-23_23:13:06.790 [main] INFO  com.qc.BaseAPI - POST call to URL https://apitest.pineperks.in/card/order/V1/instant/issue/nonreloadable/digital
2021-12-23_23:13:06.809 [main] INFO  com.qc.BaseAPI - ********************REQUEST********************
2021-12-23_23:13:06.859 [main] DEBUG o.a.h.i.c.BasicClientConnectionManager - Get connection for route {s}->https://apitest.pineperks.in:443
2021-12-23_23:13:06.860 [main] DEBUG o.a.h.i.c.DefaultClientConnectionOperator - Connecting to apitest.pineperks.in:443
2021-12-23_23:13:07.013 [main] DEBUG o.a.h.c.protocol.RequestAddCookies - CookieSpec selected: ignoreCookies
2021-12-23_23:13:07.014 [main] DEBUG o.a.h.c.protocol.RequestAuthCache - Auth cache not set in the context
2021-12-23_23:13:07.014 [main] DEBUG o.a.h.c.p.RequestTargetAuthentication - Target auth state: UNCHALLENGED
2021-12-23_23:13:07.014 [main] DEBUG o.a.h.c.p.RequestProxyAuthentication - Proxy auth state: UNCHALLENGED
2021-12-23_23:13:07.014 [main] DEBUG o.a.h.impl.client.DefaultHttpClient - Attempt 1 to execute request
2021-12-23_23:13:07.014 [main] DEBUG o.a.h.i.conn.DefaultClientConnection - Sending request: POST /card/order/V1/instant/issue/nonreloadable/digital HTTP/1.1
2021-12-23_23:13:07.015 [main] DEBUG org.apache.http.wire -  >> "POST /card/order/V1/instant/issue/nonreloadable/digital HTTP/1.1[\r][\n]"
2021-12-23_23:13:07.015 [main] DEBUG org.apache.http.wire -  >> "Accept: */*[\r][\n]"
2021-12-23_23:13:07.015 [main] DEBUG org.apache.http.wire -  >> "userName: A0aCcnPzDANtKmvSLPKcaw==[\r][\n]"
2021-12-23_23:13:07.015 [main] DEBUG org.apache.http.wire -  >> "token: babf751234444be8aed0b72afcc41110[\r][\n]"
2021-12-23_23:13:07.015 [main] DEBUG org.apache.http.wire -  >> "Content-Type: application/json; charset=UTF-8[\r][\n]"
2021-12-23_23:13:07.015 [main] DEBUG org.apache.http.wire -  >> "Content-Length: 241[\r][\n]"
2021-12-23_23:13:07.015 [main] DEBUG org.apache.http.wire -  >> "Host: apitest.pineperks.in[\r][\n]"
2021-12-23_23:13:07.015 [main] DEBUG org.apache.http.wire -  >> "Connection: Keep-Alive[\r][\n]"
2021-12-23_23:13:07.016 [main] DEBUG org.apache.http.wire -  >> "User-Agent: Apache-HttpClient/4.5.2 (Java/1.8.0_202)[\r][\n]"
2021-12-23_23:13:07.016 [main] DEBUG org.apache.http.wire -  >> "Accept-Encoding: gzip,deflate[\r][\n]"
2021-12-23_23:13:07.016 [main] DEBUG org.apache.http.wire -  >> "[\r][\n]"
2021-12-23_23:13:07.016 [main] DEBUG org.apache.http.headers - >> POST /card/order/V1/instant/issue/nonreloadable/digital HTTP/1.1
2021-12-23_23:13:07.016 [main] DEBUG org.apache.http.headers - >> Accept: */*
2021-12-23_23:13:07.016 [main] DEBUG org.apache.http.headers - >> userName: A0aCcnPzDANtKmvSLPKcaw==
2021-12-23_23:13:07.016 [main] DEBUG org.apache.http.headers - >> token: babf751234444be8aed0b72afcc41110
2021-12-23_23:13:07.016 [main] DEBUG org.apache.http.headers - >> Content-Type: application/json; charset=UTF-8
2021-12-23_23:13:07.016 [main] DEBUG org.apache.http.headers - >> Content-Length: 241
2021-12-23_23:13:07.016 [main] DEBUG org.apache.http.headers - >> Host: apitest.pineperks.in
2021-12-23_23:13:07.016 [main] DEBUG org.apache.http.headers - >> Connection: Keep-Alive
2021-12-23_23:13:07.016 [main] DEBUG org.apache.http.headers - >> User-Agent: Apache-HttpClient/4.5.2 (Java/1.8.0_202)
2021-12-23_23:13:07.017 [main] DEBUG org.apache.http.headers - >> Accept-Encoding: gzip,deflate
2021-12-23_23:13:07.017 [main] DEBUG org.apache.http.wire -  >> "{"isLinkToBeSentOnMobile":true,"checksum":"5x3GNrnStyS2PkMvV6EeAw==","cardDetailList":[{"amount":"1000","mobileNumber":"8284854535","customerName":"afzal","email":"afzal.ahmed@pinelabs.com"}],"externalRequestId":"LYwcUIh","cardSchemeId":"7"}"
2021-12-23_23:13:07.221 [main] DEBUG org.apache.http.wire -  << "HTTP/1.1 200 [\r][\n]"
2021-12-23_23:13:07.222 [main] DEBUG org.apache.http.wire -  << "Access-Control-Allow-Methods: GET, POST[\r][\n]"
2021-12-23_23:13:07.222 [main] DEBUG org.apache.http.wire -  << "Access-Control-Allow-Origin: *[\r][\n]"
2021-12-23_23:13:07.222 [main] DEBUG org.apache.http.wire -  << "Content-Security-Policy: default-src 'none'[\r][\n]"
2021-12-23_23:13:07.222 [main] DEBUG org.apache.http.wire -  << "Feature-Policy: 'none'[\r][\n]"
2021-12-23_23:13:07.222 [main] DEBUG org.apache.http.wire -  << "Referrer-Policy: no-referrer[\r][\n]"
2021-12-23_23:13:07.223 [main] DEBUG org.apache.http.wire -  << "Strict-Transport-Security: max-age=31536000 ; includeSubDomains[\r][\n]"
2021-12-23_23:13:07.223 [main] DEBUG org.apache.http.wire -  << "Date: Thu, 23 Dec 2021 17:43:06 GMT[\r][\n]"
2021-12-23_23:13:07.223 [main] DEBUG org.apache.http.wire -  << "Keep-Alive: timeout=60[\r][\n]"
2021-12-23_23:13:07.223 [main] DEBUG org.apache.http.wire -  << "Content-Type: application/json[\r][\n]"
2021-12-23_23:13:07.223 [main] DEBUG org.apache.http.wire -  << "Transfer-Encoding: chunked[\r][\n]"
2021-12-23_23:13:07.223 [main] DEBUG org.apache.http.wire -  << "Connection: keep-alive[\r][\n]"
2021-12-23_23:13:07.223 [main] DEBUG org.apache.http.wire -  << "[\r][\n]"
2021-12-23_23:13:07.223 [main] DEBUG o.a.h.i.conn.DefaultClientConnection - Receiving response: HTTP/1.1 200 
2021-12-23_23:13:07.223 [main] DEBUG org.apache.http.headers - << HTTP/1.1 200 
2021-12-23_23:13:07.224 [main] DEBUG org.apache.http.headers - << Access-Control-Allow-Methods: GET, POST
2021-12-23_23:13:07.224 [main] DEBUG org.apache.http.headers - << Access-Control-Allow-Origin: *
2021-12-23_23:13:07.224 [main] DEBUG org.apache.http.headers - << Content-Security-Policy: default-src 'none'
2021-12-23_23:13:07.224 [main] DEBUG org.apache.http.headers - << Feature-Policy: 'none'
2021-12-23_23:13:07.224 [main] DEBUG org.apache.http.headers - << Referrer-Policy: no-referrer
2021-12-23_23:13:07.224 [main] DEBUG org.apache.http.headers - << Strict-Transport-Security: max-age=31536000 ; includeSubDomains
2021-12-23_23:13:07.224 [main] DEBUG org.apache.http.headers - << Date: Thu, 23 Dec 2021 17:43:06 GMT
2021-12-23_23:13:07.225 [main] DEBUG org.apache.http.headers - << Keep-Alive: timeout=60
2021-12-23_23:13:07.225 [main] DEBUG org.apache.http.headers - << Content-Type: application/json
2021-12-23_23:13:07.225 [main] DEBUG org.apache.http.headers - << Transfer-Encoding: chunked
2021-12-23_23:13:07.225 [main] DEBUG org.apache.http.headers - << Connection: keep-alive
2021-12-23_23:13:07.225 [main] DEBUG o.a.h.impl.client.DefaultHttpClient - Connection can be kept alive for 60000 MILLISECONDS
2021-12-23_23:13:07.226 [main] DEBUG i.r.i.RequestSpecificationImpl$RestAssuredHttpBuilder - Parsing response as: application/json
2021-12-23_23:13:07.226 [main] DEBUG i.r.i.RequestSpecificationImpl$RestAssuredHttpBuilder - Parsed data to instance of: class org.apache.http.conn.EofSensorInputStream
2021-12-23_23:13:07.228 [main] INFO  com.qc.BaseAPI - Method :POST
2021-12-23_23:13:07.231 [main] INFO  com.qc.BaseAPI - URI :https://apitest.pineperks.in/card/order/V1/instant/issue/nonreloadable/digital
2021-12-23_23:13:07.231 [main] INFO  com.qc.BaseAPI - Headers :token=babf751234444be8aed0b72afcc41110
userName=A0aCcnPzDANtKmvSLPKcaw==
Accept=*/*
Content-Type=application/json; charset=UTF-8
2021-12-23_23:13:07.231 [main] INFO  com.qc.BaseAPI - Body :{"isLinkToBeSentOnMobile":true,"checksum":"5x3GNrnStyS2PkMvV6EeAw==","cardDetailList":[{"amount":"1000","mobileNumber":"8284854535","customerName":"afzal","email":"afzal.ahmed@pinelabs.com"}],"externalRequestId":"LYwcUIh","cardSchemeId":"7"}
2021-12-23_23:13:07.231 [main] INFO  com.qc.BaseAPI - ********************RESPONSE********************
2021-12-23_23:13:07.232 [main] DEBUG org.apache.http.wire -  << "1f1[\r][\n]"
2021-12-23_23:13:07.232 [main] DEBUG org.apache.http.wire -  << "{"externalRequestId":"LYwcUIh","orderId":20935,"orderStatus":6,"cardDetailResponseList":[{"referenceNumber":6639871866,"serialNumber":20935000010001,"customerName":"afzal","mobileNumber":8284854535,"email":"afzal.ahmed@pinelabs.com","amount":1000,"cardLink":"test.pineperks.in/eCard?c=3a.zv9j-5kcvPFA9IUQxRw2","responseCode":0,"responseMessage":"Success"}],"successCount":1,"failedCount":0,"orderAmount":1000,"issuanceCharge":100,"netOrderAmount":1100,"responseCode":0,"responseMessage":"Success"}"
2021-12-23_23:13:07.232 [main] DEBUG org.apache.http.wire -  << "[\r][\n]"
2021-12-23_23:13:07.232 [main] DEBUG org.apache.http.wire -  << "0[\r][\n]"
2021-12-23_23:13:07.233 [main] DEBUG org.apache.http.wire -  << "[\r][\n]"
2021-12-23_23:13:07.233 [main] DEBUG o.a.h.i.c.BasicClientConnectionManager - Releasing connection org.apache.http.impl.conn.ManagedClientConnectionImpl@486265b7
2021-12-23_23:13:07.233 [main] DEBUG o.a.h.i.c.BasicClientConnectionManager - Connection can be kept alive for 60000 MILLISECONDS
2021-12-23_23:13:07.235 [main] INFO  com.qc.BaseAPI - Response :{
    "externalRequestId": "LYwcUIh",
    "orderId": 20935,
    "orderStatus": 6,
    "cardDetailResponseList": [
        {
            "referenceNumber": 6639871866,
            "serialNumber": 20935000010001,
            "customerName": "afzal",
            "mobileNumber": 8284854535,
            "email": "afzal.ahmed@pinelabs.com",
            "amount": 1000,
            "cardLink": "test.pineperks.in/eCard?c=3a.zv9j-5kcvPFA9IUQxRw2",
            "responseCode": 0,
            "responseMessage": "Success"
        }
    ],
    "successCount": 1,
    "failedCount": 0,
    "orderAmount": 1000,
    "issuanceCharge": 100,
    "netOrderAmount": 1100,
    "responseCode": 0,
    "responseMessage": "Success"
}
2021-12-23_23:13:07.236 [main] INFO  com.qc.BaseAPI -  **** POST call Response time 413 ms
2021-12-23_23:13:07.236 [main] INFO  pl.rest.service.CardIssue - Time Taken to perform https://apitest.pineperks.in/card/order/V1/instant/issue/nonreloadable/digital transaction: 413
2021-12-23_23:13:07.246 [main] INFO  com.qc.qa.utils.TestDataReader - Reading Json data authorizeHeaders
2021-12-23_23:13:07.248 [main] INFO  com.qc.qa.utils.TestDataReader - Reading json data from file @ testData/api/devAPIData.json
2021-12-23_23:13:07.252 [main] INFO  p.r.service.CorporateAndCardDetails - CardIssue Rest API URL :- https://apitest.pineperks.in/card/profile/V1/detail
2021-12-23_23:13:07.252 [main] INFO  com.qc.BaseAPI - POST call to URL https://apitest.pineperks.in/card/profile/V1/detail
2021-12-23_23:13:07.259 [main] INFO  com.qc.BaseAPI - ********************REQUEST********************
2021-12-23_23:13:07.273 [main] DEBUG o.a.h.i.c.BasicClientConnectionManager - Get connection for route {s}->https://apitest.pineperks.in:443
2021-12-23_23:13:07.273 [main] DEBUG o.a.h.i.c.DefaultClientConnectionOperator - Connecting to apitest.pineperks.in:443
2021-12-23_23:13:07.391 [main] DEBUG o.a.h.c.protocol.RequestAddCookies - CookieSpec selected: ignoreCookies
2021-12-23_23:13:07.391 [main] DEBUG o.a.h.c.protocol.RequestAuthCache - Auth cache not set in the context
2021-12-23_23:13:07.391 [main] DEBUG o.a.h.c.p.RequestTargetAuthentication - Target auth state: UNCHALLENGED
2021-12-23_23:13:07.392 [main] DEBUG o.a.h.c.p.RequestProxyAuthentication - Proxy auth state: UNCHALLENGED
2021-12-23_23:13:07.392 [main] DEBUG o.a.h.impl.client.DefaultHttpClient - Attempt 1 to execute request
2021-12-23_23:13:07.392 [main] DEBUG o.a.h.i.conn.DefaultClientConnection - Sending request: POST /card/profile/V1/detail HTTP/1.1
2021-12-23_23:13:07.392 [main] DEBUG org.apache.http.wire -  >> "POST /card/profile/V1/detail HTTP/1.1[\r][\n]"
2021-12-23_23:13:07.393 [main] DEBUG org.apache.http.wire -  >> "Accept: */*[\r][\n]"
2021-12-23_23:13:07.393 [main] DEBUG org.apache.http.wire -  >> "userName: A0aCcnPzDANtKmvSLPKcaw==[\r][\n]"
2021-12-23_23:13:07.393 [main] DEBUG org.apache.http.wire -  >> "token: babf751234444be8aed0b72afcc41110[\r][\n]"
2021-12-23_23:13:07.393 [main] DEBUG org.apache.http.wire -  >> "Content-Type: application/json; charset=UTF-8[\r][\n]"
2021-12-23_23:13:07.394 [main] DEBUG org.apache.http.wire -  >> "Content-Length: 48[\r][\n]"
2021-12-23_23:13:07.394 [main] DEBUG org.apache.http.wire -  >> "Host: apitest.pineperks.in[\r][\n]"
2021-12-23_23:13:07.394 [main] DEBUG org.apache.http.wire -  >> "Connection: Keep-Alive[\r][\n]"
2021-12-23_23:13:07.394 [main] DEBUG org.apache.http.wire -  >> "User-Agent: Apache-HttpClient/4.5.2 (Java/1.8.0_202)[\r][\n]"
2021-12-23_23:13:07.394 [main] DEBUG org.apache.http.wire -  >> "Accept-Encoding: gzip,deflate[\r][\n]"
2021-12-23_23:13:07.394 [main] DEBUG org.apache.http.wire -  >> "[\r][\n]"
2021-12-23_23:13:07.394 [main] DEBUG org.apache.http.headers - >> POST /card/profile/V1/detail HTTP/1.1
2021-12-23_23:13:07.394 [main] DEBUG org.apache.http.headers - >> Accept: */*
2021-12-23_23:13:07.395 [main] DEBUG org.apache.http.headers - >> userName: A0aCcnPzDANtKmvSLPKcaw==
2021-12-23_23:13:07.395 [main] DEBUG org.apache.http.headers - >> token: babf751234444be8aed0b72afcc41110
2021-12-23_23:13:07.395 [main] DEBUG org.apache.http.headers - >> Content-Type: application/json; charset=UTF-8
2021-12-23_23:13:07.395 [main] DEBUG org.apache.http.headers - >> Content-Length: 48
2021-12-23_23:13:07.395 [main] DEBUG org.apache.http.headers - >> Host: apitest.pineperks.in
2021-12-23_23:13:07.395 [main] DEBUG org.apache.http.headers - >> Connection: Keep-Alive
2021-12-23_23:13:07.395 [main] DEBUG org.apache.http.headers - >> User-Agent: Apache-HttpClient/4.5.2 (Java/1.8.0_202)
2021-12-23_23:13:07.395 [main] DEBUG org.apache.http.headers - >> Accept-Encoding: gzip,deflate
2021-12-23_23:13:07.395 [main] DEBUG org.apache.http.wire -  >> "{"cardDetailRequestList":["context",6639871866]}"
2021-12-23_23:13:07.418 [main] DEBUG org.apache.http.wire -  << "HTTP/1.1 400 [\r][\n]"
2021-12-23_23:13:07.419 [main] DEBUG org.apache.http.wire -  << "Access-Control-Allow-Methods: GET, POST[\r][\n]"
2021-12-23_23:13:07.419 [main] DEBUG org.apache.http.wire -  << "Access-Control-Allow-Origin: *[\r][\n]"
2021-12-23_23:13:07.419 [main] DEBUG org.apache.http.wire -  << "Content-Security-Policy: default-src 'none'[\r][\n]"
2021-12-23_23:13:07.419 [main] DEBUG org.apache.http.wire -  << "Feature-Policy: 'none'[\r][\n]"
2021-12-23_23:13:07.419 [main] DEBUG org.apache.http.wire -  << "Referrer-Policy: no-referrer[\r][\n]"
2021-12-23_23:13:07.419 [main] DEBUG org.apache.http.wire -  << "Strict-Transport-Security: max-age=31536000 ; includeSubDomains[\r][\n]"
2021-12-23_23:13:07.419 [main] DEBUG org.apache.http.wire -  << "Date: Thu, 23 Dec 2021 17:43:06 GMT[\r][\n]"
2021-12-23_23:13:07.419 [main] DEBUG org.apache.http.wire -  << "Content-Type: application/json[\r][\n]"
2021-12-23_23:13:07.419 [main] DEBUG org.apache.http.wire -  << "Transfer-Encoding: chunked[\r][\n]"
2021-12-23_23:13:07.419 [main] DEBUG org.apache.http.wire -  << "Connection: close[\r][\n]"
2021-12-23_23:13:07.420 [main] DEBUG org.apache.http.wire -  << "[\r][\n]"
2021-12-23_23:13:07.420 [main] DEBUG o.a.h.i.conn.DefaultClientConnection - Receiving response: HTTP/1.1 400 
2021-12-23_23:13:07.420 [main] DEBUG org.apache.http.headers - << HTTP/1.1 400 
2021-12-23_23:13:07.420 [main] DEBUG org.apache.http.headers - << Access-Control-Allow-Methods: GET, POST
2021-12-23_23:13:07.420 [main] DEBUG org.apache.http.headers - << Access-Control-Allow-Origin: *
2021-12-23_23:13:07.420 [main] DEBUG org.apache.http.headers - << Content-Security-Policy: default-src 'none'
2021-12-23_23:13:07.420 [main] DEBUG org.apache.http.headers - << Feature-Policy: 'none'
2021-12-23_23:13:07.420 [main] DEBUG org.apache.http.headers - << Referrer-Policy: no-referrer
2021-12-23_23:13:07.420 [main] DEBUG org.apache.http.headers - << Strict-Transport-Security: max-age=31536000 ; includeSubDomains
2021-12-23_23:13:07.420 [main] DEBUG org.apache.http.headers - << Date: Thu, 23 Dec 2021 17:43:06 GMT
2021-12-23_23:13:07.420 [main] DEBUG org.apache.http.headers - << Content-Type: application/json
2021-12-23_23:13:07.420 [main] DEBUG org.apache.http.headers - << Transfer-Encoding: chunked
2021-12-23_23:13:07.420 [main] DEBUG org.apache.http.headers - << Connection: close
2021-12-23_23:13:07.421 [main] DEBUG i.r.i.RequestSpecificationImpl$RestAssuredHttpBuilder - Parsing response as: application/json
2021-12-23_23:13:07.421 [main] DEBUG i.r.i.RequestSpecificationImpl$RestAssuredHttpBuilder - Parsed data to instance of: class org.apache.http.conn.EofSensorInputStream
2021-12-23_23:13:07.422 [main] INFO  com.qc.BaseAPI - Method :POST
2021-12-23_23:13:07.424 [main] INFO  com.qc.BaseAPI - URI :https://apitest.pineperks.in/card/profile/V1/detail
2021-12-23_23:13:07.424 [main] INFO  com.qc.BaseAPI - Headers :token=babf751234444be8aed0b72afcc41110
userName=A0aCcnPzDANtKmvSLPKcaw==
Accept=*/*
Content-Type=application/json; charset=UTF-8
2021-12-23_23:13:07.424 [main] INFO  com.qc.BaseAPI - Body :{"cardDetailRequestList":["context",6639871866]}
2021-12-23_23:13:07.424 [main] INFO  com.qc.BaseAPI - ********************RESPONSE********************
2021-12-23_23:13:07.424 [main] DEBUG org.apache.http.wire -  << "e5[\r][\n]"
2021-12-23_23:13:07.424 [main] DEBUG org.apache.http.wire -  << "{"status":false,"responseMessage":"Bad Request : Invalid request field value: cardDetailRequestList: Cannot deserialize value of type `java.lang.Long` from String: not a valid Long value cardDetailRequestList","responseCode":400}"
2021-12-23_23:13:07.424 [main] DEBUG org.apache.http.wire -  << "[\r][\n]"
2021-12-23_23:13:07.425 [main] DEBUG org.apache.http.wire -  << "0[\r][\n]"
2021-12-23_23:13:07.425 [main] DEBUG org.apache.http.wire -  << "[\r][\n]"
2021-12-23_23:13:07.425 [main] DEBUG o.a.h.i.c.BasicClientConnectionManager - Releasing connection org.apache.http.impl.conn.ManagedClientConnectionImpl@11a27ef2
2021-12-23_23:13:07.426 [main] DEBUG o.a.h.i.conn.DefaultClientConnection - Connection 0.0.0.0:52901<->14.143.120.84:443 shut down
2021-12-23_23:13:07.427 [main] INFO  com.qc.BaseAPI - Response :{
    "status": false,
    "responseMessage": "Bad Request : Invalid request field value: cardDetailRequestList: Cannot deserialize value of type `java.lang.Long` from String: not a valid Long value cardDetailRequestList",
    "responseCode": 400
}
2021-12-23_23:13:07.427 [main] INFO  com.qc.BaseAPI -  **** POST call Response time 161 ms
2021-12-23_23:13:07.428 [main] INFO  p.r.service.CorporateAndCardDetails - Time Taken to perform https://apitest.pineperks.in/card/profile/V1/detail transaction: 161
