2021-12-15_16:27:25.761 [main] INFO  com.qc.qa.utils.TestDataReader - Reading API Test Data config values from  testData/api/devAPITestData.properties
2021-12-15_16:27:25.767 [main] INFO  pl.rest.service.Authorize - Authorize Rest API URL :- https://apitest.pineperks.in/auth/V1/generate/token
2021-12-15_16:27:25.768 [main] INFO  com.qc.BaseAPI - GET call to URL https://apitest.pineperks.in/auth/V1/generate/token
2021-12-15_16:27:25.949 [main] INFO  com.qc.BaseAPI - ********************REQUEST********************
2021-12-15_16:27:27.869 [main] DEBUG o.a.h.i.c.BasicClientConnectionManager - Get connection for route {s}->https://apitest.pineperks.in:443
2021-12-15_16:27:27.994 [main] DEBUG o.a.h.i.c.DefaultClientConnectionOperator - Connecting to apitest.pineperks.in:443
2021-12-15_16:27:28.228 [main] DEBUG o.a.h.c.protocol.RequestAddCookies - CookieSpec selected: ignoreCookies
2021-12-15_16:27:28.229 [main] DEBUG o.a.h.c.protocol.RequestAuthCache - Auth cache not set in the context
2021-12-15_16:27:28.230 [main] DEBUG o.a.h.c.p.RequestTargetAuthentication - Target auth state: UNCHALLENGED
2021-12-15_16:27:28.230 [main] DEBUG o.a.h.c.p.RequestProxyAuthentication - Proxy auth state: UNCHALLENGED
2021-12-15_16:27:28.231 [main] DEBUG o.a.h.impl.client.DefaultHttpClient - Attempt 1 to execute request
2021-12-15_16:27:28.231 [main] DEBUG o.a.h.i.conn.DefaultClientConnection - Sending request: GET /auth/V1/generate/token HTTP/1.1
2021-12-15_16:27:28.231 [main] DEBUG org.apache.http.wire -  >> "GET /auth/V1/generate/token HTTP/1.1[\r][\n]"
2021-12-15_16:27:28.232 [main] DEBUG org.apache.http.wire -  >> "Content-Type: application/json; charset=UTF-8[\r][\n]"
2021-12-15_16:27:28.232 [main] DEBUG org.apache.http.wire -  >> "Accept: */*[\r][\n]"
2021-12-15_16:27:28.232 [main] DEBUG org.apache.http.wire -  >> "userName: A0aCcnPzDANtKmvSLPKcaw==[\r][\n]"
2021-12-15_16:27:28.232 [main] DEBUG org.apache.http.wire -  >> "Host: apitest.pineperks.in[\r][\n]"
2021-12-15_16:27:28.232 [main] DEBUG org.apache.http.wire -  >> "Connection: Keep-Alive[\r][\n]"
2021-12-15_16:27:28.232 [main] DEBUG org.apache.http.wire -  >> "User-Agent: Apache-HttpClient/4.5.2 (Java/1.8.0_202)[\r][\n]"
2021-12-15_16:27:28.232 [main] DEBUG org.apache.http.wire -  >> "Accept-Encoding: gzip,deflate[\r][\n]"
2021-12-15_16:27:28.233 [main] DEBUG org.apache.http.wire -  >> "[\r][\n]"
2021-12-15_16:27:28.234 [main] DEBUG org.apache.http.headers - >> GET /auth/V1/generate/token HTTP/1.1
2021-12-15_16:27:28.234 [main] DEBUG org.apache.http.headers - >> Content-Type: application/json; charset=UTF-8
2021-12-15_16:27:28.234 [main] DEBUG org.apache.http.headers - >> Accept: */*
2021-12-15_16:27:28.234 [main] DEBUG org.apache.http.headers - >> userName: A0aCcnPzDANtKmvSLPKcaw==
2021-12-15_16:27:28.234 [main] DEBUG org.apache.http.headers - >> Host: apitest.pineperks.in
2021-12-15_16:27:28.234 [main] DEBUG org.apache.http.headers - >> Connection: Keep-Alive
2021-12-15_16:27:28.234 [main] DEBUG org.apache.http.headers - >> User-Agent: Apache-HttpClient/4.5.2 (Java/1.8.0_202)
2021-12-15_16:27:28.234 [main] DEBUG org.apache.http.headers - >> Accept-Encoding: gzip,deflate
2021-12-15_16:27:28.643 [main] DEBUG org.apache.http.wire -  << "HTTP/1.1 200 [\r][\n]"
2021-12-15_16:27:28.646 [main] DEBUG org.apache.http.wire -  << "Access-Control-Allow-Methods: GET, POST[\r][\n]"
2021-12-15_16:27:28.647 [main] DEBUG org.apache.http.wire -  << "Access-Control-Allow-Origin: *[\r][\n]"
2021-12-15_16:27:28.648 [main] DEBUG org.apache.http.wire -  << "Content-Security-Policy: default-src 'none'[\r][\n]"
2021-12-15_16:27:28.649 [main] DEBUG org.apache.http.wire -  << "Feature-Policy: 'none'[\r][\n]"
2021-12-15_16:27:28.649 [main] DEBUG org.apache.http.wire -  << "Referrer-Policy: no-referrer[\r][\n]"
2021-12-15_16:27:28.650 [main] DEBUG org.apache.http.wire -  << "Strict-Transport-Security: max-age=31536000 ; includeSubDomains[\r][\n]"
2021-12-15_16:27:28.650 [main] DEBUG org.apache.http.wire -  << "Date: Wed, 15 Dec 2021 10:57:28 GMT[\r][\n]"
2021-12-15_16:27:28.650 [main] DEBUG org.apache.http.wire -  << "Keep-Alive: timeout=60[\r][\n]"
2021-12-15_16:27:28.650 [main] DEBUG org.apache.http.wire -  << "Content-Type: application/json[\r][\n]"
2021-12-15_16:27:28.651 [main] DEBUG org.apache.http.wire -  << "Transfer-Encoding: chunked[\r][\n]"
2021-12-15_16:27:28.651 [main] DEBUG org.apache.http.wire -  << "Connection: keep-alive[\r][\n]"
2021-12-15_16:27:28.651 [main] DEBUG org.apache.http.wire -  << "[\r][\n]"
2021-12-15_16:27:28.652 [main] DEBUG o.a.h.i.conn.DefaultClientConnection - Receiving response: HTTP/1.1 200 
2021-12-15_16:27:28.653 [main] DEBUG org.apache.http.headers - << HTTP/1.1 200 
2021-12-15_16:27:28.653 [main] DEBUG org.apache.http.headers - << Access-Control-Allow-Methods: GET, POST
2021-12-15_16:27:28.653 [main] DEBUG org.apache.http.headers - << Access-Control-Allow-Origin: *
2021-12-15_16:27:28.653 [main] DEBUG org.apache.http.headers - << Content-Security-Policy: default-src 'none'
2021-12-15_16:27:28.653 [main] DEBUG org.apache.http.headers - << Feature-Policy: 'none'
2021-12-15_16:27:28.654 [main] DEBUG org.apache.http.headers - << Referrer-Policy: no-referrer
2021-12-15_16:27:28.654 [main] DEBUG org.apache.http.headers - << Strict-Transport-Security: max-age=31536000 ; includeSubDomains
2021-12-15_16:27:28.654 [main] DEBUG org.apache.http.headers - << Date: Wed, 15 Dec 2021 10:57:28 GMT
2021-12-15_16:27:28.654 [main] DEBUG org.apache.http.headers - << Keep-Alive: timeout=60
2021-12-15_16:27:28.654 [main] DEBUG org.apache.http.headers - << Content-Type: application/json
2021-12-15_16:27:28.655 [main] DEBUG org.apache.http.headers - << Transfer-Encoding: chunked
2021-12-15_16:27:28.655 [main] DEBUG org.apache.http.headers - << Connection: keep-alive
2021-12-15_16:27:28.666 [main] DEBUG o.a.h.impl.client.DefaultHttpClient - Connection can be kept alive for 60000 MILLISECONDS
2021-12-15_16:27:28.696 [main] DEBUG i.r.i.RequestSpecificationImpl$RestAssuredHttpBuilder - Parsing response as: application/json
2021-12-15_16:27:28.697 [main] DEBUG i.r.i.RequestSpecificationImpl$RestAssuredHttpBuilder - Parsed data to instance of: class org.apache.http.conn.EofSensorInputStream
2021-12-15_16:27:28.721 [main] INFO  com.qc.BaseAPI - Method :GET
2021-12-15_16:27:28.723 [main] INFO  com.qc.BaseAPI - URI :https://apitest.pineperks.in/auth/V1/generate/token
2021-12-15_16:27:28.723 [main] INFO  com.qc.BaseAPI - Headers :userName=A0aCcnPzDANtKmvSLPKcaw==
Accept=*/*
Content-Type=application/json; charset=UTF-8
2021-12-15_16:27:28.723 [main] INFO  com.qc.BaseAPI - Body :null
2021-12-15_16:27:28.723 [main] INFO  com.qc.BaseAPI - ********************RESPONSE********************
2021-12-15_16:27:28.734 [main] DEBUG org.apache.http.wire -  << "7f[\r][\n]"
2021-12-15_16:27:28.735 [main] DEBUG org.apache.http.wire -  << "{"accessToken":"09085fcded734ac9831b8d6980ed1230","tokenExpiryTime":"16-Dec-2021","responseCode":0,"responseMessage":"Success"}"
2021-12-15_16:27:28.736 [main] DEBUG org.apache.http.wire -  << "[\r][\n]"
2021-12-15_16:27:28.736 [main] DEBUG org.apache.http.wire -  << "0[\r][\n]"
2021-12-15_16:27:28.736 [main] DEBUG org.apache.http.wire -  << "[\r][\n]"
2021-12-15_16:27:28.737 [main] DEBUG o.a.h.i.c.BasicClientConnectionManager - Releasing connection org.apache.http.impl.conn.ManagedClientConnectionImpl@1404ed28
2021-12-15_16:27:28.737 [main] DEBUG o.a.h.i.c.BasicClientConnectionManager - Connection can be kept alive for 60000 MILLISECONDS
2021-12-15_16:27:28.771 [main] INFO  com.qc.BaseAPI - Response :{
    "accessToken": "09085fcded734ac9831b8d6980ed1230",
    "tokenExpiryTime": "16-Dec-2021",
    "responseCode": 0,
    "responseMessage": "Success"
}
2021-12-15_16:27:28.773 [main] INFO  com.qc.BaseAPI -  **** GET call Response time 2759 ms
2021-12-15_16:27:28.773 [main] INFO  pl.rest.service.Authorize - Time Taken to perform https://apitest.pineperks.in/auth/V1/generate/token transaction: 2759
2021-12-15_16:27:29.048 [main] INFO  com.qc.qa.utils.TestDataReader - Reading Json data authorizeHeaders
2021-12-15_16:27:29.052 [main] INFO  com.qc.qa.utils.TestDataReader - Reading json data from file @ testData/api/devAPIData.json
2021-12-15_16:27:29.071 [main] INFO  pl.rest.service.CardIssue - CardIssue Rest API URL :- https://apitest.pineperks.in/card/order/V1/instant/issue/nonreloadable/digital
2021-12-15_16:27:29.071 [main] INFO  com.qc.BaseAPI - POST call to URL https://apitest.pineperks.in/card/order/V1/instant/issue/nonreloadable/digital
2021-12-15_16:27:29.081 [main] INFO  com.qc.BaseAPI - ********************REQUEST********************
2021-12-15_16:27:29.118 [main] DEBUG o.a.h.i.c.BasicClientConnectionManager - Get connection for route {s}->https://apitest.pineperks.in:443
2021-12-15_16:27:29.118 [main] DEBUG o.a.h.i.c.DefaultClientConnectionOperator - Connecting to apitest.pineperks.in:443
2021-12-15_16:27:29.245 [main] DEBUG o.a.h.c.protocol.RequestAddCookies - CookieSpec selected: ignoreCookies
2021-12-15_16:27:29.246 [main] DEBUG o.a.h.c.protocol.RequestAuthCache - Auth cache not set in the context
2021-12-15_16:27:29.246 [main] DEBUG o.a.h.c.p.RequestTargetAuthentication - Target auth state: UNCHALLENGED
2021-12-15_16:27:29.246 [main] DEBUG o.a.h.c.p.RequestProxyAuthentication - Proxy auth state: UNCHALLENGED
2021-12-15_16:27:29.246 [main] DEBUG o.a.h.impl.client.DefaultHttpClient - Attempt 1 to execute request
2021-12-15_16:27:29.246 [main] DEBUG o.a.h.i.conn.DefaultClientConnection - Sending request: POST /card/order/V1/instant/issue/nonreloadable/digital HTTP/1.1
2021-12-15_16:27:29.247 [main] DEBUG org.apache.http.wire -  >> "POST /card/order/V1/instant/issue/nonreloadable/digital HTTP/1.1[\r][\n]"
2021-12-15_16:27:29.247 [main] DEBUG org.apache.http.wire -  >> "Accept: */*[\r][\n]"
2021-12-15_16:27:29.247 [main] DEBUG org.apache.http.wire -  >> "userName: A0aCcnPzDANtKmvSLPKcaw==[\r][\n]"
2021-12-15_16:27:29.247 [main] DEBUG org.apache.http.wire -  >> "token: 09085fcded734ac9831b8d6980ed1230[\r][\n]"
2021-12-15_16:27:29.247 [main] DEBUG org.apache.http.wire -  >> "Content-Type: application/json; charset=UTF-8[\r][\n]"
2021-12-15_16:27:29.248 [main] DEBUG org.apache.http.wire -  >> "Content-Length: 241[\r][\n]"
2021-12-15_16:27:29.248 [main] DEBUG org.apache.http.wire -  >> "Host: apitest.pineperks.in[\r][\n]"
2021-12-15_16:27:29.248 [main] DEBUG org.apache.http.wire -  >> "Connection: Keep-Alive[\r][\n]"
2021-12-15_16:27:29.248 [main] DEBUG org.apache.http.wire -  >> "User-Agent: Apache-HttpClient/4.5.2 (Java/1.8.0_202)[\r][\n]"
2021-12-15_16:27:29.248 [main] DEBUG org.apache.http.wire -  >> "Accept-Encoding: gzip,deflate[\r][\n]"
2021-12-15_16:27:29.249 [main] DEBUG org.apache.http.wire -  >> "[\r][\n]"
2021-12-15_16:27:29.249 [main] DEBUG org.apache.http.headers - >> POST /card/order/V1/instant/issue/nonreloadable/digital HTTP/1.1
2021-12-15_16:27:29.249 [main] DEBUG org.apache.http.headers - >> Accept: */*
2021-12-15_16:27:29.249 [main] DEBUG org.apache.http.headers - >> userName: A0aCcnPzDANtKmvSLPKcaw==
2021-12-15_16:27:29.249 [main] DEBUG org.apache.http.headers - >> token: 09085fcded734ac9831b8d6980ed1230
2021-12-15_16:27:29.249 [main] DEBUG org.apache.http.headers - >> Content-Type: application/json; charset=UTF-8
2021-12-15_16:27:29.249 [main] DEBUG org.apache.http.headers - >> Content-Length: 241
2021-12-15_16:27:29.250 [main] DEBUG org.apache.http.headers - >> Host: apitest.pineperks.in
2021-12-15_16:27:29.250 [main] DEBUG org.apache.http.headers - >> Connection: Keep-Alive
2021-12-15_16:27:29.250 [main] DEBUG org.apache.http.headers - >> User-Agent: Apache-HttpClient/4.5.2 (Java/1.8.0_202)
2021-12-15_16:27:29.250 [main] DEBUG org.apache.http.headers - >> Accept-Encoding: gzip,deflate
2021-12-15_16:27:29.250 [main] DEBUG org.apache.http.wire -  >> "{"isLinkToBeSentOnMobile":true,"checksum":"5x3GNrnStyS2PkMvV6EeAw==","cardDetailList":[{"amount":"1000","mobileNumber":"8284854535","customerName":"afzal","email":"afzal.ahmed@pinelabs.com"}],"externalRequestId":"06iJoe6","cardSchemeId":"7"}"
2021-12-15_16:27:29.650 [main] DEBUG org.apache.http.wire -  << "HTTP/1.1 200 [\r][\n]"
2021-12-15_16:27:29.651 [main] DEBUG org.apache.http.wire -  << "Access-Control-Allow-Methods: GET, POST[\r][\n]"
2021-12-15_16:27:29.652 [main] DEBUG org.apache.http.wire -  << "Access-Control-Allow-Origin: *[\r][\n]"
2021-12-15_16:27:29.652 [main] DEBUG org.apache.http.wire -  << "Content-Security-Policy: default-src 'none'[\r][\n]"
2021-12-15_16:27:29.653 [main] DEBUG org.apache.http.wire -  << "Feature-Policy: 'none'[\r][\n]"
2021-12-15_16:27:29.653 [main] DEBUG org.apache.http.wire -  << "Referrer-Policy: no-referrer[\r][\n]"
2021-12-15_16:27:29.653 [main] DEBUG org.apache.http.wire -  << "Strict-Transport-Security: max-age=31536000 ; includeSubDomains[\r][\n]"
2021-12-15_16:27:29.653 [main] DEBUG org.apache.http.wire -  << "Date: Wed, 15 Dec 2021 10:57:28 GMT[\r][\n]"
2021-12-15_16:27:29.653 [main] DEBUG org.apache.http.wire -  << "Keep-Alive: timeout=60[\r][\n]"
2021-12-15_16:27:29.654 [main] DEBUG org.apache.http.wire -  << "Content-Type: application/json[\r][\n]"
2021-12-15_16:27:29.654 [main] DEBUG org.apache.http.wire -  << "Transfer-Encoding: chunked[\r][\n]"
2021-12-15_16:27:29.654 [main] DEBUG org.apache.http.wire -  << "Connection: keep-alive[\r][\n]"
2021-12-15_16:27:29.654 [main] DEBUG org.apache.http.wire -  << "[\r][\n]"
2021-12-15_16:27:29.655 [main] DEBUG o.a.h.i.conn.DefaultClientConnection - Receiving response: HTTP/1.1 200 
2021-12-15_16:27:29.655 [main] DEBUG org.apache.http.headers - << HTTP/1.1 200 
2021-12-15_16:27:29.655 [main] DEBUG org.apache.http.headers - << Access-Control-Allow-Methods: GET, POST
2021-12-15_16:27:29.655 [main] DEBUG org.apache.http.headers - << Access-Control-Allow-Origin: *
2021-12-15_16:27:29.655 [main] DEBUG org.apache.http.headers - << Content-Security-Policy: default-src 'none'
2021-12-15_16:27:29.656 [main] DEBUG org.apache.http.headers - << Feature-Policy: 'none'
2021-12-15_16:27:29.656 [main] DEBUG org.apache.http.headers - << Referrer-Policy: no-referrer
2021-12-15_16:27:29.657 [main] DEBUG org.apache.http.headers - << Strict-Transport-Security: max-age=31536000 ; includeSubDomains
2021-12-15_16:27:29.657 [main] DEBUG org.apache.http.headers - << Date: Wed, 15 Dec 2021 10:57:28 GMT
2021-12-15_16:27:29.657 [main] DEBUG org.apache.http.headers - << Keep-Alive: timeout=60
2021-12-15_16:27:29.657 [main] DEBUG org.apache.http.headers - << Content-Type: application/json
2021-12-15_16:27:29.658 [main] DEBUG org.apache.http.headers - << Transfer-Encoding: chunked
2021-12-15_16:27:29.658 [main] DEBUG org.apache.http.headers - << Connection: keep-alive
2021-12-15_16:27:29.658 [main] DEBUG o.a.h.impl.client.DefaultHttpClient - Connection can be kept alive for 60000 MILLISECONDS
2021-12-15_16:27:29.659 [main] DEBUG i.r.i.RequestSpecificationImpl$RestAssuredHttpBuilder - Parsing response as: application/json
2021-12-15_16:27:29.659 [main] DEBUG i.r.i.RequestSpecificationImpl$RestAssuredHttpBuilder - Parsed data to instance of: class org.apache.http.conn.EofSensorInputStream
2021-12-15_16:27:29.662 [main] INFO  com.qc.BaseAPI - Method :POST
2021-12-15_16:27:29.666 [main] INFO  com.qc.BaseAPI - URI :https://apitest.pineperks.in/card/order/V1/instant/issue/nonreloadable/digital
2021-12-15_16:27:29.667 [main] INFO  com.qc.BaseAPI - Headers :token=09085fcded734ac9831b8d6980ed1230
userName=A0aCcnPzDANtKmvSLPKcaw==
Accept=*/*
Content-Type=application/json; charset=UTF-8
2021-12-15_16:27:29.667 [main] INFO  com.qc.BaseAPI - Body :{"isLinkToBeSentOnMobile":true,"checksum":"5x3GNrnStyS2PkMvV6EeAw==","cardDetailList":[{"amount":"1000","mobileNumber":"8284854535","customerName":"afzal","email":"afzal.ahmed@pinelabs.com"}],"externalRequestId":"06iJoe6","cardSchemeId":"7"}
2021-12-15_16:27:29.667 [main] INFO  com.qc.BaseAPI - ********************RESPONSE********************
2021-12-15_16:27:29.667 [main] DEBUG org.apache.http.wire -  << "1f1[\r][\n]"
2021-12-15_16:27:29.668 [main] DEBUG org.apache.http.wire -  << "{"externalRequestId":"06iJoe6","orderId":12440,"orderStatus":6,"cardDetailResponseList":[{"referenceNumber":1318382916,"serialNumber":12440000010001,"customerName":"afzal","mobileNumber":8284854535,"email":"afzal.ahmed@pinelabs.com","amount":1000,"cardLink":"test.pineperks.in/eCard?c=VB3DsHbhDiZk1E4ACKiQ0g2","responseCode":0,"responseMessage":"Success"}],"successCount":1,"failedCount":0,"orderAmount":1000,"issuanceCharge":100,"netOrderAmount":1100,"responseCode":0,"responseMessage":"Success"}"
2021-12-15_16:27:29.668 [main] DEBUG org.apache.http.wire -  << "[\r][\n]"
2021-12-15_16:27:29.669 [main] DEBUG org.apache.http.wire -  << "0[\r][\n]"
2021-12-15_16:27:29.669 [main] DEBUG org.apache.http.wire -  << "[\r][\n]"
2021-12-15_16:27:29.669 [main] DEBUG o.a.h.i.c.BasicClientConnectionManager - Releasing connection org.apache.http.impl.conn.ManagedClientConnectionImpl@339af031
2021-12-15_16:27:29.670 [main] DEBUG o.a.h.i.c.BasicClientConnectionManager - Connection can be kept alive for 60000 MILLISECONDS
2021-12-15_16:27:29.673 [main] INFO  com.qc.BaseAPI - Response :{
    "externalRequestId": "06iJoe6",
    "orderId": 12440,
    "orderStatus": 6,
    "cardDetailResponseList": [
        {
            "referenceNumber": 1318382916,
            "serialNumber": 12440000010001,
            "customerName": "afzal",
            "mobileNumber": 8284854535,
            "email": "afzal.ahmed@pinelabs.com",
            "amount": 1000,
            "cardLink": "test.pineperks.in/eCard?c=VB3DsHbhDiZk1E4ACKiQ0g2",
            "responseCode": 0,
            "responseMessage": "Success"
        }
    ],
    "successCount": 1,
    "failedCount": 0,
    "orderAmount": 1000,
    "issuanceCharge": 100,
    "netOrderAmount": 1100,
    "responseCode": 0,
    "responseMessage": "Success"
}
2021-12-15_16:27:29.674 [main] INFO  com.qc.BaseAPI -  **** POST call Response time 578 ms
2021-12-15_16:27:29.674 [main] INFO  pl.rest.service.CardIssue - Time Taken to perform https://apitest.pineperks.in/card/order/V1/instant/issue/nonreloadable/digital transaction: 578
2021-12-15_16:27:30.127 [main] INFO  p.rest.stepDefs.TransactionsStepDefs - referenceNumber isnull
2021-12-15_16:27:30.135 [main] INFO  pl.rest.utils.DBUtils - Fetching card details from card table, using Query:  Select * from card AS bigint where ReferenceNumber=convert(bigint, 1789154895);
2021-12-15_16:27:30.174 [main] ERROR com.qc.qa.utils.LoadProperties - Missing MySQLDBEnvironment property value in system property or in config.properties files.Please add it if incase required
2021-12-15_16:27:30.175 [main] INFO  com.qc.qa.dbutils.DBPoolProvider - Con pool Total - 400, idle - 0,  Num active - 0
2021-12-15_16:27:30.176 [main] INFO  com.qc.qa.dbutils.DBPoolProvider - Retrieved connection
2021-12-15_16:27:32.396 [main] INFO  pl.rest.utils.DBUtils - Card database values: {CardNumber=Omxxuuu+NsRVmjfsA3fjfCQM7PZX91Rxaj5t1e0Lybc=, ExpiryDate=2023-12-31 00:00:00.0, DailyLimit=null, CardId=59393, CardTrackExpiryDate=2312, EncryptedPIN=null, PreviousCustomerUserInfoId=null, LastCreditedOn=null, Remark=null, IsJITCard=0, Version=2, OrderSummaryDetail=, DailyLimitUsed=null, OrderSummaryId=12426, ReIssueCharges=0, YearlyLimit=null, ActivationAmount=9RUH2Q/W1n0GzRPYXG4J3w==, QuarterlyLimit=null, ReferenceNumber=1789154895, Channel=21, YearlyLimitUsed=null, InactiveByAdminUserInfoId=null, CardSchemeId=7, LinkedByCardId=null, MonthlyCreditAmount=null, BlockedOn=null, PINOffset=null, IsDummyCard=0, AutoPINMode=4, ActivationMobileNumber=8284854535, ExternalCardIdentifier=null, POSRedeemTransactionLimit=null, TerminatedOn=null, CustomerUserInfoId=30280, DormantActivationByCustomerUserInfoId=null, ActivationName=Apitestone, ReIssuedCardId=null, EcommRedeemTransactionLimit=null, OriginalIssuanceDate=2021-12-15 07:47:15.25, CardStatus=1, RedeemedAmount=5nfNfigWJEQLq0GsscsAHg==, LastRedeemOn=null, IsContactlessCard=0, ReIssuedByAdminUserInfoId=null, QuarterlyLimitUsed=null, MonthlyLimit=null, ServiceCode=920, IssuerId=1, CardType=2, ReIssuedOn=null, CorporateId=6, CreatedOn=2021-12-15 07:47:15.25, ActivationEmail=afzal.ahmed@pinelabs.com, MonthlyLimitUsed=null, IsContactlessTransactionEnabled=0, IssuerBinRangeMappingId=6, DormantActivatedOn=null, CardTerminationReason=null, MaskedCardNumber=608364******5781, IsGiftCard=1, AccountType=12, InactiveOn=null, IssuedOn=2021-12-15 07:47:15.25, TerminatedByAdminUserInfoId=null, ActivationChannel=null, ActivatedOn=null, IsEcommTransactionEnabled=1, IsPOSTransactionEnabled=1, DormantActivationByAdminUserInfoId=null}
