2021-12-16_19:21:49.799 [main] INFO  com.qc.qa.utils.TestDataReader - Reading API Test Data config values from  testData/api/devAPITestData.properties
2021-12-16_19:21:49.806 [main] INFO  pl.rest.service.Authorize - Authorize Rest API URL :- https://apitest.pineperks.in/auth/V1/generate/token
2021-12-16_19:21:49.807 [main] INFO  com.qc.BaseAPI - GET call to URL https://apitest.pineperks.in/auth/V1/generate/token
2021-12-16_19:21:50.095 [main] INFO  com.qc.BaseAPI - ********************REQUEST********************
2021-12-16_19:21:52.132 [main] DEBUG o.a.h.i.c.BasicClientConnectionManager - Get connection for route {s}->https://apitest.pineperks.in:443
2021-12-16_19:21:52.236 [main] DEBUG o.a.h.i.c.DefaultClientConnectionOperator - Connecting to apitest.pineperks.in:443
2021-12-16_19:21:52.458 [main] DEBUG o.a.h.c.protocol.RequestAddCookies - CookieSpec selected: ignoreCookies
2021-12-16_19:21:52.460 [main] DEBUG o.a.h.c.protocol.RequestAuthCache - Auth cache not set in the context
2021-12-16_19:21:52.460 [main] DEBUG o.a.h.c.p.RequestTargetAuthentication - Target auth state: UNCHALLENGED
2021-12-16_19:21:52.460 [main] DEBUG o.a.h.c.p.RequestProxyAuthentication - Proxy auth state: UNCHALLENGED
2021-12-16_19:21:52.461 [main] DEBUG o.a.h.impl.client.DefaultHttpClient - Attempt 1 to execute request
2021-12-16_19:21:52.461 [main] DEBUG o.a.h.i.conn.DefaultClientConnection - Sending request: GET /auth/V1/generate/token HTTP/1.1
2021-12-16_19:21:52.462 [main] DEBUG org.apache.http.wire -  >> "GET /auth/V1/generate/token HTTP/1.1[\r][\n]"
2021-12-16_19:21:52.462 [main] DEBUG org.apache.http.wire -  >> "Content-Type: application/json; charset=UTF-8[\r][\n]"
2021-12-16_19:21:52.462 [main] DEBUG org.apache.http.wire -  >> "Accept: */*[\r][\n]"
2021-12-16_19:21:52.463 [main] DEBUG org.apache.http.wire -  >> "userName: t3azPwts/6OSPTFxhCdYug==[\r][\n]"
2021-12-16_19:21:52.463 [main] DEBUG org.apache.http.wire -  >> "Host: apitest.pineperks.in[\r][\n]"
2021-12-16_19:21:52.463 [main] DEBUG org.apache.http.wire -  >> "Connection: Keep-Alive[\r][\n]"
2021-12-16_19:21:52.463 [main] DEBUG org.apache.http.wire -  >> "User-Agent: Apache-HttpClient/4.5.2 (Java/1.8.0_202)[\r][\n]"
2021-12-16_19:21:52.463 [main] DEBUG org.apache.http.wire -  >> "Accept-Encoding: gzip,deflate[\r][\n]"
2021-12-16_19:21:52.463 [main] DEBUG org.apache.http.wire -  >> "[\r][\n]"
2021-12-16_19:21:52.463 [main] DEBUG org.apache.http.headers - >> GET /auth/V1/generate/token HTTP/1.1
2021-12-16_19:21:52.463 [main] DEBUG org.apache.http.headers - >> Content-Type: application/json; charset=UTF-8
2021-12-16_19:21:52.463 [main] DEBUG org.apache.http.headers - >> Accept: */*
2021-12-16_19:21:52.464 [main] DEBUG org.apache.http.headers - >> userName: t3azPwts/6OSPTFxhCdYug==
2021-12-16_19:21:52.464 [main] DEBUG org.apache.http.headers - >> Host: apitest.pineperks.in
2021-12-16_19:21:52.464 [main] DEBUG org.apache.http.headers - >> Connection: Keep-Alive
2021-12-16_19:21:52.464 [main] DEBUG org.apache.http.headers - >> User-Agent: Apache-HttpClient/4.5.2 (Java/1.8.0_202)
2021-12-16_19:21:52.464 [main] DEBUG org.apache.http.headers - >> Accept-Encoding: gzip,deflate
2021-12-16_19:21:52.547 [main] DEBUG org.apache.http.wire -  << "HTTP/1.1 200 [\r][\n]"
2021-12-16_19:21:52.548 [main] DEBUG org.apache.http.wire -  << "Access-Control-Allow-Methods: GET, POST[\r][\n]"
2021-12-16_19:21:52.548 [main] DEBUG org.apache.http.wire -  << "Access-Control-Allow-Origin: *[\r][\n]"
2021-12-16_19:21:52.548 [main] DEBUG org.apache.http.wire -  << "Content-Security-Policy: default-src 'none'[\r][\n]"
2021-12-16_19:21:52.549 [main] DEBUG org.apache.http.wire -  << "Feature-Policy: 'none'[\r][\n]"
2021-12-16_19:21:52.549 [main] DEBUG org.apache.http.wire -  << "Referrer-Policy: no-referrer[\r][\n]"
2021-12-16_19:21:52.549 [main] DEBUG org.apache.http.wire -  << "Strict-Transport-Security: max-age=31536000 ; includeSubDomains[\r][\n]"
2021-12-16_19:21:52.549 [main] DEBUG org.apache.http.wire -  << "Date: Thu, 16 Dec 2021 13:51:52 GMT[\r][\n]"
2021-12-16_19:21:52.549 [main] DEBUG org.apache.http.wire -  << "Keep-Alive: timeout=60[\r][\n]"
2021-12-16_19:21:52.549 [main] DEBUG org.apache.http.wire -  << "Content-Type: application/json[\r][\n]"
2021-12-16_19:21:52.549 [main] DEBUG org.apache.http.wire -  << "Transfer-Encoding: chunked[\r][\n]"
2021-12-16_19:21:52.549 [main] DEBUG org.apache.http.wire -  << "Connection: keep-alive[\r][\n]"
2021-12-16_19:21:52.549 [main] DEBUG org.apache.http.wire -  << "[\r][\n]"
2021-12-16_19:21:52.550 [main] DEBUG o.a.h.i.conn.DefaultClientConnection - Receiving response: HTTP/1.1 200 
2021-12-16_19:21:52.550 [main] DEBUG org.apache.http.headers - << HTTP/1.1 200 
2021-12-16_19:21:52.550 [main] DEBUG org.apache.http.headers - << Access-Control-Allow-Methods: GET, POST
2021-12-16_19:21:52.550 [main] DEBUG org.apache.http.headers - << Access-Control-Allow-Origin: *
2021-12-16_19:21:52.550 [main] DEBUG org.apache.http.headers - << Content-Security-Policy: default-src 'none'
2021-12-16_19:21:52.550 [main] DEBUG org.apache.http.headers - << Feature-Policy: 'none'
2021-12-16_19:21:52.550 [main] DEBUG org.apache.http.headers - << Referrer-Policy: no-referrer
2021-12-16_19:21:52.550 [main] DEBUG org.apache.http.headers - << Strict-Transport-Security: max-age=31536000 ; includeSubDomains
2021-12-16_19:21:52.550 [main] DEBUG org.apache.http.headers - << Date: Thu, 16 Dec 2021 13:51:52 GMT
2021-12-16_19:21:52.550 [main] DEBUG org.apache.http.headers - << Keep-Alive: timeout=60
2021-12-16_19:21:52.550 [main] DEBUG org.apache.http.headers - << Content-Type: application/json
2021-12-16_19:21:52.550 [main] DEBUG org.apache.http.headers - << Transfer-Encoding: chunked
2021-12-16_19:21:52.550 [main] DEBUG org.apache.http.headers - << Connection: keep-alive
2021-12-16_19:21:52.554 [main] DEBUG o.a.h.impl.client.DefaultHttpClient - Connection can be kept alive for 60000 MILLISECONDS
2021-12-16_19:21:52.569 [main] DEBUG i.r.i.RequestSpecificationImpl$RestAssuredHttpBuilder - Parsing response as: application/json
2021-12-16_19:21:52.570 [main] DEBUG i.r.i.RequestSpecificationImpl$RestAssuredHttpBuilder - Parsed data to instance of: class org.apache.http.conn.EofSensorInputStream
2021-12-16_19:21:52.581 [main] INFO  com.qc.BaseAPI - Method :GET
2021-12-16_19:21:52.582 [main] INFO  com.qc.BaseAPI - URI :https://apitest.pineperks.in/auth/V1/generate/token
2021-12-16_19:21:52.582 [main] INFO  com.qc.BaseAPI - Headers :userName=t3azPwts/6OSPTFxhCdYug==
Accept=*/*
Content-Type=application/json; charset=UTF-8
2021-12-16_19:21:52.582 [main] INFO  com.qc.BaseAPI - Body :null
2021-12-16_19:21:52.582 [main] INFO  com.qc.BaseAPI - ********************RESPONSE********************
2021-12-16_19:21:52.590 [main] DEBUG org.apache.http.wire -  << "7f[\r][\n]"
2021-12-16_19:21:52.590 [main] DEBUG org.apache.http.wire -  << "{"accessToken":"277541574bc7468f8998be63cd9b59b7","tokenExpiryTime":"17-Dec-2021","responseCode":0,"responseMessage":"Success"}"
2021-12-16_19:21:52.591 [main] DEBUG org.apache.http.wire -  << "[\r][\n]"
2021-12-16_19:21:52.591 [main] DEBUG org.apache.http.wire -  << "0[\r][\n]"
2021-12-16_19:21:52.591 [main] DEBUG org.apache.http.wire -  << "[\r][\n]"
2021-12-16_19:21:52.591 [main] DEBUG o.a.h.i.c.BasicClientConnectionManager - Releasing connection org.apache.http.impl.conn.ManagedClientConnectionImpl@a2a03ff
2021-12-16_19:21:52.591 [main] DEBUG o.a.h.i.c.BasicClientConnectionManager - Connection can be kept alive for 60000 MILLISECONDS
2021-12-16_19:21:52.623 [main] INFO  com.qc.BaseAPI - Response :{
    "accessToken": "277541574bc7468f8998be63cd9b59b7",
    "tokenExpiryTime": "17-Dec-2021",
    "responseCode": 0,
    "responseMessage": "Success"
}
2021-12-16_19:21:52.625 [main] INFO  com.qc.BaseAPI -  **** GET call Response time 2461 ms
2021-12-16_19:21:52.626 [main] INFO  pl.rest.service.Authorize - Time Taken to perform https://apitest.pineperks.in/auth/V1/generate/token transaction: 2461
2021-12-16_19:21:52.729 [main] INFO  com.qc.qa.utils.TestDataReader - Reading Json data authorizeHeaders
2021-12-16_19:21:52.734 [main] INFO  com.qc.qa.utils.TestDataReader - Reading json data from file @ testData/api/devAPIData.json
2021-12-16_19:21:52.762 [main] INFO  pl.rest.service.CardIssue - CardIssue Rest API URL :- https://apitest.pineperks.in/card/order/V1/instant/issue/nonreloadable/digital
2021-12-16_19:21:52.762 [main] INFO  com.qc.BaseAPI - POST call to URL https://apitest.pineperks.in/card/order/V1/instant/issue/nonreloadable/digital
2021-12-16_19:21:52.771 [main] INFO  com.qc.BaseAPI - ********************REQUEST********************
2021-12-16_19:21:52.808 [main] DEBUG o.a.h.i.c.BasicClientConnectionManager - Get connection for route {s}->https://apitest.pineperks.in:443
2021-12-16_19:21:52.809 [main] DEBUG o.a.h.i.c.DefaultClientConnectionOperator - Connecting to apitest.pineperks.in:443
2021-12-16_19:21:52.943 [main] DEBUG o.a.h.c.protocol.RequestAddCookies - CookieSpec selected: ignoreCookies
2021-12-16_19:21:52.944 [main] DEBUG o.a.h.c.protocol.RequestAuthCache - Auth cache not set in the context
2021-12-16_19:21:52.944 [main] DEBUG o.a.h.c.p.RequestTargetAuthentication - Target auth state: UNCHALLENGED
2021-12-16_19:21:52.944 [main] DEBUG o.a.h.c.p.RequestProxyAuthentication - Proxy auth state: UNCHALLENGED
2021-12-16_19:21:52.944 [main] DEBUG o.a.h.impl.client.DefaultHttpClient - Attempt 1 to execute request
2021-12-16_19:21:52.944 [main] DEBUG o.a.h.i.conn.DefaultClientConnection - Sending request: POST /card/order/V1/instant/issue/nonreloadable/digital HTTP/1.1
2021-12-16_19:21:52.944 [main] DEBUG org.apache.http.wire -  >> "POST /card/order/V1/instant/issue/nonreloadable/digital HTTP/1.1[\r][\n]"
2021-12-16_19:21:52.945 [main] DEBUG org.apache.http.wire -  >> "Accept: */*[\r][\n]"
2021-12-16_19:21:52.945 [main] DEBUG org.apache.http.wire -  >> "userName: t3azPwts/6OSPTFxhCdYug==[\r][\n]"
2021-12-16_19:21:52.945 [main] DEBUG org.apache.http.wire -  >> "token: 277541574bc7468f8998be63cd9b59b7[\r][\n]"
2021-12-16_19:21:52.945 [main] DEBUG org.apache.http.wire -  >> "Content-Type: application/json; charset=UTF-8[\r][\n]"
2021-12-16_19:21:52.945 [main] DEBUG org.apache.http.wire -  >> "Content-Length: 241[\r][\n]"
2021-12-16_19:21:52.945 [main] DEBUG org.apache.http.wire -  >> "Host: apitest.pineperks.in[\r][\n]"
2021-12-16_19:21:52.945 [main] DEBUG org.apache.http.wire -  >> "Connection: Keep-Alive[\r][\n]"
2021-12-16_19:21:52.945 [main] DEBUG org.apache.http.wire -  >> "User-Agent: Apache-HttpClient/4.5.2 (Java/1.8.0_202)[\r][\n]"
2021-12-16_19:21:52.946 [main] DEBUG org.apache.http.wire -  >> "Accept-Encoding: gzip,deflate[\r][\n]"
2021-12-16_19:21:52.946 [main] DEBUG org.apache.http.wire -  >> "[\r][\n]"
2021-12-16_19:21:52.946 [main] DEBUG org.apache.http.headers - >> POST /card/order/V1/instant/issue/nonreloadable/digital HTTP/1.1
2021-12-16_19:21:52.946 [main] DEBUG org.apache.http.headers - >> Accept: */*
2021-12-16_19:21:52.946 [main] DEBUG org.apache.http.headers - >> userName: t3azPwts/6OSPTFxhCdYug==
2021-12-16_19:21:52.946 [main] DEBUG org.apache.http.headers - >> token: 277541574bc7468f8998be63cd9b59b7
2021-12-16_19:21:52.946 [main] DEBUG org.apache.http.headers - >> Content-Type: application/json; charset=UTF-8
2021-12-16_19:21:52.946 [main] DEBUG org.apache.http.headers - >> Content-Length: 241
2021-12-16_19:21:52.946 [main] DEBUG org.apache.http.headers - >> Host: apitest.pineperks.in
2021-12-16_19:21:52.946 [main] DEBUG org.apache.http.headers - >> Connection: Keep-Alive
2021-12-16_19:21:52.946 [main] DEBUG org.apache.http.headers - >> User-Agent: Apache-HttpClient/4.5.2 (Java/1.8.0_202)
2021-12-16_19:21:52.946 [main] DEBUG org.apache.http.headers - >> Accept-Encoding: gzip,deflate
2021-12-16_19:21:52.947 [main] DEBUG org.apache.http.wire -  >> "{"isLinkToBeSentOnMobile":true,"checksum":"5x3GNrnStyS2PkMvV6EeAw==","cardDetailList":[{"amount":"1000","mobileNumber":"8284854535","customerName":"afzal","email":"afzal.ahmed@pinelabs.com"}],"externalRequestId":"iFKVn3E","cardSchemeId":"7"}"
2021-12-16_19:21:53.380 [main] DEBUG org.apache.http.wire -  << "HTTP/1.1 200 [\r][\n]"
2021-12-16_19:21:53.380 [main] DEBUG org.apache.http.wire -  << "Access-Control-Allow-Methods: GET, POST[\r][\n]"
2021-12-16_19:21:53.380 [main] DEBUG org.apache.http.wire -  << "Access-Control-Allow-Origin: *[\r][\n]"
2021-12-16_19:21:53.380 [main] DEBUG org.apache.http.wire -  << "Content-Security-Policy: default-src 'none'[\r][\n]"
2021-12-16_19:21:53.380 [main] DEBUG org.apache.http.wire -  << "Feature-Policy: 'none'[\r][\n]"
2021-12-16_19:21:53.381 [main] DEBUG org.apache.http.wire -  << "Referrer-Policy: no-referrer[\r][\n]"
2021-12-16_19:21:53.381 [main] DEBUG org.apache.http.wire -  << "Strict-Transport-Security: max-age=31536000 ; includeSubDomains[\r][\n]"
2021-12-16_19:21:53.381 [main] DEBUG org.apache.http.wire -  << "Date: Thu, 16 Dec 2021 13:51:52 GMT[\r][\n]"
2021-12-16_19:21:53.381 [main] DEBUG org.apache.http.wire -  << "Keep-Alive: timeout=60[\r][\n]"
2021-12-16_19:21:53.381 [main] DEBUG org.apache.http.wire -  << "Content-Type: application/json[\r][\n]"
2021-12-16_19:21:53.381 [main] DEBUG org.apache.http.wire -  << "Transfer-Encoding: chunked[\r][\n]"
2021-12-16_19:21:53.381 [main] DEBUG org.apache.http.wire -  << "Connection: keep-alive[\r][\n]"
2021-12-16_19:21:53.381 [main] DEBUG org.apache.http.wire -  << "[\r][\n]"
2021-12-16_19:21:53.382 [main] DEBUG o.a.h.i.conn.DefaultClientConnection - Receiving response: HTTP/1.1 200 
2021-12-16_19:21:53.382 [main] DEBUG org.apache.http.headers - << HTTP/1.1 200 
2021-12-16_19:21:53.382 [main] DEBUG org.apache.http.headers - << Access-Control-Allow-Methods: GET, POST
2021-12-16_19:21:53.382 [main] DEBUG org.apache.http.headers - << Access-Control-Allow-Origin: *
2021-12-16_19:21:53.382 [main] DEBUG org.apache.http.headers - << Content-Security-Policy: default-src 'none'
2021-12-16_19:21:53.382 [main] DEBUG org.apache.http.headers - << Feature-Policy: 'none'
2021-12-16_19:21:53.382 [main] DEBUG org.apache.http.headers - << Referrer-Policy: no-referrer
2021-12-16_19:21:53.383 [main] DEBUG org.apache.http.headers - << Strict-Transport-Security: max-age=31536000 ; includeSubDomains
2021-12-16_19:21:53.383 [main] DEBUG org.apache.http.headers - << Date: Thu, 16 Dec 2021 13:51:52 GMT
2021-12-16_19:21:53.383 [main] DEBUG org.apache.http.headers - << Keep-Alive: timeout=60
2021-12-16_19:21:53.383 [main] DEBUG org.apache.http.headers - << Content-Type: application/json
2021-12-16_19:21:53.383 [main] DEBUG org.apache.http.headers - << Transfer-Encoding: chunked
2021-12-16_19:21:53.383 [main] DEBUG org.apache.http.headers - << Connection: keep-alive
2021-12-16_19:21:53.384 [main] DEBUG o.a.h.impl.client.DefaultHttpClient - Connection can be kept alive for 60000 MILLISECONDS
2021-12-16_19:21:53.384 [main] DEBUG i.r.i.RequestSpecificationImpl$RestAssuredHttpBuilder - Parsing response as: application/json
2021-12-16_19:21:53.384 [main] DEBUG i.r.i.RequestSpecificationImpl$RestAssuredHttpBuilder - Parsed data to instance of: class org.apache.http.conn.EofSensorInputStream
2021-12-16_19:21:53.386 [main] INFO  com.qc.BaseAPI - Method :POST
2021-12-16_19:21:53.390 [main] INFO  com.qc.BaseAPI - URI :https://apitest.pineperks.in/card/order/V1/instant/issue/nonreloadable/digital
2021-12-16_19:21:53.390 [main] INFO  com.qc.BaseAPI - Headers :token=277541574bc7468f8998be63cd9b59b7
userName=t3azPwts/6OSPTFxhCdYug==
Accept=*/*
Content-Type=application/json; charset=UTF-8
2021-12-16_19:21:53.390 [main] INFO  com.qc.BaseAPI - Body :{"isLinkToBeSentOnMobile":true,"checksum":"5x3GNrnStyS2PkMvV6EeAw==","cardDetailList":[{"amount":"1000","mobileNumber":"8284854535","customerName":"afzal","email":"afzal.ahmed@pinelabs.com"}],"externalRequestId":"iFKVn3E","cardSchemeId":"7"}
2021-12-16_19:21:53.390 [main] INFO  com.qc.BaseAPI - ********************RESPONSE********************
2021-12-16_19:21:53.390 [main] DEBUG org.apache.http.wire -  << "1ef[\r][\n]"
2021-12-16_19:21:53.390 [main] DEBUG org.apache.http.wire -  << "{"externalRequestId":"iFKVn3E","orderId":12487,"orderStatus":6,"cardDetailResponseList":[{"referenceNumber":1735518563,"serialNumber":12487000010001,"customerName":"afzal","mobileNumber":8284854535,"email":"afzal.ahmed@pinelabs.com","amount":1000,"cardLink":"test.pineperks.in/eCard?c=awvzi3526RBHx2.PgyAtfQ2","responseCode":0,"responseMessage":"Success"}],"successCount":1,"failedCount":0,"orderAmount":1000,"issuanceCharge":0,"netOrderAmount":1000,"responseCode":0,"responseMessage":"Success"}"
2021-12-16_19:21:53.391 [main] DEBUG org.apache.http.wire -  << "[\r][\n]"
2021-12-16_19:21:53.391 [main] DEBUG org.apache.http.wire -  << "0[\r][\n]"
2021-12-16_19:21:53.391 [main] DEBUG org.apache.http.wire -  << "[\r][\n]"
2021-12-16_19:21:53.391 [main] DEBUG o.a.h.i.c.BasicClientConnectionManager - Releasing connection org.apache.http.impl.conn.ManagedClientConnectionImpl@5b6cd2d8
2021-12-16_19:21:53.391 [main] DEBUG o.a.h.i.c.BasicClientConnectionManager - Connection can be kept alive for 60000 MILLISECONDS
2021-12-16_19:21:53.394 [main] INFO  com.qc.BaseAPI - Response :{
    "externalRequestId": "iFKVn3E",
    "orderId": 12487,
    "orderStatus": 6,
    "cardDetailResponseList": [
        {
            "referenceNumber": 1735518563,
            "serialNumber": 12487000010001,
            "customerName": "afzal",
            "mobileNumber": 8284854535,
            "email": "afzal.ahmed@pinelabs.com",
            "amount": 1000,
            "cardLink": "test.pineperks.in/eCard?c=awvzi3526RBHx2.PgyAtfQ2",
            "responseCode": 0,
            "responseMessage": "Success"
        }
    ],
    "successCount": 1,
    "failedCount": 0,
    "orderAmount": 1000,
    "issuanceCharge": 0,
    "netOrderAmount": 1000,
    "responseCode": 0,
    "responseMessage": "Success"
}
2021-12-16_19:21:53.394 [main] INFO  com.qc.BaseAPI -  **** POST call Response time 612 ms
2021-12-16_19:21:53.394 [main] INFO  pl.rest.service.CardIssue - Time Taken to perform https://apitest.pineperks.in/card/order/V1/instant/issue/nonreloadable/digital transaction: 612
2021-12-16_19:21:53.771 [main] INFO  p.rest.stepDefs.TransactionsStepDefs - referenceNumber isnull
2021-12-16_19:21:53.783 [main] INFO  pl.rest.utils.DBUtils - Fetching card details from card table, using Query:  Select CorporateId,CardSchemeId,ActivationEmail,ActivationEmail,ActivationMobileNumber from card AS bigint where ReferenceNumber=convert(bigint, 1789154895);
2021-12-16_19:21:53.821 [main] ERROR com.qc.qa.utils.LoadProperties - Missing MySQLDBEnvironment property value in system property or in config.properties files.Please add it if incase required
2021-12-16_19:21:53.822 [main] INFO  com.qc.qa.dbutils.DBPoolProvider - Con pool Total - 400, idle - 0,  Num active - 0
2021-12-16_19:21:53.823 [main] INFO  com.qc.qa.dbutils.DBPoolProvider - Retrieved connection
2021-12-16_19:21:54.990 [main] INFO  pl.rest.utils.DBUtils - Card database values: {ActivationMobileNumber=8284854535, CorporateId=6, CardSchemeId=7, ActivationEmail=afzal.ahmed@pinelabs.com}
2021-12-16_19:21:56.359 [main] INFO  pl.rest.service.Authorize - Authorize Rest API URL :- https://apitest.pineperks.in/auth/V1/generate/token
2021-12-16_19:21:56.360 [main] INFO  com.qc.BaseAPI - GET call to URL https://apitest.pineperks.in/auth/V1/generate/token
2021-12-16_19:21:56.370 [main] INFO  com.qc.BaseAPI - ********************REQUEST********************
2021-12-16_19:21:56.395 [main] DEBUG o.a.h.i.c.BasicClientConnectionManager - Get connection for route {s}->https://apitest.pineperks.in:443
2021-12-16_19:21:56.396 [main] DEBUG o.a.h.i.c.DefaultClientConnectionOperator - Connecting to apitest.pineperks.in:443
2021-12-16_19:21:56.522 [main] DEBUG o.a.h.c.protocol.RequestAddCookies - CookieSpec selected: ignoreCookies
2021-12-16_19:21:56.523 [main] DEBUG o.a.h.c.protocol.RequestAuthCache - Auth cache not set in the context
2021-12-16_19:21:56.523 [main] DEBUG o.a.h.c.p.RequestTargetAuthentication - Target auth state: UNCHALLENGED
2021-12-16_19:21:56.523 [main] DEBUG o.a.h.c.p.RequestProxyAuthentication - Proxy auth state: UNCHALLENGED
2021-12-16_19:21:56.523 [main] DEBUG o.a.h.impl.client.DefaultHttpClient - Attempt 1 to execute request
2021-12-16_19:21:56.524 [main] DEBUG o.a.h.i.conn.DefaultClientConnection - Sending request: GET /auth/V1/generate/token HTTP/1.1
2021-12-16_19:21:56.524 [main] DEBUG org.apache.http.wire -  >> "GET /auth/V1/generate/token HTTP/1.1[\r][\n]"
2021-12-16_19:21:56.524 [main] DEBUG org.apache.http.wire -  >> "Content-Type: application/json; charset=UTF-8[\r][\n]"
2021-12-16_19:21:56.525 [main] DEBUG org.apache.http.wire -  >> "Accept: */*[\r][\n]"
2021-12-16_19:21:56.525 [main] DEBUG org.apache.http.wire -  >> "userName: t3azPwts/6OSPTFxhCdYug==[\r][\n]"
2021-12-16_19:21:56.525 [main] DEBUG org.apache.http.wire -  >> "Host: apitest.pineperks.in[\r][\n]"
2021-12-16_19:21:56.525 [main] DEBUG org.apache.http.wire -  >> "Connection: Keep-Alive[\r][\n]"
2021-12-16_19:21:56.525 [main] DEBUG org.apache.http.wire -  >> "User-Agent: Apache-HttpClient/4.5.2 (Java/1.8.0_202)[\r][\n]"
2021-12-16_19:21:56.526 [main] DEBUG org.apache.http.wire -  >> "Accept-Encoding: gzip,deflate[\r][\n]"
2021-12-16_19:21:56.526 [main] DEBUG org.apache.http.wire -  >> "[\r][\n]"
2021-12-16_19:21:56.526 [main] DEBUG org.apache.http.headers - >> GET /auth/V1/generate/token HTTP/1.1
2021-12-16_19:21:56.527 [main] DEBUG org.apache.http.headers - >> Content-Type: application/json; charset=UTF-8
2021-12-16_19:21:56.527 [main] DEBUG org.apache.http.headers - >> Accept: */*
2021-12-16_19:21:56.527 [main] DEBUG org.apache.http.headers - >> userName: t3azPwts/6OSPTFxhCdYug==
2021-12-16_19:21:56.527 [main] DEBUG org.apache.http.headers - >> Host: apitest.pineperks.in
2021-12-16_19:21:56.527 [main] DEBUG org.apache.http.headers - >> Connection: Keep-Alive
2021-12-16_19:21:56.527 [main] DEBUG org.apache.http.headers - >> User-Agent: Apache-HttpClient/4.5.2 (Java/1.8.0_202)
2021-12-16_19:21:56.527 [main] DEBUG org.apache.http.headers - >> Accept-Encoding: gzip,deflate
2021-12-16_19:21:56.585 [main] DEBUG org.apache.http.wire -  << "HTTP/1.1 200 [\r][\n]"
2021-12-16_19:21:56.585 [main] DEBUG org.apache.http.wire -  << "Access-Control-Allow-Methods: GET, POST[\r][\n]"
2021-12-16_19:21:56.585 [main] DEBUG org.apache.http.wire -  << "Access-Control-Allow-Origin: *[\r][\n]"
2021-12-16_19:21:56.585 [main] DEBUG org.apache.http.wire -  << "Content-Security-Policy: default-src 'none'[\r][\n]"
2021-12-16_19:21:56.585 [main] DEBUG org.apache.http.wire -  << "Feature-Policy: 'none'[\r][\n]"
2021-12-16_19:21:56.585 [main] DEBUG org.apache.http.wire -  << "Referrer-Policy: no-referrer[\r][\n]"
2021-12-16_19:21:56.586 [main] DEBUG org.apache.http.wire -  << "Strict-Transport-Security: max-age=31536000 ; includeSubDomains[\r][\n]"
2021-12-16_19:21:56.586 [main] DEBUG org.apache.http.wire -  << "Date: Thu, 16 Dec 2021 13:51:56 GMT[\r][\n]"
2021-12-16_19:21:56.586 [main] DEBUG org.apache.http.wire -  << "Keep-Alive: timeout=60[\r][\n]"
2021-12-16_19:21:56.586 [main] DEBUG org.apache.http.wire -  << "Content-Type: application/json[\r][\n]"
2021-12-16_19:21:56.586 [main] DEBUG org.apache.http.wire -  << "Transfer-Encoding: chunked[\r][\n]"
2021-12-16_19:21:56.586 [main] DEBUG org.apache.http.wire -  << "Connection: keep-alive[\r][\n]"
2021-12-16_19:21:56.587 [main] DEBUG org.apache.http.wire -  << "[\r][\n]"
2021-12-16_19:21:56.587 [main] DEBUG o.a.h.i.conn.DefaultClientConnection - Receiving response: HTTP/1.1 200 
2021-12-16_19:21:56.587 [main] DEBUG org.apache.http.headers - << HTTP/1.1 200 
2021-12-16_19:21:56.587 [main] DEBUG org.apache.http.headers - << Access-Control-Allow-Methods: GET, POST
2021-12-16_19:21:56.587 [main] DEBUG org.apache.http.headers - << Access-Control-Allow-Origin: *
2021-12-16_19:21:56.587 [main] DEBUG org.apache.http.headers - << Content-Security-Policy: default-src 'none'
2021-12-16_19:21:56.587 [main] DEBUG org.apache.http.headers - << Feature-Policy: 'none'
2021-12-16_19:21:56.587 [main] DEBUG org.apache.http.headers - << Referrer-Policy: no-referrer
2021-12-16_19:21:56.587 [main] DEBUG org.apache.http.headers - << Strict-Transport-Security: max-age=31536000 ; includeSubDomains
2021-12-16_19:21:56.587 [main] DEBUG org.apache.http.headers - << Date: Thu, 16 Dec 2021 13:51:56 GMT
2021-12-16_19:21:56.587 [main] DEBUG org.apache.http.headers - << Keep-Alive: timeout=60
2021-12-16_19:21:56.587 [main] DEBUG org.apache.http.headers - << Content-Type: application/json
2021-12-16_19:21:56.588 [main] DEBUG org.apache.http.headers - << Transfer-Encoding: chunked
2021-12-16_19:21:56.588 [main] DEBUG org.apache.http.headers - << Connection: keep-alive
2021-12-16_19:21:56.588 [main] DEBUG o.a.h.impl.client.DefaultHttpClient - Connection can be kept alive for 60000 MILLISECONDS
2021-12-16_19:21:56.588 [main] DEBUG i.r.i.RequestSpecificationImpl$RestAssuredHttpBuilder - Parsing response as: application/json
2021-12-16_19:21:56.589 [main] DEBUG i.r.i.RequestSpecificationImpl$RestAssuredHttpBuilder - Parsed data to instance of: class org.apache.http.conn.EofSensorInputStream
2021-12-16_19:21:56.589 [main] INFO  com.qc.BaseAPI - Method :GET
2021-12-16_19:21:56.590 [main] INFO  com.qc.BaseAPI - URI :https://apitest.pineperks.in/auth/V1/generate/token
2021-12-16_19:21:56.590 [main] INFO  com.qc.BaseAPI - Headers :userName=t3azPwts/6OSPTFxhCdYug==
Accept=*/*
Content-Type=application/json; charset=UTF-8
2021-12-16_19:21:56.590 [main] INFO  com.qc.BaseAPI - Body :null
2021-12-16_19:21:56.590 [main] INFO  com.qc.BaseAPI - ********************RESPONSE********************
2021-12-16_19:21:56.591 [main] DEBUG org.apache.http.wire -  << "7f[\r][\n]"
2021-12-16_19:21:56.591 [main] DEBUG org.apache.http.wire -  << "{"accessToken":"e393185fbb7b4ef18808d5b91e0de65d","tokenExpiryTime":"17-Dec-2021","responseCode":0,"responseMessage":"Success"}"
2021-12-16_19:21:56.591 [main] DEBUG org.apache.http.wire -  << "[\r][\n]"
2021-12-16_19:21:56.591 [main] DEBUG org.apache.http.wire -  << "0[\r][\n]"
2021-12-16_19:21:56.591 [main] DEBUG org.apache.http.wire -  << "[\r][\n]"
2021-12-16_19:21:56.591 [main] DEBUG o.a.h.i.c.BasicClientConnectionManager - Releasing connection org.apache.http.impl.conn.ManagedClientConnectionImpl@4be0ef01
2021-12-16_19:21:56.592 [main] DEBUG o.a.h.i.c.BasicClientConnectionManager - Connection can be kept alive for 60000 MILLISECONDS
2021-12-16_19:21:56.592 [main] INFO  com.qc.BaseAPI - Response :{
    "accessToken": "e393185fbb7b4ef18808d5b91e0de65d",
    "tokenExpiryTime": "17-Dec-2021",
    "responseCode": 0,
    "responseMessage": "Success"
}
2021-12-16_19:21:56.592 [main] INFO  com.qc.BaseAPI -  **** GET call Response time 212 ms
2021-12-16_19:21:56.592 [main] INFO  pl.rest.service.Authorize - Time Taken to perform https://apitest.pineperks.in/auth/V1/generate/token transaction: 212
2021-12-16_19:21:56.598 [main] INFO  com.qc.qa.utils.TestDataReader - Reading Json data authorizeHeaders
2021-12-16_19:21:56.601 [main] INFO  com.qc.qa.utils.TestDataReader - Reading json data from file @ testData/api/devAPIData.json
2021-12-16_19:21:56.604 [main] INFO  pl.rest.service.CardIssue - CardIssue Rest API URL :- https://apitest.pineperks.in/card/order/V1/instant/issue/nonreloadable/digital
2021-12-16_19:21:56.605 [main] INFO  com.qc.BaseAPI - POST call to URL https://apitest.pineperks.in/card/order/V1/instant/issue/nonreloadable/digital
2021-12-16_19:21:56.613 [main] INFO  com.qc.BaseAPI - ********************REQUEST********************
2021-12-16_19:21:56.629 [main] DEBUG o.a.h.i.c.BasicClientConnectionManager - Get connection for route {s}->https://apitest.pineperks.in:443
2021-12-16_19:21:56.629 [main] DEBUG o.a.h.i.c.DefaultClientConnectionOperator - Connecting to apitest.pineperks.in:443
2021-12-16_19:21:56.785 [main] DEBUG o.a.h.c.protocol.RequestAddCookies - CookieSpec selected: ignoreCookies
2021-12-16_19:21:56.785 [main] DEBUG o.a.h.c.protocol.RequestAuthCache - Auth cache not set in the context
2021-12-16_19:21:56.786 [main] DEBUG o.a.h.c.p.RequestTargetAuthentication - Target auth state: UNCHALLENGED
2021-12-16_19:21:56.786 [main] DEBUG o.a.h.c.p.RequestProxyAuthentication - Proxy auth state: UNCHALLENGED
2021-12-16_19:21:56.786 [main] DEBUG o.a.h.impl.client.DefaultHttpClient - Attempt 1 to execute request
2021-12-16_19:21:56.786 [main] DEBUG o.a.h.i.conn.DefaultClientConnection - Sending request: POST /card/order/V1/instant/issue/nonreloadable/digital HTTP/1.1
2021-12-16_19:21:56.786 [main] DEBUG org.apache.http.wire -  >> "POST /card/order/V1/instant/issue/nonreloadable/digital HTTP/1.1[\r][\n]"
2021-12-16_19:21:56.786 [main] DEBUG org.apache.http.wire -  >> "X-PinePerks-UserName: t3azPwts/6OSPTFxhCdYug==[\r][\n]"
2021-12-16_19:21:56.786 [main] DEBUG org.apache.http.wire -  >> "Accept: */*[\r][\n]"
2021-12-16_19:21:56.786 [main] DEBUG org.apache.http.wire -  >> "X-PinePerks-Token: e393185fbb7b4ef18808d5b91e0de65d[\r][\n]"
2021-12-16_19:21:56.786 [main] DEBUG org.apache.http.wire -  >> "Content-Type: application/json; charset=UTF-8[\r][\n]"
2021-12-16_19:21:56.787 [main] DEBUG org.apache.http.wire -  >> "Content-Length: 211[\r][\n]"
2021-12-16_19:21:56.787 [main] DEBUG org.apache.http.wire -  >> "Host: apitest.pineperks.in[\r][\n]"
2021-12-16_19:21:56.787 [main] DEBUG org.apache.http.wire -  >> "Connection: Keep-Alive[\r][\n]"
2021-12-16_19:21:56.787 [main] DEBUG org.apache.http.wire -  >> "User-Agent: Apache-HttpClient/4.5.2 (Java/1.8.0_202)[\r][\n]"
2021-12-16_19:21:56.787 [main] DEBUG org.apache.http.wire -  >> "Accept-Encoding: gzip,deflate[\r][\n]"
2021-12-16_19:21:56.787 [main] DEBUG org.apache.http.wire -  >> "[\r][\n]"
2021-12-16_19:21:56.788 [main] DEBUG org.apache.http.headers - >> POST /card/order/V1/instant/issue/nonreloadable/digital HTTP/1.1
2021-12-16_19:21:56.788 [main] DEBUG org.apache.http.headers - >> X-PinePerks-UserName: t3azPwts/6OSPTFxhCdYug==
2021-12-16_19:21:56.788 [main] DEBUG org.apache.http.headers - >> Accept: */*
2021-12-16_19:21:56.788 [main] DEBUG org.apache.http.headers - >> X-PinePerks-Token: e393185fbb7b4ef18808d5b91e0de65d
2021-12-16_19:21:56.788 [main] DEBUG org.apache.http.headers - >> Content-Type: application/json; charset=UTF-8
2021-12-16_19:21:56.788 [main] DEBUG org.apache.http.headers - >> Content-Length: 211
2021-12-16_19:21:56.789 [main] DEBUG org.apache.http.headers - >> Host: apitest.pineperks.in
2021-12-16_19:21:56.789 [main] DEBUG org.apache.http.headers - >> Connection: Keep-Alive
2021-12-16_19:21:56.789 [main] DEBUG org.apache.http.headers - >> User-Agent: Apache-HttpClient/4.5.2 (Java/1.8.0_202)
2021-12-16_19:21:56.789 [main] DEBUG org.apache.http.headers - >> Accept-Encoding: gzip,deflate
2021-12-16_19:21:56.789 [main] DEBUG org.apache.http.wire -  >> "{"checksum":"5x3GNrnStyS2PkMvV6EeAw==","cardDetailList":[{"amount":"1000","mobileNumber":"8284854535","customerName":"afzal","email":"afzal.ahmed@pinelabs.com"}],"externalRequestId":"llcFlMV","cardSchemeId":"7"}"
2021-12-16_19:21:56.872 [main] DEBUG org.apache.http.wire -  << "HTTP/1.1 200 [\r][\n]"
2021-12-16_19:21:56.872 [main] DEBUG org.apache.http.wire -  << "Access-Control-Allow-Methods: GET, POST[\r][\n]"
2021-12-16_19:21:56.872 [main] DEBUG org.apache.http.wire -  << "Access-Control-Allow-Origin: *[\r][\n]"
2021-12-16_19:21:56.873 [main] DEBUG org.apache.http.wire -  << "Content-Security-Policy: default-src 'none'[\r][\n]"
2021-12-16_19:21:56.873 [main] DEBUG org.apache.http.wire -  << "Feature-Policy: 'none'[\r][\n]"
2021-12-16_19:21:56.873 [main] DEBUG org.apache.http.wire -  << "Referrer-Policy: no-referrer[\r][\n]"
2021-12-16_19:21:56.873 [main] DEBUG org.apache.http.wire -  << "Strict-Transport-Security: max-age=31536000 ; includeSubDomains[\r][\n]"
2021-12-16_19:21:56.873 [main] DEBUG org.apache.http.wire -  << "Date: Thu, 16 Dec 2021 13:51:56 GMT[\r][\n]"
2021-12-16_19:21:56.873 [main] DEBUG org.apache.http.wire -  << "Keep-Alive: timeout=60[\r][\n]"
2021-12-16_19:21:56.873 [main] DEBUG org.apache.http.wire -  << "Content-Type: application/json[\r][\n]"
2021-12-16_19:21:56.873 [main] DEBUG org.apache.http.wire -  << "Transfer-Encoding: chunked[\r][\n]"
2021-12-16_19:21:56.873 [main] DEBUG org.apache.http.wire -  << "Connection: keep-alive[\r][\n]"
2021-12-16_19:21:56.874 [main] DEBUG org.apache.http.wire -  << "[\r][\n]"
2021-12-16_19:21:56.874 [main] DEBUG o.a.h.i.conn.DefaultClientConnection - Receiving response: HTTP/1.1 200 
2021-12-16_19:21:56.874 [main] DEBUG org.apache.http.headers - << HTTP/1.1 200 
2021-12-16_19:21:56.874 [main] DEBUG org.apache.http.headers - << Access-Control-Allow-Methods: GET, POST
2021-12-16_19:21:56.874 [main] DEBUG org.apache.http.headers - << Access-Control-Allow-Origin: *
2021-12-16_19:21:56.874 [main] DEBUG org.apache.http.headers - << Content-Security-Policy: default-src 'none'
2021-12-16_19:21:56.874 [main] DEBUG org.apache.http.headers - << Feature-Policy: 'none'
2021-12-16_19:21:56.874 [main] DEBUG org.apache.http.headers - << Referrer-Policy: no-referrer
2021-12-16_19:21:56.874 [main] DEBUG org.apache.http.headers - << Strict-Transport-Security: max-age=31536000 ; includeSubDomains
2021-12-16_19:21:56.874 [main] DEBUG org.apache.http.headers - << Date: Thu, 16 Dec 2021 13:51:56 GMT
2021-12-16_19:21:56.874 [main] DEBUG org.apache.http.headers - << Keep-Alive: timeout=60
2021-12-16_19:21:56.874 [main] DEBUG org.apache.http.headers - << Content-Type: application/json
2021-12-16_19:21:56.874 [main] DEBUG org.apache.http.headers - << Transfer-Encoding: chunked
2021-12-16_19:21:56.875 [main] DEBUG org.apache.http.headers - << Connection: keep-alive
2021-12-16_19:21:56.875 [main] DEBUG o.a.h.impl.client.DefaultHttpClient - Connection can be kept alive for 60000 MILLISECONDS
2021-12-16_19:21:56.876 [main] DEBUG i.r.i.RequestSpecificationImpl$RestAssuredHttpBuilder - Parsing response as: application/json
2021-12-16_19:21:56.876 [main] DEBUG i.r.i.RequestSpecificationImpl$RestAssuredHttpBuilder - Parsed data to instance of: class org.apache.http.conn.EofSensorInputStream
2021-12-16_19:21:56.877 [main] INFO  com.qc.BaseAPI - Method :POST
2021-12-16_19:21:56.878 [main] INFO  com.qc.BaseAPI - URI :https://apitest.pineperks.in/card/order/V1/instant/issue/nonreloadable/digital
2021-12-16_19:21:56.879 [main] INFO  com.qc.BaseAPI - Headers :X-PinePerks-Token=e393185fbb7b4ef18808d5b91e0de65d
X-PinePerks-UserName=t3azPwts/6OSPTFxhCdYug==
Accept=*/*
Content-Type=application/json; charset=UTF-8
2021-12-16_19:21:56.879 [main] INFO  com.qc.BaseAPI - Body :{"checksum":"5x3GNrnStyS2PkMvV6EeAw==","cardDetailList":[{"amount":"1000","mobileNumber":"8284854535","customerName":"afzal","email":"afzal.ahmed@pinelabs.com"}],"externalRequestId":"llcFlMV","cardSchemeId":"7"}
2021-12-16_19:21:56.879 [main] INFO  com.qc.BaseAPI - ********************RESPONSE********************
2021-12-16_19:21:56.879 [main] DEBUG org.apache.http.wire -  << "110[\r][\n]"
2021-12-16_19:21:56.879 [main] DEBUG org.apache.http.wire -  << "{"externalRequestId":"llcFlMV","orderId":null,"orderStatus":null,"cardDetailResponseList":null,"successCount":0,"failedCount":0,"orderAmount":null,"issuanceCharge":null,"netOrderAmount":null,"responseCode":13,"responseMessage":"isLinkToBeSentOnMobile can't be null/empty"}"
2021-12-16_19:21:56.879 [main] DEBUG org.apache.http.wire -  << "[\r][\n]"
2021-12-16_19:21:56.880 [main] DEBUG org.apache.http.wire -  << "0[\r][\n]"
2021-12-16_19:21:56.880 [main] DEBUG org.apache.http.wire -  << "[\r][\n]"
2021-12-16_19:21:56.880 [main] DEBUG o.a.h.i.c.BasicClientConnectionManager - Releasing connection org.apache.http.impl.conn.ManagedClientConnectionImpl@fba8144
2021-12-16_19:21:56.880 [main] DEBUG o.a.h.i.c.BasicClientConnectionManager - Connection can be kept alive for 60000 MILLISECONDS
2021-12-16_19:21:56.881 [main] INFO  com.qc.BaseAPI - Response :{
    "externalRequestId": "llcFlMV",
    "orderId": null,
    "orderStatus": null,
    "cardDetailResponseList": null,
    "successCount": 0,
    "failedCount": 0,
    "orderAmount": null,
    "issuanceCharge": null,
    "netOrderAmount": null,
    "responseCode": 13,
    "responseMessage": "isLinkToBeSentOnMobile can't be null/empty"
}
2021-12-16_19:21:56.881 [main] INFO  com.qc.BaseAPI -  **** POST call Response time 262 ms
2021-12-16_19:21:56.882 [main] INFO  pl.rest.service.CardIssue - Time Taken to perform https://apitest.pineperks.in/card/order/V1/instant/issue/nonreloadable/digital transaction: 262
