2022-01-17_17:10:16.331 [main] INFO  pl.rest.CustomHooks - SCENARIO NAME: Issuing a instant non reloadable card
2022-01-17_17:10:16.336 [main] INFO  pl.rest.CustomHooks - TAG NAMEs: [@Regression, @DB]
2022-01-17_17:10:16.341 [main] INFO  pl.rest.CustomHooks - SCENARIO NAME: Issuing a instant non reloadable card
2022-01-17_17:10:16.342 [main] INFO  pl.rest.CustomHooks - TAG NAMEs: [@Regression, @DB]
2022-01-17_17:10:16.429 [main] INFO  pl.rest.CustomHooks - Index: 0, Size: 0
2022-01-17_17:10:17.637 [main] INFO  com.qc.qa.utils.TestDataReader - Reading API Test Data config values from  testData/api/devAPITestData.properties
2022-01-17_17:10:17.642 [main] INFO  pl.rest.service.Authorize - Authorize Rest API URL :- https://apitest.pineperks.in/auth/V1/generate/token
2022-01-17_17:10:17.642 [main] INFO  com.qc.BaseAPI - GET call to URL https://apitest.pineperks.in/auth/V1/generate/token
2022-01-17_17:10:17.835 [main] INFO  com.qc.BaseAPI - ********************REQUEST********************
2022-01-17_17:10:20.543 [main] DEBUG o.a.h.i.c.BasicClientConnectionManager - Get connection for route {s}->https://apitest.pineperks.in:443
2022-01-17_17:10:20.608 [main] DEBUG o.a.h.i.c.DefaultClientConnectionOperator - Connecting to apitest.pineperks.in:443
2022-01-17_17:10:21.053 [main] DEBUG o.a.h.c.protocol.RequestAddCookies - CookieSpec selected: ignoreCookies
2022-01-17_17:10:21.056 [main] DEBUG o.a.h.c.protocol.RequestAuthCache - Auth cache not set in the context
2022-01-17_17:10:21.057 [main] DEBUG o.a.h.c.p.RequestTargetAuthentication - Target auth state: UNCHALLENGED
2022-01-17_17:10:21.058 [main] DEBUG o.a.h.c.p.RequestProxyAuthentication - Proxy auth state: UNCHALLENGED
2022-01-17_17:10:21.059 [main] DEBUG o.a.h.impl.client.DefaultHttpClient - Attempt 1 to execute request
2022-01-17_17:10:21.060 [main] DEBUG o.a.h.i.conn.DefaultClientConnection - Sending request: GET /auth/V1/generate/token HTTP/1.1
2022-01-17_17:10:21.060 [main] DEBUG org.apache.http.wire -  >> "GET /auth/V1/generate/token HTTP/1.1[\r][\n]"
2022-01-17_17:10:21.061 [main] DEBUG org.apache.http.wire -  >> "Content-Type: application/json; charset=UTF-8[\r][\n]"
2022-01-17_17:10:21.062 [main] DEBUG org.apache.http.wire -  >> "Accept: */*[\r][\n]"
2022-01-17_17:10:21.062 [main] DEBUG org.apache.http.wire -  >> "userName: A0aCcnPzDANtKmvSLPKcaw==[\r][\n]"
2022-01-17_17:10:21.062 [main] DEBUG org.apache.http.wire -  >> "Host: apitest.pineperks.in[\r][\n]"
2022-01-17_17:10:21.063 [main] DEBUG org.apache.http.wire -  >> "Connection: Keep-Alive[\r][\n]"
2022-01-17_17:10:21.063 [main] DEBUG org.apache.http.wire -  >> "User-Agent: Apache-HttpClient/4.5.2 (Java/1.8.0_202)[\r][\n]"
2022-01-17_17:10:21.063 [main] DEBUG org.apache.http.wire -  >> "Accept-Encoding: gzip,deflate[\r][\n]"
2022-01-17_17:10:21.064 [main] DEBUG org.apache.http.wire -  >> "[\r][\n]"
2022-01-17_17:10:21.064 [main] DEBUG org.apache.http.headers - >> GET /auth/V1/generate/token HTTP/1.1
2022-01-17_17:10:21.064 [main] DEBUG org.apache.http.headers - >> Content-Type: application/json; charset=UTF-8
2022-01-17_17:10:21.064 [main] DEBUG org.apache.http.headers - >> Accept: */*
2022-01-17_17:10:21.064 [main] DEBUG org.apache.http.headers - >> userName: A0aCcnPzDANtKmvSLPKcaw==
2022-01-17_17:10:21.064 [main] DEBUG org.apache.http.headers - >> Host: apitest.pineperks.in
2022-01-17_17:10:21.064 [main] DEBUG org.apache.http.headers - >> Connection: Keep-Alive
2022-01-17_17:10:21.065 [main] DEBUG org.apache.http.headers - >> User-Agent: Apache-HttpClient/4.5.2 (Java/1.8.0_202)
2022-01-17_17:10:21.065 [main] DEBUG org.apache.http.headers - >> Accept-Encoding: gzip,deflate
2022-01-17_17:10:21.155 [main] DEBUG org.apache.http.wire -  << "HTTP/1.1 200 [\r][\n]"
2022-01-17_17:10:21.159 [main] DEBUG org.apache.http.wire -  << "Access-Control-Allow-Methods: GET, POST[\r][\n]"
2022-01-17_17:10:21.159 [main] DEBUG org.apache.http.wire -  << "Access-Control-Allow-Origin: *[\r][\n]"
2022-01-17_17:10:21.160 [main] DEBUG org.apache.http.wire -  << "Content-Security-Policy: default-src 'none'[\r][\n]"
2022-01-17_17:10:21.161 [main] DEBUG org.apache.http.wire -  << "Feature-Policy: 'none'[\r][\n]"
2022-01-17_17:10:21.161 [main] DEBUG org.apache.http.wire -  << "Referrer-Policy: no-referrer[\r][\n]"
2022-01-17_17:10:21.161 [main] DEBUG org.apache.http.wire -  << "Strict-Transport-Security: max-age=31536000 ; includeSubDomains[\r][\n]"
2022-01-17_17:10:21.162 [main] DEBUG org.apache.http.wire -  << "Date: Mon, 17 Jan 2022 11:40:21 GMT[\r][\n]"
2022-01-17_17:10:21.163 [main] DEBUG org.apache.http.wire -  << "Keep-Alive: timeout=60[\r][\n]"
2022-01-17_17:10:21.163 [main] DEBUG org.apache.http.wire -  << "Content-Type: application/json[\r][\n]"
2022-01-17_17:10:21.164 [main] DEBUG org.apache.http.wire -  << "Transfer-Encoding: chunked[\r][\n]"
2022-01-17_17:10:21.164 [main] DEBUG org.apache.http.wire -  << "Connection: keep-alive[\r][\n]"
2022-01-17_17:10:21.165 [main] DEBUG org.apache.http.wire -  << "[\r][\n]"
2022-01-17_17:10:21.167 [main] DEBUG o.a.h.i.conn.DefaultClientConnection - Receiving response: HTTP/1.1 200 
2022-01-17_17:10:21.167 [main] DEBUG org.apache.http.headers - << HTTP/1.1 200 
2022-01-17_17:10:21.167 [main] DEBUG org.apache.http.headers - << Access-Control-Allow-Methods: GET, POST
2022-01-17_17:10:21.168 [main] DEBUG org.apache.http.headers - << Access-Control-Allow-Origin: *
2022-01-17_17:10:21.168 [main] DEBUG org.apache.http.headers - << Content-Security-Policy: default-src 'none'
2022-01-17_17:10:21.168 [main] DEBUG org.apache.http.headers - << Feature-Policy: 'none'
2022-01-17_17:10:21.168 [main] DEBUG org.apache.http.headers - << Referrer-Policy: no-referrer
2022-01-17_17:10:21.169 [main] DEBUG org.apache.http.headers - << Strict-Transport-Security: max-age=31536000 ; includeSubDomains
2022-01-17_17:10:21.169 [main] DEBUG org.apache.http.headers - << Date: Mon, 17 Jan 2022 11:40:21 GMT
2022-01-17_17:10:21.169 [main] DEBUG org.apache.http.headers - << Keep-Alive: timeout=60
2022-01-17_17:10:21.169 [main] DEBUG org.apache.http.headers - << Content-Type: application/json
2022-01-17_17:10:21.170 [main] DEBUG org.apache.http.headers - << Transfer-Encoding: chunked
2022-01-17_17:10:21.170 [main] DEBUG org.apache.http.headers - << Connection: keep-alive
2022-01-17_17:10:21.183 [main] DEBUG o.a.h.impl.client.DefaultHttpClient - Connection can be kept alive for 60000 MILLISECONDS
2022-01-17_17:10:21.220 [main] DEBUG i.r.i.RequestSpecificationImpl$RestAssuredHttpBuilder - Parsing response as: application/json
2022-01-17_17:10:21.221 [main] DEBUG i.r.i.RequestSpecificationImpl$RestAssuredHttpBuilder - Parsed data to instance of: class org.apache.http.conn.EofSensorInputStream
2022-01-17_17:10:21.251 [main] INFO  com.qc.BaseAPI - Method :GET
2022-01-17_17:10:21.254 [main] INFO  com.qc.BaseAPI - URI :https://apitest.pineperks.in/auth/V1/generate/token
2022-01-17_17:10:21.254 [main] INFO  com.qc.BaseAPI - Headers :userName=A0aCcnPzDANtKmvSLPKcaw==
Accept=*/*
Content-Type=application/json; charset=UTF-8
2022-01-17_17:10:21.254 [main] INFO  com.qc.BaseAPI - Body :null
2022-01-17_17:10:21.255 [main] INFO  com.qc.BaseAPI - ********************RESPONSE********************
2022-01-17_17:10:21.275 [main] DEBUG org.apache.http.wire -  << "7f[\r][\n]"
2022-01-17_17:10:21.276 [main] DEBUG org.apache.http.wire -  << "{"accessToken":"1964363c7f124556a51f9b66e3075eff","tokenExpiryTime":"17-May-2022","responseCode":0,"responseMessage":"Success"}"
2022-01-17_17:10:21.278 [main] DEBUG org.apache.http.wire -  << "[\r][\n]"
2022-01-17_17:10:21.278 [main] DEBUG org.apache.http.wire -  << "0[\r][\n]"
2022-01-17_17:10:21.278 [main] DEBUG org.apache.http.wire -  << "[\r][\n]"
2022-01-17_17:10:21.279 [main] DEBUG o.a.h.i.c.BasicClientConnectionManager - Releasing connection org.apache.http.impl.conn.ManagedClientConnectionImpl@7c7e4f05
2022-01-17_17:10:21.279 [main] DEBUG o.a.h.i.c.BasicClientConnectionManager - Connection can be kept alive for 60000 MILLISECONDS
2022-01-17_17:10:21.329 [main] INFO  com.qc.BaseAPI - Response :{
    "accessToken": "1964363c7f124556a51f9b66e3075eff",
    "tokenExpiryTime": "17-May-2022",
    "responseCode": 0,
    "responseMessage": "Success"
}
2022-01-17_17:10:21.332 [main] INFO  com.qc.BaseAPI -  **** GET call Response time 3400 ms
2022-01-17_17:10:21.332 [main] INFO  pl.rest.service.Authorize - Time Taken to perform https://apitest.pineperks.in/auth/V1/generate/token transaction: 3400
2022-01-17_17:10:21.433 [main] INFO  com.qc.qa.utils.TestDataReader - Reading Json data authorizeHeaders
2022-01-17_17:10:21.436 [main] INFO  com.qc.qa.utils.TestDataReader - Reading json data from file @ testData/api/devAPIData.json
2022-01-17_17:10:21.459 [main] INFO  pl.rest.service.CardIssue - CardIssue Rest API URL :- https://apitest.pineperks.in/card/order/V1/instant/issue/nonreloadable/digital
2022-01-17_17:10:21.459 [main] INFO  com.qc.BaseAPI - POST call to URL https://apitest.pineperks.in/card/order/V1/instant/issue/nonreloadable/digital
2022-01-17_17:10:21.473 [main] INFO  com.qc.BaseAPI - ********************REQUEST********************
2022-01-17_17:10:21.516 [main] DEBUG o.a.h.i.c.BasicClientConnectionManager - Get connection for route {s}->https://apitest.pineperks.in:443
2022-01-17_17:10:21.517 [main] DEBUG o.a.h.i.c.DefaultClientConnectionOperator - Connecting to apitest.pineperks.in:443
2022-01-17_17:10:21.878 [main] DEBUG o.a.h.c.protocol.RequestAddCookies - CookieSpec selected: ignoreCookies
2022-01-17_17:10:21.879 [main] DEBUG o.a.h.c.protocol.RequestAuthCache - Auth cache not set in the context
2022-01-17_17:10:21.879 [main] DEBUG o.a.h.c.p.RequestTargetAuthentication - Target auth state: UNCHALLENGED
2022-01-17_17:10:21.879 [main] DEBUG o.a.h.c.p.RequestProxyAuthentication - Proxy auth state: UNCHALLENGED
2022-01-17_17:10:21.879 [main] DEBUG o.a.h.impl.client.DefaultHttpClient - Attempt 1 to execute request
2022-01-17_17:10:21.879 [main] DEBUG o.a.h.i.conn.DefaultClientConnection - Sending request: POST /card/order/V1/instant/issue/nonreloadable/digital HTTP/1.1
2022-01-17_17:10:21.880 [main] DEBUG org.apache.http.wire -  >> "POST /card/order/V1/instant/issue/nonreloadable/digital HTTP/1.1[\r][\n]"
2022-01-17_17:10:21.880 [main] DEBUG org.apache.http.wire -  >> "Accept: */*[\r][\n]"
2022-01-17_17:10:21.880 [main] DEBUG org.apache.http.wire -  >> "userName: A0aCcnPzDANtKmvSLPKcaw==[\r][\n]"
2022-01-17_17:10:21.880 [main] DEBUG org.apache.http.wire -  >> "token: 1964363c7f124556a51f9b66e3075eff[\r][\n]"
2022-01-17_17:10:21.880 [main] DEBUG org.apache.http.wire -  >> "Content-Type: application/json; charset=UTF-8[\r][\n]"
2022-01-17_17:10:21.881 [main] DEBUG org.apache.http.wire -  >> "Content-Length: 241[\r][\n]"
2022-01-17_17:10:21.881 [main] DEBUG org.apache.http.wire -  >> "Host: apitest.pineperks.in[\r][\n]"
2022-01-17_17:10:21.881 [main] DEBUG org.apache.http.wire -  >> "Connection: Keep-Alive[\r][\n]"
2022-01-17_17:10:21.881 [main] DEBUG org.apache.http.wire -  >> "User-Agent: Apache-HttpClient/4.5.2 (Java/1.8.0_202)[\r][\n]"
2022-01-17_17:10:21.881 [main] DEBUG org.apache.http.wire -  >> "Accept-Encoding: gzip,deflate[\r][\n]"
2022-01-17_17:10:21.881 [main] DEBUG org.apache.http.wire -  >> "[\r][\n]"
2022-01-17_17:10:21.881 [main] DEBUG org.apache.http.headers - >> POST /card/order/V1/instant/issue/nonreloadable/digital HTTP/1.1
2022-01-17_17:10:21.881 [main] DEBUG org.apache.http.headers - >> Accept: */*
2022-01-17_17:10:21.881 [main] DEBUG org.apache.http.headers - >> userName: A0aCcnPzDANtKmvSLPKcaw==
2022-01-17_17:10:21.881 [main] DEBUG org.apache.http.headers - >> token: 1964363c7f124556a51f9b66e3075eff
2022-01-17_17:10:21.881 [main] DEBUG org.apache.http.headers - >> Content-Type: application/json; charset=UTF-8
2022-01-17_17:10:21.881 [main] DEBUG org.apache.http.headers - >> Content-Length: 241
2022-01-17_17:10:21.882 [main] DEBUG org.apache.http.headers - >> Host: apitest.pineperks.in
2022-01-17_17:10:21.882 [main] DEBUG org.apache.http.headers - >> Connection: Keep-Alive
2022-01-17_17:10:21.882 [main] DEBUG org.apache.http.headers - >> User-Agent: Apache-HttpClient/4.5.2 (Java/1.8.0_202)
2022-01-17_17:10:21.882 [main] DEBUG org.apache.http.headers - >> Accept-Encoding: gzip,deflate
2022-01-17_17:10:21.882 [main] DEBUG org.apache.http.wire -  >> "{"isLinkToBeSentOnMobile":true,"checksum":"5x3GNrnStyS2PkMvV6EeAw==","cardDetailList":[{"amount":"1000","mobileNumber":"8284854535","customerName":"afzal","email":"afzal.ahmed@pinelabs.com"}],"externalRequestId":"hFIFZ3e","cardSchemeId":"7"}"
2022-01-17_17:10:22.279 [main] DEBUG org.apache.http.wire -  << "HTTP/1.1 200 [\r][\n]"
2022-01-17_17:10:22.280 [main] DEBUG org.apache.http.wire -  << "Access-Control-Allow-Methods: GET, POST[\r][\n]"
2022-01-17_17:10:22.280 [main] DEBUG org.apache.http.wire -  << "Access-Control-Allow-Origin: *[\r][\n]"
2022-01-17_17:10:22.280 [main] DEBUG org.apache.http.wire -  << "Content-Security-Policy: default-src 'none'[\r][\n]"
2022-01-17_17:10:22.280 [main] DEBUG org.apache.http.wire -  << "Feature-Policy: 'none'[\r][\n]"
2022-01-17_17:10:22.281 [main] DEBUG org.apache.http.wire -  << "Referrer-Policy: no-referrer[\r][\n]"
2022-01-17_17:10:22.281 [main] DEBUG org.apache.http.wire -  << "Strict-Transport-Security: max-age=31536000 ; includeSubDomains[\r][\n]"
2022-01-17_17:10:22.281 [main] DEBUG org.apache.http.wire -  << "Date: Mon, 17 Jan 2022 11:40:22 GMT[\r][\n]"
2022-01-17_17:10:22.281 [main] DEBUG org.apache.http.wire -  << "Keep-Alive: timeout=60[\r][\n]"
2022-01-17_17:10:22.281 [main] DEBUG org.apache.http.wire -  << "Content-Type: application/json[\r][\n]"
2022-01-17_17:10:22.281 [main] DEBUG org.apache.http.wire -  << "Transfer-Encoding: chunked[\r][\n]"
2022-01-17_17:10:22.282 [main] DEBUG org.apache.http.wire -  << "Connection: keep-alive[\r][\n]"
2022-01-17_17:10:22.282 [main] DEBUG org.apache.http.wire -  << "[\r][\n]"
2022-01-17_17:10:22.282 [main] DEBUG o.a.h.i.conn.DefaultClientConnection - Receiving response: HTTP/1.1 200 
2022-01-17_17:10:22.282 [main] DEBUG org.apache.http.headers - << HTTP/1.1 200 
2022-01-17_17:10:22.283 [main] DEBUG org.apache.http.headers - << Access-Control-Allow-Methods: GET, POST
2022-01-17_17:10:22.283 [main] DEBUG org.apache.http.headers - << Access-Control-Allow-Origin: *
2022-01-17_17:10:22.283 [main] DEBUG org.apache.http.headers - << Content-Security-Policy: default-src 'none'
2022-01-17_17:10:22.283 [main] DEBUG org.apache.http.headers - << Feature-Policy: 'none'
2022-01-17_17:10:22.284 [main] DEBUG org.apache.http.headers - << Referrer-Policy: no-referrer
2022-01-17_17:10:22.284 [main] DEBUG org.apache.http.headers - << Strict-Transport-Security: max-age=31536000 ; includeSubDomains
2022-01-17_17:10:22.284 [main] DEBUG org.apache.http.headers - << Date: Mon, 17 Jan 2022 11:40:22 GMT
2022-01-17_17:10:22.284 [main] DEBUG org.apache.http.headers - << Keep-Alive: timeout=60
2022-01-17_17:10:22.284 [main] DEBUG org.apache.http.headers - << Content-Type: application/json
2022-01-17_17:10:22.284 [main] DEBUG org.apache.http.headers - << Transfer-Encoding: chunked
2022-01-17_17:10:22.284 [main] DEBUG org.apache.http.headers - << Connection: keep-alive
2022-01-17_17:10:22.285 [main] DEBUG o.a.h.impl.client.DefaultHttpClient - Connection can be kept alive for 60000 MILLISECONDS
2022-01-17_17:10:22.285 [main] DEBUG i.r.i.RequestSpecificationImpl$RestAssuredHttpBuilder - Parsing response as: application/json
2022-01-17_17:10:22.286 [main] DEBUG i.r.i.RequestSpecificationImpl$RestAssuredHttpBuilder - Parsed data to instance of: class org.apache.http.conn.EofSensorInputStream
2022-01-17_17:10:22.288 [main] INFO  com.qc.BaseAPI - Method :POST
2022-01-17_17:10:22.294 [main] INFO  com.qc.BaseAPI - URI :https://apitest.pineperks.in/card/order/V1/instant/issue/nonreloadable/digital
2022-01-17_17:10:22.294 [main] INFO  com.qc.BaseAPI - Headers :token=1964363c7f124556a51f9b66e3075eff
userName=A0aCcnPzDANtKmvSLPKcaw==
Accept=*/*
Content-Type=application/json; charset=UTF-8
2022-01-17_17:10:22.294 [main] INFO  com.qc.BaseAPI - Body :{"isLinkToBeSentOnMobile":true,"checksum":"5x3GNrnStyS2PkMvV6EeAw==","cardDetailList":[{"amount":"1000","mobileNumber":"8284854535","customerName":"afzal","email":"afzal.ahmed@pinelabs.com"}],"externalRequestId":"hFIFZ3e","cardSchemeId":"7"}
2022-01-17_17:10:22.295 [main] INFO  com.qc.BaseAPI - ********************RESPONSE********************
2022-01-17_17:10:22.295 [main] DEBUG org.apache.http.wire -  << "1f2[\r][\n]"
2022-01-17_17:10:22.296 [main] DEBUG org.apache.http.wire -  << "{"externalRequestId":"hFIFZ3e","orderId":102942,"orderStatus":6,"cardDetailResponseList":[{"referenceNumber":9587987732,"serialNumber":10294200010001,"customerName":"afzal","mobileNumber":8284854535,"email":"afzal.ahmed@pinelabs.com","amount":1000,"cardLink":"test.pineperks.in/eCard?c=iaNQKVgOvQ-RAGIueT65wQ2","responseCode":0,"responseMessage":"Success"}],"successCount":1,"failedCount":0,"orderAmount":1000,"issuanceCharge":100,"netOrderAmount":1100,"responseCode":0,"responseMessage":"Success"}"
2022-01-17_17:10:22.296 [main] DEBUG org.apache.http.wire -  << "[\r][\n]"
2022-01-17_17:10:22.297 [main] DEBUG org.apache.http.wire -  << "0[\r][\n]"
2022-01-17_17:10:22.297 [main] DEBUG org.apache.http.wire -  << "[\r][\n]"
2022-01-17_17:10:22.297 [main] DEBUG o.a.h.i.c.BasicClientConnectionManager - Releasing connection org.apache.http.impl.conn.ManagedClientConnectionImpl@55b2cdcb
2022-01-17_17:10:22.298 [main] DEBUG o.a.h.i.c.BasicClientConnectionManager - Connection can be kept alive for 60000 MILLISECONDS
2022-01-17_17:10:22.301 [main] INFO  com.qc.BaseAPI - Response :{
    "externalRequestId": "hFIFZ3e",
    "orderId": 102942,
    "orderStatus": 6,
    "cardDetailResponseList": [
        {
            "referenceNumber": 9587987732,
            "serialNumber": 10294200010001,
            "customerName": "afzal",
            "mobileNumber": 8284854535,
            "email": "afzal.ahmed@pinelabs.com",
            "amount": 1000,
            "cardLink": "test.pineperks.in/eCard?c=iaNQKVgOvQ-RAGIueT65wQ2",
            "responseCode": 0,
            "responseMessage": "Success"
        }
    ],
    "successCount": 1,
    "failedCount": 0,
    "orderAmount": 1000,
    "issuanceCharge": 100,
    "netOrderAmount": 1100,
    "responseCode": 0,
    "responseMessage": "Success"
}
2022-01-17_17:10:22.302 [main] INFO  com.qc.BaseAPI -  **** POST call Response time 812 ms
2022-01-17_17:10:22.302 [main] INFO  pl.rest.service.CardIssue - Time Taken to perform https://apitest.pineperks.in/card/order/V1/instant/issue/nonreloadable/digital transaction: 812
2022-01-17_17:10:22.827 [main] INFO  pl.rest.CustomHooks - SCENARIO NAME: Issuing a instant non reloadable card
2022-01-17_17:10:22.827 [main] INFO  pl.rest.CustomHooks - TAG NAMEs: [@Regression, @DB]
2022-01-17_17:10:22.828 [main] INFO  pl.rest.CustomHooks - SCENARIO NAME: Issuing a instant non reloadable card
2022-01-17_17:10:22.829 [main] INFO  pl.rest.CustomHooks - TAG NAMEs: [@Regression, @DB]
2022-01-17_17:10:22.829 [main] INFO  pl.rest.CustomHooks - Index: 0, Size: 0
2022-01-17_17:10:23.067 [main] INFO  pl.rest.service.Authorize - Authorize Rest API URL :- https://apitest.pineperks.in/auth/V1/generate/token
2022-01-17_17:10:23.068 [main] INFO  com.qc.BaseAPI - GET call to URL https://apitest.pineperks.in/auth/V1/generate/token
2022-01-17_17:10:23.072 [main] INFO  com.qc.BaseAPI - ********************REQUEST********************
2022-01-17_17:10:23.084 [main] DEBUG o.a.h.i.c.BasicClientConnectionManager - Get connection for route {s}->https://apitest.pineperks.in:443
2022-01-17_17:10:23.084 [main] DEBUG o.a.h.i.c.DefaultClientConnectionOperator - Connecting to apitest.pineperks.in:443
2022-01-17_17:10:23.379 [main] DEBUG o.a.h.c.protocol.RequestAddCookies - CookieSpec selected: ignoreCookies
2022-01-17_17:10:23.379 [main] DEBUG o.a.h.c.protocol.RequestAuthCache - Auth cache not set in the context
2022-01-17_17:10:23.379 [main] DEBUG o.a.h.c.p.RequestTargetAuthentication - Target auth state: UNCHALLENGED
2022-01-17_17:10:23.379 [main] DEBUG o.a.h.c.p.RequestProxyAuthentication - Proxy auth state: UNCHALLENGED
2022-01-17_17:10:23.380 [main] DEBUG o.a.h.impl.client.DefaultHttpClient - Attempt 1 to execute request
2022-01-17_17:10:23.380 [main] DEBUG o.a.h.i.conn.DefaultClientConnection - Sending request: GET /auth/V1/generate/token HTTP/1.1
2022-01-17_17:10:23.380 [main] DEBUG org.apache.http.wire -  >> "GET /auth/V1/generate/token HTTP/1.1[\r][\n]"
2022-01-17_17:10:23.381 [main] DEBUG org.apache.http.wire -  >> "Content-Type: application/json; charset=UTF-8[\r][\n]"
2022-01-17_17:10:23.381 [main] DEBUG org.apache.http.wire -  >> "Accept: */*[\r][\n]"
2022-01-17_17:10:23.381 [main] DEBUG org.apache.http.wire -  >> "userName: A0aCcnPzDANtKmvSLPKcaw==[\r][\n]"
2022-01-17_17:10:23.381 [main] DEBUG org.apache.http.wire -  >> "Host: apitest.pineperks.in[\r][\n]"
2022-01-17_17:10:23.382 [main] DEBUG org.apache.http.wire -  >> "Connection: Keep-Alive[\r][\n]"
2022-01-17_17:10:23.382 [main] DEBUG org.apache.http.wire -  >> "User-Agent: Apache-HttpClient/4.5.2 (Java/1.8.0_202)[\r][\n]"
2022-01-17_17:10:23.382 [main] DEBUG org.apache.http.wire -  >> "Accept-Encoding: gzip,deflate[\r][\n]"
2022-01-17_17:10:23.382 [main] DEBUG org.apache.http.wire -  >> "[\r][\n]"
2022-01-17_17:10:23.382 [main] DEBUG org.apache.http.headers - >> GET /auth/V1/generate/token HTTP/1.1
2022-01-17_17:10:23.382 [main] DEBUG org.apache.http.headers - >> Content-Type: application/json; charset=UTF-8
2022-01-17_17:10:23.382 [main] DEBUG org.apache.http.headers - >> Accept: */*
2022-01-17_17:10:23.382 [main] DEBUG org.apache.http.headers - >> userName: A0aCcnPzDANtKmvSLPKcaw==
2022-01-17_17:10:23.382 [main] DEBUG org.apache.http.headers - >> Host: apitest.pineperks.in
2022-01-17_17:10:23.382 [main] DEBUG org.apache.http.headers - >> Connection: Keep-Alive
2022-01-17_17:10:23.382 [main] DEBUG org.apache.http.headers - >> User-Agent: Apache-HttpClient/4.5.2 (Java/1.8.0_202)
2022-01-17_17:10:23.382 [main] DEBUG org.apache.http.headers - >> Accept-Encoding: gzip,deflate
2022-01-17_17:10:23.449 [main] DEBUG org.apache.http.wire -  << "HTTP/1.1 200 [\r][\n]"
2022-01-17_17:10:23.450 [main] DEBUG org.apache.http.wire -  << "Access-Control-Allow-Methods: GET, POST[\r][\n]"
2022-01-17_17:10:23.451 [main] DEBUG org.apache.http.wire -  << "Access-Control-Allow-Origin: *[\r][\n]"
2022-01-17_17:10:23.451 [main] DEBUG org.apache.http.wire -  << "Content-Security-Policy: default-src 'none'[\r][\n]"
2022-01-17_17:10:23.451 [main] DEBUG org.apache.http.wire -  << "Feature-Policy: 'none'[\r][\n]"
2022-01-17_17:10:23.451 [main] DEBUG org.apache.http.wire -  << "Referrer-Policy: no-referrer[\r][\n]"
2022-01-17_17:10:23.451 [main] DEBUG org.apache.http.wire -  << "Strict-Transport-Security: max-age=31536000 ; includeSubDomains[\r][\n]"
2022-01-17_17:10:23.451 [main] DEBUG org.apache.http.wire -  << "Date: Mon, 17 Jan 2022 11:40:23 GMT[\r][\n]"
2022-01-17_17:10:23.451 [main] DEBUG org.apache.http.wire -  << "Keep-Alive: timeout=60[\r][\n]"
2022-01-17_17:10:23.453 [main] DEBUG org.apache.http.wire -  << "Content-Type: application/json[\r][\n]"
2022-01-17_17:10:23.453 [main] DEBUG org.apache.http.wire -  << "Transfer-Encoding: chunked[\r][\n]"
2022-01-17_17:10:23.453 [main] DEBUG org.apache.http.wire -  << "Connection: keep-alive[\r][\n]"
2022-01-17_17:10:23.453 [main] DEBUG org.apache.http.wire -  << "[\r][\n]"
2022-01-17_17:10:23.453 [main] DEBUG o.a.h.i.conn.DefaultClientConnection - Receiving response: HTTP/1.1 200 
2022-01-17_17:10:23.454 [main] DEBUG org.apache.http.headers - << HTTP/1.1 200 
2022-01-17_17:10:23.454 [main] DEBUG org.apache.http.headers - << Access-Control-Allow-Methods: GET, POST
2022-01-17_17:10:23.454 [main] DEBUG org.apache.http.headers - << Access-Control-Allow-Origin: *
2022-01-17_17:10:23.454 [main] DEBUG org.apache.http.headers - << Content-Security-Policy: default-src 'none'
2022-01-17_17:10:23.454 [main] DEBUG org.apache.http.headers - << Feature-Policy: 'none'
2022-01-17_17:10:23.454 [main] DEBUG org.apache.http.headers - << Referrer-Policy: no-referrer
2022-01-17_17:10:23.454 [main] DEBUG org.apache.http.headers - << Strict-Transport-Security: max-age=31536000 ; includeSubDomains
2022-01-17_17:10:23.454 [main] DEBUG org.apache.http.headers - << Date: Mon, 17 Jan 2022 11:40:23 GMT
2022-01-17_17:10:23.455 [main] DEBUG org.apache.http.headers - << Keep-Alive: timeout=60
2022-01-17_17:10:23.455 [main] DEBUG org.apache.http.headers - << Content-Type: application/json
2022-01-17_17:10:23.455 [main] DEBUG org.apache.http.headers - << Transfer-Encoding: chunked
2022-01-17_17:10:23.455 [main] DEBUG org.apache.http.headers - << Connection: keep-alive
2022-01-17_17:10:23.455 [main] DEBUG o.a.h.impl.client.DefaultHttpClient - Connection can be kept alive for 60000 MILLISECONDS
2022-01-17_17:10:23.456 [main] DEBUG i.r.i.RequestSpecificationImpl$RestAssuredHttpBuilder - Parsing response as: application/json
2022-01-17_17:10:23.457 [main] DEBUG i.r.i.RequestSpecificationImpl$RestAssuredHttpBuilder - Parsed data to instance of: class org.apache.http.conn.EofSensorInputStream
2022-01-17_17:10:23.458 [main] INFO  com.qc.BaseAPI - Method :GET
2022-01-17_17:10:23.459 [main] INFO  com.qc.BaseAPI - URI :https://apitest.pineperks.in/auth/V1/generate/token
2022-01-17_17:10:23.460 [main] INFO  com.qc.BaseAPI - Headers :userName=A0aCcnPzDANtKmvSLPKcaw==
Accept=*/*
Content-Type=application/json; charset=UTF-8
2022-01-17_17:10:23.460 [main] INFO  com.qc.BaseAPI - Body :null
2022-01-17_17:10:23.460 [main] INFO  com.qc.BaseAPI - ********************RESPONSE********************
2022-01-17_17:10:23.460 [main] DEBUG org.apache.http.wire -  << "7f[\r][\n]"
2022-01-17_17:10:23.461 [main] DEBUG org.apache.http.wire -  << "{"accessToken":"1d786ae287ca404cbb7bdf08353bdd0c","tokenExpiryTime":"17-May-2022","responseCode":0,"responseMessage":"Success"}"
2022-01-17_17:10:23.461 [main] DEBUG org.apache.http.wire -  << "[\r][\n]"
2022-01-17_17:10:23.461 [main] DEBUG org.apache.http.wire -  << "0[\r][\n]"
2022-01-17_17:10:23.461 [main] DEBUG org.apache.http.wire -  << "[\r][\n]"
2022-01-17_17:10:23.461 [main] DEBUG o.a.h.i.c.BasicClientConnectionManager - Releasing connection org.apache.http.impl.conn.ManagedClientConnectionImpl@49324087
2022-01-17_17:10:23.461 [main] DEBUG o.a.h.i.c.BasicClientConnectionManager - Connection can be kept alive for 60000 MILLISECONDS
2022-01-17_17:10:23.462 [main] INFO  com.qc.BaseAPI - Response :{
    "accessToken": "1d786ae287ca404cbb7bdf08353bdd0c",
    "tokenExpiryTime": "17-May-2022",
    "responseCode": 0,
    "responseMessage": "Success"
}
2022-01-17_17:10:23.463 [main] INFO  com.qc.BaseAPI -  **** GET call Response time 383 ms
2022-01-17_17:10:23.463 [main] INFO  pl.rest.service.Authorize - Time Taken to perform https://apitest.pineperks.in/auth/V1/generate/token transaction: 383
2022-01-17_17:10:23.471 [main] INFO  com.qc.qa.utils.TestDataReader - Reading Json data authorizeHeaders
2022-01-17_17:10:23.476 [main] INFO  com.qc.qa.utils.TestDataReader - Reading json data from file @ testData/api/devAPIData.json
2022-01-17_17:10:23.480 [main] INFO  pl.rest.service.CardIssue - CardIssue Rest API URL :- https://apitest.pineperks.in/card/order/V2/instant/issue/nonreloadable/digital
2022-01-17_17:10:23.480 [main] INFO  com.qc.BaseAPI - POST call to URL https://apitest.pineperks.in/card/order/V2/instant/issue/nonreloadable/digital
2022-01-17_17:10:23.491 [main] INFO  com.qc.BaseAPI - ********************REQUEST********************
2022-01-17_17:10:23.507 [main] DEBUG o.a.h.i.c.BasicClientConnectionManager - Get connection for route {s}->https://apitest.pineperks.in:443
2022-01-17_17:10:23.508 [main] DEBUG o.a.h.i.c.DefaultClientConnectionOperator - Connecting to apitest.pineperks.in:443
2022-01-17_17:10:23.828 [main] DEBUG o.a.h.c.protocol.RequestAddCookies - CookieSpec selected: ignoreCookies
2022-01-17_17:10:23.828 [main] DEBUG o.a.h.c.protocol.RequestAuthCache - Auth cache not set in the context
2022-01-17_17:10:23.828 [main] DEBUG o.a.h.c.p.RequestTargetAuthentication - Target auth state: UNCHALLENGED
2022-01-17_17:10:23.828 [main] DEBUG o.a.h.c.p.RequestProxyAuthentication - Proxy auth state: UNCHALLENGED
2022-01-17_17:10:23.828 [main] DEBUG o.a.h.impl.client.DefaultHttpClient - Attempt 1 to execute request
2022-01-17_17:10:23.828 [main] DEBUG o.a.h.i.conn.DefaultClientConnection - Sending request: POST /card/order/V2/instant/issue/nonreloadable/digital HTTP/1.1
2022-01-17_17:10:23.828 [main] DEBUG org.apache.http.wire -  >> "POST /card/order/V2/instant/issue/nonreloadable/digital HTTP/1.1[\r][\n]"
2022-01-17_17:10:23.828 [main] DEBUG org.apache.http.wire -  >> "X-PinePerks-UserName: A0aCcnPzDANtKmvSLPKcaw==[\r][\n]"
2022-01-17_17:10:23.828 [main] DEBUG org.apache.http.wire -  >> "Accept: */*[\r][\n]"
2022-01-17_17:10:23.829 [main] DEBUG org.apache.http.wire -  >> "X-PinePerks-Token: 1d786ae287ca404cbb7bdf08353bdd0c[\r][\n]"
2022-01-17_17:10:23.829 [main] DEBUG org.apache.http.wire -  >> "Content-Type: application/json; charset=UTF-8[\r][\n]"
2022-01-17_17:10:23.829 [main] DEBUG org.apache.http.wire -  >> "Content-Length: 211[\r][\n]"
2022-01-17_17:10:23.829 [main] DEBUG org.apache.http.wire -  >> "Host: apitest.pineperks.in[\r][\n]"
2022-01-17_17:10:23.829 [main] DEBUG org.apache.http.wire -  >> "Connection: Keep-Alive[\r][\n]"
2022-01-17_17:10:23.829 [main] DEBUG org.apache.http.wire -  >> "User-Agent: Apache-HttpClient/4.5.2 (Java/1.8.0_202)[\r][\n]"
2022-01-17_17:10:23.830 [main] DEBUG org.apache.http.wire -  >> "Accept-Encoding: gzip,deflate[\r][\n]"
2022-01-17_17:10:23.830 [main] DEBUG org.apache.http.wire -  >> "[\r][\n]"
2022-01-17_17:10:23.830 [main] DEBUG org.apache.http.headers - >> POST /card/order/V2/instant/issue/nonreloadable/digital HTTP/1.1
2022-01-17_17:10:23.830 [main] DEBUG org.apache.http.headers - >> X-PinePerks-UserName: A0aCcnPzDANtKmvSLPKcaw==
2022-01-17_17:10:23.830 [main] DEBUG org.apache.http.headers - >> Accept: */*
2022-01-17_17:10:23.830 [main] DEBUG org.apache.http.headers - >> X-PinePerks-Token: 1d786ae287ca404cbb7bdf08353bdd0c
2022-01-17_17:10:23.830 [main] DEBUG org.apache.http.headers - >> Content-Type: application/json; charset=UTF-8
2022-01-17_17:10:23.830 [main] DEBUG org.apache.http.headers - >> Content-Length: 211
2022-01-17_17:10:23.830 [main] DEBUG org.apache.http.headers - >> Host: apitest.pineperks.in
2022-01-17_17:10:23.830 [main] DEBUG org.apache.http.headers - >> Connection: Keep-Alive
2022-01-17_17:10:23.830 [main] DEBUG org.apache.http.headers - >> User-Agent: Apache-HttpClient/4.5.2 (Java/1.8.0_202)
2022-01-17_17:10:23.830 [main] DEBUG org.apache.http.headers - >> Accept-Encoding: gzip,deflate
2022-01-17_17:10:23.831 [main] DEBUG org.apache.http.wire -  >> "{"checksum":"5x3GNrnStyS2PkMvV6EeAw==","cardDetailList":[{"amount":"1000","mobileNumber":"8284854535","customerName":"afzal","email":"afzal.ahmed@pinelabs.com"}],"externalRequestId":"NHg9d8W","cardSchemeId":"7"}"
2022-01-17_17:10:24.173 [main] DEBUG org.apache.http.wire -  << "HTTP/1.1 200 [\r][\n]"
2022-01-17_17:10:24.174 [main] DEBUG org.apache.http.wire -  << "Access-Control-Allow-Methods: GET, POST[\r][\n]"
2022-01-17_17:10:24.174 [main] DEBUG org.apache.http.wire -  << "Access-Control-Allow-Origin: *[\r][\n]"
2022-01-17_17:10:24.174 [main] DEBUG org.apache.http.wire -  << "Content-Security-Policy: default-src 'none'[\r][\n]"
2022-01-17_17:10:24.174 [main] DEBUG org.apache.http.wire -  << "Feature-Policy: 'none'[\r][\n]"
2022-01-17_17:10:24.174 [main] DEBUG org.apache.http.wire -  << "Referrer-Policy: no-referrer[\r][\n]"
2022-01-17_17:10:24.175 [main] DEBUG org.apache.http.wire -  << "Strict-Transport-Security: max-age=31536000 ; includeSubDomains[\r][\n]"
2022-01-17_17:10:24.175 [main] DEBUG org.apache.http.wire -  << "Date: Mon, 17 Jan 2022 11:40:23 GMT[\r][\n]"
2022-01-17_17:10:24.175 [main] DEBUG org.apache.http.wire -  << "Keep-Alive: timeout=60[\r][\n]"
2022-01-17_17:10:24.175 [main] DEBUG org.apache.http.wire -  << "Content-Type: application/json[\r][\n]"
2022-01-17_17:10:24.175 [main] DEBUG org.apache.http.wire -  << "Transfer-Encoding: chunked[\r][\n]"
2022-01-17_17:10:24.175 [main] DEBUG org.apache.http.wire -  << "Connection: keep-alive[\r][\n]"
2022-01-17_17:10:24.175 [main] DEBUG org.apache.http.wire -  << "[\r][\n]"
2022-01-17_17:10:24.176 [main] DEBUG o.a.h.i.conn.DefaultClientConnection - Receiving response: HTTP/1.1 200 
2022-01-17_17:10:24.176 [main] DEBUG org.apache.http.headers - << HTTP/1.1 200 
2022-01-17_17:10:24.176 [main] DEBUG org.apache.http.headers - << Access-Control-Allow-Methods: GET, POST
2022-01-17_17:10:24.176 [main] DEBUG org.apache.http.headers - << Access-Control-Allow-Origin: *
2022-01-17_17:10:24.176 [main] DEBUG org.apache.http.headers - << Content-Security-Policy: default-src 'none'
2022-01-17_17:10:24.176 [main] DEBUG org.apache.http.headers - << Feature-Policy: 'none'
2022-01-17_17:10:24.176 [main] DEBUG org.apache.http.headers - << Referrer-Policy: no-referrer
2022-01-17_17:10:24.176 [main] DEBUG org.apache.http.headers - << Strict-Transport-Security: max-age=31536000 ; includeSubDomains
2022-01-17_17:10:24.176 [main] DEBUG org.apache.http.headers - << Date: Mon, 17 Jan 2022 11:40:23 GMT
2022-01-17_17:10:24.176 [main] DEBUG org.apache.http.headers - << Keep-Alive: timeout=60
2022-01-17_17:10:24.176 [main] DEBUG org.apache.http.headers - << Content-Type: application/json
2022-01-17_17:10:24.176 [main] DEBUG org.apache.http.headers - << Transfer-Encoding: chunked
2022-01-17_17:10:24.176 [main] DEBUG org.apache.http.headers - << Connection: keep-alive
2022-01-17_17:10:24.177 [main] DEBUG o.a.h.impl.client.DefaultHttpClient - Connection can be kept alive for 60000 MILLISECONDS
2022-01-17_17:10:24.177 [main] DEBUG i.r.i.RequestSpecificationImpl$RestAssuredHttpBuilder - Parsing response as: application/json
2022-01-17_17:10:24.177 [main] DEBUG i.r.i.RequestSpecificationImpl$RestAssuredHttpBuilder - Parsed data to instance of: class org.apache.http.conn.EofSensorInputStream
2022-01-17_17:10:24.178 [main] INFO  com.qc.BaseAPI - Method :POST
2022-01-17_17:10:24.180 [main] INFO  com.qc.BaseAPI - URI :https://apitest.pineperks.in/card/order/V2/instant/issue/nonreloadable/digital
2022-01-17_17:10:24.180 [main] INFO  com.qc.BaseAPI - Headers :X-PinePerks-Token=1d786ae287ca404cbb7bdf08353bdd0c
X-PinePerks-UserName=A0aCcnPzDANtKmvSLPKcaw==
Accept=*/*
Content-Type=application/json; charset=UTF-8
2022-01-17_17:10:24.180 [main] INFO  com.qc.BaseAPI - Body :{"checksum":"5x3GNrnStyS2PkMvV6EeAw==","cardDetailList":[{"amount":"1000","mobileNumber":"8284854535","customerName":"afzal","email":"afzal.ahmed@pinelabs.com"}],"externalRequestId":"NHg9d8W","cardSchemeId":"7"}
2022-01-17_17:10:24.180 [main] INFO  com.qc.BaseAPI - ********************RESPONSE********************
2022-01-17_17:10:24.181 [main] DEBUG org.apache.http.wire -  << "1f2[\r][\n]"
2022-01-17_17:10:24.181 [main] DEBUG org.apache.http.wire -  << "{"externalRequestId":"NHg9d8W","orderId":102943,"orderStatus":6,"cardDetailResponseList":[{"referenceNumber":1281951797,"serialNumber":10294300010001,"customerName":"afzal","mobileNumber":8284854535,"email":"afzal.ahmed@pinelabs.com","amount":1000,"cardLink":"test.pineperks.in/eCard?c=hQ6Ig5Uyz11dX0w.G8yxjA2","responseCode":0,"responseMessage":"Success"}],"successCount":1,"failedCount":0,"orderAmount":1000,"issuanceCharge":100,"netOrderAmount":1100,"responseCode":0,"responseMessage":"Success"}"
2022-01-17_17:10:24.181 [main] DEBUG org.apache.http.wire -  << "[\r][\n]"
2022-01-17_17:10:24.181 [main] DEBUG org.apache.http.wire -  << "0[\r][\n]"
2022-01-17_17:10:24.181 [main] DEBUG org.apache.http.wire -  << "[\r][\n]"
2022-01-17_17:10:24.182 [main] DEBUG o.a.h.i.c.BasicClientConnectionManager - Releasing connection org.apache.http.impl.conn.ManagedClientConnectionImpl@5d956215
2022-01-17_17:10:24.182 [main] DEBUG o.a.h.i.c.BasicClientConnectionManager - Connection can be kept alive for 60000 MILLISECONDS
2022-01-17_17:10:24.183 [main] INFO  com.qc.BaseAPI - Response :{
    "externalRequestId": "NHg9d8W",
    "orderId": 102943,
    "orderStatus": 6,
    "cardDetailResponseList": [
        {
            "referenceNumber": 1281951797,
            "serialNumber": 10294300010001,
            "customerName": "afzal",
            "mobileNumber": 8284854535,
            "email": "afzal.ahmed@pinelabs.com",
            "amount": 1000,
            "cardLink": "test.pineperks.in/eCard?c=hQ6Ig5Uyz11dX0w.G8yxjA2",
            "responseCode": 0,
            "responseMessage": "Success"
        }
    ],
    "successCount": 1,
    "failedCount": 0,
    "orderAmount": 1000,
    "issuanceCharge": 100,
    "netOrderAmount": 1100,
    "responseCode": 0,
    "responseMessage": "Success"
}
2022-01-17_17:10:24.184 [main] INFO  com.qc.BaseAPI -  **** POST call Response time 684 ms
2022-01-17_17:10:24.184 [main] INFO  pl.rest.service.CardIssue - Time Taken to perform https://apitest.pineperks.in/card/order/V2/instant/issue/nonreloadable/digital transaction: 684
