2022-01-27_17:05:23.946 [main] INFO  pl.rest.CustomHooks - SCENARIO NAME: Issuing a instant non reloadable card
2022-01-27_17:05:23.950 [main] INFO  pl.rest.CustomHooks - TAG NAMEs: [@Regression, @DB]
2022-01-27_17:05:23.955 [main] INFO  pl.rest.CustomHooks - SCENARIO NAME: Issuing a instant non reloadable card
2022-01-27_17:05:23.956 [main] INFO  pl.rest.CustomHooks - TAG NAMEs: [@Regression, @DB]
2022-01-27_17:05:24.032 [main] INFO  pl.rest.CustomHooks - Index: 0, Size: 0
2022-01-27_17:05:25.381 [main] INFO  com.qc.qa.utils.TestDataReader - Reading API Test Data config values from  testData/api/devAPITestData.properties
2022-01-27_17:05:25.399 [main] INFO  pl.rest.service.Authorize - Authorize Rest API URL :- https://apitest.pineperks.in/auth/V1/generate/token
2022-01-27_17:05:25.399 [main] INFO  com.qc.BaseAPI - GET call to URL https://apitest.pineperks.in/auth/V1/generate/token
2022-01-27_17:05:25.674 [main] INFO  com.qc.BaseAPI - ********************REQUEST********************
2022-01-27_17:05:27.690 [main] DEBUG o.a.h.i.c.BasicClientConnectionManager - Get connection for route {s}->https://apitest.pineperks.in:443
2022-01-27_17:05:27.744 [main] DEBUG o.a.h.i.c.DefaultClientConnectionOperator - Connecting to apitest.pineperks.in:443
2022-01-27_17:05:27.977 [main] DEBUG o.a.h.c.protocol.RequestAddCookies - CookieSpec selected: ignoreCookies
2022-01-27_17:05:27.980 [main] DEBUG o.a.h.c.protocol.RequestAuthCache - Auth cache not set in the context
2022-01-27_17:05:27.981 [main] DEBUG o.a.h.c.p.RequestTargetAuthentication - Target auth state: UNCHALLENGED
2022-01-27_17:05:27.982 [main] DEBUG o.a.h.c.p.RequestProxyAuthentication - Proxy auth state: UNCHALLENGED
2022-01-27_17:05:27.983 [main] DEBUG o.a.h.impl.client.DefaultHttpClient - Attempt 1 to execute request
2022-01-27_17:05:27.983 [main] DEBUG o.a.h.i.conn.DefaultClientConnection - Sending request: GET /auth/V1/generate/token HTTP/1.1
2022-01-27_17:05:27.984 [main] DEBUG org.apache.http.wire -  >> "GET /auth/V1/generate/token HTTP/1.1[\r][\n]"
2022-01-27_17:05:27.985 [main] DEBUG org.apache.http.wire -  >> "Content-Type: application/json; charset=UTF-8[\r][\n]"
2022-01-27_17:05:27.986 [main] DEBUG org.apache.http.wire -  >> "Accept: */*[\r][\n]"
2022-01-27_17:05:27.986 [main] DEBUG org.apache.http.wire -  >> "userName: A0aCcnPzDANtKmvSLPKcaw==[\r][\n]"
2022-01-27_17:05:27.986 [main] DEBUG org.apache.http.wire -  >> "Host: apitest.pineperks.in[\r][\n]"
2022-01-27_17:05:27.986 [main] DEBUG org.apache.http.wire -  >> "Connection: Keep-Alive[\r][\n]"
2022-01-27_17:05:27.986 [main] DEBUG org.apache.http.wire -  >> "User-Agent: Apache-HttpClient/4.5.2 (Java/1.8.0_202)[\r][\n]"
2022-01-27_17:05:27.987 [main] DEBUG org.apache.http.wire -  >> "Accept-Encoding: gzip,deflate[\r][\n]"
2022-01-27_17:05:27.987 [main] DEBUG org.apache.http.wire -  >> "[\r][\n]"
2022-01-27_17:05:27.987 [main] DEBUG org.apache.http.headers - >> GET /auth/V1/generate/token HTTP/1.1
2022-01-27_17:05:27.987 [main] DEBUG org.apache.http.headers - >> Content-Type: application/json; charset=UTF-8
2022-01-27_17:05:27.988 [main] DEBUG org.apache.http.headers - >> Accept: */*
2022-01-27_17:05:27.988 [main] DEBUG org.apache.http.headers - >> userName: A0aCcnPzDANtKmvSLPKcaw==
2022-01-27_17:05:27.988 [main] DEBUG org.apache.http.headers - >> Host: apitest.pineperks.in
2022-01-27_17:05:27.988 [main] DEBUG org.apache.http.headers - >> Connection: Keep-Alive
2022-01-27_17:05:27.988 [main] DEBUG org.apache.http.headers - >> User-Agent: Apache-HttpClient/4.5.2 (Java/1.8.0_202)
2022-01-27_17:05:27.988 [main] DEBUG org.apache.http.headers - >> Accept-Encoding: gzip,deflate
2022-01-27_17:05:28.112 [main] DEBUG org.apache.http.wire -  << "HTTP/1.1 200 [\r][\n]"
2022-01-27_17:05:28.114 [main] DEBUG org.apache.http.wire -  << "Access-Control-Allow-Methods: GET, POST[\r][\n]"
2022-01-27_17:05:28.114 [main] DEBUG org.apache.http.wire -  << "Access-Control-Allow-Origin: *[\r][\n]"
2022-01-27_17:05:28.114 [main] DEBUG org.apache.http.wire -  << "Content-Security-Policy: default-src 'none'[\r][\n]"
2022-01-27_17:05:28.115 [main] DEBUG org.apache.http.wire -  << "Feature-Policy: 'none'[\r][\n]"
2022-01-27_17:05:28.115 [main] DEBUG org.apache.http.wire -  << "Referrer-Policy: no-referrer[\r][\n]"
2022-01-27_17:05:28.115 [main] DEBUG org.apache.http.wire -  << "Strict-Transport-Security: max-age=31536000 ; includeSubDomains[\r][\n]"
2022-01-27_17:05:28.115 [main] DEBUG org.apache.http.wire -  << "Date: Thu, 27 Jan 2022 11:35:28 GMT[\r][\n]"
2022-01-27_17:05:28.115 [main] DEBUG org.apache.http.wire -  << "Keep-Alive: timeout=60[\r][\n]"
2022-01-27_17:05:28.115 [main] DEBUG org.apache.http.wire -  << "Content-Type: application/json[\r][\n]"
2022-01-27_17:05:28.115 [main] DEBUG org.apache.http.wire -  << "Transfer-Encoding: chunked[\r][\n]"
2022-01-27_17:05:28.116 [main] DEBUG org.apache.http.wire -  << "Connection: keep-alive[\r][\n]"
2022-01-27_17:05:28.116 [main] DEBUG org.apache.http.wire -  << "[\r][\n]"
2022-01-27_17:05:28.116 [main] DEBUG o.a.h.i.conn.DefaultClientConnection - Receiving response: HTTP/1.1 200 
2022-01-27_17:05:28.116 [main] DEBUG org.apache.http.headers - << HTTP/1.1 200 
2022-01-27_17:05:28.117 [main] DEBUG org.apache.http.headers - << Access-Control-Allow-Methods: GET, POST
2022-01-27_17:05:28.117 [main] DEBUG org.apache.http.headers - << Access-Control-Allow-Origin: *
2022-01-27_17:05:28.117 [main] DEBUG org.apache.http.headers - << Content-Security-Policy: default-src 'none'
2022-01-27_17:05:28.117 [main] DEBUG org.apache.http.headers - << Feature-Policy: 'none'
2022-01-27_17:05:28.117 [main] DEBUG org.apache.http.headers - << Referrer-Policy: no-referrer
2022-01-27_17:05:28.117 [main] DEBUG org.apache.http.headers - << Strict-Transport-Security: max-age=31536000 ; includeSubDomains
2022-01-27_17:05:28.117 [main] DEBUG org.apache.http.headers - << Date: Thu, 27 Jan 2022 11:35:28 GMT
2022-01-27_17:05:28.118 [main] DEBUG org.apache.http.headers - << Keep-Alive: timeout=60
2022-01-27_17:05:28.118 [main] DEBUG org.apache.http.headers - << Content-Type: application/json
2022-01-27_17:05:28.118 [main] DEBUG org.apache.http.headers - << Transfer-Encoding: chunked
2022-01-27_17:05:28.118 [main] DEBUG org.apache.http.headers - << Connection: keep-alive
2022-01-27_17:05:28.124 [main] DEBUG o.a.h.impl.client.DefaultHttpClient - Connection can be kept alive for 60000 MILLISECONDS
2022-01-27_17:05:28.141 [main] DEBUG i.r.i.RequestSpecificationImpl$RestAssuredHttpBuilder - Parsing response as: application/json
2022-01-27_17:05:28.142 [main] DEBUG i.r.i.RequestSpecificationImpl$RestAssuredHttpBuilder - Parsed data to instance of: class org.apache.http.conn.EofSensorInputStream
2022-01-27_17:05:28.155 [main] INFO  com.qc.BaseAPI - Method :GET
2022-01-27_17:05:28.157 [main] INFO  com.qc.BaseAPI - URI :https://apitest.pineperks.in/auth/V1/generate/token
2022-01-27_17:05:28.157 [main] INFO  com.qc.BaseAPI - Headers :userName=A0aCcnPzDANtKmvSLPKcaw==
Accept=*/*
Content-Type=application/json; charset=UTF-8
2022-01-27_17:05:28.157 [main] INFO  com.qc.BaseAPI - Body :null
2022-01-27_17:05:28.157 [main] INFO  com.qc.BaseAPI - ********************RESPONSE********************
2022-01-27_17:05:28.170 [main] DEBUG org.apache.http.wire -  << "7f[\r][\n]"
2022-01-27_17:05:28.171 [main] DEBUG org.apache.http.wire -  << "{"accessToken":"65078010b9654a4d96a80210718057c5","tokenExpiryTime":"27-Jan-2024","responseCode":0,"responseMessage":"Success"}"
2022-01-27_17:05:28.172 [main] DEBUG org.apache.http.wire -  << "[\r][\n]"
2022-01-27_17:05:28.172 [main] DEBUG org.apache.http.wire -  << "0[\r][\n]"
2022-01-27_17:05:28.172 [main] DEBUG org.apache.http.wire -  << "[\r][\n]"
2022-01-27_17:05:28.172 [main] DEBUG o.a.h.i.c.BasicClientConnectionManager - Releasing connection org.apache.http.impl.conn.ManagedClientConnectionImpl@679b617f
2022-01-27_17:05:28.172 [main] DEBUG o.a.h.i.c.BasicClientConnectionManager - Connection can be kept alive for 60000 MILLISECONDS
2022-01-27_17:05:28.222 [main] INFO  com.qc.BaseAPI - Response :{
    "accessToken": "65078010b9654a4d96a80210718057c5",
    "tokenExpiryTime": "27-Jan-2024",
    "responseCode": 0,
    "responseMessage": "Success"
}
2022-01-27_17:05:28.225 [main] INFO  com.qc.BaseAPI -  **** GET call Response time 2468 ms
2022-01-27_17:05:28.225 [main] INFO  pl.rest.service.Authorize - Time Taken to perform https://apitest.pineperks.in/auth/V1/generate/token transaction: 2468
2022-01-27_17:05:28.350 [main] INFO  com.qc.qa.utils.TestDataReader - Reading Json data authorizeHeaders
2022-01-27_17:05:28.353 [main] INFO  com.qc.qa.utils.TestDataReader - Reading json data from file @ testData/api/devAPIData.json
2022-01-27_17:05:28.376 [main] INFO  pl.rest.service.CardIssue - CardIssue Rest API URL :- https://apitest.pineperks.in/card/order/V1/instant/issue/nonreloadable/digital
2022-01-27_17:05:28.377 [main] INFO  com.qc.BaseAPI - POST call to URL https://apitest.pineperks.in/card/order/V1/instant/issue/nonreloadable/digital
2022-01-27_17:05:28.389 [main] INFO  com.qc.BaseAPI - ********************REQUEST********************
2022-01-27_17:05:28.432 [main] DEBUG o.a.h.i.c.BasicClientConnectionManager - Get connection for route {s}->https://apitest.pineperks.in:443
2022-01-27_17:05:28.433 [main] DEBUG o.a.h.i.c.DefaultClientConnectionOperator - Connecting to apitest.pineperks.in:443
2022-01-27_17:05:28.550 [main] DEBUG o.a.h.c.protocol.RequestAddCookies - CookieSpec selected: ignoreCookies
2022-01-27_17:05:28.550 [main] DEBUG o.a.h.c.protocol.RequestAuthCache - Auth cache not set in the context
2022-01-27_17:05:28.551 [main] DEBUG o.a.h.c.p.RequestTargetAuthentication - Target auth state: UNCHALLENGED
2022-01-27_17:05:28.551 [main] DEBUG o.a.h.c.p.RequestProxyAuthentication - Proxy auth state: UNCHALLENGED
2022-01-27_17:05:28.551 [main] DEBUG o.a.h.impl.client.DefaultHttpClient - Attempt 1 to execute request
2022-01-27_17:05:28.551 [main] DEBUG o.a.h.i.conn.DefaultClientConnection - Sending request: POST /card/order/V1/instant/issue/nonreloadable/digital HTTP/1.1
2022-01-27_17:05:28.551 [main] DEBUG org.apache.http.wire -  >> "POST /card/order/V1/instant/issue/nonreloadable/digital HTTP/1.1[\r][\n]"
2022-01-27_17:05:28.552 [main] DEBUG org.apache.http.wire -  >> "Accept: */*[\r][\n]"
2022-01-27_17:05:28.552 [main] DEBUG org.apache.http.wire -  >> "userName: A0aCcnPzDANtKmvSLPKcaw==[\r][\n]"
2022-01-27_17:05:28.552 [main] DEBUG org.apache.http.wire -  >> "token: 65078010b9654a4d96a80210718057c5[\r][\n]"
2022-01-27_17:05:28.552 [main] DEBUG org.apache.http.wire -  >> "Content-Type: application/json; charset=UTF-8[\r][\n]"
2022-01-27_17:05:28.552 [main] DEBUG org.apache.http.wire -  >> "Content-Length: 241[\r][\n]"
2022-01-27_17:05:28.553 [main] DEBUG org.apache.http.wire -  >> "Host: apitest.pineperks.in[\r][\n]"
2022-01-27_17:05:28.553 [main] DEBUG org.apache.http.wire -  >> "Connection: Keep-Alive[\r][\n]"
2022-01-27_17:05:28.553 [main] DEBUG org.apache.http.wire -  >> "User-Agent: Apache-HttpClient/4.5.2 (Java/1.8.0_202)[\r][\n]"
2022-01-27_17:05:28.553 [main] DEBUG org.apache.http.wire -  >> "Accept-Encoding: gzip,deflate[\r][\n]"
2022-01-27_17:05:28.553 [main] DEBUG org.apache.http.wire -  >> "[\r][\n]"
2022-01-27_17:05:28.553 [main] DEBUG org.apache.http.headers - >> POST /card/order/V1/instant/issue/nonreloadable/digital HTTP/1.1
2022-01-27_17:05:28.553 [main] DEBUG org.apache.http.headers - >> Accept: */*
2022-01-27_17:05:28.553 [main] DEBUG org.apache.http.headers - >> userName: A0aCcnPzDANtKmvSLPKcaw==
2022-01-27_17:05:28.553 [main] DEBUG org.apache.http.headers - >> token: 65078010b9654a4d96a80210718057c5
2022-01-27_17:05:28.553 [main] DEBUG org.apache.http.headers - >> Content-Type: application/json; charset=UTF-8
2022-01-27_17:05:28.553 [main] DEBUG org.apache.http.headers - >> Content-Length: 241
2022-01-27_17:05:28.553 [main] DEBUG org.apache.http.headers - >> Host: apitest.pineperks.in
2022-01-27_17:05:28.554 [main] DEBUG org.apache.http.headers - >> Connection: Keep-Alive
2022-01-27_17:05:28.554 [main] DEBUG org.apache.http.headers - >> User-Agent: Apache-HttpClient/4.5.2 (Java/1.8.0_202)
2022-01-27_17:05:28.554 [main] DEBUG org.apache.http.headers - >> Accept-Encoding: gzip,deflate
2022-01-27_17:05:28.554 [main] DEBUG org.apache.http.wire -  >> "{"isLinkToBeSentOnMobile":true,"checksum":"5x3GNrnStyS2PkMvV6EeAw==","cardDetailList":[{"amount":"1000","mobileNumber":"8284854535","customerName":"afzal","email":"afzal.ahmed@pinelabs.com"}],"externalRequestId":"GF61I7J","cardSchemeId":"7"}"
2022-01-27_17:05:29.426 [main] DEBUG org.apache.http.wire -  << "HTTP/1.1 200 [\r][\n]"
2022-01-27_17:05:29.426 [main] DEBUG org.apache.http.wire -  << "Access-Control-Allow-Methods: GET, POST[\r][\n]"
2022-01-27_17:05:29.427 [main] DEBUG org.apache.http.wire -  << "Access-Control-Allow-Origin: *[\r][\n]"
2022-01-27_17:05:29.427 [main] DEBUG org.apache.http.wire -  << "Content-Security-Policy: default-src 'none'[\r][\n]"
2022-01-27_17:05:29.427 [main] DEBUG org.apache.http.wire -  << "Feature-Policy: 'none'[\r][\n]"
2022-01-27_17:05:29.427 [main] DEBUG org.apache.http.wire -  << "Referrer-Policy: no-referrer[\r][\n]"
2022-01-27_17:05:29.427 [main] DEBUG org.apache.http.wire -  << "Strict-Transport-Security: max-age=31536000 ; includeSubDomains[\r][\n]"
2022-01-27_17:05:29.427 [main] DEBUG org.apache.http.wire -  << "Date: Thu, 27 Jan 2022 11:35:29 GMT[\r][\n]"
2022-01-27_17:05:29.427 [main] DEBUG org.apache.http.wire -  << "Keep-Alive: timeout=60[\r][\n]"
2022-01-27_17:05:29.427 [main] DEBUG org.apache.http.wire -  << "Content-Type: application/json[\r][\n]"
2022-01-27_17:05:29.428 [main] DEBUG org.apache.http.wire -  << "Transfer-Encoding: chunked[\r][\n]"
2022-01-27_17:05:29.428 [main] DEBUG org.apache.http.wire -  << "Connection: keep-alive[\r][\n]"
2022-01-27_17:05:29.428 [main] DEBUG org.apache.http.wire -  << "[\r][\n]"
2022-01-27_17:05:29.428 [main] DEBUG o.a.h.i.conn.DefaultClientConnection - Receiving response: HTTP/1.1 200 
2022-01-27_17:05:29.428 [main] DEBUG org.apache.http.headers - << HTTP/1.1 200 
2022-01-27_17:05:29.429 [main] DEBUG org.apache.http.headers - << Access-Control-Allow-Methods: GET, POST
2022-01-27_17:05:29.429 [main] DEBUG org.apache.http.headers - << Access-Control-Allow-Origin: *
2022-01-27_17:05:29.429 [main] DEBUG org.apache.http.headers - << Content-Security-Policy: default-src 'none'
2022-01-27_17:05:29.429 [main] DEBUG org.apache.http.headers - << Feature-Policy: 'none'
2022-01-27_17:05:29.429 [main] DEBUG org.apache.http.headers - << Referrer-Policy: no-referrer
2022-01-27_17:05:29.429 [main] DEBUG org.apache.http.headers - << Strict-Transport-Security: max-age=31536000 ; includeSubDomains
2022-01-27_17:05:29.429 [main] DEBUG org.apache.http.headers - << Date: Thu, 27 Jan 2022 11:35:29 GMT
2022-01-27_17:05:29.429 [main] DEBUG org.apache.http.headers - << Keep-Alive: timeout=60
2022-01-27_17:05:29.429 [main] DEBUG org.apache.http.headers - << Content-Type: application/json
2022-01-27_17:05:29.429 [main] DEBUG org.apache.http.headers - << Transfer-Encoding: chunked
2022-01-27_17:05:29.429 [main] DEBUG org.apache.http.headers - << Connection: keep-alive
2022-01-27_17:05:29.429 [main] DEBUG o.a.h.impl.client.DefaultHttpClient - Connection can be kept alive for 60000 MILLISECONDS
2022-01-27_17:05:29.429 [main] DEBUG i.r.i.RequestSpecificationImpl$RestAssuredHttpBuilder - Parsing response as: application/json
2022-01-27_17:05:29.429 [main] DEBUG i.r.i.RequestSpecificationImpl$RestAssuredHttpBuilder - Parsed data to instance of: class org.apache.http.conn.EofSensorInputStream
2022-01-27_17:05:29.431 [main] INFO  com.qc.BaseAPI - Method :POST
2022-01-27_17:05:29.433 [main] INFO  com.qc.BaseAPI - URI :https://apitest.pineperks.in/card/order/V1/instant/issue/nonreloadable/digital
2022-01-27_17:05:29.433 [main] INFO  com.qc.BaseAPI - Headers :token=65078010b9654a4d96a80210718057c5
userName=A0aCcnPzDANtKmvSLPKcaw==
Accept=*/*
Content-Type=application/json; charset=UTF-8
2022-01-27_17:05:29.433 [main] INFO  com.qc.BaseAPI - Body :{"isLinkToBeSentOnMobile":true,"checksum":"5x3GNrnStyS2PkMvV6EeAw==","cardDetailList":[{"amount":"1000","mobileNumber":"8284854535","customerName":"afzal","email":"afzal.ahmed@pinelabs.com"}],"externalRequestId":"GF61I7J","cardSchemeId":"7"}
2022-01-27_17:05:29.434 [main] INFO  com.qc.BaseAPI - ********************RESPONSE********************
2022-01-27_17:05:29.434 [main] DEBUG org.apache.http.wire -  << "1f2[\r][\n]"
2022-01-27_17:05:29.434 [main] DEBUG org.apache.http.wire -  << "{"externalRequestId":"GF61I7J","orderId":103027,"orderStatus":6,"cardDetailResponseList":[{"referenceNumber":9789187155,"serialNumber":10302700010001,"customerName":"afzal","mobileNumber":8284854535,"email":"afzal.ahmed@pinelabs.com","amount":1000,"cardLink":"test.pineperks.in/eCard?c=YnIRgVWqUWmTucgWboMCzQ2","responseCode":0,"responseMessage":"Success"}],"successCount":1,"failedCount":0,"orderAmount":1000,"issuanceCharge":100,"netOrderAmount":1100,"responseCode":0,"responseMessage":"Success"}"
2022-01-27_17:05:29.434 [main] DEBUG org.apache.http.wire -  << "[\r][\n]"
2022-01-27_17:05:29.434 [main] DEBUG org.apache.http.wire -  << "0[\r][\n]"
2022-01-27_17:05:29.434 [main] DEBUG org.apache.http.wire -  << "[\r][\n]"
2022-01-27_17:05:29.435 [main] DEBUG o.a.h.i.c.BasicClientConnectionManager - Releasing connection org.apache.http.impl.conn.ManagedClientConnectionImpl@363476ca
2022-01-27_17:05:29.435 [main] DEBUG o.a.h.i.c.BasicClientConnectionManager - Connection can be kept alive for 60000 MILLISECONDS
2022-01-27_17:05:29.436 [main] INFO  com.qc.BaseAPI - Response :{
    "externalRequestId": "GF61I7J",
    "orderId": 103027,
    "orderStatus": 6,
    "cardDetailResponseList": [
        {
            "referenceNumber": 9789187155,
            "serialNumber": 10302700010001,
            "customerName": "afzal",
            "mobileNumber": 8284854535,
            "email": "afzal.ahmed@pinelabs.com",
            "amount": 1000,
            "cardLink": "test.pineperks.in/eCard?c=YnIRgVWqUWmTucgWboMCzQ2",
            "responseCode": 0,
            "responseMessage": "Success"
        }
    ],
    "successCount": 1,
    "failedCount": 0,
    "orderAmount": 1000,
    "issuanceCharge": 100,
    "netOrderAmount": 1100,
    "responseCode": 0,
    "responseMessage": "Success"
}
2022-01-27_17:05:29.436 [main] INFO  com.qc.BaseAPI -  **** POST call Response time 1039 ms
2022-01-27_17:05:29.437 [main] INFO  pl.rest.service.CardIssue - Time Taken to perform https://apitest.pineperks.in/card/order/V1/instant/issue/nonreloadable/digital transaction: 1039
2022-01-27_17:05:50.284 [main] INFO  pl.rest.utils.DBUtils - Query being executed Select * from ExternalRequestDetail where ordersummaryid=103027;
2022-01-27_17:05:50.329 [main] ERROR com.qc.qa.utils.LoadProperties - Missing MySQLDBEnvironment property value in system property or in config.properties files.Please add it if incase required
2022-01-27_17:05:50.329 [main] INFO  com.qc.qa.dbutils.DBPoolProvider - Con pool Total - 400, idle - 0,  Num active - 0
2022-01-27_17:05:50.330 [main] INFO  com.qc.qa.dbutils.DBPoolProvider - Retrieved connection
2022-01-27_17:07:14.999 [main] INFO  pl.rest.CustomHooks - SCENARIO NAME: Issuing a instant non reloadable card
2022-01-27_17:07:14.999 [main] INFO  pl.rest.CustomHooks - TAG NAMEs: [@Regression, @DB]
2022-01-27_17:07:15.000 [main] INFO  pl.rest.CustomHooks - SCENARIO NAME: Issuing a instant non reloadable card
2022-01-27_17:07:15.001 [main] INFO  pl.rest.CustomHooks - TAG NAMEs: [@Regression, @DB]
2022-01-27_17:07:15.001 [main] INFO  pl.rest.CustomHooks - Index: 0, Size: 0
2022-01-27_17:07:15.205 [main] INFO  pl.rest.service.Authorize - Authorize Rest API URL :- https://apitest.pineperks.in/auth/V1/generate/token
2022-01-27_17:07:15.205 [main] INFO  com.qc.BaseAPI - GET call to URL https://apitest.pineperks.in/auth/V1/generate/token
2022-01-27_17:07:15.210 [main] INFO  com.qc.BaseAPI - ********************REQUEST********************
2022-01-27_17:07:15.222 [main] DEBUG o.a.h.i.c.BasicClientConnectionManager - Get connection for route {s}->https://apitest.pineperks.in:443
2022-01-27_17:07:15.232 [main] DEBUG o.a.h.i.c.DefaultClientConnectionOperator - Connecting to apitest.pineperks.in:443
2022-01-27_17:07:15.345 [main] DEBUG o.a.h.c.protocol.RequestAddCookies - CookieSpec selected: ignoreCookies
2022-01-27_17:07:15.346 [main] DEBUG o.a.h.c.protocol.RequestAuthCache - Auth cache not set in the context
2022-01-27_17:07:15.346 [main] DEBUG o.a.h.c.p.RequestTargetAuthentication - Target auth state: UNCHALLENGED
2022-01-27_17:07:15.346 [main] DEBUG o.a.h.c.p.RequestProxyAuthentication - Proxy auth state: UNCHALLENGED
2022-01-27_17:07:15.347 [main] DEBUG o.a.h.impl.client.DefaultHttpClient - Attempt 1 to execute request
2022-01-27_17:07:15.347 [main] DEBUG o.a.h.i.conn.DefaultClientConnection - Sending request: GET /auth/V1/generate/token HTTP/1.1
2022-01-27_17:07:15.348 [main] DEBUG org.apache.http.wire -  >> "GET /auth/V1/generate/token HTTP/1.1[\r][\n]"
2022-01-27_17:07:15.348 [main] DEBUG org.apache.http.wire -  >> "Content-Type: application/json; charset=UTF-8[\r][\n]"
2022-01-27_17:07:15.348 [main] DEBUG org.apache.http.wire -  >> "Accept: */*[\r][\n]"
2022-01-27_17:07:15.348 [main] DEBUG org.apache.http.wire -  >> "userName: A0aCcnPzDANtKmvSLPKcaw==[\r][\n]"
2022-01-27_17:07:15.348 [main] DEBUG org.apache.http.wire -  >> "Host: apitest.pineperks.in[\r][\n]"
2022-01-27_17:07:15.348 [main] DEBUG org.apache.http.wire -  >> "Connection: Keep-Alive[\r][\n]"
2022-01-27_17:07:15.348 [main] DEBUG org.apache.http.wire -  >> "User-Agent: Apache-HttpClient/4.5.2 (Java/1.8.0_202)[\r][\n]"
2022-01-27_17:07:15.349 [main] DEBUG org.apache.http.wire -  >> "Accept-Encoding: gzip,deflate[\r][\n]"
2022-01-27_17:07:15.349 [main] DEBUG org.apache.http.wire -  >> "[\r][\n]"
2022-01-27_17:07:15.350 [main] DEBUG org.apache.http.headers - >> GET /auth/V1/generate/token HTTP/1.1
2022-01-27_17:07:15.350 [main] DEBUG org.apache.http.headers - >> Content-Type: application/json; charset=UTF-8
2022-01-27_17:07:15.350 [main] DEBUG org.apache.http.headers - >> Accept: */*
2022-01-27_17:07:15.350 [main] DEBUG org.apache.http.headers - >> userName: A0aCcnPzDANtKmvSLPKcaw==
2022-01-27_17:07:15.350 [main] DEBUG org.apache.http.headers - >> Host: apitest.pineperks.in
2022-01-27_17:07:15.350 [main] DEBUG org.apache.http.headers - >> Connection: Keep-Alive
2022-01-27_17:07:15.351 [main] DEBUG org.apache.http.headers - >> User-Agent: Apache-HttpClient/4.5.2 (Java/1.8.0_202)
2022-01-27_17:07:15.351 [main] DEBUG org.apache.http.headers - >> Accept-Encoding: gzip,deflate
2022-01-27_17:07:15.388 [main] DEBUG org.apache.http.wire -  << "HTTP/1.1 200 [\r][\n]"
2022-01-27_17:07:15.389 [main] DEBUG org.apache.http.wire -  << "Access-Control-Allow-Methods: GET, POST[\r][\n]"
2022-01-27_17:07:15.389 [main] DEBUG org.apache.http.wire -  << "Access-Control-Allow-Origin: *[\r][\n]"
2022-01-27_17:07:15.389 [main] DEBUG org.apache.http.wire -  << "Content-Security-Policy: default-src 'none'[\r][\n]"
2022-01-27_17:07:15.389 [main] DEBUG org.apache.http.wire -  << "Feature-Policy: 'none'[\r][\n]"
2022-01-27_17:07:15.390 [main] DEBUG org.apache.http.wire -  << "Referrer-Policy: no-referrer[\r][\n]"
2022-01-27_17:07:15.390 [main] DEBUG org.apache.http.wire -  << "Strict-Transport-Security: max-age=31536000 ; includeSubDomains[\r][\n]"
2022-01-27_17:07:15.390 [main] DEBUG org.apache.http.wire -  << "Date: Thu, 27 Jan 2022 11:37:15 GMT[\r][\n]"
2022-01-27_17:07:15.390 [main] DEBUG org.apache.http.wire -  << "Keep-Alive: timeout=60[\r][\n]"
2022-01-27_17:07:15.390 [main] DEBUG org.apache.http.wire -  << "Content-Type: application/json[\r][\n]"
2022-01-27_17:07:15.390 [main] DEBUG org.apache.http.wire -  << "Transfer-Encoding: chunked[\r][\n]"
2022-01-27_17:07:15.390 [main] DEBUG org.apache.http.wire -  << "Connection: keep-alive[\r][\n]"
2022-01-27_17:07:15.390 [main] DEBUG org.apache.http.wire -  << "[\r][\n]"
2022-01-27_17:07:15.391 [main] DEBUG o.a.h.i.conn.DefaultClientConnection - Receiving response: HTTP/1.1 200 
2022-01-27_17:07:15.391 [main] DEBUG org.apache.http.headers - << HTTP/1.1 200 
2022-01-27_17:07:15.391 [main] DEBUG org.apache.http.headers - << Access-Control-Allow-Methods: GET, POST
2022-01-27_17:07:15.391 [main] DEBUG org.apache.http.headers - << Access-Control-Allow-Origin: *
2022-01-27_17:07:15.391 [main] DEBUG org.apache.http.headers - << Content-Security-Policy: default-src 'none'
2022-01-27_17:07:15.391 [main] DEBUG org.apache.http.headers - << Feature-Policy: 'none'
2022-01-27_17:07:15.391 [main] DEBUG org.apache.http.headers - << Referrer-Policy: no-referrer
2022-01-27_17:07:15.391 [main] DEBUG org.apache.http.headers - << Strict-Transport-Security: max-age=31536000 ; includeSubDomains
2022-01-27_17:07:15.391 [main] DEBUG org.apache.http.headers - << Date: Thu, 27 Jan 2022 11:37:15 GMT
2022-01-27_17:07:15.391 [main] DEBUG org.apache.http.headers - << Keep-Alive: timeout=60
2022-01-27_17:07:15.391 [main] DEBUG org.apache.http.headers - << Content-Type: application/json
2022-01-27_17:07:15.392 [main] DEBUG org.apache.http.headers - << Transfer-Encoding: chunked
2022-01-27_17:07:15.392 [main] DEBUG org.apache.http.headers - << Connection: keep-alive
2022-01-27_17:07:15.392 [main] DEBUG o.a.h.impl.client.DefaultHttpClient - Connection can be kept alive for 60000 MILLISECONDS
2022-01-27_17:07:15.393 [main] DEBUG i.r.i.RequestSpecificationImpl$RestAssuredHttpBuilder - Parsing response as: application/json
2022-01-27_17:07:15.393 [main] DEBUG i.r.i.RequestSpecificationImpl$RestAssuredHttpBuilder - Parsed data to instance of: class org.apache.http.conn.EofSensorInputStream
2022-01-27_17:07:15.394 [main] INFO  com.qc.BaseAPI - Method :GET
2022-01-27_17:07:15.396 [main] INFO  com.qc.BaseAPI - URI :https://apitest.pineperks.in/auth/V1/generate/token
2022-01-27_17:07:15.396 [main] INFO  com.qc.BaseAPI - Headers :userName=A0aCcnPzDANtKmvSLPKcaw==
Accept=*/*
Content-Type=application/json; charset=UTF-8
2022-01-27_17:07:15.396 [main] INFO  com.qc.BaseAPI - Body :null
2022-01-27_17:07:15.396 [main] INFO  com.qc.BaseAPI - ********************RESPONSE********************
2022-01-27_17:07:15.397 [main] DEBUG org.apache.http.wire -  << "7f[\r][\n]"
2022-01-27_17:07:15.397 [main] DEBUG org.apache.http.wire -  << "{"accessToken":"fa0e7ee3b41846b9b781b7347f4bb8e4","tokenExpiryTime":"27-Jan-2024","responseCode":0,"responseMessage":"Success"}"
2022-01-27_17:07:15.397 [main] DEBUG org.apache.http.wire -  << "[\r][\n]"
2022-01-27_17:07:15.397 [main] DEBUG org.apache.http.wire -  << "0[\r][\n]"
2022-01-27_17:07:15.397 [main] DEBUG org.apache.http.wire -  << "[\r][\n]"
2022-01-27_17:07:15.398 [main] DEBUG o.a.h.i.c.BasicClientConnectionManager - Releasing connection org.apache.http.impl.conn.ManagedClientConnectionImpl@3fa6a882
2022-01-27_17:07:15.398 [main] DEBUG o.a.h.i.c.BasicClientConnectionManager - Connection can be kept alive for 60000 MILLISECONDS
2022-01-27_17:07:15.399 [main] INFO  com.qc.BaseAPI - Response :{
    "accessToken": "fa0e7ee3b41846b9b781b7347f4bb8e4",
    "tokenExpiryTime": "27-Jan-2024",
    "responseCode": 0,
    "responseMessage": "Success"
}
2022-01-27_17:07:15.399 [main] INFO  com.qc.BaseAPI -  **** GET call Response time 181 ms
2022-01-27_17:07:15.399 [main] INFO  pl.rest.service.Authorize - Time Taken to perform https://apitest.pineperks.in/auth/V1/generate/token transaction: 181
2022-01-27_17:07:15.407 [main] INFO  com.qc.qa.utils.TestDataReader - Reading Json data authorizeHeaders
2022-01-27_17:07:15.413 [main] INFO  com.qc.qa.utils.TestDataReader - Reading json data from file @ testData/api/devAPIData.json
2022-01-27_17:07:15.417 [main] INFO  pl.rest.service.CardIssue - CardIssue Rest API URL :- https://apitest.pineperks.in/card/order/V2/instant/issue/nonreloadable/digital
2022-01-27_17:07:15.417 [main] INFO  com.qc.BaseAPI - POST call to URL https://apitest.pineperks.in/card/order/V2/instant/issue/nonreloadable/digital
2022-01-27_17:07:15.428 [main] INFO  com.qc.BaseAPI - ********************REQUEST********************
2022-01-27_17:07:15.448 [main] DEBUG o.a.h.i.c.BasicClientConnectionManager - Get connection for route {s}->https://apitest.pineperks.in:443
2022-01-27_17:07:15.451 [main] DEBUG o.a.h.i.c.DefaultClientConnectionOperator - Connecting to apitest.pineperks.in:443
2022-01-27_17:07:15.567 [main] DEBUG o.a.h.c.protocol.RequestAddCookies - CookieSpec selected: ignoreCookies
2022-01-27_17:07:15.568 [main] DEBUG o.a.h.c.protocol.RequestAuthCache - Auth cache not set in the context
2022-01-27_17:07:15.568 [main] DEBUG o.a.h.c.p.RequestTargetAuthentication - Target auth state: UNCHALLENGED
2022-01-27_17:07:15.568 [main] DEBUG o.a.h.c.p.RequestProxyAuthentication - Proxy auth state: UNCHALLENGED
2022-01-27_17:07:15.568 [main] DEBUG o.a.h.impl.client.DefaultHttpClient - Attempt 1 to execute request
2022-01-27_17:07:15.568 [main] DEBUG o.a.h.i.conn.DefaultClientConnection - Sending request: POST /card/order/V2/instant/issue/nonreloadable/digital HTTP/1.1
2022-01-27_17:07:15.568 [main] DEBUG org.apache.http.wire -  >> "POST /card/order/V2/instant/issue/nonreloadable/digital HTTP/1.1[\r][\n]"
2022-01-27_17:07:15.569 [main] DEBUG org.apache.http.wire -  >> "X-PinePerks-UserName: A0aCcnPzDANtKmvSLPKcaw==[\r][\n]"
2022-01-27_17:07:15.569 [main] DEBUG org.apache.http.wire -  >> "Accept: */*[\r][\n]"
2022-01-27_17:07:15.569 [main] DEBUG org.apache.http.wire -  >> "X-PinePerks-Token: fa0e7ee3b41846b9b781b7347f4bb8e4[\r][\n]"
2022-01-27_17:07:15.569 [main] DEBUG org.apache.http.wire -  >> "Content-Type: application/json; charset=UTF-8[\r][\n]"
2022-01-27_17:07:15.570 [main] DEBUG org.apache.http.wire -  >> "Content-Length: 211[\r][\n]"
2022-01-27_17:07:15.570 [main] DEBUG org.apache.http.wire -  >> "Host: apitest.pineperks.in[\r][\n]"
2022-01-27_17:07:15.570 [main] DEBUG org.apache.http.wire -  >> "Connection: Keep-Alive[\r][\n]"
2022-01-27_17:07:15.570 [main] DEBUG org.apache.http.wire -  >> "User-Agent: Apache-HttpClient/4.5.2 (Java/1.8.0_202)[\r][\n]"
2022-01-27_17:07:15.571 [main] DEBUG org.apache.http.wire -  >> "Accept-Encoding: gzip,deflate[\r][\n]"
2022-01-27_17:07:15.571 [main] DEBUG org.apache.http.wire -  >> "[\r][\n]"
2022-01-27_17:07:15.571 [main] DEBUG org.apache.http.headers - >> POST /card/order/V2/instant/issue/nonreloadable/digital HTTP/1.1
2022-01-27_17:07:15.571 [main] DEBUG org.apache.http.headers - >> X-PinePerks-UserName: A0aCcnPzDANtKmvSLPKcaw==
2022-01-27_17:07:15.571 [main] DEBUG org.apache.http.headers - >> Accept: */*
2022-01-27_17:07:15.571 [main] DEBUG org.apache.http.headers - >> X-PinePerks-Token: fa0e7ee3b41846b9b781b7347f4bb8e4
2022-01-27_17:07:15.571 [main] DEBUG org.apache.http.headers - >> Content-Type: application/json; charset=UTF-8
2022-01-27_17:07:15.571 [main] DEBUG org.apache.http.headers - >> Content-Length: 211
2022-01-27_17:07:15.572 [main] DEBUG org.apache.http.headers - >> Host: apitest.pineperks.in
2022-01-27_17:07:15.572 [main] DEBUG org.apache.http.headers - >> Connection: Keep-Alive
2022-01-27_17:07:15.572 [main] DEBUG org.apache.http.headers - >> User-Agent: Apache-HttpClient/4.5.2 (Java/1.8.0_202)
2022-01-27_17:07:15.572 [main] DEBUG org.apache.http.headers - >> Accept-Encoding: gzip,deflate
2022-01-27_17:07:15.572 [main] DEBUG org.apache.http.wire -  >> "{"checksum":"5x3GNrnStyS2PkMvV6EeAw==","cardDetailList":[{"amount":"1000","mobileNumber":"8284854535","customerName":"afzal","email":"afzal.ahmed@pinelabs.com"}],"externalRequestId":"B8ihx0R","cardSchemeId":"7"}"
2022-01-27_17:07:15.964 [main] DEBUG org.apache.http.wire -  << "HTTP/1.1 200 [\r][\n]"
2022-01-27_17:07:15.965 [main] DEBUG org.apache.http.wire -  << "Access-Control-Allow-Methods: GET, POST[\r][\n]"
2022-01-27_17:07:15.965 [main] DEBUG org.apache.http.wire -  << "Access-Control-Allow-Origin: *[\r][\n]"
2022-01-27_17:07:15.965 [main] DEBUG org.apache.http.wire -  << "Content-Security-Policy: default-src 'none'[\r][\n]"
2022-01-27_17:07:15.965 [main] DEBUG org.apache.http.wire -  << "Feature-Policy: 'none'[\r][\n]"
2022-01-27_17:07:15.965 [main] DEBUG org.apache.http.wire -  << "Referrer-Policy: no-referrer[\r][\n]"
2022-01-27_17:07:15.965 [main] DEBUG org.apache.http.wire -  << "Strict-Transport-Security: max-age=31536000 ; includeSubDomains[\r][\n]"
2022-01-27_17:07:15.966 [main] DEBUG org.apache.http.wire -  << "Date: Thu, 27 Jan 2022 11:37:15 GMT[\r][\n]"
2022-01-27_17:07:15.966 [main] DEBUG org.apache.http.wire -  << "Keep-Alive: timeout=60[\r][\n]"
2022-01-27_17:07:15.966 [main] DEBUG org.apache.http.wire -  << "Content-Type: application/json[\r][\n]"
2022-01-27_17:07:15.966 [main] DEBUG org.apache.http.wire -  << "Transfer-Encoding: chunked[\r][\n]"
2022-01-27_17:07:15.966 [main] DEBUG org.apache.http.wire -  << "Connection: keep-alive[\r][\n]"
2022-01-27_17:07:15.966 [main] DEBUG org.apache.http.wire -  << "[\r][\n]"
2022-01-27_17:07:15.966 [main] DEBUG o.a.h.i.conn.DefaultClientConnection - Receiving response: HTTP/1.1 200 
2022-01-27_17:07:15.967 [main] DEBUG org.apache.http.headers - << HTTP/1.1 200 
2022-01-27_17:07:15.967 [main] DEBUG org.apache.http.headers - << Access-Control-Allow-Methods: GET, POST
2022-01-27_17:07:15.967 [main] DEBUG org.apache.http.headers - << Access-Control-Allow-Origin: *
2022-01-27_17:07:15.967 [main] DEBUG org.apache.http.headers - << Content-Security-Policy: default-src 'none'
2022-01-27_17:07:15.967 [main] DEBUG org.apache.http.headers - << Feature-Policy: 'none'
2022-01-27_17:07:15.967 [main] DEBUG org.apache.http.headers - << Referrer-Policy: no-referrer
2022-01-27_17:07:15.967 [main] DEBUG org.apache.http.headers - << Strict-Transport-Security: max-age=31536000 ; includeSubDomains
2022-01-27_17:07:15.967 [main] DEBUG org.apache.http.headers - << Date: Thu, 27 Jan 2022 11:37:15 GMT
2022-01-27_17:07:15.967 [main] DEBUG org.apache.http.headers - << Keep-Alive: timeout=60
2022-01-27_17:07:15.967 [main] DEBUG org.apache.http.headers - << Content-Type: application/json
2022-01-27_17:07:15.967 [main] DEBUG org.apache.http.headers - << Transfer-Encoding: chunked
2022-01-27_17:07:15.967 [main] DEBUG org.apache.http.headers - << Connection: keep-alive
2022-01-27_17:07:15.967 [main] DEBUG o.a.h.impl.client.DefaultHttpClient - Connection can be kept alive for 60000 MILLISECONDS
2022-01-27_17:07:15.968 [main] DEBUG i.r.i.RequestSpecificationImpl$RestAssuredHttpBuilder - Parsing response as: application/json
2022-01-27_17:07:15.968 [main] DEBUG i.r.i.RequestSpecificationImpl$RestAssuredHttpBuilder - Parsed data to instance of: class org.apache.http.conn.EofSensorInputStream
2022-01-27_17:07:15.969 [main] INFO  com.qc.BaseAPI - Method :POST
2022-01-27_17:07:15.971 [main] INFO  com.qc.BaseAPI - URI :https://apitest.pineperks.in/card/order/V2/instant/issue/nonreloadable/digital
2022-01-27_17:07:15.971 [main] INFO  com.qc.BaseAPI - Headers :X-PinePerks-Token=fa0e7ee3b41846b9b781b7347f4bb8e4
X-PinePerks-UserName=A0aCcnPzDANtKmvSLPKcaw==
Accept=*/*
Content-Type=application/json; charset=UTF-8
2022-01-27_17:07:15.971 [main] INFO  com.qc.BaseAPI - Body :{"checksum":"5x3GNrnStyS2PkMvV6EeAw==","cardDetailList":[{"amount":"1000","mobileNumber":"8284854535","customerName":"afzal","email":"afzal.ahmed@pinelabs.com"}],"externalRequestId":"B8ihx0R","cardSchemeId":"7"}
2022-01-27_17:07:15.971 [main] INFO  com.qc.BaseAPI - ********************RESPONSE********************
2022-01-27_17:07:15.971 [main] DEBUG org.apache.http.wire -  << "1f2[\r][\n]"
2022-01-27_17:07:15.971 [main] DEBUG org.apache.http.wire -  << "{"externalRequestId":"B8ihx0R","orderId":103028,"orderStatus":6,"cardDetailResponseList":[{"referenceNumber":5656743665,"serialNumber":10302800010001,"customerName":"afzal","mobileNumber":8284854535,"email":"afzal.ahmed@pinelabs.com","amount":1000,"cardLink":"test.pineperks.in/eCard?c=32MkKu4cCxah6.jG5nqYnw2","responseCode":0,"responseMessage":"Success"}],"successCount":1,"failedCount":0,"orderAmount":1000,"issuanceCharge":100,"netOrderAmount":1100,"responseCode":0,"responseMessage":"Success"}"
2022-01-27_17:07:15.972 [main] DEBUG org.apache.http.wire -  << "[\r][\n]"
2022-01-27_17:07:15.972 [main] DEBUG org.apache.http.wire -  << "0[\r][\n]"
2022-01-27_17:07:15.972 [main] DEBUG org.apache.http.wire -  << "[\r][\n]"
2022-01-27_17:07:15.972 [main] DEBUG o.a.h.i.c.BasicClientConnectionManager - Releasing connection org.apache.http.impl.conn.ManagedClientConnectionImpl@27be85ef
2022-01-27_17:07:15.972 [main] DEBUG o.a.h.i.c.BasicClientConnectionManager - Connection can be kept alive for 60000 MILLISECONDS
2022-01-27_17:07:15.974 [main] INFO  com.qc.BaseAPI - Response :{
    "externalRequestId": "B8ihx0R",
    "orderId": 103028,
    "orderStatus": 6,
    "cardDetailResponseList": [
        {
            "referenceNumber": 5656743665,
            "serialNumber": 10302800010001,
            "customerName": "afzal",
            "mobileNumber": 8284854535,
            "email": "afzal.ahmed@pinelabs.com",
            "amount": 1000,
            "cardLink": "test.pineperks.in/eCard?c=32MkKu4cCxah6.jG5nqYnw2",
            "responseCode": 0,
            "responseMessage": "Success"
        }
    ],
    "successCount": 1,
    "failedCount": 0,
    "orderAmount": 1000,
    "issuanceCharge": 100,
    "netOrderAmount": 1100,
    "responseCode": 0,
    "responseMessage": "Success"
}
2022-01-27_17:07:15.974 [main] INFO  com.qc.BaseAPI -  **** POST call Response time 539 ms
2022-01-27_17:07:15.974 [main] INFO  pl.rest.service.CardIssue - Time Taken to perform https://apitest.pineperks.in/card/order/V2/instant/issue/nonreloadable/digital transaction: 539
