2021-12-18_16:42:02.700 [main] INFO  pl.rest.CustomHooks - SCENARIO NAME: Issuing a reloadable card on already linked mobile
2021-12-18_16:42:02.703 [main] INFO  pl.rest.CustomHooks - TAG NAMEs: [@TestSet0]
2021-12-18_16:42:02.710 [main] INFO  com.qc.qa.utils.TestDataReader - Reading API Test Data config values from  testData/api/devAPITestData.properties
2021-12-18_16:42:02.730 [main] INFO  pl.rest.stepDefs.CardIssueStepDefs - Fetched mobile number Dataset 8284854535
2021-12-18_16:42:02.732 [main] INFO  pl.rest.utils.DBUtils - Delinking mobile from Cards
2021-12-18_16:42:02.734 [main] INFO  pl.rest.utils.DBUtils - Executing the query update card set CardStatus=4where AccountType=18 and ActivationMobileNumber in(8284854535) and CardType=2 and cardstatus in (1,2);
2021-12-18_16:42:02.783 [main] ERROR com.qc.qa.utils.LoadProperties - Missing MySQLDBEnvironment property value in system property or in config.properties files.Please add it if incase required
2021-12-18_16:42:02.784 [main] INFO  com.qc.qa.dbutils.DBPoolProvider - Con pool Total - 400, idle - 0,  Num active - 0
2021-12-18_16:42:02.785 [main] INFO  com.qc.qa.dbutils.DBPoolProvider - Retrieved connection
2021-12-18_16:42:05.798 [main] INFO  c.qc.qa.dbutils.DBConnectionManager - DB Connected Successfully.
2021-12-18_16:42:05.800 [main] INFO  c.qc.qa.dbutils.DBConnectionManager - Executing Query:::update card set CardStatus=4where AccountType=18 and ActivationMobileNumber in(8284854535) and CardType=2 and cardstatus in (1,2);
2021-12-18_16:42:05.855 [main] INFO  pl.rest.utils.DBUtils - No. of rows affected on delinking mobile1
2021-12-18_16:42:07.038 [main] INFO  pl.rest.service.Authorize - Authorize Rest API URL :- https://apitest.pineperks.in/auth/V1/generate/token
2021-12-18_16:42:07.038 [main] INFO  com.qc.BaseAPI - GET call to URL https://apitest.pineperks.in/auth/V1/generate/token
2021-12-18_16:42:07.209 [main] INFO  com.qc.BaseAPI - ********************REQUEST********************
2021-12-18_16:42:07.533 [main] DEBUG o.a.h.i.c.BasicClientConnectionManager - Get connection for route {s}->https://apitest.pineperks.in:443
2021-12-18_16:42:07.542 [main] DEBUG o.a.h.i.c.DefaultClientConnectionOperator - Connecting to apitest.pineperks.in:443
2021-12-18_16:42:07.691 [main] DEBUG o.a.h.c.protocol.RequestAddCookies - CookieSpec selected: ignoreCookies
2021-12-18_16:42:07.692 [main] DEBUG o.a.h.c.protocol.RequestAuthCache - Auth cache not set in the context
2021-12-18_16:42:07.693 [main] DEBUG o.a.h.c.p.RequestTargetAuthentication - Target auth state: UNCHALLENGED
2021-12-18_16:42:07.694 [main] DEBUG o.a.h.c.p.RequestProxyAuthentication - Proxy auth state: UNCHALLENGED
2021-12-18_16:42:07.695 [main] DEBUG o.a.h.impl.client.DefaultHttpClient - Attempt 1 to execute request
2021-12-18_16:42:07.695 [main] DEBUG o.a.h.i.conn.DefaultClientConnection - Sending request: GET /auth/V1/generate/token HTTP/1.1
2021-12-18_16:42:07.696 [main] DEBUG org.apache.http.wire -  >> "GET /auth/V1/generate/token HTTP/1.1[\r][\n]"
2021-12-18_16:42:07.698 [main] DEBUG org.apache.http.wire -  >> "Content-Type: application/json; charset=UTF-8[\r][\n]"
2021-12-18_16:42:07.698 [main] DEBUG org.apache.http.wire -  >> "Accept: */*[\r][\n]"
2021-12-18_16:42:07.698 [main] DEBUG org.apache.http.wire -  >> "userName: A0aCcnPzDANtKmvSLPKcaw==[\r][\n]"
2021-12-18_16:42:07.698 [main] DEBUG org.apache.http.wire -  >> "Host: apitest.pineperks.in[\r][\n]"
2021-12-18_16:42:07.698 [main] DEBUG org.apache.http.wire -  >> "Connection: Keep-Alive[\r][\n]"
2021-12-18_16:42:07.698 [main] DEBUG org.apache.http.wire -  >> "User-Agent: Apache-HttpClient/4.5.2 (Java/1.8.0_202)[\r][\n]"
2021-12-18_16:42:07.698 [main] DEBUG org.apache.http.wire -  >> "Accept-Encoding: gzip,deflate[\r][\n]"
2021-12-18_16:42:07.698 [main] DEBUG org.apache.http.wire -  >> "[\r][\n]"
2021-12-18_16:42:07.699 [main] DEBUG org.apache.http.headers - >> GET /auth/V1/generate/token HTTP/1.1
2021-12-18_16:42:07.699 [main] DEBUG org.apache.http.headers - >> Content-Type: application/json; charset=UTF-8
2021-12-18_16:42:07.699 [main] DEBUG org.apache.http.headers - >> Accept: */*
2021-12-18_16:42:07.699 [main] DEBUG org.apache.http.headers - >> userName: A0aCcnPzDANtKmvSLPKcaw==
2021-12-18_16:42:07.699 [main] DEBUG org.apache.http.headers - >> Host: apitest.pineperks.in
2021-12-18_16:42:07.699 [main] DEBUG org.apache.http.headers - >> Connection: Keep-Alive
2021-12-18_16:42:07.699 [main] DEBUG org.apache.http.headers - >> User-Agent: Apache-HttpClient/4.5.2 (Java/1.8.0_202)
2021-12-18_16:42:07.699 [main] DEBUG org.apache.http.headers - >> Accept-Encoding: gzip,deflate
2021-12-18_16:42:07.769 [main] DEBUG org.apache.http.wire -  << "HTTP/1.1 200 [\r][\n]"
2021-12-18_16:42:07.773 [main] DEBUG org.apache.http.wire -  << "Access-Control-Allow-Methods: GET, POST[\r][\n]"
2021-12-18_16:42:07.774 [main] DEBUG org.apache.http.wire -  << "Access-Control-Allow-Origin: *[\r][\n]"
2021-12-18_16:42:07.774 [main] DEBUG org.apache.http.wire -  << "Content-Security-Policy: default-src 'none'[\r][\n]"
2021-12-18_16:42:07.774 [main] DEBUG org.apache.http.wire -  << "Feature-Policy: 'none'[\r][\n]"
2021-12-18_16:42:07.774 [main] DEBUG org.apache.http.wire -  << "Referrer-Policy: no-referrer[\r][\n]"
2021-12-18_16:42:07.774 [main] DEBUG org.apache.http.wire -  << "Strict-Transport-Security: max-age=31536000 ; includeSubDomains[\r][\n]"
2021-12-18_16:42:07.776 [main] DEBUG org.apache.http.wire -  << "Date: Sat, 18 Dec 2021 11:12:07 GMT[\r][\n]"
2021-12-18_16:42:07.776 [main] DEBUG org.apache.http.wire -  << "Keep-Alive: timeout=60[\r][\n]"
2021-12-18_16:42:07.776 [main] DEBUG org.apache.http.wire -  << "Content-Type: application/json[\r][\n]"
2021-12-18_16:42:07.776 [main] DEBUG org.apache.http.wire -  << "Transfer-Encoding: chunked[\r][\n]"
2021-12-18_16:42:07.776 [main] DEBUG org.apache.http.wire -  << "Connection: keep-alive[\r][\n]"
2021-12-18_16:42:07.776 [main] DEBUG org.apache.http.wire -  << "[\r][\n]"
2021-12-18_16:42:07.778 [main] DEBUG o.a.h.i.conn.DefaultClientConnection - Receiving response: HTTP/1.1 200 
2021-12-18_16:42:07.779 [main] DEBUG org.apache.http.headers - << HTTP/1.1 200 
2021-12-18_16:42:07.779 [main] DEBUG org.apache.http.headers - << Access-Control-Allow-Methods: GET, POST
2021-12-18_16:42:07.779 [main] DEBUG org.apache.http.headers - << Access-Control-Allow-Origin: *
2021-12-18_16:42:07.779 [main] DEBUG org.apache.http.headers - << Content-Security-Policy: default-src 'none'
2021-12-18_16:42:07.779 [main] DEBUG org.apache.http.headers - << Feature-Policy: 'none'
2021-12-18_16:42:07.779 [main] DEBUG org.apache.http.headers - << Referrer-Policy: no-referrer
2021-12-18_16:42:07.780 [main] DEBUG org.apache.http.headers - << Strict-Transport-Security: max-age=31536000 ; includeSubDomains
2021-12-18_16:42:07.780 [main] DEBUG org.apache.http.headers - << Date: Sat, 18 Dec 2021 11:12:07 GMT
2021-12-18_16:42:07.780 [main] DEBUG org.apache.http.headers - << Keep-Alive: timeout=60
2021-12-18_16:42:07.780 [main] DEBUG org.apache.http.headers - << Content-Type: application/json
2021-12-18_16:42:07.780 [main] DEBUG org.apache.http.headers - << Transfer-Encoding: chunked
2021-12-18_16:42:07.780 [main] DEBUG org.apache.http.headers - << Connection: keep-alive
2021-12-18_16:42:07.792 [main] DEBUG o.a.h.impl.client.DefaultHttpClient - Connection can be kept alive for 60000 MILLISECONDS
2021-12-18_16:42:07.821 [main] DEBUG i.r.i.RequestSpecificationImpl$RestAssuredHttpBuilder - Parsing response as: application/json
2021-12-18_16:42:07.821 [main] DEBUG i.r.i.RequestSpecificationImpl$RestAssuredHttpBuilder - Parsed data to instance of: class org.apache.http.conn.EofSensorInputStream
2021-12-18_16:42:07.848 [main] INFO  com.qc.BaseAPI - Method :GET
2021-12-18_16:42:07.850 [main] INFO  com.qc.BaseAPI - URI :https://apitest.pineperks.in/auth/V1/generate/token
2021-12-18_16:42:07.850 [main] INFO  com.qc.BaseAPI - Headers :userName=A0aCcnPzDANtKmvSLPKcaw==
Accept=*/*
Content-Type=application/json; charset=UTF-8
2021-12-18_16:42:07.850 [main] INFO  com.qc.BaseAPI - Body :null
2021-12-18_16:42:07.850 [main] INFO  com.qc.BaseAPI - ********************RESPONSE********************
2021-12-18_16:42:07.864 [main] DEBUG org.apache.http.wire -  << "7f[\r][\n]"
2021-12-18_16:42:07.865 [main] DEBUG org.apache.http.wire -  << "{"accessToken":"1844d832df514da1b00a75bb029ecba1","tokenExpiryTime":"19-Dec-2021","responseCode":0,"responseMessage":"Success"}"
2021-12-18_16:42:07.866 [main] DEBUG org.apache.http.wire -  << "[\r][\n]"
2021-12-18_16:42:07.866 [main] DEBUG org.apache.http.wire -  << "0[\r][\n]"
2021-12-18_16:42:07.866 [main] DEBUG org.apache.http.wire -  << "[\r][\n]"
2021-12-18_16:42:07.866 [main] DEBUG o.a.h.i.c.BasicClientConnectionManager - Releasing connection org.apache.http.impl.conn.ManagedClientConnectionImpl@3422eca
2021-12-18_16:42:07.867 [main] DEBUG o.a.h.i.c.BasicClientConnectionManager - Connection can be kept alive for 60000 MILLISECONDS
2021-12-18_16:42:07.910 [main] INFO  com.qc.BaseAPI - Response :{
    "accessToken": "1844d832df514da1b00a75bb029ecba1",
    "tokenExpiryTime": "19-Dec-2021",
    "responseCode": 0,
    "responseMessage": "Success"
}
2021-12-18_16:42:07.913 [main] INFO  com.qc.BaseAPI -  **** GET call Response time 628 ms
2021-12-18_16:42:07.913 [main] INFO  pl.rest.service.Authorize - Time Taken to perform https://apitest.pineperks.in/auth/V1/generate/token transaction: 628
2021-12-18_16:42:08.009 [main] INFO  com.qc.qa.utils.TestDataReader - Reading Json data authorizeHeaders
2021-12-18_16:42:08.012 [main] INFO  com.qc.qa.utils.TestDataReader - Reading json data from file @ testData/api/devAPIData.json
2021-12-18_16:42:08.032 [main] INFO  pl.rest.service.CardIssue - CardIssue Rest API URL :- https://apitest.pineperks.in/card/order/V1/instant/issue/reloadable/digital
2021-12-18_16:42:08.034 [main] INFO  com.qc.BaseAPI - POST call to URL https://apitest.pineperks.in/card/order/V1/instant/issue/reloadable/digital
2021-12-18_16:42:08.042 [main] INFO  com.qc.BaseAPI - ********************REQUEST********************
2021-12-18_16:42:08.080 [main] DEBUG o.a.h.i.c.BasicClientConnectionManager - Get connection for route {s}->https://apitest.pineperks.in:443
2021-12-18_16:42:08.080 [main] DEBUG o.a.h.i.c.DefaultClientConnectionOperator - Connecting to apitest.pineperks.in:443
2021-12-18_16:42:08.223 [main] DEBUG o.a.h.c.protocol.RequestAddCookies - CookieSpec selected: ignoreCookies
2021-12-18_16:42:08.223 [main] DEBUG o.a.h.c.protocol.RequestAuthCache - Auth cache not set in the context
2021-12-18_16:42:08.223 [main] DEBUG o.a.h.c.p.RequestTargetAuthentication - Target auth state: UNCHALLENGED
2021-12-18_16:42:08.223 [main] DEBUG o.a.h.c.p.RequestProxyAuthentication - Proxy auth state: UNCHALLENGED
2021-12-18_16:42:08.224 [main] DEBUG o.a.h.impl.client.DefaultHttpClient - Attempt 1 to execute request
2021-12-18_16:42:08.224 [main] DEBUG o.a.h.i.conn.DefaultClientConnection - Sending request: POST /card/order/V1/instant/issue/reloadable/digital HTTP/1.1
2021-12-18_16:42:08.224 [main] DEBUG org.apache.http.wire -  >> "POST /card/order/V1/instant/issue/reloadable/digital HTTP/1.1[\r][\n]"
2021-12-18_16:42:08.224 [main] DEBUG org.apache.http.wire -  >> "Accept: */*[\r][\n]"
2021-12-18_16:42:08.224 [main] DEBUG org.apache.http.wire -  >> "userName: A0aCcnPzDANtKmvSLPKcaw==[\r][\n]"
2021-12-18_16:42:08.224 [main] DEBUG org.apache.http.wire -  >> "token: 1844d832df514da1b00a75bb029ecba1[\r][\n]"
2021-12-18_16:42:08.224 [main] DEBUG org.apache.http.wire -  >> "Content-Type: application/json; charset=UTF-8[\r][\n]"
2021-12-18_16:42:08.224 [main] DEBUG org.apache.http.wire -  >> "Content-Length: 242[\r][\n]"
2021-12-18_16:42:08.224 [main] DEBUG org.apache.http.wire -  >> "Host: apitest.pineperks.in[\r][\n]"
2021-12-18_16:42:08.224 [main] DEBUG org.apache.http.wire -  >> "Connection: Keep-Alive[\r][\n]"
2021-12-18_16:42:08.225 [main] DEBUG org.apache.http.wire -  >> "User-Agent: Apache-HttpClient/4.5.2 (Java/1.8.0_202)[\r][\n]"
2021-12-18_16:42:08.225 [main] DEBUG org.apache.http.wire -  >> "Accept-Encoding: gzip,deflate[\r][\n]"
2021-12-18_16:42:08.225 [main] DEBUG org.apache.http.wire -  >> "[\r][\n]"
2021-12-18_16:42:08.225 [main] DEBUG org.apache.http.headers - >> POST /card/order/V1/instant/issue/reloadable/digital HTTP/1.1
2021-12-18_16:42:08.225 [main] DEBUG org.apache.http.headers - >> Accept: */*
2021-12-18_16:42:08.225 [main] DEBUG org.apache.http.headers - >> userName: A0aCcnPzDANtKmvSLPKcaw==
2021-12-18_16:42:08.225 [main] DEBUG org.apache.http.headers - >> token: 1844d832df514da1b00a75bb029ecba1
2021-12-18_16:42:08.225 [main] DEBUG org.apache.http.headers - >> Content-Type: application/json; charset=UTF-8
2021-12-18_16:42:08.225 [main] DEBUG org.apache.http.headers - >> Content-Length: 242
2021-12-18_16:42:08.225 [main] DEBUG org.apache.http.headers - >> Host: apitest.pineperks.in
2021-12-18_16:42:08.225 [main] DEBUG org.apache.http.headers - >> Connection: Keep-Alive
2021-12-18_16:42:08.225 [main] DEBUG org.apache.http.headers - >> User-Agent: Apache-HttpClient/4.5.2 (Java/1.8.0_202)
2021-12-18_16:42:08.226 [main] DEBUG org.apache.http.headers - >> Accept-Encoding: gzip,deflate
2021-12-18_16:42:08.226 [main] DEBUG org.apache.http.wire -  >> "{"isLinkToBeSentOnMobile":true,"checksum":"5x3GNrnStyS2PkMvV6EeAw==","cardDetailList":[{"amount":"1000","mobileNumber":"8284854535","customerName":"afzal","email":"afzal.ahmed@pinelabs.com"}],"externalRequestId":"Yh1ALLf","cardSchemeId":"12"}"
2021-12-18_16:42:08.699 [main] DEBUG org.apache.http.wire -  << "HTTP/1.1 200 [\r][\n]"
2021-12-18_16:42:08.700 [main] DEBUG org.apache.http.wire -  << "Access-Control-Allow-Methods: GET, POST[\r][\n]"
2021-12-18_16:42:08.700 [main] DEBUG org.apache.http.wire -  << "Access-Control-Allow-Origin: *[\r][\n]"
2021-12-18_16:42:08.700 [main] DEBUG org.apache.http.wire -  << "Content-Security-Policy: default-src 'none'[\r][\n]"
2021-12-18_16:42:08.700 [main] DEBUG org.apache.http.wire -  << "Feature-Policy: 'none'[\r][\n]"
2021-12-18_16:42:08.701 [main] DEBUG org.apache.http.wire -  << "Referrer-Policy: no-referrer[\r][\n]"
2021-12-18_16:42:08.701 [main] DEBUG org.apache.http.wire -  << "Strict-Transport-Security: max-age=31536000 ; includeSubDomains[\r][\n]"
2021-12-18_16:42:08.701 [main] DEBUG org.apache.http.wire -  << "Date: Sat, 18 Dec 2021 11:12:07 GMT[\r][\n]"
2021-12-18_16:42:08.701 [main] DEBUG org.apache.http.wire -  << "Keep-Alive: timeout=60[\r][\n]"
2021-12-18_16:42:08.702 [main] DEBUG org.apache.http.wire -  << "Content-Type: application/json[\r][\n]"
2021-12-18_16:42:08.703 [main] DEBUG org.apache.http.wire -  << "Transfer-Encoding: chunked[\r][\n]"
2021-12-18_16:42:08.703 [main] DEBUG org.apache.http.wire -  << "Connection: keep-alive[\r][\n]"
2021-12-18_16:42:08.703 [main] DEBUG org.apache.http.wire -  << "[\r][\n]"
2021-12-18_16:42:08.703 [main] DEBUG o.a.h.i.conn.DefaultClientConnection - Receiving response: HTTP/1.1 200 
2021-12-18_16:42:08.703 [main] DEBUG org.apache.http.headers - << HTTP/1.1 200 
2021-12-18_16:42:08.704 [main] DEBUG org.apache.http.headers - << Access-Control-Allow-Methods: GET, POST
2021-12-18_16:42:08.704 [main] DEBUG org.apache.http.headers - << Access-Control-Allow-Origin: *
2021-12-18_16:42:08.704 [main] DEBUG org.apache.http.headers - << Content-Security-Policy: default-src 'none'
2021-12-18_16:42:08.704 [main] DEBUG org.apache.http.headers - << Feature-Policy: 'none'
2021-12-18_16:42:08.704 [main] DEBUG org.apache.http.headers - << Referrer-Policy: no-referrer
2021-12-18_16:42:08.704 [main] DEBUG org.apache.http.headers - << Strict-Transport-Security: max-age=31536000 ; includeSubDomains
2021-12-18_16:42:08.705 [main] DEBUG org.apache.http.headers - << Date: Sat, 18 Dec 2021 11:12:07 GMT
2021-12-18_16:42:08.705 [main] DEBUG org.apache.http.headers - << Keep-Alive: timeout=60
2021-12-18_16:42:08.705 [main] DEBUG org.apache.http.headers - << Content-Type: application/json
2021-12-18_16:42:08.705 [main] DEBUG org.apache.http.headers - << Transfer-Encoding: chunked
2021-12-18_16:42:08.705 [main] DEBUG org.apache.http.headers - << Connection: keep-alive
2021-12-18_16:42:08.706 [main] DEBUG o.a.h.impl.client.DefaultHttpClient - Connection can be kept alive for 60000 MILLISECONDS
2021-12-18_16:42:08.707 [main] DEBUG i.r.i.RequestSpecificationImpl$RestAssuredHttpBuilder - Parsing response as: application/json
2021-12-18_16:42:08.708 [main] DEBUG i.r.i.RequestSpecificationImpl$RestAssuredHttpBuilder - Parsed data to instance of: class org.apache.http.conn.EofSensorInputStream
2021-12-18_16:42:08.711 [main] INFO  com.qc.BaseAPI - Method :POST
2021-12-18_16:42:08.714 [main] INFO  com.qc.BaseAPI - URI :https://apitest.pineperks.in/card/order/V1/instant/issue/reloadable/digital
2021-12-18_16:42:08.715 [main] INFO  com.qc.BaseAPI - Headers :token=1844d832df514da1b00a75bb029ecba1
userName=A0aCcnPzDANtKmvSLPKcaw==
Accept=*/*
Content-Type=application/json; charset=UTF-8
2021-12-18_16:42:08.715 [main] INFO  com.qc.BaseAPI - Body :{"isLinkToBeSentOnMobile":true,"checksum":"5x3GNrnStyS2PkMvV6EeAw==","cardDetailList":[{"amount":"1000","mobileNumber":"8284854535","customerName":"afzal","email":"afzal.ahmed@pinelabs.com"}],"externalRequestId":"Yh1ALLf","cardSchemeId":"12"}
2021-12-18_16:42:08.715 [main] INFO  com.qc.BaseAPI - ********************RESPONSE********************
2021-12-18_16:42:08.715 [main] DEBUG org.apache.http.wire -  << "1f1[\r][\n]"
2021-12-18_16:42:08.716 [main] DEBUG org.apache.http.wire -  << "{"externalRequestId":"Yh1ALLf","orderId":12562,"orderStatus":6,"cardDetailResponseList":[{"referenceNumber":6781861365,"serialNumber":12562000010001,"customerName":"afzal","mobileNumber":8284854535,"email":"afzal.ahmed@pinelabs.com","amount":1000,"cardLink":"test.pineperks.in/rCard?c=GUXrYP-M7MRRi8YAlD71jQ2","responseCode":0,"responseMessage":"Success"}],"successCount":1,"failedCount":0,"orderAmount":1000,"issuanceCharge":200,"netOrderAmount":1200,"responseCode":0,"responseMessage":"Success"}"
2021-12-18_16:42:08.716 [main] DEBUG org.apache.http.wire -  << "[\r][\n]"
2021-12-18_16:42:08.716 [main] DEBUG org.apache.http.wire -  << "0[\r][\n]"
2021-12-18_16:42:08.716 [main] DEBUG org.apache.http.wire -  << "[\r][\n]"
2021-12-18_16:42:08.717 [main] DEBUG o.a.h.i.c.BasicClientConnectionManager - Releasing connection org.apache.http.impl.conn.ManagedClientConnectionImpl@1500ea8d
2021-12-18_16:42:08.717 [main] DEBUG o.a.h.i.c.BasicClientConnectionManager - Connection can be kept alive for 60000 MILLISECONDS
2021-12-18_16:42:08.721 [main] INFO  com.qc.BaseAPI - Response :{
    "externalRequestId": "Yh1ALLf",
    "orderId": 12562,
    "orderStatus": 6,
    "cardDetailResponseList": [
        {
            "referenceNumber": 6781861365,
            "serialNumber": 12562000010001,
            "customerName": "afzal",
            "mobileNumber": 8284854535,
            "email": "afzal.ahmed@pinelabs.com",
            "amount": 1000,
            "cardLink": "test.pineperks.in/rCard?c=GUXrYP-M7MRRi8YAlD71jQ2",
            "responseCode": 0,
            "responseMessage": "Success"
        }
    ],
    "successCount": 1,
    "failedCount": 0,
    "orderAmount": 1000,
    "issuanceCharge": 200,
    "netOrderAmount": 1200,
    "responseCode": 0,
    "responseMessage": "Success"
}
2021-12-18_16:42:08.722 [main] INFO  com.qc.BaseAPI -  **** POST call Response time 666 ms
2021-12-18_16:42:08.722 [main] INFO  pl.rest.service.CardIssue - Time Taken to perform https://apitest.pineperks.in/card/order/V1/instant/issue/reloadable/digital transaction: 666
2021-12-18_16:42:08.726 [main] INFO  com.qc.qa.utils.TestDataReader - Reading Json data authorizeHeaders
2021-12-18_16:42:08.729 [main] INFO  com.qc.qa.utils.TestDataReader - Reading json data from file @ testData/api/devAPIData.json
2021-12-18_16:42:08.733 [main] INFO  pl.rest.service.CardIssue - CardIssue Rest API URL :- https://apitest.pineperks.in/card/order/V1/instant/issue/reloadable/digital
2021-12-18_16:42:08.733 [main] INFO  com.qc.BaseAPI - POST call to URL https://apitest.pineperks.in/card/order/V1/instant/issue/reloadable/digital
2021-12-18_16:42:08.741 [main] INFO  com.qc.BaseAPI - ********************REQUEST********************
2021-12-18_16:42:08.750 [main] DEBUG o.a.h.i.c.BasicClientConnectionManager - Get connection for route {s}->https://apitest.pineperks.in:443
2021-12-18_16:42:08.750 [main] DEBUG o.a.h.i.c.DefaultClientConnectionOperator - Connecting to apitest.pineperks.in:443
2021-12-18_16:42:08.866 [main] DEBUG o.a.h.c.protocol.RequestAddCookies - CookieSpec selected: ignoreCookies
2021-12-18_16:42:08.866 [main] DEBUG o.a.h.c.protocol.RequestAuthCache - Auth cache not set in the context
2021-12-18_16:42:08.867 [main] DEBUG o.a.h.c.p.RequestTargetAuthentication - Target auth state: UNCHALLENGED
2021-12-18_16:42:08.867 [main] DEBUG o.a.h.c.p.RequestProxyAuthentication - Proxy auth state: UNCHALLENGED
2021-12-18_16:42:08.867 [main] DEBUG o.a.h.impl.client.DefaultHttpClient - Attempt 1 to execute request
2021-12-18_16:42:08.867 [main] DEBUG o.a.h.i.conn.DefaultClientConnection - Sending request: POST /card/order/V1/instant/issue/reloadable/digital HTTP/1.1
2021-12-18_16:42:08.867 [main] DEBUG org.apache.http.wire -  >> "POST /card/order/V1/instant/issue/reloadable/digital HTTP/1.1[\r][\n]"
2021-12-18_16:42:08.867 [main] DEBUG org.apache.http.wire -  >> "Accept: */*[\r][\n]"
2021-12-18_16:42:08.868 [main] DEBUG org.apache.http.wire -  >> "userName: A0aCcnPzDANtKmvSLPKcaw==[\r][\n]"
2021-12-18_16:42:08.868 [main] DEBUG org.apache.http.wire -  >> "token: 1844d832df514da1b00a75bb029ecba1[\r][\n]"
2021-12-18_16:42:08.868 [main] DEBUG org.apache.http.wire -  >> "Content-Type: application/json; charset=UTF-8[\r][\n]"
2021-12-18_16:42:08.868 [main] DEBUG org.apache.http.wire -  >> "Content-Length: 242[\r][\n]"
2021-12-18_16:42:08.868 [main] DEBUG org.apache.http.wire -  >> "Host: apitest.pineperks.in[\r][\n]"
2021-12-18_16:42:08.868 [main] DEBUG org.apache.http.wire -  >> "Connection: Keep-Alive[\r][\n]"
2021-12-18_16:42:08.869 [main] DEBUG org.apache.http.wire -  >> "User-Agent: Apache-HttpClient/4.5.2 (Java/1.8.0_202)[\r][\n]"
2021-12-18_16:42:08.869 [main] DEBUG org.apache.http.wire -  >> "Accept-Encoding: gzip,deflate[\r][\n]"
2021-12-18_16:42:08.869 [main] DEBUG org.apache.http.wire -  >> "[\r][\n]"
2021-12-18_16:42:08.869 [main] DEBUG org.apache.http.headers - >> POST /card/order/V1/instant/issue/reloadable/digital HTTP/1.1
2021-12-18_16:42:08.869 [main] DEBUG org.apache.http.headers - >> Accept: */*
2021-12-18_16:42:08.869 [main] DEBUG org.apache.http.headers - >> userName: A0aCcnPzDANtKmvSLPKcaw==
2021-12-18_16:42:08.869 [main] DEBUG org.apache.http.headers - >> token: 1844d832df514da1b00a75bb029ecba1
2021-12-18_16:42:08.869 [main] DEBUG org.apache.http.headers - >> Content-Type: application/json; charset=UTF-8
2021-12-18_16:42:08.870 [main] DEBUG org.apache.http.headers - >> Content-Length: 242
2021-12-18_16:42:08.870 [main] DEBUG org.apache.http.headers - >> Host: apitest.pineperks.in
2021-12-18_16:42:08.871 [main] DEBUG org.apache.http.headers - >> Connection: Keep-Alive
2021-12-18_16:42:08.871 [main] DEBUG org.apache.http.headers - >> User-Agent: Apache-HttpClient/4.5.2 (Java/1.8.0_202)
2021-12-18_16:42:08.871 [main] DEBUG org.apache.http.headers - >> Accept-Encoding: gzip,deflate
2021-12-18_16:42:08.871 [main] DEBUG org.apache.http.wire -  >> "{"isLinkToBeSentOnMobile":true,"checksum":"5x3GNrnStyS2PkMvV6EeAw==","cardDetailList":[{"amount":"1000","mobileNumber":"8284854535","customerName":"afzal","email":"afzal.ahmed@pinelabs.com"}],"externalRequestId":"vXQVPzT","cardSchemeId":"12"}"
2021-12-18_16:42:09.389 [main] DEBUG org.apache.http.wire -  << "HTTP/1.1 200 [\r][\n]"
2021-12-18_16:42:09.390 [main] DEBUG org.apache.http.wire -  << "Access-Control-Allow-Methods: GET, POST[\r][\n]"
2021-12-18_16:42:09.390 [main] DEBUG org.apache.http.wire -  << "Access-Control-Allow-Origin: *[\r][\n]"
2021-12-18_16:42:09.390 [main] DEBUG org.apache.http.wire -  << "Content-Security-Policy: default-src 'none'[\r][\n]"
2021-12-18_16:42:09.390 [main] DEBUG org.apache.http.wire -  << "Feature-Policy: 'none'[\r][\n]"
2021-12-18_16:42:09.390 [main] DEBUG org.apache.http.wire -  << "Referrer-Policy: no-referrer[\r][\n]"
2021-12-18_16:42:09.390 [main] DEBUG org.apache.http.wire -  << "Strict-Transport-Security: max-age=31536000 ; includeSubDomains[\r][\n]"
2021-12-18_16:42:09.390 [main] DEBUG org.apache.http.wire -  << "Date: Sat, 18 Dec 2021 11:12:09 GMT[\r][\n]"
2021-12-18_16:42:09.390 [main] DEBUG org.apache.http.wire -  << "Keep-Alive: timeout=60[\r][\n]"
2021-12-18_16:42:09.390 [main] DEBUG org.apache.http.wire -  << "Content-Type: application/json[\r][\n]"
2021-12-18_16:42:09.390 [main] DEBUG org.apache.http.wire -  << "Transfer-Encoding: chunked[\r][\n]"
2021-12-18_16:42:09.390 [main] DEBUG org.apache.http.wire -  << "Connection: keep-alive[\r][\n]"
2021-12-18_16:42:09.390 [main] DEBUG org.apache.http.wire -  << "[\r][\n]"
2021-12-18_16:42:09.390 [main] DEBUG o.a.h.i.conn.DefaultClientConnection - Receiving response: HTTP/1.1 200 
2021-12-18_16:42:09.390 [main] DEBUG org.apache.http.headers - << HTTP/1.1 200 
2021-12-18_16:42:09.390 [main] DEBUG org.apache.http.headers - << Access-Control-Allow-Methods: GET, POST
2021-12-18_16:42:09.390 [main] DEBUG org.apache.http.headers - << Access-Control-Allow-Origin: *
2021-12-18_16:42:09.390 [main] DEBUG org.apache.http.headers - << Content-Security-Policy: default-src 'none'
2021-12-18_16:42:09.391 [main] DEBUG org.apache.http.headers - << Feature-Policy: 'none'
2021-12-18_16:42:09.391 [main] DEBUG org.apache.http.headers - << Referrer-Policy: no-referrer
2021-12-18_16:42:09.391 [main] DEBUG org.apache.http.headers - << Strict-Transport-Security: max-age=31536000 ; includeSubDomains
2021-12-18_16:42:09.391 [main] DEBUG org.apache.http.headers - << Date: Sat, 18 Dec 2021 11:12:09 GMT
2021-12-18_16:42:09.391 [main] DEBUG org.apache.http.headers - << Keep-Alive: timeout=60
2021-12-18_16:42:09.391 [main] DEBUG org.apache.http.headers - << Content-Type: application/json
2021-12-18_16:42:09.391 [main] DEBUG org.apache.http.headers - << Transfer-Encoding: chunked
2021-12-18_16:42:09.391 [main] DEBUG org.apache.http.headers - << Connection: keep-alive
2021-12-18_16:42:09.391 [main] DEBUG o.a.h.impl.client.DefaultHttpClient - Connection can be kept alive for 60000 MILLISECONDS
2021-12-18_16:42:09.391 [main] DEBUG i.r.i.RequestSpecificationImpl$RestAssuredHttpBuilder - Parsing response as: application/json
2021-12-18_16:42:09.391 [main] DEBUG i.r.i.RequestSpecificationImpl$RestAssuredHttpBuilder - Parsed data to instance of: class org.apache.http.conn.EofSensorInputStream
2021-12-18_16:42:09.392 [main] INFO  com.qc.BaseAPI - Method :POST
2021-12-18_16:42:09.392 [main] INFO  com.qc.BaseAPI - URI :https://apitest.pineperks.in/card/order/V1/instant/issue/reloadable/digital
2021-12-18_16:42:09.392 [main] INFO  com.qc.BaseAPI - Headers :token=1844d832df514da1b00a75bb029ecba1
userName=A0aCcnPzDANtKmvSLPKcaw==
Accept=*/*
Content-Type=application/json; charset=UTF-8
2021-12-18_16:42:09.393 [main] INFO  com.qc.BaseAPI - Body :{"isLinkToBeSentOnMobile":true,"checksum":"5x3GNrnStyS2PkMvV6EeAw==","cardDetailList":[{"amount":"1000","mobileNumber":"8284854535","customerName":"afzal","email":"afzal.ahmed@pinelabs.com"}],"externalRequestId":"vXQVPzT","cardSchemeId":"12"}
2021-12-18_16:42:09.393 [main] INFO  com.qc.BaseAPI - ********************RESPONSE********************
2021-12-18_16:42:09.393 [main] DEBUG org.apache.http.wire -  << "1ef[\r][\n]"
2021-12-18_16:42:09.393 [main] DEBUG org.apache.http.wire -  << "{"externalRequestId":"vXQVPzT","orderId":12563,"orderStatus":6,"cardDetailResponseList":[{"referenceNumber":null,"serialNumber":null,"customerName":"afzal","mobileNumber":8284854535,"email":"afzal.ahmed@pinelabs.com","amount":1000,"cardLink":null,"responseCode":269,"responseMessage":"Request declined. Only one such card can be linked to a mobile number"}],"successCount":0,"failedCount":1,"orderAmount":1000,"issuanceCharge":200,"netOrderAmount":0,"responseCode":0,"responseMessage":"Success"}"
2021-12-18_16:42:09.393 [main] DEBUG org.apache.http.wire -  << "[\r][\n]"
2021-12-18_16:42:09.393 [main] DEBUG org.apache.http.wire -  << "0[\r][\n]"
2021-12-18_16:42:09.393 [main] DEBUG org.apache.http.wire -  << "[\r][\n]"
2021-12-18_16:42:09.393 [main] DEBUG o.a.h.i.c.BasicClientConnectionManager - Releasing connection org.apache.http.impl.conn.ManagedClientConnectionImpl@76d4a32
2021-12-18_16:42:09.393 [main] DEBUG o.a.h.i.c.BasicClientConnectionManager - Connection can be kept alive for 60000 MILLISECONDS
2021-12-18_16:42:09.394 [main] INFO  com.qc.BaseAPI - Response :{
    "externalRequestId": "vXQVPzT",
    "orderId": 12563,
    "orderStatus": 6,
    "cardDetailResponseList": [
        {
            "referenceNumber": null,
            "serialNumber": null,
            "customerName": "afzal",
            "mobileNumber": 8284854535,
            "email": "afzal.ahmed@pinelabs.com",
            "amount": 1000,
            "cardLink": null,
            "responseCode": 269,
            "responseMessage": "Request declined. Only one such card can be linked to a mobile number"
        }
    ],
    "successCount": 0,
    "failedCount": 1,
    "orderAmount": 1000,
    "issuanceCharge": 200,
    "netOrderAmount": 0,
    "responseCode": 0,
    "responseMessage": "Success"
}
2021-12-18_16:42:09.394 [main] INFO  com.qc.BaseAPI -  **** POST call Response time 650 ms
2021-12-18_16:42:09.394 [main] INFO  pl.rest.service.CardIssue - Time Taken to perform https://apitest.pineperks.in/card/order/V1/instant/issue/reloadable/digital transaction: 650
