2021-12-23_23:35:48.687 [main] INFO  pl.rest.CustomHooks - SCENARIO NAME: 
2021-12-23_23:35:48.690 [main] INFO  pl.rest.CustomHooks - TAG NAMEs: []
2021-12-23_23:35:48.696 [main] INFO  pl.rest.CustomHooks - SCENARIO NAME: 
2021-12-23_23:35:48.697 [main] INFO  pl.rest.CustomHooks - TAG NAMEs: []
2021-12-23_23:35:48.776 [main] INFO  pl.rest.CustomHooks - Index: 0, Size: 0
2021-12-23_23:35:50.758 [main] INFO  com.qc.qa.utils.TestDataReader - Reading API Test Data config values from  testData/api/devAPITestData.properties
2021-12-23_23:35:50.763 [main] INFO  pl.rest.service.Authorize - Authorize Rest API URL :- https://apitest.pineperks.in/auth/V1/generate/token
2021-12-23_23:35:50.769 [main] INFO  com.qc.BaseAPI - GET call to URL https://apitest.pineperks.in/auth/V1/generate/token
2021-12-23_23:35:51.043 [main] INFO  com.qc.BaseAPI - ********************REQUEST********************
2021-12-23_23:35:53.426 [main] DEBUG o.a.h.i.c.BasicClientConnectionManager - Get connection for route {s}->https://apitest.pineperks.in:443
2021-12-23_23:35:53.500 [main] DEBUG o.a.h.i.c.DefaultClientConnectionOperator - Connecting to apitest.pineperks.in:443
2021-12-23_23:35:53.718 [main] DEBUG o.a.h.c.protocol.RequestAddCookies - CookieSpec selected: ignoreCookies
2021-12-23_23:35:53.721 [main] DEBUG o.a.h.c.protocol.RequestAuthCache - Auth cache not set in the context
2021-12-23_23:35:53.721 [main] DEBUG o.a.h.c.p.RequestTargetAuthentication - Target auth state: UNCHALLENGED
2021-12-23_23:35:53.722 [main] DEBUG o.a.h.c.p.RequestProxyAuthentication - Proxy auth state: UNCHALLENGED
2021-12-23_23:35:53.723 [main] DEBUG o.a.h.impl.client.DefaultHttpClient - Attempt 1 to execute request
2021-12-23_23:35:53.724 [main] DEBUG o.a.h.i.conn.DefaultClientConnection - Sending request: GET /auth/V1/generate/token HTTP/1.1
2021-12-23_23:35:53.724 [main] DEBUG org.apache.http.wire -  >> "GET /auth/V1/generate/token HTTP/1.1[\r][\n]"
2021-12-23_23:35:53.725 [main] DEBUG org.apache.http.wire -  >> "Content-Type: application/json; charset=UTF-8[\r][\n]"
2021-12-23_23:35:53.726 [main] DEBUG org.apache.http.wire -  >> "Accept: */*[\r][\n]"
2021-12-23_23:35:53.726 [main] DEBUG org.apache.http.wire -  >> "userName: A0aCcnPzDANtKmvSLPKcaw==[\r][\n]"
2021-12-23_23:35:53.726 [main] DEBUG org.apache.http.wire -  >> "Host: apitest.pineperks.in[\r][\n]"
2021-12-23_23:35:53.726 [main] DEBUG org.apache.http.wire -  >> "Connection: Keep-Alive[\r][\n]"
2021-12-23_23:35:53.726 [main] DEBUG org.apache.http.wire -  >> "User-Agent: Apache-HttpClient/4.5.2 (Java/1.8.0_202)[\r][\n]"
2021-12-23_23:35:53.727 [main] DEBUG org.apache.http.wire -  >> "Accept-Encoding: gzip,deflate[\r][\n]"
2021-12-23_23:35:53.727 [main] DEBUG org.apache.http.wire -  >> "[\r][\n]"
2021-12-23_23:35:53.727 [main] DEBUG org.apache.http.headers - >> GET /auth/V1/generate/token HTTP/1.1
2021-12-23_23:35:53.727 [main] DEBUG org.apache.http.headers - >> Content-Type: application/json; charset=UTF-8
2021-12-23_23:35:53.727 [main] DEBUG org.apache.http.headers - >> Accept: */*
2021-12-23_23:35:53.727 [main] DEBUG org.apache.http.headers - >> userName: A0aCcnPzDANtKmvSLPKcaw==
2021-12-23_23:35:53.727 [main] DEBUG org.apache.http.headers - >> Host: apitest.pineperks.in
2021-12-23_23:35:53.727 [main] DEBUG org.apache.http.headers - >> Connection: Keep-Alive
2021-12-23_23:35:53.728 [main] DEBUG org.apache.http.headers - >> User-Agent: Apache-HttpClient/4.5.2 (Java/1.8.0_202)
2021-12-23_23:35:53.728 [main] DEBUG org.apache.http.headers - >> Accept-Encoding: gzip,deflate
2021-12-23_23:35:53.766 [main] DEBUG org.apache.http.wire -  << "HTTP/1.1 200 [\r][\n]"
2021-12-23_23:35:53.768 [main] DEBUG org.apache.http.wire -  << "Access-Control-Allow-Methods: GET, POST[\r][\n]"
2021-12-23_23:35:53.768 [main] DEBUG org.apache.http.wire -  << "Access-Control-Allow-Origin: *[\r][\n]"
2021-12-23_23:35:53.768 [main] DEBUG org.apache.http.wire -  << "Content-Security-Policy: default-src 'none'[\r][\n]"
2021-12-23_23:35:53.768 [main] DEBUG org.apache.http.wire -  << "Feature-Policy: 'none'[\r][\n]"
2021-12-23_23:35:53.769 [main] DEBUG org.apache.http.wire -  << "Referrer-Policy: no-referrer[\r][\n]"
2021-12-23_23:35:53.769 [main] DEBUG org.apache.http.wire -  << "Strict-Transport-Security: max-age=31536000 ; includeSubDomains[\r][\n]"
2021-12-23_23:35:53.769 [main] DEBUG org.apache.http.wire -  << "Date: Thu, 23 Dec 2021 18:05:53 GMT[\r][\n]"
2021-12-23_23:35:53.769 [main] DEBUG org.apache.http.wire -  << "Keep-Alive: timeout=60[\r][\n]"
2021-12-23_23:35:53.769 [main] DEBUG org.apache.http.wire -  << "Content-Type: application/json[\r][\n]"
2021-12-23_23:35:53.769 [main] DEBUG org.apache.http.wire -  << "Transfer-Encoding: chunked[\r][\n]"
2021-12-23_23:35:53.770 [main] DEBUG org.apache.http.wire -  << "Connection: keep-alive[\r][\n]"
2021-12-23_23:35:53.770 [main] DEBUG org.apache.http.wire -  << "[\r][\n]"
2021-12-23_23:35:53.771 [main] DEBUG o.a.h.i.conn.DefaultClientConnection - Receiving response: HTTP/1.1 200 
2021-12-23_23:35:53.771 [main] DEBUG org.apache.http.headers - << HTTP/1.1 200 
2021-12-23_23:35:53.771 [main] DEBUG org.apache.http.headers - << Access-Control-Allow-Methods: GET, POST
2021-12-23_23:35:53.771 [main] DEBUG org.apache.http.headers - << Access-Control-Allow-Origin: *
2021-12-23_23:35:53.771 [main] DEBUG org.apache.http.headers - << Content-Security-Policy: default-src 'none'
2021-12-23_23:35:53.772 [main] DEBUG org.apache.http.headers - << Feature-Policy: 'none'
2021-12-23_23:35:53.772 [main] DEBUG org.apache.http.headers - << Referrer-Policy: no-referrer
2021-12-23_23:35:53.772 [main] DEBUG org.apache.http.headers - << Strict-Transport-Security: max-age=31536000 ; includeSubDomains
2021-12-23_23:35:53.772 [main] DEBUG org.apache.http.headers - << Date: Thu, 23 Dec 2021 18:05:53 GMT
2021-12-23_23:35:53.772 [main] DEBUG org.apache.http.headers - << Keep-Alive: timeout=60
2021-12-23_23:35:53.772 [main] DEBUG org.apache.http.headers - << Content-Type: application/json
2021-12-23_23:35:53.772 [main] DEBUG org.apache.http.headers - << Transfer-Encoding: chunked
2021-12-23_23:35:53.772 [main] DEBUG org.apache.http.headers - << Connection: keep-alive
2021-12-23_23:35:53.779 [main] DEBUG o.a.h.impl.client.DefaultHttpClient - Connection can be kept alive for 60000 MILLISECONDS
2021-12-23_23:35:53.801 [main] DEBUG i.r.i.RequestSpecificationImpl$RestAssuredHttpBuilder - Parsing response as: application/json
2021-12-23_23:35:53.801 [main] DEBUG i.r.i.RequestSpecificationImpl$RestAssuredHttpBuilder - Parsed data to instance of: class org.apache.http.conn.EofSensorInputStream
2021-12-23_23:35:53.816 [main] INFO  com.qc.BaseAPI - Method :GET
2021-12-23_23:35:53.817 [main] INFO  com.qc.BaseAPI - URI :https://apitest.pineperks.in/auth/V1/generate/token
2021-12-23_23:35:53.818 [main] INFO  com.qc.BaseAPI - Headers :userName=A0aCcnPzDANtKmvSLPKcaw==
Accept=*/*
Content-Type=application/json; charset=UTF-8
2021-12-23_23:35:53.818 [main] INFO  com.qc.BaseAPI - Body :null
2021-12-23_23:35:53.818 [main] INFO  com.qc.BaseAPI - ********************RESPONSE********************
2021-12-23_23:35:53.829 [main] DEBUG org.apache.http.wire -  << "7f[\r][\n]"
2021-12-23_23:35:53.829 [main] DEBUG org.apache.http.wire -  << "{"accessToken":"67294337cbb34998b496ba66630478d6","tokenExpiryTime":"24-Dec-2021","responseCode":0,"responseMessage":"Success"}"
2021-12-23_23:35:53.830 [main] DEBUG org.apache.http.wire -  << "[\r][\n]"
2021-12-23_23:35:53.831 [main] DEBUG org.apache.http.wire -  << "0[\r][\n]"
2021-12-23_23:35:53.831 [main] DEBUG org.apache.http.wire -  << "[\r][\n]"
2021-12-23_23:35:53.831 [main] DEBUG o.a.h.i.c.BasicClientConnectionManager - Releasing connection org.apache.http.impl.conn.ManagedClientConnectionImpl@56077ecd
2021-12-23_23:35:53.831 [main] DEBUG o.a.h.i.c.BasicClientConnectionManager - Connection can be kept alive for 60000 MILLISECONDS
2021-12-23_23:35:53.864 [main] INFO  com.qc.BaseAPI - Response :{
    "accessToken": "67294337cbb34998b496ba66630478d6",
    "tokenExpiryTime": "24-Dec-2021",
    "responseCode": 0,
    "responseMessage": "Success"
}
2021-12-23_23:35:53.867 [main] INFO  com.qc.BaseAPI -  **** GET call Response time 2754 ms
2021-12-23_23:35:53.868 [main] INFO  pl.rest.service.Authorize - Time Taken to perform https://apitest.pineperks.in/auth/V1/generate/token transaction: 2754
2021-12-23_23:35:53.991 [main] INFO  com.qc.qa.utils.TestDataReader - Reading Json data authorizeHeaders
2021-12-23_23:35:53.994 [main] INFO  com.qc.qa.utils.TestDataReader - Reading json data from file @ testData/api/devAPIData.json
2021-12-23_23:35:54.018 [main] INFO  pl.rest.service.CardIssue - CardIssue Rest API URL :- https://apitest.pineperks.in/card/order/V1/instant/issue/nonreloadable/digital
2021-12-23_23:35:54.018 [main] INFO  com.qc.BaseAPI - POST call to URL https://apitest.pineperks.in/card/order/V1/instant/issue/nonreloadable/digital
2021-12-23_23:35:54.032 [main] INFO  com.qc.BaseAPI - ********************REQUEST********************
2021-12-23_23:35:54.083 [main] DEBUG o.a.h.i.c.BasicClientConnectionManager - Get connection for route {s}->https://apitest.pineperks.in:443
2021-12-23_23:35:54.084 [main] DEBUG o.a.h.i.c.DefaultClientConnectionOperator - Connecting to apitest.pineperks.in:443
2021-12-23_23:35:54.200 [main] DEBUG o.a.h.c.protocol.RequestAddCookies - CookieSpec selected: ignoreCookies
2021-12-23_23:35:54.201 [main] DEBUG o.a.h.c.protocol.RequestAuthCache - Auth cache not set in the context
2021-12-23_23:35:54.201 [main] DEBUG o.a.h.c.p.RequestTargetAuthentication - Target auth state: UNCHALLENGED
2021-12-23_23:35:54.201 [main] DEBUG o.a.h.c.p.RequestProxyAuthentication - Proxy auth state: UNCHALLENGED
2021-12-23_23:35:54.201 [main] DEBUG o.a.h.impl.client.DefaultHttpClient - Attempt 1 to execute request
2021-12-23_23:35:54.201 [main] DEBUG o.a.h.i.conn.DefaultClientConnection - Sending request: POST /card/order/V1/instant/issue/nonreloadable/digital HTTP/1.1
2021-12-23_23:35:54.201 [main] DEBUG org.apache.http.wire -  >> "POST /card/order/V1/instant/issue/nonreloadable/digital HTTP/1.1[\r][\n]"
2021-12-23_23:35:54.202 [main] DEBUG org.apache.http.wire -  >> "Accept: */*[\r][\n]"
2021-12-23_23:35:54.202 [main] DEBUG org.apache.http.wire -  >> "userName: A0aCcnPzDANtKmvSLPKcaw==[\r][\n]"
2021-12-23_23:35:54.202 [main] DEBUG org.apache.http.wire -  >> "token: 67294337cbb34998b496ba66630478d6[\r][\n]"
2021-12-23_23:35:54.202 [main] DEBUG org.apache.http.wire -  >> "Content-Type: application/json; charset=UTF-8[\r][\n]"
2021-12-23_23:35:54.202 [main] DEBUG org.apache.http.wire -  >> "Content-Length: 241[\r][\n]"
2021-12-23_23:35:54.202 [main] DEBUG org.apache.http.wire -  >> "Host: apitest.pineperks.in[\r][\n]"
2021-12-23_23:35:54.203 [main] DEBUG org.apache.http.wire -  >> "Connection: Keep-Alive[\r][\n]"
2021-12-23_23:35:54.203 [main] DEBUG org.apache.http.wire -  >> "User-Agent: Apache-HttpClient/4.5.2 (Java/1.8.0_202)[\r][\n]"
2021-12-23_23:35:54.203 [main] DEBUG org.apache.http.wire -  >> "Accept-Encoding: gzip,deflate[\r][\n]"
2021-12-23_23:35:54.203 [main] DEBUG org.apache.http.wire -  >> "[\r][\n]"
2021-12-23_23:35:54.203 [main] DEBUG org.apache.http.headers - >> POST /card/order/V1/instant/issue/nonreloadable/digital HTTP/1.1
2021-12-23_23:35:54.203 [main] DEBUG org.apache.http.headers - >> Accept: */*
2021-12-23_23:35:54.203 [main] DEBUG org.apache.http.headers - >> userName: A0aCcnPzDANtKmvSLPKcaw==
2021-12-23_23:35:54.203 [main] DEBUG org.apache.http.headers - >> token: 67294337cbb34998b496ba66630478d6
2021-12-23_23:35:54.204 [main] DEBUG org.apache.http.headers - >> Content-Type: application/json; charset=UTF-8
2021-12-23_23:35:54.204 [main] DEBUG org.apache.http.headers - >> Content-Length: 241
2021-12-23_23:35:54.204 [main] DEBUG org.apache.http.headers - >> Host: apitest.pineperks.in
2021-12-23_23:35:54.204 [main] DEBUG org.apache.http.headers - >> Connection: Keep-Alive
2021-12-23_23:35:54.204 [main] DEBUG org.apache.http.headers - >> User-Agent: Apache-HttpClient/4.5.2 (Java/1.8.0_202)
2021-12-23_23:35:54.204 [main] DEBUG org.apache.http.headers - >> Accept-Encoding: gzip,deflate
2021-12-23_23:35:54.204 [main] DEBUG org.apache.http.wire -  >> "{"isLinkToBeSentOnMobile":true,"checksum":"5x3GNrnStyS2PkMvV6EeAw==","cardDetailList":[{"amount":"1000","mobileNumber":"8284854535","customerName":"afzal","email":"afzal.ahmed@pinelabs.com"}],"externalRequestId":"fIjOt40","cardSchemeId":"7"}"
2021-12-23_23:35:54.410 [main] DEBUG org.apache.http.wire -  << "HTTP/1.1 200 [\r][\n]"
2021-12-23_23:35:54.410 [main] DEBUG org.apache.http.wire -  << "Access-Control-Allow-Methods: GET, POST[\r][\n]"
2021-12-23_23:35:54.411 [main] DEBUG org.apache.http.wire -  << "Access-Control-Allow-Origin: *[\r][\n]"
2021-12-23_23:35:54.411 [main] DEBUG org.apache.http.wire -  << "Content-Security-Policy: default-src 'none'[\r][\n]"
2021-12-23_23:35:54.411 [main] DEBUG org.apache.http.wire -  << "Feature-Policy: 'none'[\r][\n]"
2021-12-23_23:35:54.411 [main] DEBUG org.apache.http.wire -  << "Referrer-Policy: no-referrer[\r][\n]"
2021-12-23_23:35:54.411 [main] DEBUG org.apache.http.wire -  << "Strict-Transport-Security: max-age=31536000 ; includeSubDomains[\r][\n]"
2021-12-23_23:35:54.411 [main] DEBUG org.apache.http.wire -  << "Date: Thu, 23 Dec 2021 18:05:53 GMT[\r][\n]"
2021-12-23_23:35:54.411 [main] DEBUG org.apache.http.wire -  << "Keep-Alive: timeout=60[\r][\n]"
2021-12-23_23:35:54.411 [main] DEBUG org.apache.http.wire -  << "Content-Type: application/json[\r][\n]"
2021-12-23_23:35:54.412 [main] DEBUG org.apache.http.wire -  << "Transfer-Encoding: chunked[\r][\n]"
2021-12-23_23:35:54.412 [main] DEBUG org.apache.http.wire -  << "Connection: keep-alive[\r][\n]"
2021-12-23_23:35:54.412 [main] DEBUG org.apache.http.wire -  << "[\r][\n]"
2021-12-23_23:35:54.412 [main] DEBUG o.a.h.i.conn.DefaultClientConnection - Receiving response: HTTP/1.1 200 
2021-12-23_23:35:54.412 [main] DEBUG org.apache.http.headers - << HTTP/1.1 200 
2021-12-23_23:35:54.413 [main] DEBUG org.apache.http.headers - << Access-Control-Allow-Methods: GET, POST
2021-12-23_23:35:54.413 [main] DEBUG org.apache.http.headers - << Access-Control-Allow-Origin: *
2021-12-23_23:35:54.413 [main] DEBUG org.apache.http.headers - << Content-Security-Policy: default-src 'none'
2021-12-23_23:35:54.413 [main] DEBUG org.apache.http.headers - << Feature-Policy: 'none'
2021-12-23_23:35:54.413 [main] DEBUG org.apache.http.headers - << Referrer-Policy: no-referrer
2021-12-23_23:35:54.413 [main] DEBUG org.apache.http.headers - << Strict-Transport-Security: max-age=31536000 ; includeSubDomains
2021-12-23_23:35:54.413 [main] DEBUG org.apache.http.headers - << Date: Thu, 23 Dec 2021 18:05:53 GMT
2021-12-23_23:35:54.413 [main] DEBUG org.apache.http.headers - << Keep-Alive: timeout=60
2021-12-23_23:35:54.413 [main] DEBUG org.apache.http.headers - << Content-Type: application/json
2021-12-23_23:35:54.413 [main] DEBUG org.apache.http.headers - << Transfer-Encoding: chunked
2021-12-23_23:35:54.414 [main] DEBUG org.apache.http.headers - << Connection: keep-alive
2021-12-23_23:35:54.414 [main] DEBUG o.a.h.impl.client.DefaultHttpClient - Connection can be kept alive for 60000 MILLISECONDS
2021-12-23_23:35:54.414 [main] DEBUG i.r.i.RequestSpecificationImpl$RestAssuredHttpBuilder - Parsing response as: application/json
2021-12-23_23:35:54.415 [main] DEBUG i.r.i.RequestSpecificationImpl$RestAssuredHttpBuilder - Parsed data to instance of: class org.apache.http.conn.EofSensorInputStream
2021-12-23_23:35:54.417 [main] INFO  com.qc.BaseAPI - Method :POST
2021-12-23_23:35:54.419 [main] INFO  com.qc.BaseAPI - URI :https://apitest.pineperks.in/card/order/V1/instant/issue/nonreloadable/digital
2021-12-23_23:35:54.419 [main] INFO  com.qc.BaseAPI - Headers :token=67294337cbb34998b496ba66630478d6
userName=A0aCcnPzDANtKmvSLPKcaw==
Accept=*/*
Content-Type=application/json; charset=UTF-8
2021-12-23_23:35:54.419 [main] INFO  com.qc.BaseAPI - Body :{"isLinkToBeSentOnMobile":true,"checksum":"5x3GNrnStyS2PkMvV6EeAw==","cardDetailList":[{"amount":"1000","mobileNumber":"8284854535","customerName":"afzal","email":"afzal.ahmed@pinelabs.com"}],"externalRequestId":"fIjOt40","cardSchemeId":"7"}
2021-12-23_23:35:54.419 [main] INFO  com.qc.BaseAPI - ********************RESPONSE********************
2021-12-23_23:35:54.420 [main] DEBUG org.apache.http.wire -  << "1f1[\r][\n]"
2021-12-23_23:35:54.420 [main] DEBUG org.apache.http.wire -  << "{"externalRequestId":"fIjOt40","orderId":20941,"orderStatus":6,"cardDetailResponseList":[{"referenceNumber":4171766562,"serialNumber":20941000010001,"customerName":"afzal","mobileNumber":8284854535,"email":"afzal.ahmed@pinelabs.com","amount":1000,"cardLink":"test.pineperks.in/eCard?c=k5isUxfro6KHFi2iR0nbeg2","responseCode":0,"responseMessage":"Success"}],"successCount":1,"failedCount":0,"orderAmount":1000,"issuanceCharge":100,"netOrderAmount":1100,"responseCode":0,"responseMessage":"Success"}"
2021-12-23_23:35:54.420 [main] DEBUG org.apache.http.wire -  << "[\r][\n]"
2021-12-23_23:35:54.420 [main] DEBUG org.apache.http.wire -  << "0[\r][\n]"
2021-12-23_23:35:54.420 [main] DEBUG org.apache.http.wire -  << "[\r][\n]"
2021-12-23_23:35:54.420 [main] DEBUG o.a.h.i.c.BasicClientConnectionManager - Releasing connection org.apache.http.impl.conn.ManagedClientConnectionImpl@bc967dd
2021-12-23_23:35:54.420 [main] DEBUG o.a.h.i.c.BasicClientConnectionManager - Connection can be kept alive for 60000 MILLISECONDS
2021-12-23_23:35:54.423 [main] INFO  com.qc.BaseAPI - Response :{
    "externalRequestId": "fIjOt40",
    "orderId": 20941,
    "orderStatus": 6,
    "cardDetailResponseList": [
        {
            "referenceNumber": 4171766562,
            "serialNumber": 20941000010001,
            "customerName": "afzal",
            "mobileNumber": 8284854535,
            "email": "afzal.ahmed@pinelabs.com",
            "amount": 1000,
            "cardLink": "test.pineperks.in/eCard?c=k5isUxfro6KHFi2iR0nbeg2",
            "responseCode": 0,
            "responseMessage": "Success"
        }
    ],
    "successCount": 1,
    "failedCount": 0,
    "orderAmount": 1000,
    "issuanceCharge": 100,
    "netOrderAmount": 1100,
    "responseCode": 0,
    "responseMessage": "Success"
}
2021-12-23_23:35:54.423 [main] INFO  com.qc.BaseAPI -  **** POST call Response time 380 ms
2021-12-23_23:35:54.423 [main] INFO  pl.rest.service.CardIssue - Time Taken to perform https://apitest.pineperks.in/card/order/V1/instant/issue/nonreloadable/digital transaction: 380
