2021-12-15_16:58:55.001 [main] INFO  com.qc.qa.utils.TestDataReader - Reading API Test Data config values from  testData/api/devAPITestData.properties
2021-12-15_16:58:55.008 [main] INFO  pl.rest.service.Authorize - Authorize Rest API URL :- https://apitest.pineperks.in/auth/V1/generate/token
2021-12-15_16:58:55.008 [main] INFO  com.qc.BaseAPI - GET call to URL https://apitest.pineperks.in/auth/V1/generate/token
2021-12-15_16:58:55.234 [main] INFO  com.qc.BaseAPI - ********************REQUEST********************
2021-12-15_16:58:57.289 [main] DEBUG o.a.h.i.c.BasicClientConnectionManager - Get connection for route {s}->https://apitest.pineperks.in:443
2021-12-15_16:58:57.367 [main] DEBUG o.a.h.i.c.DefaultClientConnectionOperator - Connecting to apitest.pineperks.in:443
2021-12-15_16:58:57.633 [main] DEBUG o.a.h.c.protocol.RequestAddCookies - CookieSpec selected: ignoreCookies
2021-12-15_16:58:57.636 [main] DEBUG o.a.h.c.protocol.RequestAuthCache - Auth cache not set in the context
2021-12-15_16:58:57.638 [main] DEBUG o.a.h.c.p.RequestTargetAuthentication - Target auth state: UNCHALLENGED
2021-12-15_16:58:57.639 [main] DEBUG o.a.h.c.p.RequestProxyAuthentication - Proxy auth state: UNCHALLENGED
2021-12-15_16:58:57.640 [main] DEBUG o.a.h.impl.client.DefaultHttpClient - Attempt 1 to execute request
2021-12-15_16:58:57.641 [main] DEBUG o.a.h.i.conn.DefaultClientConnection - Sending request: GET /auth/V1/generate/token HTTP/1.1
2021-12-15_16:58:57.642 [main] DEBUG org.apache.http.wire -  >> "GET /auth/V1/generate/token HTTP/1.1[\r][\n]"
2021-12-15_16:58:57.646 [main] DEBUG org.apache.http.wire -  >> "Content-Type: application/json; charset=UTF-8[\r][\n]"
2021-12-15_16:58:57.646 [main] DEBUG org.apache.http.wire -  >> "Accept: */*[\r][\n]"
2021-12-15_16:58:57.646 [main] DEBUG org.apache.http.wire -  >> "userName: A0aCcnPzDANtKmvSLPKcaw==[\r][\n]"
2021-12-15_16:58:57.647 [main] DEBUG org.apache.http.wire -  >> "Host: apitest.pineperks.in[\r][\n]"
2021-12-15_16:58:57.648 [main] DEBUG org.apache.http.wire -  >> "Connection: Keep-Alive[\r][\n]"
2021-12-15_16:58:57.648 [main] DEBUG org.apache.http.wire -  >> "User-Agent: Apache-HttpClient/4.5.2 (Java/1.8.0_202)[\r][\n]"
2021-12-15_16:58:57.648 [main] DEBUG org.apache.http.wire -  >> "Accept-Encoding: gzip,deflate[\r][\n]"
2021-12-15_16:58:57.648 [main] DEBUG org.apache.http.wire -  >> "[\r][\n]"
2021-12-15_16:58:57.649 [main] DEBUG org.apache.http.headers - >> GET /auth/V1/generate/token HTTP/1.1
2021-12-15_16:58:57.649 [main] DEBUG org.apache.http.headers - >> Content-Type: application/json; charset=UTF-8
2021-12-15_16:58:57.649 [main] DEBUG org.apache.http.headers - >> Accept: */*
2021-12-15_16:58:57.649 [main] DEBUG org.apache.http.headers - >> userName: A0aCcnPzDANtKmvSLPKcaw==
2021-12-15_16:58:57.650 [main] DEBUG org.apache.http.headers - >> Host: apitest.pineperks.in
2021-12-15_16:58:57.650 [main] DEBUG org.apache.http.headers - >> Connection: Keep-Alive
2021-12-15_16:58:57.650 [main] DEBUG org.apache.http.headers - >> User-Agent: Apache-HttpClient/4.5.2 (Java/1.8.0_202)
2021-12-15_16:58:57.650 [main] DEBUG org.apache.http.headers - >> Accept-Encoding: gzip,deflate
2021-12-15_16:58:57.909 [main] DEBUG org.apache.http.wire -  << "HTTP/1.1 200 [\r][\n]"
2021-12-15_16:58:57.912 [main] DEBUG org.apache.http.wire -  << "Access-Control-Allow-Methods: GET, POST[\r][\n]"
2021-12-15_16:58:57.912 [main] DEBUG org.apache.http.wire -  << "Access-Control-Allow-Origin: *[\r][\n]"
2021-12-15_16:58:57.912 [main] DEBUG org.apache.http.wire -  << "Content-Security-Policy: default-src 'none'[\r][\n]"
2021-12-15_16:58:57.913 [main] DEBUG org.apache.http.wire -  << "Feature-Policy: 'none'[\r][\n]"
2021-12-15_16:58:57.913 [main] DEBUG org.apache.http.wire -  << "Referrer-Policy: no-referrer[\r][\n]"
2021-12-15_16:58:57.913 [main] DEBUG org.apache.http.wire -  << "Strict-Transport-Security: max-age=31536000 ; includeSubDomains[\r][\n]"
2021-12-15_16:58:57.913 [main] DEBUG org.apache.http.wire -  << "Date: Wed, 15 Dec 2021 11:28:57 GMT[\r][\n]"
2021-12-15_16:58:57.913 [main] DEBUG org.apache.http.wire -  << "Keep-Alive: timeout=60[\r][\n]"
2021-12-15_16:58:57.913 [main] DEBUG org.apache.http.wire -  << "Content-Type: application/json[\r][\n]"
2021-12-15_16:58:57.913 [main] DEBUG org.apache.http.wire -  << "Transfer-Encoding: chunked[\r][\n]"
2021-12-15_16:58:57.914 [main] DEBUG org.apache.http.wire -  << "Connection: keep-alive[\r][\n]"
2021-12-15_16:58:57.914 [main] DEBUG org.apache.http.wire -  << "[\r][\n]"
2021-12-15_16:58:57.914 [main] DEBUG o.a.h.i.conn.DefaultClientConnection - Receiving response: HTTP/1.1 200 
2021-12-15_16:58:57.915 [main] DEBUG org.apache.http.headers - << HTTP/1.1 200 
2021-12-15_16:58:57.915 [main] DEBUG org.apache.http.headers - << Access-Control-Allow-Methods: GET, POST
2021-12-15_16:58:57.915 [main] DEBUG org.apache.http.headers - << Access-Control-Allow-Origin: *
2021-12-15_16:58:57.915 [main] DEBUG org.apache.http.headers - << Content-Security-Policy: default-src 'none'
2021-12-15_16:58:57.915 [main] DEBUG org.apache.http.headers - << Feature-Policy: 'none'
2021-12-15_16:58:57.915 [main] DEBUG org.apache.http.headers - << Referrer-Policy: no-referrer
2021-12-15_16:58:57.915 [main] DEBUG org.apache.http.headers - << Strict-Transport-Security: max-age=31536000 ; includeSubDomains
2021-12-15_16:58:57.915 [main] DEBUG org.apache.http.headers - << Date: Wed, 15 Dec 2021 11:28:57 GMT
2021-12-15_16:58:57.915 [main] DEBUG org.apache.http.headers - << Keep-Alive: timeout=60
2021-12-15_16:58:57.916 [main] DEBUG org.apache.http.headers - << Content-Type: application/json
2021-12-15_16:58:57.916 [main] DEBUG org.apache.http.headers - << Transfer-Encoding: chunked
2021-12-15_16:58:57.916 [main] DEBUG org.apache.http.headers - << Connection: keep-alive
2021-12-15_16:58:57.924 [main] DEBUG o.a.h.impl.client.DefaultHttpClient - Connection can be kept alive for 60000 MILLISECONDS
2021-12-15_16:58:57.948 [main] DEBUG i.r.i.RequestSpecificationImpl$RestAssuredHttpBuilder - Parsing response as: application/json
2021-12-15_16:58:57.948 [main] DEBUG i.r.i.RequestSpecificationImpl$RestAssuredHttpBuilder - Parsed data to instance of: class org.apache.http.conn.EofSensorInputStream
2021-12-15_16:58:57.962 [main] INFO  com.qc.BaseAPI - Method :GET
2021-12-15_16:58:57.963 [main] INFO  com.qc.BaseAPI - URI :https://apitest.pineperks.in/auth/V1/generate/token
2021-12-15_16:58:57.963 [main] INFO  com.qc.BaseAPI - Headers :userName=A0aCcnPzDANtKmvSLPKcaw==
Accept=*/*
Content-Type=application/json; charset=UTF-8
2021-12-15_16:58:57.963 [main] INFO  com.qc.BaseAPI - Body :null
2021-12-15_16:58:57.963 [main] INFO  com.qc.BaseAPI - ********************RESPONSE********************
2021-12-15_16:58:57.976 [main] DEBUG org.apache.http.wire -  << "7f[\r][\n]"
2021-12-15_16:58:57.976 [main] DEBUG org.apache.http.wire -  << "{"accessToken":"00ccdd9d647d4280af89afde570b8c2a","tokenExpiryTime":"16-Dec-2021","responseCode":0,"responseMessage":"Success"}"
2021-12-15_16:58:57.977 [main] DEBUG org.apache.http.wire -  << "[\r][\n]"
2021-12-15_16:58:57.978 [main] DEBUG org.apache.http.wire -  << "0[\r][\n]"
2021-12-15_16:58:57.978 [main] DEBUG org.apache.http.wire -  << "[\r][\n]"
2021-12-15_16:58:57.978 [main] DEBUG o.a.h.i.c.BasicClientConnectionManager - Releasing connection org.apache.http.impl.conn.ManagedClientConnectionImpl@a456dd2
2021-12-15_16:58:57.978 [main] DEBUG o.a.h.i.c.BasicClientConnectionManager - Connection can be kept alive for 60000 MILLISECONDS
2021-12-15_16:58:58.025 [main] INFO  com.qc.BaseAPI - Response :{
    "accessToken": "00ccdd9d647d4280af89afde570b8c2a",
    "tokenExpiryTime": "16-Dec-2021",
    "responseCode": 0,
    "responseMessage": "Success"
}
2021-12-15_16:58:58.028 [main] INFO  com.qc.BaseAPI -  **** GET call Response time 2709 ms
2021-12-15_16:58:58.028 [main] INFO  pl.rest.service.Authorize - Time Taken to perform https://apitest.pineperks.in/auth/V1/generate/token transaction: 2709
2021-12-15_16:58:58.458 [main] INFO  com.qc.qa.utils.TestDataReader - Reading Json data authorizeHeaders
2021-12-15_16:58:58.460 [main] INFO  com.qc.qa.utils.TestDataReader - Reading json data from file @ testData/api/devAPIData.json
2021-12-15_16:58:58.487 [main] INFO  pl.rest.service.CardIssue - CardIssue Rest API URL :- https://apitest.pineperks.in/card/order/V1/instant/issue/nonreloadable/digital
2021-12-15_16:58:58.488 [main] INFO  com.qc.BaseAPI - POST call to URL https://apitest.pineperks.in/card/order/V1/instant/issue/nonreloadable/digital
2021-12-15_16:58:58.502 [main] INFO  com.qc.BaseAPI - ********************REQUEST********************
2021-12-15_16:58:58.540 [main] DEBUG o.a.h.i.c.BasicClientConnectionManager - Get connection for route {s}->https://apitest.pineperks.in:443
2021-12-15_16:58:58.541 [main] DEBUG o.a.h.i.c.DefaultClientConnectionOperator - Connecting to apitest.pineperks.in:443
2021-12-15_16:58:58.666 [main] DEBUG o.a.h.c.protocol.RequestAddCookies - CookieSpec selected: ignoreCookies
2021-12-15_16:58:58.666 [main] DEBUG o.a.h.c.protocol.RequestAuthCache - Auth cache not set in the context
2021-12-15_16:58:58.667 [main] DEBUG o.a.h.c.p.RequestTargetAuthentication - Target auth state: UNCHALLENGED
2021-12-15_16:58:58.667 [main] DEBUG o.a.h.c.p.RequestProxyAuthentication - Proxy auth state: UNCHALLENGED
2021-12-15_16:58:58.667 [main] DEBUG o.a.h.impl.client.DefaultHttpClient - Attempt 1 to execute request
2021-12-15_16:58:58.667 [main] DEBUG o.a.h.i.conn.DefaultClientConnection - Sending request: POST /card/order/V1/instant/issue/nonreloadable/digital HTTP/1.1
2021-12-15_16:58:58.667 [main] DEBUG org.apache.http.wire -  >> "POST /card/order/V1/instant/issue/nonreloadable/digital HTTP/1.1[\r][\n]"
2021-12-15_16:58:58.668 [main] DEBUG org.apache.http.wire -  >> "Accept: */*[\r][\n]"
2021-12-15_16:58:58.668 [main] DEBUG org.apache.http.wire -  >> "userName: A0aCcnPzDANtKmvSLPKcaw==[\r][\n]"
2021-12-15_16:58:58.668 [main] DEBUG org.apache.http.wire -  >> "token: 00ccdd9d647d4280af89afde570b8c2a[\r][\n]"
2021-12-15_16:58:58.668 [main] DEBUG org.apache.http.wire -  >> "Content-Type: application/json; charset=UTF-8[\r][\n]"
2021-12-15_16:58:58.668 [main] DEBUG org.apache.http.wire -  >> "Content-Length: 241[\r][\n]"
2021-12-15_16:58:58.668 [main] DEBUG org.apache.http.wire -  >> "Host: apitest.pineperks.in[\r][\n]"
2021-12-15_16:58:58.668 [main] DEBUG org.apache.http.wire -  >> "Connection: Keep-Alive[\r][\n]"
2021-12-15_16:58:58.669 [main] DEBUG org.apache.http.wire -  >> "User-Agent: Apache-HttpClient/4.5.2 (Java/1.8.0_202)[\r][\n]"
2021-12-15_16:58:58.669 [main] DEBUG org.apache.http.wire -  >> "Accept-Encoding: gzip,deflate[\r][\n]"
2021-12-15_16:58:58.669 [main] DEBUG org.apache.http.wire -  >> "[\r][\n]"
2021-12-15_16:58:58.669 [main] DEBUG org.apache.http.headers - >> POST /card/order/V1/instant/issue/nonreloadable/digital HTTP/1.1
2021-12-15_16:58:58.669 [main] DEBUG org.apache.http.headers - >> Accept: */*
2021-12-15_16:58:58.669 [main] DEBUG org.apache.http.headers - >> userName: A0aCcnPzDANtKmvSLPKcaw==
2021-12-15_16:58:58.669 [main] DEBUG org.apache.http.headers - >> token: 00ccdd9d647d4280af89afde570b8c2a
2021-12-15_16:58:58.670 [main] DEBUG org.apache.http.headers - >> Content-Type: application/json; charset=UTF-8
2021-12-15_16:58:58.670 [main] DEBUG org.apache.http.headers - >> Content-Length: 241
2021-12-15_16:58:58.670 [main] DEBUG org.apache.http.headers - >> Host: apitest.pineperks.in
2021-12-15_16:58:58.670 [main] DEBUG org.apache.http.headers - >> Connection: Keep-Alive
2021-12-15_16:58:58.670 [main] DEBUG org.apache.http.headers - >> User-Agent: Apache-HttpClient/4.5.2 (Java/1.8.0_202)
2021-12-15_16:58:58.670 [main] DEBUG org.apache.http.headers - >> Accept-Encoding: gzip,deflate
2021-12-15_16:58:58.671 [main] DEBUG org.apache.http.wire -  >> "{"isLinkToBeSentOnMobile":true,"checksum":"5x3GNrnStyS2PkMvV6EeAw==","cardDetailList":[{"amount":"1000","mobileNumber":"8284854535","customerName":"afzal","email":"afzal.ahmed@pinelabs.com"}],"externalRequestId":"p6cdtnG","cardSchemeId":"7"}"
2021-12-15_16:58:59.250 [main] DEBUG org.apache.http.wire -  << "HTTP/1.1 200 [\r][\n]"
2021-12-15_16:58:59.251 [main] DEBUG org.apache.http.wire -  << "Access-Control-Allow-Methods: GET, POST[\r][\n]"
2021-12-15_16:58:59.252 [main] DEBUG org.apache.http.wire -  << "Access-Control-Allow-Origin: *[\r][\n]"
2021-12-15_16:58:59.252 [main] DEBUG org.apache.http.wire -  << "Content-Security-Policy: default-src 'none'[\r][\n]"
2021-12-15_16:58:59.253 [main] DEBUG org.apache.http.wire -  << "Feature-Policy: 'none'[\r][\n]"
2021-12-15_16:58:59.253 [main] DEBUG org.apache.http.wire -  << "Referrer-Policy: no-referrer[\r][\n]"
2021-12-15_16:58:59.253 [main] DEBUG org.apache.http.wire -  << "Strict-Transport-Security: max-age=31536000 ; includeSubDomains[\r][\n]"
2021-12-15_16:58:59.253 [main] DEBUG org.apache.http.wire -  << "Date: Wed, 15 Dec 2021 11:28:59 GMT[\r][\n]"
2021-12-15_16:58:59.253 [main] DEBUG org.apache.http.wire -  << "Keep-Alive: timeout=60[\r][\n]"
2021-12-15_16:58:59.254 [main] DEBUG org.apache.http.wire -  << "Content-Type: application/json[\r][\n]"
2021-12-15_16:58:59.254 [main] DEBUG org.apache.http.wire -  << "Transfer-Encoding: chunked[\r][\n]"
2021-12-15_16:58:59.254 [main] DEBUG org.apache.http.wire -  << "Connection: keep-alive[\r][\n]"
2021-12-15_16:58:59.254 [main] DEBUG org.apache.http.wire -  << "[\r][\n]"
2021-12-15_16:58:59.254 [main] DEBUG o.a.h.i.conn.DefaultClientConnection - Receiving response: HTTP/1.1 200 
2021-12-15_16:58:59.254 [main] DEBUG org.apache.http.headers - << HTTP/1.1 200 
2021-12-15_16:58:59.255 [main] DEBUG org.apache.http.headers - << Access-Control-Allow-Methods: GET, POST
2021-12-15_16:58:59.255 [main] DEBUG org.apache.http.headers - << Access-Control-Allow-Origin: *
2021-12-15_16:58:59.255 [main] DEBUG org.apache.http.headers - << Content-Security-Policy: default-src 'none'
2021-12-15_16:58:59.255 [main] DEBUG org.apache.http.headers - << Feature-Policy: 'none'
2021-12-15_16:58:59.255 [main] DEBUG org.apache.http.headers - << Referrer-Policy: no-referrer
2021-12-15_16:58:59.255 [main] DEBUG org.apache.http.headers - << Strict-Transport-Security: max-age=31536000 ; includeSubDomains
2021-12-15_16:58:59.256 [main] DEBUG org.apache.http.headers - << Date: Wed, 15 Dec 2021 11:28:59 GMT
2021-12-15_16:58:59.256 [main] DEBUG org.apache.http.headers - << Keep-Alive: timeout=60
2021-12-15_16:58:59.256 [main] DEBUG org.apache.http.headers - << Content-Type: application/json
2021-12-15_16:58:59.256 [main] DEBUG org.apache.http.headers - << Transfer-Encoding: chunked
2021-12-15_16:58:59.256 [main] DEBUG org.apache.http.headers - << Connection: keep-alive
2021-12-15_16:58:59.257 [main] DEBUG o.a.h.impl.client.DefaultHttpClient - Connection can be kept alive for 60000 MILLISECONDS
2021-12-15_16:58:59.258 [main] DEBUG i.r.i.RequestSpecificationImpl$RestAssuredHttpBuilder - Parsing response as: application/json
2021-12-15_16:58:59.258 [main] DEBUG i.r.i.RequestSpecificationImpl$RestAssuredHttpBuilder - Parsed data to instance of: class org.apache.http.conn.EofSensorInputStream
2021-12-15_16:58:59.260 [main] INFO  com.qc.BaseAPI - Method :POST
2021-12-15_16:58:59.264 [main] INFO  com.qc.BaseAPI - URI :https://apitest.pineperks.in/card/order/V1/instant/issue/nonreloadable/digital
2021-12-15_16:58:59.265 [main] INFO  com.qc.BaseAPI - Headers :token=00ccdd9d647d4280af89afde570b8c2a
userName=A0aCcnPzDANtKmvSLPKcaw==
Accept=*/*
Content-Type=application/json; charset=UTF-8
2021-12-15_16:58:59.265 [main] INFO  com.qc.BaseAPI - Body :{"isLinkToBeSentOnMobile":true,"checksum":"5x3GNrnStyS2PkMvV6EeAw==","cardDetailList":[{"amount":"1000","mobileNumber":"8284854535","customerName":"afzal","email":"afzal.ahmed@pinelabs.com"}],"externalRequestId":"p6cdtnG","cardSchemeId":"7"}
2021-12-15_16:58:59.265 [main] INFO  com.qc.BaseAPI - ********************RESPONSE********************
2021-12-15_16:58:59.265 [main] DEBUG org.apache.http.wire -  << "1f1[\r][\n]"
2021-12-15_16:58:59.265 [main] DEBUG org.apache.http.wire -  << "{"externalRequestId":"p6cdtnG","orderId":12445,"orderStatus":6,"cardDetailResponseList":[{"referenceNumber":8736856789,"serialNumber":12445000010001,"customerName":"afzal","mobileNumber":8284854535,"email":"afzal.ahmed@pinelabs.com","amount":1000,"cardLink":"test.pineperks.in/eCard?c=L.Y7yLJhZvyE.Uw5ftfvrQ2","responseCode":0,"responseMessage":"Success"}],"successCount":1,"failedCount":0,"orderAmount":1000,"issuanceCharge":100,"netOrderAmount":1100,"responseCode":0,"responseMessage":"Success"}"
2021-12-15_16:58:59.266 [main] DEBUG org.apache.http.wire -  << "[\r][\n]"
2021-12-15_16:58:59.266 [main] DEBUG org.apache.http.wire -  << "0[\r][\n]"
2021-12-15_16:58:59.266 [main] DEBUG org.apache.http.wire -  << "[\r][\n]"
2021-12-15_16:58:59.266 [main] DEBUG o.a.h.i.c.BasicClientConnectionManager - Releasing connection org.apache.http.impl.conn.ManagedClientConnectionImpl@49510c14
2021-12-15_16:58:59.266 [main] DEBUG o.a.h.i.c.BasicClientConnectionManager - Connection can be kept alive for 60000 MILLISECONDS
2021-12-15_16:58:59.270 [main] INFO  com.qc.BaseAPI - Response :{
    "externalRequestId": "p6cdtnG",
    "orderId": 12445,
    "orderStatus": 6,
    "cardDetailResponseList": [
        {
            "referenceNumber": 8736856789,
            "serialNumber": 12445000010001,
            "customerName": "afzal",
            "mobileNumber": 8284854535,
            "email": "afzal.ahmed@pinelabs.com",
            "amount": 1000,
            "cardLink": "test.pineperks.in/eCard?c=L.Y7yLJhZvyE.Uw5ftfvrQ2",
            "responseCode": 0,
            "responseMessage": "Success"
        }
    ],
    "successCount": 1,
    "failedCount": 0,
    "orderAmount": 1000,
    "issuanceCharge": 100,
    "netOrderAmount": 1100,
    "responseCode": 0,
    "responseMessage": "Success"
}
2021-12-15_16:58:59.271 [main] INFO  com.qc.BaseAPI -  **** POST call Response time 756 ms
2021-12-15_16:58:59.271 [main] INFO  pl.rest.service.CardIssue - Time Taken to perform https://apitest.pineperks.in/card/order/V1/instant/issue/nonreloadable/digital transaction: 756
2021-12-15_16:58:59.747 [main] INFO  p.rest.stepDefs.TransactionsStepDefs - referenceNumber isnull
2021-12-15_16:58:59.753 [main] INFO  pl.rest.utils.DBUtils - Fetching card details from card table, using Query:  Select CorporateId,CardSchemeId,ActivationEmail,ActivationEmail,ActivationMobileNumber from card AS bigint where ReferenceNumber=convert(bigint, 1789154895);
2021-12-15_16:58:59.794 [main] ERROR com.qc.qa.utils.LoadProperties - Missing MySQLDBEnvironment property value in system property or in config.properties files.Please add it if incase required
2021-12-15_16:58:59.796 [main] INFO  com.qc.qa.dbutils.DBPoolProvider - Con pool Total - 400, idle - 0,  Num active - 0
2021-12-15_16:58:59.796 [main] INFO  com.qc.qa.dbutils.DBPoolProvider - Retrieved connection
2021-12-15_16:59:00.830 [main] INFO  pl.rest.utils.DBUtils - Card database values: {ActivationMobileNumber=8284854535, CorporateId=6, CardSchemeId=7, ActivationEmail=afzal.ahmed@pinelabs.com}
