2022-01-27_17:22:23.639 [main] INFO  pl.rest.CustomHooks - SCENARIO NAME: Issuing a instant non reloadable card
2022-01-27_17:22:23.641 [main] INFO  pl.rest.CustomHooks - TAG NAMEs: [@Regression, @DB]
2022-01-27_17:22:23.644 [main] INFO  pl.rest.CustomHooks - SCENARIO NAME: Issuing a instant non reloadable card
2022-01-27_17:22:23.644 [main] INFO  pl.rest.CustomHooks - TAG NAMEs: [@Regression, @DB]
2022-01-27_17:22:23.703 [main] INFO  pl.rest.CustomHooks - Index: 0, Size: 0
2022-01-27_17:22:25.065 [main] INFO  com.qc.qa.utils.TestDataReader - Reading API Test Data config values from  testData/api/devAPITestData.properties
2022-01-27_17:22:25.072 [main] INFO  pl.rest.service.Authorize - Authorize Rest API URL :- https://apitest.pineperks.in/auth/V1/generate/token
2022-01-27_17:22:25.072 [main] INFO  com.qc.BaseAPI - GET call to URL https://apitest.pineperks.in/auth/V1/generate/token
2022-01-27_17:22:25.266 [main] INFO  com.qc.BaseAPI - ********************REQUEST********************
2022-01-27_17:22:27.025 [main] DEBUG o.a.h.i.c.BasicClientConnectionManager - Get connection for route {s}->https://apitest.pineperks.in:443
2022-01-27_17:22:27.079 [main] DEBUG o.a.h.i.c.DefaultClientConnectionOperator - Connecting to apitest.pineperks.in:443
2022-01-27_17:22:27.273 [main] DEBUG o.a.h.c.protocol.RequestAddCookies - CookieSpec selected: ignoreCookies
2022-01-27_17:22:27.274 [main] DEBUG o.a.h.c.protocol.RequestAuthCache - Auth cache not set in the context
2022-01-27_17:22:27.275 [main] DEBUG o.a.h.c.p.RequestTargetAuthentication - Target auth state: UNCHALLENGED
2022-01-27_17:22:27.276 [main] DEBUG o.a.h.c.p.RequestProxyAuthentication - Proxy auth state: UNCHALLENGED
2022-01-27_17:22:27.276 [main] DEBUG o.a.h.impl.client.DefaultHttpClient - Attempt 1 to execute request
2022-01-27_17:22:27.276 [main] DEBUG o.a.h.i.conn.DefaultClientConnection - Sending request: GET /auth/V1/generate/token HTTP/1.1
2022-01-27_17:22:27.277 [main] DEBUG org.apache.http.wire -  >> "GET /auth/V1/generate/token HTTP/1.1[\r][\n]"
2022-01-27_17:22:27.278 [main] DEBUG org.apache.http.wire -  >> "Content-Type: application/json; charset=UTF-8[\r][\n]"
2022-01-27_17:22:27.278 [main] DEBUG org.apache.http.wire -  >> "Accept: */*[\r][\n]"
2022-01-27_17:22:27.278 [main] DEBUG org.apache.http.wire -  >> "userName: A0aCcnPzDANtKmvSLPKcaw==[\r][\n]"
2022-01-27_17:22:27.278 [main] DEBUG org.apache.http.wire -  >> "Host: apitest.pineperks.in[\r][\n]"
2022-01-27_17:22:27.278 [main] DEBUG org.apache.http.wire -  >> "Connection: Keep-Alive[\r][\n]"
2022-01-27_17:22:27.278 [main] DEBUG org.apache.http.wire -  >> "User-Agent: Apache-HttpClient/4.5.2 (Java/1.8.0_202)[\r][\n]"
2022-01-27_17:22:27.279 [main] DEBUG org.apache.http.wire -  >> "Accept-Encoding: gzip,deflate[\r][\n]"
2022-01-27_17:22:27.279 [main] DEBUG org.apache.http.wire -  >> "[\r][\n]"
2022-01-27_17:22:27.279 [main] DEBUG org.apache.http.headers - >> GET /auth/V1/generate/token HTTP/1.1
2022-01-27_17:22:27.279 [main] DEBUG org.apache.http.headers - >> Content-Type: application/json; charset=UTF-8
2022-01-27_17:22:27.279 [main] DEBUG org.apache.http.headers - >> Accept: */*
2022-01-27_17:22:27.279 [main] DEBUG org.apache.http.headers - >> userName: A0aCcnPzDANtKmvSLPKcaw==
2022-01-27_17:22:27.279 [main] DEBUG org.apache.http.headers - >> Host: apitest.pineperks.in
2022-01-27_17:22:27.279 [main] DEBUG org.apache.http.headers - >> Connection: Keep-Alive
2022-01-27_17:22:27.281 [main] DEBUG org.apache.http.headers - >> User-Agent: Apache-HttpClient/4.5.2 (Java/1.8.0_202)
2022-01-27_17:22:27.281 [main] DEBUG org.apache.http.headers - >> Accept-Encoding: gzip,deflate
2022-01-27_17:22:27.319 [main] DEBUG org.apache.http.wire -  << "HTTP/1.1 200 [\r][\n]"
2022-01-27_17:22:27.322 [main] DEBUG org.apache.http.wire -  << "Access-Control-Allow-Methods: GET, POST[\r][\n]"
2022-01-27_17:22:27.323 [main] DEBUG org.apache.http.wire -  << "Access-Control-Allow-Origin: *[\r][\n]"
2022-01-27_17:22:27.323 [main] DEBUG org.apache.http.wire -  << "Content-Security-Policy: default-src 'none'[\r][\n]"
2022-01-27_17:22:27.323 [main] DEBUG org.apache.http.wire -  << "Feature-Policy: 'none'[\r][\n]"
2022-01-27_17:22:27.323 [main] DEBUG org.apache.http.wire -  << "Referrer-Policy: no-referrer[\r][\n]"
2022-01-27_17:22:27.324 [main] DEBUG org.apache.http.wire -  << "Strict-Transport-Security: max-age=31536000 ; includeSubDomains[\r][\n]"
2022-01-27_17:22:27.324 [main] DEBUG org.apache.http.wire -  << "Date: Thu, 27 Jan 2022 11:52:27 GMT[\r][\n]"
2022-01-27_17:22:27.324 [main] DEBUG org.apache.http.wire -  << "Keep-Alive: timeout=60[\r][\n]"
2022-01-27_17:22:27.326 [main] DEBUG org.apache.http.wire -  << "Content-Type: application/json[\r][\n]"
2022-01-27_17:22:27.326 [main] DEBUG org.apache.http.wire -  << "Transfer-Encoding: chunked[\r][\n]"
2022-01-27_17:22:27.326 [main] DEBUG org.apache.http.wire -  << "Connection: keep-alive[\r][\n]"
2022-01-27_17:22:27.326 [main] DEBUG org.apache.http.wire -  << "[\r][\n]"
2022-01-27_17:22:27.328 [main] DEBUG o.a.h.i.conn.DefaultClientConnection - Receiving response: HTTP/1.1 200 
2022-01-27_17:22:27.328 [main] DEBUG org.apache.http.headers - << HTTP/1.1 200 
2022-01-27_17:22:27.328 [main] DEBUG org.apache.http.headers - << Access-Control-Allow-Methods: GET, POST
2022-01-27_17:22:27.329 [main] DEBUG org.apache.http.headers - << Access-Control-Allow-Origin: *
2022-01-27_17:22:27.329 [main] DEBUG org.apache.http.headers - << Content-Security-Policy: default-src 'none'
2022-01-27_17:22:27.329 [main] DEBUG org.apache.http.headers - << Feature-Policy: 'none'
2022-01-27_17:22:27.329 [main] DEBUG org.apache.http.headers - << Referrer-Policy: no-referrer
2022-01-27_17:22:27.329 [main] DEBUG org.apache.http.headers - << Strict-Transport-Security: max-age=31536000 ; includeSubDomains
2022-01-27_17:22:27.329 [main] DEBUG org.apache.http.headers - << Date: Thu, 27 Jan 2022 11:52:27 GMT
2022-01-27_17:22:27.330 [main] DEBUG org.apache.http.headers - << Keep-Alive: timeout=60
2022-01-27_17:22:27.330 [main] DEBUG org.apache.http.headers - << Content-Type: application/json
2022-01-27_17:22:27.330 [main] DEBUG org.apache.http.headers - << Transfer-Encoding: chunked
2022-01-27_17:22:27.330 [main] DEBUG org.apache.http.headers - << Connection: keep-alive
2022-01-27_17:22:27.340 [main] DEBUG o.a.h.impl.client.DefaultHttpClient - Connection can be kept alive for 60000 MILLISECONDS
2022-01-27_17:22:27.373 [main] DEBUG i.r.i.RequestSpecificationImpl$RestAssuredHttpBuilder - Parsing response as: application/json
2022-01-27_17:22:27.373 [main] DEBUG i.r.i.RequestSpecificationImpl$RestAssuredHttpBuilder - Parsed data to instance of: class org.apache.http.conn.EofSensorInputStream
2022-01-27_17:22:27.400 [main] INFO  com.qc.BaseAPI - Method :GET
2022-01-27_17:22:27.404 [main] INFO  com.qc.BaseAPI - URI :https://apitest.pineperks.in/auth/V1/generate/token
2022-01-27_17:22:27.405 [main] INFO  com.qc.BaseAPI - Headers :userName=A0aCcnPzDANtKmvSLPKcaw==
Accept=*/*
Content-Type=application/json; charset=UTF-8
2022-01-27_17:22:27.405 [main] INFO  com.qc.BaseAPI - Body :null
2022-01-27_17:22:27.405 [main] INFO  com.qc.BaseAPI - ********************RESPONSE********************
2022-01-27_17:22:27.420 [main] DEBUG org.apache.http.wire -  << "7f[\r][\n]"
2022-01-27_17:22:27.420 [main] DEBUG org.apache.http.wire -  << "{"accessToken":"16ba414c9dd74d6b8f722c46a8e96d96","tokenExpiryTime":"27-Jan-2024","responseCode":0,"responseMessage":"Success"}"
2022-01-27_17:22:27.421 [main] DEBUG org.apache.http.wire -  << "[\r][\n]"
2022-01-27_17:22:27.421 [main] DEBUG org.apache.http.wire -  << "0[\r][\n]"
2022-01-27_17:22:27.422 [main] DEBUG org.apache.http.wire -  << "[\r][\n]"
2022-01-27_17:22:27.422 [main] DEBUG o.a.h.i.c.BasicClientConnectionManager - Releasing connection org.apache.http.impl.conn.ManagedClientConnectionImpl@6e432c80
2022-01-27_17:22:27.422 [main] DEBUG o.a.h.i.c.BasicClientConnectionManager - Connection can be kept alive for 60000 MILLISECONDS
2022-01-27_17:22:27.450 [main] INFO  com.qc.BaseAPI - Response :{
    "accessToken": "16ba414c9dd74d6b8f722c46a8e96d96",
    "tokenExpiryTime": "27-Jan-2024",
    "responseCode": 0,
    "responseMessage": "Success"
}
2022-01-27_17:22:27.452 [main] INFO  com.qc.BaseAPI -  **** GET call Response time 2115 ms
2022-01-27_17:22:27.452 [main] INFO  pl.rest.service.Authorize - Time Taken to perform https://apitest.pineperks.in/auth/V1/generate/token transaction: 2115
2022-01-27_17:22:27.543 [main] INFO  com.qc.qa.utils.TestDataReader - Reading Json data authorizeHeaders
2022-01-27_17:22:27.548 [main] INFO  com.qc.qa.utils.TestDataReader - Reading json data from file @ testData/api/devAPIData.json
2022-01-27_17:22:27.576 [main] INFO  pl.rest.service.CardIssue - CardIssue Rest API URL :- https://apitest.pineperks.in/card/order/V1/instant/issue/nonreloadable/digital
2022-01-27_17:22:27.576 [main] INFO  com.qc.BaseAPI - POST call to URL https://apitest.pineperks.in/card/order/V1/instant/issue/nonreloadable/digital
2022-01-27_17:22:27.588 [main] INFO  com.qc.BaseAPI - ********************REQUEST********************
2022-01-27_17:22:27.621 [main] DEBUG o.a.h.i.c.BasicClientConnectionManager - Get connection for route {s}->https://apitest.pineperks.in:443
2022-01-27_17:22:27.621 [main] DEBUG o.a.h.i.c.DefaultClientConnectionOperator - Connecting to apitest.pineperks.in:443
2022-01-27_17:22:27.737 [main] DEBUG o.a.h.c.protocol.RequestAddCookies - CookieSpec selected: ignoreCookies
2022-01-27_17:22:27.737 [main] DEBUG o.a.h.c.protocol.RequestAuthCache - Auth cache not set in the context
2022-01-27_17:22:27.737 [main] DEBUG o.a.h.c.p.RequestTargetAuthentication - Target auth state: UNCHALLENGED
2022-01-27_17:22:27.737 [main] DEBUG o.a.h.c.p.RequestProxyAuthentication - Proxy auth state: UNCHALLENGED
2022-01-27_17:22:27.737 [main] DEBUG o.a.h.impl.client.DefaultHttpClient - Attempt 1 to execute request
2022-01-27_17:22:27.737 [main] DEBUG o.a.h.i.conn.DefaultClientConnection - Sending request: POST /card/order/V1/instant/issue/nonreloadable/digital HTTP/1.1
2022-01-27_17:22:27.737 [main] DEBUG org.apache.http.wire -  >> "POST /card/order/V1/instant/issue/nonreloadable/digital HTTP/1.1[\r][\n]"
2022-01-27_17:22:27.738 [main] DEBUG org.apache.http.wire -  >> "Accept: */*[\r][\n]"
2022-01-27_17:22:27.738 [main] DEBUG org.apache.http.wire -  >> "userName: A0aCcnPzDANtKmvSLPKcaw==[\r][\n]"
2022-01-27_17:22:27.738 [main] DEBUG org.apache.http.wire -  >> "token: 16ba414c9dd74d6b8f722c46a8e96d96[\r][\n]"
2022-01-27_17:22:27.738 [main] DEBUG org.apache.http.wire -  >> "Content-Type: application/json; charset=UTF-8[\r][\n]"
2022-01-27_17:22:27.738 [main] DEBUG org.apache.http.wire -  >> "Content-Length: 241[\r][\n]"
2022-01-27_17:22:27.738 [main] DEBUG org.apache.http.wire -  >> "Host: apitest.pineperks.in[\r][\n]"
2022-01-27_17:22:27.738 [main] DEBUG org.apache.http.wire -  >> "Connection: Keep-Alive[\r][\n]"
2022-01-27_17:22:27.738 [main] DEBUG org.apache.http.wire -  >> "User-Agent: Apache-HttpClient/4.5.2 (Java/1.8.0_202)[\r][\n]"
2022-01-27_17:22:27.739 [main] DEBUG org.apache.http.wire -  >> "Accept-Encoding: gzip,deflate[\r][\n]"
2022-01-27_17:22:27.739 [main] DEBUG org.apache.http.wire -  >> "[\r][\n]"
2022-01-27_17:22:27.739 [main] DEBUG org.apache.http.headers - >> POST /card/order/V1/instant/issue/nonreloadable/digital HTTP/1.1
2022-01-27_17:22:27.739 [main] DEBUG org.apache.http.headers - >> Accept: */*
2022-01-27_17:22:27.739 [main] DEBUG org.apache.http.headers - >> userName: A0aCcnPzDANtKmvSLPKcaw==
2022-01-27_17:22:27.739 [main] DEBUG org.apache.http.headers - >> token: 16ba414c9dd74d6b8f722c46a8e96d96
2022-01-27_17:22:27.739 [main] DEBUG org.apache.http.headers - >> Content-Type: application/json; charset=UTF-8
2022-01-27_17:22:27.739 [main] DEBUG org.apache.http.headers - >> Content-Length: 241
2022-01-27_17:22:27.739 [main] DEBUG org.apache.http.headers - >> Host: apitest.pineperks.in
2022-01-27_17:22:27.739 [main] DEBUG org.apache.http.headers - >> Connection: Keep-Alive
2022-01-27_17:22:27.739 [main] DEBUG org.apache.http.headers - >> User-Agent: Apache-HttpClient/4.5.2 (Java/1.8.0_202)
2022-01-27_17:22:27.739 [main] DEBUG org.apache.http.headers - >> Accept-Encoding: gzip,deflate
2022-01-27_17:22:27.739 [main] DEBUG org.apache.http.wire -  >> "{"isLinkToBeSentOnMobile":true,"checksum":"5x3GNrnStyS2PkMvV6EeAw==","cardDetailList":[{"amount":"1000","mobileNumber":"8284854535","customerName":"afzal","email":"afzal.ahmed@pinelabs.com"}],"externalRequestId":"T0tGqrG","cardSchemeId":"7"}"
2022-01-27_17:22:28.087 [main] DEBUG org.apache.http.wire -  << "HTTP/1.1 200 [\r][\n]"
2022-01-27_17:22:28.088 [main] DEBUG org.apache.http.wire -  << "Access-Control-Allow-Methods: GET, POST[\r][\n]"
2022-01-27_17:22:28.088 [main] DEBUG org.apache.http.wire -  << "Access-Control-Allow-Origin: *[\r][\n]"
2022-01-27_17:22:28.088 [main] DEBUG org.apache.http.wire -  << "Content-Security-Policy: default-src 'none'[\r][\n]"
2022-01-27_17:22:28.088 [main] DEBUG org.apache.http.wire -  << "Feature-Policy: 'none'[\r][\n]"
2022-01-27_17:22:28.088 [main] DEBUG org.apache.http.wire -  << "Referrer-Policy: no-referrer[\r][\n]"
2022-01-27_17:22:28.088 [main] DEBUG org.apache.http.wire -  << "Strict-Transport-Security: max-age=31536000 ; includeSubDomains[\r][\n]"
2022-01-27_17:22:28.088 [main] DEBUG org.apache.http.wire -  << "Date: Thu, 27 Jan 2022 11:52:27 GMT[\r][\n]"
2022-01-27_17:22:28.088 [main] DEBUG org.apache.http.wire -  << "Keep-Alive: timeout=60[\r][\n]"
2022-01-27_17:22:28.088 [main] DEBUG org.apache.http.wire -  << "Content-Type: application/json[\r][\n]"
2022-01-27_17:22:28.088 [main] DEBUG org.apache.http.wire -  << "Transfer-Encoding: chunked[\r][\n]"
2022-01-27_17:22:28.088 [main] DEBUG org.apache.http.wire -  << "Connection: keep-alive[\r][\n]"
2022-01-27_17:22:28.088 [main] DEBUG org.apache.http.wire -  << "[\r][\n]"
2022-01-27_17:22:28.088 [main] DEBUG o.a.h.i.conn.DefaultClientConnection - Receiving response: HTTP/1.1 200 
2022-01-27_17:22:28.088 [main] DEBUG org.apache.http.headers - << HTTP/1.1 200 
2022-01-27_17:22:28.089 [main] DEBUG org.apache.http.headers - << Access-Control-Allow-Methods: GET, POST
2022-01-27_17:22:28.089 [main] DEBUG org.apache.http.headers - << Access-Control-Allow-Origin: *
2022-01-27_17:22:28.089 [main] DEBUG org.apache.http.headers - << Content-Security-Policy: default-src 'none'
2022-01-27_17:22:28.089 [main] DEBUG org.apache.http.headers - << Feature-Policy: 'none'
2022-01-27_17:22:28.089 [main] DEBUG org.apache.http.headers - << Referrer-Policy: no-referrer
2022-01-27_17:22:28.089 [main] DEBUG org.apache.http.headers - << Strict-Transport-Security: max-age=31536000 ; includeSubDomains
2022-01-27_17:22:28.089 [main] DEBUG org.apache.http.headers - << Date: Thu, 27 Jan 2022 11:52:27 GMT
2022-01-27_17:22:28.089 [main] DEBUG org.apache.http.headers - << Keep-Alive: timeout=60
2022-01-27_17:22:28.089 [main] DEBUG org.apache.http.headers - << Content-Type: application/json
2022-01-27_17:22:28.089 [main] DEBUG org.apache.http.headers - << Transfer-Encoding: chunked
2022-01-27_17:22:28.089 [main] DEBUG org.apache.http.headers - << Connection: keep-alive
2022-01-27_17:22:28.089 [main] DEBUG o.a.h.impl.client.DefaultHttpClient - Connection can be kept alive for 60000 MILLISECONDS
2022-01-27_17:22:28.090 [main] DEBUG i.r.i.RequestSpecificationImpl$RestAssuredHttpBuilder - Parsing response as: application/json
2022-01-27_17:22:28.090 [main] DEBUG i.r.i.RequestSpecificationImpl$RestAssuredHttpBuilder - Parsed data to instance of: class org.apache.http.conn.EofSensorInputStream
2022-01-27_17:22:28.091 [main] INFO  com.qc.BaseAPI - Method :POST
2022-01-27_17:22:28.093 [main] INFO  com.qc.BaseAPI - URI :https://apitest.pineperks.in/card/order/V1/instant/issue/nonreloadable/digital
2022-01-27_17:22:28.093 [main] INFO  com.qc.BaseAPI - Headers :token=16ba414c9dd74d6b8f722c46a8e96d96
userName=A0aCcnPzDANtKmvSLPKcaw==
Accept=*/*
Content-Type=application/json; charset=UTF-8
2022-01-27_17:22:28.093 [main] INFO  com.qc.BaseAPI - Body :{"isLinkToBeSentOnMobile":true,"checksum":"5x3GNrnStyS2PkMvV6EeAw==","cardDetailList":[{"amount":"1000","mobileNumber":"8284854535","customerName":"afzal","email":"afzal.ahmed@pinelabs.com"}],"externalRequestId":"T0tGqrG","cardSchemeId":"7"}
2022-01-27_17:22:28.093 [main] INFO  com.qc.BaseAPI - ********************RESPONSE********************
2022-01-27_17:22:28.093 [main] DEBUG org.apache.http.wire -  << "1f2[\r][\n]"
2022-01-27_17:22:28.094 [main] DEBUG org.apache.http.wire -  << "{"externalRequestId":"T0tGqrG","orderId":103035,"orderStatus":6,"cardDetailResponseList":[{"referenceNumber":4884524196,"serialNumber":10303500010001,"customerName":"afzal","mobileNumber":8284854535,"email":"afzal.ahmed@pinelabs.com","amount":1000,"cardLink":"test.pineperks.in/eCard?c=KdmUzY6eJhLuITHTeH7dJg2","responseCode":0,"responseMessage":"Success"}],"successCount":1,"failedCount":0,"orderAmount":1000,"issuanceCharge":100,"netOrderAmount":1100,"responseCode":0,"responseMessage":"Success"}"
2022-01-27_17:22:28.094 [main] DEBUG org.apache.http.wire -  << "[\r][\n]"
2022-01-27_17:22:28.094 [main] DEBUG org.apache.http.wire -  << "0[\r][\n]"
2022-01-27_17:22:28.094 [main] DEBUG org.apache.http.wire -  << "[\r][\n]"
2022-01-27_17:22:28.094 [main] DEBUG o.a.h.i.c.BasicClientConnectionManager - Releasing connection org.apache.http.impl.conn.ManagedClientConnectionImpl@2899f9e9
2022-01-27_17:22:28.094 [main] DEBUG o.a.h.i.c.BasicClientConnectionManager - Connection can be kept alive for 60000 MILLISECONDS
2022-01-27_17:22:28.095 [main] INFO  com.qc.BaseAPI - Response :{
    "externalRequestId": "T0tGqrG",
    "orderId": 103035,
    "orderStatus": 6,
    "cardDetailResponseList": [
        {
            "referenceNumber": 4884524196,
            "serialNumber": 10303500010001,
            "customerName": "afzal",
            "mobileNumber": 8284854535,
            "email": "afzal.ahmed@pinelabs.com",
            "amount": 1000,
            "cardLink": "test.pineperks.in/eCard?c=KdmUzY6eJhLuITHTeH7dJg2",
            "responseCode": 0,
            "responseMessage": "Success"
        }
    ],
    "successCount": 1,
    "failedCount": 0,
    "orderAmount": 1000,
    "issuanceCharge": 100,
    "netOrderAmount": 1100,
    "responseCode": 0,
    "responseMessage": "Success"
}
2022-01-27_17:22:28.096 [main] INFO  com.qc.BaseAPI -  **** POST call Response time 500 ms
2022-01-27_17:22:28.096 [main] INFO  pl.rest.service.CardIssue - Time Taken to perform https://apitest.pineperks.in/card/order/V1/instant/issue/nonreloadable/digital transaction: 500
2022-01-27_17:22:28.661 [main] INFO  pl.rest.utils.DBUtils - Query being executed Select * from ExternalRequestDetail where ordersummaryid=103035;
2022-01-27_17:22:28.706 [main] ERROR com.qc.qa.utils.LoadProperties - Missing MySQLDBEnvironment property value in system property or in config.properties files.Please add it if incase required
2022-01-27_17:22:28.707 [main] INFO  com.qc.qa.dbutils.DBPoolProvider - Con pool Total - 400, idle - 0,  Num active - 0
2022-01-27_17:22:28.707 [main] INFO  com.qc.qa.dbutils.DBPoolProvider - Retrieved connection
2022-01-27_17:22:29.899 [main] INFO  pl.rest.utils.DBUtils - Query being executed SELECT TOP 1 * FROM ExternalRequestTimeLog ORDER BY ExternalRequestTimeLogId DESC
2022-01-27_17:22:29.899 [main] INFO  com.qc.qa.dbutils.DBPoolProvider - Con pool Total - 400, idle - 1,  Num active - 0
2022-01-27_17:22:29.899 [main] INFO  com.qc.qa.dbutils.DBPoolProvider - Retrieved connection
2022-01-27_17:22:29.957 [main] INFO  pl.rest.utils.DBUtils - Query being executed Select * from ordersummary where ordersummaryid=103035;
2022-01-27_17:22:29.958 [main] INFO  com.qc.qa.dbutils.DBPoolProvider - Con pool Total - 400, idle - 1,  Num active - 0
2022-01-27_17:22:29.958 [main] INFO  com.qc.qa.dbutils.DBPoolProvider - Retrieved connection
2022-01-27_17:22:30.065 [main] INFO  pl.rest.utils.DBUtils - Query being executed Select * from giftcardtransaction where ordersummaryid=103035;
2022-01-27_17:22:30.066 [main] INFO  com.qc.qa.dbutils.DBPoolProvider - Con pool Total - 400, idle - 1,  Num active - 0
2022-01-27_17:22:30.067 [main] INFO  com.qc.qa.dbutils.DBPoolProvider - Retrieved connection
2022-01-27_17:22:30.249 [main] INFO  pl.rest.utils.DBUtils - Query being executed Select * from corporateaccounthistory where ordersummaryid=103035;
2022-01-27_17:22:30.251 [main] INFO  com.qc.qa.dbutils.DBPoolProvider - Con pool Total - 400, idle - 1,  Num active - 0
2022-01-27_17:22:30.252 [main] INFO  com.qc.qa.dbutils.DBPoolProvider - Retrieved connection
2022-01-27_17:22:30.346 [main] INFO  pl.rest.utils.DBUtils - Query being executed Select * from card where ordersummaryid=103035;
2022-01-27_17:22:30.346 [main] INFO  com.qc.qa.dbutils.DBPoolProvider - Con pool Total - 400, idle - 1,  Num active - 0
2022-01-27_17:22:30.346 [main] INFO  com.qc.qa.dbutils.DBPoolProvider - Retrieved connection
2022-01-27_17:22:30.487 [main] INFO  pl.rest.CustomHooks - SCENARIO NAME: Issuing a instant non reloadable card
2022-01-27_17:22:30.488 [main] INFO  pl.rest.CustomHooks - TAG NAMEs: [@Regression, @DB]
2022-01-27_17:22:30.488 [main] INFO  pl.rest.CustomHooks - SCENARIO NAME: Issuing a instant non reloadable card
2022-01-27_17:22:30.489 [main] INFO  pl.rest.CustomHooks - TAG NAMEs: [@Regression, @DB]
2022-01-27_17:22:30.489 [main] INFO  pl.rest.CustomHooks - Index: 0, Size: 0
2022-01-27_17:22:30.639 [main] INFO  pl.rest.service.Authorize - Authorize Rest API URL :- https://apitest.pineperks.in/auth/V1/generate/token
2022-01-27_17:22:30.639 [main] INFO  com.qc.BaseAPI - GET call to URL https://apitest.pineperks.in/auth/V1/generate/token
2022-01-27_17:22:30.644 [main] INFO  com.qc.BaseAPI - ********************REQUEST********************
2022-01-27_17:22:30.658 [main] DEBUG o.a.h.i.c.BasicClientConnectionManager - Get connection for route {s}->https://apitest.pineperks.in:443
2022-01-27_17:22:30.659 [main] DEBUG o.a.h.i.c.DefaultClientConnectionOperator - Connecting to apitest.pineperks.in:443
2022-01-27_17:22:30.780 [main] DEBUG o.a.h.c.protocol.RequestAddCookies - CookieSpec selected: ignoreCookies
2022-01-27_17:22:30.780 [main] DEBUG o.a.h.c.protocol.RequestAuthCache - Auth cache not set in the context
2022-01-27_17:22:30.781 [main] DEBUG o.a.h.c.p.RequestTargetAuthentication - Target auth state: UNCHALLENGED
2022-01-27_17:22:30.781 [main] DEBUG o.a.h.c.p.RequestProxyAuthentication - Proxy auth state: UNCHALLENGED
2022-01-27_17:22:30.781 [main] DEBUG o.a.h.impl.client.DefaultHttpClient - Attempt 1 to execute request
2022-01-27_17:22:30.781 [main] DEBUG o.a.h.i.conn.DefaultClientConnection - Sending request: GET /auth/V1/generate/token HTTP/1.1
2022-01-27_17:22:30.782 [main] DEBUG org.apache.http.wire -  >> "GET /auth/V1/generate/token HTTP/1.1[\r][\n]"
2022-01-27_17:22:30.782 [main] DEBUG org.apache.http.wire -  >> "Content-Type: application/json; charset=UTF-8[\r][\n]"
2022-01-27_17:22:30.783 [main] DEBUG org.apache.http.wire -  >> "Accept: */*[\r][\n]"
2022-01-27_17:22:30.784 [main] DEBUG org.apache.http.wire -  >> "userName: A0aCcnPzDANtKmvSLPKcaw==[\r][\n]"
2022-01-27_17:22:30.785 [main] DEBUG org.apache.http.wire -  >> "Host: apitest.pineperks.in[\r][\n]"
2022-01-27_17:22:30.785 [main] DEBUG org.apache.http.wire -  >> "Connection: Keep-Alive[\r][\n]"
2022-01-27_17:22:30.785 [main] DEBUG org.apache.http.wire -  >> "User-Agent: Apache-HttpClient/4.5.2 (Java/1.8.0_202)[\r][\n]"
2022-01-27_17:22:30.785 [main] DEBUG org.apache.http.wire -  >> "Accept-Encoding: gzip,deflate[\r][\n]"
2022-01-27_17:22:30.785 [main] DEBUG org.apache.http.wire -  >> "[\r][\n]"
2022-01-27_17:22:30.786 [main] DEBUG org.apache.http.headers - >> GET /auth/V1/generate/token HTTP/1.1
2022-01-27_17:22:30.786 [main] DEBUG org.apache.http.headers - >> Content-Type: application/json; charset=UTF-8
2022-01-27_17:22:30.786 [main] DEBUG org.apache.http.headers - >> Accept: */*
2022-01-27_17:22:30.786 [main] DEBUG org.apache.http.headers - >> userName: A0aCcnPzDANtKmvSLPKcaw==
2022-01-27_17:22:30.786 [main] DEBUG org.apache.http.headers - >> Host: apitest.pineperks.in
2022-01-27_17:22:30.786 [main] DEBUG org.apache.http.headers - >> Connection: Keep-Alive
2022-01-27_17:22:30.786 [main] DEBUG org.apache.http.headers - >> User-Agent: Apache-HttpClient/4.5.2 (Java/1.8.0_202)
2022-01-27_17:22:30.787 [main] DEBUG org.apache.http.headers - >> Accept-Encoding: gzip,deflate
2022-01-27_17:22:30.812 [main] DEBUG org.apache.http.wire -  << "HTTP/1.1 200 [\r][\n]"
2022-01-27_17:22:30.813 [main] DEBUG org.apache.http.wire -  << "Access-Control-Allow-Methods: GET, POST[\r][\n]"
2022-01-27_17:22:30.813 [main] DEBUG org.apache.http.wire -  << "Access-Control-Allow-Origin: *[\r][\n]"
2022-01-27_17:22:30.813 [main] DEBUG org.apache.http.wire -  << "Content-Security-Policy: default-src 'none'[\r][\n]"
2022-01-27_17:22:30.813 [main] DEBUG org.apache.http.wire -  << "Feature-Policy: 'none'[\r][\n]"
2022-01-27_17:22:30.813 [main] DEBUG org.apache.http.wire -  << "Referrer-Policy: no-referrer[\r][\n]"
2022-01-27_17:22:30.813 [main] DEBUG org.apache.http.wire -  << "Strict-Transport-Security: max-age=31536000 ; includeSubDomains[\r][\n]"
2022-01-27_17:22:30.813 [main] DEBUG org.apache.http.wire -  << "Date: Thu, 27 Jan 2022 11:52:30 GMT[\r][\n]"
2022-01-27_17:22:30.813 [main] DEBUG org.apache.http.wire -  << "Keep-Alive: timeout=60[\r][\n]"
2022-01-27_17:22:30.815 [main] DEBUG org.apache.http.wire -  << "Content-Type: application/json[\r][\n]"
2022-01-27_17:22:30.815 [main] DEBUG org.apache.http.wire -  << "Transfer-Encoding: chunked[\r][\n]"
2022-01-27_17:22:30.815 [main] DEBUG org.apache.http.wire -  << "Connection: keep-alive[\r][\n]"
2022-01-27_17:22:30.815 [main] DEBUG org.apache.http.wire -  << "[\r][\n]"
2022-01-27_17:22:30.815 [main] DEBUG o.a.h.i.conn.DefaultClientConnection - Receiving response: HTTP/1.1 200 
2022-01-27_17:22:30.815 [main] DEBUG org.apache.http.headers - << HTTP/1.1 200 
2022-01-27_17:22:30.816 [main] DEBUG org.apache.http.headers - << Access-Control-Allow-Methods: GET, POST
2022-01-27_17:22:30.816 [main] DEBUG org.apache.http.headers - << Access-Control-Allow-Origin: *
2022-01-27_17:22:30.817 [main] DEBUG org.apache.http.headers - << Content-Security-Policy: default-src 'none'
2022-01-27_17:22:30.817 [main] DEBUG org.apache.http.headers - << Feature-Policy: 'none'
2022-01-27_17:22:30.817 [main] DEBUG org.apache.http.headers - << Referrer-Policy: no-referrer
2022-01-27_17:22:30.817 [main] DEBUG org.apache.http.headers - << Strict-Transport-Security: max-age=31536000 ; includeSubDomains
2022-01-27_17:22:30.818 [main] DEBUG org.apache.http.headers - << Date: Thu, 27 Jan 2022 11:52:30 GMT
2022-01-27_17:22:30.818 [main] DEBUG org.apache.http.headers - << Keep-Alive: timeout=60
2022-01-27_17:22:30.818 [main] DEBUG org.apache.http.headers - << Content-Type: application/json
2022-01-27_17:22:30.818 [main] DEBUG org.apache.http.headers - << Transfer-Encoding: chunked
2022-01-27_17:22:30.818 [main] DEBUG org.apache.http.headers - << Connection: keep-alive
2022-01-27_17:22:30.818 [main] DEBUG o.a.h.impl.client.DefaultHttpClient - Connection can be kept alive for 60000 MILLISECONDS
2022-01-27_17:22:30.818 [main] DEBUG i.r.i.RequestSpecificationImpl$RestAssuredHttpBuilder - Parsing response as: application/json
2022-01-27_17:22:30.818 [main] DEBUG i.r.i.RequestSpecificationImpl$RestAssuredHttpBuilder - Parsed data to instance of: class org.apache.http.conn.EofSensorInputStream
2022-01-27_17:22:30.820 [main] INFO  com.qc.BaseAPI - Method :GET
2022-01-27_17:22:30.821 [main] INFO  com.qc.BaseAPI - URI :https://apitest.pineperks.in/auth/V1/generate/token
2022-01-27_17:22:30.822 [main] INFO  com.qc.BaseAPI - Headers :userName=A0aCcnPzDANtKmvSLPKcaw==
Accept=*/*
Content-Type=application/json; charset=UTF-8
2022-01-27_17:22:30.822 [main] INFO  com.qc.BaseAPI - Body :null
2022-01-27_17:22:30.822 [main] INFO  com.qc.BaseAPI - ********************RESPONSE********************
2022-01-27_17:22:30.822 [main] DEBUG org.apache.http.wire -  << "7f[\r][\n]"
2022-01-27_17:22:30.822 [main] DEBUG org.apache.http.wire -  << "{"accessToken":"37cdfb28084b486c95a432df352ade9b","tokenExpiryTime":"27-Jan-2024","responseCode":0,"responseMessage":"Success"}"
2022-01-27_17:22:30.822 [main] DEBUG org.apache.http.wire -  << "[\r][\n]"
2022-01-27_17:22:30.823 [main] DEBUG org.apache.http.wire -  << "0[\r][\n]"
2022-01-27_17:22:30.823 [main] DEBUG org.apache.http.wire -  << "[\r][\n]"
2022-01-27_17:22:30.823 [main] DEBUG o.a.h.i.c.BasicClientConnectionManager - Releasing connection org.apache.http.impl.conn.ManagedClientConnectionImpl@60948d18
2022-01-27_17:22:30.823 [main] DEBUG o.a.h.i.c.BasicClientConnectionManager - Connection can be kept alive for 60000 MILLISECONDS
2022-01-27_17:22:30.824 [main] INFO  com.qc.BaseAPI - Response :{
    "accessToken": "37cdfb28084b486c95a432df352ade9b",
    "tokenExpiryTime": "27-Jan-2024",
    "responseCode": 0,
    "responseMessage": "Success"
}
2022-01-27_17:22:30.824 [main] INFO  com.qc.BaseAPI -  **** GET call Response time 172 ms
2022-01-27_17:22:30.824 [main] INFO  pl.rest.service.Authorize - Time Taken to perform https://apitest.pineperks.in/auth/V1/generate/token transaction: 172
2022-01-27_17:22:30.831 [main] INFO  com.qc.qa.utils.TestDataReader - Reading Json data authorizeHeaders
2022-01-27_17:22:30.837 [main] INFO  com.qc.qa.utils.TestDataReader - Reading json data from file @ testData/api/devAPIData.json
2022-01-27_17:22:30.843 [main] INFO  pl.rest.service.CardIssue - CardIssue Rest API URL :- https://apitest.pineperks.in/card/order/V2/instant/issue/nonreloadable/digital
2022-01-27_17:22:30.843 [main] INFO  com.qc.BaseAPI - POST call to URL https://apitest.pineperks.in/card/order/V2/instant/issue/nonreloadable/digital
2022-01-27_17:22:30.853 [main] INFO  com.qc.BaseAPI - ********************REQUEST********************
2022-01-27_17:22:30.869 [main] DEBUG o.a.h.i.c.BasicClientConnectionManager - Get connection for route {s}->https://apitest.pineperks.in:443
2022-01-27_17:22:30.869 [main] DEBUG o.a.h.i.c.DefaultClientConnectionOperator - Connecting to apitest.pineperks.in:443
2022-01-27_17:22:31.000 [main] DEBUG o.a.h.c.protocol.RequestAddCookies - CookieSpec selected: ignoreCookies
2022-01-27_17:22:31.000 [main] DEBUG o.a.h.c.protocol.RequestAuthCache - Auth cache not set in the context
2022-01-27_17:22:31.001 [main] DEBUG o.a.h.c.p.RequestTargetAuthentication - Target auth state: UNCHALLENGED
2022-01-27_17:22:31.001 [main] DEBUG o.a.h.c.p.RequestProxyAuthentication - Proxy auth state: UNCHALLENGED
2022-01-27_17:22:31.001 [main] DEBUG o.a.h.impl.client.DefaultHttpClient - Attempt 1 to execute request
2022-01-27_17:22:31.001 [main] DEBUG o.a.h.i.conn.DefaultClientConnection - Sending request: POST /card/order/V2/instant/issue/nonreloadable/digital HTTP/1.1
2022-01-27_17:22:31.001 [main] DEBUG org.apache.http.wire -  >> "POST /card/order/V2/instant/issue/nonreloadable/digital HTTP/1.1[\r][\n]"
2022-01-27_17:22:31.001 [main] DEBUG org.apache.http.wire -  >> "X-PinePerks-UserName: A0aCcnPzDANtKmvSLPKcaw==[\r][\n]"
2022-01-27_17:22:31.001 [main] DEBUG org.apache.http.wire -  >> "Accept: */*[\r][\n]"
2022-01-27_17:22:31.001 [main] DEBUG org.apache.http.wire -  >> "X-PinePerks-Token: 37cdfb28084b486c95a432df352ade9b[\r][\n]"
2022-01-27_17:22:31.001 [main] DEBUG org.apache.http.wire -  >> "Content-Type: application/json; charset=UTF-8[\r][\n]"
2022-01-27_17:22:31.002 [main] DEBUG org.apache.http.wire -  >> "Content-Length: 211[\r][\n]"
2022-01-27_17:22:31.002 [main] DEBUG org.apache.http.wire -  >> "Host: apitest.pineperks.in[\r][\n]"
2022-01-27_17:22:31.002 [main] DEBUG org.apache.http.wire -  >> "Connection: Keep-Alive[\r][\n]"
2022-01-27_17:22:31.002 [main] DEBUG org.apache.http.wire -  >> "User-Agent: Apache-HttpClient/4.5.2 (Java/1.8.0_202)[\r][\n]"
2022-01-27_17:22:31.002 [main] DEBUG org.apache.http.wire -  >> "Accept-Encoding: gzip,deflate[\r][\n]"
2022-01-27_17:22:31.002 [main] DEBUG org.apache.http.wire -  >> "[\r][\n]"
2022-01-27_17:22:31.002 [main] DEBUG org.apache.http.headers - >> POST /card/order/V2/instant/issue/nonreloadable/digital HTTP/1.1
2022-01-27_17:22:31.002 [main] DEBUG org.apache.http.headers - >> X-PinePerks-UserName: A0aCcnPzDANtKmvSLPKcaw==
2022-01-27_17:22:31.002 [main] DEBUG org.apache.http.headers - >> Accept: */*
2022-01-27_17:22:31.002 [main] DEBUG org.apache.http.headers - >> X-PinePerks-Token: 37cdfb28084b486c95a432df352ade9b
2022-01-27_17:22:31.003 [main] DEBUG org.apache.http.headers - >> Content-Type: application/json; charset=UTF-8
2022-01-27_17:22:31.003 [main] DEBUG org.apache.http.headers - >> Content-Length: 211
2022-01-27_17:22:31.003 [main] DEBUG org.apache.http.headers - >> Host: apitest.pineperks.in
2022-01-27_17:22:31.003 [main] DEBUG org.apache.http.headers - >> Connection: Keep-Alive
2022-01-27_17:22:31.004 [main] DEBUG org.apache.http.headers - >> User-Agent: Apache-HttpClient/4.5.2 (Java/1.8.0_202)
2022-01-27_17:22:31.004 [main] DEBUG org.apache.http.headers - >> Accept-Encoding: gzip,deflate
2022-01-27_17:22:31.004 [main] DEBUG org.apache.http.wire -  >> "{"checksum":"5x3GNrnStyS2PkMvV6EeAw==","cardDetailList":[{"amount":"1000","mobileNumber":"8284854535","customerName":"afzal","email":"afzal.ahmed@pinelabs.com"}],"externalRequestId":"qHrykJi","cardSchemeId":"7"}"
2022-01-27_17:22:31.301 [main] DEBUG org.apache.http.wire -  << "HTTP/1.1 200 [\r][\n]"
2022-01-27_17:22:31.302 [main] DEBUG org.apache.http.wire -  << "Access-Control-Allow-Methods: GET, POST[\r][\n]"
2022-01-27_17:22:31.302 [main] DEBUG org.apache.http.wire -  << "Access-Control-Allow-Origin: *[\r][\n]"
2022-01-27_17:22:31.302 [main] DEBUG org.apache.http.wire -  << "Content-Security-Policy: default-src 'none'[\r][\n]"
2022-01-27_17:22:31.302 [main] DEBUG org.apache.http.wire -  << "Feature-Policy: 'none'[\r][\n]"
2022-01-27_17:22:31.302 [main] DEBUG org.apache.http.wire -  << "Referrer-Policy: no-referrer[\r][\n]"
2022-01-27_17:22:31.302 [main] DEBUG org.apache.http.wire -  << "Strict-Transport-Security: max-age=31536000 ; includeSubDomains[\r][\n]"
2022-01-27_17:22:31.302 [main] DEBUG org.apache.http.wire -  << "Date: Thu, 27 Jan 2022 11:52:30 GMT[\r][\n]"
2022-01-27_17:22:31.302 [main] DEBUG org.apache.http.wire -  << "Keep-Alive: timeout=60[\r][\n]"
2022-01-27_17:22:31.302 [main] DEBUG org.apache.http.wire -  << "Content-Type: application/json[\r][\n]"
2022-01-27_17:22:31.302 [main] DEBUG org.apache.http.wire -  << "Transfer-Encoding: chunked[\r][\n]"
2022-01-27_17:22:31.302 [main] DEBUG org.apache.http.wire -  << "Connection: keep-alive[\r][\n]"
2022-01-27_17:22:31.302 [main] DEBUG org.apache.http.wire -  << "[\r][\n]"
2022-01-27_17:22:31.302 [main] DEBUG o.a.h.i.conn.DefaultClientConnection - Receiving response: HTTP/1.1 200 
2022-01-27_17:22:31.302 [main] DEBUG org.apache.http.headers - << HTTP/1.1 200 
2022-01-27_17:22:31.302 [main] DEBUG org.apache.http.headers - << Access-Control-Allow-Methods: GET, POST
2022-01-27_17:22:31.302 [main] DEBUG org.apache.http.headers - << Access-Control-Allow-Origin: *
2022-01-27_17:22:31.302 [main] DEBUG org.apache.http.headers - << Content-Security-Policy: default-src 'none'
2022-01-27_17:22:31.302 [main] DEBUG org.apache.http.headers - << Feature-Policy: 'none'
2022-01-27_17:22:31.304 [main] DEBUG org.apache.http.headers - << Referrer-Policy: no-referrer
2022-01-27_17:22:31.304 [main] DEBUG org.apache.http.headers - << Strict-Transport-Security: max-age=31536000 ; includeSubDomains
2022-01-27_17:22:31.304 [main] DEBUG org.apache.http.headers - << Date: Thu, 27 Jan 2022 11:52:30 GMT
2022-01-27_17:22:31.304 [main] DEBUG org.apache.http.headers - << Keep-Alive: timeout=60
2022-01-27_17:22:31.304 [main] DEBUG org.apache.http.headers - << Content-Type: application/json
2022-01-27_17:22:31.304 [main] DEBUG org.apache.http.headers - << Transfer-Encoding: chunked
2022-01-27_17:22:31.304 [main] DEBUG org.apache.http.headers - << Connection: keep-alive
2022-01-27_17:22:31.304 [main] DEBUG o.a.h.impl.client.DefaultHttpClient - Connection can be kept alive for 60000 MILLISECONDS
2022-01-27_17:22:31.304 [main] DEBUG i.r.i.RequestSpecificationImpl$RestAssuredHttpBuilder - Parsing response as: application/json
2022-01-27_17:22:31.304 [main] DEBUG i.r.i.RequestSpecificationImpl$RestAssuredHttpBuilder - Parsed data to instance of: class org.apache.http.conn.EofSensorInputStream
2022-01-27_17:22:31.305 [main] INFO  com.qc.BaseAPI - Method :POST
2022-01-27_17:22:31.307 [main] INFO  com.qc.BaseAPI - URI :https://apitest.pineperks.in/card/order/V2/instant/issue/nonreloadable/digital
2022-01-27_17:22:31.307 [main] INFO  com.qc.BaseAPI - Headers :X-PinePerks-Token=37cdfb28084b486c95a432df352ade9b
X-PinePerks-UserName=A0aCcnPzDANtKmvSLPKcaw==
Accept=*/*
Content-Type=application/json; charset=UTF-8
2022-01-27_17:22:31.307 [main] INFO  com.qc.BaseAPI - Body :{"checksum":"5x3GNrnStyS2PkMvV6EeAw==","cardDetailList":[{"amount":"1000","mobileNumber":"8284854535","customerName":"afzal","email":"afzal.ahmed@pinelabs.com"}],"externalRequestId":"qHrykJi","cardSchemeId":"7"}
2022-01-27_17:22:31.307 [main] INFO  com.qc.BaseAPI - ********************RESPONSE********************
2022-01-27_17:22:31.307 [main] DEBUG org.apache.http.wire -  << "1f2[\r][\n]"
2022-01-27_17:22:31.308 [main] DEBUG org.apache.http.wire -  << "{"externalRequestId":"qHrykJi","orderId":103036,"orderStatus":6,"cardDetailResponseList":[{"referenceNumber":9154153755,"serialNumber":10303600010001,"customerName":"afzal","mobileNumber":8284854535,"email":"afzal.ahmed@pinelabs.com","amount":1000,"cardLink":"test.pineperks.in/eCard?c=kbiAzmHpGEy82Skh3CVBQw2","responseCode":0,"responseMessage":"Success"}],"successCount":1,"failedCount":0,"orderAmount":1000,"issuanceCharge":100,"netOrderAmount":1100,"responseCode":0,"responseMessage":"Success"}"
2022-01-27_17:22:31.308 [main] DEBUG org.apache.http.wire -  << "[\r][\n]"
2022-01-27_17:22:31.308 [main] DEBUG org.apache.http.wire -  << "0[\r][\n]"
2022-01-27_17:22:31.309 [main] DEBUG org.apache.http.wire -  << "[\r][\n]"
2022-01-27_17:22:31.309 [main] DEBUG o.a.h.i.c.BasicClientConnectionManager - Releasing connection org.apache.http.impl.conn.ManagedClientConnectionImpl@14ac370e
2022-01-27_17:22:31.309 [main] DEBUG o.a.h.i.c.BasicClientConnectionManager - Connection can be kept alive for 60000 MILLISECONDS
2022-01-27_17:22:31.310 [main] INFO  com.qc.BaseAPI - Response :{
    "externalRequestId": "qHrykJi",
    "orderId": 103036,
    "orderStatus": 6,
    "cardDetailResponseList": [
        {
            "referenceNumber": 9154153755,
            "serialNumber": 10303600010001,
            "customerName": "afzal",
            "mobileNumber": 8284854535,
            "email": "afzal.ahmed@pinelabs.com",
            "amount": 1000,
            "cardLink": "test.pineperks.in/eCard?c=kbiAzmHpGEy82Skh3CVBQw2",
            "responseCode": 0,
            "responseMessage": "Success"
        }
    ],
    "successCount": 1,
    "failedCount": 0,
    "orderAmount": 1000,
    "issuanceCharge": 100,
    "netOrderAmount": 1100,
    "responseCode": 0,
    "responseMessage": "Success"
}
2022-01-27_17:22:31.311 [main] INFO  com.qc.BaseAPI -  **** POST call Response time 450 ms
2022-01-27_17:22:31.311 [main] INFO  pl.rest.service.CardIssue - Time Taken to perform https://apitest.pineperks.in/card/order/V2/instant/issue/nonreloadable/digital transaction: 450
