2021-12-16_18:22:34.469 [main] INFO  com.qc.qa.utils.TestDataReader - Reading API Test Data config values from  testData/api/devAPITestData.properties
2021-12-16_18:22:34.475 [main] INFO  pl.rest.service.Authorize - Authorize Rest API URL :- https://apitest.pineperks.in/auth/V1/generate/token
2021-12-16_18:22:34.476 [main] INFO  com.qc.BaseAPI - GET call to URL https://apitest.pineperks.in/auth/V1/generate/token
2021-12-16_18:22:34.685 [main] INFO  com.qc.BaseAPI - ********************REQUEST********************
2021-12-16_18:22:35.886 [main] DEBUG o.a.h.i.c.BasicClientConnectionManager - Get connection for route {s}->https://apitest.pineperks.in:443
2021-12-16_18:22:35.962 [main] DEBUG o.a.h.i.c.DefaultClientConnectionOperator - Connecting to apitest.pineperks.in:443
2021-12-16_18:22:36.188 [main] DEBUG o.a.h.c.protocol.RequestAddCookies - CookieSpec selected: ignoreCookies
2021-12-16_18:22:36.189 [main] DEBUG o.a.h.c.protocol.RequestAuthCache - Auth cache not set in the context
2021-12-16_18:22:36.189 [main] DEBUG o.a.h.c.p.RequestTargetAuthentication - Target auth state: UNCHALLENGED
2021-12-16_18:22:36.190 [main] DEBUG o.a.h.c.p.RequestProxyAuthentication - Proxy auth state: UNCHALLENGED
2021-12-16_18:22:36.190 [main] DEBUG o.a.h.impl.client.DefaultHttpClient - Attempt 1 to execute request
2021-12-16_18:22:36.190 [main] DEBUG o.a.h.i.conn.DefaultClientConnection - Sending request: GET /auth/V1/generate/token HTTP/1.1
2021-12-16_18:22:36.191 [main] DEBUG org.apache.http.wire -  >> "GET /auth/V1/generate/token HTTP/1.1[\r][\n]"
2021-12-16_18:22:36.192 [main] DEBUG org.apache.http.wire -  >> "Content-Type: application/json; charset=UTF-8[\r][\n]"
2021-12-16_18:22:36.192 [main] DEBUG org.apache.http.wire -  >> "Accept: */*[\r][\n]"
2021-12-16_18:22:36.192 [main] DEBUG org.apache.http.wire -  >> "userName: t3azPwts/6OSPTFxhCdYug==[\r][\n]"
2021-12-16_18:22:36.192 [main] DEBUG org.apache.http.wire -  >> "Host: apitest.pineperks.in[\r][\n]"
2021-12-16_18:22:36.192 [main] DEBUG org.apache.http.wire -  >> "Connection: Keep-Alive[\r][\n]"
2021-12-16_18:22:36.192 [main] DEBUG org.apache.http.wire -  >> "User-Agent: Apache-HttpClient/4.5.2 (Java/1.8.0_202)[\r][\n]"
2021-12-16_18:22:36.192 [main] DEBUG org.apache.http.wire -  >> "Accept-Encoding: gzip,deflate[\r][\n]"
2021-12-16_18:22:36.193 [main] DEBUG org.apache.http.wire -  >> "[\r][\n]"
2021-12-16_18:22:36.193 [main] DEBUG org.apache.http.headers - >> GET /auth/V1/generate/token HTTP/1.1
2021-12-16_18:22:36.193 [main] DEBUG org.apache.http.headers - >> Content-Type: application/json; charset=UTF-8
2021-12-16_18:22:36.193 [main] DEBUG org.apache.http.headers - >> Accept: */*
2021-12-16_18:22:36.193 [main] DEBUG org.apache.http.headers - >> userName: t3azPwts/6OSPTFxhCdYug==
2021-12-16_18:22:36.193 [main] DEBUG org.apache.http.headers - >> Host: apitest.pineperks.in
2021-12-16_18:22:36.193 [main] DEBUG org.apache.http.headers - >> Connection: Keep-Alive
2021-12-16_18:22:36.193 [main] DEBUG org.apache.http.headers - >> User-Agent: Apache-HttpClient/4.5.2 (Java/1.8.0_202)
2021-12-16_18:22:36.193 [main] DEBUG org.apache.http.headers - >> Accept-Encoding: gzip,deflate
2021-12-16_18:22:36.270 [main] DEBUG org.apache.http.wire -  << "HTTP/1.1 200 [\r][\n]"
2021-12-16_18:22:36.271 [main] DEBUG org.apache.http.wire -  << "Access-Control-Allow-Methods: GET, POST[\r][\n]"
2021-12-16_18:22:36.272 [main] DEBUG org.apache.http.wire -  << "Access-Control-Allow-Origin: *[\r][\n]"
2021-12-16_18:22:36.272 [main] DEBUG org.apache.http.wire -  << "Content-Security-Policy: default-src 'none'[\r][\n]"
2021-12-16_18:22:36.272 [main] DEBUG org.apache.http.wire -  << "Feature-Policy: 'none'[\r][\n]"
2021-12-16_18:22:36.272 [main] DEBUG org.apache.http.wire -  << "Referrer-Policy: no-referrer[\r][\n]"
2021-12-16_18:22:36.272 [main] DEBUG org.apache.http.wire -  << "Strict-Transport-Security: max-age=31536000 ; includeSubDomains[\r][\n]"
2021-12-16_18:22:36.272 [main] DEBUG org.apache.http.wire -  << "Date: Thu, 16 Dec 2021 12:52:36 GMT[\r][\n]"
2021-12-16_18:22:36.272 [main] DEBUG org.apache.http.wire -  << "Keep-Alive: timeout=60[\r][\n]"
2021-12-16_18:22:36.273 [main] DEBUG org.apache.http.wire -  << "Content-Type: application/json[\r][\n]"
2021-12-16_18:22:36.273 [main] DEBUG org.apache.http.wire -  << "Transfer-Encoding: chunked[\r][\n]"
2021-12-16_18:22:36.273 [main] DEBUG org.apache.http.wire -  << "Connection: keep-alive[\r][\n]"
2021-12-16_18:22:36.273 [main] DEBUG org.apache.http.wire -  << "[\r][\n]"
2021-12-16_18:22:36.274 [main] DEBUG o.a.h.i.conn.DefaultClientConnection - Receiving response: HTTP/1.1 200 
2021-12-16_18:22:36.274 [main] DEBUG org.apache.http.headers - << HTTP/1.1 200 
2021-12-16_18:22:36.274 [main] DEBUG org.apache.http.headers - << Access-Control-Allow-Methods: GET, POST
2021-12-16_18:22:36.274 [main] DEBUG org.apache.http.headers - << Access-Control-Allow-Origin: *
2021-12-16_18:22:36.274 [main] DEBUG org.apache.http.headers - << Content-Security-Policy: default-src 'none'
2021-12-16_18:22:36.274 [main] DEBUG org.apache.http.headers - << Feature-Policy: 'none'
2021-12-16_18:22:36.274 [main] DEBUG org.apache.http.headers - << Referrer-Policy: no-referrer
2021-12-16_18:22:36.274 [main] DEBUG org.apache.http.headers - << Strict-Transport-Security: max-age=31536000 ; includeSubDomains
2021-12-16_18:22:36.274 [main] DEBUG org.apache.http.headers - << Date: Thu, 16 Dec 2021 12:52:36 GMT
2021-12-16_18:22:36.274 [main] DEBUG org.apache.http.headers - << Keep-Alive: timeout=60
2021-12-16_18:22:36.275 [main] DEBUG org.apache.http.headers - << Content-Type: application/json
2021-12-16_18:22:36.275 [main] DEBUG org.apache.http.headers - << Transfer-Encoding: chunked
2021-12-16_18:22:36.275 [main] DEBUG org.apache.http.headers - << Connection: keep-alive
2021-12-16_18:22:36.279 [main] DEBUG o.a.h.impl.client.DefaultHttpClient - Connection can be kept alive for 60000 MILLISECONDS
2021-12-16_18:22:36.294 [main] DEBUG i.r.i.RequestSpecificationImpl$RestAssuredHttpBuilder - Parsing response as: application/json
2021-12-16_18:22:36.295 [main] DEBUG i.r.i.RequestSpecificationImpl$RestAssuredHttpBuilder - Parsed data to instance of: class org.apache.http.conn.EofSensorInputStream
2021-12-16_18:22:36.309 [main] INFO  com.qc.BaseAPI - Method :GET
2021-12-16_18:22:36.310 [main] INFO  com.qc.BaseAPI - URI :https://apitest.pineperks.in/auth/V1/generate/token
2021-12-16_18:22:36.310 [main] INFO  com.qc.BaseAPI - Headers :userName=t3azPwts/6OSPTFxhCdYug==
Accept=*/*
Content-Type=application/json; charset=UTF-8
2021-12-16_18:22:36.311 [main] INFO  com.qc.BaseAPI - Body :null
2021-12-16_18:22:36.311 [main] INFO  com.qc.BaseAPI - ********************RESPONSE********************
2021-12-16_18:22:36.319 [main] DEBUG org.apache.http.wire -  << "7f[\r][\n]"
2021-12-16_18:22:36.319 [main] DEBUG org.apache.http.wire -  << "{"accessToken":"0a0123f43a30444fae65ba49adfad960","tokenExpiryTime":"17-Dec-2021","responseCode":0,"responseMessage":"Success"}"
2021-12-16_18:22:36.320 [main] DEBUG org.apache.http.wire -  << "[\r][\n]"
2021-12-16_18:22:36.320 [main] DEBUG org.apache.http.wire -  << "0[\r][\n]"
2021-12-16_18:22:36.320 [main] DEBUG org.apache.http.wire -  << "[\r][\n]"
2021-12-16_18:22:36.321 [main] DEBUG o.a.h.i.c.BasicClientConnectionManager - Releasing connection org.apache.http.impl.conn.ManagedClientConnectionImpl@f69cbb5
2021-12-16_18:22:36.321 [main] DEBUG o.a.h.i.c.BasicClientConnectionManager - Connection can be kept alive for 60000 MILLISECONDS
2021-12-16_18:22:36.344 [main] INFO  com.qc.BaseAPI - Response :{
    "accessToken": "0a0123f43a30444fae65ba49adfad960",
    "tokenExpiryTime": "17-Dec-2021",
    "responseCode": 0,
    "responseMessage": "Success"
}
2021-12-16_18:22:36.347 [main] INFO  com.qc.BaseAPI -  **** GET call Response time 1607 ms
2021-12-16_18:22:36.347 [main] INFO  pl.rest.service.Authorize - Time Taken to perform https://apitest.pineperks.in/auth/V1/generate/token transaction: 1607
2021-12-16_18:22:36.447 [main] INFO  com.qc.qa.utils.TestDataReader - Reading Json data authorizeHeaders
2021-12-16_18:22:36.451 [main] INFO  com.qc.qa.utils.TestDataReader - Reading json data from file @ testData/api/devAPIData.json
2021-12-16_18:22:36.476 [main] INFO  pl.rest.service.CardIssue - CardIssue Rest API URL :- https://apitest.pineperks.in/card/order/V1/instant/issue/nonreloadable/digital
2021-12-16_18:22:36.476 [main] INFO  com.qc.BaseAPI - POST call to URL https://apitest.pineperks.in/card/order/V1/instant/issue/nonreloadable/digital
2021-12-16_18:22:36.486 [main] INFO  com.qc.BaseAPI - ********************REQUEST********************
2021-12-16_18:22:36.526 [main] DEBUG o.a.h.i.c.BasicClientConnectionManager - Get connection for route {s}->https://apitest.pineperks.in:443
2021-12-16_18:22:36.527 [main] DEBUG o.a.h.i.c.DefaultClientConnectionOperator - Connecting to apitest.pineperks.in:443
2021-12-16_18:22:37.084 [main] DEBUG o.a.h.c.protocol.RequestAddCookies - CookieSpec selected: ignoreCookies
2021-12-16_18:22:37.084 [main] DEBUG o.a.h.c.protocol.RequestAuthCache - Auth cache not set in the context
2021-12-16_18:22:37.084 [main] DEBUG o.a.h.c.p.RequestTargetAuthentication - Target auth state: UNCHALLENGED
2021-12-16_18:22:37.084 [main] DEBUG o.a.h.c.p.RequestProxyAuthentication - Proxy auth state: UNCHALLENGED
2021-12-16_18:22:37.084 [main] DEBUG o.a.h.impl.client.DefaultHttpClient - Attempt 1 to execute request
2021-12-16_18:22:37.085 [main] DEBUG o.a.h.i.conn.DefaultClientConnection - Sending request: POST /card/order/V1/instant/issue/nonreloadable/digital HTTP/1.1
2021-12-16_18:22:37.085 [main] DEBUG org.apache.http.wire -  >> "POST /card/order/V1/instant/issue/nonreloadable/digital HTTP/1.1[\r][\n]"
2021-12-16_18:22:37.085 [main] DEBUG org.apache.http.wire -  >> "Accept: */*[\r][\n]"
2021-12-16_18:22:37.085 [main] DEBUG org.apache.http.wire -  >> "userName: t3azPwts/6OSPTFxhCdYug==[\r][\n]"
2021-12-16_18:22:37.085 [main] DEBUG org.apache.http.wire -  >> "token: 0a0123f43a30444fae65ba49adfad960[\r][\n]"
2021-12-16_18:22:37.086 [main] DEBUG org.apache.http.wire -  >> "Content-Type: application/json; charset=UTF-8[\r][\n]"
2021-12-16_18:22:37.086 [main] DEBUG org.apache.http.wire -  >> "Content-Length: 241[\r][\n]"
2021-12-16_18:22:37.086 [main] DEBUG org.apache.http.wire -  >> "Host: apitest.pineperks.in[\r][\n]"
2021-12-16_18:22:37.086 [main] DEBUG org.apache.http.wire -  >> "Connection: Keep-Alive[\r][\n]"
2021-12-16_18:22:37.086 [main] DEBUG org.apache.http.wire -  >> "User-Agent: Apache-HttpClient/4.5.2 (Java/1.8.0_202)[\r][\n]"
2021-12-16_18:22:37.086 [main] DEBUG org.apache.http.wire -  >> "Accept-Encoding: gzip,deflate[\r][\n]"
2021-12-16_18:22:37.087 [main] DEBUG org.apache.http.wire -  >> "[\r][\n]"
2021-12-16_18:22:37.087 [main] DEBUG org.apache.http.headers - >> POST /card/order/V1/instant/issue/nonreloadable/digital HTTP/1.1
2021-12-16_18:22:37.087 [main] DEBUG org.apache.http.headers - >> Accept: */*
2021-12-16_18:22:37.087 [main] DEBUG org.apache.http.headers - >> userName: t3azPwts/6OSPTFxhCdYug==
2021-12-16_18:22:37.087 [main] DEBUG org.apache.http.headers - >> token: 0a0123f43a30444fae65ba49adfad960
2021-12-16_18:22:37.087 [main] DEBUG org.apache.http.headers - >> Content-Type: application/json; charset=UTF-8
2021-12-16_18:22:37.087 [main] DEBUG org.apache.http.headers - >> Content-Length: 241
2021-12-16_18:22:37.088 [main] DEBUG org.apache.http.headers - >> Host: apitest.pineperks.in
2021-12-16_18:22:37.088 [main] DEBUG org.apache.http.headers - >> Connection: Keep-Alive
2021-12-16_18:22:37.088 [main] DEBUG org.apache.http.headers - >> User-Agent: Apache-HttpClient/4.5.2 (Java/1.8.0_202)
2021-12-16_18:22:37.088 [main] DEBUG org.apache.http.headers - >> Accept-Encoding: gzip,deflate
2021-12-16_18:22:37.088 [main] DEBUG org.apache.http.wire -  >> "{"isLinkToBeSentOnMobile":true,"checksum":"5x3GNrnStyS2PkMvV6EeAw==","cardDetailList":[{"amount":"1000","mobileNumber":"8284854535","customerName":"afzal","email":"afzal.ahmed@pinelabs.com"}],"externalRequestId":"c79lk55","cardSchemeId":"7"}"
2021-12-16_18:22:37.435 [main] DEBUG org.apache.http.wire -  << "HTTP/1.1 200 [\r][\n]"
2021-12-16_18:22:37.436 [main] DEBUG org.apache.http.wire -  << "Access-Control-Allow-Methods: GET, POST[\r][\n]"
2021-12-16_18:22:37.436 [main] DEBUG org.apache.http.wire -  << "Access-Control-Allow-Origin: *[\r][\n]"
2021-12-16_18:22:37.437 [main] DEBUG org.apache.http.wire -  << "Content-Security-Policy: default-src 'none'[\r][\n]"
2021-12-16_18:22:37.437 [main] DEBUG org.apache.http.wire -  << "Feature-Policy: 'none'[\r][\n]"
2021-12-16_18:22:37.437 [main] DEBUG org.apache.http.wire -  << "Referrer-Policy: no-referrer[\r][\n]"
2021-12-16_18:22:37.437 [main] DEBUG org.apache.http.wire -  << "Strict-Transport-Security: max-age=31536000 ; includeSubDomains[\r][\n]"
2021-12-16_18:22:37.438 [main] DEBUG org.apache.http.wire -  << "Date: Thu, 16 Dec 2021 12:52:37 GMT[\r][\n]"
2021-12-16_18:22:37.438 [main] DEBUG org.apache.http.wire -  << "Keep-Alive: timeout=60[\r][\n]"
2021-12-16_18:22:37.438 [main] DEBUG org.apache.http.wire -  << "Content-Type: application/json[\r][\n]"
2021-12-16_18:22:37.438 [main] DEBUG org.apache.http.wire -  << "Transfer-Encoding: chunked[\r][\n]"
2021-12-16_18:22:37.438 [main] DEBUG org.apache.http.wire -  << "Connection: keep-alive[\r][\n]"
2021-12-16_18:22:37.438 [main] DEBUG org.apache.http.wire -  << "[\r][\n]"
2021-12-16_18:22:37.439 [main] DEBUG o.a.h.i.conn.DefaultClientConnection - Receiving response: HTTP/1.1 200 
2021-12-16_18:22:37.439 [main] DEBUG org.apache.http.headers - << HTTP/1.1 200 
2021-12-16_18:22:37.439 [main] DEBUG org.apache.http.headers - << Access-Control-Allow-Methods: GET, POST
2021-12-16_18:22:37.439 [main] DEBUG org.apache.http.headers - << Access-Control-Allow-Origin: *
2021-12-16_18:22:37.439 [main] DEBUG org.apache.http.headers - << Content-Security-Policy: default-src 'none'
2021-12-16_18:22:37.439 [main] DEBUG org.apache.http.headers - << Feature-Policy: 'none'
2021-12-16_18:22:37.439 [main] DEBUG org.apache.http.headers - << Referrer-Policy: no-referrer
2021-12-16_18:22:37.440 [main] DEBUG org.apache.http.headers - << Strict-Transport-Security: max-age=31536000 ; includeSubDomains
2021-12-16_18:22:37.440 [main] DEBUG org.apache.http.headers - << Date: Thu, 16 Dec 2021 12:52:37 GMT
2021-12-16_18:22:37.441 [main] DEBUG org.apache.http.headers - << Keep-Alive: timeout=60
2021-12-16_18:22:37.441 [main] DEBUG org.apache.http.headers - << Content-Type: application/json
2021-12-16_18:22:37.441 [main] DEBUG org.apache.http.headers - << Transfer-Encoding: chunked
2021-12-16_18:22:37.441 [main] DEBUG org.apache.http.headers - << Connection: keep-alive
2021-12-16_18:22:37.441 [main] DEBUG o.a.h.impl.client.DefaultHttpClient - Connection can be kept alive for 60000 MILLISECONDS
2021-12-16_18:22:37.442 [main] DEBUG i.r.i.RequestSpecificationImpl$RestAssuredHttpBuilder - Parsing response as: application/json
2021-12-16_18:22:37.442 [main] DEBUG i.r.i.RequestSpecificationImpl$RestAssuredHttpBuilder - Parsed data to instance of: class org.apache.http.conn.EofSensorInputStream
2021-12-16_18:22:37.444 [main] INFO  com.qc.BaseAPI - Method :POST
2021-12-16_18:22:37.448 [main] INFO  com.qc.BaseAPI - URI :https://apitest.pineperks.in/card/order/V1/instant/issue/nonreloadable/digital
2021-12-16_18:22:37.449 [main] INFO  com.qc.BaseAPI - Headers :token=0a0123f43a30444fae65ba49adfad960
userName=t3azPwts/6OSPTFxhCdYug==
Accept=*/*
Content-Type=application/json; charset=UTF-8
2021-12-16_18:22:37.449 [main] INFO  com.qc.BaseAPI - Body :{"isLinkToBeSentOnMobile":true,"checksum":"5x3GNrnStyS2PkMvV6EeAw==","cardDetailList":[{"amount":"1000","mobileNumber":"8284854535","customerName":"afzal","email":"afzal.ahmed@pinelabs.com"}],"externalRequestId":"c79lk55","cardSchemeId":"7"}
2021-12-16_18:22:37.449 [main] INFO  com.qc.BaseAPI - ********************RESPONSE********************
2021-12-16_18:22:37.449 [main] DEBUG org.apache.http.wire -  << "1ef[\r][\n]"
2021-12-16_18:22:37.449 [main] DEBUG org.apache.http.wire -  << "{"externalRequestId":"c79lk55","orderId":12485,"orderStatus":6,"cardDetailResponseList":[{"referenceNumber":8653342825,"serialNumber":12485000010001,"customerName":"afzal","mobileNumber":8284854535,"email":"afzal.ahmed@pinelabs.com","amount":1000,"cardLink":"test.pineperks.in/eCard?c=UMnyh5hzTiz9N.j.Q7GxXQ2","responseCode":0,"responseMessage":"Success"}],"successCount":1,"failedCount":0,"orderAmount":1000,"issuanceCharge":0,"netOrderAmount":1000,"responseCode":0,"responseMessage":"Success"}"
2021-12-16_18:22:37.450 [main] DEBUG org.apache.http.wire -  << "[\r][\n]"
2021-12-16_18:22:37.450 [main] DEBUG org.apache.http.wire -  << "0[\r][\n]"
2021-12-16_18:22:37.450 [main] DEBUG org.apache.http.wire -  << "[\r][\n]"
2021-12-16_18:22:37.451 [main] DEBUG o.a.h.i.c.BasicClientConnectionManager - Releasing connection org.apache.http.impl.conn.ManagedClientConnectionImpl@7cf8cfdc
2021-12-16_18:22:37.451 [main] DEBUG o.a.h.i.c.BasicClientConnectionManager - Connection can be kept alive for 60000 MILLISECONDS
2021-12-16_18:22:37.454 [main] INFO  com.qc.BaseAPI - Response :{
    "externalRequestId": "c79lk55",
    "orderId": 12485,
    "orderStatus": 6,
    "cardDetailResponseList": [
        {
            "referenceNumber": 8653342825,
            "serialNumber": 12485000010001,
            "customerName": "afzal",
            "mobileNumber": 8284854535,
            "email": "afzal.ahmed@pinelabs.com",
            "amount": 1000,
            "cardLink": "test.pineperks.in/eCard?c=UMnyh5hzTiz9N.j.Q7GxXQ2",
            "responseCode": 0,
            "responseMessage": "Success"
        }
    ],
    "successCount": 1,
    "failedCount": 0,
    "orderAmount": 1000,
    "issuanceCharge": 0,
    "netOrderAmount": 1000,
    "responseCode": 0,
    "responseMessage": "Success"
}
2021-12-16_18:22:37.454 [main] INFO  com.qc.BaseAPI -  **** POST call Response time 956 ms
2021-12-16_18:22:37.454 [main] INFO  pl.rest.service.CardIssue - Time Taken to perform https://apitest.pineperks.in/card/order/V1/instant/issue/nonreloadable/digital transaction: 956
