2022-01-19_17:48:33.658 [main] INFO  com.qc.CukeBase - Cucumber Before web scenario - Validating the expiry date field when updating the expiry duration as 7 days.
2022-01-19_17:48:33.701 [main] INFO  i.g.bonigarcia.wdm.WebDriverManager - Please answer the following questionnaire based on your experience with WebDriverManager. Thanks a lot!
2022-01-19_17:48:33.701 [main] INFO  i.g.bonigarcia.wdm.WebDriverManager - ====> http://tiny.cc/wdm-survey <====
2022-01-19_17:48:36.291 [main] INFO  i.g.bonigarcia.wdm.WebDriverManager - Using chromedriver 97.0.4692.71 (since Chrome 97 is installed in your machine)
2022-01-19_17:48:36.322 [main] DEBUG i.g.bonigarcia.wdm.WebDriverManager - Driver chromedriver 97.0.4692.71 found in cache
2022-01-19_17:48:36.323 [main] INFO  i.g.bonigarcia.wdm.WebDriverManager - Exporting webdriver.chrome.driver as C:\Users\afzal.ahmed\.m2\repository\webdriver\chromedriver\win32\97.0.4692.71\chromedriver.exe
2022-01-19_17:48:38.137 [main] INFO  com.qc.qa.drivers.ChromeDriverManger - Chrome service started
2022-01-19_17:48:43.721 [main] INFO  com.qc.CukeBase - Set new webDriver
2022-01-19_17:48:43.723 [main] INFO  com.qc.CukeBase - Getting webDriver
2022-01-19_17:48:44.087 [main] INFO  com.qc.CukeBase - Getting webDriver
2022-01-19_17:48:44.101 [main] INFO  pl.rest.CustomHooks - SCENARIO NAME: Validating the expiry date field when updating the expiry duration as 7 days.
2022-01-19_17:48:44.102 [main] INFO  pl.rest.CustomHooks - TAG NAMEs: [@Web_UI_01, @Regression, @Web]
2022-01-19_17:48:44.105 [main] INFO  pl.rest.CustomHooks - SCENARIO NAME: Validating the expiry date field when updating the expiry duration as 7 days.
2022-01-19_17:48:44.105 [main] INFO  pl.rest.CustomHooks - TAG NAMEs: [@Web_UI_01, @Regression, @Web]
2022-01-19_17:48:44.107 [main] INFO  pl.rest.CustomHooks - Index: 0, Size: 0
2022-01-19_17:48:47.068 [main] INFO  com.qc.qa.ui.BasePage - Navigating to  URL: https://admintest.pineperks.in/
2022-01-19_17:48:52.280 [main] INFO  com.qc.qa.ui.BasePage - Waiting for page to be ready 
2022-01-19_17:48:52.339 [main] INFO  gui.pages.UIActionPages - PinePerks|Login
2022-01-19_17:48:52.405 [main] INFO  com.qc.qa.ui.BasePage - Entering the text -afzal.ahmed@pinelabs.com
2022-01-19_17:48:52.407 [main] INFO  com.qc.qa.ui.BasePage - Waiting for element to clickable 
2022-01-19_17:48:52.698 [main] INFO  com.qc.qa.ui.BasePage - Entering the text -Dashboard@DG1809
2022-01-19_17:48:52.701 [main] INFO  com.qc.qa.ui.BasePage - Waiting for element to clickable 
2022-01-19_17:48:52.931 [main] INFO  com.qc.qa.ui.BasePage - Clicking the element in page
2022-01-19_17:48:52.934 [main] INFO  com.qc.qa.ui.BasePage - Waiting for element to clickable 
2022-01-19_17:49:05.202 [main] INFO  com.qc.qa.ui.BasePage - Waiting for page to be ready 
2022-01-19_17:49:25.654 [main] INFO  com.qc.qa.ui.BasePage - ClickingBy.xpath: //a[@href='/admin/clearCacheData']
2022-01-19_17:49:25.709 [main] INFO  com.qc.qa.ui.BasePage - Waiting for element to clickable 
2022-01-19_17:49:40.184 [main] INFO  com.qc.qa.ui.BasePage - Waiting for page to be ready 
2022-01-19_17:49:40.481 [main] DEBUG com.qc.qa.ui.BasePage - No Alert displayed
2022-01-19_17:49:40.638 [main] INFO  com.qc.CukeBase - Closing driver
