2021-12-14_23:59:28.885 [main] INFO  com.qc.qa.utils.TestDataReader - Reading API Test Data config values from  testData/api/devAPITestData.properties
2021-12-14_23:59:28.891 [main] INFO  pl.rest.service.Authorize - Authorize Rest API URL :- https://apitest.pineperks.in/auth/V1/generate/token
2021-12-14_23:59:28.892 [main] INFO  com.qc.BaseAPI - GET call to URL https://apitest.pineperks.in/auth/V1/generate/token
2021-12-14_23:59:29.139 [main] INFO  com.qc.BaseAPI - ********************REQUEST********************
2021-12-14_23:59:30.425 [main] DEBUG o.a.h.i.c.BasicClientConnectionManager - Get connection for route {s}->https://apitest.pineperks.in:443
2021-12-14_23:59:30.485 [main] DEBUG o.a.h.i.c.DefaultClientConnectionOperator - Connecting to apitest.pineperks.in:443
2021-12-14_23:59:30.685 [main] DEBUG o.a.h.c.protocol.RequestAddCookies - CookieSpec selected: ignoreCookies
2021-12-14_23:59:30.686 [main] DEBUG o.a.h.c.protocol.RequestAuthCache - Auth cache not set in the context
2021-12-14_23:59:30.687 [main] DEBUG o.a.h.c.p.RequestTargetAuthentication - Target auth state: UNCHALLENGED
2021-12-14_23:59:30.687 [main] DEBUG o.a.h.c.p.RequestProxyAuthentication - Proxy auth state: UNCHALLENGED
2021-12-14_23:59:30.688 [main] DEBUG o.a.h.impl.client.DefaultHttpClient - Attempt 1 to execute request
2021-12-14_23:59:30.688 [main] DEBUG o.a.h.i.conn.DefaultClientConnection - Sending request: GET /auth/V1/generate/token HTTP/1.1
2021-12-14_23:59:30.689 [main] DEBUG org.apache.http.wire -  >> "GET /auth/V1/generate/token HTTP/1.1[\r][\n]"
2021-12-14_23:59:30.690 [main] DEBUG org.apache.http.wire -  >> "Content-Type: application/json; charset=UTF-8[\r][\n]"
2021-12-14_23:59:30.690 [main] DEBUG org.apache.http.wire -  >> "Accept: */*[\r][\n]"
2021-12-14_23:59:30.690 [main] DEBUG org.apache.http.wire -  >> "userName: A0aCcnPzDANtKmvSLPKcaw==[\r][\n]"
2021-12-14_23:59:30.690 [main] DEBUG org.apache.http.wire -  >> "Host: apitest.pineperks.in[\r][\n]"
2021-12-14_23:59:30.691 [main] DEBUG org.apache.http.wire -  >> "Connection: Keep-Alive[\r][\n]"
2021-12-14_23:59:30.691 [main] DEBUG org.apache.http.wire -  >> "User-Agent: Apache-HttpClient/4.5.2 (Java/1.8.0_202)[\r][\n]"
2021-12-14_23:59:30.691 [main] DEBUG org.apache.http.wire -  >> "Accept-Encoding: gzip,deflate[\r][\n]"
2021-12-14_23:59:30.691 [main] DEBUG org.apache.http.wire -  >> "[\r][\n]"
2021-12-14_23:59:30.691 [main] DEBUG org.apache.http.headers - >> GET /auth/V1/generate/token HTTP/1.1
2021-12-14_23:59:30.691 [main] DEBUG org.apache.http.headers - >> Content-Type: application/json; charset=UTF-8
2021-12-14_23:59:30.692 [main] DEBUG org.apache.http.headers - >> Accept: */*
2021-12-14_23:59:30.692 [main] DEBUG org.apache.http.headers - >> userName: A0aCcnPzDANtKmvSLPKcaw==
2021-12-14_23:59:30.692 [main] DEBUG org.apache.http.headers - >> Host: apitest.pineperks.in
2021-12-14_23:59:30.692 [main] DEBUG org.apache.http.headers - >> Connection: Keep-Alive
2021-12-14_23:59:30.692 [main] DEBUG org.apache.http.headers - >> User-Agent: Apache-HttpClient/4.5.2 (Java/1.8.0_202)
2021-12-14_23:59:30.692 [main] DEBUG org.apache.http.headers - >> Accept-Encoding: gzip,deflate
2021-12-14_23:59:30.771 [main] DEBUG org.apache.http.wire -  << "HTTP/1.1 200 [\r][\n]"
2021-12-14_23:59:30.773 [main] DEBUG org.apache.http.wire -  << "Access-Control-Allow-Methods: GET, POST[\r][\n]"
2021-12-14_23:59:30.773 [main] DEBUG org.apache.http.wire -  << "Access-Control-Allow-Origin: *[\r][\n]"
2021-12-14_23:59:30.774 [main] DEBUG org.apache.http.wire -  << "Content-Security-Policy: default-src 'none'[\r][\n]"
2021-12-14_23:59:30.774 [main] DEBUG org.apache.http.wire -  << "Feature-Policy: 'none'[\r][\n]"
2021-12-14_23:59:30.774 [main] DEBUG org.apache.http.wire -  << "Referrer-Policy: no-referrer[\r][\n]"
2021-12-14_23:59:30.774 [main] DEBUG org.apache.http.wire -  << "Strict-Transport-Security: max-age=31536000 ; includeSubDomains[\r][\n]"
2021-12-14_23:59:30.774 [main] DEBUG org.apache.http.wire -  << "Date: Tue, 14 Dec 2021 18:29:31 GMT[\r][\n]"
2021-12-14_23:59:30.774 [main] DEBUG org.apache.http.wire -  << "Keep-Alive: timeout=60[\r][\n]"
2021-12-14_23:59:30.774 [main] DEBUG org.apache.http.wire -  << "Content-Type: application/json[\r][\n]"
2021-12-14_23:59:30.774 [main] DEBUG org.apache.http.wire -  << "Transfer-Encoding: chunked[\r][\n]"
2021-12-14_23:59:30.774 [main] DEBUG org.apache.http.wire -  << "Connection: keep-alive[\r][\n]"
2021-12-14_23:59:30.775 [main] DEBUG org.apache.http.wire -  << "[\r][\n]"
2021-12-14_23:59:30.775 [main] DEBUG o.a.h.i.conn.DefaultClientConnection - Receiving response: HTTP/1.1 200 
2021-12-14_23:59:30.775 [main] DEBUG org.apache.http.headers - << HTTP/1.1 200 
2021-12-14_23:59:30.775 [main] DEBUG org.apache.http.headers - << Access-Control-Allow-Methods: GET, POST
2021-12-14_23:59:30.775 [main] DEBUG org.apache.http.headers - << Access-Control-Allow-Origin: *
2021-12-14_23:59:30.775 [main] DEBUG org.apache.http.headers - << Content-Security-Policy: default-src 'none'
2021-12-14_23:59:30.775 [main] DEBUG org.apache.http.headers - << Feature-Policy: 'none'
2021-12-14_23:59:30.775 [main] DEBUG org.apache.http.headers - << Referrer-Policy: no-referrer
2021-12-14_23:59:30.776 [main] DEBUG org.apache.http.headers - << Strict-Transport-Security: max-age=31536000 ; includeSubDomains
2021-12-14_23:59:30.776 [main] DEBUG org.apache.http.headers - << Date: Tue, 14 Dec 2021 18:29:31 GMT
2021-12-14_23:59:30.776 [main] DEBUG org.apache.http.headers - << Keep-Alive: timeout=60
2021-12-14_23:59:30.776 [main] DEBUG org.apache.http.headers - << Content-Type: application/json
2021-12-14_23:59:30.776 [main] DEBUG org.apache.http.headers - << Transfer-Encoding: chunked
2021-12-14_23:59:30.776 [main] DEBUG org.apache.http.headers - << Connection: keep-alive
2021-12-14_23:59:30.781 [main] DEBUG o.a.h.impl.client.DefaultHttpClient - Connection can be kept alive for 60000 MILLISECONDS
2021-12-14_23:59:30.796 [main] DEBUG i.r.i.RequestSpecificationImpl$RestAssuredHttpBuilder - Parsing response as: application/json
2021-12-14_23:59:30.796 [main] DEBUG i.r.i.RequestSpecificationImpl$RestAssuredHttpBuilder - Parsed data to instance of: class org.apache.http.conn.EofSensorInputStream
2021-12-14_23:59:30.809 [main] INFO  com.qc.BaseAPI - Method :GET
2021-12-14_23:59:30.810 [main] INFO  com.qc.BaseAPI - URI :https://apitest.pineperks.in/auth/V1/generate/token
2021-12-14_23:59:30.810 [main] INFO  com.qc.BaseAPI - Headers :userName=A0aCcnPzDANtKmvSLPKcaw==
Accept=*/*
Content-Type=application/json; charset=UTF-8
2021-12-14_23:59:30.810 [main] INFO  com.qc.BaseAPI - Body :null
2021-12-14_23:59:30.811 [main] INFO  com.qc.BaseAPI - ********************RESPONSE********************
2021-12-14_23:59:30.821 [main] DEBUG org.apache.http.wire -  << "7f[\r][\n]"
2021-12-14_23:59:30.822 [main] DEBUG org.apache.http.wire -  << "{"accessToken":"42838e9564f040279f4d8fa98ba3bff7","tokenExpiryTime":"15-Dec-2021","responseCode":0,"responseMessage":"Success"}"
2021-12-14_23:59:30.823 [main] DEBUG org.apache.http.wire -  << "[\r][\n]"
2021-12-14_23:59:30.823 [main] DEBUG org.apache.http.wire -  << "0[\r][\n]"
2021-12-14_23:59:30.823 [main] DEBUG org.apache.http.wire -  << "[\r][\n]"
2021-12-14_23:59:30.823 [main] DEBUG o.a.h.i.c.BasicClientConnectionManager - Releasing connection org.apache.http.impl.conn.ManagedClientConnectionImpl@d5a417e
2021-12-14_23:59:30.823 [main] DEBUG o.a.h.i.c.BasicClientConnectionManager - Connection can be kept alive for 60000 MILLISECONDS
2021-12-14_23:59:30.848 [main] INFO  com.qc.BaseAPI - Response :{
    "accessToken": "42838e9564f040279f4d8fa98ba3bff7",
    "tokenExpiryTime": "15-Dec-2021",
    "responseCode": 0,
    "responseMessage": "Success"
}
2021-12-14_23:59:30.851 [main] INFO  com.qc.BaseAPI -  **** GET call Response time 1652 ms
2021-12-14_23:59:30.851 [main] INFO  pl.rest.service.Authorize - Time Taken to perform https://apitest.pineperks.in/auth/V1/generate/token transaction: 1652
2021-12-14_23:59:31.244 [main] INFO  com.qc.qa.utils.TestDataReader - Reading Json data authorizeHeaders
2021-12-14_23:59:31.248 [main] INFO  com.qc.qa.utils.TestDataReader - Reading json data from file @ testData/api/devAPIData.json
2021-12-14_23:59:53.608 [main] INFO  pl.rest.service.CardIssue - CardIssue Rest API URL :- https://apitest.pineperks.in/card/order/V1/instant/issue/nonreloadable/digital
2021-12-15_00:00:02.137 [main] INFO  com.qc.BaseAPI - POST call to URL https://apitest.pineperks.in/card/order/V1/instant/issue/nonreloadable/digital
2021-12-15_00:00:02.150 [main] INFO  com.qc.BaseAPI - ********************REQUEST********************
2021-12-15_00:00:02.190 [main] DEBUG o.a.h.i.c.BasicClientConnectionManager - Get connection for route {s}->https://apitest.pineperks.in:443
2021-12-15_00:00:02.191 [main] DEBUG o.a.h.i.c.DefaultClientConnectionOperator - Connecting to apitest.pineperks.in:443
2021-12-15_00:00:02.312 [main] DEBUG o.a.h.c.protocol.RequestAddCookies - CookieSpec selected: ignoreCookies
2021-12-15_00:00:02.312 [main] DEBUG o.a.h.c.protocol.RequestAuthCache - Auth cache not set in the context
2021-12-15_00:00:02.312 [main] DEBUG o.a.h.c.p.RequestTargetAuthentication - Target auth state: UNCHALLENGED
2021-12-15_00:00:02.312 [main] DEBUG o.a.h.c.p.RequestProxyAuthentication - Proxy auth state: UNCHALLENGED
2021-12-15_00:00:02.312 [main] DEBUG o.a.h.impl.client.DefaultHttpClient - Attempt 1 to execute request
2021-12-15_00:00:02.312 [main] DEBUG o.a.h.i.conn.DefaultClientConnection - Sending request: POST /card/order/V1/instant/issue/nonreloadable/digital HTTP/1.1
2021-12-15_00:00:02.313 [main] DEBUG org.apache.http.wire -  >> "POST /card/order/V1/instant/issue/nonreloadable/digital HTTP/1.1[\r][\n]"
2021-12-15_00:00:02.313 [main] DEBUG org.apache.http.wire -  >> "Accept: */*[\r][\n]"
2021-12-15_00:00:02.313 [main] DEBUG org.apache.http.wire -  >> "userName : A0aCcnPzDANtKmvSLPKcaw==[\r][\n]"
2021-12-15_00:00:02.313 [main] DEBUG org.apache.http.wire -  >> "token: 42838e9564f040279f4d8fa98ba3bff7[\r][\n]"
2021-12-15_00:00:02.313 [main] DEBUG org.apache.http.wire -  >> "Content-Type: application/json; charset=UTF-8[\r][\n]"
2021-12-15_00:00:02.313 [main] DEBUG org.apache.http.wire -  >> "Content-Length: 246[\r][\n]"
2021-12-15_00:00:02.313 [main] DEBUG org.apache.http.wire -  >> "Host: apitest.pineperks.in[\r][\n]"
2021-12-15_00:00:02.313 [main] DEBUG org.apache.http.wire -  >> "Connection: Keep-Alive[\r][\n]"
2021-12-15_00:00:02.313 [main] DEBUG org.apache.http.wire -  >> "User-Agent: Apache-HttpClient/4.5.2 (Java/1.8.0_202)[\r][\n]"
2021-12-15_00:00:02.313 [main] DEBUG org.apache.http.wire -  >> "Accept-Encoding: gzip,deflate[\r][\n]"
2021-12-15_00:00:02.314 [main] DEBUG org.apache.http.wire -  >> "[\r][\n]"
2021-12-15_00:00:02.314 [main] DEBUG org.apache.http.headers - >> POST /card/order/V1/instant/issue/nonreloadable/digital HTTP/1.1
2021-12-15_00:00:02.314 [main] DEBUG org.apache.http.headers - >> Accept: */*
2021-12-15_00:00:02.314 [main] DEBUG org.apache.http.headers - >> userName : A0aCcnPzDANtKmvSLPKcaw==
2021-12-15_00:00:02.314 [main] DEBUG org.apache.http.headers - >> token: 42838e9564f040279f4d8fa98ba3bff7
2021-12-15_00:00:02.314 [main] DEBUG org.apache.http.headers - >> Content-Type: application/json; charset=UTF-8
2021-12-15_00:00:02.314 [main] DEBUG org.apache.http.headers - >> Content-Length: 246
2021-12-15_00:00:02.314 [main] DEBUG org.apache.http.headers - >> Host: apitest.pineperks.in
2021-12-15_00:00:02.314 [main] DEBUG org.apache.http.headers - >> Connection: Keep-Alive
2021-12-15_00:00:02.314 [main] DEBUG org.apache.http.headers - >> User-Agent: Apache-HttpClient/4.5.2 (Java/1.8.0_202)
2021-12-15_00:00:02.314 [main] DEBUG org.apache.http.headers - >> Accept-Encoding: gzip,deflate
2021-12-15_00:00:02.315 [main] DEBUG org.apache.http.wire -  >> "{"isLinkToBeSentOnMobile":true,"checksum":"5x3GNrnStyS2PkMvV6EeAw==","cardDetailList":[{"amount":"1000","mobileNumber":"8284854535","customerName":"APITestOne","email":"afzal.ahmed@pinelabs.com"}],"externalRequestId":"qx6wymN","cardSchemeId":"7"}"
2021-12-15_00:00:02.326 [main] DEBUG org.apache.http.wire -  << "HTTP/1.1 400 [\r][\n]"
2021-12-15_00:00:02.327 [main] DEBUG org.apache.http.wire -  << "Content-Type: text/html;charset=utf-8[\r][\n]"
2021-12-15_00:00:02.327 [main] DEBUG org.apache.http.wire -  << "Content-Language: en[\r][\n]"
2021-12-15_00:00:02.327 [main] DEBUG org.apache.http.wire -  << "Content-Length: 435[\r][\n]"
2021-12-15_00:00:02.327 [main] DEBUG org.apache.http.wire -  << "Date: Tue, 14 Dec 2021 18:30:02 GMT[\r][\n]"
2021-12-15_00:00:02.327 [main] DEBUG org.apache.http.wire -  << "Connection: close[\r][\n]"
2021-12-15_00:00:02.327 [main] DEBUG org.apache.http.wire -  << "[\r][\n]"
2021-12-15_00:00:02.327 [main] DEBUG o.a.h.i.conn.DefaultClientConnection - Receiving response: HTTP/1.1 400 
2021-12-15_00:00:02.327 [main] DEBUG org.apache.http.headers - << HTTP/1.1 400 
2021-12-15_00:00:02.327 [main] DEBUG org.apache.http.headers - << Content-Type: text/html;charset=utf-8
2021-12-15_00:00:02.328 [main] DEBUG org.apache.http.headers - << Content-Language: en
2021-12-15_00:00:02.328 [main] DEBUG org.apache.http.headers - << Content-Length: 435
2021-12-15_00:00:02.328 [main] DEBUG org.apache.http.headers - << Date: Tue, 14 Dec 2021 18:30:02 GMT
2021-12-15_00:00:02.328 [main] DEBUG org.apache.http.headers - << Connection: close
2021-12-15_00:00:02.329 [main] DEBUG i.r.i.RequestSpecificationImpl$RestAssuredHttpBuilder - Parsing response as: text/html;charset=utf-8
2021-12-15_00:00:02.329 [main] DEBUG i.r.i.RequestSpecificationImpl$RestAssuredHttpBuilder - Parsed data to instance of: class org.apache.http.conn.EofSensorInputStream
2021-12-15_00:00:02.331 [main] INFO  com.qc.BaseAPI - Method :POST
2021-12-15_00:00:02.334 [main] INFO  com.qc.BaseAPI - URI :https://apitest.pineperks.in/card/order/V1/instant/issue/nonreloadable/digital
2021-12-15_00:00:02.335 [main] INFO  com.qc.BaseAPI - Headers :token=42838e9564f040279f4d8fa98ba3bff7
userName =A0aCcnPzDANtKmvSLPKcaw==
Accept=*/*
Content-Type=application/json; charset=UTF-8
2021-12-15_00:00:02.335 [main] INFO  com.qc.BaseAPI - Body :{"isLinkToBeSentOnMobile":true,"checksum":"5x3GNrnStyS2PkMvV6EeAw==","cardDetailList":[{"amount":"1000","mobileNumber":"8284854535","customerName":"APITestOne","email":"afzal.ahmed@pinelabs.com"}],"externalRequestId":"qx6wymN","cardSchemeId":"7"}
2021-12-15_00:00:02.335 [main] INFO  com.qc.BaseAPI - ********************RESPONSE********************
2021-12-15_00:00:02.336 [main] DEBUG org.apache.http.wire -  << "<!doctype html><html lang="en"><head><title>HTTP Status 400 [0xe2][0x80][0x93] Bad Request</title><style type="text/css">body {font-family:Tahoma,Arial,sans-serif;} h1, h2, h3, b {color:white;background-color:#525D76;} h1 {font-size:22px;} h2 {font-size:16px;} h3 {font-size:14px;} p {font-size:12px;} a {color:black;} .line {height:1px;background-color:#525D76;border:none;}</style></head><body><h1>HTTP Status 400 [0xe2][0x80][0x93] Bad Request</h1></body></html>"
2021-12-15_00:00:02.336 [main] DEBUG o.a.h.i.c.BasicClientConnectionManager - Releasing connection org.apache.http.impl.conn.ManagedClientConnectionImpl@1dc74b2f
2021-12-15_00:00:02.337 [main] DEBUG o.a.h.i.conn.DefaultClientConnection - Connection 0.0.0.0:52276<->14.143.120.84:443 shut down
2021-12-15_00:00:02.682 [main] INFO  com.qc.BaseAPI - Response :<html lang="en">
  <head>
    <title>HTTP Status 400 – Bad Request</title>
    <style type="text/css">body {font-family:Tahoma,Arial,sans-serif;} h1, h2, h3, b {color:white;background-color:#525D76;} h1 {font-size:22px;} h2 {font-size:16px;} h3 {font-size:14px;} p {font-size:12px;} a {color:black;} .line {height:1px;background-color:#525D76;border:none;}</style>
  </head>
  <body>
    <h1>HTTP Status 400 – Bad Request</h1>
  </body>
</html>
2021-12-15_00:00:02.683 [main] INFO  com.qc.BaseAPI -  **** POST call Response time 177 ms
2021-12-15_00:00:02.683 [main] INFO  pl.rest.service.CardIssue - Time Taken to perform https://apitest.pineperks.in/card/order/V1/instant/issue/nonreloadable/digital transaction: 177
