2021-12-23_23:31:48.308 [main] INFO  pl.rest.CustomHooks - SCENARIO NAME: Issuing a non reloadable card and validation data with the card detail API response
2021-12-23_23:31:48.311 [main] INFO  pl.rest.CustomHooks - TAG NAMEs: []
2021-12-23_23:31:48.315 [main] INFO  pl.rest.CustomHooks - SCENARIO NAME: Issuing a non reloadable card and validation data with the card detail API response
2021-12-23_23:31:48.315 [main] INFO  pl.rest.CustomHooks - TAG NAMEs: []
2021-12-23_23:31:48.386 [main] INFO  pl.rest.CustomHooks - Index: 0, Size: 0
2021-12-23_23:31:50.630 [main] INFO  com.qc.qa.utils.TestDataReader - Reading API Test Data config values from  testData/api/devAPITestData.properties
2021-12-23_23:31:50.644 [main] INFO  pl.rest.service.Authorize - Authorize Rest API URL :- https://apitest.pineperks.in/auth/V1/generate/token
2021-12-23_23:31:50.644 [main] INFO  com.qc.BaseAPI - GET call to URL https://apitest.pineperks.in/auth/V1/generate/token
2021-12-23_23:31:50.915 [main] INFO  com.qc.BaseAPI - ********************REQUEST********************
2021-12-23_23:31:53.345 [main] DEBUG o.a.h.i.c.BasicClientConnectionManager - Get connection for route {s}->https://apitest.pineperks.in:443
2021-12-23_23:31:53.395 [main] DEBUG o.a.h.i.c.DefaultClientConnectionOperator - Connecting to apitest.pineperks.in:443
2021-12-23_23:31:53.592 [main] DEBUG o.a.h.c.protocol.RequestAddCookies - CookieSpec selected: ignoreCookies
2021-12-23_23:31:53.594 [main] DEBUG o.a.h.c.protocol.RequestAuthCache - Auth cache not set in the context
2021-12-23_23:31:53.595 [main] DEBUG o.a.h.c.p.RequestTargetAuthentication - Target auth state: UNCHALLENGED
2021-12-23_23:31:53.596 [main] DEBUG o.a.h.c.p.RequestProxyAuthentication - Proxy auth state: UNCHALLENGED
2021-12-23_23:31:53.596 [main] DEBUG o.a.h.impl.client.DefaultHttpClient - Attempt 1 to execute request
2021-12-23_23:31:53.597 [main] DEBUG o.a.h.i.conn.DefaultClientConnection - Sending request: GET /auth/V1/generate/token HTTP/1.1
2021-12-23_23:31:53.597 [main] DEBUG org.apache.http.wire -  >> "GET /auth/V1/generate/token HTTP/1.1[\r][\n]"
2021-12-23_23:31:53.598 [main] DEBUG org.apache.http.wire -  >> "Content-Type: application/json; charset=UTF-8[\r][\n]"
2021-12-23_23:31:53.599 [main] DEBUG org.apache.http.wire -  >> "Accept: */*[\r][\n]"
2021-12-23_23:31:53.599 [main] DEBUG org.apache.http.wire -  >> "userName: A0aCcnPzDANtKmvSLPKcaw==[\r][\n]"
2021-12-23_23:31:53.599 [main] DEBUG org.apache.http.wire -  >> "Host: apitest.pineperks.in[\r][\n]"
2021-12-23_23:31:53.599 [main] DEBUG org.apache.http.wire -  >> "Connection: Keep-Alive[\r][\n]"
2021-12-23_23:31:53.599 [main] DEBUG org.apache.http.wire -  >> "User-Agent: Apache-HttpClient/4.5.2 (Java/1.8.0_202)[\r][\n]"
2021-12-23_23:31:53.600 [main] DEBUG org.apache.http.wire -  >> "Accept-Encoding: gzip,deflate[\r][\n]"
2021-12-23_23:31:53.600 [main] DEBUG org.apache.http.wire -  >> "[\r][\n]"
2021-12-23_23:31:53.600 [main] DEBUG org.apache.http.headers - >> GET /auth/V1/generate/token HTTP/1.1
2021-12-23_23:31:53.600 [main] DEBUG org.apache.http.headers - >> Content-Type: application/json; charset=UTF-8
2021-12-23_23:31:53.600 [main] DEBUG org.apache.http.headers - >> Accept: */*
2021-12-23_23:31:53.600 [main] DEBUG org.apache.http.headers - >> userName: A0aCcnPzDANtKmvSLPKcaw==
2021-12-23_23:31:53.601 [main] DEBUG org.apache.http.headers - >> Host: apitest.pineperks.in
2021-12-23_23:31:53.601 [main] DEBUG org.apache.http.headers - >> Connection: Keep-Alive
2021-12-23_23:31:53.601 [main] DEBUG org.apache.http.headers - >> User-Agent: Apache-HttpClient/4.5.2 (Java/1.8.0_202)
2021-12-23_23:31:53.601 [main] DEBUG org.apache.http.headers - >> Accept-Encoding: gzip,deflate
2021-12-23_23:31:53.634 [main] DEBUG org.apache.http.wire -  << "HTTP/1.1 200 [\r][\n]"
2021-12-23_23:31:53.636 [main] DEBUG org.apache.http.wire -  << "Access-Control-Allow-Methods: GET, POST[\r][\n]"
2021-12-23_23:31:53.636 [main] DEBUG org.apache.http.wire -  << "Access-Control-Allow-Origin: *[\r][\n]"
2021-12-23_23:31:53.636 [main] DEBUG org.apache.http.wire -  << "Content-Security-Policy: default-src 'none'[\r][\n]"
2021-12-23_23:31:53.636 [main] DEBUG org.apache.http.wire -  << "Feature-Policy: 'none'[\r][\n]"
2021-12-23_23:31:53.636 [main] DEBUG org.apache.http.wire -  << "Referrer-Policy: no-referrer[\r][\n]"
2021-12-23_23:31:53.637 [main] DEBUG org.apache.http.wire -  << "Strict-Transport-Security: max-age=31536000 ; includeSubDomains[\r][\n]"
2021-12-23_23:31:53.637 [main] DEBUG org.apache.http.wire -  << "Date: Thu, 23 Dec 2021 18:01:53 GMT[\r][\n]"
2021-12-23_23:31:53.637 [main] DEBUG org.apache.http.wire -  << "Keep-Alive: timeout=60[\r][\n]"
2021-12-23_23:31:53.637 [main] DEBUG org.apache.http.wire -  << "Content-Type: application/json[\r][\n]"
2021-12-23_23:31:53.637 [main] DEBUG org.apache.http.wire -  << "Transfer-Encoding: chunked[\r][\n]"
2021-12-23_23:31:53.637 [main] DEBUG org.apache.http.wire -  << "Connection: keep-alive[\r][\n]"
2021-12-23_23:31:53.637 [main] DEBUG org.apache.http.wire -  << "[\r][\n]"
2021-12-23_23:31:53.638 [main] DEBUG o.a.h.i.conn.DefaultClientConnection - Receiving response: HTTP/1.1 200 
2021-12-23_23:31:53.638 [main] DEBUG org.apache.http.headers - << HTTP/1.1 200 
2021-12-23_23:31:53.638 [main] DEBUG org.apache.http.headers - << Access-Control-Allow-Methods: GET, POST
2021-12-23_23:31:53.638 [main] DEBUG org.apache.http.headers - << Access-Control-Allow-Origin: *
2021-12-23_23:31:53.638 [main] DEBUG org.apache.http.headers - << Content-Security-Policy: default-src 'none'
2021-12-23_23:31:53.638 [main] DEBUG org.apache.http.headers - << Feature-Policy: 'none'
2021-12-23_23:31:53.638 [main] DEBUG org.apache.http.headers - << Referrer-Policy: no-referrer
2021-12-23_23:31:53.639 [main] DEBUG org.apache.http.headers - << Strict-Transport-Security: max-age=31536000 ; includeSubDomains
2021-12-23_23:31:53.639 [main] DEBUG org.apache.http.headers - << Date: Thu, 23 Dec 2021 18:01:53 GMT
2021-12-23_23:31:53.639 [main] DEBUG org.apache.http.headers - << Keep-Alive: timeout=60
2021-12-23_23:31:53.639 [main] DEBUG org.apache.http.headers - << Content-Type: application/json
2021-12-23_23:31:53.639 [main] DEBUG org.apache.http.headers - << Transfer-Encoding: chunked
2021-12-23_23:31:53.639 [main] DEBUG org.apache.http.headers - << Connection: keep-alive
2021-12-23_23:31:53.644 [main] DEBUG o.a.h.impl.client.DefaultHttpClient - Connection can be kept alive for 60000 MILLISECONDS
2021-12-23_23:31:53.663 [main] DEBUG i.r.i.RequestSpecificationImpl$RestAssuredHttpBuilder - Parsing response as: application/json
2021-12-23_23:31:53.664 [main] DEBUG i.r.i.RequestSpecificationImpl$RestAssuredHttpBuilder - Parsed data to instance of: class org.apache.http.conn.EofSensorInputStream
2021-12-23_23:31:53.680 [main] INFO  com.qc.BaseAPI - Method :GET
2021-12-23_23:31:53.682 [main] INFO  com.qc.BaseAPI - URI :https://apitest.pineperks.in/auth/V1/generate/token
2021-12-23_23:31:53.682 [main] INFO  com.qc.BaseAPI - Headers :userName=A0aCcnPzDANtKmvSLPKcaw==
Accept=*/*
Content-Type=application/json; charset=UTF-8
2021-12-23_23:31:53.682 [main] INFO  com.qc.BaseAPI - Body :null
2021-12-23_23:31:53.682 [main] INFO  com.qc.BaseAPI - ********************RESPONSE********************
2021-12-23_23:31:53.693 [main] DEBUG org.apache.http.wire -  << "7f[\r][\n]"
2021-12-23_23:31:53.694 [main] DEBUG org.apache.http.wire -  << "{"accessToken":"cd214c9b634d4c878b36699a1ade10db","tokenExpiryTime":"24-Dec-2021","responseCode":0,"responseMessage":"Success"}"
2021-12-23_23:31:53.695 [main] DEBUG org.apache.http.wire -  << "[\r][\n]"
2021-12-23_23:31:53.695 [main] DEBUG org.apache.http.wire -  << "0[\r][\n]"
2021-12-23_23:31:53.695 [main] DEBUG org.apache.http.wire -  << "[\r][\n]"
2021-12-23_23:31:53.696 [main] DEBUG o.a.h.i.c.BasicClientConnectionManager - Releasing connection org.apache.http.impl.conn.ManagedClientConnectionImpl@173b7227
2021-12-23_23:31:53.696 [main] DEBUG o.a.h.i.c.BasicClientConnectionManager - Connection can be kept alive for 60000 MILLISECONDS
2021-12-23_23:31:53.728 [main] INFO  com.qc.BaseAPI - Response :{
    "accessToken": "cd214c9b634d4c878b36699a1ade10db",
    "tokenExpiryTime": "24-Dec-2021",
    "responseCode": 0,
    "responseMessage": "Success"
}
2021-12-23_23:31:53.730 [main] INFO  com.qc.BaseAPI -  **** GET call Response time 2747 ms
2021-12-23_23:31:53.731 [main] INFO  pl.rest.service.Authorize - Time Taken to perform https://apitest.pineperks.in/auth/V1/generate/token transaction: 2747
2021-12-23_23:31:53.843 [main] INFO  com.qc.qa.utils.TestDataReader - Reading Json data authorizeHeaders
2021-12-23_23:31:53.846 [main] INFO  com.qc.qa.utils.TestDataReader - Reading json data from file @ testData/api/devAPIData.json
2021-12-23_23:31:53.868 [main] INFO  pl.rest.service.CardIssue - CardIssue Rest API URL :- https://apitest.pineperks.in/card/order/V1/instant/issue/nonreloadable/digital
2021-12-23_23:31:53.869 [main] INFO  com.qc.BaseAPI - POST call to URL https://apitest.pineperks.in/card/order/V1/instant/issue/nonreloadable/digital
2021-12-23_23:31:53.883 [main] INFO  com.qc.BaseAPI - ********************REQUEST********************
2021-12-23_23:31:53.928 [main] DEBUG o.a.h.i.c.BasicClientConnectionManager - Get connection for route {s}->https://apitest.pineperks.in:443
2021-12-23_23:31:53.929 [main] DEBUG o.a.h.i.c.DefaultClientConnectionOperator - Connecting to apitest.pineperks.in:443
2021-12-23_23:31:54.072 [main] DEBUG o.a.h.c.protocol.RequestAddCookies - CookieSpec selected: ignoreCookies
2021-12-23_23:31:54.073 [main] DEBUG o.a.h.c.protocol.RequestAuthCache - Auth cache not set in the context
2021-12-23_23:31:54.073 [main] DEBUG o.a.h.c.p.RequestTargetAuthentication - Target auth state: UNCHALLENGED
2021-12-23_23:31:54.073 [main] DEBUG o.a.h.c.p.RequestProxyAuthentication - Proxy auth state: UNCHALLENGED
2021-12-23_23:31:54.073 [main] DEBUG o.a.h.impl.client.DefaultHttpClient - Attempt 1 to execute request
2021-12-23_23:31:54.074 [main] DEBUG o.a.h.i.conn.DefaultClientConnection - Sending request: POST /card/order/V1/instant/issue/nonreloadable/digital HTTP/1.1
2021-12-23_23:31:54.074 [main] DEBUG org.apache.http.wire -  >> "POST /card/order/V1/instant/issue/nonreloadable/digital HTTP/1.1[\r][\n]"
2021-12-23_23:31:54.074 [main] DEBUG org.apache.http.wire -  >> "Accept: */*[\r][\n]"
2021-12-23_23:31:54.074 [main] DEBUG org.apache.http.wire -  >> "userName: A0aCcnPzDANtKmvSLPKcaw==[\r][\n]"
2021-12-23_23:31:54.074 [main] DEBUG org.apache.http.wire -  >> "token: cd214c9b634d4c878b36699a1ade10db[\r][\n]"
2021-12-23_23:31:54.074 [main] DEBUG org.apache.http.wire -  >> "Content-Type: application/json; charset=UTF-8[\r][\n]"
2021-12-23_23:31:54.074 [main] DEBUG org.apache.http.wire -  >> "Content-Length: 241[\r][\n]"
2021-12-23_23:31:54.074 [main] DEBUG org.apache.http.wire -  >> "Host: apitest.pineperks.in[\r][\n]"
2021-12-23_23:31:54.075 [main] DEBUG org.apache.http.wire -  >> "Connection: Keep-Alive[\r][\n]"
2021-12-23_23:31:54.075 [main] DEBUG org.apache.http.wire -  >> "User-Agent: Apache-HttpClient/4.5.2 (Java/1.8.0_202)[\r][\n]"
2021-12-23_23:31:54.075 [main] DEBUG org.apache.http.wire -  >> "Accept-Encoding: gzip,deflate[\r][\n]"
2021-12-23_23:31:54.075 [main] DEBUG org.apache.http.wire -  >> "[\r][\n]"
2021-12-23_23:31:54.075 [main] DEBUG org.apache.http.headers - >> POST /card/order/V1/instant/issue/nonreloadable/digital HTTP/1.1
2021-12-23_23:31:54.075 [main] DEBUG org.apache.http.headers - >> Accept: */*
2021-12-23_23:31:54.075 [main] DEBUG org.apache.http.headers - >> userName: A0aCcnPzDANtKmvSLPKcaw==
2021-12-23_23:31:54.075 [main] DEBUG org.apache.http.headers - >> token: cd214c9b634d4c878b36699a1ade10db
2021-12-23_23:31:54.075 [main] DEBUG org.apache.http.headers - >> Content-Type: application/json; charset=UTF-8
2021-12-23_23:31:54.076 [main] DEBUG org.apache.http.headers - >> Content-Length: 241
2021-12-23_23:31:54.076 [main] DEBUG org.apache.http.headers - >> Host: apitest.pineperks.in
2021-12-23_23:31:54.076 [main] DEBUG org.apache.http.headers - >> Connection: Keep-Alive
2021-12-23_23:31:54.076 [main] DEBUG org.apache.http.headers - >> User-Agent: Apache-HttpClient/4.5.2 (Java/1.8.0_202)
2021-12-23_23:31:54.076 [main] DEBUG org.apache.http.headers - >> Accept-Encoding: gzip,deflate
2021-12-23_23:31:54.076 [main] DEBUG org.apache.http.wire -  >> "{"isLinkToBeSentOnMobile":true,"checksum":"5x3GNrnStyS2PkMvV6EeAw==","cardDetailList":[{"amount":"1000","mobileNumber":"8284854535","customerName":"afzal","email":"afzal.ahmed@pinelabs.com"}],"externalRequestId":"YbUbZzp","cardSchemeId":"7"}"
2021-12-23_23:31:54.274 [main] DEBUG org.apache.http.wire -  << "HTTP/1.1 200 [\r][\n]"
2021-12-23_23:31:54.275 [main] DEBUG org.apache.http.wire -  << "Access-Control-Allow-Methods: GET, POST[\r][\n]"
2021-12-23_23:31:54.275 [main] DEBUG org.apache.http.wire -  << "Access-Control-Allow-Origin: *[\r][\n]"
2021-12-23_23:31:54.275 [main] DEBUG org.apache.http.wire -  << "Content-Security-Policy: default-src 'none'[\r][\n]"
2021-12-23_23:31:54.275 [main] DEBUG org.apache.http.wire -  << "Feature-Policy: 'none'[\r][\n]"
2021-12-23_23:31:54.276 [main] DEBUG org.apache.http.wire -  << "Referrer-Policy: no-referrer[\r][\n]"
2021-12-23_23:31:54.276 [main] DEBUG org.apache.http.wire -  << "Strict-Transport-Security: max-age=31536000 ; includeSubDomains[\r][\n]"
2021-12-23_23:31:54.276 [main] DEBUG org.apache.http.wire -  << "Date: Thu, 23 Dec 2021 18:01:53 GMT[\r][\n]"
2021-12-23_23:31:54.276 [main] DEBUG org.apache.http.wire -  << "Keep-Alive: timeout=60[\r][\n]"
2021-12-23_23:31:54.277 [main] DEBUG org.apache.http.wire -  << "Content-Type: application/json[\r][\n]"
2021-12-23_23:31:54.277 [main] DEBUG org.apache.http.wire -  << "Transfer-Encoding: chunked[\r][\n]"
2021-12-23_23:31:54.277 [main] DEBUG org.apache.http.wire -  << "Connection: keep-alive[\r][\n]"
2021-12-23_23:31:54.277 [main] DEBUG org.apache.http.wire -  << "[\r][\n]"
2021-12-23_23:31:54.277 [main] DEBUG o.a.h.i.conn.DefaultClientConnection - Receiving response: HTTP/1.1 200 
2021-12-23_23:31:54.277 [main] DEBUG org.apache.http.headers - << HTTP/1.1 200 
2021-12-23_23:31:54.278 [main] DEBUG org.apache.http.headers - << Access-Control-Allow-Methods: GET, POST
2021-12-23_23:31:54.278 [main] DEBUG org.apache.http.headers - << Access-Control-Allow-Origin: *
2021-12-23_23:31:54.278 [main] DEBUG org.apache.http.headers - << Content-Security-Policy: default-src 'none'
2021-12-23_23:31:54.278 [main] DEBUG org.apache.http.headers - << Feature-Policy: 'none'
2021-12-23_23:31:54.278 [main] DEBUG org.apache.http.headers - << Referrer-Policy: no-referrer
2021-12-23_23:31:54.278 [main] DEBUG org.apache.http.headers - << Strict-Transport-Security: max-age=31536000 ; includeSubDomains
2021-12-23_23:31:54.278 [main] DEBUG org.apache.http.headers - << Date: Thu, 23 Dec 2021 18:01:53 GMT
2021-12-23_23:31:54.278 [main] DEBUG org.apache.http.headers - << Keep-Alive: timeout=60
2021-12-23_23:31:54.278 [main] DEBUG org.apache.http.headers - << Content-Type: application/json
2021-12-23_23:31:54.278 [main] DEBUG org.apache.http.headers - << Transfer-Encoding: chunked
2021-12-23_23:31:54.278 [main] DEBUG org.apache.http.headers - << Connection: keep-alive
2021-12-23_23:31:54.279 [main] DEBUG o.a.h.impl.client.DefaultHttpClient - Connection can be kept alive for 60000 MILLISECONDS
2021-12-23_23:31:54.279 [main] DEBUG i.r.i.RequestSpecificationImpl$RestAssuredHttpBuilder - Parsing response as: application/json
2021-12-23_23:31:54.279 [main] DEBUG i.r.i.RequestSpecificationImpl$RestAssuredHttpBuilder - Parsed data to instance of: class org.apache.http.conn.EofSensorInputStream
2021-12-23_23:31:54.281 [main] INFO  com.qc.BaseAPI - Method :POST
2021-12-23_23:31:54.285 [main] INFO  com.qc.BaseAPI - URI :https://apitest.pineperks.in/card/order/V1/instant/issue/nonreloadable/digital
2021-12-23_23:31:54.285 [main] INFO  com.qc.BaseAPI - Headers :token=cd214c9b634d4c878b36699a1ade10db
userName=A0aCcnPzDANtKmvSLPKcaw==
Accept=*/*
Content-Type=application/json; charset=UTF-8
2021-12-23_23:31:54.285 [main] INFO  com.qc.BaseAPI - Body :{"isLinkToBeSentOnMobile":true,"checksum":"5x3GNrnStyS2PkMvV6EeAw==","cardDetailList":[{"amount":"1000","mobileNumber":"8284854535","customerName":"afzal","email":"afzal.ahmed@pinelabs.com"}],"externalRequestId":"YbUbZzp","cardSchemeId":"7"}
2021-12-23_23:31:54.285 [main] INFO  com.qc.BaseAPI - ********************RESPONSE********************
2021-12-23_23:31:54.286 [main] DEBUG org.apache.http.wire -  << "1f1[\r][\n]"
2021-12-23_23:31:54.286 [main] DEBUG org.apache.http.wire -  << "{"externalRequestId":"YbUbZzp","orderId":20939,"orderStatus":6,"cardDetailResponseList":[{"referenceNumber":7786538138,"serialNumber":20939000010001,"customerName":"afzal","mobileNumber":8284854535,"email":"afzal.ahmed@pinelabs.com","amount":1000,"cardLink":"test.pineperks.in/eCard?c=ltrwfi8uKcRXEzYTRlLpMw2","responseCode":0,"responseMessage":"Success"}],"successCount":1,"failedCount":0,"orderAmount":1000,"issuanceCharge":100,"netOrderAmount":1100,"responseCode":0,"responseMessage":"Success"}"
2021-12-23_23:31:54.286 [main] DEBUG org.apache.http.wire -  << "[\r][\n]"
2021-12-23_23:31:54.286 [main] DEBUG org.apache.http.wire -  << "0[\r][\n]"
2021-12-23_23:31:54.286 [main] DEBUG org.apache.http.wire -  << "[\r][\n]"
2021-12-23_23:31:54.287 [main] DEBUG o.a.h.i.c.BasicClientConnectionManager - Releasing connection org.apache.http.impl.conn.ManagedClientConnectionImpl@486265b7
2021-12-23_23:31:54.287 [main] DEBUG o.a.h.i.c.BasicClientConnectionManager - Connection can be kept alive for 60000 MILLISECONDS
2021-12-23_23:31:54.290 [main] INFO  com.qc.BaseAPI - Response :{
    "externalRequestId": "YbUbZzp",
    "orderId": 20939,
    "orderStatus": 6,
    "cardDetailResponseList": [
        {
            "referenceNumber": 7786538138,
            "serialNumber": 20939000010001,
            "customerName": "afzal",
            "mobileNumber": 8284854535,
            "email": "afzal.ahmed@pinelabs.com",
            "amount": 1000,
            "cardLink": "test.pineperks.in/eCard?c=ltrwfi8uKcRXEzYTRlLpMw2",
            "responseCode": 0,
            "responseMessage": "Success"
        }
    ],
    "successCount": 1,
    "failedCount": 0,
    "orderAmount": 1000,
    "issuanceCharge": 100,
    "netOrderAmount": 1100,
    "responseCode": 0,
    "responseMessage": "Success"
}
2021-12-23_23:31:54.291 [main] INFO  com.qc.BaseAPI -  **** POST call Response time 394 ms
2021-12-23_23:31:54.291 [main] INFO  pl.rest.service.CardIssue - Time Taken to perform https://apitest.pineperks.in/card/order/V1/instant/issue/nonreloadable/digital transaction: 394
2021-12-23_23:31:54.300 [main] INFO  com.qc.qa.utils.TestDataReader - Reading Json data authorizeHeaders
2021-12-23_23:31:54.303 [main] INFO  com.qc.qa.utils.TestDataReader - Reading json data from file @ testData/api/devAPIData.json
2021-12-23_23:31:54.306 [main] INFO  p.r.service.CorporateAndCardDetails - CardIssue Rest API URL :- https://apitest.pineperks.in/card/profile/V1/detail
2021-12-23_23:31:54.307 [main] INFO  com.qc.BaseAPI - POST call to URL https://apitest.pineperks.in/card/profile/V1/detail
2021-12-23_23:31:54.314 [main] INFO  com.qc.BaseAPI - ********************REQUEST********************
2021-12-23_23:31:54.326 [main] DEBUG o.a.h.i.c.BasicClientConnectionManager - Get connection for route {s}->https://apitest.pineperks.in:443
2021-12-23_23:31:54.326 [main] DEBUG o.a.h.i.c.DefaultClientConnectionOperator - Connecting to apitest.pineperks.in:443
2021-12-23_23:31:54.445 [main] DEBUG o.a.h.c.protocol.RequestAddCookies - CookieSpec selected: ignoreCookies
2021-12-23_23:31:54.445 [main] DEBUG o.a.h.c.protocol.RequestAuthCache - Auth cache not set in the context
2021-12-23_23:31:54.446 [main] DEBUG o.a.h.c.p.RequestTargetAuthentication - Target auth state: UNCHALLENGED
2021-12-23_23:31:54.446 [main] DEBUG o.a.h.c.p.RequestProxyAuthentication - Proxy auth state: UNCHALLENGED
2021-12-23_23:31:54.446 [main] DEBUG o.a.h.impl.client.DefaultHttpClient - Attempt 1 to execute request
2021-12-23_23:31:54.446 [main] DEBUG o.a.h.i.conn.DefaultClientConnection - Sending request: POST /card/profile/V1/detail HTTP/1.1
2021-12-23_23:31:54.446 [main] DEBUG org.apache.http.wire -  >> "POST /card/profile/V1/detail HTTP/1.1[\r][\n]"
2021-12-23_23:31:54.446 [main] DEBUG org.apache.http.wire -  >> "Accept: */*[\r][\n]"
2021-12-23_23:31:54.446 [main] DEBUG org.apache.http.wire -  >> "userName: A0aCcnPzDANtKmvSLPKcaw==[\r][\n]"
2021-12-23_23:31:54.446 [main] DEBUG org.apache.http.wire -  >> "token: cd214c9b634d4c878b36699a1ade10db[\r][\n]"
2021-12-23_23:31:54.447 [main] DEBUG org.apache.http.wire -  >> "Content-Type: application/json; charset=UTF-8[\r][\n]"
2021-12-23_23:31:54.447 [main] DEBUG org.apache.http.wire -  >> "Content-Length: 40[\r][\n]"
2021-12-23_23:31:54.447 [main] DEBUG org.apache.http.wire -  >> "Host: apitest.pineperks.in[\r][\n]"
2021-12-23_23:31:54.447 [main] DEBUG org.apache.http.wire -  >> "Connection: Keep-Alive[\r][\n]"
2021-12-23_23:31:54.447 [main] DEBUG org.apache.http.wire -  >> "User-Agent: Apache-HttpClient/4.5.2 (Java/1.8.0_202)[\r][\n]"
2021-12-23_23:31:54.447 [main] DEBUG org.apache.http.wire -  >> "Accept-Encoding: gzip,deflate[\r][\n]"
2021-12-23_23:31:54.447 [main] DEBUG org.apache.http.wire -  >> "[\r][\n]"
2021-12-23_23:31:54.447 [main] DEBUG org.apache.http.headers - >> POST /card/profile/V1/detail HTTP/1.1
2021-12-23_23:31:54.447 [main] DEBUG org.apache.http.headers - >> Accept: */*
2021-12-23_23:31:54.447 [main] DEBUG org.apache.http.headers - >> userName: A0aCcnPzDANtKmvSLPKcaw==
2021-12-23_23:31:54.447 [main] DEBUG org.apache.http.headers - >> token: cd214c9b634d4c878b36699a1ade10db
2021-12-23_23:31:54.448 [main] DEBUG org.apache.http.headers - >> Content-Type: application/json; charset=UTF-8
2021-12-23_23:31:54.448 [main] DEBUG org.apache.http.headers - >> Content-Length: 40
2021-12-23_23:31:54.448 [main] DEBUG org.apache.http.headers - >> Host: apitest.pineperks.in
2021-12-23_23:31:54.448 [main] DEBUG org.apache.http.headers - >> Connection: Keep-Alive
2021-12-23_23:31:54.448 [main] DEBUG org.apache.http.headers - >> User-Agent: Apache-HttpClient/4.5.2 (Java/1.8.0_202)
2021-12-23_23:31:54.448 [main] DEBUG org.apache.http.headers - >> Accept-Encoding: gzip,deflate
2021-12-23_23:31:54.448 [main] DEBUG org.apache.http.wire -  >> "{"cardDetailRequestList":["7786538138"]}"
2021-12-23_23:31:54.475 [main] DEBUG org.apache.http.wire -  << "HTTP/1.1 200 [\r][\n]"
2021-12-23_23:31:54.475 [main] DEBUG org.apache.http.wire -  << "Access-Control-Allow-Methods: GET, POST[\r][\n]"
2021-12-23_23:31:54.475 [main] DEBUG org.apache.http.wire -  << "Access-Control-Allow-Origin: *[\r][\n]"
2021-12-23_23:31:54.475 [main] DEBUG org.apache.http.wire -  << "Content-Security-Policy: default-src 'none'[\r][\n]"
2021-12-23_23:31:54.475 [main] DEBUG org.apache.http.wire -  << "Feature-Policy: 'none'[\r][\n]"
2021-12-23_23:31:54.475 [main] DEBUG org.apache.http.wire -  << "Referrer-Policy: no-referrer[\r][\n]"
2021-12-23_23:31:54.475 [main] DEBUG org.apache.http.wire -  << "Strict-Transport-Security: max-age=31536000 ; includeSubDomains[\r][\n]"
2021-12-23_23:31:54.475 [main] DEBUG org.apache.http.wire -  << "Date: Thu, 23 Dec 2021 18:01:53 GMT[\r][\n]"
2021-12-23_23:31:54.475 [main] DEBUG org.apache.http.wire -  << "Keep-Alive: timeout=60[\r][\n]"
2021-12-23_23:31:54.476 [main] DEBUG org.apache.http.wire -  << "Content-Type: application/json[\r][\n]"
2021-12-23_23:31:54.476 [main] DEBUG org.apache.http.wire -  << "Transfer-Encoding: chunked[\r][\n]"
2021-12-23_23:31:54.476 [main] DEBUG org.apache.http.wire -  << "Connection: keep-alive[\r][\n]"
2021-12-23_23:31:54.476 [main] DEBUG org.apache.http.wire -  << "[\r][\n]"
2021-12-23_23:31:54.476 [main] DEBUG o.a.h.i.conn.DefaultClientConnection - Receiving response: HTTP/1.1 200 
2021-12-23_23:31:54.476 [main] DEBUG org.apache.http.headers - << HTTP/1.1 200 
2021-12-23_23:31:54.476 [main] DEBUG org.apache.http.headers - << Access-Control-Allow-Methods: GET, POST
2021-12-23_23:31:54.476 [main] DEBUG org.apache.http.headers - << Access-Control-Allow-Origin: *
2021-12-23_23:31:54.476 [main] DEBUG org.apache.http.headers - << Content-Security-Policy: default-src 'none'
2021-12-23_23:31:54.476 [main] DEBUG org.apache.http.headers - << Feature-Policy: 'none'
2021-12-23_23:31:54.476 [main] DEBUG org.apache.http.headers - << Referrer-Policy: no-referrer
2021-12-23_23:31:54.477 [main] DEBUG org.apache.http.headers - << Strict-Transport-Security: max-age=31536000 ; includeSubDomains
2021-12-23_23:31:54.477 [main] DEBUG org.apache.http.headers - << Date: Thu, 23 Dec 2021 18:01:53 GMT
2021-12-23_23:31:54.477 [main] DEBUG org.apache.http.headers - << Keep-Alive: timeout=60
2021-12-23_23:31:54.477 [main] DEBUG org.apache.http.headers - << Content-Type: application/json
2021-12-23_23:31:54.477 [main] DEBUG org.apache.http.headers - << Transfer-Encoding: chunked
2021-12-23_23:31:54.477 [main] DEBUG org.apache.http.headers - << Connection: keep-alive
2021-12-23_23:31:54.477 [main] DEBUG o.a.h.impl.client.DefaultHttpClient - Connection can be kept alive for 60000 MILLISECONDS
2021-12-23_23:31:54.478 [main] DEBUG i.r.i.RequestSpecificationImpl$RestAssuredHttpBuilder - Parsing response as: application/json
2021-12-23_23:31:54.478 [main] DEBUG i.r.i.RequestSpecificationImpl$RestAssuredHttpBuilder - Parsed data to instance of: class org.apache.http.conn.EofSensorInputStream
2021-12-23_23:31:54.479 [main] INFO  com.qc.BaseAPI - Method :POST
2021-12-23_23:31:54.480 [main] INFO  com.qc.BaseAPI - URI :https://apitest.pineperks.in/card/profile/V1/detail
2021-12-23_23:31:54.480 [main] INFO  com.qc.BaseAPI - Headers :token=cd214c9b634d4c878b36699a1ade10db
userName=A0aCcnPzDANtKmvSLPKcaw==
Accept=*/*
Content-Type=application/json; charset=UTF-8
2021-12-23_23:31:54.481 [main] INFO  com.qc.BaseAPI - Body :{"cardDetailRequestList":["7786538138"]}
2021-12-23_23:31:54.481 [main] INFO  com.qc.BaseAPI - ********************RESPONSE********************
2021-12-23_23:31:54.481 [main] DEBUG org.apache.http.wire -  << "3be[\r][\n]"
2021-12-23_23:31:54.481 [main] DEBUG org.apache.http.wire -  << "{"cardDetailResponseList":[{"cardReferenceNumber":7786538138,"maskedCardNumber":"608364******2258","cardStatus":1,"kycStatus":null,"cardSchemeId":7,"pinMode":4,"cardName":"milson Card","cardVariant":2,"cardCategoryId":4,"loadAmount":1000,"redeemedAmount":0,"balance":1000,"issuedOn":"23-Dec-2021","expiryDate":"31-Dec-2023","isEcommTransactionEnabled":true,"ecommRedeemTransactionLimit":0,"isPOSTransactionEnabled":false,"posRedeemTransactionLimit":0,"monthlyCreditAmount":null,"lastCreditedOn":null,"activatedOn":null,"activationName":"Afzal","activationMobileNumber":8284854535,"activationEmail":"afzal.ahmed@pinelabs.com","customerName":"Afzal ahmed","customerMobile":8284854535,"customerEmail":null,"blockedOn":null,"terminatedOn":null,"terminatedBy":null,"reason":null,"reIssuedOn":null,"reIssuedBy":null,"reIssuedByCardReferenceNumber":null,"reIssueCharges":0,"responseCode":0,"responseMessage":"Success"}],"responseCode":0,"responseMessage":"Success"}"
2021-12-23_23:31:54.481 [main] DEBUG org.apache.http.wire -  << "[\r][\n]"
2021-12-23_23:31:54.482 [main] DEBUG org.apache.http.wire -  << "0[\r][\n]"
2021-12-23_23:31:54.482 [main] DEBUG org.apache.http.wire -  << "[\r][\n]"
2021-12-23_23:31:54.482 [main] DEBUG o.a.h.i.c.BasicClientConnectionManager - Releasing connection org.apache.http.impl.conn.ManagedClientConnectionImpl@11a27ef2
2021-12-23_23:31:54.482 [main] DEBUG o.a.h.i.c.BasicClientConnectionManager - Connection can be kept alive for 60000 MILLISECONDS
2021-12-23_23:31:54.485 [main] INFO  com.qc.BaseAPI - Response :{
    "cardDetailResponseList": [
        {
            "cardReferenceNumber": 7786538138,
            "maskedCardNumber": "608364******2258",
            "cardStatus": 1,
            "kycStatus": null,
            "cardSchemeId": 7,
            "pinMode": 4,
            "cardName": "milson Card",
            "cardVariant": 2,
            "cardCategoryId": 4,
            "loadAmount": 1000,
            "redeemedAmount": 0,
            "balance": 1000,
            "issuedOn": "23-Dec-2021",
            "expiryDate": "31-Dec-2023",
            "isEcommTransactionEnabled": true,
            "ecommRedeemTransactionLimit": 0,
            "isPOSTransactionEnabled": false,
            "posRedeemTransactionLimit": 0,
            "monthlyCreditAmount": null,
            "lastCreditedOn": null,
            "activatedOn": null,
            "activationName": "Afzal",
            "activationMobileNumber": 8284854535,
            "activationEmail": "afzal.ahmed@pinelabs.com",
            "customerName": "Afzal ahmed",
            "customerMobile": 8284854535,
            "customerEmail": null,
            "blockedOn": null,
            "terminatedOn": null,
            "terminatedBy": null,
            "reason": null,
            "reIssuedOn": null,
            "reIssuedBy": null,
            "reIssuedByCardReferenceNumber": null,
            "reIssueCharges": 0,
            "responseCode": 0,
            "responseMessage": "Success"
        }
    ],
    "responseCode": 0,
    "responseMessage": "Success"
}
2021-12-23_23:31:54.485 [main] INFO  com.qc.BaseAPI -  **** POST call Response time 163 ms
2021-12-23_23:31:54.486 [main] INFO  p.r.service.CorporateAndCardDetails - Time Taken to perform https://apitest.pineperks.in/card/profile/V1/detail transaction: 163
