2021-12-18_15:19:43.383 [main] INFO  pl.rest.CustomHooks - SCENARIO NAME: Issuing a Reloadable Digital Card with V1 API
2021-12-18_15:19:43.385 [main] INFO  pl.rest.CustomHooks - TAG NAMEs: [@TestSet0]
2021-12-18_15:19:43.391 [main] INFO  com.qc.qa.utils.TestDataReader - Reading API Test Data config values from  testData/api/devAPITestData.properties
2021-12-18_15:19:43.393 [main] INFO  pl.rest.stepDefs.CardIssueStepDefs - Fetched mobile number Dataset 8284854535
2021-12-18_15:19:43.416 [main] INFO  pl.rest.utils.DBUtils - Delinking mobile from Cards
2021-12-18_15:19:43.429 [main] INFO  pl.rest.utils.DBUtils - Executing the query update card set CardStatus=4where AccountType=18 and ActivationMobileNumber in(8284854535) and CardType=2 and cardstatus in (1,2);
2021-12-18_15:19:43.485 [main] ERROR com.qc.qa.utils.LoadProperties - Missing MySQLDBEnvironment property value in system property or in config.properties files.Please add it if incase required
2021-12-18_15:19:43.486 [main] INFO  com.qc.qa.dbutils.DBPoolProvider - Con pool Total - 400, idle - 0,  Num active - 0
2021-12-18_15:19:43.486 [main] INFO  com.qc.qa.dbutils.DBPoolProvider - Retrieved connection
2021-12-18_15:19:46.551 [main] INFO  c.qc.qa.dbutils.DBConnectionManager - DB Connected Successfully.
2021-12-18_15:19:46.563 [main] INFO  c.qc.qa.dbutils.DBConnectionManager - Executing Query:::update card set CardStatus=4where AccountType=18 and ActivationMobileNumber in(8284854535) and CardType=2 and cardstatus in (1,2);
2021-12-18_15:19:46.592 [main] INFO  pl.rest.utils.DBUtils - No. of rows affected on delinking mobile0
2021-12-18_15:19:47.798 [main] INFO  pl.rest.service.Authorize - Authorize Rest API URL :- https://apitest.pineperks.in/auth/V1/generate/token
2021-12-18_15:19:47.799 [main] INFO  com.qc.BaseAPI - GET call to URL https://apitest.pineperks.in/auth/V1/generate/token
2021-12-18_15:19:47.971 [main] INFO  com.qc.BaseAPI - ********************REQUEST********************
2021-12-18_15:19:48.230 [main] DEBUG o.a.h.i.c.BasicClientConnectionManager - Get connection for route {s}->https://apitest.pineperks.in:443
2021-12-18_15:19:48.247 [main] DEBUG o.a.h.i.c.DefaultClientConnectionOperator - Connecting to apitest.pineperks.in:443
2021-12-18_15:19:48.682 [main] DEBUG o.a.h.c.protocol.RequestAddCookies - CookieSpec selected: ignoreCookies
2021-12-18_15:19:48.684 [main] DEBUG o.a.h.c.protocol.RequestAuthCache - Auth cache not set in the context
2021-12-18_15:19:48.685 [main] DEBUG o.a.h.c.p.RequestTargetAuthentication - Target auth state: UNCHALLENGED
2021-12-18_15:19:48.686 [main] DEBUG o.a.h.c.p.RequestProxyAuthentication - Proxy auth state: UNCHALLENGED
2021-12-18_15:19:48.686 [main] DEBUG o.a.h.impl.client.DefaultHttpClient - Attempt 1 to execute request
2021-12-18_15:19:48.686 [main] DEBUG o.a.h.i.conn.DefaultClientConnection - Sending request: GET /auth/V1/generate/token HTTP/1.1
2021-12-18_15:19:48.687 [main] DEBUG org.apache.http.wire -  >> "GET /auth/V1/generate/token HTTP/1.1[\r][\n]"
2021-12-18_15:19:48.688 [main] DEBUG org.apache.http.wire -  >> "Content-Type: application/json; charset=UTF-8[\r][\n]"
2021-12-18_15:19:48.688 [main] DEBUG org.apache.http.wire -  >> "Accept: */*[\r][\n]"
2021-12-18_15:19:48.688 [main] DEBUG org.apache.http.wire -  >> "userName: A0aCcnPzDANtKmvSLPKcaw==[\r][\n]"
2021-12-18_15:19:48.688 [main] DEBUG org.apache.http.wire -  >> "Host: apitest.pineperks.in[\r][\n]"
2021-12-18_15:19:48.688 [main] DEBUG org.apache.http.wire -  >> "Connection: Keep-Alive[\r][\n]"
2021-12-18_15:19:48.689 [main] DEBUG org.apache.http.wire -  >> "User-Agent: Apache-HttpClient/4.5.2 (Java/1.8.0_202)[\r][\n]"
2021-12-18_15:19:48.690 [main] DEBUG org.apache.http.wire -  >> "Accept-Encoding: gzip,deflate[\r][\n]"
2021-12-18_15:19:48.690 [main] DEBUG org.apache.http.wire -  >> "[\r][\n]"
2021-12-18_15:19:48.691 [main] DEBUG org.apache.http.headers - >> GET /auth/V1/generate/token HTTP/1.1
2021-12-18_15:19:48.691 [main] DEBUG org.apache.http.headers - >> Content-Type: application/json; charset=UTF-8
2021-12-18_15:19:48.691 [main] DEBUG org.apache.http.headers - >> Accept: */*
2021-12-18_15:19:48.691 [main] DEBUG org.apache.http.headers - >> userName: A0aCcnPzDANtKmvSLPKcaw==
2021-12-18_15:19:48.691 [main] DEBUG org.apache.http.headers - >> Host: apitest.pineperks.in
2021-12-18_15:19:48.691 [main] DEBUG org.apache.http.headers - >> Connection: Keep-Alive
2021-12-18_15:19:48.692 [main] DEBUG org.apache.http.headers - >> User-Agent: Apache-HttpClient/4.5.2 (Java/1.8.0_202)
2021-12-18_15:19:48.692 [main] DEBUG org.apache.http.headers - >> Accept-Encoding: gzip,deflate
2021-12-18_15:19:48.793 [main] DEBUG org.apache.http.wire -  << "HTTP/1.1 200 [\r][\n]"
2021-12-18_15:19:48.797 [main] DEBUG org.apache.http.wire -  << "Access-Control-Allow-Methods: GET, POST[\r][\n]"
2021-12-18_15:19:48.797 [main] DEBUG org.apache.http.wire -  << "Access-Control-Allow-Origin: *[\r][\n]"
2021-12-18_15:19:48.798 [main] DEBUG org.apache.http.wire -  << "Content-Security-Policy: default-src 'none'[\r][\n]"
2021-12-18_15:19:48.798 [main] DEBUG org.apache.http.wire -  << "Feature-Policy: 'none'[\r][\n]"
2021-12-18_15:19:48.798 [main] DEBUG org.apache.http.wire -  << "Referrer-Policy: no-referrer[\r][\n]"
2021-12-18_15:19:48.799 [main] DEBUG org.apache.http.wire -  << "Strict-Transport-Security: max-age=31536000 ; includeSubDomains[\r][\n]"
2021-12-18_15:19:48.799 [main] DEBUG org.apache.http.wire -  << "Date: Sat, 18 Dec 2021 09:49:48 GMT[\r][\n]"
2021-12-18_15:19:48.800 [main] DEBUG org.apache.http.wire -  << "Keep-Alive: timeout=60[\r][\n]"
2021-12-18_15:19:48.800 [main] DEBUG org.apache.http.wire -  << "Content-Type: application/json[\r][\n]"
2021-12-18_15:19:48.801 [main] DEBUG org.apache.http.wire -  << "Transfer-Encoding: chunked[\r][\n]"
2021-12-18_15:19:48.801 [main] DEBUG org.apache.http.wire -  << "Connection: keep-alive[\r][\n]"
2021-12-18_15:19:48.802 [main] DEBUG org.apache.http.wire -  << "[\r][\n]"
2021-12-18_15:19:48.803 [main] DEBUG o.a.h.i.conn.DefaultClientConnection - Receiving response: HTTP/1.1 200 
2021-12-18_15:19:48.804 [main] DEBUG org.apache.http.headers - << HTTP/1.1 200 
2021-12-18_15:19:48.804 [main] DEBUG org.apache.http.headers - << Access-Control-Allow-Methods: GET, POST
2021-12-18_15:19:48.804 [main] DEBUG org.apache.http.headers - << Access-Control-Allow-Origin: *
2021-12-18_15:19:48.804 [main] DEBUG org.apache.http.headers - << Content-Security-Policy: default-src 'none'
2021-12-18_15:19:48.804 [main] DEBUG org.apache.http.headers - << Feature-Policy: 'none'
2021-12-18_15:19:48.804 [main] DEBUG org.apache.http.headers - << Referrer-Policy: no-referrer
2021-12-18_15:19:48.804 [main] DEBUG org.apache.http.headers - << Strict-Transport-Security: max-age=31536000 ; includeSubDomains
2021-12-18_15:19:48.805 [main] DEBUG org.apache.http.headers - << Date: Sat, 18 Dec 2021 09:49:48 GMT
2021-12-18_15:19:48.805 [main] DEBUG org.apache.http.headers - << Keep-Alive: timeout=60
2021-12-18_15:19:48.805 [main] DEBUG org.apache.http.headers - << Content-Type: application/json
2021-12-18_15:19:48.805 [main] DEBUG org.apache.http.headers - << Transfer-Encoding: chunked
2021-12-18_15:19:48.806 [main] DEBUG org.apache.http.headers - << Connection: keep-alive
2021-12-18_15:19:48.817 [main] DEBUG o.a.h.impl.client.DefaultHttpClient - Connection can be kept alive for 60000 MILLISECONDS
2021-12-18_15:19:48.844 [main] DEBUG i.r.i.RequestSpecificationImpl$RestAssuredHttpBuilder - Parsing response as: application/json
2021-12-18_15:19:48.845 [main] DEBUG i.r.i.RequestSpecificationImpl$RestAssuredHttpBuilder - Parsed data to instance of: class org.apache.http.conn.EofSensorInputStream
2021-12-18_15:19:48.857 [main] INFO  com.qc.BaseAPI - Method :GET
2021-12-18_15:19:48.858 [main] INFO  com.qc.BaseAPI - URI :https://apitest.pineperks.in/auth/V1/generate/token
2021-12-18_15:19:48.859 [main] INFO  com.qc.BaseAPI - Headers :userName=A0aCcnPzDANtKmvSLPKcaw==
Accept=*/*
Content-Type=application/json; charset=UTF-8
2021-12-18_15:19:48.859 [main] INFO  com.qc.BaseAPI - Body :null
2021-12-18_15:19:48.859 [main] INFO  com.qc.BaseAPI - ********************RESPONSE********************
2021-12-18_15:19:48.869 [main] DEBUG org.apache.http.wire -  << "7f[\r][\n]"
2021-12-18_15:19:48.869 [main] DEBUG org.apache.http.wire -  << "{"accessToken":"acd1938ae8464e1a97fed4b5b66181fc","tokenExpiryTime":"19-Dec-2021","responseCode":0,"responseMessage":"Success"}"
2021-12-18_15:19:48.870 [main] DEBUG org.apache.http.wire -  << "[\r][\n]"
2021-12-18_15:19:48.871 [main] DEBUG org.apache.http.wire -  << "0[\r][\n]"
2021-12-18_15:19:48.871 [main] DEBUG org.apache.http.wire -  << "[\r][\n]"
2021-12-18_15:19:48.871 [main] DEBUG o.a.h.i.c.BasicClientConnectionManager - Releasing connection org.apache.http.impl.conn.ManagedClientConnectionImpl@3422eca
2021-12-18_15:19:48.871 [main] DEBUG o.a.h.i.c.BasicClientConnectionManager - Connection can be kept alive for 60000 MILLISECONDS
2021-12-18_15:19:48.909 [main] INFO  com.qc.BaseAPI - Response :{
    "accessToken": "acd1938ae8464e1a97fed4b5b66181fc",
    "tokenExpiryTime": "19-Dec-2021",
    "responseCode": 0,
    "responseMessage": "Success"
}
2021-12-18_15:19:48.912 [main] INFO  com.qc.BaseAPI -  **** GET call Response time 876 ms
2021-12-18_15:19:48.913 [main] INFO  pl.rest.service.Authorize - Time Taken to perform https://apitest.pineperks.in/auth/V1/generate/token transaction: 876
2021-12-18_15:19:49.006 [main] INFO  com.qc.qa.utils.TestDataReader - Reading Json data authorizeHeaders
2021-12-18_15:19:49.009 [main] INFO  com.qc.qa.utils.TestDataReader - Reading json data from file @ testData/api/devAPIData.json
2021-12-18_15:19:49.032 [main] INFO  pl.rest.service.CardIssue - CardIssue Rest API URL :- https://apitest.pineperks.in/card/order/V1/instant/issue/reloadable/digital
2021-12-18_15:19:49.032 [main] INFO  com.qc.BaseAPI - POST call to URL https://apitest.pineperks.in/card/order/V1/instant/issue/reloadable/digital
2021-12-18_15:19:49.043 [main] INFO  com.qc.BaseAPI - ********************REQUEST********************
2021-12-18_15:19:49.085 [main] DEBUG o.a.h.i.c.BasicClientConnectionManager - Get connection for route {s}->https://apitest.pineperks.in:443
2021-12-18_15:19:49.085 [main] DEBUG o.a.h.i.c.DefaultClientConnectionOperator - Connecting to apitest.pineperks.in:443
2021-12-18_15:19:49.208 [main] DEBUG o.a.h.c.protocol.RequestAddCookies - CookieSpec selected: ignoreCookies
2021-12-18_15:19:49.208 [main] DEBUG o.a.h.c.protocol.RequestAuthCache - Auth cache not set in the context
2021-12-18_15:19:49.208 [main] DEBUG o.a.h.c.p.RequestTargetAuthentication - Target auth state: UNCHALLENGED
2021-12-18_15:19:49.208 [main] DEBUG o.a.h.c.p.RequestProxyAuthentication - Proxy auth state: UNCHALLENGED
2021-12-18_15:19:49.208 [main] DEBUG o.a.h.impl.client.DefaultHttpClient - Attempt 1 to execute request
2021-12-18_15:19:49.209 [main] DEBUG o.a.h.i.conn.DefaultClientConnection - Sending request: POST /card/order/V1/instant/issue/reloadable/digital HTTP/1.1
2021-12-18_15:19:49.209 [main] DEBUG org.apache.http.wire -  >> "POST /card/order/V1/instant/issue/reloadable/digital HTTP/1.1[\r][\n]"
2021-12-18_15:19:49.209 [main] DEBUG org.apache.http.wire -  >> "Accept: */*[\r][\n]"
2021-12-18_15:19:49.209 [main] DEBUG org.apache.http.wire -  >> "userName: A0aCcnPzDANtKmvSLPKcaw==[\r][\n]"
2021-12-18_15:19:49.209 [main] DEBUG org.apache.http.wire -  >> "token: acd1938ae8464e1a97fed4b5b66181fc[\r][\n]"
2021-12-18_15:19:49.209 [main] DEBUG org.apache.http.wire -  >> "Content-Type: application/json; charset=UTF-8[\r][\n]"
2021-12-18_15:19:49.209 [main] DEBUG org.apache.http.wire -  >> "Content-Length: 242[\r][\n]"
2021-12-18_15:19:49.209 [main] DEBUG org.apache.http.wire -  >> "Host: apitest.pineperks.in[\r][\n]"
2021-12-18_15:19:49.209 [main] DEBUG org.apache.http.wire -  >> "Connection: Keep-Alive[\r][\n]"
2021-12-18_15:19:49.209 [main] DEBUG org.apache.http.wire -  >> "User-Agent: Apache-HttpClient/4.5.2 (Java/1.8.0_202)[\r][\n]"
2021-12-18_15:19:49.209 [main] DEBUG org.apache.http.wire -  >> "Accept-Encoding: gzip,deflate[\r][\n]"
2021-12-18_15:19:49.209 [main] DEBUG org.apache.http.wire -  >> "[\r][\n]"
2021-12-18_15:19:49.210 [main] DEBUG org.apache.http.headers - >> POST /card/order/V1/instant/issue/reloadable/digital HTTP/1.1
2021-12-18_15:19:49.210 [main] DEBUG org.apache.http.headers - >> Accept: */*
2021-12-18_15:19:49.210 [main] DEBUG org.apache.http.headers - >> userName: A0aCcnPzDANtKmvSLPKcaw==
2021-12-18_15:19:49.210 [main] DEBUG org.apache.http.headers - >> token: acd1938ae8464e1a97fed4b5b66181fc
2021-12-18_15:19:49.210 [main] DEBUG org.apache.http.headers - >> Content-Type: application/json; charset=UTF-8
2021-12-18_15:19:49.210 [main] DEBUG org.apache.http.headers - >> Content-Length: 242
2021-12-18_15:19:49.210 [main] DEBUG org.apache.http.headers - >> Host: apitest.pineperks.in
2021-12-18_15:19:49.210 [main] DEBUG org.apache.http.headers - >> Connection: Keep-Alive
2021-12-18_15:19:49.210 [main] DEBUG org.apache.http.headers - >> User-Agent: Apache-HttpClient/4.5.2 (Java/1.8.0_202)
2021-12-18_15:19:49.210 [main] DEBUG org.apache.http.headers - >> Accept-Encoding: gzip,deflate
2021-12-18_15:19:49.210 [main] DEBUG org.apache.http.wire -  >> "{"isLinkToBeSentOnMobile":true,"checksum":"5x3GNrnStyS2PkMvV6EeAw==","cardDetailList":[{"amount":"1000","mobileNumber":"8284854535","customerName":"afzal","email":"afzal.ahmed@pinelabs.com"}],"externalRequestId":"SZloOhb","cardSchemeId":"12"}"
2021-12-18_15:19:49.699 [main] DEBUG org.apache.http.wire -  << "HTTP/1.1 200 [\r][\n]"
2021-12-18_15:19:49.700 [main] DEBUG org.apache.http.wire -  << "Access-Control-Allow-Methods: GET, POST[\r][\n]"
2021-12-18_15:19:49.700 [main] DEBUG org.apache.http.wire -  << "Access-Control-Allow-Origin: *[\r][\n]"
2021-12-18_15:19:49.700 [main] DEBUG org.apache.http.wire -  << "Content-Security-Policy: default-src 'none'[\r][\n]"
2021-12-18_15:19:49.700 [main] DEBUG org.apache.http.wire -  << "Feature-Policy: 'none'[\r][\n]"
2021-12-18_15:19:49.700 [main] DEBUG org.apache.http.wire -  << "Referrer-Policy: no-referrer[\r][\n]"
2021-12-18_15:19:49.701 [main] DEBUG org.apache.http.wire -  << "Strict-Transport-Security: max-age=31536000 ; includeSubDomains[\r][\n]"
2021-12-18_15:19:49.701 [main] DEBUG org.apache.http.wire -  << "Date: Sat, 18 Dec 2021 09:49:48 GMT[\r][\n]"
2021-12-18_15:19:49.701 [main] DEBUG org.apache.http.wire -  << "Keep-Alive: timeout=60[\r][\n]"
2021-12-18_15:19:49.702 [main] DEBUG org.apache.http.wire -  << "Content-Type: application/json[\r][\n]"
2021-12-18_15:19:49.703 [main] DEBUG org.apache.http.wire -  << "Transfer-Encoding: chunked[\r][\n]"
2021-12-18_15:19:49.703 [main] DEBUG org.apache.http.wire -  << "Connection: keep-alive[\r][\n]"
2021-12-18_15:19:49.703 [main] DEBUG org.apache.http.wire -  << "[\r][\n]"
2021-12-18_15:19:49.703 [main] DEBUG o.a.h.i.conn.DefaultClientConnection - Receiving response: HTTP/1.1 200 
2021-12-18_15:19:49.703 [main] DEBUG org.apache.http.headers - << HTTP/1.1 200 
2021-12-18_15:19:49.703 [main] DEBUG org.apache.http.headers - << Access-Control-Allow-Methods: GET, POST
2021-12-18_15:19:49.704 [main] DEBUG org.apache.http.headers - << Access-Control-Allow-Origin: *
2021-12-18_15:19:49.704 [main] DEBUG org.apache.http.headers - << Content-Security-Policy: default-src 'none'
2021-12-18_15:19:49.704 [main] DEBUG org.apache.http.headers - << Feature-Policy: 'none'
2021-12-18_15:19:49.704 [main] DEBUG org.apache.http.headers - << Referrer-Policy: no-referrer
2021-12-18_15:19:49.704 [main] DEBUG org.apache.http.headers - << Strict-Transport-Security: max-age=31536000 ; includeSubDomains
2021-12-18_15:19:49.704 [main] DEBUG org.apache.http.headers - << Date: Sat, 18 Dec 2021 09:49:48 GMT
2021-12-18_15:19:49.704 [main] DEBUG org.apache.http.headers - << Keep-Alive: timeout=60
2021-12-18_15:19:49.704 [main] DEBUG org.apache.http.headers - << Content-Type: application/json
2021-12-18_15:19:49.704 [main] DEBUG org.apache.http.headers - << Transfer-Encoding: chunked
2021-12-18_15:19:49.704 [main] DEBUG org.apache.http.headers - << Connection: keep-alive
2021-12-18_15:19:49.705 [main] DEBUG o.a.h.impl.client.DefaultHttpClient - Connection can be kept alive for 60000 MILLISECONDS
2021-12-18_15:19:49.706 [main] DEBUG i.r.i.RequestSpecificationImpl$RestAssuredHttpBuilder - Parsing response as: application/json
2021-12-18_15:19:49.707 [main] DEBUG i.r.i.RequestSpecificationImpl$RestAssuredHttpBuilder - Parsed data to instance of: class org.apache.http.conn.EofSensorInputStream
2021-12-18_15:19:49.710 [main] INFO  com.qc.BaseAPI - Method :POST
2021-12-18_15:19:49.714 [main] INFO  com.qc.BaseAPI - URI :https://apitest.pineperks.in/card/order/V1/instant/issue/reloadable/digital
2021-12-18_15:19:49.714 [main] INFO  com.qc.BaseAPI - Headers :token=acd1938ae8464e1a97fed4b5b66181fc
userName=A0aCcnPzDANtKmvSLPKcaw==
Accept=*/*
Content-Type=application/json; charset=UTF-8
2021-12-18_15:19:49.714 [main] INFO  com.qc.BaseAPI - Body :{"isLinkToBeSentOnMobile":true,"checksum":"5x3GNrnStyS2PkMvV6EeAw==","cardDetailList":[{"amount":"1000","mobileNumber":"8284854535","customerName":"afzal","email":"afzal.ahmed@pinelabs.com"}],"externalRequestId":"SZloOhb","cardSchemeId":"12"}
2021-12-18_15:19:49.714 [main] INFO  com.qc.BaseAPI - ********************RESPONSE********************
2021-12-18_15:19:49.715 [main] DEBUG org.apache.http.wire -  << "1f1[\r][\n]"
2021-12-18_15:19:49.715 [main] DEBUG org.apache.http.wire -  << "{"externalRequestId":"SZloOhb","orderId":12518,"orderStatus":6,"cardDetailResponseList":[{"referenceNumber":6111182716,"serialNumber":12518000010001,"customerName":"afzal","mobileNumber":8284854535,"email":"afzal.ahmed@pinelabs.com","amount":1000,"cardLink":"test.pineperks.in/rCard?c=WlY-4w7YWojg3lh8248d4A2","responseCode":0,"responseMessage":"Success"}],"successCount":1,"failedCount":0,"orderAmount":1000,"issuanceCharge":200,"netOrderAmount":1200,"responseCode":0,"responseMessage":"Success"}"
2021-12-18_15:19:49.715 [main] DEBUG org.apache.http.wire -  << "[\r][\n]"
2021-12-18_15:19:49.715 [main] DEBUG org.apache.http.wire -  << "0[\r][\n]"
2021-12-18_15:19:49.716 [main] DEBUG org.apache.http.wire -  << "[\r][\n]"
2021-12-18_15:19:49.716 [main] DEBUG o.a.h.i.c.BasicClientConnectionManager - Releasing connection org.apache.http.impl.conn.ManagedClientConnectionImpl@1500ea8d
2021-12-18_15:19:49.716 [main] DEBUG o.a.h.i.c.BasicClientConnectionManager - Connection can be kept alive for 60000 MILLISECONDS
2021-12-18_15:19:49.719 [main] INFO  com.qc.BaseAPI - Response :{
    "externalRequestId": "SZloOhb",
    "orderId": 12518,
    "orderStatus": 6,
    "cardDetailResponseList": [
        {
            "referenceNumber": 6111182716,
            "serialNumber": 12518000010001,
            "customerName": "afzal",
            "mobileNumber": 8284854535,
            "email": "afzal.ahmed@pinelabs.com",
            "amount": 1000,
            "cardLink": "test.pineperks.in/rCard?c=WlY-4w7YWojg3lh8248d4A2",
            "responseCode": 0,
            "responseMessage": "Success"
        }
    ],
    "successCount": 1,
    "failedCount": 0,
    "orderAmount": 1000,
    "issuanceCharge": 200,
    "netOrderAmount": 1200,
    "responseCode": 0,
    "responseMessage": "Success"
}
2021-12-18_15:19:49.720 [main] INFO  com.qc.BaseAPI -  **** POST call Response time 663 ms
2021-12-18_15:19:49.721 [main] INFO  pl.rest.service.CardIssue - Time Taken to perform https://apitest.pineperks.in/card/order/V1/instant/issue/reloadable/digital transaction: 663
2021-12-18_15:19:50.143 [main] INFO  p.rest.stepDefs.TransactionsStepDefs - referenceNumber isnull
2021-12-18_15:19:50.143 [main] INFO  pl.rest.utils.DBUtils - Fetching card details from card table, using Query:  Select CorporateId,CardSchemeId,ActivationEmail,ActivationEmail,ActivationMobileNumber from card AS bigint where ReferenceNumber=convert(bigint, 1789154895);
2021-12-18_15:19:50.143 [main] INFO  com.qc.qa.dbutils.DBPoolProvider - Con pool Total - 400, idle - 1,  Num active - 0
2021-12-18_15:19:50.143 [main] INFO  com.qc.qa.dbutils.DBPoolProvider - Retrieved connection
2021-12-18_15:19:50.203 [main] INFO  pl.rest.utils.DBUtils - Card database values: {ActivationMobileNumber=8284854535, CorporateId=6, CardSchemeId=7, ActivationEmail=afzal.ahmed@pinelabs.com}
