2022-02-03_20:49:07.888 [main] INFO  pl.rest.CustomHooks - SCENARIO NAME: Validating the response of the card card detail API with the database
2022-02-03_20:49:07.891 [main] INFO  pl.rest.CustomHooks - TAG NAMEs: [@Regression, @DB]
2022-02-03_20:49:07.895 [main] INFO  pl.rest.CustomHooks - SCENARIO NAME: Validating the response of the card card detail API with the database
2022-02-03_20:49:07.896 [main] INFO  pl.rest.CustomHooks - TAG NAMEs: [@Regression, @DB]
2022-02-03_20:49:07.976 [main] INFO  pl.rest.CustomHooks - Index: 0, Size: 0
2022-02-03_20:49:09.323 [main] INFO  com.qc.qa.utils.TestDataReader - Reading API Test Data config values from  testData/api/devAPITestData.properties
2022-02-03_20:49:09.339 [main] INFO  pl.rest.service.Authorize - Authorize Rest API URL :- https://apitest.pineperks.in/auth/V1/generate/token
2022-02-03_20:49:09.339 [main] INFO  com.qc.BaseAPI - GET call to URL https://apitest.pineperks.in/auth/V1/generate/token
2022-02-03_20:49:09.634 [main] INFO  com.qc.BaseAPI - ********************REQUEST********************
2022-02-03_20:49:12.426 [main] DEBUG o.a.h.i.c.BasicClientConnectionManager - Get connection for route {s}->https://apitest.pineperks.in:443
2022-02-03_20:49:12.504 [main] DEBUG o.a.h.i.c.DefaultClientConnectionOperator - Connecting to apitest.pineperks.in:443
2022-02-03_20:49:12.741 [main] DEBUG o.a.h.c.protocol.RequestAddCookies - CookieSpec selected: ignoreCookies
2022-02-03_20:49:12.744 [main] DEBUG o.a.h.c.protocol.RequestAuthCache - Auth cache not set in the context
2022-02-03_20:49:12.744 [main] DEBUG o.a.h.c.p.RequestTargetAuthentication - Target auth state: UNCHALLENGED
2022-02-03_20:49:12.745 [main] DEBUG o.a.h.c.p.RequestProxyAuthentication - Proxy auth state: UNCHALLENGED
2022-02-03_20:49:12.745 [main] DEBUG o.a.h.impl.client.DefaultHttpClient - Attempt 1 to execute request
2022-02-03_20:49:12.746 [main] DEBUG o.a.h.i.conn.DefaultClientConnection - Sending request: GET /auth/V1/generate/token HTTP/1.1
2022-02-03_20:49:12.746 [main] DEBUG org.apache.http.wire -  >> "GET /auth/V1/generate/token HTTP/1.1[\r][\n]"
2022-02-03_20:49:12.748 [main] DEBUG org.apache.http.wire -  >> "Content-Type: application/json; charset=UTF-8[\r][\n]"
2022-02-03_20:49:12.748 [main] DEBUG org.apache.http.wire -  >> "Accept: */*[\r][\n]"
2022-02-03_20:49:12.748 [main] DEBUG org.apache.http.wire -  >> "userName: A0aCcnPzDANtKmvSLPKcaw==[\r][\n]"
2022-02-03_20:49:12.749 [main] DEBUG org.apache.http.wire -  >> "Host: apitest.pineperks.in[\r][\n]"
2022-02-03_20:49:12.749 [main] DEBUG org.apache.http.wire -  >> "Connection: Keep-Alive[\r][\n]"
2022-02-03_20:49:12.749 [main] DEBUG org.apache.http.wire -  >> "User-Agent: Apache-HttpClient/4.5.2 (Java/1.8.0_202)[\r][\n]"
2022-02-03_20:49:12.750 [main] DEBUG org.apache.http.wire -  >> "Accept-Encoding: gzip,deflate[\r][\n]"
2022-02-03_20:49:12.750 [main] DEBUG org.apache.http.wire -  >> "[\r][\n]"
2022-02-03_20:49:12.750 [main] DEBUG org.apache.http.headers - >> GET /auth/V1/generate/token HTTP/1.1
2022-02-03_20:49:12.750 [main] DEBUG org.apache.http.headers - >> Content-Type: application/json; charset=UTF-8
2022-02-03_20:49:12.751 [main] DEBUG org.apache.http.headers - >> Accept: */*
2022-02-03_20:49:12.751 [main] DEBUG org.apache.http.headers - >> userName: A0aCcnPzDANtKmvSLPKcaw==
2022-02-03_20:49:12.751 [main] DEBUG org.apache.http.headers - >> Host: apitest.pineperks.in
2022-02-03_20:49:12.751 [main] DEBUG org.apache.http.headers - >> Connection: Keep-Alive
2022-02-03_20:49:12.752 [main] DEBUG org.apache.http.headers - >> User-Agent: Apache-HttpClient/4.5.2 (Java/1.8.0_202)
2022-02-03_20:49:12.752 [main] DEBUG org.apache.http.headers - >> Accept-Encoding: gzip,deflate
2022-02-03_20:49:12.804 [main] DEBUG org.apache.http.wire -  << "HTTP/1.1 200 [\r][\n]"
2022-02-03_20:49:12.807 [main] DEBUG org.apache.http.wire -  << "Access-Control-Allow-Methods: GET, POST[\r][\n]"
2022-02-03_20:49:12.807 [main] DEBUG org.apache.http.wire -  << "Access-Control-Allow-Origin: *[\r][\n]"
2022-02-03_20:49:12.807 [main] DEBUG org.apache.http.wire -  << "Content-Security-Policy: default-src 'none'[\r][\n]"
2022-02-03_20:49:12.808 [main] DEBUG org.apache.http.wire -  << "Feature-Policy: 'none'[\r][\n]"
2022-02-03_20:49:12.808 [main] DEBUG org.apache.http.wire -  << "Referrer-Policy: no-referrer[\r][\n]"
2022-02-03_20:49:12.808 [main] DEBUG org.apache.http.wire -  << "Strict-Transport-Security: max-age=31536000 ; includeSubDomains[\r][\n]"
2022-02-03_20:49:12.808 [main] DEBUG org.apache.http.wire -  << "Date: Thu, 03 Feb 2022 15:19:12 GMT[\r][\n]"
2022-02-03_20:49:12.808 [main] DEBUG org.apache.http.wire -  << "Keep-Alive: timeout=60[\r][\n]"
2022-02-03_20:49:12.808 [main] DEBUG org.apache.http.wire -  << "Content-Type: application/json[\r][\n]"
2022-02-03_20:49:12.808 [main] DEBUG org.apache.http.wire -  << "Transfer-Encoding: chunked[\r][\n]"
2022-02-03_20:49:12.809 [main] DEBUG org.apache.http.wire -  << "Connection: keep-alive[\r][\n]"
2022-02-03_20:49:12.809 [main] DEBUG org.apache.http.wire -  << "[\r][\n]"
2022-02-03_20:49:12.810 [main] DEBUG o.a.h.i.conn.DefaultClientConnection - Receiving response: HTTP/1.1 200 
2022-02-03_20:49:12.810 [main] DEBUG org.apache.http.headers - << HTTP/1.1 200 
2022-02-03_20:49:12.810 [main] DEBUG org.apache.http.headers - << Access-Control-Allow-Methods: GET, POST
2022-02-03_20:49:12.810 [main] DEBUG org.apache.http.headers - << Access-Control-Allow-Origin: *
2022-02-03_20:49:12.810 [main] DEBUG org.apache.http.headers - << Content-Security-Policy: default-src 'none'
2022-02-03_20:49:12.810 [main] DEBUG org.apache.http.headers - << Feature-Policy: 'none'
2022-02-03_20:49:12.810 [main] DEBUG org.apache.http.headers - << Referrer-Policy: no-referrer
2022-02-03_20:49:12.810 [main] DEBUG org.apache.http.headers - << Strict-Transport-Security: max-age=31536000 ; includeSubDomains
2022-02-03_20:49:12.810 [main] DEBUG org.apache.http.headers - << Date: Thu, 03 Feb 2022 15:19:12 GMT
2022-02-03_20:49:12.810 [main] DEBUG org.apache.http.headers - << Keep-Alive: timeout=60
2022-02-03_20:49:12.810 [main] DEBUG org.apache.http.headers - << Content-Type: application/json
2022-02-03_20:49:12.810 [main] DEBUG org.apache.http.headers - << Transfer-Encoding: chunked
2022-02-03_20:49:12.810 [main] DEBUG org.apache.http.headers - << Connection: keep-alive
2022-02-03_20:49:12.818 [main] DEBUG o.a.h.impl.client.DefaultHttpClient - Connection can be kept alive for 60000 MILLISECONDS
2022-02-03_20:49:12.837 [main] DEBUG i.r.i.RequestSpecificationImpl$RestAssuredHttpBuilder - Parsing response as: application/json
2022-02-03_20:49:12.837 [main] DEBUG i.r.i.RequestSpecificationImpl$RestAssuredHttpBuilder - Parsed data to instance of: class org.apache.http.conn.EofSensorInputStream
2022-02-03_20:49:12.853 [main] INFO  com.qc.BaseAPI - Method :GET
2022-02-03_20:49:12.855 [main] INFO  com.qc.BaseAPI - URI :https://apitest.pineperks.in/auth/V1/generate/token
2022-02-03_20:49:12.855 [main] INFO  com.qc.BaseAPI - Headers :userName=A0aCcnPzDANtKmvSLPKcaw==
Accept=*/*
Content-Type=application/json; charset=UTF-8
2022-02-03_20:49:12.855 [main] INFO  com.qc.BaseAPI - Body :null
2022-02-03_20:49:12.855 [main] INFO  com.qc.BaseAPI - ********************RESPONSE********************
2022-02-03_20:49:12.867 [main] DEBUG org.apache.http.wire -  << "7f[\r][\n]"
2022-02-03_20:49:12.868 [main] DEBUG org.apache.http.wire -  << "{"accessToken":"ff9291ebb11745e58beba117dbe827ba","tokenExpiryTime":"03-Feb-2024","responseCode":0,"responseMessage":"Success"}"
2022-02-03_20:49:12.869 [main] DEBUG org.apache.http.wire -  << "[\r][\n]"
2022-02-03_20:49:12.869 [main] DEBUG org.apache.http.wire -  << "0[\r][\n]"
2022-02-03_20:49:12.869 [main] DEBUG org.apache.http.wire -  << "[\r][\n]"
2022-02-03_20:49:12.869 [main] DEBUG o.a.h.i.c.BasicClientConnectionManager - Releasing connection org.apache.http.impl.conn.ManagedClientConnectionImpl@1461d54f
2022-02-03_20:49:12.869 [main] DEBUG o.a.h.i.c.BasicClientConnectionManager - Connection can be kept alive for 60000 MILLISECONDS
2022-02-03_20:49:12.913 [main] INFO  com.qc.BaseAPI - Response :{
    "accessToken": "ff9291ebb11745e58beba117dbe827ba",
    "tokenExpiryTime": "03-Feb-2024",
    "responseCode": 0,
    "responseMessage": "Success"
}
2022-02-03_20:49:12.917 [main] INFO  com.qc.BaseAPI -  **** GET call Response time 3202 ms
2022-02-03_20:49:12.918 [main] INFO  pl.rest.service.Authorize - Time Taken to perform https://apitest.pineperks.in/auth/V1/generate/token transaction: 3202
2022-02-03_20:49:13.038 [main] INFO  com.qc.qa.utils.TestDataReader - Reading Json data authorizeHeaders
2022-02-03_20:49:13.042 [main] INFO  com.qc.qa.utils.TestDataReader - Reading json data from file @ testData/api/devAPIData.json
2022-02-03_20:49:13.073 [main] INFO  pl.rest.service.CardIssue - CardIssue Rest API URL :- https://apitest.pineperks.in/card/order/V1/instant/issue/nonreloadable/digital
2022-02-03_20:49:13.074 [main] INFO  com.qc.BaseAPI - POST call to URL https://apitest.pineperks.in/card/order/V1/instant/issue/nonreloadable/digital
2022-02-03_20:49:13.088 [main] INFO  com.qc.BaseAPI - ********************REQUEST********************
2022-02-03_20:49:13.146 [main] DEBUG o.a.h.i.c.BasicClientConnectionManager - Get connection for route {s}->https://apitest.pineperks.in:443
2022-02-03_20:49:13.147 [main] DEBUG o.a.h.i.c.DefaultClientConnectionOperator - Connecting to apitest.pineperks.in:443
2022-02-03_20:49:13.264 [main] DEBUG o.a.h.c.protocol.RequestAddCookies - CookieSpec selected: ignoreCookies
2022-02-03_20:49:13.264 [main] DEBUG o.a.h.c.protocol.RequestAuthCache - Auth cache not set in the context
2022-02-03_20:49:13.265 [main] DEBUG o.a.h.c.p.RequestTargetAuthentication - Target auth state: UNCHALLENGED
2022-02-03_20:49:13.265 [main] DEBUG o.a.h.c.p.RequestProxyAuthentication - Proxy auth state: UNCHALLENGED
2022-02-03_20:49:13.265 [main] DEBUG o.a.h.impl.client.DefaultHttpClient - Attempt 1 to execute request
2022-02-03_20:49:13.265 [main] DEBUG o.a.h.i.conn.DefaultClientConnection - Sending request: POST /card/order/V1/instant/issue/nonreloadable/digital HTTP/1.1
2022-02-03_20:49:13.265 [main] DEBUG org.apache.http.wire -  >> "POST /card/order/V1/instant/issue/nonreloadable/digital HTTP/1.1[\r][\n]"
2022-02-03_20:49:13.265 [main] DEBUG org.apache.http.wire -  >> "Accept: */*[\r][\n]"
2022-02-03_20:49:13.265 [main] DEBUG org.apache.http.wire -  >> "userName: A0aCcnPzDANtKmvSLPKcaw==[\r][\n]"
2022-02-03_20:49:13.266 [main] DEBUG org.apache.http.wire -  >> "token: ff9291ebb11745e58beba117dbe827ba[\r][\n]"
2022-02-03_20:49:13.266 [main] DEBUG org.apache.http.wire -  >> "Content-Type: application/json; charset=UTF-8[\r][\n]"
2022-02-03_20:49:13.266 [main] DEBUG org.apache.http.wire -  >> "Content-Length: 241[\r][\n]"
2022-02-03_20:49:13.266 [main] DEBUG org.apache.http.wire -  >> "Host: apitest.pineperks.in[\r][\n]"
2022-02-03_20:49:13.266 [main] DEBUG org.apache.http.wire -  >> "Connection: Keep-Alive[\r][\n]"
2022-02-03_20:49:13.267 [main] DEBUG org.apache.http.wire -  >> "User-Agent: Apache-HttpClient/4.5.2 (Java/1.8.0_202)[\r][\n]"
2022-02-03_20:49:13.267 [main] DEBUG org.apache.http.wire -  >> "Accept-Encoding: gzip,deflate[\r][\n]"
2022-02-03_20:49:13.267 [main] DEBUG org.apache.http.wire -  >> "[\r][\n]"
2022-02-03_20:49:13.267 [main] DEBUG org.apache.http.headers - >> POST /card/order/V1/instant/issue/nonreloadable/digital HTTP/1.1
2022-02-03_20:49:13.267 [main] DEBUG org.apache.http.headers - >> Accept: */*
2022-02-03_20:49:13.267 [main] DEBUG org.apache.http.headers - >> userName: A0aCcnPzDANtKmvSLPKcaw==
2022-02-03_20:49:13.267 [main] DEBUG org.apache.http.headers - >> token: ff9291ebb11745e58beba117dbe827ba
2022-02-03_20:49:13.267 [main] DEBUG org.apache.http.headers - >> Content-Type: application/json; charset=UTF-8
2022-02-03_20:49:13.267 [main] DEBUG org.apache.http.headers - >> Content-Length: 241
2022-02-03_20:49:13.267 [main] DEBUG org.apache.http.headers - >> Host: apitest.pineperks.in
2022-02-03_20:49:13.267 [main] DEBUG org.apache.http.headers - >> Connection: Keep-Alive
2022-02-03_20:49:13.267 [main] DEBUG org.apache.http.headers - >> User-Agent: Apache-HttpClient/4.5.2 (Java/1.8.0_202)
2022-02-03_20:49:13.267 [main] DEBUG org.apache.http.headers - >> Accept-Encoding: gzip,deflate
2022-02-03_20:49:13.269 [main] DEBUG org.apache.http.wire -  >> "{"isLinkToBeSentOnMobile":true,"checksum":"5x3GNrnStyS2PkMvV6EeAw==","cardDetailList":[{"amount":"1000","mobileNumber":"8284854535","customerName":"afzal","email":"afzal.ahmed@pinelabs.com"}],"externalRequestId":"soUOgmB","cardSchemeId":"7"}"
2022-02-03_20:49:13.706 [main] DEBUG org.apache.http.wire -  << "HTTP/1.1 200 [\r][\n]"
2022-02-03_20:49:13.707 [main] DEBUG org.apache.http.wire -  << "Access-Control-Allow-Methods: GET, POST[\r][\n]"
2022-02-03_20:49:13.708 [main] DEBUG org.apache.http.wire -  << "Access-Control-Allow-Origin: *[\r][\n]"
2022-02-03_20:49:13.708 [main] DEBUG org.apache.http.wire -  << "Content-Security-Policy: default-src 'none'[\r][\n]"
2022-02-03_20:49:13.709 [main] DEBUG org.apache.http.wire -  << "Feature-Policy: 'none'[\r][\n]"
2022-02-03_20:49:13.709 [main] DEBUG org.apache.http.wire -  << "Referrer-Policy: no-referrer[\r][\n]"
2022-02-03_20:49:13.709 [main] DEBUG org.apache.http.wire -  << "Strict-Transport-Security: max-age=31536000 ; includeSubDomains[\r][\n]"
2022-02-03_20:49:13.710 [main] DEBUG org.apache.http.wire -  << "Date: Thu, 03 Feb 2022 15:19:12 GMT[\r][\n]"
2022-02-03_20:49:13.710 [main] DEBUG org.apache.http.wire -  << "Keep-Alive: timeout=60[\r][\n]"
2022-02-03_20:49:13.710 [main] DEBUG org.apache.http.wire -  << "Content-Type: application/json[\r][\n]"
2022-02-03_20:49:13.710 [main] DEBUG org.apache.http.wire -  << "Transfer-Encoding: chunked[\r][\n]"
2022-02-03_20:49:13.711 [main] DEBUG org.apache.http.wire -  << "Connection: keep-alive[\r][\n]"
2022-02-03_20:49:13.711 [main] DEBUG org.apache.http.wire -  << "[\r][\n]"
2022-02-03_20:49:13.711 [main] DEBUG o.a.h.i.conn.DefaultClientConnection - Receiving response: HTTP/1.1 200 
2022-02-03_20:49:13.711 [main] DEBUG org.apache.http.headers - << HTTP/1.1 200 
2022-02-03_20:49:13.712 [main] DEBUG org.apache.http.headers - << Access-Control-Allow-Methods: GET, POST
2022-02-03_20:49:13.712 [main] DEBUG org.apache.http.headers - << Access-Control-Allow-Origin: *
2022-02-03_20:49:13.712 [main] DEBUG org.apache.http.headers - << Content-Security-Policy: default-src 'none'
2022-02-03_20:49:13.712 [main] DEBUG org.apache.http.headers - << Feature-Policy: 'none'
2022-02-03_20:49:13.712 [main] DEBUG org.apache.http.headers - << Referrer-Policy: no-referrer
2022-02-03_20:49:13.712 [main] DEBUG org.apache.http.headers - << Strict-Transport-Security: max-age=31536000 ; includeSubDomains
2022-02-03_20:49:13.712 [main] DEBUG org.apache.http.headers - << Date: Thu, 03 Feb 2022 15:19:12 GMT
2022-02-03_20:49:13.712 [main] DEBUG org.apache.http.headers - << Keep-Alive: timeout=60
2022-02-03_20:49:13.714 [main] DEBUG org.apache.http.headers - << Content-Type: application/json
2022-02-03_20:49:13.714 [main] DEBUG org.apache.http.headers - << Transfer-Encoding: chunked
2022-02-03_20:49:13.714 [main] DEBUG org.apache.http.headers - << Connection: keep-alive
2022-02-03_20:49:13.714 [main] DEBUG o.a.h.impl.client.DefaultHttpClient - Connection can be kept alive for 60000 MILLISECONDS
2022-02-03_20:49:13.715 [main] DEBUG i.r.i.RequestSpecificationImpl$RestAssuredHttpBuilder - Parsing response as: application/json
2022-02-03_20:49:13.716 [main] DEBUG i.r.i.RequestSpecificationImpl$RestAssuredHttpBuilder - Parsed data to instance of: class org.apache.http.conn.EofSensorInputStream
2022-02-03_20:49:13.718 [main] INFO  com.qc.BaseAPI - Method :POST
2022-02-03_20:49:13.723 [main] INFO  com.qc.BaseAPI - URI :https://apitest.pineperks.in/card/order/V1/instant/issue/nonreloadable/digital
2022-02-03_20:49:13.724 [main] INFO  com.qc.BaseAPI - Headers :token=ff9291ebb11745e58beba117dbe827ba
userName=A0aCcnPzDANtKmvSLPKcaw==
Accept=*/*
Content-Type=application/json; charset=UTF-8
2022-02-03_20:49:13.724 [main] INFO  com.qc.BaseAPI - Body :{"isLinkToBeSentOnMobile":true,"checksum":"5x3GNrnStyS2PkMvV6EeAw==","cardDetailList":[{"amount":"1000","mobileNumber":"8284854535","customerName":"afzal","email":"afzal.ahmed@pinelabs.com"}],"externalRequestId":"soUOgmB","cardSchemeId":"7"}
2022-02-03_20:49:13.724 [main] INFO  com.qc.BaseAPI - ********************RESPONSE********************
2022-02-03_20:49:13.724 [main] DEBUG org.apache.http.wire -  << "1f2[\r][\n]"
2022-02-03_20:49:13.724 [main] DEBUG org.apache.http.wire -  << "{"externalRequestId":"soUOgmB","orderId":103251,"orderStatus":6,"cardDetailResponseList":[{"referenceNumber":3989873461,"serialNumber":10325100010001,"customerName":"afzal","mobileNumber":8284854535,"email":"afzal.ahmed@pinelabs.com","amount":1000,"cardLink":"test.pineperks.in/eCard?c=ejlB-K6JXzQ1EAsrTGUQtw2","responseCode":0,"responseMessage":"Success"}],"successCount":1,"failedCount":0,"orderAmount":1000,"issuanceCharge":100,"netOrderAmount":1100,"responseCode":0,"responseMessage":"Success"}"
2022-02-03_20:49:13.724 [main] DEBUG org.apache.http.wire -  << "[\r][\n]"
2022-02-03_20:49:13.724 [main] DEBUG org.apache.http.wire -  << "0[\r][\n]"
2022-02-03_20:49:13.725 [main] DEBUG org.apache.http.wire -  << "[\r][\n]"
2022-02-03_20:49:13.725 [main] DEBUG o.a.h.i.c.BasicClientConnectionManager - Releasing connection org.apache.http.impl.conn.ManagedClientConnectionImpl@65f37227
2022-02-03_20:49:13.725 [main] DEBUG o.a.h.i.c.BasicClientConnectionManager - Connection can be kept alive for 60000 MILLISECONDS
2022-02-03_20:49:13.729 [main] INFO  com.qc.BaseAPI - Response :{
    "externalRequestId": "soUOgmB",
    "orderId": 103251,
    "orderStatus": 6,
    "cardDetailResponseList": [
        {
            "referenceNumber": 3989873461,
            "serialNumber": 10325100010001,
            "customerName": "afzal",
            "mobileNumber": 8284854535,
            "email": "afzal.ahmed@pinelabs.com",
            "amount": 1000,
            "cardLink": "test.pineperks.in/eCard?c=ejlB-K6JXzQ1EAsrTGUQtw2",
            "responseCode": 0,
            "responseMessage": "Success"
        }
    ],
    "successCount": 1,
    "failedCount": 0,
    "orderAmount": 1000,
    "issuanceCharge": 100,
    "netOrderAmount": 1100,
    "responseCode": 0,
    "responseMessage": "Success"
}
2022-02-03_20:49:13.729 [main] INFO  com.qc.BaseAPI -  **** POST call Response time 626 ms
2022-02-03_20:49:13.729 [main] INFO  pl.rest.service.CardIssue - Time Taken to perform https://apitest.pineperks.in/card/order/V1/instant/issue/nonreloadable/digital transaction: 626
2022-02-03_20:49:13.743 [main] INFO  com.qc.qa.utils.TestDataReader - Reading Json data authorizeHeaders
2022-02-03_20:49:13.750 [main] INFO  com.qc.qa.utils.TestDataReader - Reading json data from file @ testData/api/devAPIData.json
2022-02-03_20:49:13.755 [main] INFO  p.r.service.CorporateAndCardDetails - CardIssue Rest API URL :- https://apitest.pineperks.in/card/profile/V1/detail
2022-02-03_20:49:13.755 [main] INFO  com.qc.BaseAPI - POST call to URL https://apitest.pineperks.in/card/profile/V1/detail
2022-02-03_20:49:13.766 [main] INFO  com.qc.BaseAPI - ********************REQUEST********************
2022-02-03_20:49:13.788 [main] DEBUG o.a.h.i.c.BasicClientConnectionManager - Get connection for route {s}->https://apitest.pineperks.in:443
2022-02-03_20:49:13.788 [main] DEBUG o.a.h.i.c.DefaultClientConnectionOperator - Connecting to apitest.pineperks.in:443
2022-02-03_20:49:13.903 [main] DEBUG o.a.h.c.protocol.RequestAddCookies - CookieSpec selected: ignoreCookies
2022-02-03_20:49:13.904 [main] DEBUG o.a.h.c.protocol.RequestAuthCache - Auth cache not set in the context
2022-02-03_20:49:13.904 [main] DEBUG o.a.h.c.p.RequestTargetAuthentication - Target auth state: UNCHALLENGED
2022-02-03_20:49:13.904 [main] DEBUG o.a.h.c.p.RequestProxyAuthentication - Proxy auth state: UNCHALLENGED
2022-02-03_20:49:13.905 [main] DEBUG o.a.h.impl.client.DefaultHttpClient - Attempt 1 to execute request
2022-02-03_20:49:13.905 [main] DEBUG o.a.h.i.conn.DefaultClientConnection - Sending request: POST /card/profile/V1/detail HTTP/1.1
2022-02-03_20:49:13.905 [main] DEBUG org.apache.http.wire -  >> "POST /card/profile/V1/detail HTTP/1.1[\r][\n]"
2022-02-03_20:49:13.907 [main] DEBUG org.apache.http.wire -  >> "Accept: */*[\r][\n]"
2022-02-03_20:49:13.907 [main] DEBUG org.apache.http.wire -  >> "userName: A0aCcnPzDANtKmvSLPKcaw==[\r][\n]"
2022-02-03_20:49:13.908 [main] DEBUG org.apache.http.wire -  >> "token: ff9291ebb11745e58beba117dbe827ba[\r][\n]"
2022-02-03_20:49:13.908 [main] DEBUG org.apache.http.wire -  >> "Content-Type: application/json; charset=UTF-8[\r][\n]"
2022-02-03_20:49:13.908 [main] DEBUG org.apache.http.wire -  >> "Content-Length: 40[\r][\n]"
2022-02-03_20:49:13.908 [main] DEBUG org.apache.http.wire -  >> "Host: apitest.pineperks.in[\r][\n]"
2022-02-03_20:49:13.908 [main] DEBUG org.apache.http.wire -  >> "Connection: Keep-Alive[\r][\n]"
2022-02-03_20:49:13.908 [main] DEBUG org.apache.http.wire -  >> "User-Agent: Apache-HttpClient/4.5.2 (Java/1.8.0_202)[\r][\n]"
2022-02-03_20:49:13.909 [main] DEBUG org.apache.http.wire -  >> "Accept-Encoding: gzip,deflate[\r][\n]"
2022-02-03_20:49:13.909 [main] DEBUG org.apache.http.wire -  >> "[\r][\n]"
2022-02-03_20:49:13.909 [main] DEBUG org.apache.http.headers - >> POST /card/profile/V1/detail HTTP/1.1
2022-02-03_20:49:13.909 [main] DEBUG org.apache.http.headers - >> Accept: */*
2022-02-03_20:49:13.909 [main] DEBUG org.apache.http.headers - >> userName: A0aCcnPzDANtKmvSLPKcaw==
2022-02-03_20:49:13.909 [main] DEBUG org.apache.http.headers - >> token: ff9291ebb11745e58beba117dbe827ba
2022-02-03_20:49:13.909 [main] DEBUG org.apache.http.headers - >> Content-Type: application/json; charset=UTF-8
2022-02-03_20:49:13.909 [main] DEBUG org.apache.http.headers - >> Content-Length: 40
2022-02-03_20:49:13.909 [main] DEBUG org.apache.http.headers - >> Host: apitest.pineperks.in
2022-02-03_20:49:13.909 [main] DEBUG org.apache.http.headers - >> Connection: Keep-Alive
2022-02-03_20:49:13.910 [main] DEBUG org.apache.http.headers - >> User-Agent: Apache-HttpClient/4.5.2 (Java/1.8.0_202)
2022-02-03_20:49:13.910 [main] DEBUG org.apache.http.headers - >> Accept-Encoding: gzip,deflate
2022-02-03_20:49:13.910 [main] DEBUG org.apache.http.wire -  >> "{"cardDetailRequestList":["3989873461"]}"
2022-02-03_20:49:13.949 [main] DEBUG org.apache.http.wire -  << "HTTP/1.1 200 [\r][\n]"
2022-02-03_20:49:13.949 [main] DEBUG org.apache.http.wire -  << "Access-Control-Allow-Methods: GET, POST[\r][\n]"
2022-02-03_20:49:13.949 [main] DEBUG org.apache.http.wire -  << "Access-Control-Allow-Origin: *[\r][\n]"
2022-02-03_20:49:13.949 [main] DEBUG org.apache.http.wire -  << "Content-Security-Policy: default-src 'none'[\r][\n]"
2022-02-03_20:49:13.949 [main] DEBUG org.apache.http.wire -  << "Feature-Policy: 'none'[\r][\n]"
2022-02-03_20:49:13.949 [main] DEBUG org.apache.http.wire -  << "Referrer-Policy: no-referrer[\r][\n]"
2022-02-03_20:49:13.949 [main] DEBUG org.apache.http.wire -  << "Strict-Transport-Security: max-age=31536000 ; includeSubDomains[\r][\n]"
2022-02-03_20:49:13.950 [main] DEBUG org.apache.http.wire -  << "Date: Thu, 03 Feb 2022 15:19:13 GMT[\r][\n]"
2022-02-03_20:49:13.950 [main] DEBUG org.apache.http.wire -  << "Keep-Alive: timeout=60[\r][\n]"
2022-02-03_20:49:13.950 [main] DEBUG org.apache.http.wire -  << "Content-Type: application/json[\r][\n]"
2022-02-03_20:49:13.950 [main] DEBUG org.apache.http.wire -  << "Transfer-Encoding: chunked[\r][\n]"
2022-02-03_20:49:13.950 [main] DEBUG org.apache.http.wire -  << "Connection: keep-alive[\r][\n]"
2022-02-03_20:49:13.950 [main] DEBUG org.apache.http.wire -  << "[\r][\n]"
2022-02-03_20:49:13.951 [main] DEBUG o.a.h.i.conn.DefaultClientConnection - Receiving response: HTTP/1.1 200 
2022-02-03_20:49:13.951 [main] DEBUG org.apache.http.headers - << HTTP/1.1 200 
2022-02-03_20:49:13.951 [main] DEBUG org.apache.http.headers - << Access-Control-Allow-Methods: GET, POST
2022-02-03_20:49:13.951 [main] DEBUG org.apache.http.headers - << Access-Control-Allow-Origin: *
2022-02-03_20:49:13.951 [main] DEBUG org.apache.http.headers - << Content-Security-Policy: default-src 'none'
2022-02-03_20:49:13.951 [main] DEBUG org.apache.http.headers - << Feature-Policy: 'none'
2022-02-03_20:49:13.951 [main] DEBUG org.apache.http.headers - << Referrer-Policy: no-referrer
2022-02-03_20:49:13.952 [main] DEBUG org.apache.http.headers - << Strict-Transport-Security: max-age=31536000 ; includeSubDomains
2022-02-03_20:49:13.952 [main] DEBUG org.apache.http.headers - << Date: Thu, 03 Feb 2022 15:19:13 GMT
2022-02-03_20:49:13.952 [main] DEBUG org.apache.http.headers - << Keep-Alive: timeout=60
2022-02-03_20:49:13.952 [main] DEBUG org.apache.http.headers - << Content-Type: application/json
2022-02-03_20:49:13.952 [main] DEBUG org.apache.http.headers - << Transfer-Encoding: chunked
2022-02-03_20:49:13.953 [main] DEBUG org.apache.http.headers - << Connection: keep-alive
2022-02-03_20:49:13.954 [main] DEBUG o.a.h.impl.client.DefaultHttpClient - Connection can be kept alive for 60000 MILLISECONDS
2022-02-03_20:49:13.954 [main] DEBUG i.r.i.RequestSpecificationImpl$RestAssuredHttpBuilder - Parsing response as: application/json
2022-02-03_20:49:13.955 [main] DEBUG i.r.i.RequestSpecificationImpl$RestAssuredHttpBuilder - Parsed data to instance of: class org.apache.http.conn.EofSensorInputStream
2022-02-03_20:49:13.956 [main] INFO  com.qc.BaseAPI - Method :POST
2022-02-03_20:49:13.958 [main] INFO  com.qc.BaseAPI - URI :https://apitest.pineperks.in/card/profile/V1/detail
2022-02-03_20:49:13.958 [main] INFO  com.qc.BaseAPI - Headers :token=ff9291ebb11745e58beba117dbe827ba
userName=A0aCcnPzDANtKmvSLPKcaw==
Accept=*/*
Content-Type=application/json; charset=UTF-8
2022-02-03_20:49:13.958 [main] INFO  com.qc.BaseAPI - Body :{"cardDetailRequestList":["3989873461"]}
2022-02-03_20:49:13.958 [main] INFO  com.qc.BaseAPI - ********************RESPONSE********************
2022-02-03_20:49:13.959 [main] DEBUG org.apache.http.wire -  << "3c7[\r][\n]"
2022-02-03_20:49:13.960 [main] DEBUG org.apache.http.wire -  << "{"cardDetailResponseList":[{"cardReferenceNumber":3989873461,"maskedCardNumber":"608364******9165","cardStatus":1,"kycStatus":null,"cardSchemeId":7,"pinMode":4,"cardName":"milson Card","cardVariant":2,"cardCategoryId":4,"loadAmount":1000,"redeemedAmount":0,"balance":1000,"issuedOn":"03-Feb-2022","expiryDate":"29-Feb-2024","isEcommTransactionEnabled":true,"ecommRedeemTransactionLimit":0,"isPOSTransactionEnabled":false,"posRedeemTransactionLimit":0,"monthlyCreditAmount":null,"lastCreditedOn":null,"activatedOn":"03-Feb-2022","activationName":"Afzal","activationMobileNumber":8284854535,"activationEmail":"afzal.ahmed@pinelabs.com","customerName":"Afzal ahmed","customerMobile":8284854535,"customerEmail":null,"blockedOn":null,"terminatedOn":null,"terminatedBy":null,"reason":null,"reIssuedOn":null,"reIssuedBy":null,"reIssuedByCardReferenceNumber":null,"reIssueCharges":0,"responseCode":0,"responseMessage":"Success"}],"responseCode":0,"responseMessage":"Success"}"
2022-02-03_20:49:13.960 [main] DEBUG org.apache.http.wire -  << "[\r][\n]"
2022-02-03_20:49:13.961 [main] DEBUG org.apache.http.wire -  << "0[\r][\n]"
2022-02-03_20:49:13.961 [main] DEBUG org.apache.http.wire -  << "[\r][\n]"
2022-02-03_20:49:13.961 [main] DEBUG o.a.h.i.c.BasicClientConnectionManager - Releasing connection org.apache.http.impl.conn.ManagedClientConnectionImpl@1568dcd8
2022-02-03_20:49:13.961 [main] DEBUG o.a.h.i.c.BasicClientConnectionManager - Connection can be kept alive for 60000 MILLISECONDS
2022-02-03_20:49:13.967 [main] INFO  com.qc.BaseAPI - Response :{
    "cardDetailResponseList": [
        {
            "cardReferenceNumber": 3989873461,
            "maskedCardNumber": "608364******9165",
            "cardStatus": 1,
            "kycStatus": null,
            "cardSchemeId": 7,
            "pinMode": 4,
            "cardName": "milson Card",
            "cardVariant": 2,
            "cardCategoryId": 4,
            "loadAmount": 1000,
            "redeemedAmount": 0,
            "balance": 1000,
            "issuedOn": "03-Feb-2022",
            "expiryDate": "29-Feb-2024",
            "isEcommTransactionEnabled": true,
            "ecommRedeemTransactionLimit": 0,
            "isPOSTransactionEnabled": false,
            "posRedeemTransactionLimit": 0,
            "monthlyCreditAmount": null,
            "lastCreditedOn": null,
            "activatedOn": "03-Feb-2022",
            "activationName": "Afzal",
            "activationMobileNumber": 8284854535,
            "activationEmail": "afzal.ahmed@pinelabs.com",
            "customerName": "Afzal ahmed",
            "customerMobile": 8284854535,
            "customerEmail": null,
            "blockedOn": null,
            "terminatedOn": null,
            "terminatedBy": null,
            "reason": null,
            "reIssuedOn": null,
            "reIssuedBy": null,
            "reIssuedByCardReferenceNumber": null,
            "reIssueCharges": 0,
            "responseCode": 0,
            "responseMessage": "Success"
        }
    ],
    "responseCode": 0,
    "responseMessage": "Success"
}
2022-02-03_20:49:13.968 [main] INFO  com.qc.BaseAPI -  **** POST call Response time 186 ms
2022-02-03_20:49:13.969 [main] INFO  p.r.service.CorporateAndCardDetails - Time Taken to perform https://apitest.pineperks.in/card/profile/V1/detail transaction: 186
2022-02-03_20:49:14.487 [main] INFO  pl.rest.utils.DBUtils - Query being executed Select * from Card where referenceNumber=3989873461;
2022-02-03_20:49:14.528 [Finalizer] DEBUG o.a.h.i.conn.DefaultClientConnection - Connection 0.0.0.0:50384<->14.143.120.84:443 closed
2022-02-03_20:49:14.584 [main] ERROR com.qc.qa.utils.LoadProperties - Missing MySQLDBEnvironment property value in system property or in config.properties files.Please add it if incase required
2022-02-03_20:49:14.585 [main] INFO  com.qc.qa.dbutils.DBPoolProvider - Con pool Total - 400, idle - 0,  Num active - 0
2022-02-03_20:49:14.586 [main] INFO  com.qc.qa.dbutils.DBPoolProvider - Retrieved connection
