2021-12-16_17:28:24.660 [main] INFO  com.qc.qa.utils.TestDataReader - Reading API Test Data config values from  testData/api/devAPITestData.properties
2021-12-16_17:28:24.667 [main] INFO  pl.rest.service.Authorize - Authorize Rest API URL :- https://apitest.pineperks.in/auth/V1/generate/token
2021-12-16_17:28:24.667 [main] INFO  com.qc.BaseAPI - GET call to URL https://apitest.pineperks.in/auth/V1/generate/token
2021-12-16_17:28:24.844 [main] INFO  com.qc.BaseAPI - ********************REQUEST********************
2021-12-16_17:28:26.041 [main] DEBUG o.a.h.i.c.BasicClientConnectionManager - Get connection for route {s}->https://apitest.pineperks.in:443
2021-12-16_17:28:26.106 [main] DEBUG o.a.h.i.c.DefaultClientConnectionOperator - Connecting to apitest.pineperks.in:443
2021-12-16_17:28:26.308 [main] DEBUG o.a.h.c.protocol.RequestAddCookies - CookieSpec selected: ignoreCookies
2021-12-16_17:28:26.309 [main] DEBUG o.a.h.c.protocol.RequestAuthCache - Auth cache not set in the context
2021-12-16_17:28:26.309 [main] DEBUG o.a.h.c.p.RequestTargetAuthentication - Target auth state: UNCHALLENGED
2021-12-16_17:28:26.310 [main] DEBUG o.a.h.c.p.RequestProxyAuthentication - Proxy auth state: UNCHALLENGED
2021-12-16_17:28:26.310 [main] DEBUG o.a.h.impl.client.DefaultHttpClient - Attempt 1 to execute request
2021-12-16_17:28:26.310 [main] DEBUG o.a.h.i.conn.DefaultClientConnection - Sending request: GET /auth/V1/generate/token HTTP/1.1
2021-12-16_17:28:26.311 [main] DEBUG org.apache.http.wire -  >> "GET /auth/V1/generate/token HTTP/1.1[\r][\n]"
2021-12-16_17:28:26.312 [main] DEBUG org.apache.http.wire -  >> "Content-Type: application/json; charset=UTF-8[\r][\n]"
2021-12-16_17:28:26.312 [main] DEBUG org.apache.http.wire -  >> "Accept: */*[\r][\n]"
2021-12-16_17:28:26.312 [main] DEBUG org.apache.http.wire -  >> "userName: t3azPwts/6OSPTFxhCdYug==[\r][\n]"
2021-12-16_17:28:26.312 [main] DEBUG org.apache.http.wire -  >> "Host: apitest.pineperks.in[\r][\n]"
2021-12-16_17:28:26.312 [main] DEBUG org.apache.http.wire -  >> "Connection: Keep-Alive[\r][\n]"
2021-12-16_17:28:26.312 [main] DEBUG org.apache.http.wire -  >> "User-Agent: Apache-HttpClient/4.5.2 (Java/1.8.0_202)[\r][\n]"
2021-12-16_17:28:26.312 [main] DEBUG org.apache.http.wire -  >> "Accept-Encoding: gzip,deflate[\r][\n]"
2021-12-16_17:28:26.312 [main] DEBUG org.apache.http.wire -  >> "[\r][\n]"
2021-12-16_17:28:26.313 [main] DEBUG org.apache.http.headers - >> GET /auth/V1/generate/token HTTP/1.1
2021-12-16_17:28:26.313 [main] DEBUG org.apache.http.headers - >> Content-Type: application/json; charset=UTF-8
2021-12-16_17:28:26.313 [main] DEBUG org.apache.http.headers - >> Accept: */*
2021-12-16_17:28:26.313 [main] DEBUG org.apache.http.headers - >> userName: t3azPwts/6OSPTFxhCdYug==
2021-12-16_17:28:26.313 [main] DEBUG org.apache.http.headers - >> Host: apitest.pineperks.in
2021-12-16_17:28:26.313 [main] DEBUG org.apache.http.headers - >> Connection: Keep-Alive
2021-12-16_17:28:26.313 [main] DEBUG org.apache.http.headers - >> User-Agent: Apache-HttpClient/4.5.2 (Java/1.8.0_202)
2021-12-16_17:28:26.313 [main] DEBUG org.apache.http.headers - >> Accept-Encoding: gzip,deflate
2021-12-16_17:28:26.407 [main] DEBUG org.apache.http.wire -  << "HTTP/1.1 200 [\r][\n]"
2021-12-16_17:28:26.409 [main] DEBUG org.apache.http.wire -  << "Access-Control-Allow-Methods: GET, POST[\r][\n]"
2021-12-16_17:28:26.410 [main] DEBUG org.apache.http.wire -  << "Access-Control-Allow-Origin: *[\r][\n]"
2021-12-16_17:28:26.410 [main] DEBUG org.apache.http.wire -  << "Content-Security-Policy: default-src 'none'[\r][\n]"
2021-12-16_17:28:26.410 [main] DEBUG org.apache.http.wire -  << "Feature-Policy: 'none'[\r][\n]"
2021-12-16_17:28:26.410 [main] DEBUG org.apache.http.wire -  << "Referrer-Policy: no-referrer[\r][\n]"
2021-12-16_17:28:26.410 [main] DEBUG org.apache.http.wire -  << "Strict-Transport-Security: max-age=31536000 ; includeSubDomains[\r][\n]"
2021-12-16_17:28:26.410 [main] DEBUG org.apache.http.wire -  << "Date: Thu, 16 Dec 2021 11:58:26 GMT[\r][\n]"
2021-12-16_17:28:26.410 [main] DEBUG org.apache.http.wire -  << "Keep-Alive: timeout=60[\r][\n]"
2021-12-16_17:28:26.411 [main] DEBUG org.apache.http.wire -  << "Content-Type: application/json[\r][\n]"
2021-12-16_17:28:26.411 [main] DEBUG org.apache.http.wire -  << "Transfer-Encoding: chunked[\r][\n]"
2021-12-16_17:28:26.411 [main] DEBUG org.apache.http.wire -  << "Connection: keep-alive[\r][\n]"
2021-12-16_17:28:26.411 [main] DEBUG org.apache.http.wire -  << "[\r][\n]"
2021-12-16_17:28:26.411 [main] DEBUG o.a.h.i.conn.DefaultClientConnection - Receiving response: HTTP/1.1 200 
2021-12-16_17:28:26.412 [main] DEBUG org.apache.http.headers - << HTTP/1.1 200 
2021-12-16_17:28:26.412 [main] DEBUG org.apache.http.headers - << Access-Control-Allow-Methods: GET, POST
2021-12-16_17:28:26.412 [main] DEBUG org.apache.http.headers - << Access-Control-Allow-Origin: *
2021-12-16_17:28:26.412 [main] DEBUG org.apache.http.headers - << Content-Security-Policy: default-src 'none'
2021-12-16_17:28:26.412 [main] DEBUG org.apache.http.headers - << Feature-Policy: 'none'
2021-12-16_17:28:26.412 [main] DEBUG org.apache.http.headers - << Referrer-Policy: no-referrer
2021-12-16_17:28:26.412 [main] DEBUG org.apache.http.headers - << Strict-Transport-Security: max-age=31536000 ; includeSubDomains
2021-12-16_17:28:26.412 [main] DEBUG org.apache.http.headers - << Date: Thu, 16 Dec 2021 11:58:26 GMT
2021-12-16_17:28:26.412 [main] DEBUG org.apache.http.headers - << Keep-Alive: timeout=60
2021-12-16_17:28:26.412 [main] DEBUG org.apache.http.headers - << Content-Type: application/json
2021-12-16_17:28:26.412 [main] DEBUG org.apache.http.headers - << Transfer-Encoding: chunked
2021-12-16_17:28:26.412 [main] DEBUG org.apache.http.headers - << Connection: keep-alive
2021-12-16_17:28:26.417 [main] DEBUG o.a.h.impl.client.DefaultHttpClient - Connection can be kept alive for 60000 MILLISECONDS
2021-12-16_17:28:26.428 [main] DEBUG i.r.i.RequestSpecificationImpl$RestAssuredHttpBuilder - Parsing response as: application/json
2021-12-16_17:28:26.429 [main] DEBUG i.r.i.RequestSpecificationImpl$RestAssuredHttpBuilder - Parsed data to instance of: class org.apache.http.conn.EofSensorInputStream
2021-12-16_17:28:26.440 [main] INFO  com.qc.BaseAPI - Method :GET
2021-12-16_17:28:26.441 [main] INFO  com.qc.BaseAPI - URI :https://apitest.pineperks.in/auth/V1/generate/token
2021-12-16_17:28:26.441 [main] INFO  com.qc.BaseAPI - Headers :userName=t3azPwts/6OSPTFxhCdYug==
Accept=*/*
Content-Type=application/json; charset=UTF-8
2021-12-16_17:28:26.441 [main] INFO  com.qc.BaseAPI - Body :null
2021-12-16_17:28:26.441 [main] INFO  com.qc.BaseAPI - ********************RESPONSE********************
2021-12-16_17:28:26.452 [main] DEBUG org.apache.http.wire -  << "7f[\r][\n]"
2021-12-16_17:28:26.452 [main] DEBUG org.apache.http.wire -  << "{"accessToken":"45f174a3f10244dcbd52747d7ca1878d","tokenExpiryTime":"17-Dec-2021","responseCode":0,"responseMessage":"Success"}"
2021-12-16_17:28:26.453 [main] DEBUG org.apache.http.wire -  << "[\r][\n]"
2021-12-16_17:28:26.454 [main] DEBUG org.apache.http.wire -  << "0[\r][\n]"
2021-12-16_17:28:26.454 [main] DEBUG org.apache.http.wire -  << "[\r][\n]"
2021-12-16_17:28:26.454 [main] DEBUG o.a.h.i.c.BasicClientConnectionManager - Releasing connection org.apache.http.impl.conn.ManagedClientConnectionImpl@1404ed28
2021-12-16_17:28:26.454 [main] DEBUG o.a.h.i.c.BasicClientConnectionManager - Connection can be kept alive for 60000 MILLISECONDS
2021-12-16_17:28:26.484 [main] INFO  com.qc.BaseAPI - Response :{
    "accessToken": "45f174a3f10244dcbd52747d7ca1878d",
    "tokenExpiryTime": "17-Dec-2021",
    "responseCode": 0,
    "responseMessage": "Success"
}
2021-12-16_17:28:26.487 [main] INFO  com.qc.BaseAPI -  **** GET call Response time 1583 ms
2021-12-16_17:28:26.487 [main] INFO  pl.rest.service.Authorize - Time Taken to perform https://apitest.pineperks.in/auth/V1/generate/token transaction: 1583
2021-12-16_17:28:26.619 [main] INFO  com.qc.qa.utils.TestDataReader - Reading Json data authorizeHeaders
2021-12-16_17:28:26.623 [main] INFO  com.qc.qa.utils.TestDataReader - Reading json data from file @ testData/api/devAPIData.json
2021-12-16_17:28:26.647 [main] INFO  pl.rest.service.CardIssue - CardIssue Rest API URL :- https://apitest.pineperks.in/card/order/V1/instant/issue/nonreloadable/digital
2021-12-16_17:28:26.648 [main] INFO  com.qc.BaseAPI - POST call to URL https://apitest.pineperks.in/card/order/V1/instant/issue/nonreloadable/digital
2021-12-16_17:28:26.656 [main] INFO  com.qc.BaseAPI - ********************REQUEST********************
2021-12-16_17:28:26.690 [main] DEBUG o.a.h.i.c.BasicClientConnectionManager - Get connection for route {s}->https://apitest.pineperks.in:443
2021-12-16_17:28:26.690 [main] DEBUG o.a.h.i.c.DefaultClientConnectionOperator - Connecting to apitest.pineperks.in:443
2021-12-16_17:28:26.830 [main] DEBUG o.a.h.c.protocol.RequestAddCookies - CookieSpec selected: ignoreCookies
2021-12-16_17:28:26.830 [main] DEBUG o.a.h.c.protocol.RequestAuthCache - Auth cache not set in the context
2021-12-16_17:28:26.831 [main] DEBUG o.a.h.c.p.RequestTargetAuthentication - Target auth state: UNCHALLENGED
2021-12-16_17:28:26.831 [main] DEBUG o.a.h.c.p.RequestProxyAuthentication - Proxy auth state: UNCHALLENGED
2021-12-16_17:28:26.831 [main] DEBUG o.a.h.impl.client.DefaultHttpClient - Attempt 1 to execute request
2021-12-16_17:28:26.831 [main] DEBUG o.a.h.i.conn.DefaultClientConnection - Sending request: POST /card/order/V1/instant/issue/nonreloadable/digital HTTP/1.1
2021-12-16_17:28:26.831 [main] DEBUG org.apache.http.wire -  >> "POST /card/order/V1/instant/issue/nonreloadable/digital HTTP/1.1[\r][\n]"
2021-12-16_17:28:26.831 [main] DEBUG org.apache.http.wire -  >> "Accept: */*[\r][\n]"
2021-12-16_17:28:26.831 [main] DEBUG org.apache.http.wire -  >> "userName: t3azPwts/6OSPTFxhCdYug==[\r][\n]"
2021-12-16_17:28:26.831 [main] DEBUG org.apache.http.wire -  >> "token: 45f174a3f10244dcbd52747d7ca1878d[\r][\n]"
2021-12-16_17:28:26.831 [main] DEBUG org.apache.http.wire -  >> "Content-Type: application/json; charset=UTF-8[\r][\n]"
2021-12-16_17:28:26.831 [main] DEBUG org.apache.http.wire -  >> "Content-Length: 241[\r][\n]"
2021-12-16_17:28:26.831 [main] DEBUG org.apache.http.wire -  >> "Host: apitest.pineperks.in[\r][\n]"
2021-12-16_17:28:26.832 [main] DEBUG org.apache.http.wire -  >> "Connection: Keep-Alive[\r][\n]"
2021-12-16_17:28:26.832 [main] DEBUG org.apache.http.wire -  >> "User-Agent: Apache-HttpClient/4.5.2 (Java/1.8.0_202)[\r][\n]"
2021-12-16_17:28:26.832 [main] DEBUG org.apache.http.wire -  >> "Accept-Encoding: gzip,deflate[\r][\n]"
2021-12-16_17:28:26.832 [main] DEBUG org.apache.http.wire -  >> "[\r][\n]"
2021-12-16_17:28:26.832 [main] DEBUG org.apache.http.headers - >> POST /card/order/V1/instant/issue/nonreloadable/digital HTTP/1.1
2021-12-16_17:28:26.832 [main] DEBUG org.apache.http.headers - >> Accept: */*
2021-12-16_17:28:26.832 [main] DEBUG org.apache.http.headers - >> userName: t3azPwts/6OSPTFxhCdYug==
2021-12-16_17:28:26.832 [main] DEBUG org.apache.http.headers - >> token: 45f174a3f10244dcbd52747d7ca1878d
2021-12-16_17:28:26.832 [main] DEBUG org.apache.http.headers - >> Content-Type: application/json; charset=UTF-8
2021-12-16_17:28:26.832 [main] DEBUG org.apache.http.headers - >> Content-Length: 241
2021-12-16_17:28:26.832 [main] DEBUG org.apache.http.headers - >> Host: apitest.pineperks.in
2021-12-16_17:28:26.832 [main] DEBUG org.apache.http.headers - >> Connection: Keep-Alive
2021-12-16_17:28:26.832 [main] DEBUG org.apache.http.headers - >> User-Agent: Apache-HttpClient/4.5.2 (Java/1.8.0_202)
2021-12-16_17:28:26.832 [main] DEBUG org.apache.http.headers - >> Accept-Encoding: gzip,deflate
2021-12-16_17:28:26.833 [main] DEBUG org.apache.http.wire -  >> "{"isLinkToBeSentOnMobile":true,"checksum":"5x3GNrnStyS2PkMvV6EeAw==","cardDetailList":[{"amount":"1000","mobileNumber":"8284854535","customerName":"afzal","email":"afzal.ahmed@pinelabs.com"}],"externalRequestId":"j8FttOx","cardSchemeId":"7"}"
2021-12-16_17:28:27.329 [main] DEBUG org.apache.http.wire -  << "HTTP/1.1 200 [\r][\n]"
2021-12-16_17:28:27.329 [main] DEBUG org.apache.http.wire -  << "Access-Control-Allow-Methods: GET, POST[\r][\n]"
2021-12-16_17:28:27.330 [main] DEBUG org.apache.http.wire -  << "Access-Control-Allow-Origin: *[\r][\n]"
2021-12-16_17:28:27.330 [main] DEBUG org.apache.http.wire -  << "Content-Security-Policy: default-src 'none'[\r][\n]"
2021-12-16_17:28:27.330 [main] DEBUG org.apache.http.wire -  << "Feature-Policy: 'none'[\r][\n]"
2021-12-16_17:28:27.330 [main] DEBUG org.apache.http.wire -  << "Referrer-Policy: no-referrer[\r][\n]"
2021-12-16_17:28:27.331 [main] DEBUG org.apache.http.wire -  << "Strict-Transport-Security: max-age=31536000 ; includeSubDomains[\r][\n]"
2021-12-16_17:28:27.331 [main] DEBUG org.apache.http.wire -  << "Date: Thu, 16 Dec 2021 11:58:26 GMT[\r][\n]"
2021-12-16_17:28:27.331 [main] DEBUG org.apache.http.wire -  << "Keep-Alive: timeout=60[\r][\n]"
2021-12-16_17:28:27.331 [main] DEBUG org.apache.http.wire -  << "Content-Type: application/json[\r][\n]"
2021-12-16_17:28:27.331 [main] DEBUG org.apache.http.wire -  << "Transfer-Encoding: chunked[\r][\n]"
2021-12-16_17:28:27.331 [main] DEBUG org.apache.http.wire -  << "Connection: keep-alive[\r][\n]"
2021-12-16_17:28:27.331 [main] DEBUG org.apache.http.wire -  << "[\r][\n]"
2021-12-16_17:28:27.332 [main] DEBUG o.a.h.i.conn.DefaultClientConnection - Receiving response: HTTP/1.1 200 
2021-12-16_17:28:27.332 [main] DEBUG org.apache.http.headers - << HTTP/1.1 200 
2021-12-16_17:28:27.332 [main] DEBUG org.apache.http.headers - << Access-Control-Allow-Methods: GET, POST
2021-12-16_17:28:27.332 [main] DEBUG org.apache.http.headers - << Access-Control-Allow-Origin: *
2021-12-16_17:28:27.332 [main] DEBUG org.apache.http.headers - << Content-Security-Policy: default-src 'none'
2021-12-16_17:28:27.332 [main] DEBUG org.apache.http.headers - << Feature-Policy: 'none'
2021-12-16_17:28:27.332 [main] DEBUG org.apache.http.headers - << Referrer-Policy: no-referrer
2021-12-16_17:28:27.333 [main] DEBUG org.apache.http.headers - << Strict-Transport-Security: max-age=31536000 ; includeSubDomains
2021-12-16_17:28:27.333 [main] DEBUG org.apache.http.headers - << Date: Thu, 16 Dec 2021 11:58:26 GMT
2021-12-16_17:28:27.333 [main] DEBUG org.apache.http.headers - << Keep-Alive: timeout=60
2021-12-16_17:28:27.333 [main] DEBUG org.apache.http.headers - << Content-Type: application/json
2021-12-16_17:28:27.333 [main] DEBUG org.apache.http.headers - << Transfer-Encoding: chunked
2021-12-16_17:28:27.333 [main] DEBUG org.apache.http.headers - << Connection: keep-alive
2021-12-16_17:28:27.334 [main] DEBUG o.a.h.impl.client.DefaultHttpClient - Connection can be kept alive for 60000 MILLISECONDS
2021-12-16_17:28:27.334 [main] DEBUG i.r.i.RequestSpecificationImpl$RestAssuredHttpBuilder - Parsing response as: application/json
2021-12-16_17:28:27.335 [main] DEBUG i.r.i.RequestSpecificationImpl$RestAssuredHttpBuilder - Parsed data to instance of: class org.apache.http.conn.EofSensorInputStream
2021-12-16_17:28:27.337 [main] INFO  com.qc.BaseAPI - Method :POST
2021-12-16_17:28:27.341 [main] INFO  com.qc.BaseAPI - URI :https://apitest.pineperks.in/card/order/V1/instant/issue/nonreloadable/digital
2021-12-16_17:28:27.341 [main] INFO  com.qc.BaseAPI - Headers :token=45f174a3f10244dcbd52747d7ca1878d
userName=t3azPwts/6OSPTFxhCdYug==
Accept=*/*
Content-Type=application/json; charset=UTF-8
2021-12-16_17:28:27.342 [main] INFO  com.qc.BaseAPI - Body :{"isLinkToBeSentOnMobile":true,"checksum":"5x3GNrnStyS2PkMvV6EeAw==","cardDetailList":[{"amount":"1000","mobileNumber":"8284854535","customerName":"afzal","email":"afzal.ahmed@pinelabs.com"}],"externalRequestId":"j8FttOx","cardSchemeId":"7"}
2021-12-16_17:28:27.342 [main] INFO  com.qc.BaseAPI - ********************RESPONSE********************
2021-12-16_17:28:27.342 [main] DEBUG org.apache.http.wire -  << "1ef[\r][\n]"
2021-12-16_17:28:27.343 [main] DEBUG org.apache.http.wire -  << "{"externalRequestId":"j8FttOx","orderId":12483,"orderStatus":6,"cardDetailResponseList":[{"referenceNumber":7212428553,"serialNumber":12483000010001,"customerName":"afzal","mobileNumber":8284854535,"email":"afzal.ahmed@pinelabs.com","amount":1000,"cardLink":"test.pineperks.in/eCard?c=C.oPTY9Z7nIYfSenv47lVQ2","responseCode":0,"responseMessage":"Success"}],"successCount":1,"failedCount":0,"orderAmount":1000,"issuanceCharge":0,"netOrderAmount":1000,"responseCode":0,"responseMessage":"Success"}"
2021-12-16_17:28:27.343 [main] DEBUG org.apache.http.wire -  << "[\r][\n]"
2021-12-16_17:28:27.344 [main] DEBUG org.apache.http.wire -  << "0[\r][\n]"
2021-12-16_17:28:27.344 [main] DEBUG org.apache.http.wire -  << "[\r][\n]"
2021-12-16_17:28:27.344 [main] DEBUG o.a.h.i.c.BasicClientConnectionManager - Releasing connection org.apache.http.impl.conn.ManagedClientConnectionImpl@479e884a
2021-12-16_17:28:27.344 [main] DEBUG o.a.h.i.c.BasicClientConnectionManager - Connection can be kept alive for 60000 MILLISECONDS
2021-12-16_17:28:27.347 [main] INFO  com.qc.BaseAPI - Response :{
    "externalRequestId": "j8FttOx",
    "orderId": 12483,
    "orderStatus": 6,
    "cardDetailResponseList": [
        {
            "referenceNumber": 7212428553,
            "serialNumber": 12483000010001,
            "customerName": "afzal",
            "mobileNumber": 8284854535,
            "email": "afzal.ahmed@pinelabs.com",
            "amount": 1000,
            "cardLink": "test.pineperks.in/eCard?c=C.oPTY9Z7nIYfSenv47lVQ2",
            "responseCode": 0,
            "responseMessage": "Success"
        }
    ],
    "successCount": 1,
    "failedCount": 0,
    "orderAmount": 1000,
    "issuanceCharge": 0,
    "netOrderAmount": 1000,
    "responseCode": 0,
    "responseMessage": "Success"
}
2021-12-16_17:28:27.348 [main] INFO  com.qc.BaseAPI -  **** POST call Response time 678 ms
2021-12-16_17:28:27.348 [main] INFO  pl.rest.service.CardIssue - Time Taken to perform https://apitest.pineperks.in/card/order/V1/instant/issue/nonreloadable/digital transaction: 678
