2022-01-26_18:06:41.612 [main] INFO  pl.rest.CustomHooks - SCENARIO NAME: Issuing a instant non reloadable card
2022-01-26_18:06:41.615 [main] INFO  pl.rest.CustomHooks - TAG NAMEs: [@Regression, @DB]
2022-01-26_18:06:41.620 [main] INFO  pl.rest.CustomHooks - SCENARIO NAME: Issuing a instant non reloadable card
2022-01-26_18:06:41.620 [main] INFO  pl.rest.CustomHooks - TAG NAMEs: [@Regression, @DB]
2022-01-26_18:06:41.696 [main] INFO  pl.rest.CustomHooks - Index: 0, Size: 0
2022-01-26_18:06:42.949 [main] INFO  com.qc.qa.utils.TestDataReader - Reading API Test Data config values from  testData/api/devAPITestData.properties
2022-01-26_18:06:42.953 [main] INFO  pl.rest.service.Authorize - Authorize Rest API URL :- https://apitest.pineperks.in/auth/V1/generate/token
2022-01-26_18:06:42.953 [main] INFO  com.qc.BaseAPI - GET call to URL https://apitest.pineperks.in/auth/V1/generate/token
2022-01-26_18:06:43.178 [main] INFO  com.qc.BaseAPI - ********************REQUEST********************
2022-01-26_18:06:45.204 [main] DEBUG o.a.h.i.c.BasicClientConnectionManager - Get connection for route {s}->https://apitest.pineperks.in:443
2022-01-26_18:06:45.255 [main] DEBUG o.a.h.i.c.DefaultClientConnectionOperator - Connecting to apitest.pineperks.in:443
2022-01-26_18:06:45.481 [main] DEBUG o.a.h.c.protocol.RequestAddCookies - CookieSpec selected: ignoreCookies
2022-01-26_18:06:45.483 [main] DEBUG o.a.h.c.protocol.RequestAuthCache - Auth cache not set in the context
2022-01-26_18:06:45.484 [main] DEBUG o.a.h.c.p.RequestTargetAuthentication - Target auth state: UNCHALLENGED
2022-01-26_18:06:45.485 [main] DEBUG o.a.h.c.p.RequestProxyAuthentication - Proxy auth state: UNCHALLENGED
2022-01-26_18:06:45.485 [main] DEBUG o.a.h.impl.client.DefaultHttpClient - Attempt 1 to execute request
2022-01-26_18:06:45.486 [main] DEBUG o.a.h.i.conn.DefaultClientConnection - Sending request: GET /auth/V1/generate/token HTTP/1.1
2022-01-26_18:06:45.487 [main] DEBUG org.apache.http.wire -  >> "GET /auth/V1/generate/token HTTP/1.1[\r][\n]"
2022-01-26_18:06:45.488 [main] DEBUG org.apache.http.wire -  >> "Content-Type: application/json; charset=UTF-8[\r][\n]"
2022-01-26_18:06:45.489 [main] DEBUG org.apache.http.wire -  >> "Accept: */*[\r][\n]"
2022-01-26_18:06:45.489 [main] DEBUG org.apache.http.wire -  >> "userName: A0aCcnPzDANtKmvSLPKcaw==[\r][\n]"
2022-01-26_18:06:45.489 [main] DEBUG org.apache.http.wire -  >> "Host: apitest.pineperks.in[\r][\n]"
2022-01-26_18:06:45.490 [main] DEBUG org.apache.http.wire -  >> "Connection: Keep-Alive[\r][\n]"
2022-01-26_18:06:45.490 [main] DEBUG org.apache.http.wire -  >> "User-Agent: Apache-HttpClient/4.5.2 (Java/1.8.0_202)[\r][\n]"
2022-01-26_18:06:45.490 [main] DEBUG org.apache.http.wire -  >> "Accept-Encoding: gzip,deflate[\r][\n]"
2022-01-26_18:06:45.490 [main] DEBUG org.apache.http.wire -  >> "[\r][\n]"
2022-01-26_18:06:45.490 [main] DEBUG org.apache.http.headers - >> GET /auth/V1/generate/token HTTP/1.1
2022-01-26_18:06:45.490 [main] DEBUG org.apache.http.headers - >> Content-Type: application/json; charset=UTF-8
2022-01-26_18:06:45.490 [main] DEBUG org.apache.http.headers - >> Accept: */*
2022-01-26_18:06:45.490 [main] DEBUG org.apache.http.headers - >> userName: A0aCcnPzDANtKmvSLPKcaw==
2022-01-26_18:06:45.491 [main] DEBUG org.apache.http.headers - >> Host: apitest.pineperks.in
2022-01-26_18:06:45.491 [main] DEBUG org.apache.http.headers - >> Connection: Keep-Alive
2022-01-26_18:06:45.491 [main] DEBUG org.apache.http.headers - >> User-Agent: Apache-HttpClient/4.5.2 (Java/1.8.0_202)
2022-01-26_18:06:45.491 [main] DEBUG org.apache.http.headers - >> Accept-Encoding: gzip,deflate
2022-01-26_18:06:45.530 [main] DEBUG org.apache.http.wire -  << "HTTP/1.1 200 [\r][\n]"
2022-01-26_18:06:45.532 [main] DEBUG org.apache.http.wire -  << "Access-Control-Allow-Methods: GET, POST[\r][\n]"
2022-01-26_18:06:45.532 [main] DEBUG org.apache.http.wire -  << "Access-Control-Allow-Origin: *[\r][\n]"
2022-01-26_18:06:45.533 [main] DEBUG org.apache.http.wire -  << "Content-Security-Policy: default-src 'none'[\r][\n]"
2022-01-26_18:06:45.533 [main] DEBUG org.apache.http.wire -  << "Feature-Policy: 'none'[\r][\n]"
2022-01-26_18:06:45.533 [main] DEBUG org.apache.http.wire -  << "Referrer-Policy: no-referrer[\r][\n]"
2022-01-26_18:06:45.533 [main] DEBUG org.apache.http.wire -  << "Strict-Transport-Security: max-age=31536000 ; includeSubDomains[\r][\n]"
2022-01-26_18:06:45.533 [main] DEBUG org.apache.http.wire -  << "Date: Wed, 26 Jan 2022 12:36:45 GMT[\r][\n]"
2022-01-26_18:06:45.533 [main] DEBUG org.apache.http.wire -  << "Keep-Alive: timeout=60[\r][\n]"
2022-01-26_18:06:45.533 [main] DEBUG org.apache.http.wire -  << "Content-Type: application/json[\r][\n]"
2022-01-26_18:06:45.533 [main] DEBUG org.apache.http.wire -  << "Transfer-Encoding: chunked[\r][\n]"
2022-01-26_18:06:45.533 [main] DEBUG org.apache.http.wire -  << "Connection: keep-alive[\r][\n]"
2022-01-26_18:06:45.534 [main] DEBUG org.apache.http.wire -  << "[\r][\n]"
2022-01-26_18:06:45.534 [main] DEBUG o.a.h.i.conn.DefaultClientConnection - Receiving response: HTTP/1.1 200 
2022-01-26_18:06:45.534 [main] DEBUG org.apache.http.headers - << HTTP/1.1 200 
2022-01-26_18:06:45.535 [main] DEBUG org.apache.http.headers - << Access-Control-Allow-Methods: GET, POST
2022-01-26_18:06:45.535 [main] DEBUG org.apache.http.headers - << Access-Control-Allow-Origin: *
2022-01-26_18:06:45.535 [main] DEBUG org.apache.http.headers - << Content-Security-Policy: default-src 'none'
2022-01-26_18:06:45.535 [main] DEBUG org.apache.http.headers - << Feature-Policy: 'none'
2022-01-26_18:06:45.535 [main] DEBUG org.apache.http.headers - << Referrer-Policy: no-referrer
2022-01-26_18:06:45.535 [main] DEBUG org.apache.http.headers - << Strict-Transport-Security: max-age=31536000 ; includeSubDomains
2022-01-26_18:06:45.535 [main] DEBUG org.apache.http.headers - << Date: Wed, 26 Jan 2022 12:36:45 GMT
2022-01-26_18:06:45.535 [main] DEBUG org.apache.http.headers - << Keep-Alive: timeout=60
2022-01-26_18:06:45.535 [main] DEBUG org.apache.http.headers - << Content-Type: application/json
2022-01-26_18:06:45.535 [main] DEBUG org.apache.http.headers - << Transfer-Encoding: chunked
2022-01-26_18:06:45.535 [main] DEBUG org.apache.http.headers - << Connection: keep-alive
2022-01-26_18:06:45.539 [main] DEBUG o.a.h.impl.client.DefaultHttpClient - Connection can be kept alive for 60000 MILLISECONDS
2022-01-26_18:06:45.560 [main] DEBUG i.r.i.RequestSpecificationImpl$RestAssuredHttpBuilder - Parsing response as: application/json
2022-01-26_18:06:45.560 [main] DEBUG i.r.i.RequestSpecificationImpl$RestAssuredHttpBuilder - Parsed data to instance of: class org.apache.http.conn.EofSensorInputStream
2022-01-26_18:06:45.577 [main] INFO  com.qc.BaseAPI - Method :GET
2022-01-26_18:06:45.578 [main] INFO  com.qc.BaseAPI - URI :https://apitest.pineperks.in/auth/V1/generate/token
2022-01-26_18:06:45.578 [main] INFO  com.qc.BaseAPI - Headers :userName=A0aCcnPzDANtKmvSLPKcaw==
Accept=*/*
Content-Type=application/json; charset=UTF-8
2022-01-26_18:06:45.578 [main] INFO  com.qc.BaseAPI - Body :null
2022-01-26_18:06:45.578 [main] INFO  com.qc.BaseAPI - ********************RESPONSE********************
2022-01-26_18:06:45.589 [main] DEBUG org.apache.http.wire -  << "7f[\r][\n]"
2022-01-26_18:06:45.590 [main] DEBUG org.apache.http.wire -  << "{"accessToken":"e8ff3b7ccbc94f8ab17ebca5dbef0591","tokenExpiryTime":"26-Jan-2024","responseCode":0,"responseMessage":"Success"}"
2022-01-26_18:06:45.590 [main] DEBUG org.apache.http.wire -  << "[\r][\n]"
2022-01-26_18:06:45.591 [main] DEBUG org.apache.http.wire -  << "0[\r][\n]"
2022-01-26_18:06:45.591 [main] DEBUG org.apache.http.wire -  << "[\r][\n]"
2022-01-26_18:06:45.591 [main] DEBUG o.a.h.i.c.BasicClientConnectionManager - Releasing connection org.apache.http.impl.conn.ManagedClientConnectionImpl@6e432c80
2022-01-26_18:06:45.591 [main] DEBUG o.a.h.i.c.BasicClientConnectionManager - Connection can be kept alive for 60000 MILLISECONDS
2022-01-26_18:06:45.634 [main] INFO  com.qc.BaseAPI - Response :{
    "accessToken": "e8ff3b7ccbc94f8ab17ebca5dbef0591",
    "tokenExpiryTime": "26-Jan-2024",
    "responseCode": 0,
    "responseMessage": "Success"
}
2022-01-26_18:06:45.638 [main] INFO  com.qc.BaseAPI -  **** GET call Response time 2386 ms
2022-01-26_18:06:45.638 [main] INFO  pl.rest.service.Authorize - Time Taken to perform https://apitest.pineperks.in/auth/V1/generate/token transaction: 2386
2022-01-26_18:06:45.733 [main] INFO  com.qc.qa.utils.TestDataReader - Reading Json data authorizeHeaders
2022-01-26_18:06:45.736 [main] INFO  com.qc.qa.utils.TestDataReader - Reading json data from file @ testData/api/devAPIData.json
2022-01-26_18:06:45.757 [main] INFO  pl.rest.service.CardIssue - CardIssue Rest API URL :- https://apitest.pineperks.in/card/order/V1/instant/issue/nonreloadable/digital
2022-01-26_18:06:45.757 [main] INFO  com.qc.BaseAPI - POST call to URL https://apitest.pineperks.in/card/order/V1/instant/issue/nonreloadable/digital
2022-01-26_18:06:45.769 [main] INFO  com.qc.BaseAPI - ********************REQUEST********************
2022-01-26_18:06:45.809 [main] DEBUG o.a.h.i.c.BasicClientConnectionManager - Get connection for route {s}->https://apitest.pineperks.in:443
2022-01-26_18:06:45.810 [main] DEBUG o.a.h.i.c.DefaultClientConnectionOperator - Connecting to apitest.pineperks.in:443
2022-01-26_18:06:45.943 [main] DEBUG o.a.h.c.protocol.RequestAddCookies - CookieSpec selected: ignoreCookies
2022-01-26_18:06:45.944 [main] DEBUG o.a.h.c.protocol.RequestAuthCache - Auth cache not set in the context
2022-01-26_18:06:45.944 [main] DEBUG o.a.h.c.p.RequestTargetAuthentication - Target auth state: UNCHALLENGED
2022-01-26_18:06:45.944 [main] DEBUG o.a.h.c.p.RequestProxyAuthentication - Proxy auth state: UNCHALLENGED
2022-01-26_18:06:45.944 [main] DEBUG o.a.h.impl.client.DefaultHttpClient - Attempt 1 to execute request
2022-01-26_18:06:45.944 [main] DEBUG o.a.h.i.conn.DefaultClientConnection - Sending request: POST /card/order/V1/instant/issue/nonreloadable/digital HTTP/1.1
2022-01-26_18:06:45.944 [main] DEBUG org.apache.http.wire -  >> "POST /card/order/V1/instant/issue/nonreloadable/digital HTTP/1.1[\r][\n]"
2022-01-26_18:06:45.945 [main] DEBUG org.apache.http.wire -  >> "Accept: */*[\r][\n]"
2022-01-26_18:06:45.945 [main] DEBUG org.apache.http.wire -  >> "userName: A0aCcnPzDANtKmvSLPKcaw==[\r][\n]"
2022-01-26_18:06:45.945 [main] DEBUG org.apache.http.wire -  >> "token: e8ff3b7ccbc94f8ab17ebca5dbef0591[\r][\n]"
2022-01-26_18:06:45.945 [main] DEBUG org.apache.http.wire -  >> "Content-Type: application/json; charset=UTF-8[\r][\n]"
2022-01-26_18:06:45.945 [main] DEBUG org.apache.http.wire -  >> "Content-Length: 241[\r][\n]"
2022-01-26_18:06:45.945 [main] DEBUG org.apache.http.wire -  >> "Host: apitest.pineperks.in[\r][\n]"
2022-01-26_18:06:45.945 [main] DEBUG org.apache.http.wire -  >> "Connection: Keep-Alive[\r][\n]"
2022-01-26_18:06:45.945 [main] DEBUG org.apache.http.wire -  >> "User-Agent: Apache-HttpClient/4.5.2 (Java/1.8.0_202)[\r][\n]"
2022-01-26_18:06:45.945 [main] DEBUG org.apache.http.wire -  >> "Accept-Encoding: gzip,deflate[\r][\n]"
2022-01-26_18:06:45.946 [main] DEBUG org.apache.http.wire -  >> "[\r][\n]"
2022-01-26_18:06:45.946 [main] DEBUG org.apache.http.headers - >> POST /card/order/V1/instant/issue/nonreloadable/digital HTTP/1.1
2022-01-26_18:06:45.946 [main] DEBUG org.apache.http.headers - >> Accept: */*
2022-01-26_18:06:45.946 [main] DEBUG org.apache.http.headers - >> userName: A0aCcnPzDANtKmvSLPKcaw==
2022-01-26_18:06:45.946 [main] DEBUG org.apache.http.headers - >> token: e8ff3b7ccbc94f8ab17ebca5dbef0591
2022-01-26_18:06:45.946 [main] DEBUG org.apache.http.headers - >> Content-Type: application/json; charset=UTF-8
2022-01-26_18:06:45.946 [main] DEBUG org.apache.http.headers - >> Content-Length: 241
2022-01-26_18:06:45.946 [main] DEBUG org.apache.http.headers - >> Host: apitest.pineperks.in
2022-01-26_18:06:45.946 [main] DEBUG org.apache.http.headers - >> Connection: Keep-Alive
2022-01-26_18:06:45.946 [main] DEBUG org.apache.http.headers - >> User-Agent: Apache-HttpClient/4.5.2 (Java/1.8.0_202)
2022-01-26_18:06:45.946 [main] DEBUG org.apache.http.headers - >> Accept-Encoding: gzip,deflate
2022-01-26_18:06:45.947 [main] DEBUG org.apache.http.wire -  >> "{"isLinkToBeSentOnMobile":true,"checksum":"5x3GNrnStyS2PkMvV6EeAw==","cardDetailList":[{"amount":"1000","mobileNumber":"8284854535","customerName":"afzal","email":"afzal.ahmed@pinelabs.com"}],"externalRequestId":"8a9nr1w","cardSchemeId":"7"}"
2022-01-26_18:06:46.245 [main] DEBUG org.apache.http.wire -  << "HTTP/1.1 200 [\r][\n]"
2022-01-26_18:06:46.245 [main] DEBUG org.apache.http.wire -  << "Access-Control-Allow-Methods: GET, POST[\r][\n]"
2022-01-26_18:06:46.245 [main] DEBUG org.apache.http.wire -  << "Access-Control-Allow-Origin: *[\r][\n]"
2022-01-26_18:06:46.246 [main] DEBUG org.apache.http.wire -  << "Content-Security-Policy: default-src 'none'[\r][\n]"
2022-01-26_18:06:46.246 [main] DEBUG org.apache.http.wire -  << "Feature-Policy: 'none'[\r][\n]"
2022-01-26_18:06:46.246 [main] DEBUG org.apache.http.wire -  << "Referrer-Policy: no-referrer[\r][\n]"
2022-01-26_18:06:46.246 [main] DEBUG org.apache.http.wire -  << "Strict-Transport-Security: max-age=31536000 ; includeSubDomains[\r][\n]"
2022-01-26_18:06:46.246 [main] DEBUG org.apache.http.wire -  << "Date: Wed, 26 Jan 2022 12:36:45 GMT[\r][\n]"
2022-01-26_18:06:46.246 [main] DEBUG org.apache.http.wire -  << "Keep-Alive: timeout=60[\r][\n]"
2022-01-26_18:06:46.246 [main] DEBUG org.apache.http.wire -  << "Content-Type: application/json[\r][\n]"
2022-01-26_18:06:46.246 [main] DEBUG org.apache.http.wire -  << "Transfer-Encoding: chunked[\r][\n]"
2022-01-26_18:06:46.246 [main] DEBUG org.apache.http.wire -  << "Connection: keep-alive[\r][\n]"
2022-01-26_18:06:46.246 [main] DEBUG org.apache.http.wire -  << "[\r][\n]"
2022-01-26_18:06:46.246 [main] DEBUG o.a.h.i.conn.DefaultClientConnection - Receiving response: HTTP/1.1 200 
2022-01-26_18:06:46.247 [main] DEBUG org.apache.http.headers - << HTTP/1.1 200 
2022-01-26_18:06:46.247 [main] DEBUG org.apache.http.headers - << Access-Control-Allow-Methods: GET, POST
2022-01-26_18:06:46.247 [main] DEBUG org.apache.http.headers - << Access-Control-Allow-Origin: *
2022-01-26_18:06:46.247 [main] DEBUG org.apache.http.headers - << Content-Security-Policy: default-src 'none'
2022-01-26_18:06:46.247 [main] DEBUG org.apache.http.headers - << Feature-Policy: 'none'
2022-01-26_18:06:46.247 [main] DEBUG org.apache.http.headers - << Referrer-Policy: no-referrer
2022-01-26_18:06:46.247 [main] DEBUG org.apache.http.headers - << Strict-Transport-Security: max-age=31536000 ; includeSubDomains
2022-01-26_18:06:46.247 [main] DEBUG org.apache.http.headers - << Date: Wed, 26 Jan 2022 12:36:45 GMT
2022-01-26_18:06:46.248 [main] DEBUG org.apache.http.headers - << Keep-Alive: timeout=60
2022-01-26_18:06:46.248 [main] DEBUG org.apache.http.headers - << Content-Type: application/json
2022-01-26_18:06:46.248 [main] DEBUG org.apache.http.headers - << Transfer-Encoding: chunked
2022-01-26_18:06:46.248 [main] DEBUG org.apache.http.headers - << Connection: keep-alive
2022-01-26_18:06:46.248 [main] DEBUG o.a.h.impl.client.DefaultHttpClient - Connection can be kept alive for 60000 MILLISECONDS
2022-01-26_18:06:46.249 [main] DEBUG i.r.i.RequestSpecificationImpl$RestAssuredHttpBuilder - Parsing response as: application/json
2022-01-26_18:06:46.249 [main] DEBUG i.r.i.RequestSpecificationImpl$RestAssuredHttpBuilder - Parsed data to instance of: class org.apache.http.conn.EofSensorInputStream
2022-01-26_18:06:46.250 [main] INFO  com.qc.BaseAPI - Method :POST
2022-01-26_18:06:46.253 [main] INFO  com.qc.BaseAPI - URI :https://apitest.pineperks.in/card/order/V1/instant/issue/nonreloadable/digital
2022-01-26_18:06:46.253 [main] INFO  com.qc.BaseAPI - Headers :token=e8ff3b7ccbc94f8ab17ebca5dbef0591
userName=A0aCcnPzDANtKmvSLPKcaw==
Accept=*/*
Content-Type=application/json; charset=UTF-8
2022-01-26_18:06:46.253 [main] INFO  com.qc.BaseAPI - Body :{"isLinkToBeSentOnMobile":true,"checksum":"5x3GNrnStyS2PkMvV6EeAw==","cardDetailList":[{"amount":"1000","mobileNumber":"8284854535","customerName":"afzal","email":"afzal.ahmed@pinelabs.com"}],"externalRequestId":"8a9nr1w","cardSchemeId":"7"}
2022-01-26_18:06:46.254 [main] INFO  com.qc.BaseAPI - ********************RESPONSE********************
2022-01-26_18:06:46.254 [main] DEBUG org.apache.http.wire -  << "1f2[\r][\n]"
2022-01-26_18:06:46.254 [main] DEBUG org.apache.http.wire -  << "{"externalRequestId":"8a9nr1w","orderId":103010,"orderStatus":6,"cardDetailResponseList":[{"referenceNumber":8636866139,"serialNumber":10301000010001,"customerName":"afzal","mobileNumber":8284854535,"email":"afzal.ahmed@pinelabs.com","amount":1000,"cardLink":"test.pineperks.in/eCard?c=GpbKOdN0jepw06t3Ig9fgA2","responseCode":0,"responseMessage":"Success"}],"successCount":1,"failedCount":0,"orderAmount":1000,"issuanceCharge":100,"netOrderAmount":1100,"responseCode":0,"responseMessage":"Success"}"
2022-01-26_18:06:46.254 [main] DEBUG org.apache.http.wire -  << "[\r][\n]"
2022-01-26_18:06:46.254 [main] DEBUG org.apache.http.wire -  << "0[\r][\n]"
2022-01-26_18:06:46.254 [main] DEBUG org.apache.http.wire -  << "[\r][\n]"
2022-01-26_18:06:46.254 [main] DEBUG o.a.h.i.c.BasicClientConnectionManager - Releasing connection org.apache.http.impl.conn.ManagedClientConnectionImpl@2899f9e9
2022-01-26_18:06:46.255 [main] DEBUG o.a.h.i.c.BasicClientConnectionManager - Connection can be kept alive for 60000 MILLISECONDS
2022-01-26_18:06:46.257 [main] INFO  com.qc.BaseAPI - Response :{
    "externalRequestId": "8a9nr1w",
    "orderId": 103010,
    "orderStatus": 6,
    "cardDetailResponseList": [
        {
            "referenceNumber": 8636866139,
            "serialNumber": 10301000010001,
            "customerName": "afzal",
            "mobileNumber": 8284854535,
            "email": "afzal.ahmed@pinelabs.com",
            "amount": 1000,
            "cardLink": "test.pineperks.in/eCard?c=GpbKOdN0jepw06t3Ig9fgA2",
            "responseCode": 0,
            "responseMessage": "Success"
        }
    ],
    "successCount": 1,
    "failedCount": 0,
    "orderAmount": 1000,
    "issuanceCharge": 100,
    "netOrderAmount": 1100,
    "responseCode": 0,
    "responseMessage": "Success"
}
2022-01-26_18:06:46.257 [main] INFO  com.qc.BaseAPI -  **** POST call Response time 477 ms
2022-01-26_18:06:46.257 [main] INFO  pl.rest.service.CardIssue - Time Taken to perform https://apitest.pineperks.in/card/order/V1/instant/issue/nonreloadable/digital transaction: 477
2022-01-26_18:06:46.837 [main] INFO  pl.rest.utils.DBUtils - Query being executed Select * from ExternalRequestDetail where ordersummaryid=103010;
2022-01-26_18:06:46.876 [main] ERROR com.qc.qa.utils.LoadProperties - Missing MySQLDBEnvironment property value in system property or in config.properties files.Please add it if incase required
2022-01-26_18:06:46.876 [main] INFO  com.qc.qa.dbutils.DBPoolProvider - Con pool Total - 400, idle - 0,  Num active - 0
2022-01-26_18:06:46.877 [main] INFO  com.qc.qa.dbutils.DBPoolProvider - Retrieved connection
2022-01-26_18:06:47.670 [main] INFO  pl.rest.utils.DBUtils - Query being executed Select * from ordersummary where ordersummaryid=103010;
2022-01-26_18:06:47.671 [main] INFO  com.qc.qa.dbutils.DBPoolProvider - Con pool Total - 400, idle - 1,  Num active - 0
2022-01-26_18:06:47.672 [main] INFO  com.qc.qa.dbutils.DBPoolProvider - Retrieved connection
2022-01-26_18:06:47.781 [main] INFO  pl.rest.utils.DBUtils - Query being executed Select * from giftcardtransaction where ordersummaryid=103010;
2022-01-26_18:06:47.781 [main] INFO  com.qc.qa.dbutils.DBPoolProvider - Con pool Total - 400, idle - 1,  Num active - 0
2022-01-26_18:06:47.781 [main] INFO  com.qc.qa.dbutils.DBPoolProvider - Retrieved connection
2022-01-26_18:06:47.909 [main] INFO  pl.rest.utils.DBUtils - Query being executed Select * from corporateaccounthistory where ordersummaryid=103010;
2022-01-26_18:06:47.910 [main] INFO  com.qc.qa.dbutils.DBPoolProvider - Con pool Total - 400, idle - 1,  Num active - 0
2022-01-26_18:06:47.910 [main] INFO  com.qc.qa.dbutils.DBPoolProvider - Retrieved connection
2022-01-26_18:06:47.998 [main] INFO  pl.rest.utils.DBUtils - Query being executed Select * from card where ordersummaryid=103010;
2022-01-26_18:06:47.999 [main] INFO  com.qc.qa.dbutils.DBPoolProvider - Con pool Total - 400, idle - 1,  Num active - 0
2022-01-26_18:06:47.999 [main] INFO  com.qc.qa.dbutils.DBPoolProvider - Retrieved connection
2022-01-26_18:06:48.131 [main] INFO  pl.rest.CustomHooks - SCENARIO NAME: Issuing a instant non reloadable card
2022-01-26_18:06:48.132 [main] INFO  pl.rest.CustomHooks - TAG NAMEs: [@Regression, @DB]
2022-01-26_18:06:48.132 [main] INFO  pl.rest.CustomHooks - SCENARIO NAME: Issuing a instant non reloadable card
2022-01-26_18:06:48.133 [main] INFO  pl.rest.CustomHooks - TAG NAMEs: [@Regression, @DB]
2022-01-26_18:06:48.134 [main] INFO  pl.rest.CustomHooks - Index: 0, Size: 0
2022-01-26_18:06:48.300 [main] INFO  pl.rest.service.Authorize - Authorize Rest API URL :- https://apitest.pineperks.in/auth/V1/generate/token
2022-01-26_18:06:48.301 [main] INFO  com.qc.BaseAPI - GET call to URL https://apitest.pineperks.in/auth/V1/generate/token
2022-01-26_18:06:48.307 [main] INFO  com.qc.BaseAPI - ********************REQUEST********************
2022-01-26_18:06:48.439 [Finalizer] DEBUG o.a.h.i.conn.DefaultClientConnection - Connection 0.0.0.0:50651<->14.143.120.84:443 closed
2022-01-26_18:06:48.440 [Finalizer] DEBUG o.a.h.i.conn.DefaultClientConnection - Connection 0.0.0.0:50652<->14.143.120.84:443 closed
2022-01-26_18:06:48.445 [main] DEBUG o.a.h.i.c.BasicClientConnectionManager - Get connection for route {s}->https://apitest.pineperks.in:443
2022-01-26_18:06:48.446 [main] DEBUG o.a.h.i.c.DefaultClientConnectionOperator - Connecting to apitest.pineperks.in:443
2022-01-26_18:06:48.551 [main] DEBUG o.a.h.c.protocol.RequestAddCookies - CookieSpec selected: ignoreCookies
2022-01-26_18:06:48.551 [main] DEBUG o.a.h.c.protocol.RequestAuthCache - Auth cache not set in the context
2022-01-26_18:06:48.552 [main] DEBUG o.a.h.c.p.RequestTargetAuthentication - Target auth state: UNCHALLENGED
2022-01-26_18:06:48.552 [main] DEBUG o.a.h.c.p.RequestProxyAuthentication - Proxy auth state: UNCHALLENGED
2022-01-26_18:06:48.552 [main] DEBUG o.a.h.impl.client.DefaultHttpClient - Attempt 1 to execute request
2022-01-26_18:06:48.552 [main] DEBUG o.a.h.i.conn.DefaultClientConnection - Sending request: GET /auth/V1/generate/token HTTP/1.1
2022-01-26_18:06:48.552 [main] DEBUG org.apache.http.wire -  >> "GET /auth/V1/generate/token HTTP/1.1[\r][\n]"
2022-01-26_18:06:48.553 [main] DEBUG org.apache.http.wire -  >> "Content-Type: application/json; charset=UTF-8[\r][\n]"
2022-01-26_18:06:48.553 [main] DEBUG org.apache.http.wire -  >> "Accept: */*[\r][\n]"
2022-01-26_18:06:48.553 [main] DEBUG org.apache.http.wire -  >> "userName: A0aCcnPzDANtKmvSLPKcaw==[\r][\n]"
2022-01-26_18:06:48.553 [main] DEBUG org.apache.http.wire -  >> "Host: apitest.pineperks.in[\r][\n]"
2022-01-26_18:06:48.554 [main] DEBUG org.apache.http.wire -  >> "Connection: Keep-Alive[\r][\n]"
2022-01-26_18:06:48.554 [main] DEBUG org.apache.http.wire -  >> "User-Agent: Apache-HttpClient/4.5.2 (Java/1.8.0_202)[\r][\n]"
2022-01-26_18:06:48.554 [main] DEBUG org.apache.http.wire -  >> "Accept-Encoding: gzip,deflate[\r][\n]"
2022-01-26_18:06:48.554 [main] DEBUG org.apache.http.wire -  >> "[\r][\n]"
2022-01-26_18:06:48.554 [main] DEBUG org.apache.http.headers - >> GET /auth/V1/generate/token HTTP/1.1
2022-01-26_18:06:48.554 [main] DEBUG org.apache.http.headers - >> Content-Type: application/json; charset=UTF-8
2022-01-26_18:06:48.554 [main] DEBUG org.apache.http.headers - >> Accept: */*
2022-01-26_18:06:48.554 [main] DEBUG org.apache.http.headers - >> userName: A0aCcnPzDANtKmvSLPKcaw==
2022-01-26_18:06:48.554 [main] DEBUG org.apache.http.headers - >> Host: apitest.pineperks.in
2022-01-26_18:06:48.554 [main] DEBUG org.apache.http.headers - >> Connection: Keep-Alive
2022-01-26_18:06:48.554 [main] DEBUG org.apache.http.headers - >> User-Agent: Apache-HttpClient/4.5.2 (Java/1.8.0_202)
2022-01-26_18:06:48.554 [main] DEBUG org.apache.http.headers - >> Accept-Encoding: gzip,deflate
2022-01-26_18:06:48.583 [main] DEBUG org.apache.http.wire -  << "HTTP/1.1 200 [\r][\n]"
2022-01-26_18:06:48.584 [main] DEBUG org.apache.http.wire -  << "Access-Control-Allow-Methods: GET, POST[\r][\n]"
2022-01-26_18:06:48.584 [main] DEBUG org.apache.http.wire -  << "Access-Control-Allow-Origin: *[\r][\n]"
2022-01-26_18:06:48.584 [main] DEBUG org.apache.http.wire -  << "Content-Security-Policy: default-src 'none'[\r][\n]"
2022-01-26_18:06:48.585 [main] DEBUG org.apache.http.wire -  << "Feature-Policy: 'none'[\r][\n]"
2022-01-26_18:06:48.586 [main] DEBUG org.apache.http.wire -  << "Referrer-Policy: no-referrer[\r][\n]"
2022-01-26_18:06:48.586 [main] DEBUG org.apache.http.wire -  << "Strict-Transport-Security: max-age=31536000 ; includeSubDomains[\r][\n]"
2022-01-26_18:06:48.586 [main] DEBUG org.apache.http.wire -  << "Date: Wed, 26 Jan 2022 12:36:48 GMT[\r][\n]"
2022-01-26_18:06:48.586 [main] DEBUG org.apache.http.wire -  << "Keep-Alive: timeout=60[\r][\n]"
2022-01-26_18:06:48.587 [main] DEBUG org.apache.http.wire -  << "Content-Type: application/json[\r][\n]"
2022-01-26_18:06:48.587 [main] DEBUG org.apache.http.wire -  << "Transfer-Encoding: chunked[\r][\n]"
2022-01-26_18:06:48.587 [main] DEBUG org.apache.http.wire -  << "Connection: keep-alive[\r][\n]"
2022-01-26_18:06:48.587 [main] DEBUG org.apache.http.wire -  << "[\r][\n]"
2022-01-26_18:06:48.587 [main] DEBUG o.a.h.i.conn.DefaultClientConnection - Receiving response: HTTP/1.1 200 
2022-01-26_18:06:48.587 [main] DEBUG org.apache.http.headers - << HTTP/1.1 200 
2022-01-26_18:06:48.587 [main] DEBUG org.apache.http.headers - << Access-Control-Allow-Methods: GET, POST
2022-01-26_18:06:48.588 [main] DEBUG org.apache.http.headers - << Access-Control-Allow-Origin: *
2022-01-26_18:06:48.588 [main] DEBUG org.apache.http.headers - << Content-Security-Policy: default-src 'none'
2022-01-26_18:06:48.588 [main] DEBUG org.apache.http.headers - << Feature-Policy: 'none'
2022-01-26_18:06:48.588 [main] DEBUG org.apache.http.headers - << Referrer-Policy: no-referrer
2022-01-26_18:06:48.588 [main] DEBUG org.apache.http.headers - << Strict-Transport-Security: max-age=31536000 ; includeSubDomains
2022-01-26_18:06:48.588 [main] DEBUG org.apache.http.headers - << Date: Wed, 26 Jan 2022 12:36:48 GMT
2022-01-26_18:06:48.589 [main] DEBUG org.apache.http.headers - << Keep-Alive: timeout=60
2022-01-26_18:06:48.589 [main] DEBUG org.apache.http.headers - << Content-Type: application/json
2022-01-26_18:06:48.589 [main] DEBUG org.apache.http.headers - << Transfer-Encoding: chunked
2022-01-26_18:06:48.589 [main] DEBUG org.apache.http.headers - << Connection: keep-alive
2022-01-26_18:06:48.589 [main] DEBUG o.a.h.impl.client.DefaultHttpClient - Connection can be kept alive for 60000 MILLISECONDS
2022-01-26_18:06:48.590 [main] DEBUG i.r.i.RequestSpecificationImpl$RestAssuredHttpBuilder - Parsing response as: application/json
2022-01-26_18:06:48.590 [main] DEBUG i.r.i.RequestSpecificationImpl$RestAssuredHttpBuilder - Parsed data to instance of: class org.apache.http.conn.EofSensorInputStream
2022-01-26_18:06:48.591 [main] INFO  com.qc.BaseAPI - Method :GET
2022-01-26_18:06:48.592 [main] INFO  com.qc.BaseAPI - URI :https://apitest.pineperks.in/auth/V1/generate/token
2022-01-26_18:06:48.593 [main] INFO  com.qc.BaseAPI - Headers :userName=A0aCcnPzDANtKmvSLPKcaw==
Accept=*/*
Content-Type=application/json; charset=UTF-8
2022-01-26_18:06:48.593 [main] INFO  com.qc.BaseAPI - Body :null
2022-01-26_18:06:48.593 [main] INFO  com.qc.BaseAPI - ********************RESPONSE********************
2022-01-26_18:06:48.593 [main] DEBUG org.apache.http.wire -  << "7f[\r][\n]"
2022-01-26_18:06:48.593 [main] DEBUG org.apache.http.wire -  << "{"accessToken":"624377dbb75c4fc4ba5aac54f3e80afb","tokenExpiryTime":"26-Jan-2024","responseCode":0,"responseMessage":"Success"}"
2022-01-26_18:06:48.593 [main] DEBUG org.apache.http.wire -  << "[\r][\n]"
2022-01-26_18:06:48.594 [main] DEBUG org.apache.http.wire -  << "0[\r][\n]"
2022-01-26_18:06:48.594 [main] DEBUG org.apache.http.wire -  << "[\r][\n]"
2022-01-26_18:06:48.594 [main] DEBUG o.a.h.i.c.BasicClientConnectionManager - Releasing connection org.apache.http.impl.conn.ManagedClientConnectionImpl@6a3ebb18
2022-01-26_18:06:48.594 [main] DEBUG o.a.h.i.c.BasicClientConnectionManager - Connection can be kept alive for 60000 MILLISECONDS
2022-01-26_18:06:48.595 [main] INFO  com.qc.BaseAPI - Response :{
    "accessToken": "624377dbb75c4fc4ba5aac54f3e80afb",
    "tokenExpiryTime": "26-Jan-2024",
    "responseCode": 0,
    "responseMessage": "Success"
}
2022-01-26_18:06:48.595 [main] INFO  com.qc.BaseAPI -  **** GET call Response time 281 ms
2022-01-26_18:06:48.595 [main] INFO  pl.rest.service.Authorize - Time Taken to perform https://apitest.pineperks.in/auth/V1/generate/token transaction: 281
2022-01-26_18:06:48.602 [main] INFO  com.qc.qa.utils.TestDataReader - Reading Json data authorizeHeaders
2022-01-26_18:06:48.609 [main] INFO  com.qc.qa.utils.TestDataReader - Reading json data from file @ testData/api/devAPIData.json
2022-01-26_18:06:48.614 [main] INFO  pl.rest.service.CardIssue - CardIssue Rest API URL :- https://apitest.pineperks.in/card/order/V2/instant/issue/nonreloadable/digital
2022-01-26_18:06:48.615 [main] INFO  com.qc.BaseAPI - POST call to URL https://apitest.pineperks.in/card/order/V2/instant/issue/nonreloadable/digital
2022-01-26_18:06:48.625 [main] INFO  com.qc.BaseAPI - ********************REQUEST********************
2022-01-26_18:06:48.642 [main] DEBUG o.a.h.i.c.BasicClientConnectionManager - Get connection for route {s}->https://apitest.pineperks.in:443
2022-01-26_18:06:48.642 [main] DEBUG o.a.h.i.c.DefaultClientConnectionOperator - Connecting to apitest.pineperks.in:443
2022-01-26_18:06:48.768 [main] DEBUG o.a.h.c.protocol.RequestAddCookies - CookieSpec selected: ignoreCookies
2022-01-26_18:06:48.769 [main] DEBUG o.a.h.c.protocol.RequestAuthCache - Auth cache not set in the context
2022-01-26_18:06:48.769 [main] DEBUG o.a.h.c.p.RequestTargetAuthentication - Target auth state: UNCHALLENGED
2022-01-26_18:06:48.769 [main] DEBUG o.a.h.c.p.RequestProxyAuthentication - Proxy auth state: UNCHALLENGED
2022-01-26_18:06:48.769 [main] DEBUG o.a.h.impl.client.DefaultHttpClient - Attempt 1 to execute request
2022-01-26_18:06:48.770 [main] DEBUG o.a.h.i.conn.DefaultClientConnection - Sending request: POST /card/order/V2/instant/issue/nonreloadable/digital HTTP/1.1
2022-01-26_18:06:48.770 [main] DEBUG org.apache.http.wire -  >> "POST /card/order/V2/instant/issue/nonreloadable/digital HTTP/1.1[\r][\n]"
2022-01-26_18:06:48.770 [main] DEBUG org.apache.http.wire -  >> "X-PinePerks-UserName: A0aCcnPzDANtKmvSLPKcaw==[\r][\n]"
2022-01-26_18:06:48.770 [main] DEBUG org.apache.http.wire -  >> "Accept: */*[\r][\n]"
2022-01-26_18:06:48.770 [main] DEBUG org.apache.http.wire -  >> "X-PinePerks-Token: 624377dbb75c4fc4ba5aac54f3e80afb[\r][\n]"
2022-01-26_18:06:48.770 [main] DEBUG org.apache.http.wire -  >> "Content-Type: application/json; charset=UTF-8[\r][\n]"
2022-01-26_18:06:48.770 [main] DEBUG org.apache.http.wire -  >> "Content-Length: 211[\r][\n]"
2022-01-26_18:06:48.771 [main] DEBUG org.apache.http.wire -  >> "Host: apitest.pineperks.in[\r][\n]"
2022-01-26_18:06:48.771 [main] DEBUG org.apache.http.wire -  >> "Connection: Keep-Alive[\r][\n]"
2022-01-26_18:06:48.771 [main] DEBUG org.apache.http.wire -  >> "User-Agent: Apache-HttpClient/4.5.2 (Java/1.8.0_202)[\r][\n]"
2022-01-26_18:06:48.771 [main] DEBUG org.apache.http.wire -  >> "Accept-Encoding: gzip,deflate[\r][\n]"
2022-01-26_18:06:48.771 [main] DEBUG org.apache.http.wire -  >> "[\r][\n]"
2022-01-26_18:06:48.771 [main] DEBUG org.apache.http.headers - >> POST /card/order/V2/instant/issue/nonreloadable/digital HTTP/1.1
2022-01-26_18:06:48.772 [main] DEBUG org.apache.http.headers - >> X-PinePerks-UserName: A0aCcnPzDANtKmvSLPKcaw==
2022-01-26_18:06:48.772 [main] DEBUG org.apache.http.headers - >> Accept: */*
2022-01-26_18:06:48.772 [main] DEBUG org.apache.http.headers - >> X-PinePerks-Token: 624377dbb75c4fc4ba5aac54f3e80afb
2022-01-26_18:06:48.772 [main] DEBUG org.apache.http.headers - >> Content-Type: application/json; charset=UTF-8
2022-01-26_18:06:48.772 [main] DEBUG org.apache.http.headers - >> Content-Length: 211
2022-01-26_18:06:48.772 [main] DEBUG org.apache.http.headers - >> Host: apitest.pineperks.in
2022-01-26_18:06:48.772 [main] DEBUG org.apache.http.headers - >> Connection: Keep-Alive
2022-01-26_18:06:48.772 [main] DEBUG org.apache.http.headers - >> User-Agent: Apache-HttpClient/4.5.2 (Java/1.8.0_202)
2022-01-26_18:06:48.772 [main] DEBUG org.apache.http.headers - >> Accept-Encoding: gzip,deflate
2022-01-26_18:06:48.773 [main] DEBUG org.apache.http.wire -  >> "{"checksum":"5x3GNrnStyS2PkMvV6EeAw==","cardDetailList":[{"amount":"1000","mobileNumber":"8284854535","customerName":"afzal","email":"afzal.ahmed@pinelabs.com"}],"externalRequestId":"JvPes8p","cardSchemeId":"7"}"
2022-01-26_18:06:49.064 [main] DEBUG org.apache.http.wire -  << "HTTP/1.1 200 [\r][\n]"
2022-01-26_18:06:49.065 [main] DEBUG org.apache.http.wire -  << "Access-Control-Allow-Methods: GET, POST[\r][\n]"
2022-01-26_18:06:49.065 [main] DEBUG org.apache.http.wire -  << "Access-Control-Allow-Origin: *[\r][\n]"
2022-01-26_18:06:49.065 [main] DEBUG org.apache.http.wire -  << "Content-Security-Policy: default-src 'none'[\r][\n]"
2022-01-26_18:06:49.065 [main] DEBUG org.apache.http.wire -  << "Feature-Policy: 'none'[\r][\n]"
2022-01-26_18:06:49.065 [main] DEBUG org.apache.http.wire -  << "Referrer-Policy: no-referrer[\r][\n]"
2022-01-26_18:06:49.065 [main] DEBUG org.apache.http.wire -  << "Strict-Transport-Security: max-age=31536000 ; includeSubDomains[\r][\n]"
2022-01-26_18:06:49.065 [main] DEBUG org.apache.http.wire -  << "Date: Wed, 26 Jan 2022 12:36:48 GMT[\r][\n]"
2022-01-26_18:06:49.065 [main] DEBUG org.apache.http.wire -  << "Keep-Alive: timeout=60[\r][\n]"
2022-01-26_18:06:49.065 [main] DEBUG org.apache.http.wire -  << "Content-Type: application/json[\r][\n]"
2022-01-26_18:06:49.065 [main] DEBUG org.apache.http.wire -  << "Transfer-Encoding: chunked[\r][\n]"
2022-01-26_18:06:49.065 [main] DEBUG org.apache.http.wire -  << "Connection: keep-alive[\r][\n]"
2022-01-26_18:06:49.065 [main] DEBUG org.apache.http.wire -  << "[\r][\n]"
2022-01-26_18:06:49.065 [main] DEBUG o.a.h.i.conn.DefaultClientConnection - Receiving response: HTTP/1.1 200 
2022-01-26_18:06:49.066 [main] DEBUG org.apache.http.headers - << HTTP/1.1 200 
2022-01-26_18:06:49.066 [main] DEBUG org.apache.http.headers - << Access-Control-Allow-Methods: GET, POST
2022-01-26_18:06:49.066 [main] DEBUG org.apache.http.headers - << Access-Control-Allow-Origin: *
2022-01-26_18:06:49.066 [main] DEBUG org.apache.http.headers - << Content-Security-Policy: default-src 'none'
2022-01-26_18:06:49.066 [main] DEBUG org.apache.http.headers - << Feature-Policy: 'none'
2022-01-26_18:06:49.066 [main] DEBUG org.apache.http.headers - << Referrer-Policy: no-referrer
2022-01-26_18:06:49.066 [main] DEBUG org.apache.http.headers - << Strict-Transport-Security: max-age=31536000 ; includeSubDomains
2022-01-26_18:06:49.066 [main] DEBUG org.apache.http.headers - << Date: Wed, 26 Jan 2022 12:36:48 GMT
2022-01-26_18:06:49.066 [main] DEBUG org.apache.http.headers - << Keep-Alive: timeout=60
2022-01-26_18:06:49.066 [main] DEBUG org.apache.http.headers - << Content-Type: application/json
2022-01-26_18:06:49.066 [main] DEBUG org.apache.http.headers - << Transfer-Encoding: chunked
2022-01-26_18:06:49.066 [main] DEBUG org.apache.http.headers - << Connection: keep-alive
2022-01-26_18:06:49.066 [main] DEBUG o.a.h.impl.client.DefaultHttpClient - Connection can be kept alive for 60000 MILLISECONDS
2022-01-26_18:06:49.067 [main] DEBUG i.r.i.RequestSpecificationImpl$RestAssuredHttpBuilder - Parsing response as: application/json
2022-01-26_18:06:49.067 [main] DEBUG i.r.i.RequestSpecificationImpl$RestAssuredHttpBuilder - Parsed data to instance of: class org.apache.http.conn.EofSensorInputStream
2022-01-26_18:06:49.067 [main] INFO  com.qc.BaseAPI - Method :POST
2022-01-26_18:06:49.069 [main] INFO  com.qc.BaseAPI - URI :https://apitest.pineperks.in/card/order/V2/instant/issue/nonreloadable/digital
2022-01-26_18:06:49.069 [main] INFO  com.qc.BaseAPI - Headers :X-PinePerks-Token=624377dbb75c4fc4ba5aac54f3e80afb
X-PinePerks-UserName=A0aCcnPzDANtKmvSLPKcaw==
Accept=*/*
Content-Type=application/json; charset=UTF-8
2022-01-26_18:06:49.069 [main] INFO  com.qc.BaseAPI - Body :{"checksum":"5x3GNrnStyS2PkMvV6EeAw==","cardDetailList":[{"amount":"1000","mobileNumber":"8284854535","customerName":"afzal","email":"afzal.ahmed@pinelabs.com"}],"externalRequestId":"JvPes8p","cardSchemeId":"7"}
2022-01-26_18:06:49.069 [main] INFO  com.qc.BaseAPI - ********************RESPONSE********************
2022-01-26_18:06:49.070 [main] DEBUG org.apache.http.wire -  << "1f2[\r][\n]"
2022-01-26_18:06:49.070 [main] DEBUG org.apache.http.wire -  << "{"externalRequestId":"JvPes8p","orderId":103011,"orderStatus":6,"cardDetailResponseList":[{"referenceNumber":1667971662,"serialNumber":10301100010001,"customerName":"afzal","mobileNumber":8284854535,"email":"afzal.ahmed@pinelabs.com","amount":1000,"cardLink":"test.pineperks.in/eCard?c=mhgkhJmUq27-6USXLdJy2Q2","responseCode":0,"responseMessage":"Success"}],"successCount":1,"failedCount":0,"orderAmount":1000,"issuanceCharge":100,"netOrderAmount":1100,"responseCode":0,"responseMessage":"Success"}"
2022-01-26_18:06:49.070 [main] DEBUG org.apache.http.wire -  << "[\r][\n]"
2022-01-26_18:06:49.070 [main] DEBUG org.apache.http.wire -  << "0[\r][\n]"
2022-01-26_18:06:49.070 [main] DEBUG org.apache.http.wire -  << "[\r][\n]"
2022-01-26_18:06:49.070 [main] DEBUG o.a.h.i.c.BasicClientConnectionManager - Releasing connection org.apache.http.impl.conn.ManagedClientConnectionImpl@549a5b0c
2022-01-26_18:06:49.070 [main] DEBUG o.a.h.i.c.BasicClientConnectionManager - Connection can be kept alive for 60000 MILLISECONDS
2022-01-26_18:06:49.072 [main] INFO  com.qc.BaseAPI - Response :{
    "externalRequestId": "JvPes8p",
    "orderId": 103011,
    "orderStatus": 6,
    "cardDetailResponseList": [
        {
            "referenceNumber": 1667971662,
            "serialNumber": 10301100010001,
            "customerName": "afzal",
            "mobileNumber": 8284854535,
            "email": "afzal.ahmed@pinelabs.com",
            "amount": 1000,
            "cardLink": "test.pineperks.in/eCard?c=mhgkhJmUq27-6USXLdJy2Q2",
            "responseCode": 0,
            "responseMessage": "Success"
        }
    ],
    "successCount": 1,
    "failedCount": 0,
    "orderAmount": 1000,
    "issuanceCharge": 100,
    "netOrderAmount": 1100,
    "responseCode": 0,
    "responseMessage": "Success"
}
2022-01-26_18:06:49.072 [main] INFO  com.qc.BaseAPI -  **** POST call Response time 440 ms
2022-01-26_18:06:49.072 [main] INFO  pl.rest.service.CardIssue - Time Taken to perform https://apitest.pineperks.in/card/order/V2/instant/issue/nonreloadable/digital transaction: 440
