2022-01-26_00:12:38.569 [main] INFO  com.qc.CukeBase - Cucumber Before web scenario - Validating the response JSON schema for V2.
2022-01-26_00:12:38.600 [main] INFO  i.g.bonigarcia.wdm.WebDriverManager - Please answer the following questionnaire based on your experience with WebDriverManager. Thanks a lot!
2022-01-26_00:12:38.601 [main] INFO  i.g.bonigarcia.wdm.WebDriverManager - ====> http://tiny.cc/wdm-survey <====
2022-01-26_00:12:40.172 [main] INFO  i.g.bonigarcia.wdm.WebDriverManager - Using chromedriver 97.0.4692.71 (since Chrome 97 is installed in your machine)
2022-01-26_00:12:40.187 [main] DEBUG i.g.bonigarcia.wdm.WebDriverManager - Driver chromedriver 97.0.4692.71 found in cache
2022-01-26_00:12:40.188 [main] INFO  i.g.bonigarcia.wdm.WebDriverManager - Exporting webdriver.chrome.driver as C:\Users\afzal.ahmed\.m2\repository\webdriver\chromedriver\win32\97.0.4692.71\chromedriver.exe
2022-01-26_00:12:41.364 [main] INFO  com.qc.qa.drivers.ChromeDriverManger - Chrome service started
2022-01-26_00:12:45.092 [main] INFO  com.qc.CukeBase - Set new webDriver
2022-01-26_00:12:45.093 [main] INFO  com.qc.CukeBase - Getting webDriver
2022-01-26_00:12:45.511 [main] INFO  com.qc.CukeBase - Getting webDriver
2022-01-26_00:12:45.516 [main] INFO  pl.rest.CustomHooks - SCENARIO NAME: Validating the response JSON schema for V2.
2022-01-26_00:12:45.516 [main] INFO  pl.rest.CustomHooks - TAG NAMEs: [@Regression, @Web]
2022-01-26_00:12:45.517 [main] INFO  pl.rest.CustomHooks - SCENARIO NAME: Validating the response JSON schema for V2.
2022-01-26_00:12:45.517 [main] INFO  pl.rest.CustomHooks - TAG NAMEs: [@Regression, @Web]
2022-01-26_00:12:45.518 [main] INFO  pl.rest.CustomHooks - Index: 0, Size: 0
2022-01-26_00:12:46.600 [main] INFO  com.qc.qa.utils.TestDataReader - Reading API Test Data config values from  testData/api/devAPITestData.properties
2022-01-26_00:12:46.604 [main] INFO  pl.rest.service.Authorize - Authorize Rest API URL :- https://apitest.pineperks.in/auth/V2/generate/token
2022-01-26_00:12:46.605 [main] INFO  com.qc.BaseAPI - GET call to URL https://apitest.pineperks.in/auth/V2/generate/token
2022-01-26_00:12:46.799 [main] INFO  com.qc.BaseAPI - ********************REQUEST********************
2022-01-26_00:12:47.184 [main] DEBUG o.a.h.i.c.BasicClientConnectionManager - Get connection for route {s}->https://apitest.pineperks.in:443
2022-01-26_00:12:47.208 [main] DEBUG o.a.h.i.c.DefaultClientConnectionOperator - Connecting to apitest.pineperks.in:443
2022-01-26_00:12:47.456 [main] DEBUG o.a.h.c.protocol.RequestAddCookies - CookieSpec selected: ignoreCookies
2022-01-26_00:12:47.457 [main] DEBUG o.a.h.c.protocol.RequestAuthCache - Auth cache not set in the context
2022-01-26_00:12:47.458 [main] DEBUG o.a.h.c.p.RequestTargetAuthentication - Target auth state: UNCHALLENGED
2022-01-26_00:12:47.460 [main] DEBUG o.a.h.c.p.RequestProxyAuthentication - Proxy auth state: UNCHALLENGED
2022-01-26_00:12:47.460 [main] DEBUG o.a.h.impl.client.DefaultHttpClient - Attempt 1 to execute request
2022-01-26_00:12:47.460 [main] DEBUG o.a.h.i.conn.DefaultClientConnection - Sending request: GET /auth/V2/generate/token HTTP/1.1
2022-01-26_00:12:47.461 [main] DEBUG org.apache.http.wire -  >> "GET /auth/V2/generate/token HTTP/1.1[\r][\n]"
2022-01-26_00:12:47.462 [main] DEBUG org.apache.http.wire -  >> "Content-Type: application/json; charset=UTF-8[\r][\n]"
2022-01-26_00:12:47.462 [main] DEBUG org.apache.http.wire -  >> "X-PinePerks-UserName: A0aCcnPzDANtKmvSLPKcaw==[\r][\n]"
2022-01-26_00:12:47.463 [main] DEBUG org.apache.http.wire -  >> "Accept: */*[\r][\n]"
2022-01-26_00:12:47.463 [main] DEBUG org.apache.http.wire -  >> "Host: apitest.pineperks.in[\r][\n]"
2022-01-26_00:12:47.463 [main] DEBUG org.apache.http.wire -  >> "Connection: Keep-Alive[\r][\n]"
2022-01-26_00:12:47.463 [main] DEBUG org.apache.http.wire -  >> "User-Agent: Apache-HttpClient/4.5.2 (Java/1.8.0_202)[\r][\n]"
2022-01-26_00:12:47.463 [main] DEBUG org.apache.http.wire -  >> "Accept-Encoding: gzip,deflate[\r][\n]"
2022-01-26_00:12:47.463 [main] DEBUG org.apache.http.wire -  >> "[\r][\n]"
2022-01-26_00:12:47.463 [main] DEBUG org.apache.http.headers - >> GET /auth/V2/generate/token HTTP/1.1
2022-01-26_00:12:47.463 [main] DEBUG org.apache.http.headers - >> Content-Type: application/json; charset=UTF-8
2022-01-26_00:12:47.463 [main] DEBUG org.apache.http.headers - >> X-PinePerks-UserName: A0aCcnPzDANtKmvSLPKcaw==
2022-01-26_00:12:47.463 [main] DEBUG org.apache.http.headers - >> Accept: */*
2022-01-26_00:12:47.463 [main] DEBUG org.apache.http.headers - >> Host: apitest.pineperks.in
2022-01-26_00:12:47.463 [main] DEBUG org.apache.http.headers - >> Connection: Keep-Alive
2022-01-26_00:12:47.463 [main] DEBUG org.apache.http.headers - >> User-Agent: Apache-HttpClient/4.5.2 (Java/1.8.0_202)
2022-01-26_00:12:47.463 [main] DEBUG org.apache.http.headers - >> Accept-Encoding: gzip,deflate
2022-01-26_00:12:47.496 [main] DEBUG org.apache.http.wire -  << "HTTP/1.1 200 [\r][\n]"
2022-01-26_00:12:47.499 [main] DEBUG org.apache.http.wire -  << "Access-Control-Allow-Methods: GET, POST[\r][\n]"
2022-01-26_00:12:47.499 [main] DEBUG org.apache.http.wire -  << "Access-Control-Allow-Origin: *[\r][\n]"
2022-01-26_00:12:47.499 [main] DEBUG org.apache.http.wire -  << "Content-Security-Policy: default-src 'none'[\r][\n]"
2022-01-26_00:12:47.499 [main] DEBUG org.apache.http.wire -  << "Feature-Policy: 'none'[\r][\n]"
2022-01-26_00:12:47.500 [main] DEBUG org.apache.http.wire -  << "Referrer-Policy: no-referrer[\r][\n]"
2022-01-26_00:12:47.500 [main] DEBUG org.apache.http.wire -  << "Strict-Transport-Security: max-age=31536000 ; includeSubDomains[\r][\n]"
2022-01-26_00:12:47.500 [main] DEBUG org.apache.http.wire -  << "Date: Tue, 25 Jan 2022 18:42:47 GMT[\r][\n]"
2022-01-26_00:12:47.500 [main] DEBUG org.apache.http.wire -  << "Keep-Alive: timeout=60[\r][\n]"
2022-01-26_00:12:47.500 [main] DEBUG org.apache.http.wire -  << "Content-Type: application/json[\r][\n]"
2022-01-26_00:12:47.500 [main] DEBUG org.apache.http.wire -  << "Transfer-Encoding: chunked[\r][\n]"
2022-01-26_00:12:47.500 [main] DEBUG org.apache.http.wire -  << "Connection: keep-alive[\r][\n]"
2022-01-26_00:12:47.500 [main] DEBUG org.apache.http.wire -  << "[\r][\n]"
2022-01-26_00:12:47.501 [main] DEBUG o.a.h.i.conn.DefaultClientConnection - Receiving response: HTTP/1.1 200 
2022-01-26_00:12:47.502 [main] DEBUG org.apache.http.headers - << HTTP/1.1 200 
2022-01-26_00:12:47.502 [main] DEBUG org.apache.http.headers - << Access-Control-Allow-Methods: GET, POST
2022-01-26_00:12:47.502 [main] DEBUG org.apache.http.headers - << Access-Control-Allow-Origin: *
2022-01-26_00:12:47.502 [main] DEBUG org.apache.http.headers - << Content-Security-Policy: default-src 'none'
2022-01-26_00:12:47.502 [main] DEBUG org.apache.http.headers - << Feature-Policy: 'none'
2022-01-26_00:12:47.502 [main] DEBUG org.apache.http.headers - << Referrer-Policy: no-referrer
2022-01-26_00:12:47.502 [main] DEBUG org.apache.http.headers - << Strict-Transport-Security: max-age=31536000 ; includeSubDomains
2022-01-26_00:12:47.503 [main] DEBUG org.apache.http.headers - << Date: Tue, 25 Jan 2022 18:42:47 GMT
2022-01-26_00:12:47.503 [main] DEBUG org.apache.http.headers - << Keep-Alive: timeout=60
2022-01-26_00:12:47.503 [main] DEBUG org.apache.http.headers - << Content-Type: application/json
2022-01-26_00:12:47.503 [main] DEBUG org.apache.http.headers - << Transfer-Encoding: chunked
2022-01-26_00:12:47.503 [main] DEBUG org.apache.http.headers - << Connection: keep-alive
2022-01-26_00:12:47.509 [main] DEBUG o.a.h.impl.client.DefaultHttpClient - Connection can be kept alive for 60000 MILLISECONDS
2022-01-26_00:12:47.551 [main] DEBUG i.r.i.RequestSpecificationImpl$RestAssuredHttpBuilder - Parsing response as: application/json
2022-01-26_00:12:47.551 [main] DEBUG i.r.i.RequestSpecificationImpl$RestAssuredHttpBuilder - Parsed data to instance of: class org.apache.http.conn.EofSensorInputStream
2022-01-26_00:12:47.568 [main] INFO  com.qc.BaseAPI - Method :GET
2022-01-26_00:12:47.570 [main] INFO  com.qc.BaseAPI - URI :https://apitest.pineperks.in/auth/V2/generate/token
2022-01-26_00:12:47.570 [main] INFO  com.qc.BaseAPI - Headers :X-PinePerks-UserName=A0aCcnPzDANtKmvSLPKcaw==
Accept=*/*
Content-Type=application/json; charset=UTF-8
2022-01-26_00:12:47.570 [main] INFO  com.qc.BaseAPI - Body :null
2022-01-26_00:12:47.570 [main] INFO  com.qc.BaseAPI - ********************RESPONSE********************
2022-01-26_00:12:47.583 [main] DEBUG org.apache.http.wire -  << "7e[\r][\n]"
2022-01-26_00:12:47.584 [main] DEBUG org.apache.http.wire -  << "{"accessToken":"3b11709f23b342b7a1428c924273141f","tokenExpiryDate":"2024-01-26","responseCode":0,"responseMessage":"Success"}"
2022-01-26_00:12:47.584 [main] DEBUG org.apache.http.wire -  << "[\r][\n]"
2022-01-26_00:12:47.585 [main] DEBUG org.apache.http.wire -  << "0[\r][\n]"
2022-01-26_00:12:47.586 [main] DEBUG org.apache.http.wire -  << "[\r][\n]"
2022-01-26_00:12:47.586 [main] DEBUG o.a.h.i.c.BasicClientConnectionManager - Releasing connection org.apache.http.impl.conn.ManagedClientConnectionImpl@7f762353
2022-01-26_00:12:47.586 [main] DEBUG o.a.h.i.c.BasicClientConnectionManager - Connection can be kept alive for 60000 MILLISECONDS
2022-01-26_00:12:47.632 [main] INFO  com.qc.BaseAPI - Response :{
    "accessToken": "3b11709f23b342b7a1428c924273141f",
    "tokenExpiryDate": "2024-01-26",
    "responseCode": 0,
    "responseMessage": "Success"
}
2022-01-26_00:12:47.636 [main] INFO  com.qc.BaseAPI -  **** GET call Response time 748 ms
2022-01-26_00:12:47.636 [main] INFO  pl.rest.service.Authorize - Time Taken to perform https://apitest.pineperks.in/auth/V2/generate/token transaction: 748
2022-01-26_00:12:48.152 [main] INFO  p.rest.stepDefs.TransactionsStepDefs - path
2022-01-26_00:12:48.273 [main] INFO  com.qc.CukeBase - Getting webDriver
2022-01-26_00:12:48.482 [main] DEBUG com.qc.qa.ui.BasePage - No Alert displayed
2022-01-26_00:12:48.664 [main] INFO  com.qc.CukeBase - Closing driver
