2021-12-15_12:37:19.631 [main] INFO  com.qc.qa.utils.TestDataReader - Reading API Test Data config values from  testData/api/devAPITestData.properties
2021-12-15_12:37:19.639 [main] INFO  pl.rest.service.Authorize - Authorize Rest API URL :- https://apitest.pineperks.in/auth/V1/generate/token
2021-12-15_12:37:19.639 [main] INFO  com.qc.BaseAPI - GET call to URL https://apitest.pineperks.in/auth/V1/generate/token
2021-12-15_12:37:19.804 [main] INFO  com.qc.BaseAPI - ********************REQUEST********************
2021-12-15_12:37:21.216 [main] DEBUG o.a.h.i.c.BasicClientConnectionManager - Get connection for route {s}->https://apitest.pineperks.in:443
2021-12-15_12:37:21.278 [main] DEBUG o.a.h.i.c.DefaultClientConnectionOperator - Connecting to apitest.pineperks.in:443
2021-12-15_12:37:21.484 [main] DEBUG o.a.h.c.protocol.RequestAddCookies - CookieSpec selected: ignoreCookies
2021-12-15_12:37:21.486 [main] DEBUG o.a.h.c.protocol.RequestAuthCache - Auth cache not set in the context
2021-12-15_12:37:21.487 [main] DEBUG o.a.h.c.p.RequestTargetAuthentication - Target auth state: UNCHALLENGED
2021-12-15_12:37:21.489 [main] DEBUG o.a.h.c.p.RequestProxyAuthentication - Proxy auth state: UNCHALLENGED
2021-12-15_12:37:21.490 [main] DEBUG o.a.h.impl.client.DefaultHttpClient - Attempt 1 to execute request
2021-12-15_12:37:21.491 [main] DEBUG o.a.h.i.conn.DefaultClientConnection - Sending request: GET /auth/V1/generate/token HTTP/1.1
2021-12-15_12:37:21.492 [main] DEBUG org.apache.http.wire -  >> "GET /auth/V1/generate/token HTTP/1.1[\r][\n]"
2021-12-15_12:37:21.494 [main] DEBUG org.apache.http.wire -  >> "Content-Type: application/json; charset=UTF-8[\r][\n]"
2021-12-15_12:37:21.495 [main] DEBUG org.apache.http.wire -  >> "Accept: */*[\r][\n]"
2021-12-15_12:37:21.495 [main] DEBUG org.apache.http.wire -  >> "userName: A0aCcnPzDANtKmvSLPKcaw==[\r][\n]"
2021-12-15_12:37:21.495 [main] DEBUG org.apache.http.wire -  >> "Host: apitest.pineperks.in[\r][\n]"
2021-12-15_12:37:21.495 [main] DEBUG org.apache.http.wire -  >> "Connection: Keep-Alive[\r][\n]"
2021-12-15_12:37:21.496 [main] DEBUG org.apache.http.wire -  >> "User-Agent: Apache-HttpClient/4.5.2 (Java/1.8.0_202)[\r][\n]"
2021-12-15_12:37:21.496 [main] DEBUG org.apache.http.wire -  >> "Accept-Encoding: gzip,deflate[\r][\n]"
2021-12-15_12:37:21.496 [main] DEBUG org.apache.http.wire -  >> "[\r][\n]"
2021-12-15_12:37:21.497 [main] DEBUG org.apache.http.headers - >> GET /auth/V1/generate/token HTTP/1.1
2021-12-15_12:37:21.497 [main] DEBUG org.apache.http.headers - >> Content-Type: application/json; charset=UTF-8
2021-12-15_12:37:21.497 [main] DEBUG org.apache.http.headers - >> Accept: */*
2021-12-15_12:37:21.497 [main] DEBUG org.apache.http.headers - >> userName: A0aCcnPzDANtKmvSLPKcaw==
2021-12-15_12:37:21.497 [main] DEBUG org.apache.http.headers - >> Host: apitest.pineperks.in
2021-12-15_12:37:21.497 [main] DEBUG org.apache.http.headers - >> Connection: Keep-Alive
2021-12-15_12:37:21.497 [main] DEBUG org.apache.http.headers - >> User-Agent: Apache-HttpClient/4.5.2 (Java/1.8.0_202)
2021-12-15_12:37:21.497 [main] DEBUG org.apache.http.headers - >> Accept-Encoding: gzip,deflate
2021-12-15_12:37:21.595 [main] DEBUG org.apache.http.wire -  << "HTTP/1.1 200 [\r][\n]"
2021-12-15_12:37:21.599 [main] DEBUG org.apache.http.wire -  << "Access-Control-Allow-Methods: GET, POST[\r][\n]"
2021-12-15_12:37:21.599 [main] DEBUG org.apache.http.wire -  << "Access-Control-Allow-Origin: *[\r][\n]"
2021-12-15_12:37:21.600 [main] DEBUG org.apache.http.wire -  << "Content-Security-Policy: default-src 'none'[\r][\n]"
2021-12-15_12:37:21.600 [main] DEBUG org.apache.http.wire -  << "Feature-Policy: 'none'[\r][\n]"
2021-12-15_12:37:21.601 [main] DEBUG org.apache.http.wire -  << "Referrer-Policy: no-referrer[\r][\n]"
2021-12-15_12:37:21.601 [main] DEBUG org.apache.http.wire -  << "Strict-Transport-Security: max-age=31536000 ; includeSubDomains[\r][\n]"
2021-12-15_12:37:21.601 [main] DEBUG org.apache.http.wire -  << "Date: Wed, 15 Dec 2021 07:07:21 GMT[\r][\n]"
2021-12-15_12:37:21.601 [main] DEBUG org.apache.http.wire -  << "Keep-Alive: timeout=60[\r][\n]"
2021-12-15_12:37:21.602 [main] DEBUG org.apache.http.wire -  << "Content-Type: application/json[\r][\n]"
2021-12-15_12:37:21.602 [main] DEBUG org.apache.http.wire -  << "Transfer-Encoding: chunked[\r][\n]"
2021-12-15_12:37:21.602 [main] DEBUG org.apache.http.wire -  << "Connection: keep-alive[\r][\n]"
2021-12-15_12:37:21.602 [main] DEBUG org.apache.http.wire -  << "[\r][\n]"
2021-12-15_12:37:21.604 [main] DEBUG o.a.h.i.conn.DefaultClientConnection - Receiving response: HTTP/1.1 200 
2021-12-15_12:37:21.604 [main] DEBUG org.apache.http.headers - << HTTP/1.1 200 
2021-12-15_12:37:21.604 [main] DEBUG org.apache.http.headers - << Access-Control-Allow-Methods: GET, POST
2021-12-15_12:37:21.604 [main] DEBUG org.apache.http.headers - << Access-Control-Allow-Origin: *
2021-12-15_12:37:21.605 [main] DEBUG org.apache.http.headers - << Content-Security-Policy: default-src 'none'
2021-12-15_12:37:21.605 [main] DEBUG org.apache.http.headers - << Feature-Policy: 'none'
2021-12-15_12:37:21.605 [main] DEBUG org.apache.http.headers - << Referrer-Policy: no-referrer
2021-12-15_12:37:21.605 [main] DEBUG org.apache.http.headers - << Strict-Transport-Security: max-age=31536000 ; includeSubDomains
2021-12-15_12:37:21.606 [main] DEBUG org.apache.http.headers - << Date: Wed, 15 Dec 2021 07:07:21 GMT
2021-12-15_12:37:21.606 [main] DEBUG org.apache.http.headers - << Keep-Alive: timeout=60
2021-12-15_12:37:21.606 [main] DEBUG org.apache.http.headers - << Content-Type: application/json
2021-12-15_12:37:21.606 [main] DEBUG org.apache.http.headers - << Transfer-Encoding: chunked
2021-12-15_12:37:21.606 [main] DEBUG org.apache.http.headers - << Connection: keep-alive
2021-12-15_12:37:21.617 [main] DEBUG o.a.h.impl.client.DefaultHttpClient - Connection can be kept alive for 60000 MILLISECONDS
2021-12-15_12:37:21.650 [main] DEBUG i.r.i.RequestSpecificationImpl$RestAssuredHttpBuilder - Parsing response as: application/json
2021-12-15_12:37:21.651 [main] DEBUG i.r.i.RequestSpecificationImpl$RestAssuredHttpBuilder - Parsed data to instance of: class org.apache.http.conn.EofSensorInputStream
2021-12-15_12:37:21.674 [main] INFO  com.qc.BaseAPI - Method :GET
2021-12-15_12:37:21.676 [main] INFO  com.qc.BaseAPI - URI :https://apitest.pineperks.in/auth/V1/generate/token
2021-12-15_12:37:21.676 [main] INFO  com.qc.BaseAPI - Headers :userName=A0aCcnPzDANtKmvSLPKcaw==
Accept=*/*
Content-Type=application/json; charset=UTF-8
2021-12-15_12:37:21.676 [main] INFO  com.qc.BaseAPI - Body :null
2021-12-15_12:37:21.677 [main] INFO  com.qc.BaseAPI - ********************RESPONSE********************
2021-12-15_12:37:21.686 [main] DEBUG org.apache.http.wire -  << "7f[\r][\n]"
2021-12-15_12:37:21.686 [main] DEBUG org.apache.http.wire -  << "{"accessToken":"6b3c146766734d68bd42a8a030a4a729","tokenExpiryTime":"16-Dec-2021","responseCode":0,"responseMessage":"Success"}"
2021-12-15_12:37:21.687 [main] DEBUG org.apache.http.wire -  << "[\r][\n]"
2021-12-15_12:37:21.687 [main] DEBUG org.apache.http.wire -  << "0[\r][\n]"
2021-12-15_12:37:21.687 [main] DEBUG org.apache.http.wire -  << "[\r][\n]"
2021-12-15_12:37:21.687 [main] DEBUG o.a.h.i.c.BasicClientConnectionManager - Releasing connection org.apache.http.impl.conn.ManagedClientConnectionImpl@6571f64a
2021-12-15_12:37:21.687 [main] DEBUG o.a.h.i.c.BasicClientConnectionManager - Connection can be kept alive for 60000 MILLISECONDS
2021-12-15_12:37:21.717 [main] INFO  com.qc.BaseAPI - Response :{
    "accessToken": "6b3c146766734d68bd42a8a030a4a729",
    "tokenExpiryTime": "16-Dec-2021",
    "responseCode": 0,
    "responseMessage": "Success"
}
2021-12-15_12:37:21.719 [main] INFO  com.qc.BaseAPI -  **** GET call Response time 1859 ms
2021-12-15_12:37:21.719 [main] INFO  pl.rest.service.Authorize - Time Taken to perform https://apitest.pineperks.in/auth/V1/generate/token transaction: 1859
2021-12-15_12:37:22.029 [main] INFO  com.qc.qa.utils.TestDataReader - Reading Json data authorizeHeaders
2021-12-15_12:37:22.032 [main] INFO  com.qc.qa.utils.TestDataReader - Reading json data from file @ testData/api/devAPIData.json
2021-12-15_12:37:22.054 [main] INFO  pl.rest.service.CardIssue - CardIssue Rest API URL :- https://apitest.pineperks.in/card/order/V1/instant/issue/nonreloadable/digital
2021-12-15_12:37:22.054 [main] INFO  com.qc.BaseAPI - POST call to URL https://apitest.pineperks.in/card/order/V1/instant/issue/nonreloadable/digital
2021-12-15_12:37:22.066 [main] INFO  com.qc.BaseAPI - ********************REQUEST********************
2021-12-15_12:37:22.106 [main] DEBUG o.a.h.i.c.BasicClientConnectionManager - Get connection for route {s}->https://apitest.pineperks.in:443
2021-12-15_12:37:22.107 [main] DEBUG o.a.h.i.c.DefaultClientConnectionOperator - Connecting to apitest.pineperks.in:443
2021-12-15_12:37:22.226 [main] DEBUG o.a.h.c.protocol.RequestAddCookies - CookieSpec selected: ignoreCookies
2021-12-15_12:37:22.226 [main] DEBUG o.a.h.c.protocol.RequestAuthCache - Auth cache not set in the context
2021-12-15_12:37:22.226 [main] DEBUG o.a.h.c.p.RequestTargetAuthentication - Target auth state: UNCHALLENGED
2021-12-15_12:37:22.226 [main] DEBUG o.a.h.c.p.RequestProxyAuthentication - Proxy auth state: UNCHALLENGED
2021-12-15_12:37:22.227 [main] DEBUG o.a.h.impl.client.DefaultHttpClient - Attempt 1 to execute request
2021-12-15_12:37:22.227 [main] DEBUG o.a.h.i.conn.DefaultClientConnection - Sending request: POST /card/order/V1/instant/issue/nonreloadable/digital HTTP/1.1
2021-12-15_12:37:22.227 [main] DEBUG org.apache.http.wire -  >> "POST /card/order/V1/instant/issue/nonreloadable/digital HTTP/1.1[\r][\n]"
2021-12-15_12:37:22.227 [main] DEBUG org.apache.http.wire -  >> "Accept: */*[\r][\n]"
2021-12-15_12:37:22.227 [main] DEBUG org.apache.http.wire -  >> "userName: A0aCcnPzDANtKmvSLPKcaw==[\r][\n]"
2021-12-15_12:37:22.227 [main] DEBUG org.apache.http.wire -  >> "token: 6b3c146766734d68bd42a8a030a4a729[\r][\n]"
2021-12-15_12:37:22.227 [main] DEBUG org.apache.http.wire -  >> "Content-Type: application/json; charset=UTF-8[\r][\n]"
2021-12-15_12:37:22.227 [main] DEBUG org.apache.http.wire -  >> "Content-Length: 241[\r][\n]"
2021-12-15_12:37:22.228 [main] DEBUG org.apache.http.wire -  >> "Host: apitest.pineperks.in[\r][\n]"
2021-12-15_12:37:22.228 [main] DEBUG org.apache.http.wire -  >> "Connection: Keep-Alive[\r][\n]"
2021-12-15_12:37:22.228 [main] DEBUG org.apache.http.wire -  >> "User-Agent: Apache-HttpClient/4.5.2 (Java/1.8.0_202)[\r][\n]"
2021-12-15_12:37:22.228 [main] DEBUG org.apache.http.wire -  >> "Accept-Encoding: gzip,deflate[\r][\n]"
2021-12-15_12:37:22.228 [main] DEBUG org.apache.http.wire -  >> "[\r][\n]"
2021-12-15_12:37:22.228 [main] DEBUG org.apache.http.headers - >> POST /card/order/V1/instant/issue/nonreloadable/digital HTTP/1.1
2021-12-15_12:37:22.228 [main] DEBUG org.apache.http.headers - >> Accept: */*
2021-12-15_12:37:22.228 [main] DEBUG org.apache.http.headers - >> userName: A0aCcnPzDANtKmvSLPKcaw==
2021-12-15_12:37:22.228 [main] DEBUG org.apache.http.headers - >> token: 6b3c146766734d68bd42a8a030a4a729
2021-12-15_12:37:22.229 [main] DEBUG org.apache.http.headers - >> Content-Type: application/json; charset=UTF-8
2021-12-15_12:37:22.229 [main] DEBUG org.apache.http.headers - >> Content-Length: 241
2021-12-15_12:37:22.229 [main] DEBUG org.apache.http.headers - >> Host: apitest.pineperks.in
2021-12-15_12:37:22.229 [main] DEBUG org.apache.http.headers - >> Connection: Keep-Alive
2021-12-15_12:37:22.229 [main] DEBUG org.apache.http.headers - >> User-Agent: Apache-HttpClient/4.5.2 (Java/1.8.0_202)
2021-12-15_12:37:22.229 [main] DEBUG org.apache.http.headers - >> Accept-Encoding: gzip,deflate
2021-12-15_12:37:22.229 [main] DEBUG org.apache.http.wire -  >> "{"isLinkToBeSentOnMobile":true,"checksum":"5x3GNrnStyS2PkMvV6EeAw==","cardDetailList":[{"amount":"1000","mobileNumber":"8284854535","customerName":"afzal","email":"afzal.ahmed@pinelabs.com"}],"externalRequestId":"g9k1cPB","cardSchemeId":"7"}"
2021-12-15_12:37:22.564 [main] DEBUG org.apache.http.wire -  << "HTTP/1.1 200 [\r][\n]"
2021-12-15_12:37:22.565 [main] DEBUG org.apache.http.wire -  << "Access-Control-Allow-Methods: GET, POST[\r][\n]"
2021-12-15_12:37:22.565 [main] DEBUG org.apache.http.wire -  << "Access-Control-Allow-Origin: *[\r][\n]"
2021-12-15_12:37:22.565 [main] DEBUG org.apache.http.wire -  << "Content-Security-Policy: default-src 'none'[\r][\n]"
2021-12-15_12:37:22.566 [main] DEBUG org.apache.http.wire -  << "Feature-Policy: 'none'[\r][\n]"
2021-12-15_12:37:22.566 [main] DEBUG org.apache.http.wire -  << "Referrer-Policy: no-referrer[\r][\n]"
2021-12-15_12:37:22.566 [main] DEBUG org.apache.http.wire -  << "Strict-Transport-Security: max-age=31536000 ; includeSubDomains[\r][\n]"
2021-12-15_12:37:22.566 [main] DEBUG org.apache.http.wire -  << "Date: Wed, 15 Dec 2021 07:07:21 GMT[\r][\n]"
2021-12-15_12:37:22.566 [main] DEBUG org.apache.http.wire -  << "Keep-Alive: timeout=60[\r][\n]"
2021-12-15_12:37:22.566 [main] DEBUG org.apache.http.wire -  << "Content-Type: application/json[\r][\n]"
2021-12-15_12:37:22.567 [main] DEBUG org.apache.http.wire -  << "Transfer-Encoding: chunked[\r][\n]"
2021-12-15_12:37:22.567 [main] DEBUG org.apache.http.wire -  << "Connection: keep-alive[\r][\n]"
2021-12-15_12:37:22.567 [main] DEBUG org.apache.http.wire -  << "[\r][\n]"
2021-12-15_12:37:22.567 [main] DEBUG o.a.h.i.conn.DefaultClientConnection - Receiving response: HTTP/1.1 200 
2021-12-15_12:37:22.567 [main] DEBUG org.apache.http.headers - << HTTP/1.1 200 
2021-12-15_12:37:22.567 [main] DEBUG org.apache.http.headers - << Access-Control-Allow-Methods: GET, POST
2021-12-15_12:37:22.567 [main] DEBUG org.apache.http.headers - << Access-Control-Allow-Origin: *
2021-12-15_12:37:22.568 [main] DEBUG org.apache.http.headers - << Content-Security-Policy: default-src 'none'
2021-12-15_12:37:22.568 [main] DEBUG org.apache.http.headers - << Feature-Policy: 'none'
2021-12-15_12:37:22.568 [main] DEBUG org.apache.http.headers - << Referrer-Policy: no-referrer
2021-12-15_12:37:22.568 [main] DEBUG org.apache.http.headers - << Strict-Transport-Security: max-age=31536000 ; includeSubDomains
2021-12-15_12:37:22.568 [main] DEBUG org.apache.http.headers - << Date: Wed, 15 Dec 2021 07:07:21 GMT
2021-12-15_12:37:22.568 [main] DEBUG org.apache.http.headers - << Keep-Alive: timeout=60
2021-12-15_12:37:22.569 [main] DEBUG org.apache.http.headers - << Content-Type: application/json
2021-12-15_12:37:22.569 [main] DEBUG org.apache.http.headers - << Transfer-Encoding: chunked
2021-12-15_12:37:22.569 [main] DEBUG org.apache.http.headers - << Connection: keep-alive
2021-12-15_12:37:22.569 [main] DEBUG o.a.h.impl.client.DefaultHttpClient - Connection can be kept alive for 60000 MILLISECONDS
2021-12-15_12:37:22.570 [main] DEBUG i.r.i.RequestSpecificationImpl$RestAssuredHttpBuilder - Parsing response as: application/json
2021-12-15_12:37:22.570 [main] DEBUG i.r.i.RequestSpecificationImpl$RestAssuredHttpBuilder - Parsed data to instance of: class org.apache.http.conn.EofSensorInputStream
2021-12-15_12:37:22.572 [main] INFO  com.qc.BaseAPI - Method :POST
2021-12-15_12:37:22.575 [main] INFO  com.qc.BaseAPI - URI :https://apitest.pineperks.in/card/order/V1/instant/issue/nonreloadable/digital
2021-12-15_12:37:22.575 [main] INFO  com.qc.BaseAPI - Headers :token=6b3c146766734d68bd42a8a030a4a729
userName=A0aCcnPzDANtKmvSLPKcaw==
Accept=*/*
Content-Type=application/json; charset=UTF-8
2021-12-15_12:37:22.575 [main] INFO  com.qc.BaseAPI - Body :{"isLinkToBeSentOnMobile":true,"checksum":"5x3GNrnStyS2PkMvV6EeAw==","cardDetailList":[{"amount":"1000","mobileNumber":"8284854535","customerName":"afzal","email":"afzal.ahmed@pinelabs.com"}],"externalRequestId":"g9k1cPB","cardSchemeId":"7"}
2021-12-15_12:37:22.575 [main] INFO  com.qc.BaseAPI - ********************RESPONSE********************
2021-12-15_12:37:22.576 [main] DEBUG org.apache.http.wire -  << "1f1[\r][\n]"
2021-12-15_12:37:22.576 [main] DEBUG org.apache.http.wire -  << "{"externalRequestId":"g9k1cPB","orderId":12430,"orderStatus":6,"cardDetailResponseList":[{"referenceNumber":6822293311,"serialNumber":12430000010001,"customerName":"afzal","mobileNumber":8284854535,"email":"afzal.ahmed@pinelabs.com","amount":1000,"cardLink":"test.pineperks.in/eCard?c=hplmjcAHyQcqQMUQLWVo8w2","responseCode":0,"responseMessage":"Success"}],"successCount":1,"failedCount":0,"orderAmount":1000,"issuanceCharge":100,"netOrderAmount":1100,"responseCode":0,"responseMessage":"Success"}"
2021-12-15_12:37:22.576 [main] DEBUG org.apache.http.wire -  << "[\r][\n]"
2021-12-15_12:37:22.576 [main] DEBUG org.apache.http.wire -  << "0[\r][\n]"
2021-12-15_12:37:22.576 [main] DEBUG org.apache.http.wire -  << "[\r][\n]"
2021-12-15_12:37:22.577 [main] DEBUG o.a.h.i.c.BasicClientConnectionManager - Releasing connection org.apache.http.impl.conn.ManagedClientConnectionImpl@4b2f841b
2021-12-15_12:37:22.577 [main] DEBUG o.a.h.i.c.BasicClientConnectionManager - Connection can be kept alive for 60000 MILLISECONDS
2021-12-15_12:37:22.579 [main] INFO  com.qc.BaseAPI - Response :{
    "externalRequestId": "g9k1cPB",
    "orderId": 12430,
    "orderStatus": 6,
    "cardDetailResponseList": [
        {
            "referenceNumber": 6822293311,
            "serialNumber": 12430000010001,
            "customerName": "afzal",
            "mobileNumber": 8284854535,
            "email": "afzal.ahmed@pinelabs.com",
            "amount": 1000,
            "cardLink": "test.pineperks.in/eCard?c=hplmjcAHyQcqQMUQLWVo8w2",
            "responseCode": 0,
            "responseMessage": "Success"
        }
    ],
    "successCount": 1,
    "failedCount": 0,
    "orderAmount": 1000,
    "issuanceCharge": 100,
    "netOrderAmount": 1100,
    "responseCode": 0,
    "responseMessage": "Success"
}
2021-12-15_12:37:22.579 [main] INFO  com.qc.BaseAPI -  **** POST call Response time 503 ms
2021-12-15_12:37:22.579 [main] INFO  pl.rest.service.CardIssue - Time Taken to perform https://apitest.pineperks.in/card/order/V1/instant/issue/nonreloadable/digital transaction: 503
2021-12-15_12:37:22.926 [main] INFO  p.rest.stepDefs.TransactionsStepDefs - referenceNumber isnull
2021-12-15_12:37:22.930 [main] INFO  pl.rest.utils.DBUtils - Fetching card details from card table, using Query: Select * from card where referenceNumber= 'null';
2021-12-15_12:37:22.959 [main] ERROR com.qc.qa.dbutils.DBPoolProvider - property devstaDBConnectionUrl is missing, please add it as system property or in config.properties files
2021-12-15_12:37:22.960 [main] INFO  com.qc.qa.dbutils.DBPoolProvider - Con pool Total - 400, idle - 0,  Num active - 0
2021-12-15_12:37:22.960 [main] INFO  com.qc.qa.dbutils.DBPoolProvider - Retrieved connection
