2022-02-04_12:54:16.532 [main] INFO  pl.rest.CustomHooks - SCENARIO NAME: Validating the case on marking an card terminated.
2022-02-04_12:54:16.536 [main] INFO  pl.rest.CustomHooks - TAG NAMEs: [@Regression]
2022-02-04_12:54:16.543 [main] INFO  pl.rest.CustomHooks - SCENARIO NAME: Validating the case on marking an card terminated.
2022-02-04_12:54:16.543 [main] INFO  pl.rest.CustomHooks - TAG NAMEs: [@Regression]
2022-02-04_12:54:16.604 [main] INFO  pl.rest.CustomHooks - Index: 0, Size: 0
2022-02-04_12:54:17.862 [main] INFO  com.qc.qa.utils.TestDataReader - Reading API Test Data config values from  testData/api/devAPITestData.properties
2022-02-04_12:54:17.879 [main] INFO  pl.rest.service.Authorize - Authorize Rest API URL :- https://apitest.pineperks.in/auth/V1/generate/token
2022-02-04_12:54:17.879 [main] INFO  com.qc.BaseAPI - GET call to URL https://apitest.pineperks.in/auth/V1/generate/token
2022-02-04_12:54:18.093 [main] INFO  com.qc.BaseAPI - ********************REQUEST********************
2022-02-04_12:54:20.877 [main] DEBUG o.a.h.i.c.BasicClientConnectionManager - Get connection for route {s}->https://apitest.pineperks.in:443
2022-02-04_12:54:20.963 [main] DEBUG o.a.h.i.c.DefaultClientConnectionOperator - Connecting to apitest.pineperks.in:443
2022-02-04_12:54:21.213 [main] DEBUG o.a.h.c.protocol.RequestAddCookies - CookieSpec selected: ignoreCookies
2022-02-04_12:54:21.215 [main] DEBUG o.a.h.c.protocol.RequestAuthCache - Auth cache not set in the context
2022-02-04_12:54:21.216 [main] DEBUG o.a.h.c.p.RequestTargetAuthentication - Target auth state: UNCHALLENGED
2022-02-04_12:54:21.217 [main] DEBUG o.a.h.c.p.RequestProxyAuthentication - Proxy auth state: UNCHALLENGED
2022-02-04_12:54:21.217 [main] DEBUG o.a.h.impl.client.DefaultHttpClient - Attempt 1 to execute request
2022-02-04_12:54:21.218 [main] DEBUG o.a.h.i.conn.DefaultClientConnection - Sending request: GET /auth/V1/generate/token HTTP/1.1
2022-02-04_12:54:21.218 [main] DEBUG org.apache.http.wire -  >> "GET /auth/V1/generate/token HTTP/1.1[\r][\n]"
2022-02-04_12:54:21.219 [main] DEBUG org.apache.http.wire -  >> "Content-Type: application/json; charset=UTF-8[\r][\n]"
2022-02-04_12:54:21.220 [main] DEBUG org.apache.http.wire -  >> "Accept: */*[\r][\n]"
2022-02-04_12:54:21.220 [main] DEBUG org.apache.http.wire -  >> "userName: A0aCcnPzDANtKmvSLPKcaw==[\r][\n]"
2022-02-04_12:54:21.220 [main] DEBUG org.apache.http.wire -  >> "Host: apitest.pineperks.in[\r][\n]"
2022-02-04_12:54:21.220 [main] DEBUG org.apache.http.wire -  >> "Connection: Keep-Alive[\r][\n]"
2022-02-04_12:54:21.220 [main] DEBUG org.apache.http.wire -  >> "User-Agent: Apache-HttpClient/4.5.2 (Java/1.8.0_202)[\r][\n]"
2022-02-04_12:54:21.220 [main] DEBUG org.apache.http.wire -  >> "Accept-Encoding: gzip,deflate[\r][\n]"
2022-02-04_12:54:21.221 [main] DEBUG org.apache.http.wire -  >> "[\r][\n]"
2022-02-04_12:54:21.221 [main] DEBUG org.apache.http.headers - >> GET /auth/V1/generate/token HTTP/1.1
2022-02-04_12:54:21.221 [main] DEBUG org.apache.http.headers - >> Content-Type: application/json; charset=UTF-8
2022-02-04_12:54:21.221 [main] DEBUG org.apache.http.headers - >> Accept: */*
2022-02-04_12:54:21.221 [main] DEBUG org.apache.http.headers - >> userName: A0aCcnPzDANtKmvSLPKcaw==
2022-02-04_12:54:21.221 [main] DEBUG org.apache.http.headers - >> Host: apitest.pineperks.in
2022-02-04_12:54:21.221 [main] DEBUG org.apache.http.headers - >> Connection: Keep-Alive
2022-02-04_12:54:21.221 [main] DEBUG org.apache.http.headers - >> User-Agent: Apache-HttpClient/4.5.2 (Java/1.8.0_202)
2022-02-04_12:54:21.222 [main] DEBUG org.apache.http.headers - >> Accept-Encoding: gzip,deflate
2022-02-04_12:54:21.266 [main] DEBUG org.apache.http.wire -  << "HTTP/1.1 200 [\r][\n]"
2022-02-04_12:54:21.269 [main] DEBUG org.apache.http.wire -  << "Access-Control-Allow-Methods: GET, POST[\r][\n]"
2022-02-04_12:54:21.270 [main] DEBUG org.apache.http.wire -  << "Access-Control-Allow-Origin: *[\r][\n]"
2022-02-04_12:54:21.270 [main] DEBUG org.apache.http.wire -  << "Content-Security-Policy: default-src 'none'[\r][\n]"
2022-02-04_12:54:21.270 [main] DEBUG org.apache.http.wire -  << "Feature-Policy: 'none'[\r][\n]"
2022-02-04_12:54:21.271 [main] DEBUG org.apache.http.wire -  << "Referrer-Policy: no-referrer[\r][\n]"
2022-02-04_12:54:21.271 [main] DEBUG org.apache.http.wire -  << "Strict-Transport-Security: max-age=31536000 ; includeSubDomains[\r][\n]"
2022-02-04_12:54:21.271 [main] DEBUG org.apache.http.wire -  << "Date: Fri, 04 Feb 2022 07:24:21 GMT[\r][\n]"
2022-02-04_12:54:21.271 [main] DEBUG org.apache.http.wire -  << "Keep-Alive: timeout=60[\r][\n]"
2022-02-04_12:54:21.272 [main] DEBUG org.apache.http.wire -  << "Content-Type: application/json[\r][\n]"
2022-02-04_12:54:21.272 [main] DEBUG org.apache.http.wire -  << "Transfer-Encoding: chunked[\r][\n]"
2022-02-04_12:54:21.272 [main] DEBUG org.apache.http.wire -  << "Connection: keep-alive[\r][\n]"
2022-02-04_12:54:21.272 [main] DEBUG org.apache.http.wire -  << "[\r][\n]"
2022-02-04_12:54:21.274 [main] DEBUG o.a.h.i.conn.DefaultClientConnection - Receiving response: HTTP/1.1 200 
2022-02-04_12:54:21.274 [main] DEBUG org.apache.http.headers - << HTTP/1.1 200 
2022-02-04_12:54:21.274 [main] DEBUG org.apache.http.headers - << Access-Control-Allow-Methods: GET, POST
2022-02-04_12:54:21.274 [main] DEBUG org.apache.http.headers - << Access-Control-Allow-Origin: *
2022-02-04_12:54:21.274 [main] DEBUG org.apache.http.headers - << Content-Security-Policy: default-src 'none'
2022-02-04_12:54:21.274 [main] DEBUG org.apache.http.headers - << Feature-Policy: 'none'
2022-02-04_12:54:21.274 [main] DEBUG org.apache.http.headers - << Referrer-Policy: no-referrer
2022-02-04_12:54:21.275 [main] DEBUG org.apache.http.headers - << Strict-Transport-Security: max-age=31536000 ; includeSubDomains
2022-02-04_12:54:21.275 [main] DEBUG org.apache.http.headers - << Date: Fri, 04 Feb 2022 07:24:21 GMT
2022-02-04_12:54:21.275 [main] DEBUG org.apache.http.headers - << Keep-Alive: timeout=60
2022-02-04_12:54:21.275 [main] DEBUG org.apache.http.headers - << Content-Type: application/json
2022-02-04_12:54:21.275 [main] DEBUG org.apache.http.headers - << Transfer-Encoding: chunked
2022-02-04_12:54:21.275 [main] DEBUG org.apache.http.headers - << Connection: keep-alive
2022-02-04_12:54:21.284 [main] DEBUG o.a.h.impl.client.DefaultHttpClient - Connection can be kept alive for 60000 MILLISECONDS
2022-02-04_12:54:21.316 [main] DEBUG i.r.i.RequestSpecificationImpl$RestAssuredHttpBuilder - Parsing response as: application/json
2022-02-04_12:54:21.317 [main] DEBUG i.r.i.RequestSpecificationImpl$RestAssuredHttpBuilder - Parsed data to instance of: class org.apache.http.conn.EofSensorInputStream
2022-02-04_12:54:21.336 [main] INFO  com.qc.BaseAPI - Method :GET
2022-02-04_12:54:21.337 [main] INFO  com.qc.BaseAPI - URI :https://apitest.pineperks.in/auth/V1/generate/token
2022-02-04_12:54:21.338 [main] INFO  com.qc.BaseAPI - Headers :userName=A0aCcnPzDANtKmvSLPKcaw==
Accept=*/*
Content-Type=application/json; charset=UTF-8
2022-02-04_12:54:21.338 [main] INFO  com.qc.BaseAPI - Body :null
2022-02-04_12:54:21.338 [main] INFO  com.qc.BaseAPI - ********************RESPONSE********************
2022-02-04_12:54:21.352 [main] DEBUG org.apache.http.wire -  << "7f[\r][\n]"
2022-02-04_12:54:21.352 [main] DEBUG org.apache.http.wire -  << "{"accessToken":"ae75696aa49a4de5ac158c1ff77607af","tokenExpiryTime":"04-Feb-2024","responseCode":0,"responseMessage":"Success"}"
2022-02-04_12:54:21.353 [main] DEBUG org.apache.http.wire -  << "[\r][\n]"
2022-02-04_12:54:21.353 [main] DEBUG org.apache.http.wire -  << "0[\r][\n]"
2022-02-04_12:54:21.353 [main] DEBUG org.apache.http.wire -  << "[\r][\n]"
2022-02-04_12:54:21.354 [main] DEBUG o.a.h.i.c.BasicClientConnectionManager - Releasing connection org.apache.http.impl.conn.ManagedClientConnectionImpl@12aa9674
2022-02-04_12:54:21.354 [main] DEBUG o.a.h.i.c.BasicClientConnectionManager - Connection can be kept alive for 60000 MILLISECONDS
2022-02-04_12:54:21.390 [main] INFO  com.qc.BaseAPI - Response :{
    "accessToken": "ae75696aa49a4de5ac158c1ff77607af",
    "tokenExpiryTime": "04-Feb-2024",
    "responseCode": 0,
    "responseMessage": "Success"
}
2022-02-04_12:54:21.393 [main] INFO  com.qc.BaseAPI -  **** GET call Response time 3226 ms
2022-02-04_12:54:21.394 [main] INFO  pl.rest.service.Authorize - Time Taken to perform https://apitest.pineperks.in/auth/V1/generate/token transaction: 3226
2022-02-04_12:54:21.503 [main] INFO  pl.rest.utils.DBUtils - Query being executed Select * from card where isDummyCard=1 and corporateid=6 and AccountType=12 ;
2022-02-04_12:54:21.562 [main] ERROR com.qc.qa.utils.LoadProperties - Missing MySQLDBEnvironment property value in system property or in config.properties files.Please add it if incase required
2022-02-04_12:54:21.564 [main] INFO  com.qc.qa.dbutils.DBPoolProvider - Con pool Total - 400, idle - 0,  Num active - 0
2022-02-04_12:54:21.564 [main] INFO  com.qc.qa.dbutils.DBPoolProvider - Retrieved connection
2022-02-04_12:54:26.071 [main] INFO  pl.rest.stepDefs.CardIssueStepDefs - Dummy Card Reference Number Fetched 2556187146
2022-02-04_12:54:26.093 [main] INFO  com.qc.qa.utils.TestDataReader - Reading Json data authorizeHeaders
2022-02-04_12:54:26.099 [main] INFO  com.qc.qa.utils.TestDataReader - Reading json data from file @ testData/api/devAPIData.json
2022-02-04_12:54:26.143 [main] INFO  pl.rest.service.CardIssue - CardIssue Rest API URL :- https://apitest.pineperks.in/card/order/V1/instant/issue/nonreloadable/physical
2022-02-04_12:54:26.143 [main] INFO  com.qc.BaseAPI - POST call to URL https://apitest.pineperks.in/card/order/V1/instant/issue/nonreloadable/physical
2022-02-04_12:54:26.159 [main] INFO  com.qc.BaseAPI - ********************REQUEST********************
2022-02-04_12:54:26.214 [main] DEBUG o.a.h.i.c.BasicClientConnectionManager - Get connection for route {s}->https://apitest.pineperks.in:443
2022-02-04_12:54:26.215 [main] DEBUG o.a.h.i.c.DefaultClientConnectionOperator - Connecting to apitest.pineperks.in:443
2022-02-04_12:54:26.342 [main] DEBUG o.a.h.c.protocol.RequestAddCookies - CookieSpec selected: ignoreCookies
2022-02-04_12:54:26.343 [main] DEBUG o.a.h.c.protocol.RequestAuthCache - Auth cache not set in the context
2022-02-04_12:54:26.343 [main] DEBUG o.a.h.c.p.RequestTargetAuthentication - Target auth state: UNCHALLENGED
2022-02-04_12:54:26.343 [main] DEBUG o.a.h.c.p.RequestProxyAuthentication - Proxy auth state: UNCHALLENGED
2022-02-04_12:54:26.343 [main] DEBUG o.a.h.impl.client.DefaultHttpClient - Attempt 1 to execute request
2022-02-04_12:54:26.343 [main] DEBUG o.a.h.i.conn.DefaultClientConnection - Sending request: POST /card/order/V1/instant/issue/nonreloadable/physical HTTP/1.1
2022-02-04_12:54:26.344 [main] DEBUG org.apache.http.wire -  >> "POST /card/order/V1/instant/issue/nonreloadable/physical HTTP/1.1[\r][\n]"
2022-02-04_12:54:26.345 [main] DEBUG org.apache.http.wire -  >> "Accept: */*[\r][\n]"
2022-02-04_12:54:26.345 [main] DEBUG org.apache.http.wire -  >> "userName: A0aCcnPzDANtKmvSLPKcaw==[\r][\n]"
2022-02-04_12:54:26.345 [main] DEBUG org.apache.http.wire -  >> "token: ae75696aa49a4de5ac158c1ff77607af[\r][\n]"
2022-02-04_12:54:26.345 [main] DEBUG org.apache.http.wire -  >> "Content-Type: application/json; charset=UTF-8[\r][\n]"
2022-02-04_12:54:26.345 [main] DEBUG org.apache.http.wire -  >> "Content-Length: 280[\r][\n]"
2022-02-04_12:54:26.345 [main] DEBUG org.apache.http.wire -  >> "Host: apitest.pineperks.in[\r][\n]"
2022-02-04_12:54:26.345 [main] DEBUG org.apache.http.wire -  >> "Connection: Keep-Alive[\r][\n]"
2022-02-04_12:54:26.345 [main] DEBUG org.apache.http.wire -  >> "User-Agent: Apache-HttpClient/4.5.2 (Java/1.8.0_202)[\r][\n]"
2022-02-04_12:54:26.345 [main] DEBUG org.apache.http.wire -  >> "Accept-Encoding: gzip,deflate[\r][\n]"
2022-02-04_12:54:26.345 [main] DEBUG org.apache.http.wire -  >> "[\r][\n]"
2022-02-04_12:54:26.345 [main] DEBUG org.apache.http.headers - >> POST /card/order/V1/instant/issue/nonreloadable/physical HTTP/1.1
2022-02-04_12:54:26.345 [main] DEBUG org.apache.http.headers - >> Accept: */*
2022-02-04_12:54:26.345 [main] DEBUG org.apache.http.headers - >> userName: A0aCcnPzDANtKmvSLPKcaw==
2022-02-04_12:54:26.345 [main] DEBUG org.apache.http.headers - >> token: ae75696aa49a4de5ac158c1ff77607af
2022-02-04_12:54:26.346 [main] DEBUG org.apache.http.headers - >> Content-Type: application/json; charset=UTF-8
2022-02-04_12:54:26.346 [main] DEBUG org.apache.http.headers - >> Content-Length: 280
2022-02-04_12:54:26.346 [main] DEBUG org.apache.http.headers - >> Host: apitest.pineperks.in
2022-02-04_12:54:26.346 [main] DEBUG org.apache.http.headers - >> Connection: Keep-Alive
2022-02-04_12:54:26.346 [main] DEBUG org.apache.http.headers - >> User-Agent: Apache-HttpClient/4.5.2 (Java/1.8.0_202)
2022-02-04_12:54:26.346 [main] DEBUG org.apache.http.headers - >> Accept-Encoding: gzip,deflate
2022-02-04_12:54:26.346 [main] DEBUG org.apache.http.wire -  >> "{"pinMode":"1","checksum":"5x3GNrnStyS2PkMvV6EeAw==","cardDetailList":[{"amount":"1000","serialNumber":null,"referenceNumber":"2556187146","mobileNumber":"8284854535","customerName":"APITestOne","email":null}],"externalRequestId":"H2Qk9ad","cardSchemeId":"7","cardIdentifier":"1"}"
2022-02-04_12:54:27.077 [main] DEBUG org.apache.http.wire -  << "HTTP/1.1 200 [\r][\n]"
2022-02-04_12:54:27.078 [main] DEBUG org.apache.http.wire -  << "Access-Control-Allow-Methods: GET, POST[\r][\n]"
2022-02-04_12:54:27.078 [main] DEBUG org.apache.http.wire -  << "Access-Control-Allow-Origin: *[\r][\n]"
2022-02-04_12:54:27.078 [main] DEBUG org.apache.http.wire -  << "Content-Security-Policy: default-src 'none'[\r][\n]"
2022-02-04_12:54:27.078 [main] DEBUG org.apache.http.wire -  << "Feature-Policy: 'none'[\r][\n]"
2022-02-04_12:54:27.079 [main] DEBUG org.apache.http.wire -  << "Referrer-Policy: no-referrer[\r][\n]"
2022-02-04_12:54:27.079 [main] DEBUG org.apache.http.wire -  << "Strict-Transport-Security: max-age=31536000 ; includeSubDomains[\r][\n]"
2022-02-04_12:54:27.079 [main] DEBUG org.apache.http.wire -  << "Date: Fri, 04 Feb 2022 07:24:27 GMT[\r][\n]"
2022-02-04_12:54:27.079 [main] DEBUG org.apache.http.wire -  << "Keep-Alive: timeout=60[\r][\n]"
2022-02-04_12:54:27.080 [main] DEBUG org.apache.http.wire -  << "Content-Type: application/json[\r][\n]"
2022-02-04_12:54:27.081 [main] DEBUG org.apache.http.wire -  << "Transfer-Encoding: chunked[\r][\n]"
2022-02-04_12:54:27.081 [main] DEBUG org.apache.http.wire -  << "Connection: keep-alive[\r][\n]"
2022-02-04_12:54:27.081 [main] DEBUG org.apache.http.wire -  << "[\r][\n]"
2022-02-04_12:54:27.081 [main] DEBUG o.a.h.i.conn.DefaultClientConnection - Receiving response: HTTP/1.1 200 
2022-02-04_12:54:27.081 [main] DEBUG org.apache.http.headers - << HTTP/1.1 200 
2022-02-04_12:54:27.081 [main] DEBUG org.apache.http.headers - << Access-Control-Allow-Methods: GET, POST
2022-02-04_12:54:27.082 [main] DEBUG org.apache.http.headers - << Access-Control-Allow-Origin: *
2022-02-04_12:54:27.082 [main] DEBUG org.apache.http.headers - << Content-Security-Policy: default-src 'none'
2022-02-04_12:54:27.082 [main] DEBUG org.apache.http.headers - << Feature-Policy: 'none'
2022-02-04_12:54:27.082 [main] DEBUG org.apache.http.headers - << Referrer-Policy: no-referrer
2022-02-04_12:54:27.082 [main] DEBUG org.apache.http.headers - << Strict-Transport-Security: max-age=31536000 ; includeSubDomains
2022-02-04_12:54:27.082 [main] DEBUG org.apache.http.headers - << Date: Fri, 04 Feb 2022 07:24:27 GMT
2022-02-04_12:54:27.082 [main] DEBUG org.apache.http.headers - << Keep-Alive: timeout=60
2022-02-04_12:54:27.082 [main] DEBUG org.apache.http.headers - << Content-Type: application/json
2022-02-04_12:54:27.082 [main] DEBUG org.apache.http.headers - << Transfer-Encoding: chunked
2022-02-04_12:54:27.082 [main] DEBUG org.apache.http.headers - << Connection: keep-alive
2022-02-04_12:54:27.083 [main] DEBUG o.a.h.impl.client.DefaultHttpClient - Connection can be kept alive for 60000 MILLISECONDS
2022-02-04_12:54:27.084 [main] DEBUG i.r.i.RequestSpecificationImpl$RestAssuredHttpBuilder - Parsing response as: application/json
2022-02-04_12:54:27.084 [main] DEBUG i.r.i.RequestSpecificationImpl$RestAssuredHttpBuilder - Parsed data to instance of: class org.apache.http.conn.EofSensorInputStream
2022-02-04_12:54:27.086 [main] INFO  com.qc.BaseAPI - Method :POST
2022-02-04_12:54:27.090 [main] INFO  com.qc.BaseAPI - URI :https://apitest.pineperks.in/card/order/V1/instant/issue/nonreloadable/physical
2022-02-04_12:54:27.090 [main] INFO  com.qc.BaseAPI - Headers :token=ae75696aa49a4de5ac158c1ff77607af
userName=A0aCcnPzDANtKmvSLPKcaw==
Accept=*/*
Content-Type=application/json; charset=UTF-8
2022-02-04_12:54:27.090 [main] INFO  com.qc.BaseAPI - Body :{"pinMode":"1","checksum":"5x3GNrnStyS2PkMvV6EeAw==","cardDetailList":[{"amount":"1000","serialNumber":null,"referenceNumber":"2556187146","mobileNumber":"8284854535","customerName":"APITestOne","email":null}],"externalRequestId":"H2Qk9ad","cardSchemeId":"7","cardIdentifier":"1"}
2022-02-04_12:54:27.090 [main] INFO  com.qc.BaseAPI - ********************RESPONSE********************
2022-02-04_12:54:27.091 [main] DEBUG org.apache.http.wire -  << "1b2[\r][\n]"
2022-02-04_12:54:27.091 [main] DEBUG org.apache.http.wire -  << "{"externalRequestId":"H2Qk9ad","orderId":103274,"orderStatus":6,"cardDetailResponseList":[{"referenceNumber":2556187146,"serialNumber":67929000017684,"customerName":"APITestOne","mobileNumber":8284854535,"email":null,"amount":1000,"cardLink":null,"responseCode":0,"responseMessage":"Success"}],"successCount":1,"failedCount":0,"orderAmount":1000,"issuanceCharge":100,"netOrderAmount":1100,"responseCode":0,"responseMessage":"Success"}"
2022-02-04_12:54:27.091 [main] DEBUG org.apache.http.wire -  << "[\r][\n]"
2022-02-04_12:54:27.091 [main] DEBUG org.apache.http.wire -  << "0[\r][\n]"
2022-02-04_12:54:27.092 [main] DEBUG org.apache.http.wire -  << "[\r][\n]"
2022-02-04_12:54:27.092 [main] DEBUG o.a.h.i.c.BasicClientConnectionManager - Releasing connection org.apache.http.impl.conn.ManagedClientConnectionImpl@437a84d1
2022-02-04_12:54:27.092 [main] DEBUG o.a.h.i.c.BasicClientConnectionManager - Connection can be kept alive for 60000 MILLISECONDS
2022-02-04_12:54:27.095 [main] INFO  com.qc.BaseAPI - Response :{
    "externalRequestId": "H2Qk9ad",
    "orderId": 103274,
    "orderStatus": 6,
    "cardDetailResponseList": [
        {
            "referenceNumber": 2556187146,
            "serialNumber": 67929000017684,
            "customerName": "APITestOne",
            "mobileNumber": 8284854535,
            "email": null,
            "amount": 1000,
            "cardLink": null,
            "responseCode": 0,
            "responseMessage": "Success"
        }
    ],
    "successCount": 1,
    "failedCount": 0,
    "orderAmount": 1000,
    "issuanceCharge": 100,
    "netOrderAmount": 1100,
    "responseCode": 0,
    "responseMessage": "Success"
}
2022-02-04_12:54:27.097 [main] INFO  com.qc.BaseAPI -  **** POST call Response time 922 ms
2022-02-04_12:54:27.097 [main] INFO  pl.rest.service.CardIssue - Time Taken to perform https://apitest.pineperks.in/card/order/V1/instant/issue/nonreloadable/physical transaction: 922
2022-02-04_12:54:27.119 [main] INFO  com.qc.qa.utils.TestDataReader - Reading Json data authorizeHeaders
2022-02-04_12:54:27.125 [main] INFO  com.qc.qa.utils.TestDataReader - Reading json data from file @ testData/api/devAPIData.json
2022-02-04_12:54:27.126 [main] INFO  pl.rest.service.CardUpdate - CardIssue Rest API URL :- https://apitest.pineperks.in/card/profile/V1/admin/status/update
2022-02-04_12:54:27.126 [main] INFO  com.qc.BaseAPI - POST call to URL https://apitest.pineperks.in/card/profile/V1/admin/status/update
2022-02-04_12:54:27.136 [main] INFO  com.qc.BaseAPI - ********************REQUEST********************
2022-02-04_12:54:27.155 [main] DEBUG o.a.h.i.c.BasicClientConnectionManager - Get connection for route {s}->https://apitest.pineperks.in:443
2022-02-04_12:54:27.156 [main] DEBUG o.a.h.i.c.DefaultClientConnectionOperator - Connecting to apitest.pineperks.in:443
2022-02-04_12:54:27.274 [main] DEBUG o.a.h.c.protocol.RequestAddCookies - CookieSpec selected: ignoreCookies
2022-02-04_12:54:27.275 [main] DEBUG o.a.h.c.protocol.RequestAuthCache - Auth cache not set in the context
2022-02-04_12:54:27.275 [main] DEBUG o.a.h.c.p.RequestTargetAuthentication - Target auth state: UNCHALLENGED
2022-02-04_12:54:27.276 [main] DEBUG o.a.h.c.p.RequestProxyAuthentication - Proxy auth state: UNCHALLENGED
2022-02-04_12:54:27.276 [main] DEBUG o.a.h.impl.client.DefaultHttpClient - Attempt 1 to execute request
2022-02-04_12:54:27.276 [main] DEBUG o.a.h.i.conn.DefaultClientConnection - Sending request: POST /card/profile/V1/admin/status/update HTTP/1.1
2022-02-04_12:54:27.276 [main] DEBUG org.apache.http.wire -  >> "POST /card/profile/V1/admin/status/update HTTP/1.1[\r][\n]"
2022-02-04_12:54:27.277 [main] DEBUG org.apache.http.wire -  >> "Accept: */*[\r][\n]"
2022-02-04_12:54:27.277 [main] DEBUG org.apache.http.wire -  >> "userName: A0aCcnPzDANtKmvSLPKcaw==[\r][\n]"
2022-02-04_12:54:27.277 [main] DEBUG org.apache.http.wire -  >> "token: ae75696aa49a4de5ac158c1ff77607af[\r][\n]"
2022-02-04_12:54:27.277 [main] DEBUG org.apache.http.wire -  >> "Content-Type: application/json; charset=UTF-8[\r][\n]"
2022-02-04_12:54:27.277 [main] DEBUG org.apache.http.wire -  >> "Content-Length: 113[\r][\n]"
2022-02-04_12:54:27.277 [main] DEBUG org.apache.http.wire -  >> "Host: apitest.pineperks.in[\r][\n]"
2022-02-04_12:54:27.277 [main] DEBUG org.apache.http.wire -  >> "Connection: Keep-Alive[\r][\n]"
2022-02-04_12:54:27.277 [main] DEBUG org.apache.http.wire -  >> "User-Agent: Apache-HttpClient/4.5.2 (Java/1.8.0_202)[\r][\n]"
2022-02-04_12:54:27.278 [main] DEBUG org.apache.http.wire -  >> "Accept-Encoding: gzip,deflate[\r][\n]"
2022-02-04_12:54:27.278 [main] DEBUG org.apache.http.wire -  >> "[\r][\n]"
2022-02-04_12:54:27.278 [main] DEBUG org.apache.http.headers - >> POST /card/profile/V1/admin/status/update HTTP/1.1
2022-02-04_12:54:27.278 [main] DEBUG org.apache.http.headers - >> Accept: */*
2022-02-04_12:54:27.278 [main] DEBUG org.apache.http.headers - >> userName: A0aCcnPzDANtKmvSLPKcaw==
2022-02-04_12:54:27.278 [main] DEBUG org.apache.http.headers - >> token: ae75696aa49a4de5ac158c1ff77607af
2022-02-04_12:54:27.278 [main] DEBUG org.apache.http.headers - >> Content-Type: application/json; charset=UTF-8
2022-02-04_12:54:27.278 [main] DEBUG org.apache.http.headers - >> Content-Length: 113
2022-02-04_12:54:27.279 [main] DEBUG org.apache.http.headers - >> Host: apitest.pineperks.in
2022-02-04_12:54:27.279 [main] DEBUG org.apache.http.headers - >> Connection: Keep-Alive
2022-02-04_12:54:27.279 [main] DEBUG org.apache.http.headers - >> User-Agent: Apache-HttpClient/4.5.2 (Java/1.8.0_202)
2022-02-04_12:54:27.279 [main] DEBUG org.apache.http.headers - >> Accept-Encoding: gzip,deflate
2022-02-04_12:54:27.279 [main] DEBUG org.apache.http.wire -  >> "{"remarks":"Test","cardStatusUpdateRequestList":[{"reason":"1","referenceNumber":"2556187146","cardStatus":"4"}]}"
2022-02-04_12:54:27.362 [main] DEBUG org.apache.http.wire -  << "HTTP/1.1 200 [\r][\n]"
2022-02-04_12:54:27.363 [main] DEBUG org.apache.http.wire -  << "Access-Control-Allow-Methods: GET, POST[\r][\n]"
2022-02-04_12:54:27.363 [main] DEBUG org.apache.http.wire -  << "Access-Control-Allow-Origin: *[\r][\n]"
2022-02-04_12:54:27.363 [main] DEBUG org.apache.http.wire -  << "Content-Security-Policy: default-src 'none'[\r][\n]"
2022-02-04_12:54:27.363 [main] DEBUG org.apache.http.wire -  << "Feature-Policy: 'none'[\r][\n]"
2022-02-04_12:54:27.364 [main] DEBUG org.apache.http.wire -  << "Referrer-Policy: no-referrer[\r][\n]"
2022-02-04_12:54:27.364 [main] DEBUG org.apache.http.wire -  << "Strict-Transport-Security: max-age=31536000 ; includeSubDomains[\r][\n]"
2022-02-04_12:54:27.364 [main] DEBUG org.apache.http.wire -  << "Date: Fri, 04 Feb 2022 07:24:27 GMT[\r][\n]"
2022-02-04_12:54:27.364 [main] DEBUG org.apache.http.wire -  << "Keep-Alive: timeout=60[\r][\n]"
2022-02-04_12:54:27.364 [main] DEBUG org.apache.http.wire -  << "Content-Type: application/json[\r][\n]"
2022-02-04_12:54:27.365 [main] DEBUG org.apache.http.wire -  << "Transfer-Encoding: chunked[\r][\n]"
2022-02-04_12:54:27.365 [main] DEBUG org.apache.http.wire -  << "Connection: keep-alive[\r][\n]"
2022-02-04_12:54:27.365 [main] DEBUG org.apache.http.wire -  << "[\r][\n]"
2022-02-04_12:54:27.365 [main] DEBUG o.a.h.i.conn.DefaultClientConnection - Receiving response: HTTP/1.1 200 
2022-02-04_12:54:27.365 [main] DEBUG org.apache.http.headers - << HTTP/1.1 200 
2022-02-04_12:54:27.365 [main] DEBUG org.apache.http.headers - << Access-Control-Allow-Methods: GET, POST
2022-02-04_12:54:27.366 [main] DEBUG org.apache.http.headers - << Access-Control-Allow-Origin: *
2022-02-04_12:54:27.366 [main] DEBUG org.apache.http.headers - << Content-Security-Policy: default-src 'none'
2022-02-04_12:54:27.366 [main] DEBUG org.apache.http.headers - << Feature-Policy: 'none'
2022-02-04_12:54:27.366 [main] DEBUG org.apache.http.headers - << Referrer-Policy: no-referrer
2022-02-04_12:54:27.366 [main] DEBUG org.apache.http.headers - << Strict-Transport-Security: max-age=31536000 ; includeSubDomains
2022-02-04_12:54:27.366 [main] DEBUG org.apache.http.headers - << Date: Fri, 04 Feb 2022 07:24:27 GMT
2022-02-04_12:54:27.366 [main] DEBUG org.apache.http.headers - << Keep-Alive: timeout=60
2022-02-04_12:54:27.366 [main] DEBUG org.apache.http.headers - << Content-Type: application/json
2022-02-04_12:54:27.367 [main] DEBUG org.apache.http.headers - << Transfer-Encoding: chunked
2022-02-04_12:54:27.367 [main] DEBUG org.apache.http.headers - << Connection: keep-alive
2022-02-04_12:54:27.367 [main] DEBUG o.a.h.impl.client.DefaultHttpClient - Connection can be kept alive for 60000 MILLISECONDS
2022-02-04_12:54:27.368 [main] DEBUG i.r.i.RequestSpecificationImpl$RestAssuredHttpBuilder - Parsing response as: application/json
2022-02-04_12:54:27.368 [main] DEBUG i.r.i.RequestSpecificationImpl$RestAssuredHttpBuilder - Parsed data to instance of: class org.apache.http.conn.EofSensorInputStream
2022-02-04_12:54:27.369 [main] INFO  com.qc.BaseAPI - Method :POST
2022-02-04_12:54:27.371 [main] INFO  com.qc.BaseAPI - URI :https://apitest.pineperks.in/card/profile/V1/admin/status/update
2022-02-04_12:54:27.371 [main] INFO  com.qc.BaseAPI - Headers :token=ae75696aa49a4de5ac158c1ff77607af
userName=A0aCcnPzDANtKmvSLPKcaw==
Accept=*/*
Content-Type=application/json; charset=UTF-8
2022-02-04_12:54:27.372 [main] INFO  com.qc.BaseAPI - Body :{"remarks":"Test","cardStatusUpdateRequestList":[{"reason":"1","referenceNumber":"2556187146","cardStatus":"4"}]}
2022-02-04_12:54:27.372 [main] INFO  com.qc.BaseAPI - ********************RESPONSE********************
2022-02-04_12:54:27.372 [main] DEBUG org.apache.http.wire -  << "ac[\r][\n]"
2022-02-04_12:54:27.372 [main] DEBUG org.apache.http.wire -  << "{"cardStatusUpdateResponseList":[{"referenceNumber":2556187146,"responseCode":0,"responseMessage":"Success"}],"remarks":"Test","responseCode":0,"responseMessage":"Success"}"
2022-02-04_12:54:27.372 [main] DEBUG org.apache.http.wire -  << "[\r][\n]"
2022-02-04_12:54:27.373 [main] DEBUG org.apache.http.wire -  << "0[\r][\n]"
2022-02-04_12:54:27.373 [main] DEBUG org.apache.http.wire -  << "[\r][\n]"
2022-02-04_12:54:27.374 [main] DEBUG o.a.h.i.c.BasicClientConnectionManager - Releasing connection org.apache.http.impl.conn.ManagedClientConnectionImpl@3f9d5896
2022-02-04_12:54:27.374 [main] DEBUG o.a.h.i.c.BasicClientConnectionManager - Connection can be kept alive for 60000 MILLISECONDS
2022-02-04_12:54:27.375 [main] INFO  com.qc.BaseAPI - Response :{
    "cardStatusUpdateResponseList": [
        {
            "referenceNumber": 2556187146,
            "responseCode": 0,
            "responseMessage": "Success"
        }
    ],
    "remarks": "Test",
    "responseCode": 0,
    "responseMessage": "Success"
}
2022-02-04_12:54:27.376 [main] INFO  com.qc.BaseAPI -  **** POST call Response time 230 ms
2022-02-04_12:54:27.376 [main] INFO  pl.rest.service.CardUpdate - Time Taken to perform https://apitest.pineperks.in/card/profile/V1/admin/status/update transaction: 230
2022-02-04_12:54:28.022 [Finalizer] DEBUG o.a.h.i.conn.DefaultClientConnection - Connection 0.0.0.0:54599<->14.143.120.84:443 closed
2022-02-04_12:54:28.332 [main] INFO  pl.rest.utils.DBUtils - Query being executed Select * from ordersummary where ReferenceNumber=2556187146;
2022-02-04_12:54:28.333 [main] INFO  com.qc.qa.dbutils.DBPoolProvider - Con pool Total - 400, idle - 1,  Num active - 0
2022-02-04_12:54:28.333 [main] INFO  com.qc.qa.dbutils.DBPoolProvider - Retrieved connection
