2022-01-25_19:40:22.410 [main] INFO  com.qc.CukeBase - Cucumber Before web scenario - Validating the response JSON schema
2022-01-25_19:40:22.445 [main] INFO  i.g.bonigarcia.wdm.WebDriverManager - Please answer the following questionnaire based on your experience with WebDriverManager. Thanks a lot!
2022-01-25_19:40:22.446 [main] INFO  i.g.bonigarcia.wdm.WebDriverManager - ====> http://tiny.cc/wdm-survey <====
2022-01-25_19:40:24.118 [main] INFO  i.g.bonigarcia.wdm.WebDriverManager - Using chromedriver 97.0.4692.71 (since Chrome 97 is installed in your machine)
2022-01-25_19:40:24.147 [main] DEBUG i.g.bonigarcia.wdm.WebDriverManager - Driver chromedriver 97.0.4692.71 found in cache
2022-01-25_19:40:24.147 [main] INFO  i.g.bonigarcia.wdm.WebDriverManager - Exporting webdriver.chrome.driver as C:\Users\afzal.ahmed\.m2\repository\webdriver\chromedriver\win32\97.0.4692.71\chromedriver.exe
2022-01-25_19:40:25.298 [main] INFO  com.qc.qa.drivers.ChromeDriverManger - Chrome service started
2022-01-25_19:40:29.086 [main] INFO  com.qc.CukeBase - Set new webDriver
2022-01-25_19:40:29.087 [main] INFO  com.qc.CukeBase - Getting webDriver
2022-01-25_19:40:29.324 [main] INFO  com.qc.CukeBase - Getting webDriver
2022-01-25_19:40:29.331 [main] INFO  pl.rest.CustomHooks - SCENARIO NAME: Validating the response JSON schema
2022-01-25_19:40:29.331 [main] INFO  pl.rest.CustomHooks - TAG NAMEs: [@Regression, @Web]
2022-01-25_19:40:29.332 [main] INFO  pl.rest.CustomHooks - SCENARIO NAME: Validating the response JSON schema
2022-01-25_19:40:29.333 [main] INFO  pl.rest.CustomHooks - TAG NAMEs: [@Regression, @Web]
2022-01-25_19:40:29.335 [main] INFO  pl.rest.CustomHooks - Index: 0, Size: 0
2022-01-25_19:40:30.477 [main] INFO  com.qc.qa.utils.TestDataReader - Reading API Test Data config values from  testData/api/devAPITestData.properties
2022-01-25_19:40:30.480 [main] INFO  pl.rest.service.Authorize - Authorize Rest API URL :- https://apitest.pineperks.in/auth/V1/generate/token
2022-01-25_19:40:30.480 [main] INFO  com.qc.BaseAPI - GET call to URL https://apitest.pineperks.in/auth/V1/generate/token
2022-01-25_19:40:30.754 [main] INFO  com.qc.BaseAPI - ********************REQUEST********************
2022-01-25_19:40:31.076 [main] DEBUG o.a.h.i.c.BasicClientConnectionManager - Get connection for route {s}->https://apitest.pineperks.in:443
2022-01-25_19:40:31.097 [main] DEBUG o.a.h.i.c.DefaultClientConnectionOperator - Connecting to apitest.pineperks.in:443
2022-01-25_19:40:31.364 [main] DEBUG o.a.h.c.protocol.RequestAddCookies - CookieSpec selected: ignoreCookies
2022-01-25_19:40:31.367 [main] DEBUG o.a.h.c.protocol.RequestAuthCache - Auth cache not set in the context
2022-01-25_19:40:31.367 [main] DEBUG o.a.h.c.p.RequestTargetAuthentication - Target auth state: UNCHALLENGED
2022-01-25_19:40:31.368 [main] DEBUG o.a.h.c.p.RequestProxyAuthentication - Proxy auth state: UNCHALLENGED
2022-01-25_19:40:31.369 [main] DEBUG o.a.h.impl.client.DefaultHttpClient - Attempt 1 to execute request
2022-01-25_19:40:31.369 [main] DEBUG o.a.h.i.conn.DefaultClientConnection - Sending request: GET /auth/V1/generate/token HTTP/1.1
2022-01-25_19:40:31.370 [main] DEBUG org.apache.http.wire -  >> "GET /auth/V1/generate/token HTTP/1.1[\r][\n]"
2022-01-25_19:40:31.372 [main] DEBUG org.apache.http.wire -  >> "Content-Type: application/json; charset=UTF-8[\r][\n]"
2022-01-25_19:40:31.372 [main] DEBUG org.apache.http.wire -  >> "Accept: */*[\r][\n]"
2022-01-25_19:40:31.372 [main] DEBUG org.apache.http.wire -  >> "userName: A0aCcnPzDANtKmvSLPKcaw==[\r][\n]"
2022-01-25_19:40:31.372 [main] DEBUG org.apache.http.wire -  >> "Host: apitest.pineperks.in[\r][\n]"
2022-01-25_19:40:31.373 [main] DEBUG org.apache.http.wire -  >> "Connection: Keep-Alive[\r][\n]"
2022-01-25_19:40:31.373 [main] DEBUG org.apache.http.wire -  >> "User-Agent: Apache-HttpClient/4.5.2 (Java/1.8.0_202)[\r][\n]"
2022-01-25_19:40:31.373 [main] DEBUG org.apache.http.wire -  >> "Accept-Encoding: gzip,deflate[\r][\n]"
2022-01-25_19:40:31.373 [main] DEBUG org.apache.http.wire -  >> "[\r][\n]"
2022-01-25_19:40:31.374 [main] DEBUG org.apache.http.headers - >> GET /auth/V1/generate/token HTTP/1.1
2022-01-25_19:40:31.374 [main] DEBUG org.apache.http.headers - >> Content-Type: application/json; charset=UTF-8
2022-01-25_19:40:31.374 [main] DEBUG org.apache.http.headers - >> Accept: */*
2022-01-25_19:40:31.374 [main] DEBUG org.apache.http.headers - >> userName: A0aCcnPzDANtKmvSLPKcaw==
2022-01-25_19:40:31.374 [main] DEBUG org.apache.http.headers - >> Host: apitest.pineperks.in
2022-01-25_19:40:31.374 [main] DEBUG org.apache.http.headers - >> Connection: Keep-Alive
2022-01-25_19:40:31.374 [main] DEBUG org.apache.http.headers - >> User-Agent: Apache-HttpClient/4.5.2 (Java/1.8.0_202)
2022-01-25_19:40:31.374 [main] DEBUG org.apache.http.headers - >> Accept-Encoding: gzip,deflate
2022-01-25_19:40:31.412 [main] DEBUG org.apache.http.wire -  << "HTTP/1.1 200 [\r][\n]"
2022-01-25_19:40:31.415 [main] DEBUG org.apache.http.wire -  << "Access-Control-Allow-Methods: GET, POST[\r][\n]"
2022-01-25_19:40:31.415 [main] DEBUG org.apache.http.wire -  << "Access-Control-Allow-Origin: *[\r][\n]"
2022-01-25_19:40:31.415 [main] DEBUG org.apache.http.wire -  << "Content-Security-Policy: default-src 'none'[\r][\n]"
2022-01-25_19:40:31.415 [main] DEBUG org.apache.http.wire -  << "Feature-Policy: 'none'[\r][\n]"
2022-01-25_19:40:31.415 [main] DEBUG org.apache.http.wire -  << "Referrer-Policy: no-referrer[\r][\n]"
2022-01-25_19:40:31.415 [main] DEBUG org.apache.http.wire -  << "Strict-Transport-Security: max-age=31536000 ; includeSubDomains[\r][\n]"
2022-01-25_19:40:31.415 [main] DEBUG org.apache.http.wire -  << "Date: Tue, 25 Jan 2022 14:10:31 GMT[\r][\n]"
2022-01-25_19:40:31.415 [main] DEBUG org.apache.http.wire -  << "Keep-Alive: timeout=60[\r][\n]"
2022-01-25_19:40:31.416 [main] DEBUG org.apache.http.wire -  << "Content-Type: application/json[\r][\n]"
2022-01-25_19:40:31.416 [main] DEBUG org.apache.http.wire -  << "Transfer-Encoding: chunked[\r][\n]"
2022-01-25_19:40:31.416 [main] DEBUG org.apache.http.wire -  << "Connection: keep-alive[\r][\n]"
2022-01-25_19:40:31.416 [main] DEBUG org.apache.http.wire -  << "[\r][\n]"
2022-01-25_19:40:31.417 [main] DEBUG o.a.h.i.conn.DefaultClientConnection - Receiving response: HTTP/1.1 200 
2022-01-25_19:40:31.417 [main] DEBUG org.apache.http.headers - << HTTP/1.1 200 
2022-01-25_19:40:31.417 [main] DEBUG org.apache.http.headers - << Access-Control-Allow-Methods: GET, POST
2022-01-25_19:40:31.417 [main] DEBUG org.apache.http.headers - << Access-Control-Allow-Origin: *
2022-01-25_19:40:31.417 [main] DEBUG org.apache.http.headers - << Content-Security-Policy: default-src 'none'
2022-01-25_19:40:31.417 [main] DEBUG org.apache.http.headers - << Feature-Policy: 'none'
2022-01-25_19:40:31.417 [main] DEBUG org.apache.http.headers - << Referrer-Policy: no-referrer
2022-01-25_19:40:31.418 [main] DEBUG org.apache.http.headers - << Strict-Transport-Security: max-age=31536000 ; includeSubDomains
2022-01-25_19:40:31.418 [main] DEBUG org.apache.http.headers - << Date: Tue, 25 Jan 2022 14:10:31 GMT
2022-01-25_19:40:31.418 [main] DEBUG org.apache.http.headers - << Keep-Alive: timeout=60
2022-01-25_19:40:31.418 [main] DEBUG org.apache.http.headers - << Content-Type: application/json
2022-01-25_19:40:31.418 [main] DEBUG org.apache.http.headers - << Transfer-Encoding: chunked
2022-01-25_19:40:31.418 [main] DEBUG org.apache.http.headers - << Connection: keep-alive
2022-01-25_19:40:31.427 [main] DEBUG o.a.h.impl.client.DefaultHttpClient - Connection can be kept alive for 60000 MILLISECONDS
2022-01-25_19:40:31.472 [main] DEBUG i.r.i.RequestSpecificationImpl$RestAssuredHttpBuilder - Parsing response as: application/json
2022-01-25_19:40:31.474 [main] DEBUG i.r.i.RequestSpecificationImpl$RestAssuredHttpBuilder - Parsed data to instance of: class org.apache.http.conn.EofSensorInputStream
2022-01-25_19:40:31.493 [main] INFO  com.qc.BaseAPI - Method :GET
2022-01-25_19:40:31.494 [main] INFO  com.qc.BaseAPI - URI :https://apitest.pineperks.in/auth/V1/generate/token
2022-01-25_19:40:31.495 [main] INFO  com.qc.BaseAPI - Headers :userName=A0aCcnPzDANtKmvSLPKcaw==
Accept=*/*
Content-Type=application/json; charset=UTF-8
2022-01-25_19:40:31.496 [main] INFO  com.qc.BaseAPI - Body :null
2022-01-25_19:40:31.496 [main] INFO  com.qc.BaseAPI - ********************RESPONSE********************
2022-01-25_19:40:31.513 [main] DEBUG org.apache.http.wire -  << "7f[\r][\n]"
2022-01-25_19:40:31.513 [main] DEBUG org.apache.http.wire -  << "{"accessToken":"a9ff17cbbbdf43f398954f9e5caddece","tokenExpiryTime":"25-Jan-2024","responseCode":0,"responseMessage":"Success"}"
2022-01-25_19:40:31.514 [main] DEBUG org.apache.http.wire -  << "[\r][\n]"
2022-01-25_19:40:31.515 [main] DEBUG org.apache.http.wire -  << "0[\r][\n]"
2022-01-25_19:40:31.515 [main] DEBUG org.apache.http.wire -  << "[\r][\n]"
2022-01-25_19:40:31.515 [main] DEBUG o.a.h.i.c.BasicClientConnectionManager - Releasing connection org.apache.http.impl.conn.ManagedClientConnectionImpl@7b37d57f
2022-01-25_19:40:31.515 [main] DEBUG o.a.h.i.c.BasicClientConnectionManager - Connection can be kept alive for 60000 MILLISECONDS
2022-01-25_19:40:31.564 [main] INFO  com.qc.BaseAPI - Response :{
    "accessToken": "a9ff17cbbbdf43f398954f9e5caddece",
    "tokenExpiryTime": "25-Jan-2024",
    "responseCode": 0,
    "responseMessage": "Success"
}
2022-01-25_19:40:31.568 [main] INFO  com.qc.BaseAPI -  **** GET call Response time 721 ms
2022-01-25_19:40:31.568 [main] INFO  pl.rest.service.Authorize - Time Taken to perform https://apitest.pineperks.in/auth/V1/generate/token transaction: 721
2022-01-25_19:40:32.192 [main] INFO  p.rest.stepDefs.TransactionsStepDefs - path
2022-01-25_19:40:32.324 [main] DEBUG com.qc.qa.ui.BasePage - No Alert displayed
2022-01-25_19:40:32.532 [main] INFO  com.qc.CukeBase - Closing driver
