2022-01-25_18:20:01.222 [main] INFO  com.qc.CukeBase - Cucumber Before web scenario - Validating the expiry date field when updating the expiry duration as 7 days.
2022-01-25_18:20:01.250 [main] INFO  i.g.bonigarcia.wdm.WebDriverManager - Please answer the following questionnaire based on your experience with WebDriverManager. Thanks a lot!
2022-01-25_18:20:01.250 [main] INFO  i.g.bonigarcia.wdm.WebDriverManager - ====> http://tiny.cc/wdm-survey <====
2022-01-25_18:20:02.837 [main] INFO  i.g.bonigarcia.wdm.WebDriverManager - Using chromedriver 97.0.4692.71 (since Chrome 97 is installed in your machine)
2022-01-25_18:20:02.864 [main] DEBUG i.g.bonigarcia.wdm.WebDriverManager - Driver chromedriver 97.0.4692.71 found in cache
2022-01-25_18:20:02.865 [main] INFO  i.g.bonigarcia.wdm.WebDriverManager - Exporting webdriver.chrome.driver as C:\Users\afzal.ahmed\.m2\repository\webdriver\chromedriver\win32\97.0.4692.71\chromedriver.exe
2022-01-25_18:20:04.004 [main] INFO  com.qc.qa.drivers.ChromeDriverManger - Chrome service started
2022-01-25_18:20:07.608 [main] INFO  com.qc.CukeBase - Set new webDriver
2022-01-25_18:20:07.609 [main] INFO  com.qc.CukeBase - Getting webDriver
2022-01-25_18:20:08.143 [main] INFO  com.qc.CukeBase - Getting webDriver
2022-01-25_18:20:08.151 [main] INFO  pl.rest.CustomHooks - SCENARIO NAME: Validating the expiry date field when updating the expiry duration as 7 days.
2022-01-25_18:20:08.152 [main] INFO  pl.rest.CustomHooks - TAG NAMEs: [@Web_UI_01, @Regression, @Web]
2022-01-25_18:20:08.153 [main] INFO  pl.rest.CustomHooks - SCENARIO NAME: Validating the expiry date field when updating the expiry duration as 7 days.
2022-01-25_18:20:08.154 [main] INFO  pl.rest.CustomHooks - TAG NAMEs: [@Web_UI_01, @Regression, @Web]
2022-01-25_18:20:08.155 [main] INFO  pl.rest.CustomHooks - Index: 0, Size: 0
2022-01-25_18:20:08.165 [main] INFO  pl.rest.utils.DBUtils - query being executed update IssuerSystemVariable set value='{  "expiryDurationType" : 1,   "expiryDurationValue" : 7  }' where name='API_TOKEN_EXPIRY_TIME';
2022-01-25_18:20:11.391 [main] INFO  com.qc.qa.ui.BasePage - Navigating to  URL: https://admintest.pineperks.in/
2022-01-25_18:20:11.393 [main] INFO  com.qc.qa.ui.BasePage - Waiting for page to be ready 
2022-01-25_18:20:11.425 [main] INFO  gui.pages.UIActionPages - PinePerks|Login
2022-01-25_18:20:11.472 [main] INFO  com.qc.qa.ui.BasePage - Entering the text -afzal.ahmed@pinelabs.com
2022-01-25_18:20:11.475 [main] INFO  com.qc.qa.ui.BasePage - Waiting for element to clickable 
2022-01-25_18:20:11.648 [main] INFO  com.qc.qa.ui.BasePage - Entering the text -Dashboard@DG1809
2022-01-25_18:20:11.651 [main] INFO  com.qc.qa.ui.BasePage - Waiting for element to clickable 
2022-01-25_18:20:11.832 [main] INFO  com.qc.qa.ui.BasePage - Clicking the element in page
2022-01-25_18:20:11.835 [main] INFO  com.qc.qa.ui.BasePage - Waiting for element to clickable 
2022-01-25_18:20:13.424 [main] INFO  com.qc.qa.ui.BasePage - Waiting for page to be ready 
2022-01-25_18:20:13.442 [main] INFO  com.qc.qa.ui.BasePage - ClickingBy.xpath: //a[@href='/admin/clearCacheData']
2022-01-25_18:20:13.483 [main] INFO  com.qc.qa.ui.BasePage - Waiting for element to clickable 
2022-01-25_18:20:14.024 [main] INFO  com.qc.qa.ui.BasePage - Waiting for page to be ready 
2022-01-25_18:20:14.179 [main] INFO  com.qc.qa.ui.BasePage - ClickingBy.id: pageSubmission
2022-01-25_18:20:14.249 [main] INFO  com.qc.qa.ui.BasePage - Waiting for element to clickable 
2022-01-25_18:20:14.497 [main] INFO  com.qc.qa.ui.BasePage - Waiting for lodding image to close
2022-01-25_18:20:15.575 [main] INFO  com.qc.qa.utils.TestDataReader - Reading API Test Data config values from  testData/api/devAPITestData.properties
2022-01-25_18:20:15.579 [main] INFO  pl.rest.service.Authorize - Authorize Rest API URL :- https://apitest.pineperks.in/auth/V1/generate/token
2022-01-25_18:20:15.580 [main] INFO  com.qc.BaseAPI - GET call to URL https://apitest.pineperks.in/auth/V1/generate/token
2022-01-25_18:20:15.762 [main] INFO  com.qc.BaseAPI - ********************REQUEST********************
2022-01-25_18:20:16.064 [main] DEBUG o.a.h.i.c.BasicClientConnectionManager - Get connection for route {s}->https://apitest.pineperks.in:443
2022-01-25_18:20:16.074 [main] DEBUG o.a.h.i.c.DefaultClientConnectionOperator - Connecting to apitest.pineperks.in:443
2022-01-25_18:20:16.270 [main] DEBUG o.a.h.c.protocol.RequestAddCookies - CookieSpec selected: ignoreCookies
2022-01-25_18:20:16.272 [main] DEBUG o.a.h.c.protocol.RequestAuthCache - Auth cache not set in the context
2022-01-25_18:20:16.272 [main] DEBUG o.a.h.c.p.RequestTargetAuthentication - Target auth state: UNCHALLENGED
2022-01-25_18:20:16.272 [main] DEBUG o.a.h.c.p.RequestProxyAuthentication - Proxy auth state: UNCHALLENGED
2022-01-25_18:20:16.273 [main] DEBUG o.a.h.impl.client.DefaultHttpClient - Attempt 1 to execute request
2022-01-25_18:20:16.273 [main] DEBUG o.a.h.i.conn.DefaultClientConnection - Sending request: GET /auth/V1/generate/token HTTP/1.1
2022-01-25_18:20:16.274 [main] DEBUG org.apache.http.wire -  >> "GET /auth/V1/generate/token HTTP/1.1[\r][\n]"
2022-01-25_18:20:16.275 [main] DEBUG org.apache.http.wire -  >> "Content-Type: application/json; charset=UTF-8[\r][\n]"
2022-01-25_18:20:16.275 [main] DEBUG org.apache.http.wire -  >> "Accept: */*[\r][\n]"
2022-01-25_18:20:16.275 [main] DEBUG org.apache.http.wire -  >> "userName: A0aCcnPzDANtKmvSLPKcaw==[\r][\n]"
2022-01-25_18:20:16.276 [main] DEBUG org.apache.http.wire -  >> "Host: apitest.pineperks.in[\r][\n]"
2022-01-25_18:20:16.276 [main] DEBUG org.apache.http.wire -  >> "Connection: Keep-Alive[\r][\n]"
2022-01-25_18:20:16.276 [main] DEBUG org.apache.http.wire -  >> "User-Agent: Apache-HttpClient/4.5.2 (Java/1.8.0_202)[\r][\n]"
2022-01-25_18:20:16.276 [main] DEBUG org.apache.http.wire -  >> "Accept-Encoding: gzip,deflate[\r][\n]"
2022-01-25_18:20:16.276 [main] DEBUG org.apache.http.wire -  >> "[\r][\n]"
2022-01-25_18:20:16.276 [main] DEBUG org.apache.http.headers - >> GET /auth/V1/generate/token HTTP/1.1
2022-01-25_18:20:16.276 [main] DEBUG org.apache.http.headers - >> Content-Type: application/json; charset=UTF-8
2022-01-25_18:20:16.276 [main] DEBUG org.apache.http.headers - >> Accept: */*
2022-01-25_18:20:16.276 [main] DEBUG org.apache.http.headers - >> userName: A0aCcnPzDANtKmvSLPKcaw==
2022-01-25_18:20:16.276 [main] DEBUG org.apache.http.headers - >> Host: apitest.pineperks.in
2022-01-25_18:20:16.276 [main] DEBUG org.apache.http.headers - >> Connection: Keep-Alive
2022-01-25_18:20:16.276 [main] DEBUG org.apache.http.headers - >> User-Agent: Apache-HttpClient/4.5.2 (Java/1.8.0_202)
2022-01-25_18:20:16.276 [main] DEBUG org.apache.http.headers - >> Accept-Encoding: gzip,deflate
2022-01-25_18:20:16.307 [main] DEBUG org.apache.http.wire -  << "HTTP/1.1 200 [\r][\n]"
2022-01-25_18:20:16.311 [main] DEBUG org.apache.http.wire -  << "Access-Control-Allow-Methods: GET, POST[\r][\n]"
2022-01-25_18:20:16.311 [main] DEBUG org.apache.http.wire -  << "Access-Control-Allow-Origin: *[\r][\n]"
2022-01-25_18:20:16.312 [main] DEBUG org.apache.http.wire -  << "Content-Security-Policy: default-src 'none'[\r][\n]"
2022-01-25_18:20:16.312 [main] DEBUG org.apache.http.wire -  << "Feature-Policy: 'none'[\r][\n]"
2022-01-25_18:20:16.312 [main] DEBUG org.apache.http.wire -  << "Referrer-Policy: no-referrer[\r][\n]"
2022-01-25_18:20:16.312 [main] DEBUG org.apache.http.wire -  << "Strict-Transport-Security: max-age=31536000 ; includeSubDomains[\r][\n]"
2022-01-25_18:20:16.312 [main] DEBUG org.apache.http.wire -  << "Date: Tue, 25 Jan 2022 12:50:16 GMT[\r][\n]"
2022-01-25_18:20:16.312 [main] DEBUG org.apache.http.wire -  << "Keep-Alive: timeout=60[\r][\n]"
2022-01-25_18:20:16.312 [main] DEBUG org.apache.http.wire -  << "Content-Type: application/json[\r][\n]"
2022-01-25_18:20:16.312 [main] DEBUG org.apache.http.wire -  << "Transfer-Encoding: chunked[\r][\n]"
2022-01-25_18:20:16.312 [main] DEBUG org.apache.http.wire -  << "Connection: keep-alive[\r][\n]"
2022-01-25_18:20:16.312 [main] DEBUG org.apache.http.wire -  << "[\r][\n]"
2022-01-25_18:20:16.314 [main] DEBUG o.a.h.i.conn.DefaultClientConnection - Receiving response: HTTP/1.1 200 
2022-01-25_18:20:16.314 [main] DEBUG org.apache.http.headers - << HTTP/1.1 200 
2022-01-25_18:20:16.314 [main] DEBUG org.apache.http.headers - << Access-Control-Allow-Methods: GET, POST
2022-01-25_18:20:16.314 [main] DEBUG org.apache.http.headers - << Access-Control-Allow-Origin: *
2022-01-25_18:20:16.314 [main] DEBUG org.apache.http.headers - << Content-Security-Policy: default-src 'none'
2022-01-25_18:20:16.314 [main] DEBUG org.apache.http.headers - << Feature-Policy: 'none'
2022-01-25_18:20:16.314 [main] DEBUG org.apache.http.headers - << Referrer-Policy: no-referrer
2022-01-25_18:20:16.314 [main] DEBUG org.apache.http.headers - << Strict-Transport-Security: max-age=31536000 ; includeSubDomains
2022-01-25_18:20:16.314 [main] DEBUG org.apache.http.headers - << Date: Tue, 25 Jan 2022 12:50:16 GMT
2022-01-25_18:20:16.314 [main] DEBUG org.apache.http.headers - << Keep-Alive: timeout=60
2022-01-25_18:20:16.314 [main] DEBUG org.apache.http.headers - << Content-Type: application/json
2022-01-25_18:20:16.315 [main] DEBUG org.apache.http.headers - << Transfer-Encoding: chunked
2022-01-25_18:20:16.315 [main] DEBUG org.apache.http.headers - << Connection: keep-alive
2022-01-25_18:20:16.321 [main] DEBUG o.a.h.impl.client.DefaultHttpClient - Connection can be kept alive for 60000 MILLISECONDS
2022-01-25_18:20:16.345 [main] DEBUG i.r.i.RequestSpecificationImpl$RestAssuredHttpBuilder - Parsing response as: application/json
2022-01-25_18:20:16.346 [main] DEBUG i.r.i.RequestSpecificationImpl$RestAssuredHttpBuilder - Parsed data to instance of: class org.apache.http.conn.EofSensorInputStream
2022-01-25_18:20:16.362 [main] INFO  com.qc.BaseAPI - Method :GET
2022-01-25_18:20:16.363 [main] INFO  com.qc.BaseAPI - URI :https://apitest.pineperks.in/auth/V1/generate/token
2022-01-25_18:20:16.363 [main] INFO  com.qc.BaseAPI - Headers :userName=A0aCcnPzDANtKmvSLPKcaw==
Accept=*/*
Content-Type=application/json; charset=UTF-8
2022-01-25_18:20:16.363 [main] INFO  com.qc.BaseAPI - Body :null
2022-01-25_18:20:16.363 [main] INFO  com.qc.BaseAPI - ********************RESPONSE********************
2022-01-25_18:20:16.378 [main] DEBUG org.apache.http.wire -  << "7f[\r][\n]"
2022-01-25_18:20:16.379 [main] DEBUG org.apache.http.wire -  << "{"accessToken":"4e5c40b030644779873fd49b24063357","tokenExpiryTime":"25-May-2022","responseCode":0,"responseMessage":"Success"}"
2022-01-25_18:20:16.380 [main] DEBUG org.apache.http.wire -  << "[\r][\n]"
2022-01-25_18:20:16.381 [main] DEBUG org.apache.http.wire -  << "0[\r][\n]"
2022-01-25_18:20:16.381 [main] DEBUG org.apache.http.wire -  << "[\r][\n]"
2022-01-25_18:20:16.381 [main] DEBUG o.a.h.i.c.BasicClientConnectionManager - Releasing connection org.apache.http.impl.conn.ManagedClientConnectionImpl@7256366a
2022-01-25_18:20:16.381 [main] DEBUG o.a.h.i.c.BasicClientConnectionManager - Connection can be kept alive for 60000 MILLISECONDS
2022-01-25_18:20:16.419 [main] INFO  com.qc.BaseAPI - Response :{
    "accessToken": "4e5c40b030644779873fd49b24063357",
    "tokenExpiryTime": "25-May-2022",
    "responseCode": 0,
    "responseMessage": "Success"
}
2022-01-25_18:20:16.421 [main] INFO  com.qc.BaseAPI -  **** GET call Response time 585 ms
2022-01-25_18:20:16.422 [main] INFO  pl.rest.service.Authorize - Time Taken to perform https://apitest.pineperks.in/auth/V1/generate/token transaction: 585
2022-01-25_18:20:16.552 [main] INFO  p.rest.stepDefs.TransactionsStepDefs - Expected date 01-Feb-2022
2022-01-25_18:20:16.552 [main] INFO  p.rest.stepDefs.TransactionsStepDefs - actual Date 25-May-2022
2022-01-25_18:20:16.644 [main] INFO  com.qc.CukeBase - Getting webDriver
2022-01-25_18:20:16.957 [main] DEBUG com.qc.qa.ui.BasePage - No Alert displayed
2022-01-25_18:20:17.295 [main] INFO  com.qc.CukeBase - Closing driver
