2021-12-27_17:42:16.791 [main] INFO  pl.rest.CustomHooks - SCENARIO NAME: Issuing a Reloadable Digital Card with V1 API
2021-12-27_17:42:16.795 [main] INFO  pl.rest.CustomHooks - TAG NAMEs: [@Regression, @TestSet0, @DB]
2021-12-27_17:42:16.800 [main] INFO  pl.rest.CustomHooks - SCENARIO NAME: Issuing a Reloadable Digital Card with V1 API
2021-12-27_17:42:16.800 [main] INFO  pl.rest.CustomHooks - TAG NAMEs: [@Regression, @TestSet0, @DB]
2021-12-27_17:42:16.865 [main] INFO  pl.rest.CustomHooks - Index: 0, Size: 0
2021-12-27_17:42:16.869 [main] INFO  pl.rest.utils.TestSetDataReader - Reading API Test Data config values from  testData/api/TestSet0_devAPITestData.properties
2021-12-27_17:42:16.884 [main] INFO  pl.rest.stepDefs.CardIssueStepDefs - Fetched mobile number Dataset 8284854535
2021-12-27_17:42:16.887 [main] INFO  pl.rest.utils.DBUtils - Delinking mobile from Cards
2021-12-27_17:42:16.887 [main] INFO  pl.rest.utils.DBUtils - Executing the query update card set CardStatus=4where AccountType=18 and ActivationMobileNumber in(8284854535) and CardType=2 and cardstatus in (1,2);
2021-12-27_17:42:16.929 [main] ERROR com.qc.qa.utils.LoadProperties - Missing MySQLDBEnvironment property value in system property or in config.properties files.Please add it if incase required
2021-12-27_17:42:16.930 [main] INFO  com.qc.qa.dbutils.DBPoolProvider - Con pool Total - 400, idle - 0,  Num active - 0
2021-12-27_17:42:16.930 [main] INFO  com.qc.qa.dbutils.DBPoolProvider - Retrieved connection
2021-12-27_17:42:19.411 [main] INFO  c.qc.qa.dbutils.DBConnectionManager - DB Connected Successfully.
2021-12-27_17:42:19.412 [main] INFO  c.qc.qa.dbutils.DBConnectionManager - Executing Query:::update card set CardStatus=4where AccountType=18 and ActivationMobileNumber in(8284854535) and CardType=2 and cardstatus in (1,2);
2021-12-27_17:42:19.443 [main] INFO  pl.rest.utils.DBUtils - No. of rows affected on delinking mobile1
2021-12-27_17:42:20.393 [main] INFO  com.qc.qa.utils.TestDataReader - Reading API Test Data config values from  testData/api/devAPITestData.properties
2021-12-27_17:42:20.396 [main] INFO  pl.rest.service.Authorize - Authorize Rest API URL :- https://apitest.pineperks.in/auth/V1/generate/token
2021-12-27_17:42:20.397 [main] INFO  com.qc.BaseAPI - GET call to URL https://apitest.pineperks.in/auth/V1/generate/token
2021-12-27_17:42:20.575 [main] INFO  com.qc.BaseAPI - ********************REQUEST********************
2021-12-27_17:42:20.834 [main] DEBUG o.a.h.i.c.BasicClientConnectionManager - Get connection for route {s}->https://apitest.pineperks.in:443
2021-12-27_17:42:20.844 [main] DEBUG o.a.h.i.c.DefaultClientConnectionOperator - Connecting to apitest.pineperks.in:443
2021-12-27_17:42:21.003 [main] DEBUG o.a.h.c.protocol.RequestAddCookies - CookieSpec selected: ignoreCookies
2021-12-27_17:42:21.005 [main] DEBUG o.a.h.c.protocol.RequestAuthCache - Auth cache not set in the context
2021-12-27_17:42:21.006 [main] DEBUG o.a.h.c.p.RequestTargetAuthentication - Target auth state: UNCHALLENGED
2021-12-27_17:42:21.007 [main] DEBUG o.a.h.c.p.RequestProxyAuthentication - Proxy auth state: UNCHALLENGED
2021-12-27_17:42:21.007 [main] DEBUG o.a.h.impl.client.DefaultHttpClient - Attempt 1 to execute request
2021-12-27_17:42:21.007 [main] DEBUG o.a.h.i.conn.DefaultClientConnection - Sending request: GET /auth/V1/generate/token HTTP/1.1
2021-12-27_17:42:21.008 [main] DEBUG org.apache.http.wire -  >> "GET /auth/V1/generate/token HTTP/1.1[\r][\n]"
2021-12-27_17:42:21.010 [main] DEBUG org.apache.http.wire -  >> "Content-Type: application/json; charset=UTF-8[\r][\n]"
2021-12-27_17:42:21.010 [main] DEBUG org.apache.http.wire -  >> "Accept: */*[\r][\n]"
2021-12-27_17:42:21.010 [main] DEBUG org.apache.http.wire -  >> "userName: A0aCcnPzDANtKmvSLPKcaw==[\r][\n]"
2021-12-27_17:42:21.010 [main] DEBUG org.apache.http.wire -  >> "Host: apitest.pineperks.in[\r][\n]"
2021-12-27_17:42:21.010 [main] DEBUG org.apache.http.wire -  >> "Connection: Keep-Alive[\r][\n]"
2021-12-27_17:42:21.010 [main] DEBUG org.apache.http.wire -  >> "User-Agent: Apache-HttpClient/4.5.2 (Java/1.8.0_202)[\r][\n]"
2021-12-27_17:42:21.011 [main] DEBUG org.apache.http.wire -  >> "Accept-Encoding: gzip,deflate[\r][\n]"
2021-12-27_17:42:21.011 [main] DEBUG org.apache.http.wire -  >> "[\r][\n]"
2021-12-27_17:42:21.011 [main] DEBUG org.apache.http.headers - >> GET /auth/V1/generate/token HTTP/1.1
2021-12-27_17:42:21.011 [main] DEBUG org.apache.http.headers - >> Content-Type: application/json; charset=UTF-8
2021-12-27_17:42:21.011 [main] DEBUG org.apache.http.headers - >> Accept: */*
2021-12-27_17:42:21.011 [main] DEBUG org.apache.http.headers - >> userName: A0aCcnPzDANtKmvSLPKcaw==
2021-12-27_17:42:21.011 [main] DEBUG org.apache.http.headers - >> Host: apitest.pineperks.in
2021-12-27_17:42:21.011 [main] DEBUG org.apache.http.headers - >> Connection: Keep-Alive
2021-12-27_17:42:21.012 [main] DEBUG org.apache.http.headers - >> User-Agent: Apache-HttpClient/4.5.2 (Java/1.8.0_202)
2021-12-27_17:42:21.012 [main] DEBUG org.apache.http.headers - >> Accept-Encoding: gzip,deflate
2021-12-27_17:42:21.057 [main] DEBUG org.apache.http.wire -  << "HTTP/1.1 200 [\r][\n]"
2021-12-27_17:42:21.061 [main] DEBUG org.apache.http.wire -  << "Access-Control-Allow-Methods: GET, POST[\r][\n]"
2021-12-27_17:42:21.061 [main] DEBUG org.apache.http.wire -  << "Access-Control-Allow-Origin: *[\r][\n]"
2021-12-27_17:42:21.061 [main] DEBUG org.apache.http.wire -  << "Content-Security-Policy: default-src 'none'[\r][\n]"
2021-12-27_17:42:21.062 [main] DEBUG org.apache.http.wire -  << "Feature-Policy: 'none'[\r][\n]"
2021-12-27_17:42:21.062 [main] DEBUG org.apache.http.wire -  << "Referrer-Policy: no-referrer[\r][\n]"
2021-12-27_17:42:21.062 [main] DEBUG org.apache.http.wire -  << "Strict-Transport-Security: max-age=31536000 ; includeSubDomains[\r][\n]"
2021-12-27_17:42:21.062 [main] DEBUG org.apache.http.wire -  << "Date: Mon, 27 Dec 2021 12:12:21 GMT[\r][\n]"
2021-12-27_17:42:21.062 [main] DEBUG org.apache.http.wire -  << "Keep-Alive: timeout=60[\r][\n]"
2021-12-27_17:42:21.062 [main] DEBUG org.apache.http.wire -  << "Content-Type: application/json[\r][\n]"
2021-12-27_17:42:21.062 [main] DEBUG org.apache.http.wire -  << "Transfer-Encoding: chunked[\r][\n]"
2021-12-27_17:42:21.063 [main] DEBUG org.apache.http.wire -  << "Connection: keep-alive[\r][\n]"
2021-12-27_17:42:21.063 [main] DEBUG org.apache.http.wire -  << "[\r][\n]"
2021-12-27_17:42:21.064 [main] DEBUG o.a.h.i.conn.DefaultClientConnection - Receiving response: HTTP/1.1 200 
2021-12-27_17:42:21.064 [main] DEBUG org.apache.http.headers - << HTTP/1.1 200 
2021-12-27_17:42:21.064 [main] DEBUG org.apache.http.headers - << Access-Control-Allow-Methods: GET, POST
2021-12-27_17:42:21.064 [main] DEBUG org.apache.http.headers - << Access-Control-Allow-Origin: *
2021-12-27_17:42:21.065 [main] DEBUG org.apache.http.headers - << Content-Security-Policy: default-src 'none'
2021-12-27_17:42:21.065 [main] DEBUG org.apache.http.headers - << Feature-Policy: 'none'
2021-12-27_17:42:21.065 [main] DEBUG org.apache.http.headers - << Referrer-Policy: no-referrer
2021-12-27_17:42:21.065 [main] DEBUG org.apache.http.headers - << Strict-Transport-Security: max-age=31536000 ; includeSubDomains
2021-12-27_17:42:21.065 [main] DEBUG org.apache.http.headers - << Date: Mon, 27 Dec 2021 12:12:21 GMT
2021-12-27_17:42:21.065 [main] DEBUG org.apache.http.headers - << Keep-Alive: timeout=60
2021-12-27_17:42:21.065 [main] DEBUG org.apache.http.headers - << Content-Type: application/json
2021-12-27_17:42:21.065 [main] DEBUG org.apache.http.headers - << Transfer-Encoding: chunked
2021-12-27_17:42:21.066 [main] DEBUG org.apache.http.headers - << Connection: keep-alive
2021-12-27_17:42:21.074 [main] DEBUG o.a.h.impl.client.DefaultHttpClient - Connection can be kept alive for 60000 MILLISECONDS
2021-12-27_17:42:21.100 [main] DEBUG i.r.i.RequestSpecificationImpl$RestAssuredHttpBuilder - Parsing response as: application/json
2021-12-27_17:42:21.101 [main] DEBUG i.r.i.RequestSpecificationImpl$RestAssuredHttpBuilder - Parsed data to instance of: class org.apache.http.conn.EofSensorInputStream
2021-12-27_17:42:21.120 [main] INFO  com.qc.BaseAPI - Method :GET
2021-12-27_17:42:21.121 [main] INFO  com.qc.BaseAPI - URI :https://apitest.pineperks.in/auth/V1/generate/token
2021-12-27_17:42:21.122 [main] INFO  com.qc.BaseAPI - Headers :userName=A0aCcnPzDANtKmvSLPKcaw==
Accept=*/*
Content-Type=application/json; charset=UTF-8
2021-12-27_17:42:21.122 [main] INFO  com.qc.BaseAPI - Body :null
2021-12-27_17:42:21.122 [main] INFO  com.qc.BaseAPI - ********************RESPONSE********************
2021-12-27_17:42:21.134 [main] DEBUG org.apache.http.wire -  << "7f[\r][\n]"
2021-12-27_17:42:21.135 [main] DEBUG org.apache.http.wire -  << "{"accessToken":"7bb8fd8fbd0747a48c2fb569a7c3d3e0","tokenExpiryTime":"28-Dec-2021","responseCode":0,"responseMessage":"Success"}"
2021-12-27_17:42:21.135 [main] DEBUG org.apache.http.wire -  << "[\r][\n]"
2021-12-27_17:42:21.136 [main] DEBUG org.apache.http.wire -  << "0[\r][\n]"
2021-12-27_17:42:21.136 [main] DEBUG org.apache.http.wire -  << "[\r][\n]"
2021-12-27_17:42:21.136 [main] DEBUG o.a.h.i.c.BasicClientConnectionManager - Releasing connection org.apache.http.impl.conn.ManagedClientConnectionImpl@2b663a68
2021-12-27_17:42:21.136 [main] DEBUG o.a.h.i.c.BasicClientConnectionManager - Connection can be kept alive for 60000 MILLISECONDS
2021-12-27_17:42:21.178 [main] INFO  com.qc.BaseAPI - Response :{
    "accessToken": "7bb8fd8fbd0747a48c2fb569a7c3d3e0",
    "tokenExpiryTime": "28-Dec-2021",
    "responseCode": 0,
    "responseMessage": "Success"
}
2021-12-27_17:42:21.182 [main] INFO  com.qc.BaseAPI -  **** GET call Response time 528 ms
2021-12-27_17:42:21.182 [main] INFO  pl.rest.service.Authorize - Time Taken to perform https://apitest.pineperks.in/auth/V1/generate/token transaction: 528
2021-12-27_17:42:21.272 [main] INFO  com.qc.qa.utils.TestDataReader - Reading Json data authorizeHeaders
2021-12-27_17:42:21.276 [main] INFO  com.qc.qa.utils.TestDataReader - Reading json data from file @ testData/api/devAPIData.json
2021-12-27_17:42:21.304 [main] INFO  pl.rest.service.CardIssue - CardIssue Rest API URL :- https://apitest.pineperks.in/card/order/V1/instant/issue/reloadable/digital
2021-12-27_17:42:21.304 [main] INFO  com.qc.BaseAPI - POST call to URL https://apitest.pineperks.in/card/order/V1/instant/issue/reloadable/digital
2021-12-27_17:42:21.316 [main] INFO  com.qc.BaseAPI - ********************REQUEST********************
2021-12-27_17:42:21.355 [main] DEBUG o.a.h.i.c.BasicClientConnectionManager - Get connection for route {s}->https://apitest.pineperks.in:443
2021-12-27_17:42:21.355 [main] DEBUG o.a.h.i.c.DefaultClientConnectionOperator - Connecting to apitest.pineperks.in:443
2021-12-27_17:42:21.720 [main] DEBUG o.a.h.c.protocol.RequestAddCookies - CookieSpec selected: ignoreCookies
2021-12-27_17:42:21.720 [main] DEBUG o.a.h.c.protocol.RequestAuthCache - Auth cache not set in the context
2021-12-27_17:42:21.720 [main] DEBUG o.a.h.c.p.RequestTargetAuthentication - Target auth state: UNCHALLENGED
2021-12-27_17:42:21.720 [main] DEBUG o.a.h.c.p.RequestProxyAuthentication - Proxy auth state: UNCHALLENGED
2021-12-27_17:42:21.721 [main] DEBUG o.a.h.impl.client.DefaultHttpClient - Attempt 1 to execute request
2021-12-27_17:42:21.721 [main] DEBUG o.a.h.i.conn.DefaultClientConnection - Sending request: POST /card/order/V1/instant/issue/reloadable/digital HTTP/1.1
2021-12-27_17:42:21.721 [main] DEBUG org.apache.http.wire -  >> "POST /card/order/V1/instant/issue/reloadable/digital HTTP/1.1[\r][\n]"
2021-12-27_17:42:21.721 [main] DEBUG org.apache.http.wire -  >> "Accept: */*[\r][\n]"
2021-12-27_17:42:21.721 [main] DEBUG org.apache.http.wire -  >> "userName: A0aCcnPzDANtKmvSLPKcaw==[\r][\n]"
2021-12-27_17:42:21.721 [main] DEBUG org.apache.http.wire -  >> "token: 7bb8fd8fbd0747a48c2fb569a7c3d3e0[\r][\n]"
2021-12-27_17:42:21.722 [main] DEBUG org.apache.http.wire -  >> "Content-Type: application/json; charset=UTF-8[\r][\n]"
2021-12-27_17:42:21.722 [main] DEBUG org.apache.http.wire -  >> "Content-Length: 242[\r][\n]"
2021-12-27_17:42:21.722 [main] DEBUG org.apache.http.wire -  >> "Host: apitest.pineperks.in[\r][\n]"
2021-12-27_17:42:21.722 [main] DEBUG org.apache.http.wire -  >> "Connection: Keep-Alive[\r][\n]"
2021-12-27_17:42:21.722 [main] DEBUG org.apache.http.wire -  >> "User-Agent: Apache-HttpClient/4.5.2 (Java/1.8.0_202)[\r][\n]"
2021-12-27_17:42:21.722 [main] DEBUG org.apache.http.wire -  >> "Accept-Encoding: gzip,deflate[\r][\n]"
2021-12-27_17:42:21.722 [main] DEBUG org.apache.http.wire -  >> "[\r][\n]"
2021-12-27_17:42:21.723 [main] DEBUG org.apache.http.headers - >> POST /card/order/V1/instant/issue/reloadable/digital HTTP/1.1
2021-12-27_17:42:21.723 [main] DEBUG org.apache.http.headers - >> Accept: */*
2021-12-27_17:42:21.723 [main] DEBUG org.apache.http.headers - >> userName: A0aCcnPzDANtKmvSLPKcaw==
2021-12-27_17:42:21.723 [main] DEBUG org.apache.http.headers - >> token: 7bb8fd8fbd0747a48c2fb569a7c3d3e0
2021-12-27_17:42:21.723 [main] DEBUG org.apache.http.headers - >> Content-Type: application/json; charset=UTF-8
2021-12-27_17:42:21.723 [main] DEBUG org.apache.http.headers - >> Content-Length: 242
2021-12-27_17:42:21.723 [main] DEBUG org.apache.http.headers - >> Host: apitest.pineperks.in
2021-12-27_17:42:21.723 [main] DEBUG org.apache.http.headers - >> Connection: Keep-Alive
2021-12-27_17:42:21.723 [main] DEBUG org.apache.http.headers - >> User-Agent: Apache-HttpClient/4.5.2 (Java/1.8.0_202)
2021-12-27_17:42:21.723 [main] DEBUG org.apache.http.headers - >> Accept-Encoding: gzip,deflate
2021-12-27_17:42:21.724 [main] DEBUG org.apache.http.wire -  >> "{"isLinkToBeSentOnMobile":true,"checksum":"5x3GNrnStyS2PkMvV6EeAw==","cardDetailList":[{"amount":"1000","mobileNumber":"8284854535","customerName":"afzal","email":"afzal.ahmed@pinelabs.com"}],"externalRequestId":"wgOdyfg","cardSchemeId":"12"}"
2021-12-27_17:42:21.905 [main] DEBUG org.apache.http.wire -  << "HTTP/1.1 200 [\r][\n]"
2021-12-27_17:42:21.905 [main] DEBUG org.apache.http.wire -  << "Access-Control-Allow-Methods: GET, POST[\r][\n]"
2021-12-27_17:42:21.906 [main] DEBUG org.apache.http.wire -  << "Access-Control-Allow-Origin: *[\r][\n]"
2021-12-27_17:42:21.906 [main] DEBUG org.apache.http.wire -  << "Content-Security-Policy: default-src 'none'[\r][\n]"
2021-12-27_17:42:21.906 [main] DEBUG org.apache.http.wire -  << "Feature-Policy: 'none'[\r][\n]"
2021-12-27_17:42:21.907 [main] DEBUG org.apache.http.wire -  << "Referrer-Policy: no-referrer[\r][\n]"
2021-12-27_17:42:21.907 [main] DEBUG org.apache.http.wire -  << "Strict-Transport-Security: max-age=31536000 ; includeSubDomains[\r][\n]"
2021-12-27_17:42:21.907 [main] DEBUG org.apache.http.wire -  << "Date: Mon, 27 Dec 2021 12:12:21 GMT[\r][\n]"
2021-12-27_17:42:21.907 [main] DEBUG org.apache.http.wire -  << "Keep-Alive: timeout=60[\r][\n]"
2021-12-27_17:42:21.907 [main] DEBUG org.apache.http.wire -  << "Content-Type: application/json[\r][\n]"
2021-12-27_17:42:21.907 [main] DEBUG org.apache.http.wire -  << "Transfer-Encoding: chunked[\r][\n]"
2021-12-27_17:42:21.908 [main] DEBUG org.apache.http.wire -  << "Connection: keep-alive[\r][\n]"
2021-12-27_17:42:21.908 [main] DEBUG org.apache.http.wire -  << "[\r][\n]"
2021-12-27_17:42:21.908 [main] DEBUG o.a.h.i.conn.DefaultClientConnection - Receiving response: HTTP/1.1 200 
2021-12-27_17:42:21.908 [main] DEBUG org.apache.http.headers - << HTTP/1.1 200 
2021-12-27_17:42:21.908 [main] DEBUG org.apache.http.headers - << Access-Control-Allow-Methods: GET, POST
2021-12-27_17:42:21.908 [main] DEBUG org.apache.http.headers - << Access-Control-Allow-Origin: *
2021-12-27_17:42:21.908 [main] DEBUG org.apache.http.headers - << Content-Security-Policy: default-src 'none'
2021-12-27_17:42:21.908 [main] DEBUG org.apache.http.headers - << Feature-Policy: 'none'
2021-12-27_17:42:21.908 [main] DEBUG org.apache.http.headers - << Referrer-Policy: no-referrer
2021-12-27_17:42:21.909 [main] DEBUG org.apache.http.headers - << Strict-Transport-Security: max-age=31536000 ; includeSubDomains
2021-12-27_17:42:21.909 [main] DEBUG org.apache.http.headers - << Date: Mon, 27 Dec 2021 12:12:21 GMT
2021-12-27_17:42:21.909 [main] DEBUG org.apache.http.headers - << Keep-Alive: timeout=60
2021-12-27_17:42:21.909 [main] DEBUG org.apache.http.headers - << Content-Type: application/json
2021-12-27_17:42:21.909 [main] DEBUG org.apache.http.headers - << Transfer-Encoding: chunked
2021-12-27_17:42:21.909 [main] DEBUG org.apache.http.headers - << Connection: keep-alive
2021-12-27_17:42:21.909 [main] DEBUG o.a.h.impl.client.DefaultHttpClient - Connection can be kept alive for 60000 MILLISECONDS
2021-12-27_17:42:21.910 [main] DEBUG i.r.i.RequestSpecificationImpl$RestAssuredHttpBuilder - Parsing response as: application/json
2021-12-27_17:42:21.911 [main] DEBUG i.r.i.RequestSpecificationImpl$RestAssuredHttpBuilder - Parsed data to instance of: class org.apache.http.conn.EofSensorInputStream
2021-12-27_17:42:21.914 [main] INFO  com.qc.BaseAPI - Method :POST
2021-12-27_17:42:21.917 [main] INFO  com.qc.BaseAPI - URI :https://apitest.pineperks.in/card/order/V1/instant/issue/reloadable/digital
2021-12-27_17:42:21.918 [main] INFO  com.qc.BaseAPI - Headers :token=7bb8fd8fbd0747a48c2fb569a7c3d3e0
userName=A0aCcnPzDANtKmvSLPKcaw==
Accept=*/*
Content-Type=application/json; charset=UTF-8
2021-12-27_17:42:21.918 [main] INFO  com.qc.BaseAPI - Body :{"isLinkToBeSentOnMobile":true,"checksum":"5x3GNrnStyS2PkMvV6EeAw==","cardDetailList":[{"amount":"1000","mobileNumber":"8284854535","customerName":"afzal","email":"afzal.ahmed@pinelabs.com"}],"externalRequestId":"wgOdyfg","cardSchemeId":"12"}
2021-12-27_17:42:21.918 [main] INFO  com.qc.BaseAPI - ********************RESPONSE********************
2021-12-27_17:42:21.918 [main] DEBUG org.apache.http.wire -  << "1f1[\r][\n]"
2021-12-27_17:42:21.918 [main] DEBUG org.apache.http.wire -  << "{"externalRequestId":"wgOdyfg","orderId":21074,"orderStatus":6,"cardDetailResponseList":[{"referenceNumber":9731381923,"serialNumber":21074000010001,"customerName":"afzal","mobileNumber":8284854535,"email":"afzal.ahmed@pinelabs.com","amount":1000,"cardLink":"test.pineperks.in/rCard?c=Qhj0nP1GKqs6guQ8g60AZg2","responseCode":0,"responseMessage":"Success"}],"successCount":1,"failedCount":0,"orderAmount":1000,"issuanceCharge":200,"netOrderAmount":1200,"responseCode":0,"responseMessage":"Success"}"
2021-12-27_17:42:21.919 [main] DEBUG org.apache.http.wire -  << "[\r][\n]"
2021-12-27_17:42:21.919 [main] DEBUG org.apache.http.wire -  << "0[\r][\n]"
2021-12-27_17:42:21.920 [main] DEBUG org.apache.http.wire -  << "[\r][\n]"
2021-12-27_17:42:21.920 [main] DEBUG o.a.h.i.c.BasicClientConnectionManager - Releasing connection org.apache.http.impl.conn.ManagedClientConnectionImpl@5aef1a93
2021-12-27_17:42:21.920 [main] DEBUG o.a.h.i.c.BasicClientConnectionManager - Connection can be kept alive for 60000 MILLISECONDS
2021-12-27_17:42:21.923 [main] INFO  com.qc.BaseAPI - Response :{
    "externalRequestId": "wgOdyfg",
    "orderId": 21074,
    "orderStatus": 6,
    "cardDetailResponseList": [
        {
            "referenceNumber": 9731381923,
            "serialNumber": 21074000010001,
            "customerName": "afzal",
            "mobileNumber": 8284854535,
            "email": "afzal.ahmed@pinelabs.com",
            "amount": 1000,
            "cardLink": "test.pineperks.in/rCard?c=Qhj0nP1GKqs6guQ8g60AZg2",
            "responseCode": 0,
            "responseMessage": "Success"
        }
    ],
    "successCount": 1,
    "failedCount": 0,
    "orderAmount": 1000,
    "issuanceCharge": 200,
    "netOrderAmount": 1200,
    "responseCode": 0,
    "responseMessage": "Success"
}
2021-12-27_17:42:21.923 [main] INFO  com.qc.BaseAPI -  **** POST call Response time 595 ms
2021-12-27_17:42:21.923 [main] INFO  pl.rest.service.CardIssue - Time Taken to perform https://apitest.pineperks.in/card/order/V1/instant/issue/reloadable/digital transaction: 595
2021-12-27_17:42:22.316 [main] INFO  p.rest.stepDefs.TransactionsStepDefs - referenceNumber is9731381923
2021-12-27_17:42:22.316 [main] INFO  pl.rest.utils.DBUtils - Fetching card details from card table, using Query:  Select CorporateId,CardSchemeId,ActivationEmail,ActivationEmail,ActivationMobileNumber from card AS bigint where ReferenceNumber=convert(bigint, 1789154895);
2021-12-27_17:42:22.316 [main] INFO  com.qc.qa.dbutils.DBPoolProvider - Con pool Total - 400, idle - 1,  Num active - 0
2021-12-27_17:42:22.316 [main] INFO  com.qc.qa.dbutils.DBPoolProvider - Retrieved connection
2021-12-27_17:42:22.390 [main] INFO  pl.rest.utils.DBUtils - Card database values: {ActivationMobileNumber=8284854535, CorporateId=6, CardSchemeId=7, ActivationEmail=afzal.ahmed@pinelabs.com}
