2021-12-21_14:18:20.496 [main] INFO  pl.rest.CustomHooks - SCENARIO NAME: Issuing a instant non reloadable card
2021-12-21_14:18:20.528 [main] INFO  pl.rest.CustomHooks - TAG NAMEs: [@Regression, @DB]
2021-12-21_14:18:22.956 [main] INFO  com.qc.qa.utils.TestDataReader - Reading API Test Data config values from  testData/api/devAPITestData.properties
2021-12-21_14:18:31.544 [main] INFO  pl.rest.service.Authorize - Authorize Rest API URL :- https://apitest.pineperks.in/auth/V1/generate/token
2021-12-21_14:18:31.546 [main] INFO  com.qc.BaseAPI - GET call to URL https://apitest.pineperks.in/auth/V1/generate/token
2021-12-21_14:18:31.991 [main] INFO  com.qc.BaseAPI - ********************REQUEST********************
2021-12-21_14:18:33.709 [main] DEBUG o.a.h.i.c.BasicClientConnectionManager - Get connection for route {s}->https://apitest.pineperks.in:443
2021-12-21_14:18:33.776 [main] DEBUG o.a.h.i.c.DefaultClientConnectionOperator - Connecting to apitest.pineperks.in:443
2021-12-21_14:18:34.045 [main] DEBUG o.a.h.c.protocol.RequestAddCookies - CookieSpec selected: ignoreCookies
2021-12-21_14:18:34.048 [main] DEBUG o.a.h.c.protocol.RequestAuthCache - Auth cache not set in the context
2021-12-21_14:18:34.049 [main] DEBUG o.a.h.c.p.RequestTargetAuthentication - Target auth state: UNCHALLENGED
2021-12-21_14:18:34.050 [main] DEBUG o.a.h.c.p.RequestProxyAuthentication - Proxy auth state: UNCHALLENGED
2021-12-21_14:18:34.051 [main] DEBUG o.a.h.impl.client.DefaultHttpClient - Attempt 1 to execute request
2021-12-21_14:18:34.052 [main] DEBUG o.a.h.i.conn.DefaultClientConnection - Sending request: GET /auth/V1/generate/token HTTP/1.1
2021-12-21_14:18:34.052 [main] DEBUG org.apache.http.wire -  >> "GET /auth/V1/generate/token HTTP/1.1[\r][\n]"
2021-12-21_14:18:34.054 [main] DEBUG org.apache.http.wire -  >> "Content-Type: application/json; charset=UTF-8[\r][\n]"
2021-12-21_14:18:34.054 [main] DEBUG org.apache.http.wire -  >> "Accept: */*[\r][\n]"
2021-12-21_14:18:34.054 [main] DEBUG org.apache.http.wire -  >> "userName: A0aCcnPzDANtKmvSLPKcaw==[\r][\n]"
2021-12-21_14:18:34.054 [main] DEBUG org.apache.http.wire -  >> "Host: apitest.pineperks.in[\r][\n]"
2021-12-21_14:18:34.054 [main] DEBUG org.apache.http.wire -  >> "Connection: Keep-Alive[\r][\n]"
2021-12-21_14:18:34.055 [main] DEBUG org.apache.http.wire -  >> "User-Agent: Apache-HttpClient/4.5.2 (Java/1.8.0_202)[\r][\n]"
2021-12-21_14:18:34.055 [main] DEBUG org.apache.http.wire -  >> "Accept-Encoding: gzip,deflate[\r][\n]"
2021-12-21_14:18:34.055 [main] DEBUG org.apache.http.wire -  >> "[\r][\n]"
2021-12-21_14:18:34.055 [main] DEBUG org.apache.http.headers - >> GET /auth/V1/generate/token HTTP/1.1
2021-12-21_14:18:34.055 [main] DEBUG org.apache.http.headers - >> Content-Type: application/json; charset=UTF-8
2021-12-21_14:18:34.056 [main] DEBUG org.apache.http.headers - >> Accept: */*
2021-12-21_14:18:34.056 [main] DEBUG org.apache.http.headers - >> userName: A0aCcnPzDANtKmvSLPKcaw==
2021-12-21_14:18:34.056 [main] DEBUG org.apache.http.headers - >> Host: apitest.pineperks.in
2021-12-21_14:18:34.056 [main] DEBUG org.apache.http.headers - >> Connection: Keep-Alive
2021-12-21_14:18:34.056 [main] DEBUG org.apache.http.headers - >> User-Agent: Apache-HttpClient/4.5.2 (Java/1.8.0_202)
2021-12-21_14:18:34.056 [main] DEBUG org.apache.http.headers - >> Accept-Encoding: gzip,deflate
2021-12-21_14:18:34.096 [main] DEBUG org.apache.http.wire -  << "HTTP/1.1 200 [\r][\n]"
2021-12-21_14:18:34.100 [main] DEBUG org.apache.http.wire -  << "Access-Control-Allow-Methods: GET, POST[\r][\n]"
2021-12-21_14:18:34.100 [main] DEBUG org.apache.http.wire -  << "Access-Control-Allow-Origin: *[\r][\n]"
2021-12-21_14:18:34.100 [main] DEBUG org.apache.http.wire -  << "Content-Security-Policy: default-src 'none'[\r][\n]"
2021-12-21_14:18:34.100 [main] DEBUG org.apache.http.wire -  << "Feature-Policy: 'none'[\r][\n]"
2021-12-21_14:18:34.100 [main] DEBUG org.apache.http.wire -  << "Referrer-Policy: no-referrer[\r][\n]"
2021-12-21_14:18:34.101 [main] DEBUG org.apache.http.wire -  << "Strict-Transport-Security: max-age=31536000 ; includeSubDomains[\r][\n]"
2021-12-21_14:18:34.101 [main] DEBUG org.apache.http.wire -  << "Date: Tue, 21 Dec 2021 08:48:34 GMT[\r][\n]"
2021-12-21_14:18:34.101 [main] DEBUG org.apache.http.wire -  << "Keep-Alive: timeout=60[\r][\n]"
2021-12-21_14:18:34.101 [main] DEBUG org.apache.http.wire -  << "Content-Type: application/json[\r][\n]"
2021-12-21_14:18:34.101 [main] DEBUG org.apache.http.wire -  << "Transfer-Encoding: chunked[\r][\n]"
2021-12-21_14:18:34.102 [main] DEBUG org.apache.http.wire -  << "Connection: keep-alive[\r][\n]"
2021-12-21_14:18:34.102 [main] DEBUG org.apache.http.wire -  << "[\r][\n]"
2021-12-21_14:18:34.103 [main] DEBUG o.a.h.i.conn.DefaultClientConnection - Receiving response: HTTP/1.1 200 
2021-12-21_14:18:34.103 [main] DEBUG org.apache.http.headers - << HTTP/1.1 200 
2021-12-21_14:18:34.103 [main] DEBUG org.apache.http.headers - << Access-Control-Allow-Methods: GET, POST
2021-12-21_14:18:34.104 [main] DEBUG org.apache.http.headers - << Access-Control-Allow-Origin: *
2021-12-21_14:18:34.104 [main] DEBUG org.apache.http.headers - << Content-Security-Policy: default-src 'none'
2021-12-21_14:18:34.104 [main] DEBUG org.apache.http.headers - << Feature-Policy: 'none'
2021-12-21_14:18:34.104 [main] DEBUG org.apache.http.headers - << Referrer-Policy: no-referrer
2021-12-21_14:18:34.104 [main] DEBUG org.apache.http.headers - << Strict-Transport-Security: max-age=31536000 ; includeSubDomains
2021-12-21_14:18:34.104 [main] DEBUG org.apache.http.headers - << Date: Tue, 21 Dec 2021 08:48:34 GMT
2021-12-21_14:18:34.104 [main] DEBUG org.apache.http.headers - << Keep-Alive: timeout=60
2021-12-21_14:18:34.104 [main] DEBUG org.apache.http.headers - << Content-Type: application/json
2021-12-21_14:18:34.104 [main] DEBUG org.apache.http.headers - << Transfer-Encoding: chunked
2021-12-21_14:18:34.104 [main] DEBUG org.apache.http.headers - << Connection: keep-alive
2021-12-21_14:18:34.112 [main] DEBUG o.a.h.impl.client.DefaultHttpClient - Connection can be kept alive for 60000 MILLISECONDS
2021-12-21_14:18:34.132 [main] DEBUG i.r.i.RequestSpecificationImpl$RestAssuredHttpBuilder - Parsing response as: application/json
2021-12-21_14:18:34.132 [main] DEBUG i.r.i.RequestSpecificationImpl$RestAssuredHttpBuilder - Parsed data to instance of: class org.apache.http.conn.EofSensorInputStream
2021-12-21_14:18:34.150 [main] INFO  com.qc.BaseAPI - Method :GET
2021-12-21_14:18:34.152 [main] INFO  com.qc.BaseAPI - URI :https://apitest.pineperks.in/auth/V1/generate/token
2021-12-21_14:18:34.152 [main] INFO  com.qc.BaseAPI - Headers :userName=A0aCcnPzDANtKmvSLPKcaw==
Accept=*/*
Content-Type=application/json; charset=UTF-8
2021-12-21_14:18:34.152 [main] INFO  com.qc.BaseAPI - Body :null
2021-12-21_14:18:34.153 [main] INFO  com.qc.BaseAPI - ********************RESPONSE********************
2021-12-21_14:18:34.171 [main] DEBUG org.apache.http.wire -  << "7f[\r][\n]"
2021-12-21_14:18:34.172 [main] DEBUG org.apache.http.wire -  << "{"accessToken":"ba0e629fbd174813b0a9050186a9df8d","tokenExpiryTime":"22-Dec-2021","responseCode":0,"responseMessage":"Success"}"
2021-12-21_14:18:34.174 [main] DEBUG org.apache.http.wire -  << "[\r][\n]"
2021-12-21_14:18:34.175 [main] DEBUG org.apache.http.wire -  << "0[\r][\n]"
2021-12-21_14:18:34.175 [main] DEBUG org.apache.http.wire -  << "[\r][\n]"
2021-12-21_14:18:34.176 [main] DEBUG o.a.h.i.c.BasicClientConnectionManager - Releasing connection org.apache.http.impl.conn.ManagedClientConnectionImpl@6cc0f269
2021-12-21_14:18:34.176 [main] DEBUG o.a.h.i.c.BasicClientConnectionManager - Connection can be kept alive for 60000 MILLISECONDS
2021-12-21_14:18:34.241 [main] INFO  com.qc.BaseAPI - Response :{
    "accessToken": "ba0e629fbd174813b0a9050186a9df8d",
    "tokenExpiryTime": "22-Dec-2021",
    "responseCode": 0,
    "responseMessage": "Success"
}
2021-12-21_14:18:34.246 [main] INFO  com.qc.BaseAPI -  **** GET call Response time 2134 ms
2021-12-21_14:18:34.247 [main] INFO  pl.rest.service.Authorize - Time Taken to perform https://apitest.pineperks.in/auth/V1/generate/token transaction: 2134
2021-12-21_14:18:43.120 [main] INFO  com.qc.qa.utils.TestDataReader - Reading Json data authorizeHeaders
2021-12-21_14:18:43.124 [main] INFO  com.qc.qa.utils.TestDataReader - Reading json data from file @ testData/api/devAPIData.json
2021-12-21_16:22:30.008 [main] INFO  pl.rest.service.CardIssue - CardIssue Rest API URL :- https://apitest.pineperks.in/card/order/V1/instant/issue/nonreloadable/digital
2021-12-21_16:22:30.030 [main] INFO  com.qc.BaseAPI - POST call to URL https://apitest.pineperks.in/card/order/V1/instant/issue/nonreloadable/digital
2021-12-21_16:22:30.117 [main] INFO  com.qc.BaseAPI - ********************REQUEST********************
