2021-12-16_15:20:37.877 [main] INFO  com.qc.qa.utils.TestDataReader - Reading API Test Data config values from  testData/api/devAPITestData.properties
2021-12-16_15:20:37.882 [main] INFO  pl.rest.service.Authorize - Authorize Rest API URL :- https://apitest.pineperks.in/auth/V1/generate/token
2021-12-16_15:20:37.883 [main] INFO  com.qc.BaseAPI - GET call to URL https://apitest.pineperks.in/auth/V1/generate/token
2021-12-16_15:20:38.034 [main] INFO  com.qc.BaseAPI - ********************REQUEST********************
2021-12-16_15:20:39.226 [main] DEBUG o.a.h.i.c.BasicClientConnectionManager - Get connection for route {s}->https://apitest.pineperks.in:443
2021-12-16_15:20:39.290 [main] DEBUG o.a.h.i.c.DefaultClientConnectionOperator - Connecting to apitest.pineperks.in:443
2021-12-16_15:20:39.528 [main] DEBUG o.a.h.c.protocol.RequestAddCookies - CookieSpec selected: ignoreCookies
2021-12-16_15:20:39.529 [main] DEBUG o.a.h.c.protocol.RequestAuthCache - Auth cache not set in the context
2021-12-16_15:20:39.530 [main] DEBUG o.a.h.c.p.RequestTargetAuthentication - Target auth state: UNCHALLENGED
2021-12-16_15:20:39.531 [main] DEBUG o.a.h.c.p.RequestProxyAuthentication - Proxy auth state: UNCHALLENGED
2021-12-16_15:20:39.531 [main] DEBUG o.a.h.impl.client.DefaultHttpClient - Attempt 1 to execute request
2021-12-16_15:20:39.531 [main] DEBUG o.a.h.i.conn.DefaultClientConnection - Sending request: GET /auth/V1/generate/token HTTP/1.1
2021-12-16_15:20:39.532 [main] DEBUG org.apache.http.wire -  >> "GET /auth/V1/generate/token HTTP/1.1[\r][\n]"
2021-12-16_15:20:39.533 [main] DEBUG org.apache.http.wire -  >> "Content-Type: application/json; charset=UTF-8[\r][\n]"
2021-12-16_15:20:39.533 [main] DEBUG org.apache.http.wire -  >> "Accept: */*[\r][\n]"
2021-12-16_15:20:39.533 [main] DEBUG org.apache.http.wire -  >> "userName: t3azPwts/6OSPTFxhCdYug==[\r][\n]"
2021-12-16_15:20:39.534 [main] DEBUG org.apache.http.wire -  >> "Host: apitest.pineperks.in[\r][\n]"
2021-12-16_15:20:39.534 [main] DEBUG org.apache.http.wire -  >> "Connection: Keep-Alive[\r][\n]"
2021-12-16_15:20:39.534 [main] DEBUG org.apache.http.wire -  >> "User-Agent: Apache-HttpClient/4.5.2 (Java/1.8.0_202)[\r][\n]"
2021-12-16_15:20:39.534 [main] DEBUG org.apache.http.wire -  >> "Accept-Encoding: gzip,deflate[\r][\n]"
2021-12-16_15:20:39.534 [main] DEBUG org.apache.http.wire -  >> "[\r][\n]"
2021-12-16_15:20:39.534 [main] DEBUG org.apache.http.headers - >> GET /auth/V1/generate/token HTTP/1.1
2021-12-16_15:20:39.535 [main] DEBUG org.apache.http.headers - >> Content-Type: application/json; charset=UTF-8
2021-12-16_15:20:39.535 [main] DEBUG org.apache.http.headers - >> Accept: */*
2021-12-16_15:20:39.535 [main] DEBUG org.apache.http.headers - >> userName: t3azPwts/6OSPTFxhCdYug==
2021-12-16_15:20:39.535 [main] DEBUG org.apache.http.headers - >> Host: apitest.pineperks.in
2021-12-16_15:20:39.535 [main] DEBUG org.apache.http.headers - >> Connection: Keep-Alive
2021-12-16_15:20:39.535 [main] DEBUG org.apache.http.headers - >> User-Agent: Apache-HttpClient/4.5.2 (Java/1.8.0_202)
2021-12-16_15:20:39.535 [main] DEBUG org.apache.http.headers - >> Accept-Encoding: gzip,deflate
2021-12-16_15:20:39.614 [main] DEBUG org.apache.http.wire -  << "HTTP/1.1 200 [\r][\n]"
2021-12-16_15:20:39.618 [main] DEBUG org.apache.http.wire -  << "Access-Control-Allow-Methods: GET, POST[\r][\n]"
2021-12-16_15:20:39.618 [main] DEBUG org.apache.http.wire -  << "Access-Control-Allow-Origin: *[\r][\n]"
2021-12-16_15:20:39.619 [main] DEBUG org.apache.http.wire -  << "Content-Security-Policy: default-src 'none'[\r][\n]"
2021-12-16_15:20:39.619 [main] DEBUG org.apache.http.wire -  << "Feature-Policy: 'none'[\r][\n]"
2021-12-16_15:20:39.619 [main] DEBUG org.apache.http.wire -  << "Referrer-Policy: no-referrer[\r][\n]"
2021-12-16_15:20:39.619 [main] DEBUG org.apache.http.wire -  << "Strict-Transport-Security: max-age=31536000 ; includeSubDomains[\r][\n]"
2021-12-16_15:20:39.619 [main] DEBUG org.apache.http.wire -  << "Date: Thu, 16 Dec 2021 09:50:39 GMT[\r][\n]"
2021-12-16_15:20:39.620 [main] DEBUG org.apache.http.wire -  << "Keep-Alive: timeout=60[\r][\n]"
2021-12-16_15:20:39.620 [main] DEBUG org.apache.http.wire -  << "Content-Type: application/json[\r][\n]"
2021-12-16_15:20:39.620 [main] DEBUG org.apache.http.wire -  << "Transfer-Encoding: chunked[\r][\n]"
2021-12-16_15:20:39.620 [main] DEBUG org.apache.http.wire -  << "Connection: keep-alive[\r][\n]"
2021-12-16_15:20:39.620 [main] DEBUG org.apache.http.wire -  << "[\r][\n]"
2021-12-16_15:20:39.621 [main] DEBUG o.a.h.i.conn.DefaultClientConnection - Receiving response: HTTP/1.1 200 
2021-12-16_15:20:39.622 [main] DEBUG org.apache.http.headers - << HTTP/1.1 200 
2021-12-16_15:20:39.622 [main] DEBUG org.apache.http.headers - << Access-Control-Allow-Methods: GET, POST
2021-12-16_15:20:39.622 [main] DEBUG org.apache.http.headers - << Access-Control-Allow-Origin: *
2021-12-16_15:20:39.622 [main] DEBUG org.apache.http.headers - << Content-Security-Policy: default-src 'none'
2021-12-16_15:20:39.623 [main] DEBUG org.apache.http.headers - << Feature-Policy: 'none'
2021-12-16_15:20:39.623 [main] DEBUG org.apache.http.headers - << Referrer-Policy: no-referrer
2021-12-16_15:20:39.623 [main] DEBUG org.apache.http.headers - << Strict-Transport-Security: max-age=31536000 ; includeSubDomains
2021-12-16_15:20:39.623 [main] DEBUG org.apache.http.headers - << Date: Thu, 16 Dec 2021 09:50:39 GMT
2021-12-16_15:20:39.623 [main] DEBUG org.apache.http.headers - << Keep-Alive: timeout=60
2021-12-16_15:20:39.623 [main] DEBUG org.apache.http.headers - << Content-Type: application/json
2021-12-16_15:20:39.623 [main] DEBUG org.apache.http.headers - << Transfer-Encoding: chunked
2021-12-16_15:20:39.623 [main] DEBUG org.apache.http.headers - << Connection: keep-alive
2021-12-16_15:20:39.632 [main] DEBUG o.a.h.impl.client.DefaultHttpClient - Connection can be kept alive for 60000 MILLISECONDS
2021-12-16_15:20:39.655 [main] DEBUG i.r.i.RequestSpecificationImpl$RestAssuredHttpBuilder - Parsing response as: application/json
2021-12-16_15:20:39.656 [main] DEBUG i.r.i.RequestSpecificationImpl$RestAssuredHttpBuilder - Parsed data to instance of: class org.apache.http.conn.EofSensorInputStream
2021-12-16_15:20:39.670 [main] INFO  com.qc.BaseAPI - Method :GET
2021-12-16_15:20:39.671 [main] INFO  com.qc.BaseAPI - URI :https://apitest.pineperks.in/auth/V1/generate/token
2021-12-16_15:20:39.671 [main] INFO  com.qc.BaseAPI - Headers :userName=t3azPwts/6OSPTFxhCdYug==
Accept=*/*
Content-Type=application/json; charset=UTF-8
2021-12-16_15:20:39.671 [main] INFO  com.qc.BaseAPI - Body :null
2021-12-16_15:20:39.671 [main] INFO  com.qc.BaseAPI - ********************RESPONSE********************
2021-12-16_15:20:39.681 [main] DEBUG org.apache.http.wire -  << "7f[\r][\n]"
2021-12-16_15:20:39.682 [main] DEBUG org.apache.http.wire -  << "{"accessToken":"623e4f1d363f4012be841793a9c2cb3a","tokenExpiryTime":"17-Dec-2021","responseCode":0,"responseMessage":"Success"}"
2021-12-16_15:20:39.682 [main] DEBUG org.apache.http.wire -  << "[\r][\n]"
2021-12-16_15:20:39.683 [main] DEBUG org.apache.http.wire -  << "0[\r][\n]"
2021-12-16_15:20:39.683 [main] DEBUG org.apache.http.wire -  << "[\r][\n]"
2021-12-16_15:20:39.683 [main] DEBUG o.a.h.i.c.BasicClientConnectionManager - Releasing connection org.apache.http.impl.conn.ManagedClientConnectionImpl@1404ed28
2021-12-16_15:20:39.683 [main] DEBUG o.a.h.i.c.BasicClientConnectionManager - Connection can be kept alive for 60000 MILLISECONDS
2021-12-16_15:20:39.710 [main] INFO  com.qc.BaseAPI - Response :{
    "accessToken": "623e4f1d363f4012be841793a9c2cb3a",
    "tokenExpiryTime": "17-Dec-2021",
    "responseCode": 0,
    "responseMessage": "Success"
}
2021-12-16_15:20:39.712 [main] INFO  com.qc.BaseAPI -  **** GET call Response time 1625 ms
2021-12-16_15:20:39.712 [main] INFO  pl.rest.service.Authorize - Time Taken to perform https://apitest.pineperks.in/auth/V1/generate/token transaction: 1625
2021-12-16_15:20:39.820 [main] INFO  com.qc.qa.utils.TestDataReader - Reading Json data authorizeHeaders
2021-12-16_15:20:39.825 [main] INFO  com.qc.qa.utils.TestDataReader - Reading json data from file @ testData/api/devAPIData.json
2021-12-16_15:20:39.854 [main] INFO  pl.rest.service.CardIssue - CardIssue Rest API URL :- https://apitest.pineperks.in/card/order/V1/instant/issue/nonreloadable/digital
2021-12-16_15:20:39.854 [main] INFO  com.qc.BaseAPI - POST call to URL https://apitest.pineperks.in/card/order/V1/instant/issue/nonreloadable/digital
2021-12-16_15:20:39.866 [main] INFO  com.qc.BaseAPI - ********************REQUEST********************
2021-12-16_15:20:39.903 [main] DEBUG o.a.h.i.c.BasicClientConnectionManager - Get connection for route {s}->https://apitest.pineperks.in:443
2021-12-16_15:20:39.903 [main] DEBUG o.a.h.i.c.DefaultClientConnectionOperator - Connecting to apitest.pineperks.in:443
2021-12-16_15:20:40.066 [main] DEBUG o.a.h.c.protocol.RequestAddCookies - CookieSpec selected: ignoreCookies
2021-12-16_15:20:40.066 [main] DEBUG o.a.h.c.protocol.RequestAuthCache - Auth cache not set in the context
2021-12-16_15:20:40.066 [main] DEBUG o.a.h.c.p.RequestTargetAuthentication - Target auth state: UNCHALLENGED
2021-12-16_15:20:40.067 [main] DEBUG o.a.h.c.p.RequestProxyAuthentication - Proxy auth state: UNCHALLENGED
2021-12-16_15:20:40.067 [main] DEBUG o.a.h.impl.client.DefaultHttpClient - Attempt 1 to execute request
2021-12-16_15:20:40.067 [main] DEBUG o.a.h.i.conn.DefaultClientConnection - Sending request: POST /card/order/V1/instant/issue/nonreloadable/digital HTTP/1.1
2021-12-16_15:20:40.067 [main] DEBUG org.apache.http.wire -  >> "POST /card/order/V1/instant/issue/nonreloadable/digital HTTP/1.1[\r][\n]"
2021-12-16_15:20:40.067 [main] DEBUG org.apache.http.wire -  >> "Accept: */*[\r][\n]"
2021-12-16_15:20:40.067 [main] DEBUG org.apache.http.wire -  >> "userName: t3azPwts/6OSPTFxhCdYug==[\r][\n]"
2021-12-16_15:20:40.068 [main] DEBUG org.apache.http.wire -  >> "token: 623e4f1d363f4012be841793a9c2cb3a[\r][\n]"
2021-12-16_15:20:40.068 [main] DEBUG org.apache.http.wire -  >> "Content-Type: application/json; charset=UTF-8[\r][\n]"
2021-12-16_15:20:40.068 [main] DEBUG org.apache.http.wire -  >> "Content-Length: 241[\r][\n]"
2021-12-16_15:20:40.068 [main] DEBUG org.apache.http.wire -  >> "Host: apitest.pineperks.in[\r][\n]"
2021-12-16_15:20:40.068 [main] DEBUG org.apache.http.wire -  >> "Connection: Keep-Alive[\r][\n]"
2021-12-16_15:20:40.068 [main] DEBUG org.apache.http.wire -  >> "User-Agent: Apache-HttpClient/4.5.2 (Java/1.8.0_202)[\r][\n]"
2021-12-16_15:20:40.068 [main] DEBUG org.apache.http.wire -  >> "Accept-Encoding: gzip,deflate[\r][\n]"
2021-12-16_15:20:40.068 [main] DEBUG org.apache.http.wire -  >> "[\r][\n]"
2021-12-16_15:20:40.069 [main] DEBUG org.apache.http.headers - >> POST /card/order/V1/instant/issue/nonreloadable/digital HTTP/1.1
2021-12-16_15:20:40.069 [main] DEBUG org.apache.http.headers - >> Accept: */*
2021-12-16_15:20:40.069 [main] DEBUG org.apache.http.headers - >> userName: t3azPwts/6OSPTFxhCdYug==
2021-12-16_15:20:40.069 [main] DEBUG org.apache.http.headers - >> token: 623e4f1d363f4012be841793a9c2cb3a
2021-12-16_15:20:40.069 [main] DEBUG org.apache.http.headers - >> Content-Type: application/json; charset=UTF-8
2021-12-16_15:20:40.069 [main] DEBUG org.apache.http.headers - >> Content-Length: 241
2021-12-16_15:20:40.069 [main] DEBUG org.apache.http.headers - >> Host: apitest.pineperks.in
2021-12-16_15:20:40.070 [main] DEBUG org.apache.http.headers - >> Connection: Keep-Alive
2021-12-16_15:20:40.070 [main] DEBUG org.apache.http.headers - >> User-Agent: Apache-HttpClient/4.5.2 (Java/1.8.0_202)
2021-12-16_15:20:40.070 [main] DEBUG org.apache.http.headers - >> Accept-Encoding: gzip,deflate
2021-12-16_15:20:40.070 [main] DEBUG org.apache.http.wire -  >> "{"isLinkToBeSentOnMobile":true,"checksum":"5x3GNrnStyS2PkMvV6EeAw==","cardDetailList":[{"amount":"1000","mobileNumber":"8284854535","customerName":"afzal","email":"afzal.ahmed@pinelabs.com"}],"externalRequestId":"AIK7Cgp","cardSchemeId":"7"}"
2021-12-16_15:20:40.520 [main] DEBUG org.apache.http.wire -  << "HTTP/1.1 200 [\r][\n]"
2021-12-16_15:20:40.521 [main] DEBUG org.apache.http.wire -  << "Access-Control-Allow-Methods: GET, POST[\r][\n]"
2021-12-16_15:20:40.521 [main] DEBUG org.apache.http.wire -  << "Access-Control-Allow-Origin: *[\r][\n]"
2021-12-16_15:20:40.521 [main] DEBUG org.apache.http.wire -  << "Content-Security-Policy: default-src 'none'[\r][\n]"
2021-12-16_15:20:40.522 [main] DEBUG org.apache.http.wire -  << "Feature-Policy: 'none'[\r][\n]"
2021-12-16_15:20:40.522 [main] DEBUG org.apache.http.wire -  << "Referrer-Policy: no-referrer[\r][\n]"
2021-12-16_15:20:40.522 [main] DEBUG org.apache.http.wire -  << "Strict-Transport-Security: max-age=31536000 ; includeSubDomains[\r][\n]"
2021-12-16_15:20:40.522 [main] DEBUG org.apache.http.wire -  << "Date: Thu, 16 Dec 2021 09:50:39 GMT[\r][\n]"
2021-12-16_15:20:40.522 [main] DEBUG org.apache.http.wire -  << "Keep-Alive: timeout=60[\r][\n]"
2021-12-16_15:20:40.523 [main] DEBUG org.apache.http.wire -  << "Content-Type: application/json[\r][\n]"
2021-12-16_15:20:40.523 [main] DEBUG org.apache.http.wire -  << "Transfer-Encoding: chunked[\r][\n]"
2021-12-16_15:20:40.523 [main] DEBUG org.apache.http.wire -  << "Connection: keep-alive[\r][\n]"
2021-12-16_15:20:40.523 [main] DEBUG org.apache.http.wire -  << "[\r][\n]"
2021-12-16_15:20:40.523 [main] DEBUG o.a.h.i.conn.DefaultClientConnection - Receiving response: HTTP/1.1 200 
2021-12-16_15:20:40.524 [main] DEBUG org.apache.http.headers - << HTTP/1.1 200 
2021-12-16_15:20:40.524 [main] DEBUG org.apache.http.headers - << Access-Control-Allow-Methods: GET, POST
2021-12-16_15:20:40.524 [main] DEBUG org.apache.http.headers - << Access-Control-Allow-Origin: *
2021-12-16_15:20:40.524 [main] DEBUG org.apache.http.headers - << Content-Security-Policy: default-src 'none'
2021-12-16_15:20:40.524 [main] DEBUG org.apache.http.headers - << Feature-Policy: 'none'
2021-12-16_15:20:40.524 [main] DEBUG org.apache.http.headers - << Referrer-Policy: no-referrer
2021-12-16_15:20:40.525 [main] DEBUG org.apache.http.headers - << Strict-Transport-Security: max-age=31536000 ; includeSubDomains
2021-12-16_15:20:40.525 [main] DEBUG org.apache.http.headers - << Date: Thu, 16 Dec 2021 09:50:39 GMT
2021-12-16_15:20:40.525 [main] DEBUG org.apache.http.headers - << Keep-Alive: timeout=60
2021-12-16_15:20:40.525 [main] DEBUG org.apache.http.headers - << Content-Type: application/json
2021-12-16_15:20:40.525 [main] DEBUG org.apache.http.headers - << Transfer-Encoding: chunked
2021-12-16_15:20:40.525 [main] DEBUG org.apache.http.headers - << Connection: keep-alive
2021-12-16_15:20:40.526 [main] DEBUG o.a.h.impl.client.DefaultHttpClient - Connection can be kept alive for 60000 MILLISECONDS
2021-12-16_15:20:40.526 [main] DEBUG i.r.i.RequestSpecificationImpl$RestAssuredHttpBuilder - Parsing response as: application/json
2021-12-16_15:20:40.526 [main] DEBUG i.r.i.RequestSpecificationImpl$RestAssuredHttpBuilder - Parsed data to instance of: class org.apache.http.conn.EofSensorInputStream
2021-12-16_15:20:40.529 [main] INFO  com.qc.BaseAPI - Method :POST
2021-12-16_15:20:40.533 [main] INFO  com.qc.BaseAPI - URI :https://apitest.pineperks.in/card/order/V1/instant/issue/nonreloadable/digital
2021-12-16_15:20:40.533 [main] INFO  com.qc.BaseAPI - Headers :token=623e4f1d363f4012be841793a9c2cb3a
userName=t3azPwts/6OSPTFxhCdYug==
Accept=*/*
Content-Type=application/json; charset=UTF-8
2021-12-16_15:20:40.533 [main] INFO  com.qc.BaseAPI - Body :{"isLinkToBeSentOnMobile":true,"checksum":"5x3GNrnStyS2PkMvV6EeAw==","cardDetailList":[{"amount":"1000","mobileNumber":"8284854535","customerName":"afzal","email":"afzal.ahmed@pinelabs.com"}],"externalRequestId":"AIK7Cgp","cardSchemeId":"7"}
2021-12-16_15:20:40.533 [main] INFO  com.qc.BaseAPI - ********************RESPONSE********************
2021-12-16_15:20:40.534 [main] DEBUG org.apache.http.wire -  << "1ef[\r][\n]"
2021-12-16_15:20:40.534 [main] DEBUG org.apache.http.wire -  << "{"externalRequestId":"AIK7Cgp","orderId":12468,"orderStatus":6,"cardDetailResponseList":[{"referenceNumber":6783382986,"serialNumber":12468000010001,"customerName":"afzal","mobileNumber":8284854535,"email":"afzal.ahmed@pinelabs.com","amount":1000,"cardLink":"test.pineperks.in/eCard?c=ISa2PZjseoTKHJgP-z-8OQ2","responseCode":0,"responseMessage":"Success"}],"successCount":1,"failedCount":0,"orderAmount":1000,"issuanceCharge":0,"netOrderAmount":1000,"responseCode":0,"responseMessage":"Success"}"
2021-12-16_15:20:40.535 [main] DEBUG org.apache.http.wire -  << "[\r][\n]"
2021-12-16_15:20:40.535 [main] DEBUG org.apache.http.wire -  << "0[\r][\n]"
2021-12-16_15:20:40.535 [main] DEBUG org.apache.http.wire -  << "[\r][\n]"
2021-12-16_15:20:40.536 [main] DEBUG o.a.h.i.c.BasicClientConnectionManager - Releasing connection org.apache.http.impl.conn.ManagedClientConnectionImpl@479e884a
2021-12-16_15:20:40.536 [main] DEBUG o.a.h.i.c.BasicClientConnectionManager - Connection can be kept alive for 60000 MILLISECONDS
2021-12-16_15:20:40.540 [main] INFO  com.qc.BaseAPI - Response :{
    "externalRequestId": "AIK7Cgp",
    "orderId": 12468,
    "orderStatus": 6,
    "cardDetailResponseList": [
        {
            "referenceNumber": 6783382986,
            "serialNumber": 12468000010001,
            "customerName": "afzal",
            "mobileNumber": 8284854535,
            "email": "afzal.ahmed@pinelabs.com",
            "amount": 1000,
            "cardLink": "test.pineperks.in/eCard?c=ISa2PZjseoTKHJgP-z-8OQ2",
            "responseCode": 0,
            "responseMessage": "Success"
        }
    ],
    "successCount": 1,
    "failedCount": 0,
    "orderAmount": 1000,
    "issuanceCharge": 0,
    "netOrderAmount": 1000,
    "responseCode": 0,
    "responseMessage": "Success"
}
2021-12-16_15:20:40.541 [main] INFO  com.qc.BaseAPI -  **** POST call Response time 659 ms
2021-12-16_15:20:40.541 [main] INFO  pl.rest.service.CardIssue - Time Taken to perform https://apitest.pineperks.in/card/order/V1/instant/issue/nonreloadable/digital transaction: 659
2021-12-16_15:20:40.880 [main] INFO  p.rest.stepDefs.TransactionsStepDefs - referenceNumber isnull
2021-12-16_15:20:40.884 [main] INFO  pl.rest.utils.DBUtils - Fetching card details from card table, using Query:  Select CorporateId,CardSchemeId,ActivationEmail,ActivationEmail,ActivationMobileNumber from card AS bigint where ReferenceNumber=convert(bigint, 1789154895);
2021-12-16_15:20:40.913 [main] ERROR com.qc.qa.utils.LoadProperties - Missing MySQLDBEnvironment property value in system property or in config.properties files.Please add it if incase required
2021-12-16_15:20:40.914 [main] INFO  com.qc.qa.dbutils.DBPoolProvider - Con pool Total - 400, idle - 0,  Num active - 0
2021-12-16_15:20:40.914 [main] INFO  com.qc.qa.dbutils.DBPoolProvider - Retrieved connection
2021-12-16_15:20:42.343 [main] INFO  pl.rest.utils.DBUtils - Card database values: {ActivationMobileNumber=8284854535, CorporateId=6, CardSchemeId=7, ActivationEmail=afzal.ahmed@pinelabs.com}
