2021-12-20_15:26:18.679 [main] INFO  pl.rest.CustomHooks - SCENARIO NAME: Updating the card status to inactive
2021-12-20_15:26:18.681 [main] INFO  pl.rest.CustomHooks - TAG NAMEs: []
2021-12-20_15:26:20.350 [main] INFO  com.qc.qa.utils.TestDataReader - Reading API Test Data config values from  testData/api/devAPITestData.properties
2021-12-20_15:26:20.354 [main] INFO  pl.rest.service.Authorize - Authorize Rest API URL :- https://apitest.pineperks.in/auth/V1/generate/token
2021-12-20_15:26:20.355 [main] INFO  com.qc.BaseAPI - GET call to URL https://apitest.pineperks.in/auth/V1/generate/token
2021-12-20_15:26:20.629 [main] INFO  com.qc.BaseAPI - ********************REQUEST********************
2021-12-20_15:26:22.436 [main] DEBUG o.a.h.i.c.BasicClientConnectionManager - Get connection for route {s}->https://apitest.pineperks.in:443
2021-12-20_15:26:22.482 [main] DEBUG o.a.h.i.c.DefaultClientConnectionOperator - Connecting to apitest.pineperks.in:443
2021-12-20_15:26:22.673 [main] DEBUG o.a.h.c.protocol.RequestAddCookies - CookieSpec selected: ignoreCookies
2021-12-20_15:26:22.674 [main] DEBUG o.a.h.c.protocol.RequestAuthCache - Auth cache not set in the context
2021-12-20_15:26:22.675 [main] DEBUG o.a.h.c.p.RequestTargetAuthentication - Target auth state: UNCHALLENGED
2021-12-20_15:26:22.675 [main] DEBUG o.a.h.c.p.RequestProxyAuthentication - Proxy auth state: UNCHALLENGED
2021-12-20_15:26:22.676 [main] DEBUG o.a.h.impl.client.DefaultHttpClient - Attempt 1 to execute request
2021-12-20_15:26:22.676 [main] DEBUG o.a.h.i.conn.DefaultClientConnection - Sending request: GET /auth/V1/generate/token HTTP/1.1
2021-12-20_15:26:22.676 [main] DEBUG org.apache.http.wire -  >> "GET /auth/V1/generate/token HTTP/1.1[\r][\n]"
2021-12-20_15:26:22.676 [main] DEBUG org.apache.http.wire -  >> "Content-Type: application/json; charset=UTF-8[\r][\n]"
2021-12-20_15:26:22.677 [main] DEBUG org.apache.http.wire -  >> "Accept: */*[\r][\n]"
2021-12-20_15:26:22.677 [main] DEBUG org.apache.http.wire -  >> "userName: A0aCcnPzDANtKmvSLPKcaw==[\r][\n]"
2021-12-20_15:26:22.677 [main] DEBUG org.apache.http.wire -  >> "Host: apitest.pineperks.in[\r][\n]"
2021-12-20_15:26:22.677 [main] DEBUG org.apache.http.wire -  >> "Connection: Keep-Alive[\r][\n]"
2021-12-20_15:26:22.677 [main] DEBUG org.apache.http.wire -  >> "User-Agent: Apache-HttpClient/4.5.2 (Java/1.8.0_202)[\r][\n]"
2021-12-20_15:26:22.677 [main] DEBUG org.apache.http.wire -  >> "Accept-Encoding: gzip,deflate[\r][\n]"
2021-12-20_15:26:22.677 [main] DEBUG org.apache.http.wire -  >> "[\r][\n]"
2021-12-20_15:26:22.677 [main] DEBUG org.apache.http.headers - >> GET /auth/V1/generate/token HTTP/1.1
2021-12-20_15:26:22.677 [main] DEBUG org.apache.http.headers - >> Content-Type: application/json; charset=UTF-8
2021-12-20_15:26:22.678 [main] DEBUG org.apache.http.headers - >> Accept: */*
2021-12-20_15:26:22.678 [main] DEBUG org.apache.http.headers - >> userName: A0aCcnPzDANtKmvSLPKcaw==
2021-12-20_15:26:22.678 [main] DEBUG org.apache.http.headers - >> Host: apitest.pineperks.in
2021-12-20_15:26:22.678 [main] DEBUG org.apache.http.headers - >> Connection: Keep-Alive
2021-12-20_15:26:22.678 [main] DEBUG org.apache.http.headers - >> User-Agent: Apache-HttpClient/4.5.2 (Java/1.8.0_202)
2021-12-20_15:26:22.678 [main] DEBUG org.apache.http.headers - >> Accept-Encoding: gzip,deflate
2021-12-20_15:26:22.714 [main] DEBUG org.apache.http.wire -  << "HTTP/1.1 200 [\r][\n]"
2021-12-20_15:26:22.717 [main] DEBUG org.apache.http.wire -  << "Access-Control-Allow-Methods: GET, POST[\r][\n]"
2021-12-20_15:26:22.717 [main] DEBUG org.apache.http.wire -  << "Access-Control-Allow-Origin: *[\r][\n]"
2021-12-20_15:26:22.717 [main] DEBUG org.apache.http.wire -  << "Content-Security-Policy: default-src 'none'[\r][\n]"
2021-12-20_15:26:22.717 [main] DEBUG org.apache.http.wire -  << "Feature-Policy: 'none'[\r][\n]"
2021-12-20_15:26:22.717 [main] DEBUG org.apache.http.wire -  << "Referrer-Policy: no-referrer[\r][\n]"
2021-12-20_15:26:22.717 [main] DEBUG org.apache.http.wire -  << "Strict-Transport-Security: max-age=31536000 ; includeSubDomains[\r][\n]"
2021-12-20_15:26:22.717 [main] DEBUG org.apache.http.wire -  << "Date: Mon, 20 Dec 2021 09:56:22 GMT[\r][\n]"
2021-12-20_15:26:22.717 [main] DEBUG org.apache.http.wire -  << "Keep-Alive: timeout=60[\r][\n]"
2021-12-20_15:26:22.717 [main] DEBUG org.apache.http.wire -  << "Content-Type: application/json[\r][\n]"
2021-12-20_15:26:22.717 [main] DEBUG org.apache.http.wire -  << "Transfer-Encoding: chunked[\r][\n]"
2021-12-20_15:26:22.717 [main] DEBUG org.apache.http.wire -  << "Connection: keep-alive[\r][\n]"
2021-12-20_15:26:22.717 [main] DEBUG org.apache.http.wire -  << "[\r][\n]"
2021-12-20_15:26:22.717 [main] DEBUG o.a.h.i.conn.DefaultClientConnection - Receiving response: HTTP/1.1 200 
2021-12-20_15:26:22.717 [main] DEBUG org.apache.http.headers - << HTTP/1.1 200 
2021-12-20_15:26:22.717 [main] DEBUG org.apache.http.headers - << Access-Control-Allow-Methods: GET, POST
2021-12-20_15:26:22.717 [main] DEBUG org.apache.http.headers - << Access-Control-Allow-Origin: *
2021-12-20_15:26:22.717 [main] DEBUG org.apache.http.headers - << Content-Security-Policy: default-src 'none'
2021-12-20_15:26:22.717 [main] DEBUG org.apache.http.headers - << Feature-Policy: 'none'
2021-12-20_15:26:22.717 [main] DEBUG org.apache.http.headers - << Referrer-Policy: no-referrer
2021-12-20_15:26:22.717 [main] DEBUG org.apache.http.headers - << Strict-Transport-Security: max-age=31536000 ; includeSubDomains
2021-12-20_15:26:22.717 [main] DEBUG org.apache.http.headers - << Date: Mon, 20 Dec 2021 09:56:22 GMT
2021-12-20_15:26:22.717 [main] DEBUG org.apache.http.headers - << Keep-Alive: timeout=60
2021-12-20_15:26:22.717 [main] DEBUG org.apache.http.headers - << Content-Type: application/json
2021-12-20_15:26:22.717 [main] DEBUG org.apache.http.headers - << Transfer-Encoding: chunked
2021-12-20_15:26:22.717 [main] DEBUG org.apache.http.headers - << Connection: keep-alive
2021-12-20_15:26:22.721 [main] DEBUG o.a.h.impl.client.DefaultHttpClient - Connection can be kept alive for 60000 MILLISECONDS
2021-12-20_15:26:22.734 [main] DEBUG i.r.i.RequestSpecificationImpl$RestAssuredHttpBuilder - Parsing response as: application/json
2021-12-20_15:26:22.735 [main] DEBUG i.r.i.RequestSpecificationImpl$RestAssuredHttpBuilder - Parsed data to instance of: class org.apache.http.conn.EofSensorInputStream
2021-12-20_15:26:22.744 [main] INFO  com.qc.BaseAPI - Method :GET
2021-12-20_15:26:22.745 [main] INFO  com.qc.BaseAPI - URI :https://apitest.pineperks.in/auth/V1/generate/token
2021-12-20_15:26:22.746 [main] INFO  com.qc.BaseAPI - Headers :userName=A0aCcnPzDANtKmvSLPKcaw==
Accept=*/*
Content-Type=application/json; charset=UTF-8
2021-12-20_15:26:22.746 [main] INFO  com.qc.BaseAPI - Body :null
2021-12-20_15:26:22.746 [main] INFO  com.qc.BaseAPI - ********************RESPONSE********************
2021-12-20_15:26:22.754 [main] DEBUG org.apache.http.wire -  << "7f[\r][\n]"
2021-12-20_15:26:22.754 [main] DEBUG org.apache.http.wire -  << "{"accessToken":"434c8f11d50c447382e7bb051982678d","tokenExpiryTime":"21-Dec-2021","responseCode":0,"responseMessage":"Success"}"
2021-12-20_15:26:22.754 [main] DEBUG org.apache.http.wire -  << "[\r][\n]"
2021-12-20_15:26:22.755 [main] DEBUG org.apache.http.wire -  << "0[\r][\n]"
2021-12-20_15:26:22.755 [main] DEBUG org.apache.http.wire -  << "[\r][\n]"
2021-12-20_15:26:22.755 [main] DEBUG o.a.h.i.c.BasicClientConnectionManager - Releasing connection org.apache.http.impl.conn.ManagedClientConnectionImpl@1f498aeb
2021-12-20_15:26:22.755 [main] DEBUG o.a.h.i.c.BasicClientConnectionManager - Connection can be kept alive for 60000 MILLISECONDS
2021-12-20_15:26:22.779 [main] INFO  com.qc.BaseAPI - Response :{
    "accessToken": "434c8f11d50c447382e7bb051982678d",
    "tokenExpiryTime": "21-Dec-2021",
    "responseCode": 0,
    "responseMessage": "Success"
}
2021-12-20_15:26:22.782 [main] INFO  com.qc.BaseAPI -  **** GET call Response time 2098 ms
2021-12-20_15:26:22.782 [main] INFO  pl.rest.service.Authorize - Time Taken to perform https://apitest.pineperks.in/auth/V1/generate/token transaction: 2098
2021-12-20_15:26:22.879 [main] ERROR com.qc.qa.utils.TestDataReader - Unable to find ::CardUpdateURI in API test data properties file , Please add correct property values and check
2021-12-20_15:26:22.880 [main] INFO  com.qc.qa.utils.TestDataReader - Reading Json data authorizeHeaders
2021-12-20_15:26:22.885 [main] INFO  com.qc.qa.utils.TestDataReader - Reading json data from file @ testData/api/devAPIData.json
2021-12-20_15:26:22.912 [main] INFO  pl.rest.service.CardUpdate - CardIssue Rest API URL :- https://apitest.pineperks.innull
2021-12-20_15:26:23.136 [main] INFO  pl.rest.CustomHooks - SCENARIO NAME: Updating the card status to blocked
2021-12-20_15:26:23.137 [main] INFO  pl.rest.CustomHooks - TAG NAMEs: []
2021-12-20_15:26:23.490 [main] INFO  pl.rest.service.Authorize - Authorize Rest API URL :- https://apitest.pineperks.in/auth/V1/generate/token
2021-12-20_15:26:23.490 [main] INFO  com.qc.BaseAPI - GET call to URL https://apitest.pineperks.in/auth/V1/generate/token
2021-12-20_15:26:23.494 [main] INFO  com.qc.BaseAPI - ********************REQUEST********************
2021-12-20_15:26:23.505 [main] DEBUG o.a.h.i.c.BasicClientConnectionManager - Get connection for route {s}->https://apitest.pineperks.in:443
2021-12-20_15:26:23.506 [main] DEBUG o.a.h.i.c.DefaultClientConnectionOperator - Connecting to apitest.pineperks.in:443
2021-12-20_15:26:23.614 [main] DEBUG o.a.h.c.protocol.RequestAddCookies - CookieSpec selected: ignoreCookies
2021-12-20_15:26:23.615 [main] DEBUG o.a.h.c.protocol.RequestAuthCache - Auth cache not set in the context
2021-12-20_15:26:23.615 [main] DEBUG o.a.h.c.p.RequestTargetAuthentication - Target auth state: UNCHALLENGED
2021-12-20_15:26:23.615 [main] DEBUG o.a.h.c.p.RequestProxyAuthentication - Proxy auth state: UNCHALLENGED
2021-12-20_15:26:23.615 [main] DEBUG o.a.h.impl.client.DefaultHttpClient - Attempt 1 to execute request
2021-12-20_15:26:23.615 [main] DEBUG o.a.h.i.conn.DefaultClientConnection - Sending request: GET /auth/V1/generate/token HTTP/1.1
2021-12-20_15:26:23.616 [main] DEBUG org.apache.http.wire -  >> "GET /auth/V1/generate/token HTTP/1.1[\r][\n]"
2021-12-20_15:26:23.616 [main] DEBUG org.apache.http.wire -  >> "Content-Type: application/json; charset=UTF-8[\r][\n]"
2021-12-20_15:26:23.616 [main] DEBUG org.apache.http.wire -  >> "Accept: */*[\r][\n]"
2021-12-20_15:26:23.616 [main] DEBUG org.apache.http.wire -  >> "userName: A0aCcnPzDANtKmvSLPKcaw==[\r][\n]"
2021-12-20_15:26:23.617 [main] DEBUG org.apache.http.wire -  >> "Host: apitest.pineperks.in[\r][\n]"
2021-12-20_15:26:23.617 [main] DEBUG org.apache.http.wire -  >> "Connection: Keep-Alive[\r][\n]"
2021-12-20_15:26:23.617 [main] DEBUG org.apache.http.wire -  >> "User-Agent: Apache-HttpClient/4.5.2 (Java/1.8.0_202)[\r][\n]"
2021-12-20_15:26:23.618 [main] DEBUG org.apache.http.wire -  >> "Accept-Encoding: gzip,deflate[\r][\n]"
2021-12-20_15:26:23.618 [main] DEBUG org.apache.http.wire -  >> "[\r][\n]"
2021-12-20_15:26:23.618 [main] DEBUG org.apache.http.headers - >> GET /auth/V1/generate/token HTTP/1.1
2021-12-20_15:26:23.618 [main] DEBUG org.apache.http.headers - >> Content-Type: application/json; charset=UTF-8
2021-12-20_15:26:23.618 [main] DEBUG org.apache.http.headers - >> Accept: */*
2021-12-20_15:26:23.618 [main] DEBUG org.apache.http.headers - >> userName: A0aCcnPzDANtKmvSLPKcaw==
2021-12-20_15:26:23.618 [main] DEBUG org.apache.http.headers - >> Host: apitest.pineperks.in
2021-12-20_15:26:23.618 [main] DEBUG org.apache.http.headers - >> Connection: Keep-Alive
2021-12-20_15:26:23.619 [main] DEBUG org.apache.http.headers - >> User-Agent: Apache-HttpClient/4.5.2 (Java/1.8.0_202)
2021-12-20_15:26:23.619 [main] DEBUG org.apache.http.headers - >> Accept-Encoding: gzip,deflate
2021-12-20_15:26:23.643 [main] DEBUG org.apache.http.wire -  << "HTTP/1.1 200 [\r][\n]"
2021-12-20_15:26:23.643 [main] DEBUG org.apache.http.wire -  << "Access-Control-Allow-Methods: GET, POST[\r][\n]"
2021-12-20_15:26:23.644 [main] DEBUG org.apache.http.wire -  << "Access-Control-Allow-Origin: *[\r][\n]"
2021-12-20_15:26:23.644 [main] DEBUG org.apache.http.wire -  << "Content-Security-Policy: default-src 'none'[\r][\n]"
2021-12-20_15:26:23.644 [main] DEBUG org.apache.http.wire -  << "Feature-Policy: 'none'[\r][\n]"
2021-12-20_15:26:23.644 [main] DEBUG org.apache.http.wire -  << "Referrer-Policy: no-referrer[\r][\n]"
2021-12-20_15:26:23.644 [main] DEBUG org.apache.http.wire -  << "Strict-Transport-Security: max-age=31536000 ; includeSubDomains[\r][\n]"
2021-12-20_15:26:23.644 [main] DEBUG org.apache.http.wire -  << "Date: Mon, 20 Dec 2021 09:56:22 GMT[\r][\n]"
2021-12-20_15:26:23.645 [main] DEBUG org.apache.http.wire -  << "Keep-Alive: timeout=60[\r][\n]"
2021-12-20_15:26:23.645 [main] DEBUG org.apache.http.wire -  << "Content-Type: application/json[\r][\n]"
2021-12-20_15:26:23.645 [main] DEBUG org.apache.http.wire -  << "Transfer-Encoding: chunked[\r][\n]"
2021-12-20_15:26:23.645 [main] DEBUG org.apache.http.wire -  << "Connection: keep-alive[\r][\n]"
2021-12-20_15:26:23.645 [main] DEBUG org.apache.http.wire -  << "[\r][\n]"
2021-12-20_15:26:23.645 [main] DEBUG o.a.h.i.conn.DefaultClientConnection - Receiving response: HTTP/1.1 200 
2021-12-20_15:26:23.646 [main] DEBUG org.apache.http.headers - << HTTP/1.1 200 
2021-12-20_15:26:23.646 [main] DEBUG org.apache.http.headers - << Access-Control-Allow-Methods: GET, POST
2021-12-20_15:26:23.646 [main] DEBUG org.apache.http.headers - << Access-Control-Allow-Origin: *
2021-12-20_15:26:23.646 [main] DEBUG org.apache.http.headers - << Content-Security-Policy: default-src 'none'
2021-12-20_15:26:23.646 [main] DEBUG org.apache.http.headers - << Feature-Policy: 'none'
2021-12-20_15:26:23.647 [main] DEBUG org.apache.http.headers - << Referrer-Policy: no-referrer
2021-12-20_15:26:23.647 [main] DEBUG org.apache.http.headers - << Strict-Transport-Security: max-age=31536000 ; includeSubDomains
2021-12-20_15:26:23.647 [main] DEBUG org.apache.http.headers - << Date: Mon, 20 Dec 2021 09:56:22 GMT
2021-12-20_15:26:23.647 [main] DEBUG org.apache.http.headers - << Keep-Alive: timeout=60
2021-12-20_15:26:23.647 [main] DEBUG org.apache.http.headers - << Content-Type: application/json
2021-12-20_15:26:23.647 [main] DEBUG org.apache.http.headers - << Transfer-Encoding: chunked
2021-12-20_15:26:23.647 [main] DEBUG org.apache.http.headers - << Connection: keep-alive
2021-12-20_15:26:23.648 [main] DEBUG o.a.h.impl.client.DefaultHttpClient - Connection can be kept alive for 60000 MILLISECONDS
2021-12-20_15:26:23.649 [main] DEBUG i.r.i.RequestSpecificationImpl$RestAssuredHttpBuilder - Parsing response as: application/json
2021-12-20_15:26:23.649 [main] DEBUG i.r.i.RequestSpecificationImpl$RestAssuredHttpBuilder - Parsed data to instance of: class org.apache.http.conn.EofSensorInputStream
2021-12-20_15:26:23.650 [main] INFO  com.qc.BaseAPI - Method :GET
2021-12-20_15:26:23.653 [main] INFO  com.qc.BaseAPI - URI :https://apitest.pineperks.in/auth/V1/generate/token
2021-12-20_15:26:23.653 [main] INFO  com.qc.BaseAPI - Headers :userName=A0aCcnPzDANtKmvSLPKcaw==
Accept=*/*
Content-Type=application/json; charset=UTF-8
2021-12-20_15:26:23.653 [main] INFO  com.qc.BaseAPI - Body :null
2021-12-20_15:26:23.653 [main] INFO  com.qc.BaseAPI - ********************RESPONSE********************
2021-12-20_15:26:23.654 [main] DEBUG org.apache.http.wire -  << "7f[\r][\n]"
2021-12-20_15:26:23.654 [main] DEBUG org.apache.http.wire -  << "{"accessToken":"131a137f0cbd4b90a3f4fe1991365d0d","tokenExpiryTime":"21-Dec-2021","responseCode":0,"responseMessage":"Success"}"
2021-12-20_15:26:23.654 [main] DEBUG org.apache.http.wire -  << "[\r][\n]"
2021-12-20_15:26:23.654 [main] DEBUG org.apache.http.wire -  << "0[\r][\n]"
2021-12-20_15:26:23.654 [main] DEBUG org.apache.http.wire -  << "[\r][\n]"
2021-12-20_15:26:23.655 [main] DEBUG o.a.h.i.c.BasicClientConnectionManager - Releasing connection org.apache.http.impl.conn.ManagedClientConnectionImpl@7e0181ea
2021-12-20_15:26:23.655 [main] DEBUG o.a.h.i.c.BasicClientConnectionManager - Connection can be kept alive for 60000 MILLISECONDS
2021-12-20_15:26:23.656 [main] INFO  com.qc.BaseAPI - Response :{
    "accessToken": "131a137f0cbd4b90a3f4fe1991365d0d",
    "tokenExpiryTime": "21-Dec-2021",
    "responseCode": 0,
    "responseMessage": "Success"
}
2021-12-20_15:26:23.656 [main] INFO  com.qc.BaseAPI -  **** GET call Response time 152 ms
2021-12-20_15:26:23.657 [main] INFO  pl.rest.service.Authorize - Time Taken to perform https://apitest.pineperks.in/auth/V1/generate/token transaction: 152
2021-12-20_15:26:23.665 [main] ERROR com.qc.qa.utils.TestDataReader - Unable to find ::CardUpdateURI in API test data properties file , Please add correct property values and check
2021-12-20_15:26:23.665 [main] INFO  com.qc.qa.utils.TestDataReader - Reading Json data authorizeHeaders
2021-12-20_15:26:23.669 [main] INFO  com.qc.qa.utils.TestDataReader - Reading json data from file @ testData/api/devAPIData.json
2021-12-20_15:26:23.670 [main] INFO  pl.rest.service.CardUpdate - CardIssue Rest API URL :- https://apitest.pineperks.innull
2021-12-20_15:26:23.702 [main] INFO  pl.rest.CustomHooks - SCENARIO NAME: Updating the card status from active to active
2021-12-20_15:26:23.702 [main] INFO  pl.rest.CustomHooks - TAG NAMEs: []
2021-12-20_15:26:23.808 [Finalizer] DEBUG o.a.h.i.conn.DefaultClientConnection - Connection 0.0.0.0:61565<->14.143.120.84:443 closed
2021-12-20_15:26:24.004 [main] INFO  pl.rest.service.Authorize - Authorize Rest API URL :- https://apitest.pineperks.in/auth/V1/generate/token
2021-12-20_15:26:24.004 [main] INFO  com.qc.BaseAPI - GET call to URL https://apitest.pineperks.in/auth/V1/generate/token
2021-12-20_15:26:24.006 [main] INFO  com.qc.BaseAPI - ********************REQUEST********************
2021-12-20_15:26:24.015 [main] DEBUG o.a.h.i.c.BasicClientConnectionManager - Get connection for route {s}->https://apitest.pineperks.in:443
2021-12-20_15:26:24.015 [main] DEBUG o.a.h.i.c.DefaultClientConnectionOperator - Connecting to apitest.pineperks.in:443
2021-12-20_15:26:24.168 [main] DEBUG o.a.h.c.protocol.RequestAddCookies - CookieSpec selected: ignoreCookies
2021-12-20_15:26:24.169 [main] DEBUG o.a.h.c.protocol.RequestAuthCache - Auth cache not set in the context
2021-12-20_15:26:24.169 [main] DEBUG o.a.h.c.p.RequestTargetAuthentication - Target auth state: UNCHALLENGED
2021-12-20_15:26:24.169 [main] DEBUG o.a.h.c.p.RequestProxyAuthentication - Proxy auth state: UNCHALLENGED
2021-12-20_15:26:24.169 [main] DEBUG o.a.h.impl.client.DefaultHttpClient - Attempt 1 to execute request
2021-12-20_15:26:24.169 [main] DEBUG o.a.h.i.conn.DefaultClientConnection - Sending request: GET /auth/V1/generate/token HTTP/1.1
2021-12-20_15:26:24.170 [main] DEBUG org.apache.http.wire -  >> "GET /auth/V1/generate/token HTTP/1.1[\r][\n]"
2021-12-20_15:26:24.170 [main] DEBUG org.apache.http.wire -  >> "Content-Type: application/json; charset=UTF-8[\r][\n]"
2021-12-20_15:26:24.170 [main] DEBUG org.apache.http.wire -  >> "Accept: */*[\r][\n]"
2021-12-20_15:26:24.170 [main] DEBUG org.apache.http.wire -  >> "userName: A0aCcnPzDANtKmvSLPKcaw==[\r][\n]"
2021-12-20_15:26:24.170 [main] DEBUG org.apache.http.wire -  >> "Host: apitest.pineperks.in[\r][\n]"
2021-12-20_15:26:24.170 [main] DEBUG org.apache.http.wire -  >> "Connection: Keep-Alive[\r][\n]"
2021-12-20_15:26:24.170 [main] DEBUG org.apache.http.wire -  >> "User-Agent: Apache-HttpClient/4.5.2 (Java/1.8.0_202)[\r][\n]"
2021-12-20_15:26:24.170 [main] DEBUG org.apache.http.wire -  >> "Accept-Encoding: gzip,deflate[\r][\n]"
2021-12-20_15:26:24.170 [main] DEBUG org.apache.http.wire -  >> "[\r][\n]"
2021-12-20_15:26:24.170 [main] DEBUG org.apache.http.headers - >> GET /auth/V1/generate/token HTTP/1.1
2021-12-20_15:26:24.170 [main] DEBUG org.apache.http.headers - >> Content-Type: application/json; charset=UTF-8
2021-12-20_15:26:24.170 [main] DEBUG org.apache.http.headers - >> Accept: */*
2021-12-20_15:26:24.170 [main] DEBUG org.apache.http.headers - >> userName: A0aCcnPzDANtKmvSLPKcaw==
2021-12-20_15:26:24.170 [main] DEBUG org.apache.http.headers - >> Host: apitest.pineperks.in
2021-12-20_15:26:24.170 [main] DEBUG org.apache.http.headers - >> Connection: Keep-Alive
2021-12-20_15:26:24.170 [main] DEBUG org.apache.http.headers - >> User-Agent: Apache-HttpClient/4.5.2 (Java/1.8.0_202)
2021-12-20_15:26:24.170 [main] DEBUG org.apache.http.headers - >> Accept-Encoding: gzip,deflate
2021-12-20_15:26:24.238 [main] DEBUG org.apache.http.wire -  << "HTTP/1.1 200 [\r][\n]"
2021-12-20_15:26:24.239 [main] DEBUG org.apache.http.wire -  << "Access-Control-Allow-Methods: GET, POST[\r][\n]"
2021-12-20_15:26:24.239 [main] DEBUG org.apache.http.wire -  << "Access-Control-Allow-Origin: *[\r][\n]"
2021-12-20_15:26:24.239 [main] DEBUG org.apache.http.wire -  << "Content-Security-Policy: default-src 'none'[\r][\n]"
2021-12-20_15:26:24.240 [main] DEBUG org.apache.http.wire -  << "Feature-Policy: 'none'[\r][\n]"
2021-12-20_15:26:24.240 [main] DEBUG org.apache.http.wire -  << "Referrer-Policy: no-referrer[\r][\n]"
2021-12-20_15:26:24.240 [main] DEBUG org.apache.http.wire -  << "Strict-Transport-Security: max-age=31536000 ; includeSubDomains[\r][\n]"
2021-12-20_15:26:24.240 [main] DEBUG org.apache.http.wire -  << "Date: Mon, 20 Dec 2021 09:56:24 GMT[\r][\n]"
2021-12-20_15:26:24.240 [main] DEBUG org.apache.http.wire -  << "Keep-Alive: timeout=60[\r][\n]"
2021-12-20_15:26:24.241 [main] DEBUG org.apache.http.wire -  << "Content-Type: application/json[\r][\n]"
2021-12-20_15:26:24.241 [main] DEBUG org.apache.http.wire -  << "Transfer-Encoding: chunked[\r][\n]"
2021-12-20_15:26:24.241 [main] DEBUG org.apache.http.wire -  << "Connection: keep-alive[\r][\n]"
2021-12-20_15:26:24.241 [main] DEBUG org.apache.http.wire -  << "[\r][\n]"
2021-12-20_15:26:24.241 [main] DEBUG o.a.h.i.conn.DefaultClientConnection - Receiving response: HTTP/1.1 200 
2021-12-20_15:26:24.241 [main] DEBUG org.apache.http.headers - << HTTP/1.1 200 
2021-12-20_15:26:24.241 [main] DEBUG org.apache.http.headers - << Access-Control-Allow-Methods: GET, POST
2021-12-20_15:26:24.241 [main] DEBUG org.apache.http.headers - << Access-Control-Allow-Origin: *
2021-12-20_15:26:24.241 [main] DEBUG org.apache.http.headers - << Content-Security-Policy: default-src 'none'
2021-12-20_15:26:24.241 [main] DEBUG org.apache.http.headers - << Feature-Policy: 'none'
2021-12-20_15:26:24.241 [main] DEBUG org.apache.http.headers - << Referrer-Policy: no-referrer
2021-12-20_15:26:24.241 [main] DEBUG org.apache.http.headers - << Strict-Transport-Security: max-age=31536000 ; includeSubDomains
2021-12-20_15:26:24.241 [main] DEBUG org.apache.http.headers - << Date: Mon, 20 Dec 2021 09:56:24 GMT
2021-12-20_15:26:24.241 [main] DEBUG org.apache.http.headers - << Keep-Alive: timeout=60
2021-12-20_15:26:24.242 [main] DEBUG org.apache.http.headers - << Content-Type: application/json
2021-12-20_15:26:24.242 [main] DEBUG org.apache.http.headers - << Transfer-Encoding: chunked
2021-12-20_15:26:24.242 [main] DEBUG org.apache.http.headers - << Connection: keep-alive
2021-12-20_15:26:24.242 [main] DEBUG o.a.h.impl.client.DefaultHttpClient - Connection can be kept alive for 60000 MILLISECONDS
2021-12-20_15:26:24.242 [main] DEBUG i.r.i.RequestSpecificationImpl$RestAssuredHttpBuilder - Parsing response as: application/json
2021-12-20_15:26:24.242 [main] DEBUG i.r.i.RequestSpecificationImpl$RestAssuredHttpBuilder - Parsed data to instance of: class org.apache.http.conn.EofSensorInputStream
2021-12-20_15:26:24.243 [main] INFO  com.qc.BaseAPI - Method :GET
2021-12-20_15:26:24.244 [main] INFO  com.qc.BaseAPI - URI :https://apitest.pineperks.in/auth/V1/generate/token
2021-12-20_15:26:24.245 [main] INFO  com.qc.BaseAPI - Headers :userName=A0aCcnPzDANtKmvSLPKcaw==
Accept=*/*
Content-Type=application/json; charset=UTF-8
2021-12-20_15:26:24.245 [main] INFO  com.qc.BaseAPI - Body :null
2021-12-20_15:26:24.245 [main] INFO  com.qc.BaseAPI - ********************RESPONSE********************
2021-12-20_15:26:24.245 [main] DEBUG org.apache.http.wire -  << "7f[\r][\n]"
2021-12-20_15:26:24.245 [main] DEBUG org.apache.http.wire -  << "{"accessToken":"d96babab6d4441a69425fe08db35736e","tokenExpiryTime":"21-Dec-2021","responseCode":0,"responseMessage":"Success"}"
2021-12-20_15:26:24.245 [main] DEBUG org.apache.http.wire -  << "[\r][\n]"
2021-12-20_15:26:24.245 [main] DEBUG org.apache.http.wire -  << "0[\r][\n]"
2021-12-20_15:26:24.246 [main] DEBUG org.apache.http.wire -  << "[\r][\n]"
2021-12-20_15:26:24.246 [main] DEBUG o.a.h.i.c.BasicClientConnectionManager - Releasing connection org.apache.http.impl.conn.ManagedClientConnectionImpl@34563bf2
2021-12-20_15:26:24.246 [main] DEBUG o.a.h.i.c.BasicClientConnectionManager - Connection can be kept alive for 60000 MILLISECONDS
2021-12-20_15:26:24.247 [main] INFO  com.qc.BaseAPI - Response :{
    "accessToken": "d96babab6d4441a69425fe08db35736e",
    "tokenExpiryTime": "21-Dec-2021",
    "responseCode": 0,
    "responseMessage": "Success"
}
2021-12-20_15:26:24.247 [main] INFO  com.qc.BaseAPI -  **** GET call Response time 234 ms
2021-12-20_15:26:24.247 [main] INFO  pl.rest.service.Authorize - Time Taken to perform https://apitest.pineperks.in/auth/V1/generate/token transaction: 234
2021-12-20_15:26:24.252 [main] ERROR com.qc.qa.utils.TestDataReader - Unable to find ::CardUpdateURI in API test data properties file , Please add correct property values and check
2021-12-20_15:26:24.252 [main] INFO  com.qc.qa.utils.TestDataReader - Reading Json data authorizeHeaders
2021-12-20_15:26:24.254 [main] INFO  com.qc.qa.utils.TestDataReader - Reading json data from file @ testData/api/devAPIData.json
2021-12-20_15:26:24.255 [main] INFO  pl.rest.service.CardUpdate - CardIssue Rest API URL :- https://apitest.pineperks.innull
