2022-01-17_18:40:46.723 [main] INFO  pl.rest.CustomHooks - SCENARIO NAME: Issuing a instant non reloadable card
2022-01-17_18:40:46.727 [main] INFO  pl.rest.CustomHooks - TAG NAMEs: [@Regression, @DB]
2022-01-17_18:40:46.733 [main] INFO  pl.rest.CustomHooks - SCENARIO NAME: Issuing a instant non reloadable card
2022-01-17_18:40:46.733 [main] INFO  pl.rest.CustomHooks - TAG NAMEs: [@Regression, @DB]
2022-01-17_18:40:46.811 [main] INFO  pl.rest.CustomHooks - Index: 0, Size: 0
2022-01-17_18:40:48.208 [main] INFO  com.qc.qa.utils.TestDataReader - Reading API Test Data config values from  testData/api/devAPITestData.properties
2022-01-17_18:40:48.215 [main] INFO  pl.rest.service.Authorize - Authorize Rest API URL :- https://apitest.pineperks.in/auth/V1/generate/token
2022-01-17_18:40:48.216 [main] INFO  com.qc.BaseAPI - GET call to URL https://apitest.pineperks.in/auth/V1/generate/token
2022-01-17_18:40:48.560 [main] INFO  com.qc.BaseAPI - ********************REQUEST********************
2022-01-17_18:40:50.912 [main] DEBUG o.a.h.i.c.BasicClientConnectionManager - Get connection for route {s}->https://apitest.pineperks.in:443
2022-01-17_18:40:50.984 [main] DEBUG o.a.h.i.c.DefaultClientConnectionOperator - Connecting to apitest.pineperks.in:443
2022-01-17_18:40:51.482 [main] DEBUG o.a.h.c.protocol.RequestAddCookies - CookieSpec selected: ignoreCookies
2022-01-17_18:40:51.485 [main] DEBUG o.a.h.c.protocol.RequestAuthCache - Auth cache not set in the context
2022-01-17_18:40:51.486 [main] DEBUG o.a.h.c.p.RequestTargetAuthentication - Target auth state: UNCHALLENGED
2022-01-17_18:40:51.487 [main] DEBUG o.a.h.c.p.RequestProxyAuthentication - Proxy auth state: UNCHALLENGED
2022-01-17_18:40:51.489 [main] DEBUG o.a.h.impl.client.DefaultHttpClient - Attempt 1 to execute request
2022-01-17_18:40:51.490 [main] DEBUG o.a.h.i.conn.DefaultClientConnection - Sending request: GET /auth/V1/generate/token HTTP/1.1
2022-01-17_18:40:51.491 [main] DEBUG org.apache.http.wire -  >> "GET /auth/V1/generate/token HTTP/1.1[\r][\n]"
2022-01-17_18:40:51.493 [main] DEBUG org.apache.http.wire -  >> "Content-Type: application/json; charset=UTF-8[\r][\n]"
2022-01-17_18:40:51.493 [main] DEBUG org.apache.http.wire -  >> "Accept: */*[\r][\n]"
2022-01-17_18:40:51.493 [main] DEBUG org.apache.http.wire -  >> "userName: A0aCcnPzDANtKmvSLPKcaw==[\r][\n]"
2022-01-17_18:40:51.494 [main] DEBUG org.apache.http.wire -  >> "Host: apitest.pineperks.in[\r][\n]"
2022-01-17_18:40:51.494 [main] DEBUG org.apache.http.wire -  >> "Connection: Keep-Alive[\r][\n]"
2022-01-17_18:40:51.495 [main] DEBUG org.apache.http.wire -  >> "User-Agent: Apache-HttpClient/4.5.2 (Java/1.8.0_202)[\r][\n]"
2022-01-17_18:40:51.496 [main] DEBUG org.apache.http.wire -  >> "Accept-Encoding: gzip,deflate[\r][\n]"
2022-01-17_18:40:51.496 [main] DEBUG org.apache.http.wire -  >> "[\r][\n]"
2022-01-17_18:40:51.496 [main] DEBUG org.apache.http.headers - >> GET /auth/V1/generate/token HTTP/1.1
2022-01-17_18:40:51.496 [main] DEBUG org.apache.http.headers - >> Content-Type: application/json; charset=UTF-8
2022-01-17_18:40:51.497 [main] DEBUG org.apache.http.headers - >> Accept: */*
2022-01-17_18:40:51.497 [main] DEBUG org.apache.http.headers - >> userName: A0aCcnPzDANtKmvSLPKcaw==
2022-01-17_18:40:51.497 [main] DEBUG org.apache.http.headers - >> Host: apitest.pineperks.in
2022-01-17_18:40:51.497 [main] DEBUG org.apache.http.headers - >> Connection: Keep-Alive
2022-01-17_18:40:51.498 [main] DEBUG org.apache.http.headers - >> User-Agent: Apache-HttpClient/4.5.2 (Java/1.8.0_202)
2022-01-17_18:40:51.498 [main] DEBUG org.apache.http.headers - >> Accept-Encoding: gzip,deflate
2022-01-17_18:40:51.593 [main] DEBUG org.apache.http.wire -  << "HTTP/1.1 200 [\r][\n]"
2022-01-17_18:40:51.598 [main] DEBUG org.apache.http.wire -  << "Access-Control-Allow-Methods: GET, POST[\r][\n]"
2022-01-17_18:40:51.600 [main] DEBUG org.apache.http.wire -  << "Access-Control-Allow-Origin: *[\r][\n]"
2022-01-17_18:40:51.601 [main] DEBUG org.apache.http.wire -  << "Content-Security-Policy: default-src 'none'[\r][\n]"
2022-01-17_18:40:51.601 [main] DEBUG org.apache.http.wire -  << "Feature-Policy: 'none'[\r][\n]"
2022-01-17_18:40:51.601 [main] DEBUG org.apache.http.wire -  << "Referrer-Policy: no-referrer[\r][\n]"
2022-01-17_18:40:51.602 [main] DEBUG org.apache.http.wire -  << "Strict-Transport-Security: max-age=31536000 ; includeSubDomains[\r][\n]"
2022-01-17_18:40:51.603 [main] DEBUG org.apache.http.wire -  << "Date: Mon, 17 Jan 2022 13:10:51 GMT[\r][\n]"
2022-01-17_18:40:51.603 [main] DEBUG org.apache.http.wire -  << "Keep-Alive: timeout=60[\r][\n]"
2022-01-17_18:40:51.604 [main] DEBUG org.apache.http.wire -  << "Content-Type: application/json[\r][\n]"
2022-01-17_18:40:51.604 [main] DEBUG org.apache.http.wire -  << "Transfer-Encoding: chunked[\r][\n]"
2022-01-17_18:40:51.605 [main] DEBUG org.apache.http.wire -  << "Connection: keep-alive[\r][\n]"
2022-01-17_18:40:51.605 [main] DEBUG org.apache.http.wire -  << "[\r][\n]"
2022-01-17_18:40:51.607 [main] DEBUG o.a.h.i.conn.DefaultClientConnection - Receiving response: HTTP/1.1 200 
2022-01-17_18:40:51.608 [main] DEBUG org.apache.http.headers - << HTTP/1.1 200 
2022-01-17_18:40:51.608 [main] DEBUG org.apache.http.headers - << Access-Control-Allow-Methods: GET, POST
2022-01-17_18:40:51.608 [main] DEBUG org.apache.http.headers - << Access-Control-Allow-Origin: *
2022-01-17_18:40:51.609 [main] DEBUG org.apache.http.headers - << Content-Security-Policy: default-src 'none'
2022-01-17_18:40:51.609 [main] DEBUG org.apache.http.headers - << Feature-Policy: 'none'
2022-01-17_18:40:51.609 [main] DEBUG org.apache.http.headers - << Referrer-Policy: no-referrer
2022-01-17_18:40:51.609 [main] DEBUG org.apache.http.headers - << Strict-Transport-Security: max-age=31536000 ; includeSubDomains
2022-01-17_18:40:51.609 [main] DEBUG org.apache.http.headers - << Date: Mon, 17 Jan 2022 13:10:51 GMT
2022-01-17_18:40:51.609 [main] DEBUG org.apache.http.headers - << Keep-Alive: timeout=60
2022-01-17_18:40:51.610 [main] DEBUG org.apache.http.headers - << Content-Type: application/json
2022-01-17_18:40:51.610 [main] DEBUG org.apache.http.headers - << Transfer-Encoding: chunked
2022-01-17_18:40:51.610 [main] DEBUG org.apache.http.headers - << Connection: keep-alive
2022-01-17_18:40:51.624 [main] DEBUG o.a.h.impl.client.DefaultHttpClient - Connection can be kept alive for 60000 MILLISECONDS
2022-01-17_18:40:51.660 [main] DEBUG i.r.i.RequestSpecificationImpl$RestAssuredHttpBuilder - Parsing response as: application/json
2022-01-17_18:40:51.661 [main] DEBUG i.r.i.RequestSpecificationImpl$RestAssuredHttpBuilder - Parsed data to instance of: class org.apache.http.conn.EofSensorInputStream
2022-01-17_18:40:51.690 [main] INFO  com.qc.BaseAPI - Method :GET
2022-01-17_18:40:51.692 [main] INFO  com.qc.BaseAPI - URI :https://apitest.pineperks.in/auth/V1/generate/token
2022-01-17_18:40:51.693 [main] INFO  com.qc.BaseAPI - Headers :userName=A0aCcnPzDANtKmvSLPKcaw==
Accept=*/*
Content-Type=application/json; charset=UTF-8
2022-01-17_18:40:51.693 [main] INFO  com.qc.BaseAPI - Body :null
2022-01-17_18:40:51.693 [main] INFO  com.qc.BaseAPI - ********************RESPONSE********************
2022-01-17_18:40:51.732 [main] DEBUG org.apache.http.wire -  << "7f[\r][\n]"
2022-01-17_18:40:51.732 [main] DEBUG org.apache.http.wire -  << "{"accessToken":"37d1097fbaa54b189abcbe350c7ef915","tokenExpiryTime":"17-May-2022","responseCode":0,"responseMessage":"Success"}"
2022-01-17_18:40:51.734 [main] DEBUG org.apache.http.wire -  << "[\r][\n]"
2022-01-17_18:40:51.734 [main] DEBUG org.apache.http.wire -  << "0[\r][\n]"
2022-01-17_18:40:51.735 [main] DEBUG org.apache.http.wire -  << "[\r][\n]"
2022-01-17_18:40:51.735 [main] DEBUG o.a.h.i.c.BasicClientConnectionManager - Releasing connection org.apache.http.impl.conn.ManagedClientConnectionImpl@290b031e
2022-01-17_18:40:51.735 [main] DEBUG o.a.h.i.c.BasicClientConnectionManager - Connection can be kept alive for 60000 MILLISECONDS
2022-01-17_18:40:51.793 [main] INFO  com.qc.BaseAPI - Response :{
    "accessToken": "37d1097fbaa54b189abcbe350c7ef915",
    "tokenExpiryTime": "17-May-2022",
    "responseCode": 0,
    "responseMessage": "Success"
}
2022-01-17_18:40:51.797 [main] INFO  com.qc.BaseAPI -  **** GET call Response time 3108 ms
2022-01-17_18:40:51.797 [main] INFO  pl.rest.service.Authorize - Time Taken to perform https://apitest.pineperks.in/auth/V1/generate/token transaction: 3108
2022-01-17_18:40:51.903 [main] INFO  com.qc.qa.utils.TestDataReader - Reading Json data authorizeHeaders
2022-01-17_18:40:51.907 [main] INFO  com.qc.qa.utils.TestDataReader - Reading json data from file @ testData/api/devAPIData.json
2022-01-17_18:40:51.935 [main] INFO  pl.rest.service.CardIssue - CardIssue Rest API URL :- https://apitest.pineperks.in/card/order/V1/instant/issue/nonreloadable/digital
2022-01-17_18:40:51.936 [main] INFO  com.qc.BaseAPI - POST call to URL https://apitest.pineperks.in/card/order/V1/instant/issue/nonreloadable/digital
2022-01-17_18:40:51.952 [main] INFO  com.qc.BaseAPI - ********************REQUEST********************
2022-01-17_18:40:51.995 [main] DEBUG o.a.h.i.c.BasicClientConnectionManager - Get connection for route {s}->https://apitest.pineperks.in:443
2022-01-17_18:40:51.996 [main] DEBUG o.a.h.i.c.DefaultClientConnectionOperator - Connecting to apitest.pineperks.in:443
2022-01-17_18:40:52.318 [main] DEBUG o.a.h.c.protocol.RequestAddCookies - CookieSpec selected: ignoreCookies
2022-01-17_18:40:52.318 [main] DEBUG o.a.h.c.protocol.RequestAuthCache - Auth cache not set in the context
2022-01-17_18:40:52.319 [main] DEBUG o.a.h.c.p.RequestTargetAuthentication - Target auth state: UNCHALLENGED
2022-01-17_18:40:52.319 [main] DEBUG o.a.h.c.p.RequestProxyAuthentication - Proxy auth state: UNCHALLENGED
2022-01-17_18:40:52.319 [main] DEBUG o.a.h.impl.client.DefaultHttpClient - Attempt 1 to execute request
2022-01-17_18:40:52.319 [main] DEBUG o.a.h.i.conn.DefaultClientConnection - Sending request: POST /card/order/V1/instant/issue/nonreloadable/digital HTTP/1.1
2022-01-17_18:40:52.319 [main] DEBUG org.apache.http.wire -  >> "POST /card/order/V1/instant/issue/nonreloadable/digital HTTP/1.1[\r][\n]"
2022-01-17_18:40:52.319 [main] DEBUG org.apache.http.wire -  >> "Accept: */*[\r][\n]"
2022-01-17_18:40:52.320 [main] DEBUG org.apache.http.wire -  >> "userName: A0aCcnPzDANtKmvSLPKcaw==[\r][\n]"
2022-01-17_18:40:52.320 [main] DEBUG org.apache.http.wire -  >> "token: 37d1097fbaa54b189abcbe350c7ef915[\r][\n]"
2022-01-17_18:40:52.320 [main] DEBUG org.apache.http.wire -  >> "Content-Type: application/json; charset=UTF-8[\r][\n]"
2022-01-17_18:40:52.321 [main] DEBUG org.apache.http.wire -  >> "Content-Length: 241[\r][\n]"
2022-01-17_18:40:52.321 [main] DEBUG org.apache.http.wire -  >> "Host: apitest.pineperks.in[\r][\n]"
2022-01-17_18:40:52.321 [main] DEBUG org.apache.http.wire -  >> "Connection: Keep-Alive[\r][\n]"
2022-01-17_18:40:52.321 [main] DEBUG org.apache.http.wire -  >> "User-Agent: Apache-HttpClient/4.5.2 (Java/1.8.0_202)[\r][\n]"
2022-01-17_18:40:52.321 [main] DEBUG org.apache.http.wire -  >> "Accept-Encoding: gzip,deflate[\r][\n]"
2022-01-17_18:40:52.321 [main] DEBUG org.apache.http.wire -  >> "[\r][\n]"
2022-01-17_18:40:52.321 [main] DEBUG org.apache.http.headers - >> POST /card/order/V1/instant/issue/nonreloadable/digital HTTP/1.1
2022-01-17_18:40:52.321 [main] DEBUG org.apache.http.headers - >> Accept: */*
2022-01-17_18:40:52.323 [main] DEBUG org.apache.http.headers - >> userName: A0aCcnPzDANtKmvSLPKcaw==
2022-01-17_18:40:52.323 [main] DEBUG org.apache.http.headers - >> token: 37d1097fbaa54b189abcbe350c7ef915
2022-01-17_18:40:52.323 [main] DEBUG org.apache.http.headers - >> Content-Type: application/json; charset=UTF-8
2022-01-17_18:40:52.323 [main] DEBUG org.apache.http.headers - >> Content-Length: 241
2022-01-17_18:40:52.323 [main] DEBUG org.apache.http.headers - >> Host: apitest.pineperks.in
2022-01-17_18:40:52.324 [main] DEBUG org.apache.http.headers - >> Connection: Keep-Alive
2022-01-17_18:40:52.324 [main] DEBUG org.apache.http.headers - >> User-Agent: Apache-HttpClient/4.5.2 (Java/1.8.0_202)
2022-01-17_18:40:52.324 [main] DEBUG org.apache.http.headers - >> Accept-Encoding: gzip,deflate
2022-01-17_18:40:52.324 [main] DEBUG org.apache.http.wire -  >> "{"isLinkToBeSentOnMobile":true,"checksum":"5x3GNrnStyS2PkMvV6EeAw==","cardDetailList":[{"amount":"1000","mobileNumber":"8284854535","customerName":"afzal","email":"afzal.ahmed@pinelabs.com"}],"externalRequestId":"4fl2Sla","cardSchemeId":"7"}"
2022-01-17_18:40:52.651 [main] DEBUG org.apache.http.wire -  << "HTTP/1.1 200 [\r][\n]"
2022-01-17_18:40:52.652 [main] DEBUG org.apache.http.wire -  << "Access-Control-Allow-Methods: GET, POST[\r][\n]"
2022-01-17_18:40:52.652 [main] DEBUG org.apache.http.wire -  << "Access-Control-Allow-Origin: *[\r][\n]"
2022-01-17_18:40:52.652 [main] DEBUG org.apache.http.wire -  << "Content-Security-Policy: default-src 'none'[\r][\n]"
2022-01-17_18:40:52.653 [main] DEBUG org.apache.http.wire -  << "Feature-Policy: 'none'[\r][\n]"
2022-01-17_18:40:52.653 [main] DEBUG org.apache.http.wire -  << "Referrer-Policy: no-referrer[\r][\n]"
2022-01-17_18:40:52.653 [main] DEBUG org.apache.http.wire -  << "Strict-Transport-Security: max-age=31536000 ; includeSubDomains[\r][\n]"
2022-01-17_18:40:52.653 [main] DEBUG org.apache.http.wire -  << "Date: Mon, 17 Jan 2022 13:10:52 GMT[\r][\n]"
2022-01-17_18:40:52.653 [main] DEBUG org.apache.http.wire -  << "Keep-Alive: timeout=60[\r][\n]"
2022-01-17_18:40:52.653 [main] DEBUG org.apache.http.wire -  << "Content-Type: application/json[\r][\n]"
2022-01-17_18:40:52.654 [main] DEBUG org.apache.http.wire -  << "Transfer-Encoding: chunked[\r][\n]"
2022-01-17_18:40:52.654 [main] DEBUG org.apache.http.wire -  << "Connection: keep-alive[\r][\n]"
2022-01-17_18:40:52.654 [main] DEBUG org.apache.http.wire -  << "[\r][\n]"
2022-01-17_18:40:52.654 [main] DEBUG o.a.h.i.conn.DefaultClientConnection - Receiving response: HTTP/1.1 200 
2022-01-17_18:40:52.654 [main] DEBUG org.apache.http.headers - << HTTP/1.1 200 
2022-01-17_18:40:52.655 [main] DEBUG org.apache.http.headers - << Access-Control-Allow-Methods: GET, POST
2022-01-17_18:40:52.655 [main] DEBUG org.apache.http.headers - << Access-Control-Allow-Origin: *
2022-01-17_18:40:52.656 [main] DEBUG org.apache.http.headers - << Content-Security-Policy: default-src 'none'
2022-01-17_18:40:52.656 [main] DEBUG org.apache.http.headers - << Feature-Policy: 'none'
2022-01-17_18:40:52.656 [main] DEBUG org.apache.http.headers - << Referrer-Policy: no-referrer
2022-01-17_18:40:52.656 [main] DEBUG org.apache.http.headers - << Strict-Transport-Security: max-age=31536000 ; includeSubDomains
2022-01-17_18:40:52.656 [main] DEBUG org.apache.http.headers - << Date: Mon, 17 Jan 2022 13:10:52 GMT
2022-01-17_18:40:52.656 [main] DEBUG org.apache.http.headers - << Keep-Alive: timeout=60
2022-01-17_18:40:52.656 [main] DEBUG org.apache.http.headers - << Content-Type: application/json
2022-01-17_18:40:52.656 [main] DEBUG org.apache.http.headers - << Transfer-Encoding: chunked
2022-01-17_18:40:52.657 [main] DEBUG org.apache.http.headers - << Connection: keep-alive
2022-01-17_18:40:52.657 [main] DEBUG o.a.h.impl.client.DefaultHttpClient - Connection can be kept alive for 60000 MILLISECONDS
2022-01-17_18:40:52.658 [main] DEBUG i.r.i.RequestSpecificationImpl$RestAssuredHttpBuilder - Parsing response as: application/json
2022-01-17_18:40:52.658 [main] DEBUG i.r.i.RequestSpecificationImpl$RestAssuredHttpBuilder - Parsed data to instance of: class org.apache.http.conn.EofSensorInputStream
2022-01-17_18:40:52.661 [main] INFO  com.qc.BaseAPI - Method :POST
2022-01-17_18:40:52.665 [main] INFO  com.qc.BaseAPI - URI :https://apitest.pineperks.in/card/order/V1/instant/issue/nonreloadable/digital
2022-01-17_18:40:52.665 [main] INFO  com.qc.BaseAPI - Headers :token=37d1097fbaa54b189abcbe350c7ef915
userName=A0aCcnPzDANtKmvSLPKcaw==
Accept=*/*
Content-Type=application/json; charset=UTF-8
2022-01-17_18:40:52.665 [main] INFO  com.qc.BaseAPI - Body :{"isLinkToBeSentOnMobile":true,"checksum":"5x3GNrnStyS2PkMvV6EeAw==","cardDetailList":[{"amount":"1000","mobileNumber":"8284854535","customerName":"afzal","email":"afzal.ahmed@pinelabs.com"}],"externalRequestId":"4fl2Sla","cardSchemeId":"7"}
2022-01-17_18:40:52.666 [main] INFO  com.qc.BaseAPI - ********************RESPONSE********************
2022-01-17_18:40:52.666 [main] DEBUG org.apache.http.wire -  << "1f2[\r][\n]"
2022-01-17_18:40:52.666 [main] DEBUG org.apache.http.wire -  << "{"externalRequestId":"4fl2Sla","orderId":102953,"orderStatus":6,"cardDetailResponseList":[{"referenceNumber":8651224262,"serialNumber":10295300010001,"customerName":"afzal","mobileNumber":8284854535,"email":"afzal.ahmed@pinelabs.com","amount":1000,"cardLink":"test.pineperks.in/eCard?c=Z1EGpYMXdrEs.sDM9L.lYg2","responseCode":0,"responseMessage":"Success"}],"successCount":1,"failedCount":0,"orderAmount":1000,"issuanceCharge":100,"netOrderAmount":1100,"responseCode":0,"responseMessage":"Success"}"
2022-01-17_18:40:52.666 [main] DEBUG org.apache.http.wire -  << "[\r][\n]"
2022-01-17_18:40:52.667 [main] DEBUG org.apache.http.wire -  << "0[\r][\n]"
2022-01-17_18:40:52.667 [main] DEBUG org.apache.http.wire -  << "[\r][\n]"
2022-01-17_18:40:52.667 [main] DEBUG o.a.h.i.c.BasicClientConnectionManager - Releasing connection org.apache.http.impl.conn.ManagedClientConnectionImpl@4bc757c1
2022-01-17_18:40:52.668 [main] DEBUG o.a.h.i.c.BasicClientConnectionManager - Connection can be kept alive for 60000 MILLISECONDS
2022-01-17_18:40:52.672 [main] INFO  com.qc.BaseAPI - Response :{
    "externalRequestId": "4fl2Sla",
    "orderId": 102953,
    "orderStatus": 6,
    "cardDetailResponseList": [
        {
            "referenceNumber": 8651224262,
            "serialNumber": 10295300010001,
            "customerName": "afzal",
            "mobileNumber": 8284854535,
            "email": "afzal.ahmed@pinelabs.com",
            "amount": 1000,
            "cardLink": "test.pineperks.in/eCard?c=Z1EGpYMXdrEs.sDM9L.lYg2",
            "responseCode": 0,
            "responseMessage": "Success"
        }
    ],
    "successCount": 1,
    "failedCount": 0,
    "orderAmount": 1000,
    "issuanceCharge": 100,
    "netOrderAmount": 1100,
    "responseCode": 0,
    "responseMessage": "Success"
}
2022-01-17_18:40:52.672 [main] INFO  com.qc.BaseAPI -  **** POST call Response time 704 ms
2022-01-17_18:40:52.673 [main] INFO  pl.rest.service.CardIssue - Time Taken to perform https://apitest.pineperks.in/card/order/V1/instant/issue/nonreloadable/digital transaction: 704
