2022-02-03_21:59:31.230 [main] INFO  pl.rest.CustomHooks - SCENARIO NAME: Validating the pin mode value on the response on issuing different PIN on SMS/ Physical PIN Mailer/ Customer generated PIN/ PIN Less pin mode card.
2022-02-03_21:59:31.234 [main] INFO  pl.rest.CustomHooks - TAG NAMEs: [@Regression]
2022-02-03_21:59:31.239 [main] INFO  pl.rest.CustomHooks - SCENARIO NAME: Validating the pin mode value on the response on issuing different PIN on SMS/ Physical PIN Mailer/ Customer generated PIN/ PIN Less pin mode card.
2022-02-03_21:59:31.240 [main] INFO  pl.rest.CustomHooks - TAG NAMEs: [@Regression]
2022-02-03_21:59:31.326 [main] INFO  pl.rest.CustomHooks - Index: 0, Size: 0
2022-02-03_21:59:32.647 [main] INFO  com.qc.qa.utils.TestDataReader - Reading API Test Data config values from  testData/api/devAPITestData.properties
2022-02-03_21:59:32.652 [main] INFO  pl.rest.service.Authorize - Authorize Rest API URL :- https://apitest.pineperks.in/auth/V1/generate/token
2022-02-03_21:59:32.653 [main] INFO  com.qc.BaseAPI - GET call to URL https://apitest.pineperks.in/auth/V1/generate/token
2022-02-03_21:59:32.977 [main] INFO  com.qc.BaseAPI - ********************REQUEST********************
2022-02-03_21:59:35.922 [main] DEBUG o.a.h.i.c.BasicClientConnectionManager - Get connection for route {s}->https://apitest.pineperks.in:443
2022-02-03_21:59:36.003 [main] DEBUG o.a.h.i.c.DefaultClientConnectionOperator - Connecting to apitest.pineperks.in:443
2022-02-03_21:59:36.266 [main] DEBUG o.a.h.c.protocol.RequestAddCookies - CookieSpec selected: ignoreCookies
2022-02-03_21:59:36.268 [main] DEBUG o.a.h.c.protocol.RequestAuthCache - Auth cache not set in the context
2022-02-03_21:59:36.269 [main] DEBUG o.a.h.c.p.RequestTargetAuthentication - Target auth state: UNCHALLENGED
2022-02-03_21:59:36.270 [main] DEBUG o.a.h.c.p.RequestProxyAuthentication - Proxy auth state: UNCHALLENGED
2022-02-03_21:59:36.270 [main] DEBUG o.a.h.impl.client.DefaultHttpClient - Attempt 1 to execute request
2022-02-03_21:59:36.270 [main] DEBUG o.a.h.i.conn.DefaultClientConnection - Sending request: GET /auth/V1/generate/token HTTP/1.1
2022-02-03_21:59:36.271 [main] DEBUG org.apache.http.wire -  >> "GET /auth/V1/generate/token HTTP/1.1[\r][\n]"
2022-02-03_21:59:36.272 [main] DEBUG org.apache.http.wire -  >> "Content-Type: application/json; charset=UTF-8[\r][\n]"
2022-02-03_21:59:36.272 [main] DEBUG org.apache.http.wire -  >> "Accept: */*[\r][\n]"
2022-02-03_21:59:36.272 [main] DEBUG org.apache.http.wire -  >> "userName: A0aCcnPzDANtKmvSLPKcaw==[\r][\n]"
2022-02-03_21:59:36.273 [main] DEBUG org.apache.http.wire -  >> "Host: apitest.pineperks.in[\r][\n]"
2022-02-03_21:59:36.273 [main] DEBUG org.apache.http.wire -  >> "Connection: Keep-Alive[\r][\n]"
2022-02-03_21:59:36.273 [main] DEBUG org.apache.http.wire -  >> "User-Agent: Apache-HttpClient/4.5.2 (Java/1.8.0_202)[\r][\n]"
2022-02-03_21:59:36.273 [main] DEBUG org.apache.http.wire -  >> "Accept-Encoding: gzip,deflate[\r][\n]"
2022-02-03_21:59:36.273 [main] DEBUG org.apache.http.wire -  >> "[\r][\n]"
2022-02-03_21:59:36.273 [main] DEBUG org.apache.http.headers - >> GET /auth/V1/generate/token HTTP/1.1
2022-02-03_21:59:36.273 [main] DEBUG org.apache.http.headers - >> Content-Type: application/json; charset=UTF-8
2022-02-03_21:59:36.273 [main] DEBUG org.apache.http.headers - >> Accept: */*
2022-02-03_21:59:36.273 [main] DEBUG org.apache.http.headers - >> userName: A0aCcnPzDANtKmvSLPKcaw==
2022-02-03_21:59:36.274 [main] DEBUG org.apache.http.headers - >> Host: apitest.pineperks.in
2022-02-03_21:59:36.274 [main] DEBUG org.apache.http.headers - >> Connection: Keep-Alive
2022-02-03_21:59:36.274 [main] DEBUG org.apache.http.headers - >> User-Agent: Apache-HttpClient/4.5.2 (Java/1.8.0_202)
2022-02-03_21:59:36.274 [main] DEBUG org.apache.http.headers - >> Accept-Encoding: gzip,deflate
2022-02-03_21:59:36.325 [main] DEBUG org.apache.http.wire -  << "HTTP/1.1 200 [\r][\n]"
2022-02-03_21:59:36.328 [main] DEBUG org.apache.http.wire -  << "Access-Control-Allow-Methods: GET, POST[\r][\n]"
2022-02-03_21:59:36.329 [main] DEBUG org.apache.http.wire -  << "Access-Control-Allow-Origin: *[\r][\n]"
2022-02-03_21:59:36.329 [main] DEBUG org.apache.http.wire -  << "Content-Security-Policy: default-src 'none'[\r][\n]"
2022-02-03_21:59:36.330 [main] DEBUG org.apache.http.wire -  << "Feature-Policy: 'none'[\r][\n]"
2022-02-03_21:59:36.330 [main] DEBUG org.apache.http.wire -  << "Referrer-Policy: no-referrer[\r][\n]"
2022-02-03_21:59:36.330 [main] DEBUG org.apache.http.wire -  << "Strict-Transport-Security: max-age=31536000 ; includeSubDomains[\r][\n]"
2022-02-03_21:59:36.330 [main] DEBUG org.apache.http.wire -  << "Date: Thu, 03 Feb 2022 16:29:36 GMT[\r][\n]"
2022-02-03_21:59:36.330 [main] DEBUG org.apache.http.wire -  << "Keep-Alive: timeout=60[\r][\n]"
2022-02-03_21:59:36.330 [main] DEBUG org.apache.http.wire -  << "Content-Type: application/json[\r][\n]"
2022-02-03_21:59:36.330 [main] DEBUG org.apache.http.wire -  << "Transfer-Encoding: chunked[\r][\n]"
2022-02-03_21:59:36.330 [main] DEBUG org.apache.http.wire -  << "Connection: keep-alive[\r][\n]"
2022-02-03_21:59:36.330 [main] DEBUG org.apache.http.wire -  << "[\r][\n]"
2022-02-03_21:59:36.331 [main] DEBUG o.a.h.i.conn.DefaultClientConnection - Receiving response: HTTP/1.1 200 
2022-02-03_21:59:36.332 [main] DEBUG org.apache.http.headers - << HTTP/1.1 200 
2022-02-03_21:59:36.332 [main] DEBUG org.apache.http.headers - << Access-Control-Allow-Methods: GET, POST
2022-02-03_21:59:36.332 [main] DEBUG org.apache.http.headers - << Access-Control-Allow-Origin: *
2022-02-03_21:59:36.332 [main] DEBUG org.apache.http.headers - << Content-Security-Policy: default-src 'none'
2022-02-03_21:59:36.332 [main] DEBUG org.apache.http.headers - << Feature-Policy: 'none'
2022-02-03_21:59:36.332 [main] DEBUG org.apache.http.headers - << Referrer-Policy: no-referrer
2022-02-03_21:59:36.332 [main] DEBUG org.apache.http.headers - << Strict-Transport-Security: max-age=31536000 ; includeSubDomains
2022-02-03_21:59:36.333 [main] DEBUG org.apache.http.headers - << Date: Thu, 03 Feb 2022 16:29:36 GMT
2022-02-03_21:59:36.333 [main] DEBUG org.apache.http.headers - << Keep-Alive: timeout=60
2022-02-03_21:59:36.333 [main] DEBUG org.apache.http.headers - << Content-Type: application/json
2022-02-03_21:59:36.333 [main] DEBUG org.apache.http.headers - << Transfer-Encoding: chunked
2022-02-03_21:59:36.333 [main] DEBUG org.apache.http.headers - << Connection: keep-alive
2022-02-03_21:59:36.342 [main] DEBUG o.a.h.impl.client.DefaultHttpClient - Connection can be kept alive for 60000 MILLISECONDS
2022-02-03_21:59:36.371 [main] DEBUG i.r.i.RequestSpecificationImpl$RestAssuredHttpBuilder - Parsing response as: application/json
2022-02-03_21:59:36.371 [main] DEBUG i.r.i.RequestSpecificationImpl$RestAssuredHttpBuilder - Parsed data to instance of: class org.apache.http.conn.EofSensorInputStream
2022-02-03_21:59:36.399 [main] INFO  com.qc.BaseAPI - Method :GET
2022-02-03_21:59:36.402 [main] INFO  com.qc.BaseAPI - URI :https://apitest.pineperks.in/auth/V1/generate/token
2022-02-03_21:59:36.402 [main] INFO  com.qc.BaseAPI - Headers :userName=A0aCcnPzDANtKmvSLPKcaw==
Accept=*/*
Content-Type=application/json; charset=UTF-8
2022-02-03_21:59:36.402 [main] INFO  com.qc.BaseAPI - Body :null
2022-02-03_21:59:36.402 [main] INFO  com.qc.BaseAPI - ********************RESPONSE********************
2022-02-03_21:59:36.423 [main] DEBUG org.apache.http.wire -  << "7f[\r][\n]"
2022-02-03_21:59:36.424 [main] DEBUG org.apache.http.wire -  << "{"accessToken":"63897f6d5edd45f1b6c69acbf4fbe4a3","tokenExpiryTime":"03-Feb-2024","responseCode":0,"responseMessage":"Success"}"
2022-02-03_21:59:36.425 [main] DEBUG org.apache.http.wire -  << "[\r][\n]"
2022-02-03_21:59:36.426 [main] DEBUG org.apache.http.wire -  << "0[\r][\n]"
2022-02-03_21:59:36.426 [main] DEBUG org.apache.http.wire -  << "[\r][\n]"
2022-02-03_21:59:36.426 [main] DEBUG o.a.h.i.c.BasicClientConnectionManager - Releasing connection org.apache.http.impl.conn.ManagedClientConnectionImpl@77f965a0
2022-02-03_21:59:36.427 [main] DEBUG o.a.h.i.c.BasicClientConnectionManager - Connection can be kept alive for 60000 MILLISECONDS
2022-02-03_21:59:36.499 [main] INFO  com.qc.BaseAPI - Response :{
    "accessToken": "63897f6d5edd45f1b6c69acbf4fbe4a3",
    "tokenExpiryTime": "03-Feb-2024",
    "responseCode": 0,
    "responseMessage": "Success"
}
2022-02-03_21:59:36.503 [main] INFO  com.qc.BaseAPI -  **** GET call Response time 3408 ms
2022-02-03_21:59:36.503 [main] INFO  pl.rest.service.Authorize - Time Taken to perform https://apitest.pineperks.in/auth/V1/generate/token transaction: 3408
2022-02-03_21:59:36.680 [main] INFO  pl.rest.utils.DBUtils - Query being executed Select * from card where isDummyCard=1 and corporateid=6;
2022-02-03_21:59:36.738 [main] ERROR com.qc.qa.utils.LoadProperties - Missing MySQLDBEnvironment property value in system property or in config.properties files.Please add it if incase required
2022-02-03_21:59:36.739 [main] INFO  com.qc.qa.dbutils.DBPoolProvider - Con pool Total - 400, idle - 0,  Num active - 0
2022-02-03_21:59:36.740 [main] INFO  com.qc.qa.dbutils.DBPoolProvider - Retrieved connection
2022-02-03_21:59:44.121 [main] INFO  pl.rest.CustomHooks - SCENARIO NAME: Validating the pin mode value on the response on issuing different PIN on SMS/ Physical PIN Mailer/ Customer generated PIN/ PIN Less pin mode card.
2022-02-03_21:59:44.122 [main] INFO  pl.rest.CustomHooks - TAG NAMEs: [@Regression]
2022-02-03_21:59:44.123 [main] INFO  pl.rest.CustomHooks - SCENARIO NAME: Validating the pin mode value on the response on issuing different PIN on SMS/ Physical PIN Mailer/ Customer generated PIN/ PIN Less pin mode card.
2022-02-03_21:59:44.123 [main] INFO  pl.rest.CustomHooks - TAG NAMEs: [@Regression]
2022-02-03_21:59:44.124 [main] INFO  pl.rest.CustomHooks - Index: 0, Size: 0
2022-02-03_21:59:44.455 [main] INFO  pl.rest.service.Authorize - Authorize Rest API URL :- https://apitest.pineperks.in/auth/V1/generate/token
2022-02-03_21:59:44.456 [main] INFO  com.qc.BaseAPI - GET call to URL https://apitest.pineperks.in/auth/V1/generate/token
2022-02-03_21:59:44.463 [main] INFO  com.qc.BaseAPI - ********************REQUEST********************
2022-02-03_21:59:44.489 [main] DEBUG o.a.h.i.c.BasicClientConnectionManager - Get connection for route {s}->https://apitest.pineperks.in:443
2022-02-03_21:59:44.490 [main] DEBUG o.a.h.i.c.DefaultClientConnectionOperator - Connecting to apitest.pineperks.in:443
2022-02-03_21:59:44.609 [main] DEBUG o.a.h.c.protocol.RequestAddCookies - CookieSpec selected: ignoreCookies
2022-02-03_21:59:44.609 [main] DEBUG o.a.h.c.protocol.RequestAuthCache - Auth cache not set in the context
2022-02-03_21:59:44.610 [main] DEBUG o.a.h.c.p.RequestTargetAuthentication - Target auth state: UNCHALLENGED
2022-02-03_21:59:44.610 [main] DEBUG o.a.h.c.p.RequestProxyAuthentication - Proxy auth state: UNCHALLENGED
2022-02-03_21:59:44.611 [main] DEBUG o.a.h.impl.client.DefaultHttpClient - Attempt 1 to execute request
2022-02-03_21:59:44.611 [main] DEBUG o.a.h.i.conn.DefaultClientConnection - Sending request: GET /auth/V1/generate/token HTTP/1.1
2022-02-03_21:59:44.611 [main] DEBUG org.apache.http.wire -  >> "GET /auth/V1/generate/token HTTP/1.1[\r][\n]"
2022-02-03_21:59:44.612 [main] DEBUG org.apache.http.wire -  >> "Content-Type: application/json; charset=UTF-8[\r][\n]"
2022-02-03_21:59:44.612 [main] DEBUG org.apache.http.wire -  >> "Accept: */*[\r][\n]"
2022-02-03_21:59:44.612 [main] DEBUG org.apache.http.wire -  >> "userName: A0aCcnPzDANtKmvSLPKcaw==[\r][\n]"
2022-02-03_21:59:44.612 [main] DEBUG org.apache.http.wire -  >> "Host: apitest.pineperks.in[\r][\n]"
2022-02-03_21:59:44.612 [main] DEBUG org.apache.http.wire -  >> "Connection: Keep-Alive[\r][\n]"
2022-02-03_21:59:44.613 [main] DEBUG org.apache.http.wire -  >> "User-Agent: Apache-HttpClient/4.5.2 (Java/1.8.0_202)[\r][\n]"
2022-02-03_21:59:44.614 [main] DEBUG org.apache.http.wire -  >> "Accept-Encoding: gzip,deflate[\r][\n]"
2022-02-03_21:59:44.614 [main] DEBUG org.apache.http.wire -  >> "[\r][\n]"
2022-02-03_21:59:44.615 [main] DEBUG org.apache.http.headers - >> GET /auth/V1/generate/token HTTP/1.1
2022-02-03_21:59:44.615 [main] DEBUG org.apache.http.headers - >> Content-Type: application/json; charset=UTF-8
2022-02-03_21:59:44.615 [main] DEBUG org.apache.http.headers - >> Accept: */*
2022-02-03_21:59:44.615 [main] DEBUG org.apache.http.headers - >> userName: A0aCcnPzDANtKmvSLPKcaw==
2022-02-03_21:59:44.615 [main] DEBUG org.apache.http.headers - >> Host: apitest.pineperks.in
2022-02-03_21:59:44.616 [main] DEBUG org.apache.http.headers - >> Connection: Keep-Alive
2022-02-03_21:59:44.616 [main] DEBUG org.apache.http.headers - >> User-Agent: Apache-HttpClient/4.5.2 (Java/1.8.0_202)
2022-02-03_21:59:44.616 [main] DEBUG org.apache.http.headers - >> Accept-Encoding: gzip,deflate
2022-02-03_21:59:44.651 [main] DEBUG org.apache.http.wire -  << "HTTP/1.1 200 [\r][\n]"
2022-02-03_21:59:44.652 [main] DEBUG org.apache.http.wire -  << "Access-Control-Allow-Methods: GET, POST[\r][\n]"
2022-02-03_21:59:44.652 [main] DEBUG org.apache.http.wire -  << "Access-Control-Allow-Origin: *[\r][\n]"
2022-02-03_21:59:44.652 [main] DEBUG org.apache.http.wire -  << "Content-Security-Policy: default-src 'none'[\r][\n]"
2022-02-03_21:59:44.652 [main] DEBUG org.apache.http.wire -  << "Feature-Policy: 'none'[\r][\n]"
2022-02-03_21:59:44.652 [main] DEBUG org.apache.http.wire -  << "Referrer-Policy: no-referrer[\r][\n]"
2022-02-03_21:59:44.652 [main] DEBUG org.apache.http.wire -  << "Strict-Transport-Security: max-age=31536000 ; includeSubDomains[\r][\n]"
2022-02-03_21:59:44.652 [main] DEBUG org.apache.http.wire -  << "Date: Thu, 03 Feb 2022 16:29:44 GMT[\r][\n]"
2022-02-03_21:59:44.652 [main] DEBUG org.apache.http.wire -  << "Keep-Alive: timeout=60[\r][\n]"
2022-02-03_21:59:44.653 [main] DEBUG org.apache.http.wire -  << "Content-Type: application/json[\r][\n]"
2022-02-03_21:59:44.653 [main] DEBUG org.apache.http.wire -  << "Transfer-Encoding: chunked[\r][\n]"
2022-02-03_21:59:44.653 [main] DEBUG org.apache.http.wire -  << "Connection: keep-alive[\r][\n]"
2022-02-03_21:59:44.653 [main] DEBUG org.apache.http.wire -  << "[\r][\n]"
2022-02-03_21:59:44.654 [main] DEBUG o.a.h.i.conn.DefaultClientConnection - Receiving response: HTTP/1.1 200 
2022-02-03_21:59:44.654 [main] DEBUG org.apache.http.headers - << HTTP/1.1 200 
2022-02-03_21:59:44.654 [main] DEBUG org.apache.http.headers - << Access-Control-Allow-Methods: GET, POST
2022-02-03_21:59:44.654 [main] DEBUG org.apache.http.headers - << Access-Control-Allow-Origin: *
2022-02-03_21:59:44.654 [main] DEBUG org.apache.http.headers - << Content-Security-Policy: default-src 'none'
2022-02-03_21:59:44.654 [main] DEBUG org.apache.http.headers - << Feature-Policy: 'none'
2022-02-03_21:59:44.655 [main] DEBUG org.apache.http.headers - << Referrer-Policy: no-referrer
2022-02-03_21:59:44.655 [main] DEBUG org.apache.http.headers - << Strict-Transport-Security: max-age=31536000 ; includeSubDomains
2022-02-03_21:59:44.655 [main] DEBUG org.apache.http.headers - << Date: Thu, 03 Feb 2022 16:29:44 GMT
2022-02-03_21:59:44.655 [main] DEBUG org.apache.http.headers - << Keep-Alive: timeout=60
2022-02-03_21:59:44.655 [main] DEBUG org.apache.http.headers - << Content-Type: application/json
2022-02-03_21:59:44.655 [main] DEBUG org.apache.http.headers - << Transfer-Encoding: chunked
2022-02-03_21:59:44.655 [main] DEBUG org.apache.http.headers - << Connection: keep-alive
2022-02-03_21:59:44.655 [main] DEBUG o.a.h.impl.client.DefaultHttpClient - Connection can be kept alive for 60000 MILLISECONDS
2022-02-03_21:59:44.656 [main] DEBUG i.r.i.RequestSpecificationImpl$RestAssuredHttpBuilder - Parsing response as: application/json
2022-02-03_21:59:44.656 [main] DEBUG i.r.i.RequestSpecificationImpl$RestAssuredHttpBuilder - Parsed data to instance of: class org.apache.http.conn.EofSensorInputStream
2022-02-03_21:59:44.658 [main] INFO  com.qc.BaseAPI - Method :GET
2022-02-03_21:59:44.660 [main] INFO  com.qc.BaseAPI - URI :https://apitest.pineperks.in/auth/V1/generate/token
2022-02-03_21:59:44.660 [main] INFO  com.qc.BaseAPI - Headers :userName=A0aCcnPzDANtKmvSLPKcaw==
Accept=*/*
Content-Type=application/json; charset=UTF-8
2022-02-03_21:59:44.660 [main] INFO  com.qc.BaseAPI - Body :null
2022-02-03_21:59:44.660 [main] INFO  com.qc.BaseAPI - ********************RESPONSE********************
2022-02-03_21:59:44.662 [main] DEBUG org.apache.http.wire -  << "7f[\r][\n]"
2022-02-03_21:59:44.662 [main] DEBUG org.apache.http.wire -  << "{"accessToken":"85ae110d82ed4a3aaa138a82b1244af5","tokenExpiryTime":"03-Feb-2024","responseCode":0,"responseMessage":"Success"}"
2022-02-03_21:59:44.662 [main] DEBUG org.apache.http.wire -  << "[\r][\n]"
2022-02-03_21:59:44.662 [main] DEBUG org.apache.http.wire -  << "0[\r][\n]"
2022-02-03_21:59:44.662 [main] DEBUG org.apache.http.wire -  << "[\r][\n]"
2022-02-03_21:59:44.662 [main] DEBUG o.a.h.i.c.BasicClientConnectionManager - Releasing connection org.apache.http.impl.conn.ManagedClientConnectionImpl@2d9a40c5
2022-02-03_21:59:44.662 [main] DEBUG o.a.h.i.c.BasicClientConnectionManager - Connection can be kept alive for 60000 MILLISECONDS
2022-02-03_21:59:44.663 [main] INFO  com.qc.BaseAPI - Response :{
    "accessToken": "85ae110d82ed4a3aaa138a82b1244af5",
    "tokenExpiryTime": "03-Feb-2024",
    "responseCode": 0,
    "responseMessage": "Success"
}
2022-02-03_21:59:44.664 [main] INFO  com.qc.BaseAPI -  **** GET call Response time 189 ms
2022-02-03_21:59:44.664 [main] INFO  pl.rest.service.Authorize - Time Taken to perform https://apitest.pineperks.in/auth/V1/generate/token transaction: 189
2022-02-03_21:59:44.671 [main] INFO  pl.rest.utils.DBUtils - Query being executed Select * from card where isDummyCard=1 and corporateid=6;
2022-02-03_21:59:44.672 [main] INFO  com.qc.qa.dbutils.DBPoolProvider - Con pool Total - 400, idle - 1,  Num active - 0
2022-02-03_21:59:44.672 [main] INFO  com.qc.qa.dbutils.DBPoolProvider - Retrieved connection
2022-02-03_21:59:55.166 [main] INFO  pl.rest.CustomHooks - SCENARIO NAME: Validating the pin mode value on the response on issuing different PIN on SMS/ Physical PIN Mailer/ Customer generated PIN/ PIN Less pin mode card.
2022-02-03_21:59:55.167 [main] INFO  pl.rest.CustomHooks - TAG NAMEs: [@Regression]
2022-02-03_21:59:55.167 [main] INFO  pl.rest.CustomHooks - SCENARIO NAME: Validating the pin mode value on the response on issuing different PIN on SMS/ Physical PIN Mailer/ Customer generated PIN/ PIN Less pin mode card.
2022-02-03_21:59:55.168 [main] INFO  pl.rest.CustomHooks - TAG NAMEs: [@Regression]
2022-02-03_21:59:55.168 [main] INFO  pl.rest.CustomHooks - Index: 0, Size: 0
2022-02-03_21:59:55.364 [Finalizer] DEBUG o.a.h.i.conn.DefaultClientConnection - Connection 0.0.0.0:62741<->14.143.120.84:443 closed
2022-02-03_21:59:55.551 [main] INFO  pl.rest.service.Authorize - Authorize Rest API URL :- https://apitest.pineperks.in/auth/V1/generate/token
2022-02-03_21:59:55.553 [main] INFO  com.qc.BaseAPI - GET call to URL https://apitest.pineperks.in/auth/V1/generate/token
2022-02-03_21:59:55.562 [main] INFO  com.qc.BaseAPI - ********************REQUEST********************
2022-02-03_21:59:55.590 [main] DEBUG o.a.h.i.c.BasicClientConnectionManager - Get connection for route {s}->https://apitest.pineperks.in:443
2022-02-03_21:59:55.591 [main] DEBUG o.a.h.i.c.DefaultClientConnectionOperator - Connecting to apitest.pineperks.in:443
2022-02-03_21:59:56.465 [main] DEBUG o.a.h.c.protocol.RequestAddCookies - CookieSpec selected: ignoreCookies
2022-02-03_21:59:56.466 [main] DEBUG o.a.h.c.protocol.RequestAuthCache - Auth cache not set in the context
2022-02-03_21:59:56.466 [main] DEBUG o.a.h.c.p.RequestTargetAuthentication - Target auth state: UNCHALLENGED
2022-02-03_21:59:56.467 [main] DEBUG o.a.h.c.p.RequestProxyAuthentication - Proxy auth state: UNCHALLENGED
2022-02-03_21:59:56.467 [main] DEBUG o.a.h.impl.client.DefaultHttpClient - Attempt 1 to execute request
2022-02-03_21:59:56.467 [main] DEBUG o.a.h.i.conn.DefaultClientConnection - Sending request: GET /auth/V1/generate/token HTTP/1.1
2022-02-03_21:59:56.467 [main] DEBUG org.apache.http.wire -  >> "GET /auth/V1/generate/token HTTP/1.1[\r][\n]"
2022-02-03_21:59:56.467 [main] DEBUG org.apache.http.wire -  >> "Content-Type: application/json; charset=UTF-8[\r][\n]"
2022-02-03_21:59:56.467 [main] DEBUG org.apache.http.wire -  >> "Accept: */*[\r][\n]"
2022-02-03_21:59:56.467 [main] DEBUG org.apache.http.wire -  >> "userName: A0aCcnPzDANtKmvSLPKcaw==[\r][\n]"
2022-02-03_21:59:56.467 [main] DEBUG org.apache.http.wire -  >> "Host: apitest.pineperks.in[\r][\n]"
2022-02-03_21:59:56.468 [main] DEBUG org.apache.http.wire -  >> "Connection: Keep-Alive[\r][\n]"
2022-02-03_21:59:56.468 [main] DEBUG org.apache.http.wire -  >> "User-Agent: Apache-HttpClient/4.5.2 (Java/1.8.0_202)[\r][\n]"
2022-02-03_21:59:56.468 [main] DEBUG org.apache.http.wire -  >> "Accept-Encoding: gzip,deflate[\r][\n]"
2022-02-03_21:59:56.469 [main] DEBUG org.apache.http.wire -  >> "[\r][\n]"
2022-02-03_21:59:56.469 [main] DEBUG org.apache.http.headers - >> GET /auth/V1/generate/token HTTP/1.1
2022-02-03_21:59:56.469 [main] DEBUG org.apache.http.headers - >> Content-Type: application/json; charset=UTF-8
2022-02-03_21:59:56.469 [main] DEBUG org.apache.http.headers - >> Accept: */*
2022-02-03_21:59:56.469 [main] DEBUG org.apache.http.headers - >> userName: A0aCcnPzDANtKmvSLPKcaw==
2022-02-03_21:59:56.469 [main] DEBUG org.apache.http.headers - >> Host: apitest.pineperks.in
2022-02-03_21:59:56.471 [main] DEBUG org.apache.http.headers - >> Connection: Keep-Alive
2022-02-03_21:59:56.471 [main] DEBUG org.apache.http.headers - >> User-Agent: Apache-HttpClient/4.5.2 (Java/1.8.0_202)
2022-02-03_21:59:56.471 [main] DEBUG org.apache.http.headers - >> Accept-Encoding: gzip,deflate
2022-02-03_21:59:56.502 [main] DEBUG org.apache.http.wire -  << "HTTP/1.1 200 [\r][\n]"
2022-02-03_21:59:56.503 [main] DEBUG org.apache.http.wire -  << "Access-Control-Allow-Methods: GET, POST[\r][\n]"
2022-02-03_21:59:56.503 [main] DEBUG org.apache.http.wire -  << "Access-Control-Allow-Origin: *[\r][\n]"
2022-02-03_21:59:56.503 [main] DEBUG org.apache.http.wire -  << "Content-Security-Policy: default-src 'none'[\r][\n]"
2022-02-03_21:59:56.503 [main] DEBUG org.apache.http.wire -  << "Feature-Policy: 'none'[\r][\n]"
2022-02-03_21:59:56.503 [main] DEBUG org.apache.http.wire -  << "Referrer-Policy: no-referrer[\r][\n]"
2022-02-03_21:59:56.503 [main] DEBUG org.apache.http.wire -  << "Strict-Transport-Security: max-age=31536000 ; includeSubDomains[\r][\n]"
2022-02-03_21:59:56.503 [main] DEBUG org.apache.http.wire -  << "Date: Thu, 03 Feb 2022 16:29:56 GMT[\r][\n]"
2022-02-03_21:59:56.504 [main] DEBUG org.apache.http.wire -  << "Keep-Alive: timeout=60[\r][\n]"
2022-02-03_21:59:56.504 [main] DEBUG org.apache.http.wire -  << "Content-Type: application/json[\r][\n]"
2022-02-03_21:59:56.504 [main] DEBUG org.apache.http.wire -  << "Transfer-Encoding: chunked[\r][\n]"
2022-02-03_21:59:56.504 [main] DEBUG org.apache.http.wire -  << "Connection: keep-alive[\r][\n]"
2022-02-03_21:59:56.504 [main] DEBUG org.apache.http.wire -  << "[\r][\n]"
2022-02-03_21:59:56.504 [main] DEBUG o.a.h.i.conn.DefaultClientConnection - Receiving response: HTTP/1.1 200 
2022-02-03_21:59:56.504 [main] DEBUG org.apache.http.headers - << HTTP/1.1 200 
2022-02-03_21:59:56.504 [main] DEBUG org.apache.http.headers - << Access-Control-Allow-Methods: GET, POST
2022-02-03_21:59:56.504 [main] DEBUG org.apache.http.headers - << Access-Control-Allow-Origin: *
2022-02-03_21:59:56.504 [main] DEBUG org.apache.http.headers - << Content-Security-Policy: default-src 'none'
2022-02-03_21:59:56.504 [main] DEBUG org.apache.http.headers - << Feature-Policy: 'none'
2022-02-03_21:59:56.505 [main] DEBUG org.apache.http.headers - << Referrer-Policy: no-referrer
2022-02-03_21:59:56.505 [main] DEBUG org.apache.http.headers - << Strict-Transport-Security: max-age=31536000 ; includeSubDomains
2022-02-03_21:59:56.505 [main] DEBUG org.apache.http.headers - << Date: Thu, 03 Feb 2022 16:29:56 GMT
2022-02-03_21:59:56.505 [main] DEBUG org.apache.http.headers - << Keep-Alive: timeout=60
2022-02-03_21:59:56.505 [main] DEBUG org.apache.http.headers - << Content-Type: application/json
2022-02-03_21:59:56.505 [main] DEBUG org.apache.http.headers - << Transfer-Encoding: chunked
2022-02-03_21:59:56.505 [main] DEBUG org.apache.http.headers - << Connection: keep-alive
2022-02-03_21:59:56.505 [main] DEBUG o.a.h.impl.client.DefaultHttpClient - Connection can be kept alive for 60000 MILLISECONDS
2022-02-03_21:59:56.506 [main] DEBUG i.r.i.RequestSpecificationImpl$RestAssuredHttpBuilder - Parsing response as: application/json
2022-02-03_21:59:56.507 [main] DEBUG i.r.i.RequestSpecificationImpl$RestAssuredHttpBuilder - Parsed data to instance of: class org.apache.http.conn.EofSensorInputStream
2022-02-03_21:59:56.507 [main] INFO  com.qc.BaseAPI - Method :GET
2022-02-03_21:59:56.509 [main] INFO  com.qc.BaseAPI - URI :https://apitest.pineperks.in/auth/V1/generate/token
2022-02-03_21:59:56.509 [main] INFO  com.qc.BaseAPI - Headers :userName=A0aCcnPzDANtKmvSLPKcaw==
Accept=*/*
Content-Type=application/json; charset=UTF-8
2022-02-03_21:59:56.509 [main] INFO  com.qc.BaseAPI - Body :null
2022-02-03_21:59:56.509 [main] INFO  com.qc.BaseAPI - ********************RESPONSE********************
2022-02-03_21:59:56.509 [main] DEBUG org.apache.http.wire -  << "7f[\r][\n]"
2022-02-03_21:59:56.509 [main] DEBUG org.apache.http.wire -  << "{"accessToken":"9cfd424cb6a64eea8914580c8c6f5a83","tokenExpiryTime":"03-Feb-2024","responseCode":0,"responseMessage":"Success"}"
2022-02-03_21:59:56.510 [main] DEBUG org.apache.http.wire -  << "[\r][\n]"
2022-02-03_21:59:56.510 [main] DEBUG org.apache.http.wire -  << "0[\r][\n]"
2022-02-03_21:59:56.510 [main] DEBUG org.apache.http.wire -  << "[\r][\n]"
2022-02-03_21:59:56.510 [main] DEBUG o.a.h.i.c.BasicClientConnectionManager - Releasing connection org.apache.http.impl.conn.ManagedClientConnectionImpl@73e7a893
2022-02-03_21:59:56.510 [main] DEBUG o.a.h.i.c.BasicClientConnectionManager - Connection can be kept alive for 60000 MILLISECONDS
2022-02-03_21:59:56.512 [main] INFO  com.qc.BaseAPI - Response :{
    "accessToken": "9cfd424cb6a64eea8914580c8c6f5a83",
    "tokenExpiryTime": "03-Feb-2024",
    "responseCode": 0,
    "responseMessage": "Success"
}
2022-02-03_21:59:56.513 [main] INFO  com.qc.BaseAPI -  **** GET call Response time 937 ms
2022-02-03_21:59:56.513 [main] INFO  pl.rest.service.Authorize - Time Taken to perform https://apitest.pineperks.in/auth/V1/generate/token transaction: 937
2022-02-03_21:59:56.520 [main] INFO  pl.rest.utils.DBUtils - Query being executed Select * from card where isDummyCard=1 and corporateid=6;
2022-02-03_21:59:56.521 [main] INFO  com.qc.qa.dbutils.DBPoolProvider - Con pool Total - 400, idle - 1,  Num active - 0
2022-02-03_21:59:56.521 [main] INFO  com.qc.qa.dbutils.DBPoolProvider - Retrieved connection
2022-02-03_22:00:03.431 [main] INFO  pl.rest.CustomHooks - SCENARIO NAME: Validating the pin mode value on the response on issuing different PIN on SMS/ Physical PIN Mailer/ Customer generated PIN/ PIN Less pin mode card.
2022-02-03_22:00:03.433 [main] INFO  pl.rest.CustomHooks - TAG NAMEs: [@Regression]
2022-02-03_22:00:03.433 [main] INFO  pl.rest.CustomHooks - SCENARIO NAME: Validating the pin mode value on the response on issuing different PIN on SMS/ Physical PIN Mailer/ Customer generated PIN/ PIN Less pin mode card.
2022-02-03_22:00:03.433 [main] INFO  pl.rest.CustomHooks - TAG NAMEs: [@Regression]
2022-02-03_22:00:03.434 [main] INFO  pl.rest.CustomHooks - Index: 0, Size: 0
2022-02-03_22:00:03.732 [main] INFO  pl.rest.service.Authorize - Authorize Rest API URL :- https://apitest.pineperks.in/auth/V1/generate/token
2022-02-03_22:00:03.732 [main] INFO  com.qc.BaseAPI - GET call to URL https://apitest.pineperks.in/auth/V1/generate/token
2022-02-03_22:00:03.741 [main] INFO  com.qc.BaseAPI - ********************REQUEST********************
2022-02-03_22:00:03.755 [main] DEBUG o.a.h.i.c.BasicClientConnectionManager - Get connection for route {s}->https://apitest.pineperks.in:443
2022-02-03_22:00:03.756 [main] DEBUG o.a.h.i.c.DefaultClientConnectionOperator - Connecting to apitest.pineperks.in:443
2022-02-03_22:00:03.867 [main] DEBUG o.a.h.c.protocol.RequestAddCookies - CookieSpec selected: ignoreCookies
2022-02-03_22:00:03.867 [main] DEBUG o.a.h.c.protocol.RequestAuthCache - Auth cache not set in the context
2022-02-03_22:00:03.867 [main] DEBUG o.a.h.c.p.RequestTargetAuthentication - Target auth state: UNCHALLENGED
2022-02-03_22:00:03.868 [main] DEBUG o.a.h.c.p.RequestProxyAuthentication - Proxy auth state: UNCHALLENGED
2022-02-03_22:00:03.868 [main] DEBUG o.a.h.impl.client.DefaultHttpClient - Attempt 1 to execute request
2022-02-03_22:00:03.868 [main] DEBUG o.a.h.i.conn.DefaultClientConnection - Sending request: GET /auth/V1/generate/token HTTP/1.1
2022-02-03_22:00:03.868 [main] DEBUG org.apache.http.wire -  >> "GET /auth/V1/generate/token HTTP/1.1[\r][\n]"
2022-02-03_22:00:03.869 [main] DEBUG org.apache.http.wire -  >> "Content-Type: application/json; charset=UTF-8[\r][\n]"
2022-02-03_22:00:03.869 [main] DEBUG org.apache.http.wire -  >> "Accept: */*[\r][\n]"
2022-02-03_22:00:03.869 [main] DEBUG org.apache.http.wire -  >> "userName: A0aCcnPzDANtKmvSLPKcaw==[\r][\n]"
2022-02-03_22:00:03.869 [main] DEBUG org.apache.http.wire -  >> "Host: apitest.pineperks.in[\r][\n]"
2022-02-03_22:00:03.869 [main] DEBUG org.apache.http.wire -  >> "Connection: Keep-Alive[\r][\n]"
2022-02-03_22:00:03.869 [main] DEBUG org.apache.http.wire -  >> "User-Agent: Apache-HttpClient/4.5.2 (Java/1.8.0_202)[\r][\n]"
2022-02-03_22:00:03.869 [main] DEBUG org.apache.http.wire -  >> "Accept-Encoding: gzip,deflate[\r][\n]"
2022-02-03_22:00:03.870 [main] DEBUG org.apache.http.wire -  >> "[\r][\n]"
2022-02-03_22:00:03.870 [main] DEBUG org.apache.http.headers - >> GET /auth/V1/generate/token HTTP/1.1
2022-02-03_22:00:03.870 [main] DEBUG org.apache.http.headers - >> Content-Type: application/json; charset=UTF-8
2022-02-03_22:00:03.870 [main] DEBUG org.apache.http.headers - >> Accept: */*
2022-02-03_22:00:03.870 [main] DEBUG org.apache.http.headers - >> userName: A0aCcnPzDANtKmvSLPKcaw==
2022-02-03_22:00:03.871 [main] DEBUG org.apache.http.headers - >> Host: apitest.pineperks.in
2022-02-03_22:00:03.871 [main] DEBUG org.apache.http.headers - >> Connection: Keep-Alive
2022-02-03_22:00:03.871 [main] DEBUG org.apache.http.headers - >> User-Agent: Apache-HttpClient/4.5.2 (Java/1.8.0_202)
2022-02-03_22:00:03.871 [main] DEBUG org.apache.http.headers - >> Accept-Encoding: gzip,deflate
2022-02-03_22:00:03.970 [main] DEBUG org.apache.http.wire -  << "HTTP/1.1 200 [\r][\n]"
2022-02-03_22:00:03.971 [main] DEBUG org.apache.http.wire -  << "Access-Control-Allow-Methods: GET, POST[\r][\n]"
2022-02-03_22:00:03.971 [main] DEBUG org.apache.http.wire -  << "Access-Control-Allow-Origin: *[\r][\n]"
2022-02-03_22:00:03.971 [main] DEBUG org.apache.http.wire -  << "Content-Security-Policy: default-src 'none'[\r][\n]"
2022-02-03_22:00:03.971 [main] DEBUG org.apache.http.wire -  << "Feature-Policy: 'none'[\r][\n]"
2022-02-03_22:00:03.971 [main] DEBUG org.apache.http.wire -  << "Referrer-Policy: no-referrer[\r][\n]"
2022-02-03_22:00:03.971 [main] DEBUG org.apache.http.wire -  << "Strict-Transport-Security: max-age=31536000 ; includeSubDomains[\r][\n]"
2022-02-03_22:00:03.971 [main] DEBUG org.apache.http.wire -  << "Date: Thu, 03 Feb 2022 16:30:03 GMT[\r][\n]"
2022-02-03_22:00:03.971 [main] DEBUG org.apache.http.wire -  << "Keep-Alive: timeout=60[\r][\n]"
2022-02-03_22:00:03.972 [main] DEBUG org.apache.http.wire -  << "Content-Type: application/json[\r][\n]"
2022-02-03_22:00:03.972 [main] DEBUG org.apache.http.wire -  << "Transfer-Encoding: chunked[\r][\n]"
2022-02-03_22:00:03.972 [main] DEBUG org.apache.http.wire -  << "Connection: keep-alive[\r][\n]"
2022-02-03_22:00:03.972 [main] DEBUG org.apache.http.wire -  << "[\r][\n]"
2022-02-03_22:00:03.973 [main] DEBUG o.a.h.i.conn.DefaultClientConnection - Receiving response: HTTP/1.1 200 
2022-02-03_22:00:03.973 [main] DEBUG org.apache.http.headers - << HTTP/1.1 200 
2022-02-03_22:00:03.973 [main] DEBUG org.apache.http.headers - << Access-Control-Allow-Methods: GET, POST
2022-02-03_22:00:03.974 [main] DEBUG org.apache.http.headers - << Access-Control-Allow-Origin: *
2022-02-03_22:00:03.974 [main] DEBUG org.apache.http.headers - << Content-Security-Policy: default-src 'none'
2022-02-03_22:00:03.974 [main] DEBUG org.apache.http.headers - << Feature-Policy: 'none'
2022-02-03_22:00:03.974 [main] DEBUG org.apache.http.headers - << Referrer-Policy: no-referrer
2022-02-03_22:00:03.974 [main] DEBUG org.apache.http.headers - << Strict-Transport-Security: max-age=31536000 ; includeSubDomains
2022-02-03_22:00:03.974 [main] DEBUG org.apache.http.headers - << Date: Thu, 03 Feb 2022 16:30:03 GMT
2022-02-03_22:00:03.974 [main] DEBUG org.apache.http.headers - << Keep-Alive: timeout=60
2022-02-03_22:00:03.974 [main] DEBUG org.apache.http.headers - << Content-Type: application/json
2022-02-03_22:00:03.974 [main] DEBUG org.apache.http.headers - << Transfer-Encoding: chunked
2022-02-03_22:00:03.974 [main] DEBUG org.apache.http.headers - << Connection: keep-alive
2022-02-03_22:00:03.975 [main] DEBUG o.a.h.impl.client.DefaultHttpClient - Connection can be kept alive for 60000 MILLISECONDS
2022-02-03_22:00:03.987 [main] DEBUG i.r.i.RequestSpecificationImpl$RestAssuredHttpBuilder - Parsing response as: application/json
2022-02-03_22:00:03.988 [main] DEBUG i.r.i.RequestSpecificationImpl$RestAssuredHttpBuilder - Parsed data to instance of: class org.apache.http.conn.EofSensorInputStream
2022-02-03_22:00:03.988 [main] INFO  com.qc.BaseAPI - Method :GET
2022-02-03_22:00:03.990 [main] INFO  com.qc.BaseAPI - URI :https://apitest.pineperks.in/auth/V1/generate/token
2022-02-03_22:00:03.990 [main] INFO  com.qc.BaseAPI - Headers :userName=A0aCcnPzDANtKmvSLPKcaw==
Accept=*/*
Content-Type=application/json; charset=UTF-8
2022-02-03_22:00:03.990 [main] INFO  com.qc.BaseAPI - Body :null
2022-02-03_22:00:03.990 [main] INFO  com.qc.BaseAPI - ********************RESPONSE********************
2022-02-03_22:00:03.990 [main] DEBUG org.apache.http.wire -  << "7f[\r][\n]"
2022-02-03_22:00:03.991 [main] DEBUG org.apache.http.wire -  << "{"accessToken":"8eedbb267a36455fb6cfaf87fed7afee","tokenExpiryTime":"03-Feb-2024","responseCode":0,"responseMessage":"Success"}"
2022-02-03_22:00:03.991 [main] DEBUG org.apache.http.wire -  << "[\r][\n]"
2022-02-03_22:00:03.991 [main] DEBUG org.apache.http.wire -  << "0[\r][\n]"
2022-02-03_22:00:03.991 [main] DEBUG org.apache.http.wire -  << "[\r][\n]"
2022-02-03_22:00:03.991 [main] DEBUG o.a.h.i.c.BasicClientConnectionManager - Releasing connection org.apache.http.impl.conn.ManagedClientConnectionImpl@2fde3845
2022-02-03_22:00:03.992 [main] DEBUG o.a.h.i.c.BasicClientConnectionManager - Connection can be kept alive for 60000 MILLISECONDS
2022-02-03_22:00:03.992 [main] INFO  com.qc.BaseAPI - Response :{
    "accessToken": "8eedbb267a36455fb6cfaf87fed7afee",
    "tokenExpiryTime": "03-Feb-2024",
    "responseCode": 0,
    "responseMessage": "Success"
}
2022-02-03_22:00:03.993 [main] INFO  com.qc.BaseAPI -  **** GET call Response time 244 ms
2022-02-03_22:00:03.994 [main] INFO  pl.rest.service.Authorize - Time Taken to perform https://apitest.pineperks.in/auth/V1/generate/token transaction: 244
2022-02-03_22:00:04.000 [main] INFO  pl.rest.utils.DBUtils - Query being executed Select * from card where isDummyCard=1 and corporateid=6;
2022-02-03_22:00:04.000 [main] INFO  com.qc.qa.dbutils.DBPoolProvider - Con pool Total - 400, idle - 1,  Num active - 0
2022-02-03_22:00:04.000 [main] INFO  com.qc.qa.dbutils.DBPoolProvider - Retrieved connection
2022-02-03_22:00:06.481 [Finalizer] DEBUG o.a.h.i.conn.DefaultClientConnection - Connection 0.0.0.0:62761<->14.143.120.84:443 closed
