2022-01-27_17:15:53.233 [main] INFO  pl.rest.CustomHooks - SCENARIO NAME: Issuing a instant non reloadable card
2022-01-27_17:15:53.235 [main] INFO  pl.rest.CustomHooks - TAG NAMEs: [@Regression, @DB]
2022-01-27_17:15:53.238 [main] INFO  pl.rest.CustomHooks - SCENARIO NAME: Issuing a instant non reloadable card
2022-01-27_17:15:53.238 [main] INFO  pl.rest.CustomHooks - TAG NAMEs: [@Regression, @DB]
2022-01-27_17:15:53.296 [main] INFO  pl.rest.CustomHooks - Index: 0, Size: 0
2022-01-27_17:15:54.404 [main] INFO  com.qc.qa.utils.TestDataReader - Reading API Test Data config values from  testData/api/devAPITestData.properties
2022-01-27_17:15:54.421 [main] INFO  pl.rest.service.Authorize - Authorize Rest API URL :- https://apitest.pineperks.in/auth/V1/generate/token
2022-01-27_17:15:54.422 [main] INFO  com.qc.BaseAPI - GET call to URL https://apitest.pineperks.in/auth/V1/generate/token
2022-01-27_17:15:54.640 [main] INFO  com.qc.BaseAPI - ********************REQUEST********************
2022-01-27_17:15:56.446 [main] DEBUG o.a.h.i.c.BasicClientConnectionManager - Get connection for route {s}->https://apitest.pineperks.in:443
2022-01-27_17:15:56.498 [main] DEBUG o.a.h.i.c.DefaultClientConnectionOperator - Connecting to apitest.pineperks.in:443
2022-01-27_17:15:57.068 [main] DEBUG o.a.h.c.protocol.RequestAddCookies - CookieSpec selected: ignoreCookies
2022-01-27_17:15:57.070 [main] DEBUG o.a.h.c.protocol.RequestAuthCache - Auth cache not set in the context
2022-01-27_17:15:57.070 [main] DEBUG o.a.h.c.p.RequestTargetAuthentication - Target auth state: UNCHALLENGED
2022-01-27_17:15:57.071 [main] DEBUG o.a.h.c.p.RequestProxyAuthentication - Proxy auth state: UNCHALLENGED
2022-01-27_17:15:57.071 [main] DEBUG o.a.h.impl.client.DefaultHttpClient - Attempt 1 to execute request
2022-01-27_17:15:57.071 [main] DEBUG o.a.h.i.conn.DefaultClientConnection - Sending request: GET /auth/V1/generate/token HTTP/1.1
2022-01-27_17:15:57.072 [main] DEBUG org.apache.http.wire -  >> "GET /auth/V1/generate/token HTTP/1.1[\r][\n]"
2022-01-27_17:15:57.072 [main] DEBUG org.apache.http.wire -  >> "Content-Type: application/json; charset=UTF-8[\r][\n]"
2022-01-27_17:15:57.072 [main] DEBUG org.apache.http.wire -  >> "Accept: */*[\r][\n]"
2022-01-27_17:15:57.072 [main] DEBUG org.apache.http.wire -  >> "userName: A0aCcnPzDANtKmvSLPKcaw==[\r][\n]"
2022-01-27_17:15:57.073 [main] DEBUG org.apache.http.wire -  >> "Host: apitest.pineperks.in[\r][\n]"
2022-01-27_17:15:57.073 [main] DEBUG org.apache.http.wire -  >> "Connection: Keep-Alive[\r][\n]"
2022-01-27_17:15:57.073 [main] DEBUG org.apache.http.wire -  >> "User-Agent: Apache-HttpClient/4.5.2 (Java/1.8.0_202)[\r][\n]"
2022-01-27_17:15:57.073 [main] DEBUG org.apache.http.wire -  >> "Accept-Encoding: gzip,deflate[\r][\n]"
2022-01-27_17:15:57.074 [main] DEBUG org.apache.http.wire -  >> "[\r][\n]"
2022-01-27_17:15:57.074 [main] DEBUG org.apache.http.headers - >> GET /auth/V1/generate/token HTTP/1.1
2022-01-27_17:15:57.074 [main] DEBUG org.apache.http.headers - >> Content-Type: application/json; charset=UTF-8
2022-01-27_17:15:57.074 [main] DEBUG org.apache.http.headers - >> Accept: */*
2022-01-27_17:15:57.074 [main] DEBUG org.apache.http.headers - >> userName: A0aCcnPzDANtKmvSLPKcaw==
2022-01-27_17:15:57.074 [main] DEBUG org.apache.http.headers - >> Host: apitest.pineperks.in
2022-01-27_17:15:57.074 [main] DEBUG org.apache.http.headers - >> Connection: Keep-Alive
2022-01-27_17:15:57.074 [main] DEBUG org.apache.http.headers - >> User-Agent: Apache-HttpClient/4.5.2 (Java/1.8.0_202)
2022-01-27_17:15:57.074 [main] DEBUG org.apache.http.headers - >> Accept-Encoding: gzip,deflate
2022-01-27_17:15:57.111 [main] DEBUG org.apache.http.wire -  << "HTTP/1.1 200 [\r][\n]"
2022-01-27_17:15:57.114 [main] DEBUG org.apache.http.wire -  << "Access-Control-Allow-Methods: GET, POST[\r][\n]"
2022-01-27_17:15:57.115 [main] DEBUG org.apache.http.wire -  << "Access-Control-Allow-Origin: *[\r][\n]"
2022-01-27_17:15:57.115 [main] DEBUG org.apache.http.wire -  << "Content-Security-Policy: default-src 'none'[\r][\n]"
2022-01-27_17:15:57.115 [main] DEBUG org.apache.http.wire -  << "Feature-Policy: 'none'[\r][\n]"
2022-01-27_17:15:57.116 [main] DEBUG org.apache.http.wire -  << "Referrer-Policy: no-referrer[\r][\n]"
2022-01-27_17:15:57.116 [main] DEBUG org.apache.http.wire -  << "Strict-Transport-Security: max-age=31536000 ; includeSubDomains[\r][\n]"
2022-01-27_17:15:57.116 [main] DEBUG org.apache.http.wire -  << "Date: Thu, 27 Jan 2022 11:45:57 GMT[\r][\n]"
2022-01-27_17:15:57.117 [main] DEBUG org.apache.http.wire -  << "Keep-Alive: timeout=60[\r][\n]"
2022-01-27_17:15:57.117 [main] DEBUG org.apache.http.wire -  << "Content-Type: application/json[\r][\n]"
2022-01-27_17:15:57.117 [main] DEBUG org.apache.http.wire -  << "Transfer-Encoding: chunked[\r][\n]"
2022-01-27_17:15:57.117 [main] DEBUG org.apache.http.wire -  << "Connection: keep-alive[\r][\n]"
2022-01-27_17:15:57.117 [main] DEBUG org.apache.http.wire -  << "[\r][\n]"
2022-01-27_17:15:57.118 [main] DEBUG o.a.h.i.conn.DefaultClientConnection - Receiving response: HTTP/1.1 200 
2022-01-27_17:15:57.119 [main] DEBUG org.apache.http.headers - << HTTP/1.1 200 
2022-01-27_17:15:57.119 [main] DEBUG org.apache.http.headers - << Access-Control-Allow-Methods: GET, POST
2022-01-27_17:15:57.119 [main] DEBUG org.apache.http.headers - << Access-Control-Allow-Origin: *
2022-01-27_17:15:57.119 [main] DEBUG org.apache.http.headers - << Content-Security-Policy: default-src 'none'
2022-01-27_17:15:57.119 [main] DEBUG org.apache.http.headers - << Feature-Policy: 'none'
2022-01-27_17:15:57.120 [main] DEBUG org.apache.http.headers - << Referrer-Policy: no-referrer
2022-01-27_17:15:57.120 [main] DEBUG org.apache.http.headers - << Strict-Transport-Security: max-age=31536000 ; includeSubDomains
2022-01-27_17:15:57.120 [main] DEBUG org.apache.http.headers - << Date: Thu, 27 Jan 2022 11:45:57 GMT
2022-01-27_17:15:57.120 [main] DEBUG org.apache.http.headers - << Keep-Alive: timeout=60
2022-01-27_17:15:57.120 [main] DEBUG org.apache.http.headers - << Content-Type: application/json
2022-01-27_17:15:57.120 [main] DEBUG org.apache.http.headers - << Transfer-Encoding: chunked
2022-01-27_17:15:57.120 [main] DEBUG org.apache.http.headers - << Connection: keep-alive
2022-01-27_17:15:57.129 [main] DEBUG o.a.h.impl.client.DefaultHttpClient - Connection can be kept alive for 60000 MILLISECONDS
2022-01-27_17:15:57.141 [main] DEBUG i.r.i.RequestSpecificationImpl$RestAssuredHttpBuilder - Parsing response as: application/json
2022-01-27_17:15:57.141 [main] DEBUG i.r.i.RequestSpecificationImpl$RestAssuredHttpBuilder - Parsed data to instance of: class org.apache.http.conn.EofSensorInputStream
2022-01-27_17:15:57.156 [main] INFO  com.qc.BaseAPI - Method :GET
2022-01-27_17:15:57.157 [main] INFO  com.qc.BaseAPI - URI :https://apitest.pineperks.in/auth/V1/generate/token
2022-01-27_17:15:57.157 [main] INFO  com.qc.BaseAPI - Headers :userName=A0aCcnPzDANtKmvSLPKcaw==
Accept=*/*
Content-Type=application/json; charset=UTF-8
2022-01-27_17:15:57.157 [main] INFO  com.qc.BaseAPI - Body :null
2022-01-27_17:15:57.157 [main] INFO  com.qc.BaseAPI - ********************RESPONSE********************
2022-01-27_17:15:57.165 [main] DEBUG org.apache.http.wire -  << "7f[\r][\n]"
2022-01-27_17:15:57.165 [main] DEBUG org.apache.http.wire -  << "{"accessToken":"39e7bf7f0ec942d48d8bad4f1ce258e6","tokenExpiryTime":"27-Jan-2024","responseCode":0,"responseMessage":"Success"}"
2022-01-27_17:15:57.166 [main] DEBUG org.apache.http.wire -  << "[\r][\n]"
2022-01-27_17:15:57.166 [main] DEBUG org.apache.http.wire -  << "0[\r][\n]"
2022-01-27_17:15:57.166 [main] DEBUG org.apache.http.wire -  << "[\r][\n]"
2022-01-27_17:15:57.166 [main] DEBUG o.a.h.i.c.BasicClientConnectionManager - Releasing connection org.apache.http.impl.conn.ManagedClientConnectionImpl@6e432c80
2022-01-27_17:15:57.166 [main] DEBUG o.a.h.i.c.BasicClientConnectionManager - Connection can be kept alive for 60000 MILLISECONDS
2022-01-27_17:15:57.195 [main] INFO  com.qc.BaseAPI - Response :{
    "accessToken": "39e7bf7f0ec942d48d8bad4f1ce258e6",
    "tokenExpiryTime": "27-Jan-2024",
    "responseCode": 0,
    "responseMessage": "Success"
}
2022-01-27_17:15:57.198 [main] INFO  com.qc.BaseAPI -  **** GET call Response time 2500 ms
2022-01-27_17:15:57.198 [main] INFO  pl.rest.service.Authorize - Time Taken to perform https://apitest.pineperks.in/auth/V1/generate/token transaction: 2500
2022-01-27_17:15:57.300 [main] INFO  com.qc.qa.utils.TestDataReader - Reading Json data authorizeHeaders
2022-01-27_17:15:57.304 [main] INFO  com.qc.qa.utils.TestDataReader - Reading json data from file @ testData/api/devAPIData.json
2022-01-27_17:15:57.327 [main] INFO  pl.rest.service.CardIssue - CardIssue Rest API URL :- https://apitest.pineperks.in/card/order/V1/instant/issue/nonreloadable/digital
2022-01-27_17:15:57.328 [main] INFO  com.qc.BaseAPI - POST call to URL https://apitest.pineperks.in/card/order/V1/instant/issue/nonreloadable/digital
2022-01-27_17:15:57.341 [main] INFO  com.qc.BaseAPI - ********************REQUEST********************
2022-01-27_17:15:57.382 [main] DEBUG o.a.h.i.c.BasicClientConnectionManager - Get connection for route {s}->https://apitest.pineperks.in:443
2022-01-27_17:15:57.382 [main] DEBUG o.a.h.i.c.DefaultClientConnectionOperator - Connecting to apitest.pineperks.in:443
2022-01-27_17:15:57.525 [main] DEBUG o.a.h.c.protocol.RequestAddCookies - CookieSpec selected: ignoreCookies
2022-01-27_17:15:57.525 [main] DEBUG o.a.h.c.protocol.RequestAuthCache - Auth cache not set in the context
2022-01-27_17:15:57.525 [main] DEBUG o.a.h.c.p.RequestTargetAuthentication - Target auth state: UNCHALLENGED
2022-01-27_17:15:57.525 [main] DEBUG o.a.h.c.p.RequestProxyAuthentication - Proxy auth state: UNCHALLENGED
2022-01-27_17:15:57.525 [main] DEBUG o.a.h.impl.client.DefaultHttpClient - Attempt 1 to execute request
2022-01-27_17:15:57.525 [main] DEBUG o.a.h.i.conn.DefaultClientConnection - Sending request: POST /card/order/V1/instant/issue/nonreloadable/digital HTTP/1.1
2022-01-27_17:15:57.525 [main] DEBUG org.apache.http.wire -  >> "POST /card/order/V1/instant/issue/nonreloadable/digital HTTP/1.1[\r][\n]"
2022-01-27_17:15:57.525 [main] DEBUG org.apache.http.wire -  >> "Accept: */*[\r][\n]"
2022-01-27_17:15:57.525 [main] DEBUG org.apache.http.wire -  >> "userName: A0aCcnPzDANtKmvSLPKcaw==[\r][\n]"
2022-01-27_17:15:57.525 [main] DEBUG org.apache.http.wire -  >> "token: 39e7bf7f0ec942d48d8bad4f1ce258e6[\r][\n]"
2022-01-27_17:15:57.525 [main] DEBUG org.apache.http.wire -  >> "Content-Type: application/json; charset=UTF-8[\r][\n]"
2022-01-27_17:15:57.526 [main] DEBUG org.apache.http.wire -  >> "Content-Length: 241[\r][\n]"
2022-01-27_17:15:57.526 [main] DEBUG org.apache.http.wire -  >> "Host: apitest.pineperks.in[\r][\n]"
2022-01-27_17:15:57.526 [main] DEBUG org.apache.http.wire -  >> "Connection: Keep-Alive[\r][\n]"
2022-01-27_17:15:57.526 [main] DEBUG org.apache.http.wire -  >> "User-Agent: Apache-HttpClient/4.5.2 (Java/1.8.0_202)[\r][\n]"
2022-01-27_17:15:57.526 [main] DEBUG org.apache.http.wire -  >> "Accept-Encoding: gzip,deflate[\r][\n]"
2022-01-27_17:15:57.526 [main] DEBUG org.apache.http.wire -  >> "[\r][\n]"
2022-01-27_17:15:57.526 [main] DEBUG org.apache.http.headers - >> POST /card/order/V1/instant/issue/nonreloadable/digital HTTP/1.1
2022-01-27_17:15:57.526 [main] DEBUG org.apache.http.headers - >> Accept: */*
2022-01-27_17:15:57.526 [main] DEBUG org.apache.http.headers - >> userName: A0aCcnPzDANtKmvSLPKcaw==
2022-01-27_17:15:57.526 [main] DEBUG org.apache.http.headers - >> token: 39e7bf7f0ec942d48d8bad4f1ce258e6
2022-01-27_17:15:57.526 [main] DEBUG org.apache.http.headers - >> Content-Type: application/json; charset=UTF-8
2022-01-27_17:15:57.526 [main] DEBUG org.apache.http.headers - >> Content-Length: 241
2022-01-27_17:15:57.527 [main] DEBUG org.apache.http.headers - >> Host: apitest.pineperks.in
2022-01-27_17:15:57.527 [main] DEBUG org.apache.http.headers - >> Connection: Keep-Alive
2022-01-27_17:15:57.527 [main] DEBUG org.apache.http.headers - >> User-Agent: Apache-HttpClient/4.5.2 (Java/1.8.0_202)
2022-01-27_17:15:57.527 [main] DEBUG org.apache.http.headers - >> Accept-Encoding: gzip,deflate
2022-01-27_17:15:57.528 [main] DEBUG org.apache.http.wire -  >> "{"isLinkToBeSentOnMobile":true,"checksum":"5x3GNrnStyS2PkMvV6EeAw==","cardDetailList":[{"amount":"1000","mobileNumber":"8284854535","customerName":"afzal","email":"afzal.ahmed@pinelabs.com"}],"externalRequestId":"Ty5DXV7","cardSchemeId":"7"}"
2022-01-27_17:15:57.945 [main] DEBUG org.apache.http.wire -  << "HTTP/1.1 200 [\r][\n]"
2022-01-27_17:15:57.945 [main] DEBUG org.apache.http.wire -  << "Access-Control-Allow-Methods: GET, POST[\r][\n]"
2022-01-27_17:15:57.946 [main] DEBUG org.apache.http.wire -  << "Access-Control-Allow-Origin: *[\r][\n]"
2022-01-27_17:15:57.946 [main] DEBUG org.apache.http.wire -  << "Content-Security-Policy: default-src 'none'[\r][\n]"
2022-01-27_17:15:57.946 [main] DEBUG org.apache.http.wire -  << "Feature-Policy: 'none'[\r][\n]"
2022-01-27_17:15:57.946 [main] DEBUG org.apache.http.wire -  << "Referrer-Policy: no-referrer[\r][\n]"
2022-01-27_17:15:57.946 [main] DEBUG org.apache.http.wire -  << "Strict-Transport-Security: max-age=31536000 ; includeSubDomains[\r][\n]"
2022-01-27_17:15:57.946 [main] DEBUG org.apache.http.wire -  << "Date: Thu, 27 Jan 2022 11:45:57 GMT[\r][\n]"
2022-01-27_17:15:57.947 [main] DEBUG org.apache.http.wire -  << "Keep-Alive: timeout=60[\r][\n]"
2022-01-27_17:15:57.947 [main] DEBUG org.apache.http.wire -  << "Content-Type: application/json[\r][\n]"
2022-01-27_17:15:57.947 [main] DEBUG org.apache.http.wire -  << "Transfer-Encoding: chunked[\r][\n]"
2022-01-27_17:15:57.947 [main] DEBUG org.apache.http.wire -  << "Connection: keep-alive[\r][\n]"
2022-01-27_17:15:57.947 [main] DEBUG org.apache.http.wire -  << "[\r][\n]"
2022-01-27_17:15:57.947 [main] DEBUG o.a.h.i.conn.DefaultClientConnection - Receiving response: HTTP/1.1 200 
2022-01-27_17:15:57.948 [main] DEBUG org.apache.http.headers - << HTTP/1.1 200 
2022-01-27_17:15:57.948 [main] DEBUG org.apache.http.headers - << Access-Control-Allow-Methods: GET, POST
2022-01-27_17:15:57.949 [main] DEBUG org.apache.http.headers - << Access-Control-Allow-Origin: *
2022-01-27_17:15:57.949 [main] DEBUG org.apache.http.headers - << Content-Security-Policy: default-src 'none'
2022-01-27_17:15:57.949 [main] DEBUG org.apache.http.headers - << Feature-Policy: 'none'
2022-01-27_17:15:57.949 [main] DEBUG org.apache.http.headers - << Referrer-Policy: no-referrer
2022-01-27_17:15:57.949 [main] DEBUG org.apache.http.headers - << Strict-Transport-Security: max-age=31536000 ; includeSubDomains
2022-01-27_17:15:57.949 [main] DEBUG org.apache.http.headers - << Date: Thu, 27 Jan 2022 11:45:57 GMT
2022-01-27_17:15:57.949 [main] DEBUG org.apache.http.headers - << Keep-Alive: timeout=60
2022-01-27_17:15:57.950 [main] DEBUG org.apache.http.headers - << Content-Type: application/json
2022-01-27_17:15:57.950 [main] DEBUG org.apache.http.headers - << Transfer-Encoding: chunked
2022-01-27_17:15:57.950 [main] DEBUG org.apache.http.headers - << Connection: keep-alive
2022-01-27_17:15:57.950 [main] DEBUG o.a.h.impl.client.DefaultHttpClient - Connection can be kept alive for 60000 MILLISECONDS
2022-01-27_17:15:57.951 [main] DEBUG i.r.i.RequestSpecificationImpl$RestAssuredHttpBuilder - Parsing response as: application/json
2022-01-27_17:15:57.951 [main] DEBUG i.r.i.RequestSpecificationImpl$RestAssuredHttpBuilder - Parsed data to instance of: class org.apache.http.conn.EofSensorInputStream
2022-01-27_17:15:57.954 [main] INFO  com.qc.BaseAPI - Method :POST
2022-01-27_17:15:57.958 [main] INFO  com.qc.BaseAPI - URI :https://apitest.pineperks.in/card/order/V1/instant/issue/nonreloadable/digital
2022-01-27_17:15:57.959 [main] INFO  com.qc.BaseAPI - Headers :token=39e7bf7f0ec942d48d8bad4f1ce258e6
userName=A0aCcnPzDANtKmvSLPKcaw==
Accept=*/*
Content-Type=application/json; charset=UTF-8
2022-01-27_17:15:57.959 [main] INFO  com.qc.BaseAPI - Body :{"isLinkToBeSentOnMobile":true,"checksum":"5x3GNrnStyS2PkMvV6EeAw==","cardDetailList":[{"amount":"1000","mobileNumber":"8284854535","customerName":"afzal","email":"afzal.ahmed@pinelabs.com"}],"externalRequestId":"Ty5DXV7","cardSchemeId":"7"}
2022-01-27_17:15:57.959 [main] INFO  com.qc.BaseAPI - ********************RESPONSE********************
2022-01-27_17:15:57.959 [main] DEBUG org.apache.http.wire -  << "1f2[\r][\n]"
2022-01-27_17:15:57.960 [main] DEBUG org.apache.http.wire -  << "{"externalRequestId":"Ty5DXV7","orderId":103033,"orderStatus":6,"cardDetailResponseList":[{"referenceNumber":3363851125,"serialNumber":10303300010001,"customerName":"afzal","mobileNumber":8284854535,"email":"afzal.ahmed@pinelabs.com","amount":1000,"cardLink":"test.pineperks.in/eCard?c=P-aizIIV3Zf.Kmrp9WfrwA2","responseCode":0,"responseMessage":"Success"}],"successCount":1,"failedCount":0,"orderAmount":1000,"issuanceCharge":100,"netOrderAmount":1100,"responseCode":0,"responseMessage":"Success"}"
2022-01-27_17:15:57.960 [main] DEBUG org.apache.http.wire -  << "[\r][\n]"
2022-01-27_17:15:57.960 [main] DEBUG org.apache.http.wire -  << "0[\r][\n]"
2022-01-27_17:15:57.960 [main] DEBUG org.apache.http.wire -  << "[\r][\n]"
2022-01-27_17:15:57.961 [main] DEBUG o.a.h.i.c.BasicClientConnectionManager - Releasing connection org.apache.http.impl.conn.ManagedClientConnectionImpl@2899f9e9
2022-01-27_17:15:57.961 [main] DEBUG o.a.h.i.c.BasicClientConnectionManager - Connection can be kept alive for 60000 MILLISECONDS
2022-01-27_17:15:57.964 [main] INFO  com.qc.BaseAPI - Response :{
    "externalRequestId": "Ty5DXV7",
    "orderId": 103033,
    "orderStatus": 6,
    "cardDetailResponseList": [
        {
            "referenceNumber": 3363851125,
            "serialNumber": 10303300010001,
            "customerName": "afzal",
            "mobileNumber": 8284854535,
            "email": "afzal.ahmed@pinelabs.com",
            "amount": 1000,
            "cardLink": "test.pineperks.in/eCard?c=P-aizIIV3Zf.Kmrp9WfrwA2",
            "responseCode": 0,
            "responseMessage": "Success"
        }
    ],
    "successCount": 1,
    "failedCount": 0,
    "orderAmount": 1000,
    "issuanceCharge": 100,
    "netOrderAmount": 1100,
    "responseCode": 0,
    "responseMessage": "Success"
}
2022-01-27_17:15:57.964 [main] INFO  com.qc.BaseAPI -  **** POST call Response time 610 ms
2022-01-27_17:15:57.964 [main] INFO  pl.rest.service.CardIssue - Time Taken to perform https://apitest.pineperks.in/card/order/V1/instant/issue/nonreloadable/digital transaction: 610
2022-01-27_17:15:58.483 [main] INFO  pl.rest.utils.DBUtils - Query being executed Select * from ExternalRequestDetail where ordersummaryid=103033;
2022-01-27_17:15:58.550 [main] ERROR com.qc.qa.utils.LoadProperties - Missing MySQLDBEnvironment property value in system property or in config.properties files.Please add it if incase required
2022-01-27_17:15:58.552 [main] INFO  com.qc.qa.dbutils.DBPoolProvider - Con pool Total - 400, idle - 0,  Num active - 0
2022-01-27_17:15:58.552 [main] INFO  com.qc.qa.dbutils.DBPoolProvider - Retrieved connection
2022-01-27_17:15:59.595 [main] INFO  pl.rest.utils.DBUtils - Query being executed Select * from ordersummary where ordersummaryid=103033;
2022-01-27_17:15:59.596 [main] INFO  com.qc.qa.dbutils.DBPoolProvider - Con pool Total - 400, idle - 1,  Num active - 0
2022-01-27_17:15:59.596 [main] INFO  com.qc.qa.dbutils.DBPoolProvider - Retrieved connection
2022-01-27_17:15:59.700 [main] INFO  pl.rest.utils.DBUtils - Query being executed Select * from giftcardtransaction where ordersummaryid=103033;
2022-01-27_17:15:59.700 [main] INFO  com.qc.qa.dbutils.DBPoolProvider - Con pool Total - 400, idle - 1,  Num active - 0
2022-01-27_17:15:59.700 [main] INFO  com.qc.qa.dbutils.DBPoolProvider - Retrieved connection
2022-01-27_17:15:59.845 [main] INFO  pl.rest.utils.DBUtils - Query being executed Select * from corporateaccounthistory where ordersummaryid=103033;
2022-01-27_17:15:59.846 [main] INFO  com.qc.qa.dbutils.DBPoolProvider - Con pool Total - 400, idle - 1,  Num active - 0
2022-01-27_17:15:59.846 [main] INFO  com.qc.qa.dbutils.DBPoolProvider - Retrieved connection
2022-01-27_17:15:59.949 [main] INFO  pl.rest.utils.DBUtils - Query being executed Select * from card where ordersummaryid=103033;
2022-01-27_17:15:59.950 [main] INFO  com.qc.qa.dbutils.DBPoolProvider - Con pool Total - 400, idle - 1,  Num active - 0
2022-01-27_17:15:59.950 [main] INFO  com.qc.qa.dbutils.DBPoolProvider - Retrieved connection
2022-01-27_17:16:00.071 [main] INFO  pl.rest.CustomHooks - SCENARIO NAME: Issuing a instant non reloadable card
2022-01-27_17:16:00.071 [main] INFO  pl.rest.CustomHooks - TAG NAMEs: [@Regression, @DB]
2022-01-27_17:16:00.072 [main] INFO  pl.rest.CustomHooks - SCENARIO NAME: Issuing a instant non reloadable card
2022-01-27_17:16:00.072 [main] INFO  pl.rest.CustomHooks - TAG NAMEs: [@Regression, @DB]
2022-01-27_17:16:00.073 [main] INFO  pl.rest.CustomHooks - Index: 0, Size: 0
2022-01-27_17:16:00.288 [main] INFO  pl.rest.service.Authorize - Authorize Rest API URL :- https://apitest.pineperks.in/auth/V1/generate/token
2022-01-27_17:16:00.288 [main] INFO  com.qc.BaseAPI - GET call to URL https://apitest.pineperks.in/auth/V1/generate/token
2022-01-27_17:16:00.293 [main] INFO  com.qc.BaseAPI - ********************REQUEST********************
2022-01-27_17:16:00.303 [main] DEBUG o.a.h.i.c.BasicClientConnectionManager - Get connection for route {s}->https://apitest.pineperks.in:443
2022-01-27_17:16:00.303 [main] DEBUG o.a.h.i.c.DefaultClientConnectionOperator - Connecting to apitest.pineperks.in:443
2022-01-27_17:16:00.434 [main] DEBUG o.a.h.c.protocol.RequestAddCookies - CookieSpec selected: ignoreCookies
2022-01-27_17:16:00.435 [main] DEBUG o.a.h.c.protocol.RequestAuthCache - Auth cache not set in the context
2022-01-27_17:16:00.435 [main] DEBUG o.a.h.c.p.RequestTargetAuthentication - Target auth state: UNCHALLENGED
2022-01-27_17:16:00.435 [main] DEBUG o.a.h.c.p.RequestProxyAuthentication - Proxy auth state: UNCHALLENGED
2022-01-27_17:16:00.435 [main] DEBUG o.a.h.impl.client.DefaultHttpClient - Attempt 1 to execute request
2022-01-27_17:16:00.435 [main] DEBUG o.a.h.i.conn.DefaultClientConnection - Sending request: GET /auth/V1/generate/token HTTP/1.1
2022-01-27_17:16:00.436 [main] DEBUG org.apache.http.wire -  >> "GET /auth/V1/generate/token HTTP/1.1[\r][\n]"
2022-01-27_17:16:00.436 [main] DEBUG org.apache.http.wire -  >> "Content-Type: application/json; charset=UTF-8[\r][\n]"
2022-01-27_17:16:00.436 [main] DEBUG org.apache.http.wire -  >> "Accept: */*[\r][\n]"
2022-01-27_17:16:00.437 [main] DEBUG org.apache.http.wire -  >> "userName: A0aCcnPzDANtKmvSLPKcaw==[\r][\n]"
2022-01-27_17:16:00.437 [main] DEBUG org.apache.http.wire -  >> "Host: apitest.pineperks.in[\r][\n]"
2022-01-27_17:16:00.437 [main] DEBUG org.apache.http.wire -  >> "Connection: Keep-Alive[\r][\n]"
2022-01-27_17:16:00.437 [main] DEBUG org.apache.http.wire -  >> "User-Agent: Apache-HttpClient/4.5.2 (Java/1.8.0_202)[\r][\n]"
2022-01-27_17:16:00.437 [main] DEBUG org.apache.http.wire -  >> "Accept-Encoding: gzip,deflate[\r][\n]"
2022-01-27_17:16:00.437 [main] DEBUG org.apache.http.wire -  >> "[\r][\n]"
2022-01-27_17:16:00.437 [main] DEBUG org.apache.http.headers - >> GET /auth/V1/generate/token HTTP/1.1
2022-01-27_17:16:00.437 [main] DEBUG org.apache.http.headers - >> Content-Type: application/json; charset=UTF-8
2022-01-27_17:16:00.438 [main] DEBUG org.apache.http.headers - >> Accept: */*
2022-01-27_17:16:00.438 [main] DEBUG org.apache.http.headers - >> userName: A0aCcnPzDANtKmvSLPKcaw==
2022-01-27_17:16:00.438 [main] DEBUG org.apache.http.headers - >> Host: apitest.pineperks.in
2022-01-27_17:16:00.438 [main] DEBUG org.apache.http.headers - >> Connection: Keep-Alive
2022-01-27_17:16:00.438 [main] DEBUG org.apache.http.headers - >> User-Agent: Apache-HttpClient/4.5.2 (Java/1.8.0_202)
2022-01-27_17:16:00.438 [main] DEBUG org.apache.http.headers - >> Accept-Encoding: gzip,deflate
2022-01-27_17:16:00.481 [main] DEBUG org.apache.http.wire -  << "HTTP/1.1 200 [\r][\n]"
2022-01-27_17:16:00.481 [main] DEBUG org.apache.http.wire -  << "Access-Control-Allow-Methods: GET, POST[\r][\n]"
2022-01-27_17:16:00.482 [main] DEBUG org.apache.http.wire -  << "Access-Control-Allow-Origin: *[\r][\n]"
2022-01-27_17:16:00.482 [main] DEBUG org.apache.http.wire -  << "Content-Security-Policy: default-src 'none'[\r][\n]"
2022-01-27_17:16:00.483 [main] DEBUG org.apache.http.wire -  << "Feature-Policy: 'none'[\r][\n]"
2022-01-27_17:16:00.483 [main] DEBUG org.apache.http.wire -  << "Referrer-Policy: no-referrer[\r][\n]"
2022-01-27_17:16:00.483 [main] DEBUG org.apache.http.wire -  << "Strict-Transport-Security: max-age=31536000 ; includeSubDomains[\r][\n]"
2022-01-27_17:16:00.483 [main] DEBUG org.apache.http.wire -  << "Date: Thu, 27 Jan 2022 11:46:00 GMT[\r][\n]"
2022-01-27_17:16:00.483 [main] DEBUG org.apache.http.wire -  << "Keep-Alive: timeout=60[\r][\n]"
2022-01-27_17:16:00.483 [main] DEBUG org.apache.http.wire -  << "Content-Type: application/json[\r][\n]"
2022-01-27_17:16:00.484 [main] DEBUG org.apache.http.wire -  << "Transfer-Encoding: chunked[\r][\n]"
2022-01-27_17:16:00.484 [main] DEBUG org.apache.http.wire -  << "Connection: keep-alive[\r][\n]"
2022-01-27_17:16:00.484 [main] DEBUG org.apache.http.wire -  << "[\r][\n]"
2022-01-27_17:16:00.484 [main] DEBUG o.a.h.i.conn.DefaultClientConnection - Receiving response: HTTP/1.1 200 
2022-01-27_17:16:00.484 [main] DEBUG org.apache.http.headers - << HTTP/1.1 200 
2022-01-27_17:16:00.484 [main] DEBUG org.apache.http.headers - << Access-Control-Allow-Methods: GET, POST
2022-01-27_17:16:00.484 [main] DEBUG org.apache.http.headers - << Access-Control-Allow-Origin: *
2022-01-27_17:16:00.484 [main] DEBUG org.apache.http.headers - << Content-Security-Policy: default-src 'none'
2022-01-27_17:16:00.485 [main] DEBUG org.apache.http.headers - << Feature-Policy: 'none'
2022-01-27_17:16:00.485 [main] DEBUG org.apache.http.headers - << Referrer-Policy: no-referrer
2022-01-27_17:16:00.485 [main] DEBUG org.apache.http.headers - << Strict-Transport-Security: max-age=31536000 ; includeSubDomains
2022-01-27_17:16:00.485 [main] DEBUG org.apache.http.headers - << Date: Thu, 27 Jan 2022 11:46:00 GMT
2022-01-27_17:16:00.485 [main] DEBUG org.apache.http.headers - << Keep-Alive: timeout=60
2022-01-27_17:16:00.485 [main] DEBUG org.apache.http.headers - << Content-Type: application/json
2022-01-27_17:16:00.485 [main] DEBUG org.apache.http.headers - << Transfer-Encoding: chunked
2022-01-27_17:16:00.486 [main] DEBUG org.apache.http.headers - << Connection: keep-alive
2022-01-27_17:16:00.486 [main] DEBUG o.a.h.impl.client.DefaultHttpClient - Connection can be kept alive for 60000 MILLISECONDS
2022-01-27_17:16:00.487 [main] DEBUG i.r.i.RequestSpecificationImpl$RestAssuredHttpBuilder - Parsing response as: application/json
2022-01-27_17:16:00.487 [main] DEBUG i.r.i.RequestSpecificationImpl$RestAssuredHttpBuilder - Parsed data to instance of: class org.apache.http.conn.EofSensorInputStream
2022-01-27_17:16:00.488 [main] INFO  com.qc.BaseAPI - Method :GET
2022-01-27_17:16:00.489 [main] INFO  com.qc.BaseAPI - URI :https://apitest.pineperks.in/auth/V1/generate/token
2022-01-27_17:16:00.490 [main] INFO  com.qc.BaseAPI - Headers :userName=A0aCcnPzDANtKmvSLPKcaw==
Accept=*/*
Content-Type=application/json; charset=UTF-8
2022-01-27_17:16:00.491 [main] INFO  com.qc.BaseAPI - Body :null
2022-01-27_17:16:00.491 [main] INFO  com.qc.BaseAPI - ********************RESPONSE********************
2022-01-27_17:16:00.491 [main] DEBUG org.apache.http.wire -  << "7f[\r][\n]"
2022-01-27_17:16:00.491 [main] DEBUG org.apache.http.wire -  << "{"accessToken":"d282b88964684b3eb5350f1a55e2c5d6","tokenExpiryTime":"27-Jan-2024","responseCode":0,"responseMessage":"Success"}"
2022-01-27_17:16:00.491 [main] DEBUG org.apache.http.wire -  << "[\r][\n]"
2022-01-27_17:16:00.492 [main] DEBUG org.apache.http.wire -  << "0[\r][\n]"
2022-01-27_17:16:00.492 [main] DEBUG org.apache.http.wire -  << "[\r][\n]"
2022-01-27_17:16:00.492 [main] DEBUG o.a.h.i.c.BasicClientConnectionManager - Releasing connection org.apache.http.impl.conn.ManagedClientConnectionImpl@60948d18
2022-01-27_17:16:00.492 [main] DEBUG o.a.h.i.c.BasicClientConnectionManager - Connection can be kept alive for 60000 MILLISECONDS
2022-01-27_17:16:00.493 [main] INFO  com.qc.BaseAPI - Response :{
    "accessToken": "d282b88964684b3eb5350f1a55e2c5d6",
    "tokenExpiryTime": "27-Jan-2024",
    "responseCode": 0,
    "responseMessage": "Success"
}
2022-01-27_17:16:00.493 [main] INFO  com.qc.BaseAPI -  **** GET call Response time 192 ms
2022-01-27_17:16:00.494 [main] INFO  pl.rest.service.Authorize - Time Taken to perform https://apitest.pineperks.in/auth/V1/generate/token transaction: 192
2022-01-27_17:16:00.501 [main] INFO  com.qc.qa.utils.TestDataReader - Reading Json data authorizeHeaders
2022-01-27_17:16:00.507 [main] INFO  com.qc.qa.utils.TestDataReader - Reading json data from file @ testData/api/devAPIData.json
2022-01-27_17:16:00.513 [main] INFO  pl.rest.service.CardIssue - CardIssue Rest API URL :- https://apitest.pineperks.in/card/order/V2/instant/issue/nonreloadable/digital
2022-01-27_17:16:00.513 [main] INFO  com.qc.BaseAPI - POST call to URL https://apitest.pineperks.in/card/order/V2/instant/issue/nonreloadable/digital
2022-01-27_17:16:00.522 [main] INFO  com.qc.BaseAPI - ********************REQUEST********************
2022-01-27_17:16:00.539 [main] DEBUG o.a.h.i.c.BasicClientConnectionManager - Get connection for route {s}->https://apitest.pineperks.in:443
2022-01-27_17:16:00.540 [main] DEBUG o.a.h.i.c.DefaultClientConnectionOperator - Connecting to apitest.pineperks.in:443
2022-01-27_17:16:00.681 [main] DEBUG o.a.h.c.protocol.RequestAddCookies - CookieSpec selected: ignoreCookies
2022-01-27_17:16:00.681 [main] DEBUG o.a.h.c.protocol.RequestAuthCache - Auth cache not set in the context
2022-01-27_17:16:00.681 [main] DEBUG o.a.h.c.p.RequestTargetAuthentication - Target auth state: UNCHALLENGED
2022-01-27_17:16:00.681 [main] DEBUG o.a.h.c.p.RequestProxyAuthentication - Proxy auth state: UNCHALLENGED
2022-01-27_17:16:00.681 [main] DEBUG o.a.h.impl.client.DefaultHttpClient - Attempt 1 to execute request
2022-01-27_17:16:00.681 [main] DEBUG o.a.h.i.conn.DefaultClientConnection - Sending request: POST /card/order/V2/instant/issue/nonreloadable/digital HTTP/1.1
2022-01-27_17:16:00.681 [main] DEBUG org.apache.http.wire -  >> "POST /card/order/V2/instant/issue/nonreloadable/digital HTTP/1.1[\r][\n]"
2022-01-27_17:16:00.682 [main] DEBUG org.apache.http.wire -  >> "X-PinePerks-UserName: A0aCcnPzDANtKmvSLPKcaw==[\r][\n]"
2022-01-27_17:16:00.682 [main] DEBUG org.apache.http.wire -  >> "Accept: */*[\r][\n]"
2022-01-27_17:16:00.682 [main] DEBUG org.apache.http.wire -  >> "X-PinePerks-Token: d282b88964684b3eb5350f1a55e2c5d6[\r][\n]"
2022-01-27_17:16:00.682 [main] DEBUG org.apache.http.wire -  >> "Content-Type: application/json; charset=UTF-8[\r][\n]"
2022-01-27_17:16:00.682 [main] DEBUG org.apache.http.wire -  >> "Content-Length: 211[\r][\n]"
2022-01-27_17:16:00.682 [main] DEBUG org.apache.http.wire -  >> "Host: apitest.pineperks.in[\r][\n]"
2022-01-27_17:16:00.682 [main] DEBUG org.apache.http.wire -  >> "Connection: Keep-Alive[\r][\n]"
2022-01-27_17:16:00.682 [main] DEBUG org.apache.http.wire -  >> "User-Agent: Apache-HttpClient/4.5.2 (Java/1.8.0_202)[\r][\n]"
2022-01-27_17:16:00.682 [main] DEBUG org.apache.http.wire -  >> "Accept-Encoding: gzip,deflate[\r][\n]"
2022-01-27_17:16:00.683 [main] DEBUG org.apache.http.wire -  >> "[\r][\n]"
2022-01-27_17:16:00.683 [main] DEBUG org.apache.http.headers - >> POST /card/order/V2/instant/issue/nonreloadable/digital HTTP/1.1
2022-01-27_17:16:00.683 [main] DEBUG org.apache.http.headers - >> X-PinePerks-UserName: A0aCcnPzDANtKmvSLPKcaw==
2022-01-27_17:16:00.683 [main] DEBUG org.apache.http.headers - >> Accept: */*
2022-01-27_17:16:00.683 [main] DEBUG org.apache.http.headers - >> X-PinePerks-Token: d282b88964684b3eb5350f1a55e2c5d6
2022-01-27_17:16:00.683 [main] DEBUG org.apache.http.headers - >> Content-Type: application/json; charset=UTF-8
2022-01-27_17:16:00.683 [main] DEBUG org.apache.http.headers - >> Content-Length: 211
2022-01-27_17:16:00.683 [main] DEBUG org.apache.http.headers - >> Host: apitest.pineperks.in
2022-01-27_17:16:00.683 [main] DEBUG org.apache.http.headers - >> Connection: Keep-Alive
2022-01-27_17:16:00.683 [main] DEBUG org.apache.http.headers - >> User-Agent: Apache-HttpClient/4.5.2 (Java/1.8.0_202)
2022-01-27_17:16:00.683 [main] DEBUG org.apache.http.headers - >> Accept-Encoding: gzip,deflate
2022-01-27_17:16:00.683 [main] DEBUG org.apache.http.wire -  >> "{"checksum":"5x3GNrnStyS2PkMvV6EeAw==","cardDetailList":[{"amount":"1000","mobileNumber":"8284854535","customerName":"afzal","email":"afzal.ahmed@pinelabs.com"}],"externalRequestId":"c2elV6X","cardSchemeId":"7"}"
2022-01-27_17:16:00.987 [main] DEBUG org.apache.http.wire -  << "HTTP/1.1 200 [\r][\n]"
2022-01-27_17:16:00.988 [main] DEBUG org.apache.http.wire -  << "Access-Control-Allow-Methods: GET, POST[\r][\n]"
2022-01-27_17:16:00.988 [main] DEBUG org.apache.http.wire -  << "Access-Control-Allow-Origin: *[\r][\n]"
2022-01-27_17:16:00.988 [main] DEBUG org.apache.http.wire -  << "Content-Security-Policy: default-src 'none'[\r][\n]"
2022-01-27_17:16:00.988 [main] DEBUG org.apache.http.wire -  << "Feature-Policy: 'none'[\r][\n]"
2022-01-27_17:16:00.989 [main] DEBUG org.apache.http.wire -  << "Referrer-Policy: no-referrer[\r][\n]"
2022-01-27_17:16:00.989 [main] DEBUG org.apache.http.wire -  << "Strict-Transport-Security: max-age=31536000 ; includeSubDomains[\r][\n]"
2022-01-27_17:16:00.990 [main] DEBUG org.apache.http.wire -  << "Date: Thu, 27 Jan 2022 11:46:00 GMT[\r][\n]"
2022-01-27_17:16:00.990 [main] DEBUG org.apache.http.wire -  << "Keep-Alive: timeout=60[\r][\n]"
2022-01-27_17:16:00.990 [main] DEBUG org.apache.http.wire -  << "Content-Type: application/json[\r][\n]"
2022-01-27_17:16:00.990 [main] DEBUG org.apache.http.wire -  << "Transfer-Encoding: chunked[\r][\n]"
2022-01-27_17:16:00.990 [main] DEBUG org.apache.http.wire -  << "Connection: keep-alive[\r][\n]"
2022-01-27_17:16:00.990 [main] DEBUG org.apache.http.wire -  << "[\r][\n]"
2022-01-27_17:16:00.990 [main] DEBUG o.a.h.i.conn.DefaultClientConnection - Receiving response: HTTP/1.1 200 
2022-01-27_17:16:00.990 [main] DEBUG org.apache.http.headers - << HTTP/1.1 200 
2022-01-27_17:16:00.990 [main] DEBUG org.apache.http.headers - << Access-Control-Allow-Methods: GET, POST
2022-01-27_17:16:00.990 [main] DEBUG org.apache.http.headers - << Access-Control-Allow-Origin: *
2022-01-27_17:16:00.990 [main] DEBUG org.apache.http.headers - << Content-Security-Policy: default-src 'none'
2022-01-27_17:16:00.990 [main] DEBUG org.apache.http.headers - << Feature-Policy: 'none'
2022-01-27_17:16:00.990 [main] DEBUG org.apache.http.headers - << Referrer-Policy: no-referrer
2022-01-27_17:16:00.990 [main] DEBUG org.apache.http.headers - << Strict-Transport-Security: max-age=31536000 ; includeSubDomains
2022-01-27_17:16:00.990 [main] DEBUG org.apache.http.headers - << Date: Thu, 27 Jan 2022 11:46:00 GMT
2022-01-27_17:16:00.990 [main] DEBUG org.apache.http.headers - << Keep-Alive: timeout=60
2022-01-27_17:16:00.990 [main] DEBUG org.apache.http.headers - << Content-Type: application/json
2022-01-27_17:16:00.990 [main] DEBUG org.apache.http.headers - << Transfer-Encoding: chunked
2022-01-27_17:16:00.990 [main] DEBUG org.apache.http.headers - << Connection: keep-alive
2022-01-27_17:16:00.991 [main] DEBUG o.a.h.impl.client.DefaultHttpClient - Connection can be kept alive for 60000 MILLISECONDS
2022-01-27_17:16:00.992 [main] DEBUG i.r.i.RequestSpecificationImpl$RestAssuredHttpBuilder - Parsing response as: application/json
2022-01-27_17:16:00.992 [main] DEBUG i.r.i.RequestSpecificationImpl$RestAssuredHttpBuilder - Parsed data to instance of: class org.apache.http.conn.EofSensorInputStream
2022-01-27_17:16:00.992 [main] INFO  com.qc.BaseAPI - Method :POST
2022-01-27_17:16:00.994 [main] INFO  com.qc.BaseAPI - URI :https://apitest.pineperks.in/card/order/V2/instant/issue/nonreloadable/digital
2022-01-27_17:16:00.994 [main] INFO  com.qc.BaseAPI - Headers :X-PinePerks-Token=d282b88964684b3eb5350f1a55e2c5d6
X-PinePerks-UserName=A0aCcnPzDANtKmvSLPKcaw==
Accept=*/*
Content-Type=application/json; charset=UTF-8
2022-01-27_17:16:00.994 [main] INFO  com.qc.BaseAPI - Body :{"checksum":"5x3GNrnStyS2PkMvV6EeAw==","cardDetailList":[{"amount":"1000","mobileNumber":"8284854535","customerName":"afzal","email":"afzal.ahmed@pinelabs.com"}],"externalRequestId":"c2elV6X","cardSchemeId":"7"}
2022-01-27_17:16:00.994 [main] INFO  com.qc.BaseAPI - ********************RESPONSE********************
2022-01-27_17:16:00.994 [main] DEBUG org.apache.http.wire -  << "1f2[\r][\n]"
2022-01-27_17:16:00.994 [main] DEBUG org.apache.http.wire -  << "{"externalRequestId":"c2elV6X","orderId":103034,"orderStatus":6,"cardDetailResponseList":[{"referenceNumber":3598351998,"serialNumber":10303400010001,"customerName":"afzal","mobileNumber":8284854535,"email":"afzal.ahmed@pinelabs.com","amount":1000,"cardLink":"test.pineperks.in/eCard?c=1AkbCAVCgQlQXAjKFTqtNg2","responseCode":0,"responseMessage":"Success"}],"successCount":1,"failedCount":0,"orderAmount":1000,"issuanceCharge":100,"netOrderAmount":1100,"responseCode":0,"responseMessage":"Success"}"
2022-01-27_17:16:00.995 [main] DEBUG org.apache.http.wire -  << "[\r][\n]"
2022-01-27_17:16:00.995 [main] DEBUG org.apache.http.wire -  << "0[\r][\n]"
2022-01-27_17:16:00.995 [main] DEBUG org.apache.http.wire -  << "[\r][\n]"
2022-01-27_17:16:00.995 [main] DEBUG o.a.h.i.c.BasicClientConnectionManager - Releasing connection org.apache.http.impl.conn.ManagedClientConnectionImpl@14ac370e
2022-01-27_17:16:00.995 [main] DEBUG o.a.h.i.c.BasicClientConnectionManager - Connection can be kept alive for 60000 MILLISECONDS
2022-01-27_17:16:00.997 [main] INFO  com.qc.BaseAPI - Response :{
    "externalRequestId": "c2elV6X",
    "orderId": 103034,
    "orderStatus": 6,
    "cardDetailResponseList": [
        {
            "referenceNumber": 3598351998,
            "serialNumber": 10303400010001,
            "customerName": "afzal",
            "mobileNumber": 8284854535,
            "email": "afzal.ahmed@pinelabs.com",
            "amount": 1000,
            "cardLink": "test.pineperks.in/eCard?c=1AkbCAVCgQlQXAjKFTqtNg2",
            "responseCode": 0,
            "responseMessage": "Success"
        }
    ],
    "successCount": 1,
    "failedCount": 0,
    "orderAmount": 1000,
    "issuanceCharge": 100,
    "netOrderAmount": 1100,
    "responseCode": 0,
    "responseMessage": "Success"
}
2022-01-27_17:16:00.997 [main] INFO  com.qc.BaseAPI -  **** POST call Response time 468 ms
2022-01-27_17:16:00.997 [main] INFO  pl.rest.service.CardIssue - Time Taken to perform https://apitest.pineperks.in/card/order/V2/instant/issue/nonreloadable/digital transaction: 468
