2021-12-20_15:54:18.647 [main] INFO  pl.rest.CustomHooks - SCENARIO NAME: Updating the card status to inactive
2021-12-20_15:54:18.649 [main] INFO  pl.rest.CustomHooks - TAG NAMEs: [@Regression]
2021-12-20_15:54:20.118 [main] INFO  com.qc.qa.utils.TestDataReader - Reading API Test Data config values from  testData/api/devAPITestData.properties
2021-12-20_15:54:20.121 [main] INFO  pl.rest.service.Authorize - Authorize Rest API URL :- https://apitest.pineperks.in/auth/V1/generate/token
2021-12-20_15:54:20.121 [main] INFO  com.qc.BaseAPI - GET call to URL https://apitest.pineperks.in/auth/V1/generate/token
2021-12-20_15:54:20.322 [main] INFO  com.qc.BaseAPI - ********************REQUEST********************
2021-12-20_15:54:22.637 [main] DEBUG o.a.h.i.c.BasicClientConnectionManager - Get connection for route {s}->https://apitest.pineperks.in:443
2021-12-20_15:54:22.682 [main] DEBUG o.a.h.i.c.DefaultClientConnectionOperator - Connecting to apitest.pineperks.in:443
2021-12-20_15:54:22.901 [main] DEBUG o.a.h.c.protocol.RequestAddCookies - CookieSpec selected: ignoreCookies
2021-12-20_15:54:22.902 [main] DEBUG o.a.h.c.protocol.RequestAuthCache - Auth cache not set in the context
2021-12-20_15:54:22.902 [main] DEBUG o.a.h.c.p.RequestTargetAuthentication - Target auth state: UNCHALLENGED
2021-12-20_15:54:22.903 [main] DEBUG o.a.h.c.p.RequestProxyAuthentication - Proxy auth state: UNCHALLENGED
2021-12-20_15:54:22.903 [main] DEBUG o.a.h.impl.client.DefaultHttpClient - Attempt 1 to execute request
2021-12-20_15:54:22.904 [main] DEBUG o.a.h.i.conn.DefaultClientConnection - Sending request: GET /auth/V1/generate/token HTTP/1.1
2021-12-20_15:54:22.904 [main] DEBUG org.apache.http.wire -  >> "GET /auth/V1/generate/token HTTP/1.1[\r][\n]"
2021-12-20_15:54:22.905 [main] DEBUG org.apache.http.wire -  >> "Content-Type: application/json; charset=UTF-8[\r][\n]"
2021-12-20_15:54:22.905 [main] DEBUG org.apache.http.wire -  >> "Accept: */*[\r][\n]"
2021-12-20_15:54:22.906 [main] DEBUG org.apache.http.wire -  >> "userName: A0aCcnPzDANtKmvSLPKcaw==[\r][\n]"
2021-12-20_15:54:22.906 [main] DEBUG org.apache.http.wire -  >> "Host: apitest.pineperks.in[\r][\n]"
2021-12-20_15:54:22.906 [main] DEBUG org.apache.http.wire -  >> "Connection: Keep-Alive[\r][\n]"
2021-12-20_15:54:22.906 [main] DEBUG org.apache.http.wire -  >> "User-Agent: Apache-HttpClient/4.5.2 (Java/1.8.0_202)[\r][\n]"
2021-12-20_15:54:22.906 [main] DEBUG org.apache.http.wire -  >> "Accept-Encoding: gzip,deflate[\r][\n]"
2021-12-20_15:54:22.906 [main] DEBUG org.apache.http.wire -  >> "[\r][\n]"
2021-12-20_15:54:22.906 [main] DEBUG org.apache.http.headers - >> GET /auth/V1/generate/token HTTP/1.1
2021-12-20_15:54:22.906 [main] DEBUG org.apache.http.headers - >> Content-Type: application/json; charset=UTF-8
2021-12-20_15:54:22.906 [main] DEBUG org.apache.http.headers - >> Accept: */*
2021-12-20_15:54:22.907 [main] DEBUG org.apache.http.headers - >> userName: A0aCcnPzDANtKmvSLPKcaw==
2021-12-20_15:54:22.907 [main] DEBUG org.apache.http.headers - >> Host: apitest.pineperks.in
2021-12-20_15:54:22.907 [main] DEBUG org.apache.http.headers - >> Connection: Keep-Alive
2021-12-20_15:54:22.907 [main] DEBUG org.apache.http.headers - >> User-Agent: Apache-HttpClient/4.5.2 (Java/1.8.0_202)
2021-12-20_15:54:22.907 [main] DEBUG org.apache.http.headers - >> Accept-Encoding: gzip,deflate
2021-12-20_15:54:22.961 [main] DEBUG org.apache.http.wire -  << "HTTP/1.1 200 [\r][\n]"
2021-12-20_15:54:22.966 [main] DEBUG org.apache.http.wire -  << "Access-Control-Allow-Methods: GET, POST[\r][\n]"
2021-12-20_15:54:22.966 [main] DEBUG org.apache.http.wire -  << "Access-Control-Allow-Origin: *[\r][\n]"
2021-12-20_15:54:22.966 [main] DEBUG org.apache.http.wire -  << "Content-Security-Policy: default-src 'none'[\r][\n]"
2021-12-20_15:54:22.967 [main] DEBUG org.apache.http.wire -  << "Feature-Policy: 'none'[\r][\n]"
2021-12-20_15:54:22.967 [main] DEBUG org.apache.http.wire -  << "Referrer-Policy: no-referrer[\r][\n]"
2021-12-20_15:54:22.967 [main] DEBUG org.apache.http.wire -  << "Strict-Transport-Security: max-age=31536000 ; includeSubDomains[\r][\n]"
2021-12-20_15:54:22.968 [main] DEBUG org.apache.http.wire -  << "Date: Mon, 20 Dec 2021 10:24:22 GMT[\r][\n]"
2021-12-20_15:54:22.968 [main] DEBUG org.apache.http.wire -  << "Keep-Alive: timeout=60[\r][\n]"
2021-12-20_15:54:22.968 [main] DEBUG org.apache.http.wire -  << "Content-Type: application/json[\r][\n]"
2021-12-20_15:54:22.968 [main] DEBUG org.apache.http.wire -  << "Transfer-Encoding: chunked[\r][\n]"
2021-12-20_15:54:22.968 [main] DEBUG org.apache.http.wire -  << "Connection: keep-alive[\r][\n]"
2021-12-20_15:54:22.969 [main] DEBUG org.apache.http.wire -  << "[\r][\n]"
2021-12-20_15:54:22.970 [main] DEBUG o.a.h.i.conn.DefaultClientConnection - Receiving response: HTTP/1.1 200 
2021-12-20_15:54:22.970 [main] DEBUG org.apache.http.headers - << HTTP/1.1 200 
2021-12-20_15:54:22.971 [main] DEBUG org.apache.http.headers - << Access-Control-Allow-Methods: GET, POST
2021-12-20_15:54:22.971 [main] DEBUG org.apache.http.headers - << Access-Control-Allow-Origin: *
2021-12-20_15:54:22.971 [main] DEBUG org.apache.http.headers - << Content-Security-Policy: default-src 'none'
2021-12-20_15:54:22.971 [main] DEBUG org.apache.http.headers - << Feature-Policy: 'none'
2021-12-20_15:54:22.971 [main] DEBUG org.apache.http.headers - << Referrer-Policy: no-referrer
2021-12-20_15:54:22.971 [main] DEBUG org.apache.http.headers - << Strict-Transport-Security: max-age=31536000 ; includeSubDomains
2021-12-20_15:54:22.971 [main] DEBUG org.apache.http.headers - << Date: Mon, 20 Dec 2021 10:24:22 GMT
2021-12-20_15:54:22.972 [main] DEBUG org.apache.http.headers - << Keep-Alive: timeout=60
2021-12-20_15:54:22.972 [main] DEBUG org.apache.http.headers - << Content-Type: application/json
2021-12-20_15:54:22.972 [main] DEBUG org.apache.http.headers - << Transfer-Encoding: chunked
2021-12-20_15:54:22.972 [main] DEBUG org.apache.http.headers - << Connection: keep-alive
2021-12-20_15:54:22.982 [main] DEBUG o.a.h.impl.client.DefaultHttpClient - Connection can be kept alive for 60000 MILLISECONDS
2021-12-20_15:54:23.001 [main] DEBUG i.r.i.RequestSpecificationImpl$RestAssuredHttpBuilder - Parsing response as: application/json
2021-12-20_15:54:23.001 [main] DEBUG i.r.i.RequestSpecificationImpl$RestAssuredHttpBuilder - Parsed data to instance of: class org.apache.http.conn.EofSensorInputStream
2021-12-20_15:54:23.011 [main] INFO  com.qc.BaseAPI - Method :GET
2021-12-20_15:54:23.012 [main] INFO  com.qc.BaseAPI - URI :https://apitest.pineperks.in/auth/V1/generate/token
2021-12-20_15:54:23.012 [main] INFO  com.qc.BaseAPI - Headers :userName=A0aCcnPzDANtKmvSLPKcaw==
Accept=*/*
Content-Type=application/json; charset=UTF-8
2021-12-20_15:54:23.012 [main] INFO  com.qc.BaseAPI - Body :null
2021-12-20_15:54:23.013 [main] INFO  com.qc.BaseAPI - ********************RESPONSE********************
2021-12-20_15:54:23.021 [main] DEBUG org.apache.http.wire -  << "7f[\r][\n]"
2021-12-20_15:54:23.021 [main] DEBUG org.apache.http.wire -  << "{"accessToken":"a67c13c08e314ae1a3763956f22800ee","tokenExpiryTime":"21-Dec-2021","responseCode":0,"responseMessage":"Success"}"
2021-12-20_15:54:23.022 [main] DEBUG org.apache.http.wire -  << "[\r][\n]"
2021-12-20_15:54:23.022 [main] DEBUG org.apache.http.wire -  << "0[\r][\n]"
2021-12-20_15:54:23.023 [main] DEBUG org.apache.http.wire -  << "[\r][\n]"
2021-12-20_15:54:23.023 [main] DEBUG o.a.h.i.c.BasicClientConnectionManager - Releasing connection org.apache.http.impl.conn.ManagedClientConnectionImpl@38b8b5aa
2021-12-20_15:54:23.023 [main] DEBUG o.a.h.i.c.BasicClientConnectionManager - Connection can be kept alive for 60000 MILLISECONDS
2021-12-20_15:54:23.051 [main] INFO  com.qc.BaseAPI - Response :{
    "accessToken": "a67c13c08e314ae1a3763956f22800ee",
    "tokenExpiryTime": "21-Dec-2021",
    "responseCode": 0,
    "responseMessage": "Success"
}
2021-12-20_15:54:23.054 [main] INFO  com.qc.BaseAPI -  **** GET call Response time 2671 ms
2021-12-20_15:54:23.054 [main] INFO  pl.rest.service.Authorize - Time Taken to perform https://apitest.pineperks.in/auth/V1/generate/token transaction: 2671
2021-12-20_15:54:23.143 [main] INFO  com.qc.qa.utils.TestDataReader - Reading Json data authorizeHeaders
2021-12-20_15:54:23.145 [main] INFO  com.qc.qa.utils.TestDataReader - Reading json data from file @ testData/api/devAPIData.json
2021-12-20_15:54:23.167 [main] INFO  pl.rest.service.CardUpdate - CardIssue Rest API URL :- https://apitest.pineperks.in/card/profile/V1/admin/status/update
2021-12-20_15:54:23.168 [main] INFO  com.qc.BaseAPI - POST call to URL https://apitest.pineperks.in/card/profile/V1/admin/status/update
2021-12-20_15:54:23.180 [main] INFO  com.qc.BaseAPI - ********************REQUEST********************
2021-12-20_15:54:23.235 [main] DEBUG o.a.h.i.c.BasicClientConnectionManager - Get connection for route {s}->https://apitest.pineperks.in:443
2021-12-20_15:54:23.236 [main] DEBUG o.a.h.i.c.DefaultClientConnectionOperator - Connecting to apitest.pineperks.in:443
2021-12-20_15:54:23.395 [main] DEBUG o.a.h.c.protocol.RequestAddCookies - CookieSpec selected: ignoreCookies
2021-12-20_15:54:23.395 [main] DEBUG o.a.h.c.protocol.RequestAuthCache - Auth cache not set in the context
2021-12-20_15:54:23.395 [main] DEBUG o.a.h.c.p.RequestTargetAuthentication - Target auth state: UNCHALLENGED
2021-12-20_15:54:23.395 [main] DEBUG o.a.h.c.p.RequestProxyAuthentication - Proxy auth state: UNCHALLENGED
2021-12-20_15:54:23.396 [main] DEBUG o.a.h.impl.client.DefaultHttpClient - Attempt 1 to execute request
2021-12-20_15:54:23.396 [main] DEBUG o.a.h.i.conn.DefaultClientConnection - Sending request: POST /card/profile/V1/admin/status/update HTTP/1.1
2021-12-20_15:54:23.396 [main] DEBUG org.apache.http.wire -  >> "POST /card/profile/V1/admin/status/update HTTP/1.1[\r][\n]"
2021-12-20_15:54:23.396 [main] DEBUG org.apache.http.wire -  >> "Accept: */*[\r][\n]"
2021-12-20_15:54:23.396 [main] DEBUG org.apache.http.wire -  >> "userName: A0aCcnPzDANtKmvSLPKcaw==[\r][\n]"
2021-12-20_15:54:23.396 [main] DEBUG org.apache.http.wire -  >> "token: a67c13c08e314ae1a3763956f22800ee[\r][\n]"
2021-12-20_15:54:23.397 [main] DEBUG org.apache.http.wire -  >> "Content-Type: application/json; charset=UTF-8[\r][\n]"
2021-12-20_15:54:23.397 [main] DEBUG org.apache.http.wire -  >> "Content-Length: 113[\r][\n]"
2021-12-20_15:54:23.397 [main] DEBUG org.apache.http.wire -  >> "Host: apitest.pineperks.in[\r][\n]"
2021-12-20_15:54:23.397 [main] DEBUG org.apache.http.wire -  >> "Connection: Keep-Alive[\r][\n]"
2021-12-20_15:54:23.397 [main] DEBUG org.apache.http.wire -  >> "User-Agent: Apache-HttpClient/4.5.2 (Java/1.8.0_202)[\r][\n]"
2021-12-20_15:54:23.397 [main] DEBUG org.apache.http.wire -  >> "Accept-Encoding: gzip,deflate[\r][\n]"
2021-12-20_15:54:23.397 [main] DEBUG org.apache.http.wire -  >> "[\r][\n]"
2021-12-20_15:54:23.397 [main] DEBUG org.apache.http.headers - >> POST /card/profile/V1/admin/status/update HTTP/1.1
2021-12-20_15:54:23.398 [main] DEBUG org.apache.http.headers - >> Accept: */*
2021-12-20_15:54:23.398 [main] DEBUG org.apache.http.headers - >> userName: A0aCcnPzDANtKmvSLPKcaw==
2021-12-20_15:54:23.398 [main] DEBUG org.apache.http.headers - >> token: a67c13c08e314ae1a3763956f22800ee
2021-12-20_15:54:23.398 [main] DEBUG org.apache.http.headers - >> Content-Type: application/json; charset=UTF-8
2021-12-20_15:54:23.398 [main] DEBUG org.apache.http.headers - >> Content-Length: 113
2021-12-20_15:54:23.398 [main] DEBUG org.apache.http.headers - >> Host: apitest.pineperks.in
2021-12-20_15:54:23.398 [main] DEBUG org.apache.http.headers - >> Connection: Keep-Alive
2021-12-20_15:54:23.398 [main] DEBUG org.apache.http.headers - >> User-Agent: Apache-HttpClient/4.5.2 (Java/1.8.0_202)
2021-12-20_15:54:23.398 [main] DEBUG org.apache.http.headers - >> Accept-Encoding: gzip,deflate
2021-12-20_15:54:23.399 [main] DEBUG org.apache.http.wire -  >> "{"remarks":"Test","cardStatusUpdateRequestList":[{"reason":"1","referenceNumber":"6539518357","cardStatus":"2"}]}"
2021-12-20_15:54:32.569 [main] DEBUG org.apache.http.wire -  << "HTTP/1.1 200 [\r][\n]"
2021-12-20_15:54:32.570 [main] DEBUG org.apache.http.wire -  << "Access-Control-Allow-Methods: GET, POST[\r][\n]"
2021-12-20_15:54:32.570 [main] DEBUG org.apache.http.wire -  << "Access-Control-Allow-Origin: *[\r][\n]"
2021-12-20_15:54:32.570 [main] DEBUG org.apache.http.wire -  << "Content-Security-Policy: default-src 'none'[\r][\n]"
2021-12-20_15:54:32.570 [main] DEBUG org.apache.http.wire -  << "Feature-Policy: 'none'[\r][\n]"
2021-12-20_15:54:32.570 [main] DEBUG org.apache.http.wire -  << "Referrer-Policy: no-referrer[\r][\n]"
2021-12-20_15:54:32.570 [main] DEBUG org.apache.http.wire -  << "Strict-Transport-Security: max-age=31536000 ; includeSubDomains[\r][\n]"
2021-12-20_15:54:32.570 [main] DEBUG org.apache.http.wire -  << "Date: Mon, 20 Dec 2021 10:24:32 GMT[\r][\n]"
2021-12-20_15:54:32.570 [main] DEBUG org.apache.http.wire -  << "Keep-Alive: timeout=60[\r][\n]"
2021-12-20_15:54:32.570 [main] DEBUG org.apache.http.wire -  << "Content-Type: application/json[\r][\n]"
2021-12-20_15:54:32.571 [main] DEBUG org.apache.http.wire -  << "Transfer-Encoding: chunked[\r][\n]"
2021-12-20_15:54:32.571 [main] DEBUG org.apache.http.wire -  << "Connection: keep-alive[\r][\n]"
2021-12-20_15:54:32.571 [main] DEBUG org.apache.http.wire -  << "[\r][\n]"
2021-12-20_15:54:32.571 [main] DEBUG o.a.h.i.conn.DefaultClientConnection - Receiving response: HTTP/1.1 200 
2021-12-20_15:54:32.571 [main] DEBUG org.apache.http.headers - << HTTP/1.1 200 
2021-12-20_15:54:32.571 [main] DEBUG org.apache.http.headers - << Access-Control-Allow-Methods: GET, POST
2021-12-20_15:54:32.571 [main] DEBUG org.apache.http.headers - << Access-Control-Allow-Origin: *
2021-12-20_15:54:32.571 [main] DEBUG org.apache.http.headers - << Content-Security-Policy: default-src 'none'
2021-12-20_15:54:32.571 [main] DEBUG org.apache.http.headers - << Feature-Policy: 'none'
2021-12-20_15:54:32.571 [main] DEBUG org.apache.http.headers - << Referrer-Policy: no-referrer
2021-12-20_15:54:32.571 [main] DEBUG org.apache.http.headers - << Strict-Transport-Security: max-age=31536000 ; includeSubDomains
2021-12-20_15:54:32.571 [main] DEBUG org.apache.http.headers - << Date: Mon, 20 Dec 2021 10:24:32 GMT
2021-12-20_15:54:32.571 [main] DEBUG org.apache.http.headers - << Keep-Alive: timeout=60
2021-12-20_15:54:32.571 [main] DEBUG org.apache.http.headers - << Content-Type: application/json
2021-12-20_15:54:32.571 [main] DEBUG org.apache.http.headers - << Transfer-Encoding: chunked
2021-12-20_15:54:32.571 [main] DEBUG org.apache.http.headers - << Connection: keep-alive
2021-12-20_15:54:32.571 [main] DEBUG o.a.h.impl.client.DefaultHttpClient - Connection can be kept alive for 60000 MILLISECONDS
2021-12-20_15:54:32.572 [main] DEBUG i.r.i.RequestSpecificationImpl$RestAssuredHttpBuilder - Parsing response as: application/json
2021-12-20_15:54:32.572 [main] DEBUG i.r.i.RequestSpecificationImpl$RestAssuredHttpBuilder - Parsed data to instance of: class org.apache.http.conn.EofSensorInputStream
2021-12-20_15:54:32.573 [main] INFO  com.qc.BaseAPI - Method :POST
2021-12-20_15:54:32.574 [main] INFO  com.qc.BaseAPI - URI :https://apitest.pineperks.in/card/profile/V1/admin/status/update
2021-12-20_15:54:32.575 [main] INFO  com.qc.BaseAPI - Headers :token=a67c13c08e314ae1a3763956f22800ee
userName=A0aCcnPzDANtKmvSLPKcaw==
Accept=*/*
Content-Type=application/json; charset=UTF-8
2021-12-20_15:54:32.575 [main] INFO  com.qc.BaseAPI - Body :{"remarks":"Test","cardStatusUpdateRequestList":[{"reason":"1","referenceNumber":"6539518357","cardStatus":"2"}]}
2021-12-20_15:54:32.575 [main] INFO  com.qc.BaseAPI - ********************RESPONSE********************
2021-12-20_15:54:32.575 [main] DEBUG org.apache.http.wire -  << "72[\r][\n]"
2021-12-20_15:54:32.575 [main] DEBUG org.apache.http.wire -  << "{"cardStatusUpdateResponseList":null,"remarks":null,"responseCode":322,"responseMessage":"Order is under process"}"
2021-12-20_15:54:32.575 [main] DEBUG org.apache.http.wire -  << "[\r][\n]"
2021-12-20_15:54:32.575 [main] DEBUG org.apache.http.wire -  << "0[\r][\n]"
2021-12-20_15:54:32.575 [main] DEBUG org.apache.http.wire -  << "[\r][\n]"
2021-12-20_15:54:32.575 [main] DEBUG o.a.h.i.c.BasicClientConnectionManager - Releasing connection org.apache.http.impl.conn.ManagedClientConnectionImpl@30bd5d63
2021-12-20_15:54:32.575 [main] DEBUG o.a.h.i.c.BasicClientConnectionManager - Connection can be kept alive for 60000 MILLISECONDS
2021-12-20_15:54:32.576 [main] INFO  com.qc.BaseAPI - Response :{
    "cardStatusUpdateResponseList": null,
    "remarks": null,
    "responseCode": 322,
    "responseMessage": "Order is under process"
}
2021-12-20_15:54:32.576 [main] INFO  com.qc.BaseAPI -  **** POST call Response time 9390 ms
2021-12-20_15:54:32.576 [main] INFO  pl.rest.service.CardUpdate - Time Taken to perform https://apitest.pineperks.in/card/profile/V1/admin/status/update transaction: 9390
2021-12-20_15:54:32.716 [main] INFO  pl.rest.CustomHooks - SCENARIO NAME: Updating the card status to blocked
2021-12-20_15:54:32.716 [main] INFO  pl.rest.CustomHooks - TAG NAMEs: [@Regression]
2021-12-20_15:54:33.044 [main] INFO  pl.rest.service.Authorize - Authorize Rest API URL :- https://apitest.pineperks.in/auth/V1/generate/token
2021-12-20_15:54:33.044 [main] INFO  com.qc.BaseAPI - GET call to URL https://apitest.pineperks.in/auth/V1/generate/token
2021-12-20_15:54:33.048 [main] INFO  com.qc.BaseAPI - ********************REQUEST********************
2021-12-20_15:54:33.061 [main] DEBUG o.a.h.i.c.BasicClientConnectionManager - Get connection for route {s}->https://apitest.pineperks.in:443
2021-12-20_15:54:33.061 [main] DEBUG o.a.h.i.c.DefaultClientConnectionOperator - Connecting to apitest.pineperks.in:443
2021-12-20_15:54:33.178 [main] DEBUG o.a.h.c.protocol.RequestAddCookies - CookieSpec selected: ignoreCookies
2021-12-20_15:54:33.179 [main] DEBUG o.a.h.c.protocol.RequestAuthCache - Auth cache not set in the context
2021-12-20_15:54:33.179 [main] DEBUG o.a.h.c.p.RequestTargetAuthentication - Target auth state: UNCHALLENGED
2021-12-20_15:54:33.179 [main] DEBUG o.a.h.c.p.RequestProxyAuthentication - Proxy auth state: UNCHALLENGED
2021-12-20_15:54:33.180 [main] DEBUG o.a.h.impl.client.DefaultHttpClient - Attempt 1 to execute request
2021-12-20_15:54:33.180 [main] DEBUG o.a.h.i.conn.DefaultClientConnection - Sending request: GET /auth/V1/generate/token HTTP/1.1
2021-12-20_15:54:33.180 [main] DEBUG org.apache.http.wire -  >> "GET /auth/V1/generate/token HTTP/1.1[\r][\n]"
2021-12-20_15:54:33.180 [main] DEBUG org.apache.http.wire -  >> "Content-Type: application/json; charset=UTF-8[\r][\n]"
2021-12-20_15:54:33.180 [main] DEBUG org.apache.http.wire -  >> "Accept: */*[\r][\n]"
2021-12-20_15:54:33.181 [main] DEBUG org.apache.http.wire -  >> "userName: A0aCcnPzDANtKmvSLPKcaw==[\r][\n]"
2021-12-20_15:54:33.181 [main] DEBUG org.apache.http.wire -  >> "Host: apitest.pineperks.in[\r][\n]"
2021-12-20_15:54:33.181 [main] DEBUG org.apache.http.wire -  >> "Connection: Keep-Alive[\r][\n]"
2021-12-20_15:54:33.181 [main] DEBUG org.apache.http.wire -  >> "User-Agent: Apache-HttpClient/4.5.2 (Java/1.8.0_202)[\r][\n]"
2021-12-20_15:54:33.181 [main] DEBUG org.apache.http.wire -  >> "Accept-Encoding: gzip,deflate[\r][\n]"
2021-12-20_15:54:33.182 [main] DEBUG org.apache.http.wire -  >> "[\r][\n]"
2021-12-20_15:54:33.182 [main] DEBUG org.apache.http.headers - >> GET /auth/V1/generate/token HTTP/1.1
2021-12-20_15:54:33.182 [main] DEBUG org.apache.http.headers - >> Content-Type: application/json; charset=UTF-8
2021-12-20_15:54:33.182 [main] DEBUG org.apache.http.headers - >> Accept: */*
2021-12-20_15:54:33.182 [main] DEBUG org.apache.http.headers - >> userName: A0aCcnPzDANtKmvSLPKcaw==
2021-12-20_15:54:33.182 [main] DEBUG org.apache.http.headers - >> Host: apitest.pineperks.in
2021-12-20_15:54:33.182 [main] DEBUG org.apache.http.headers - >> Connection: Keep-Alive
2021-12-20_15:54:33.182 [main] DEBUG org.apache.http.headers - >> User-Agent: Apache-HttpClient/4.5.2 (Java/1.8.0_202)
2021-12-20_15:54:33.183 [main] DEBUG org.apache.http.headers - >> Accept-Encoding: gzip,deflate
2021-12-20_15:54:33.207 [main] DEBUG org.apache.http.wire -  << "HTTP/1.1 200 [\r][\n]"
2021-12-20_15:54:33.207 [main] DEBUG org.apache.http.wire -  << "Access-Control-Allow-Methods: GET, POST[\r][\n]"
2021-12-20_15:54:33.207 [main] DEBUG org.apache.http.wire -  << "Access-Control-Allow-Origin: *[\r][\n]"
2021-12-20_15:54:33.207 [main] DEBUG org.apache.http.wire -  << "Content-Security-Policy: default-src 'none'[\r][\n]"
2021-12-20_15:54:33.207 [main] DEBUG org.apache.http.wire -  << "Feature-Policy: 'none'[\r][\n]"
2021-12-20_15:54:33.208 [main] DEBUG org.apache.http.wire -  << "Referrer-Policy: no-referrer[\r][\n]"
2021-12-20_15:54:33.208 [main] DEBUG org.apache.http.wire -  << "Strict-Transport-Security: max-age=31536000 ; includeSubDomains[\r][\n]"
2021-12-20_15:54:33.208 [main] DEBUG org.apache.http.wire -  << "Date: Mon, 20 Dec 2021 10:24:32 GMT[\r][\n]"
2021-12-20_15:54:33.208 [main] DEBUG org.apache.http.wire -  << "Keep-Alive: timeout=60[\r][\n]"
2021-12-20_15:54:33.209 [main] DEBUG org.apache.http.wire -  << "Content-Type: application/json[\r][\n]"
2021-12-20_15:54:33.209 [main] DEBUG org.apache.http.wire -  << "Transfer-Encoding: chunked[\r][\n]"
2021-12-20_15:54:33.209 [main] DEBUG org.apache.http.wire -  << "Connection: keep-alive[\r][\n]"
2021-12-20_15:54:33.209 [main] DEBUG org.apache.http.wire -  << "[\r][\n]"
2021-12-20_15:54:33.209 [main] DEBUG o.a.h.i.conn.DefaultClientConnection - Receiving response: HTTP/1.1 200 
2021-12-20_15:54:33.209 [main] DEBUG org.apache.http.headers - << HTTP/1.1 200 
2021-12-20_15:54:33.209 [main] DEBUG org.apache.http.headers - << Access-Control-Allow-Methods: GET, POST
2021-12-20_15:54:33.210 [main] DEBUG org.apache.http.headers - << Access-Control-Allow-Origin: *
2021-12-20_15:54:33.210 [main] DEBUG org.apache.http.headers - << Content-Security-Policy: default-src 'none'
2021-12-20_15:54:33.210 [main] DEBUG org.apache.http.headers - << Feature-Policy: 'none'
2021-12-20_15:54:33.210 [main] DEBUG org.apache.http.headers - << Referrer-Policy: no-referrer
2021-12-20_15:54:33.210 [main] DEBUG org.apache.http.headers - << Strict-Transport-Security: max-age=31536000 ; includeSubDomains
2021-12-20_15:54:33.210 [main] DEBUG org.apache.http.headers - << Date: Mon, 20 Dec 2021 10:24:32 GMT
2021-12-20_15:54:33.210 [main] DEBUG org.apache.http.headers - << Keep-Alive: timeout=60
2021-12-20_15:54:33.210 [main] DEBUG org.apache.http.headers - << Content-Type: application/json
2021-12-20_15:54:33.210 [main] DEBUG org.apache.http.headers - << Transfer-Encoding: chunked
2021-12-20_15:54:33.210 [main] DEBUG org.apache.http.headers - << Connection: keep-alive
2021-12-20_15:54:33.210 [main] DEBUG o.a.h.impl.client.DefaultHttpClient - Connection can be kept alive for 60000 MILLISECONDS
2021-12-20_15:54:33.211 [main] DEBUG i.r.i.RequestSpecificationImpl$RestAssuredHttpBuilder - Parsing response as: application/json
2021-12-20_15:54:33.211 [main] DEBUG i.r.i.RequestSpecificationImpl$RestAssuredHttpBuilder - Parsed data to instance of: class org.apache.http.conn.EofSensorInputStream
2021-12-20_15:54:33.212 [main] INFO  com.qc.BaseAPI - Method :GET
2021-12-20_15:54:33.213 [main] INFO  com.qc.BaseAPI - URI :https://apitest.pineperks.in/auth/V1/generate/token
2021-12-20_15:54:33.214 [main] INFO  com.qc.BaseAPI - Headers :userName=A0aCcnPzDANtKmvSLPKcaw==
Accept=*/*
Content-Type=application/json; charset=UTF-8
2021-12-20_15:54:33.214 [main] INFO  com.qc.BaseAPI - Body :null
2021-12-20_15:54:33.214 [main] INFO  com.qc.BaseAPI - ********************RESPONSE********************
2021-12-20_15:54:33.214 [main] DEBUG org.apache.http.wire -  << "7f[\r][\n]"
2021-12-20_15:54:33.214 [main] DEBUG org.apache.http.wire -  << "{"accessToken":"31ce95b40a8a45a5a1b3ec5fc9247f4e","tokenExpiryTime":"21-Dec-2021","responseCode":0,"responseMessage":"Success"}"
2021-12-20_15:54:33.214 [main] DEBUG org.apache.http.wire -  << "[\r][\n]"
2021-12-20_15:54:33.215 [main] DEBUG org.apache.http.wire -  << "0[\r][\n]"
2021-12-20_15:54:33.215 [main] DEBUG org.apache.http.wire -  << "[\r][\n]"
2021-12-20_15:54:33.215 [main] DEBUG o.a.h.i.c.BasicClientConnectionManager - Releasing connection org.apache.http.impl.conn.ManagedClientConnectionImpl@753800ac
2021-12-20_15:54:33.215 [main] DEBUG o.a.h.i.c.BasicClientConnectionManager - Connection can be kept alive for 60000 MILLISECONDS
2021-12-20_15:54:33.216 [main] INFO  com.qc.BaseAPI - Response :{
    "accessToken": "31ce95b40a8a45a5a1b3ec5fc9247f4e",
    "tokenExpiryTime": "21-Dec-2021",
    "responseCode": 0,
    "responseMessage": "Success"
}
2021-12-20_15:54:33.216 [main] INFO  com.qc.BaseAPI -  **** GET call Response time 160 ms
2021-12-20_15:54:33.216 [main] INFO  pl.rest.service.Authorize - Time Taken to perform https://apitest.pineperks.in/auth/V1/generate/token transaction: 160
2021-12-20_15:54:33.224 [main] INFO  com.qc.qa.utils.TestDataReader - Reading Json data authorizeHeaders
2021-12-20_15:54:33.227 [main] INFO  com.qc.qa.utils.TestDataReader - Reading json data from file @ testData/api/devAPIData.json
2021-12-20_15:54:33.228 [main] INFO  pl.rest.service.CardUpdate - CardIssue Rest API URL :- https://apitest.pineperks.in/card/profile/V1/admin/status/update
2021-12-20_15:54:33.228 [main] INFO  com.qc.BaseAPI - POST call to URL https://apitest.pineperks.in/card/profile/V1/admin/status/update
2021-12-20_15:54:33.236 [main] INFO  com.qc.BaseAPI - ********************REQUEST********************
2021-12-20_15:54:33.250 [main] DEBUG o.a.h.i.c.BasicClientConnectionManager - Get connection for route {s}->https://apitest.pineperks.in:443
2021-12-20_15:54:33.250 [main] DEBUG o.a.h.i.c.DefaultClientConnectionOperator - Connecting to apitest.pineperks.in:443
2021-12-20_15:54:33.370 [main] DEBUG o.a.h.c.protocol.RequestAddCookies - CookieSpec selected: ignoreCookies
2021-12-20_15:54:33.371 [main] DEBUG o.a.h.c.protocol.RequestAuthCache - Auth cache not set in the context
2021-12-20_15:54:33.371 [main] DEBUG o.a.h.c.p.RequestTargetAuthentication - Target auth state: UNCHALLENGED
2021-12-20_15:54:33.371 [main] DEBUG o.a.h.c.p.RequestProxyAuthentication - Proxy auth state: UNCHALLENGED
2021-12-20_15:54:33.371 [main] DEBUG o.a.h.impl.client.DefaultHttpClient - Attempt 1 to execute request
2021-12-20_15:54:33.371 [main] DEBUG o.a.h.i.conn.DefaultClientConnection - Sending request: POST /card/profile/V1/admin/status/update HTTP/1.1
2021-12-20_15:54:33.372 [main] DEBUG org.apache.http.wire -  >> "POST /card/profile/V1/admin/status/update HTTP/1.1[\r][\n]"
2021-12-20_15:54:33.372 [main] DEBUG org.apache.http.wire -  >> "Accept: */*[\r][\n]"
2021-12-20_15:54:33.372 [main] DEBUG org.apache.http.wire -  >> "userName: A0aCcnPzDANtKmvSLPKcaw==[\r][\n]"
2021-12-20_15:54:33.372 [main] DEBUG org.apache.http.wire -  >> "token: 31ce95b40a8a45a5a1b3ec5fc9247f4e[\r][\n]"
2021-12-20_15:54:33.372 [main] DEBUG org.apache.http.wire -  >> "Content-Type: application/json; charset=UTF-8[\r][\n]"
2021-12-20_15:54:33.373 [main] DEBUG org.apache.http.wire -  >> "Content-Length: 113[\r][\n]"
2021-12-20_15:54:33.373 [main] DEBUG org.apache.http.wire -  >> "Host: apitest.pineperks.in[\r][\n]"
2021-12-20_15:54:33.373 [main] DEBUG org.apache.http.wire -  >> "Connection: Keep-Alive[\r][\n]"
2021-12-20_15:54:33.373 [main] DEBUG org.apache.http.wire -  >> "User-Agent: Apache-HttpClient/4.5.2 (Java/1.8.0_202)[\r][\n]"
2021-12-20_15:54:33.373 [main] DEBUG org.apache.http.wire -  >> "Accept-Encoding: gzip,deflate[\r][\n]"
2021-12-20_15:54:33.374 [main] DEBUG org.apache.http.wire -  >> "[\r][\n]"
2021-12-20_15:54:33.374 [main] DEBUG org.apache.http.headers - >> POST /card/profile/V1/admin/status/update HTTP/1.1
2021-12-20_15:54:33.374 [main] DEBUG org.apache.http.headers - >> Accept: */*
2021-12-20_15:54:33.374 [main] DEBUG org.apache.http.headers - >> userName: A0aCcnPzDANtKmvSLPKcaw==
2021-12-20_15:54:33.374 [main] DEBUG org.apache.http.headers - >> token: 31ce95b40a8a45a5a1b3ec5fc9247f4e
2021-12-20_15:54:33.375 [main] DEBUG org.apache.http.headers - >> Content-Type: application/json; charset=UTF-8
2021-12-20_15:54:33.375 [main] DEBUG org.apache.http.headers - >> Content-Length: 113
2021-12-20_15:54:33.375 [main] DEBUG org.apache.http.headers - >> Host: apitest.pineperks.in
2021-12-20_15:54:33.376 [main] DEBUG org.apache.http.headers - >> Connection: Keep-Alive
2021-12-20_15:54:33.376 [main] DEBUG org.apache.http.headers - >> User-Agent: Apache-HttpClient/4.5.2 (Java/1.8.0_202)
2021-12-20_15:54:33.376 [main] DEBUG org.apache.http.headers - >> Accept-Encoding: gzip,deflate
2021-12-20_15:54:33.376 [main] DEBUG org.apache.http.wire -  >> "{"remarks":"Test","cardStatusUpdateRequestList":[{"reason":"1","referenceNumber":"6539518357","cardStatus":"3"}]}"
2021-12-20_15:54:33.410 [main] DEBUG org.apache.http.wire -  << "HTTP/1.1 200 [\r][\n]"
2021-12-20_15:54:33.411 [main] DEBUG org.apache.http.wire -  << "Access-Control-Allow-Methods: GET, POST[\r][\n]"
2021-12-20_15:54:33.411 [main] DEBUG org.apache.http.wire -  << "Access-Control-Allow-Origin: *[\r][\n]"
2021-12-20_15:54:33.411 [main] DEBUG org.apache.http.wire -  << "Content-Security-Policy: default-src 'none'[\r][\n]"
2021-12-20_15:54:33.411 [main] DEBUG org.apache.http.wire -  << "Feature-Policy: 'none'[\r][\n]"
2021-12-20_15:54:33.411 [main] DEBUG org.apache.http.wire -  << "Referrer-Policy: no-referrer[\r][\n]"
2021-12-20_15:54:33.411 [main] DEBUG org.apache.http.wire -  << "Strict-Transport-Security: max-age=31536000 ; includeSubDomains[\r][\n]"
2021-12-20_15:54:33.411 [main] DEBUG org.apache.http.wire -  << "Date: Mon, 20 Dec 2021 10:24:32 GMT[\r][\n]"
2021-12-20_15:54:33.411 [main] DEBUG org.apache.http.wire -  << "Keep-Alive: timeout=60[\r][\n]"
2021-12-20_15:54:33.411 [main] DEBUG org.apache.http.wire -  << "Content-Type: application/json[\r][\n]"
2021-12-20_15:54:33.411 [main] DEBUG org.apache.http.wire -  << "Transfer-Encoding: chunked[\r][\n]"
2021-12-20_15:54:33.412 [main] DEBUG org.apache.http.wire -  << "Connection: keep-alive[\r][\n]"
2021-12-20_15:54:33.412 [main] DEBUG org.apache.http.wire -  << "[\r][\n]"
2021-12-20_15:54:33.412 [main] DEBUG o.a.h.i.conn.DefaultClientConnection - Receiving response: HTTP/1.1 200 
2021-12-20_15:54:33.412 [main] DEBUG org.apache.http.headers - << HTTP/1.1 200 
2021-12-20_15:54:33.412 [main] DEBUG org.apache.http.headers - << Access-Control-Allow-Methods: GET, POST
2021-12-20_15:54:33.412 [main] DEBUG org.apache.http.headers - << Access-Control-Allow-Origin: *
2021-12-20_15:54:33.412 [main] DEBUG org.apache.http.headers - << Content-Security-Policy: default-src 'none'
2021-12-20_15:54:33.412 [main] DEBUG org.apache.http.headers - << Feature-Policy: 'none'
2021-12-20_15:54:33.412 [main] DEBUG org.apache.http.headers - << Referrer-Policy: no-referrer
2021-12-20_15:54:33.412 [main] DEBUG org.apache.http.headers - << Strict-Transport-Security: max-age=31536000 ; includeSubDomains
2021-12-20_15:54:33.412 [main] DEBUG org.apache.http.headers - << Date: Mon, 20 Dec 2021 10:24:32 GMT
2021-12-20_15:54:33.412 [main] DEBUG org.apache.http.headers - << Keep-Alive: timeout=60
2021-12-20_15:54:33.412 [main] DEBUG org.apache.http.headers - << Content-Type: application/json
2021-12-20_15:54:33.412 [main] DEBUG org.apache.http.headers - << Transfer-Encoding: chunked
2021-12-20_15:54:33.412 [main] DEBUG org.apache.http.headers - << Connection: keep-alive
2021-12-20_15:54:33.413 [main] DEBUG o.a.h.impl.client.DefaultHttpClient - Connection can be kept alive for 60000 MILLISECONDS
2021-12-20_15:54:33.413 [main] DEBUG i.r.i.RequestSpecificationImpl$RestAssuredHttpBuilder - Parsing response as: application/json
2021-12-20_15:54:33.413 [main] DEBUG i.r.i.RequestSpecificationImpl$RestAssuredHttpBuilder - Parsed data to instance of: class org.apache.http.conn.EofSensorInputStream
2021-12-20_15:54:33.414 [main] INFO  com.qc.BaseAPI - Method :POST
2021-12-20_15:54:33.415 [main] INFO  com.qc.BaseAPI - URI :https://apitest.pineperks.in/card/profile/V1/admin/status/update
2021-12-20_15:54:33.416 [main] INFO  com.qc.BaseAPI - Headers :token=31ce95b40a8a45a5a1b3ec5fc9247f4e
userName=A0aCcnPzDANtKmvSLPKcaw==
Accept=*/*
Content-Type=application/json; charset=UTF-8
2021-12-20_15:54:33.416 [main] INFO  com.qc.BaseAPI - Body :{"remarks":"Test","cardStatusUpdateRequestList":[{"reason":"1","referenceNumber":"6539518357","cardStatus":"3"}]}
2021-12-20_15:54:33.416 [main] INFO  com.qc.BaseAPI - ********************RESPONSE********************
2021-12-20_15:54:33.416 [main] DEBUG org.apache.http.wire -  << "72[\r][\n]"
2021-12-20_15:54:33.416 [main] DEBUG org.apache.http.wire -  << "{"cardStatusUpdateResponseList":null,"remarks":null,"responseCode":322,"responseMessage":"Order is under process"}"
2021-12-20_15:54:33.416 [main] DEBUG org.apache.http.wire -  << "[\r][\n]"
2021-12-20_15:54:33.417 [main] DEBUG org.apache.http.wire -  << "0[\r][\n]"
2021-12-20_15:54:33.417 [main] DEBUG org.apache.http.wire -  << "[\r][\n]"
2021-12-20_15:54:33.417 [main] DEBUG o.a.h.i.c.BasicClientConnectionManager - Releasing connection org.apache.http.impl.conn.ManagedClientConnectionImpl@535e7f9e
2021-12-20_15:54:33.417 [main] DEBUG o.a.h.i.c.BasicClientConnectionManager - Connection can be kept alive for 60000 MILLISECONDS
2021-12-20_15:54:33.418 [main] INFO  com.qc.BaseAPI - Response :{
    "cardStatusUpdateResponseList": null,
    "remarks": null,
    "responseCode": 322,
    "responseMessage": "Order is under process"
}
2021-12-20_15:54:33.418 [main] INFO  com.qc.BaseAPI -  **** POST call Response time 176 ms
2021-12-20_15:54:33.418 [main] INFO  pl.rest.service.CardUpdate - Time Taken to perform https://apitest.pineperks.in/card/profile/V1/admin/status/update transaction: 176
2021-12-20_15:54:33.441 [main] INFO  pl.rest.CustomHooks - SCENARIO NAME: Updating the card status from active to active
2021-12-20_15:54:33.441 [main] INFO  pl.rest.CustomHooks - TAG NAMEs: [@Regression]
2021-12-20_15:54:33.679 [main] INFO  pl.rest.service.Authorize - Authorize Rest API URL :- https://apitest.pineperks.in/auth/V1/generate/token
2021-12-20_15:54:33.680 [main] INFO  com.qc.BaseAPI - GET call to URL https://apitest.pineperks.in/auth/V1/generate/token
2021-12-20_15:54:33.681 [main] INFO  com.qc.BaseAPI - ********************REQUEST********************
2021-12-20_15:54:33.687 [main] DEBUG o.a.h.i.c.BasicClientConnectionManager - Get connection for route {s}->https://apitest.pineperks.in:443
2021-12-20_15:54:33.688 [main] DEBUG o.a.h.i.c.DefaultClientConnectionOperator - Connecting to apitest.pineperks.in:443
2021-12-20_15:54:33.804 [main] DEBUG o.a.h.c.protocol.RequestAddCookies - CookieSpec selected: ignoreCookies
2021-12-20_15:54:33.805 [main] DEBUG o.a.h.c.protocol.RequestAuthCache - Auth cache not set in the context
2021-12-20_15:54:33.805 [main] DEBUG o.a.h.c.p.RequestTargetAuthentication - Target auth state: UNCHALLENGED
2021-12-20_15:54:33.805 [main] DEBUG o.a.h.c.p.RequestProxyAuthentication - Proxy auth state: UNCHALLENGED
2021-12-20_15:54:33.805 [main] DEBUG o.a.h.impl.client.DefaultHttpClient - Attempt 1 to execute request
2021-12-20_15:54:33.805 [main] DEBUG o.a.h.i.conn.DefaultClientConnection - Sending request: GET /auth/V1/generate/token HTTP/1.1
2021-12-20_15:54:33.806 [main] DEBUG org.apache.http.wire -  >> "GET /auth/V1/generate/token HTTP/1.1[\r][\n]"
2021-12-20_15:54:33.806 [main] DEBUG org.apache.http.wire -  >> "Content-Type: application/json; charset=UTF-8[\r][\n]"
2021-12-20_15:54:33.806 [main] DEBUG org.apache.http.wire -  >> "Accept: */*[\r][\n]"
2021-12-20_15:54:33.806 [main] DEBUG org.apache.http.wire -  >> "userName: A0aCcnPzDANtKmvSLPKcaw==[\r][\n]"
2021-12-20_15:54:33.806 [main] DEBUG org.apache.http.wire -  >> "Host: apitest.pineperks.in[\r][\n]"
2021-12-20_15:54:33.806 [main] DEBUG org.apache.http.wire -  >> "Connection: Keep-Alive[\r][\n]"
2021-12-20_15:54:33.806 [main] DEBUG org.apache.http.wire -  >> "User-Agent: Apache-HttpClient/4.5.2 (Java/1.8.0_202)[\r][\n]"
2021-12-20_15:54:33.806 [main] DEBUG org.apache.http.wire -  >> "Accept-Encoding: gzip,deflate[\r][\n]"
2021-12-20_15:54:33.807 [main] DEBUG org.apache.http.wire -  >> "[\r][\n]"
2021-12-20_15:54:33.807 [main] DEBUG org.apache.http.headers - >> GET /auth/V1/generate/token HTTP/1.1
2021-12-20_15:54:33.807 [main] DEBUG org.apache.http.headers - >> Content-Type: application/json; charset=UTF-8
2021-12-20_15:54:33.807 [main] DEBUG org.apache.http.headers - >> Accept: */*
2021-12-20_15:54:33.807 [main] DEBUG org.apache.http.headers - >> userName: A0aCcnPzDANtKmvSLPKcaw==
2021-12-20_15:54:33.807 [main] DEBUG org.apache.http.headers - >> Host: apitest.pineperks.in
2021-12-20_15:54:33.807 [main] DEBUG org.apache.http.headers - >> Connection: Keep-Alive
2021-12-20_15:54:33.807 [main] DEBUG org.apache.http.headers - >> User-Agent: Apache-HttpClient/4.5.2 (Java/1.8.0_202)
2021-12-20_15:54:33.807 [main] DEBUG org.apache.http.headers - >> Accept-Encoding: gzip,deflate
2021-12-20_15:54:33.832 [main] DEBUG org.apache.http.wire -  << "HTTP/1.1 200 [\r][\n]"
2021-12-20_15:54:33.832 [main] DEBUG org.apache.http.wire -  << "Access-Control-Allow-Methods: GET, POST[\r][\n]"
2021-12-20_15:54:33.832 [main] DEBUG org.apache.http.wire -  << "Access-Control-Allow-Origin: *[\r][\n]"
2021-12-20_15:54:33.832 [main] DEBUG org.apache.http.wire -  << "Content-Security-Policy: default-src 'none'[\r][\n]"
2021-12-20_15:54:33.833 [main] DEBUG org.apache.http.wire -  << "Feature-Policy: 'none'[\r][\n]"
2021-12-20_15:54:33.833 [main] DEBUG org.apache.http.wire -  << "Referrer-Policy: no-referrer[\r][\n]"
2021-12-20_15:54:33.833 [main] DEBUG org.apache.http.wire -  << "Strict-Transport-Security: max-age=31536000 ; includeSubDomains[\r][\n]"
2021-12-20_15:54:33.833 [main] DEBUG org.apache.http.wire -  << "Date: Mon, 20 Dec 2021 10:24:33 GMT[\r][\n]"
2021-12-20_15:54:33.833 [main] DEBUG org.apache.http.wire -  << "Keep-Alive: timeout=60[\r][\n]"
2021-12-20_15:54:33.833 [main] DEBUG org.apache.http.wire -  << "Content-Type: application/json[\r][\n]"
2021-12-20_15:54:33.833 [main] DEBUG org.apache.http.wire -  << "Transfer-Encoding: chunked[\r][\n]"
2021-12-20_15:54:33.833 [main] DEBUG org.apache.http.wire -  << "Connection: keep-alive[\r][\n]"
2021-12-20_15:54:33.833 [main] DEBUG org.apache.http.wire -  << "[\r][\n]"
2021-12-20_15:54:33.833 [main] DEBUG o.a.h.i.conn.DefaultClientConnection - Receiving response: HTTP/1.1 200 
2021-12-20_15:54:33.833 [main] DEBUG org.apache.http.headers - << HTTP/1.1 200 
2021-12-20_15:54:33.833 [main] DEBUG org.apache.http.headers - << Access-Control-Allow-Methods: GET, POST
2021-12-20_15:54:33.834 [main] DEBUG org.apache.http.headers - << Access-Control-Allow-Origin: *
2021-12-20_15:54:33.834 [main] DEBUG org.apache.http.headers - << Content-Security-Policy: default-src 'none'
2021-12-20_15:54:33.834 [main] DEBUG org.apache.http.headers - << Feature-Policy: 'none'
2021-12-20_15:54:33.834 [main] DEBUG org.apache.http.headers - << Referrer-Policy: no-referrer
2021-12-20_15:54:33.834 [main] DEBUG org.apache.http.headers - << Strict-Transport-Security: max-age=31536000 ; includeSubDomains
2021-12-20_15:54:33.834 [main] DEBUG org.apache.http.headers - << Date: Mon, 20 Dec 2021 10:24:33 GMT
2021-12-20_15:54:33.834 [main] DEBUG org.apache.http.headers - << Keep-Alive: timeout=60
2021-12-20_15:54:33.834 [main] DEBUG org.apache.http.headers - << Content-Type: application/json
2021-12-20_15:54:33.834 [main] DEBUG org.apache.http.headers - << Transfer-Encoding: chunked
2021-12-20_15:54:33.834 [main] DEBUG org.apache.http.headers - << Connection: keep-alive
2021-12-20_15:54:33.834 [main] DEBUG o.a.h.impl.client.DefaultHttpClient - Connection can be kept alive for 60000 MILLISECONDS
2021-12-20_15:54:33.835 [main] DEBUG i.r.i.RequestSpecificationImpl$RestAssuredHttpBuilder - Parsing response as: application/json
2021-12-20_15:54:33.835 [main] DEBUG i.r.i.RequestSpecificationImpl$RestAssuredHttpBuilder - Parsed data to instance of: class org.apache.http.conn.EofSensorInputStream
2021-12-20_15:54:33.836 [main] INFO  com.qc.BaseAPI - Method :GET
2021-12-20_15:54:33.837 [main] INFO  com.qc.BaseAPI - URI :https://apitest.pineperks.in/auth/V1/generate/token
2021-12-20_15:54:33.837 [main] INFO  com.qc.BaseAPI - Headers :userName=A0aCcnPzDANtKmvSLPKcaw==
Accept=*/*
Content-Type=application/json; charset=UTF-8
2021-12-20_15:54:33.837 [main] INFO  com.qc.BaseAPI - Body :null
2021-12-20_15:54:33.838 [main] INFO  com.qc.BaseAPI - ********************RESPONSE********************
2021-12-20_15:54:33.838 [main] DEBUG org.apache.http.wire -  << "7f[\r][\n]"
2021-12-20_15:54:33.838 [main] DEBUG org.apache.http.wire -  << "{"accessToken":"69134eeca9984c6b8873e2e31af3f4c8","tokenExpiryTime":"21-Dec-2021","responseCode":0,"responseMessage":"Success"}"
2021-12-20_15:54:33.838 [main] DEBUG org.apache.http.wire -  << "[\r][\n]"
2021-12-20_15:54:33.838 [main] DEBUG org.apache.http.wire -  << "0[\r][\n]"
2021-12-20_15:54:33.839 [main] DEBUG org.apache.http.wire -  << "[\r][\n]"
2021-12-20_15:54:33.839 [main] DEBUG o.a.h.i.c.BasicClientConnectionManager - Releasing connection org.apache.http.impl.conn.ManagedClientConnectionImpl@6c70a290
2021-12-20_15:54:33.839 [main] DEBUG o.a.h.i.c.BasicClientConnectionManager - Connection can be kept alive for 60000 MILLISECONDS
2021-12-20_15:54:33.840 [main] INFO  com.qc.BaseAPI - Response :{
    "accessToken": "69134eeca9984c6b8873e2e31af3f4c8",
    "tokenExpiryTime": "21-Dec-2021",
    "responseCode": 0,
    "responseMessage": "Success"
}
2021-12-20_15:54:33.840 [main] INFO  com.qc.BaseAPI -  **** GET call Response time 153 ms
2021-12-20_15:54:33.840 [main] INFO  pl.rest.service.Authorize - Time Taken to perform https://apitest.pineperks.in/auth/V1/generate/token transaction: 153
2021-12-20_15:54:33.850 [main] INFO  com.qc.qa.utils.TestDataReader - Reading Json data authorizeHeaders
2021-12-20_15:54:33.853 [main] INFO  com.qc.qa.utils.TestDataReader - Reading json data from file @ testData/api/devAPIData.json
2021-12-20_15:54:33.853 [main] INFO  pl.rest.service.CardUpdate - CardIssue Rest API URL :- https://apitest.pineperks.in/card/profile/V1/admin/status/update
2021-12-20_15:54:33.854 [main] INFO  com.qc.BaseAPI - POST call to URL https://apitest.pineperks.in/card/profile/V1/admin/status/update
2021-12-20_15:54:33.858 [main] INFO  com.qc.BaseAPI - ********************REQUEST********************
2021-12-20_15:54:33.902 [main] DEBUG o.a.h.i.c.BasicClientConnectionManager - Get connection for route {s}->https://apitest.pineperks.in:443
2021-12-20_15:54:33.903 [main] DEBUG o.a.h.i.c.DefaultClientConnectionOperator - Connecting to apitest.pineperks.in:443
2021-12-20_15:54:33.904 [Finalizer] DEBUG o.a.h.i.conn.DefaultClientConnection - Connection 0.0.0.0:63274<->14.143.120.84:443 closed
2021-12-20_15:54:33.906 [Finalizer] DEBUG o.a.h.i.conn.DefaultClientConnection - Connection 0.0.0.0:63277<->14.143.120.84:443 closed
2021-12-20_15:54:34.020 [main] DEBUG o.a.h.c.protocol.RequestAddCookies - CookieSpec selected: ignoreCookies
2021-12-20_15:54:34.020 [main] DEBUG o.a.h.c.protocol.RequestAuthCache - Auth cache not set in the context
2021-12-20_15:54:34.020 [main] DEBUG o.a.h.c.p.RequestTargetAuthentication - Target auth state: UNCHALLENGED
2021-12-20_15:54:34.020 [main] DEBUG o.a.h.c.p.RequestProxyAuthentication - Proxy auth state: UNCHALLENGED
2021-12-20_15:54:34.020 [main] DEBUG o.a.h.impl.client.DefaultHttpClient - Attempt 1 to execute request
2021-12-20_15:54:34.020 [main] DEBUG o.a.h.i.conn.DefaultClientConnection - Sending request: POST /card/profile/V1/admin/status/update HTTP/1.1
2021-12-20_15:54:34.020 [main] DEBUG org.apache.http.wire -  >> "POST /card/profile/V1/admin/status/update HTTP/1.1[\r][\n]"
2021-12-20_15:54:34.020 [main] DEBUG org.apache.http.wire -  >> "Accept: */*[\r][\n]"
2021-12-20_15:54:34.021 [main] DEBUG org.apache.http.wire -  >> "userName: A0aCcnPzDANtKmvSLPKcaw==[\r][\n]"
2021-12-20_15:54:34.021 [main] DEBUG org.apache.http.wire -  >> "token: 69134eeca9984c6b8873e2e31af3f4c8[\r][\n]"
2021-12-20_15:54:34.021 [main] DEBUG org.apache.http.wire -  >> "Content-Type: application/json; charset=UTF-8[\r][\n]"
2021-12-20_15:54:34.021 [main] DEBUG org.apache.http.wire -  >> "Content-Length: 113[\r][\n]"
2021-12-20_15:54:34.021 [main] DEBUG org.apache.http.wire -  >> "Host: apitest.pineperks.in[\r][\n]"
2021-12-20_15:54:34.021 [main] DEBUG org.apache.http.wire -  >> "Connection: Keep-Alive[\r][\n]"
2021-12-20_15:54:34.021 [main] DEBUG org.apache.http.wire -  >> "User-Agent: Apache-HttpClient/4.5.2 (Java/1.8.0_202)[\r][\n]"
2021-12-20_15:54:34.021 [main] DEBUG org.apache.http.wire -  >> "Accept-Encoding: gzip,deflate[\r][\n]"
2021-12-20_15:54:34.021 [main] DEBUG org.apache.http.wire -  >> "[\r][\n]"
2021-12-20_15:54:34.021 [main] DEBUG org.apache.http.headers - >> POST /card/profile/V1/admin/status/update HTTP/1.1
2021-12-20_15:54:34.021 [main] DEBUG org.apache.http.headers - >> Accept: */*
2021-12-20_15:54:34.021 [main] DEBUG org.apache.http.headers - >> userName: A0aCcnPzDANtKmvSLPKcaw==
2021-12-20_15:54:34.021 [main] DEBUG org.apache.http.headers - >> token: 69134eeca9984c6b8873e2e31af3f4c8
2021-12-20_15:54:34.021 [main] DEBUG org.apache.http.headers - >> Content-Type: application/json; charset=UTF-8
2021-12-20_15:54:34.021 [main] DEBUG org.apache.http.headers - >> Content-Length: 113
2021-12-20_15:54:34.021 [main] DEBUG org.apache.http.headers - >> Host: apitest.pineperks.in
2021-12-20_15:54:34.021 [main] DEBUG org.apache.http.headers - >> Connection: Keep-Alive
2021-12-20_15:54:34.021 [main] DEBUG org.apache.http.headers - >> User-Agent: Apache-HttpClient/4.5.2 (Java/1.8.0_202)
2021-12-20_15:54:34.021 [main] DEBUG org.apache.http.headers - >> Accept-Encoding: gzip,deflate
2021-12-20_15:54:34.021 [main] DEBUG org.apache.http.wire -  >> "{"remarks":"Test","cardStatusUpdateRequestList":[{"reason":"1","referenceNumber":"6539518357","cardStatus":"1"}]}"
2021-12-20_15:54:34.044 [main] DEBUG org.apache.http.wire -  << "HTTP/1.1 200 [\r][\n]"
2021-12-20_15:54:34.044 [main] DEBUG org.apache.http.wire -  << "Access-Control-Allow-Methods: GET, POST[\r][\n]"
2021-12-20_15:54:34.044 [main] DEBUG org.apache.http.wire -  << "Access-Control-Allow-Origin: *[\r][\n]"
2021-12-20_15:54:34.044 [main] DEBUG org.apache.http.wire -  << "Content-Security-Policy: default-src 'none'[\r][\n]"
2021-12-20_15:54:34.044 [main] DEBUG org.apache.http.wire -  << "Feature-Policy: 'none'[\r][\n]"
2021-12-20_15:54:34.044 [main] DEBUG org.apache.http.wire -  << "Referrer-Policy: no-referrer[\r][\n]"
2021-12-20_15:54:34.044 [main] DEBUG org.apache.http.wire -  << "Strict-Transport-Security: max-age=31536000 ; includeSubDomains[\r][\n]"
2021-12-20_15:54:34.044 [main] DEBUG org.apache.http.wire -  << "Date: Mon, 20 Dec 2021 10:24:33 GMT[\r][\n]"
2021-12-20_15:54:34.044 [main] DEBUG org.apache.http.wire -  << "Keep-Alive: timeout=60[\r][\n]"
2021-12-20_15:54:34.044 [main] DEBUG org.apache.http.wire -  << "Content-Type: application/json[\r][\n]"
2021-12-20_15:54:34.045 [main] DEBUG org.apache.http.wire -  << "Transfer-Encoding: chunked[\r][\n]"
2021-12-20_15:54:34.045 [main] DEBUG org.apache.http.wire -  << "Connection: keep-alive[\r][\n]"
2021-12-20_15:54:34.045 [main] DEBUG org.apache.http.wire -  << "[\r][\n]"
2021-12-20_15:54:34.045 [main] DEBUG o.a.h.i.conn.DefaultClientConnection - Receiving response: HTTP/1.1 200 
2021-12-20_15:54:34.045 [main] DEBUG org.apache.http.headers - << HTTP/1.1 200 
2021-12-20_15:54:34.045 [main] DEBUG org.apache.http.headers - << Access-Control-Allow-Methods: GET, POST
2021-12-20_15:54:34.045 [main] DEBUG org.apache.http.headers - << Access-Control-Allow-Origin: *
2021-12-20_15:54:34.045 [main] DEBUG org.apache.http.headers - << Content-Security-Policy: default-src 'none'
2021-12-20_15:54:34.045 [main] DEBUG org.apache.http.headers - << Feature-Policy: 'none'
2021-12-20_15:54:34.045 [main] DEBUG org.apache.http.headers - << Referrer-Policy: no-referrer
2021-12-20_15:54:34.045 [main] DEBUG org.apache.http.headers - << Strict-Transport-Security: max-age=31536000 ; includeSubDomains
2021-12-20_15:54:34.045 [main] DEBUG org.apache.http.headers - << Date: Mon, 20 Dec 2021 10:24:33 GMT
2021-12-20_15:54:34.045 [main] DEBUG org.apache.http.headers - << Keep-Alive: timeout=60
2021-12-20_15:54:34.045 [main] DEBUG org.apache.http.headers - << Content-Type: application/json
2021-12-20_15:54:34.045 [main] DEBUG org.apache.http.headers - << Transfer-Encoding: chunked
2021-12-20_15:54:34.045 [main] DEBUG org.apache.http.headers - << Connection: keep-alive
2021-12-20_15:54:34.046 [main] DEBUG o.a.h.impl.client.DefaultHttpClient - Connection can be kept alive for 60000 MILLISECONDS
2021-12-20_15:54:34.047 [main] DEBUG i.r.i.RequestSpecificationImpl$RestAssuredHttpBuilder - Parsing response as: application/json
2021-12-20_15:54:34.047 [main] DEBUG i.r.i.RequestSpecificationImpl$RestAssuredHttpBuilder - Parsed data to instance of: class org.apache.http.conn.EofSensorInputStream
2021-12-20_15:54:34.048 [main] INFO  com.qc.BaseAPI - Method :POST
2021-12-20_15:54:34.049 [main] INFO  com.qc.BaseAPI - URI :https://apitest.pineperks.in/card/profile/V1/admin/status/update
2021-12-20_15:54:34.049 [main] INFO  com.qc.BaseAPI - Headers :token=69134eeca9984c6b8873e2e31af3f4c8
userName=A0aCcnPzDANtKmvSLPKcaw==
Accept=*/*
Content-Type=application/json; charset=UTF-8
2021-12-20_15:54:34.049 [main] INFO  com.qc.BaseAPI - Body :{"remarks":"Test","cardStatusUpdateRequestList":[{"reason":"1","referenceNumber":"6539518357","cardStatus":"1"}]}
2021-12-20_15:54:34.049 [main] INFO  com.qc.BaseAPI - ********************RESPONSE********************
2021-12-20_15:54:34.050 [main] DEBUG org.apache.http.wire -  << "72[\r][\n]"
2021-12-20_15:54:34.050 [main] DEBUG org.apache.http.wire -  << "{"cardStatusUpdateResponseList":null,"remarks":null,"responseCode":322,"responseMessage":"Order is under process"}"
2021-12-20_15:54:34.050 [main] DEBUG org.apache.http.wire -  << "[\r][\n]"
2021-12-20_15:54:34.050 [main] DEBUG org.apache.http.wire -  << "0[\r][\n]"
2021-12-20_15:54:34.050 [main] DEBUG org.apache.http.wire -  << "[\r][\n]"
2021-12-20_15:54:34.050 [main] DEBUG o.a.h.i.c.BasicClientConnectionManager - Releasing connection org.apache.http.impl.conn.ManagedClientConnectionImpl@9cd7f0c
2021-12-20_15:54:34.050 [main] DEBUG o.a.h.i.c.BasicClientConnectionManager - Connection can be kept alive for 60000 MILLISECONDS
2021-12-20_15:54:34.051 [main] INFO  com.qc.BaseAPI - Response :{
    "cardStatusUpdateResponseList": null,
    "remarks": null,
    "responseCode": 322,
    "responseMessage": "Order is under process"
}
2021-12-20_15:54:34.051 [main] INFO  com.qc.BaseAPI -  **** POST call Response time 189 ms
2021-12-20_15:54:34.052 [main] INFO  pl.rest.service.CardUpdate - Time Taken to perform https://apitest.pineperks.in/card/profile/V1/admin/status/update transaction: 189
2021-12-20_15:54:34.058 [main] INFO  com.qc.qa.utils.TestDataReader - Reading Json data authorizeHeaders
2021-12-20_15:54:34.062 [main] INFO  com.qc.qa.utils.TestDataReader - Reading json data from file @ testData/api/devAPIData.json
2021-12-20_15:54:34.063 [main] INFO  pl.rest.service.CardUpdate - CardIssue Rest API URL :- https://apitest.pineperks.in/card/profile/V1/admin/status/update
2021-12-20_15:54:34.063 [main] INFO  com.qc.BaseAPI - POST call to URL https://apitest.pineperks.in/card/profile/V1/admin/status/update
2021-12-20_15:54:34.068 [main] INFO  com.qc.BaseAPI - ********************REQUEST********************
2021-12-20_15:54:34.080 [main] DEBUG o.a.h.i.c.BasicClientConnectionManager - Get connection for route {s}->https://apitest.pineperks.in:443
2021-12-20_15:54:34.081 [main] DEBUG o.a.h.i.c.DefaultClientConnectionOperator - Connecting to apitest.pineperks.in:443
2021-12-20_15:54:34.195 [main] DEBUG o.a.h.c.protocol.RequestAddCookies - CookieSpec selected: ignoreCookies
2021-12-20_15:54:34.196 [main] DEBUG o.a.h.c.protocol.RequestAuthCache - Auth cache not set in the context
2021-12-20_15:54:34.196 [main] DEBUG o.a.h.c.p.RequestTargetAuthentication - Target auth state: UNCHALLENGED
2021-12-20_15:54:34.196 [main] DEBUG o.a.h.c.p.RequestProxyAuthentication - Proxy auth state: UNCHALLENGED
2021-12-20_15:54:34.196 [main] DEBUG o.a.h.impl.client.DefaultHttpClient - Attempt 1 to execute request
2021-12-20_15:54:34.196 [main] DEBUG o.a.h.i.conn.DefaultClientConnection - Sending request: POST /card/profile/V1/admin/status/update HTTP/1.1
2021-12-20_15:54:34.196 [main] DEBUG org.apache.http.wire -  >> "POST /card/profile/V1/admin/status/update HTTP/1.1[\r][\n]"
2021-12-20_15:54:34.196 [main] DEBUG org.apache.http.wire -  >> "Accept: */*[\r][\n]"
2021-12-20_15:54:34.196 [main] DEBUG org.apache.http.wire -  >> "userName: A0aCcnPzDANtKmvSLPKcaw==[\r][\n]"
2021-12-20_15:54:34.196 [main] DEBUG org.apache.http.wire -  >> "token: 69134eeca9984c6b8873e2e31af3f4c8[\r][\n]"
2021-12-20_15:54:34.196 [main] DEBUG org.apache.http.wire -  >> "Content-Type: application/json; charset=UTF-8[\r][\n]"
2021-12-20_15:54:34.196 [main] DEBUG org.apache.http.wire -  >> "Content-Length: 113[\r][\n]"
2021-12-20_15:54:34.196 [main] DEBUG org.apache.http.wire -  >> "Host: apitest.pineperks.in[\r][\n]"
2021-12-20_15:54:34.197 [main] DEBUG org.apache.http.wire -  >> "Connection: Keep-Alive[\r][\n]"
2021-12-20_15:54:34.197 [main] DEBUG org.apache.http.wire -  >> "User-Agent: Apache-HttpClient/4.5.2 (Java/1.8.0_202)[\r][\n]"
2021-12-20_15:54:34.197 [main] DEBUG org.apache.http.wire -  >> "Accept-Encoding: gzip,deflate[\r][\n]"
2021-12-20_15:54:34.197 [main] DEBUG org.apache.http.wire -  >> "[\r][\n]"
2021-12-20_15:54:34.197 [main] DEBUG org.apache.http.headers - >> POST /card/profile/V1/admin/status/update HTTP/1.1
2021-12-20_15:54:34.197 [main] DEBUG org.apache.http.headers - >> Accept: */*
2021-12-20_15:54:34.197 [main] DEBUG org.apache.http.headers - >> userName: A0aCcnPzDANtKmvSLPKcaw==
2021-12-20_15:54:34.197 [main] DEBUG org.apache.http.headers - >> token: 69134eeca9984c6b8873e2e31af3f4c8
2021-12-20_15:54:34.197 [main] DEBUG org.apache.http.headers - >> Content-Type: application/json; charset=UTF-8
2021-12-20_15:54:34.197 [main] DEBUG org.apache.http.headers - >> Content-Length: 113
2021-12-20_15:54:34.197 [main] DEBUG org.apache.http.headers - >> Host: apitest.pineperks.in
2021-12-20_15:54:34.197 [main] DEBUG org.apache.http.headers - >> Connection: Keep-Alive
2021-12-20_15:54:34.197 [main] DEBUG org.apache.http.headers - >> User-Agent: Apache-HttpClient/4.5.2 (Java/1.8.0_202)
2021-12-20_15:54:34.197 [main] DEBUG org.apache.http.headers - >> Accept-Encoding: gzip,deflate
2021-12-20_15:54:34.197 [main] DEBUG org.apache.http.wire -  >> "{"remarks":"Test","cardStatusUpdateRequestList":[{"reason":"1","referenceNumber":"6539518357","cardStatus":"1"}]}"
2021-12-20_15:54:34.222 [main] DEBUG org.apache.http.wire -  << "HTTP/1.1 200 [\r][\n]"
2021-12-20_15:54:34.223 [main] DEBUG org.apache.http.wire -  << "Access-Control-Allow-Methods: GET, POST[\r][\n]"
2021-12-20_15:54:34.223 [main] DEBUG org.apache.http.wire -  << "Access-Control-Allow-Origin: *[\r][\n]"
2021-12-20_15:54:34.223 [main] DEBUG org.apache.http.wire -  << "Content-Security-Policy: default-src 'none'[\r][\n]"
2021-12-20_15:54:34.223 [main] DEBUG org.apache.http.wire -  << "Feature-Policy: 'none'[\r][\n]"
2021-12-20_15:54:34.223 [main] DEBUG org.apache.http.wire -  << "Referrer-Policy: no-referrer[\r][\n]"
2021-12-20_15:54:34.223 [main] DEBUG org.apache.http.wire -  << "Strict-Transport-Security: max-age=31536000 ; includeSubDomains[\r][\n]"
2021-12-20_15:54:34.223 [main] DEBUG org.apache.http.wire -  << "Date: Mon, 20 Dec 2021 10:24:33 GMT[\r][\n]"
2021-12-20_15:54:34.223 [main] DEBUG org.apache.http.wire -  << "Keep-Alive: timeout=60[\r][\n]"
2021-12-20_15:54:34.223 [main] DEBUG org.apache.http.wire -  << "Content-Type: application/json[\r][\n]"
2021-12-20_15:54:34.223 [main] DEBUG org.apache.http.wire -  << "Transfer-Encoding: chunked[\r][\n]"
2021-12-20_15:54:34.223 [main] DEBUG org.apache.http.wire -  << "Connection: keep-alive[\r][\n]"
2021-12-20_15:54:34.224 [main] DEBUG org.apache.http.wire -  << "[\r][\n]"
2021-12-20_15:54:34.224 [main] DEBUG o.a.h.i.conn.DefaultClientConnection - Receiving response: HTTP/1.1 200 
2021-12-20_15:54:34.224 [main] DEBUG org.apache.http.headers - << HTTP/1.1 200 
2021-12-20_15:54:34.224 [main] DEBUG org.apache.http.headers - << Access-Control-Allow-Methods: GET, POST
2021-12-20_15:54:34.224 [main] DEBUG org.apache.http.headers - << Access-Control-Allow-Origin: *
2021-12-20_15:54:34.225 [main] DEBUG org.apache.http.headers - << Content-Security-Policy: default-src 'none'
2021-12-20_15:54:34.225 [main] DEBUG org.apache.http.headers - << Feature-Policy: 'none'
2021-12-20_15:54:34.225 [main] DEBUG org.apache.http.headers - << Referrer-Policy: no-referrer
2021-12-20_15:54:34.225 [main] DEBUG org.apache.http.headers - << Strict-Transport-Security: max-age=31536000 ; includeSubDomains
2021-12-20_15:54:34.225 [main] DEBUG org.apache.http.headers - << Date: Mon, 20 Dec 2021 10:24:33 GMT
2021-12-20_15:54:34.225 [main] DEBUG org.apache.http.headers - << Keep-Alive: timeout=60
2021-12-20_15:54:34.225 [main] DEBUG org.apache.http.headers - << Content-Type: application/json
2021-12-20_15:54:34.225 [main] DEBUG org.apache.http.headers - << Transfer-Encoding: chunked
2021-12-20_15:54:34.225 [main] DEBUG org.apache.http.headers - << Connection: keep-alive
2021-12-20_15:54:34.225 [main] DEBUG o.a.h.impl.client.DefaultHttpClient - Connection can be kept alive for 60000 MILLISECONDS
2021-12-20_15:54:34.226 [main] DEBUG i.r.i.RequestSpecificationImpl$RestAssuredHttpBuilder - Parsing response as: application/json
2021-12-20_15:54:34.226 [main] DEBUG i.r.i.RequestSpecificationImpl$RestAssuredHttpBuilder - Parsed data to instance of: class org.apache.http.conn.EofSensorInputStream
2021-12-20_15:54:34.226 [main] INFO  com.qc.BaseAPI - Method :POST
2021-12-20_15:54:34.227 [main] INFO  com.qc.BaseAPI - URI :https://apitest.pineperks.in/card/profile/V1/admin/status/update
2021-12-20_15:54:34.228 [main] INFO  com.qc.BaseAPI - Headers :token=69134eeca9984c6b8873e2e31af3f4c8
userName=A0aCcnPzDANtKmvSLPKcaw==
Accept=*/*
Content-Type=application/json; charset=UTF-8
2021-12-20_15:54:34.228 [main] INFO  com.qc.BaseAPI - Body :{"remarks":"Test","cardStatusUpdateRequestList":[{"reason":"1","referenceNumber":"6539518357","cardStatus":"1"}]}
2021-12-20_15:54:34.228 [main] INFO  com.qc.BaseAPI - ********************RESPONSE********************
2021-12-20_15:54:34.228 [main] DEBUG org.apache.http.wire -  << "72[\r][\n]"
2021-12-20_15:54:34.228 [main] DEBUG org.apache.http.wire -  << "{"cardStatusUpdateResponseList":null,"remarks":null,"responseCode":322,"responseMessage":"Order is under process"}"
2021-12-20_15:54:34.228 [main] DEBUG org.apache.http.wire -  << "[\r][\n]"
2021-12-20_15:54:34.228 [main] DEBUG org.apache.http.wire -  << "0[\r][\n]"
2021-12-20_15:54:34.228 [main] DEBUG org.apache.http.wire -  << "[\r][\n]"
2021-12-20_15:54:34.229 [main] DEBUG o.a.h.i.c.BasicClientConnectionManager - Releasing connection org.apache.http.impl.conn.ManagedClientConnectionImpl@2a289408
2021-12-20_15:54:34.229 [main] DEBUG o.a.h.i.c.BasicClientConnectionManager - Connection can be kept alive for 60000 MILLISECONDS
2021-12-20_15:54:34.229 [main] INFO  com.qc.BaseAPI - Response :{
    "cardStatusUpdateResponseList": null,
    "remarks": null,
    "responseCode": 322,
    "responseMessage": "Order is under process"
}
2021-12-20_15:54:34.230 [main] INFO  com.qc.BaseAPI -  **** POST call Response time 156 ms
2021-12-20_15:54:34.230 [main] INFO  pl.rest.service.CardUpdate - Time Taken to perform https://apitest.pineperks.in/card/profile/V1/admin/status/update transaction: 156
