2022-02-03_20:15:45.465 [main] INFO  pl.rest.CustomHooks - SCENARIO NAME: Validating the response of the card card detail API with the database
2022-02-03_20:15:45.468 [main] INFO  pl.rest.CustomHooks - TAG NAMEs: [@Regression, @DB]
2022-02-03_20:15:45.472 [main] INFO  pl.rest.CustomHooks - SCENARIO NAME: Validating the response of the card card detail API with the database
2022-02-03_20:15:45.473 [main] INFO  pl.rest.CustomHooks - TAG NAMEs: [@Regression, @DB]
2022-02-03_20:15:45.543 [main] INFO  pl.rest.CustomHooks - Index: 0, Size: 0
2022-02-03_20:15:46.804 [main] INFO  com.qc.qa.utils.TestDataReader - Reading API Test Data config values from  testData/api/devAPITestData.properties
2022-02-03_20:15:46.821 [main] INFO  pl.rest.service.Authorize - Authorize Rest API URL :- https://apitest.pineperks.in/auth/V1/generate/token
2022-02-03_20:15:46.822 [main] INFO  com.qc.BaseAPI - GET call to URL https://apitest.pineperks.in/auth/V1/generate/token
2022-02-03_20:15:47.086 [main] INFO  com.qc.BaseAPI - ********************REQUEST********************
2022-02-03_20:15:48.838 [main] DEBUG o.a.h.i.c.BasicClientConnectionManager - Get connection for route {s}->https://apitest.pineperks.in:443
2022-02-03_20:15:48.887 [main] DEBUG o.a.h.i.c.DefaultClientConnectionOperator - Connecting to apitest.pineperks.in:443
2022-02-03_20:15:49.067 [main] DEBUG o.a.h.c.protocol.RequestAddCookies - CookieSpec selected: ignoreCookies
2022-02-03_20:15:49.068 [main] DEBUG o.a.h.c.protocol.RequestAuthCache - Auth cache not set in the context
2022-02-03_20:15:49.069 [main] DEBUG o.a.h.c.p.RequestTargetAuthentication - Target auth state: UNCHALLENGED
2022-02-03_20:15:49.069 [main] DEBUG o.a.h.c.p.RequestProxyAuthentication - Proxy auth state: UNCHALLENGED
2022-02-03_20:15:49.069 [main] DEBUG o.a.h.impl.client.DefaultHttpClient - Attempt 1 to execute request
2022-02-03_20:15:49.070 [main] DEBUG o.a.h.i.conn.DefaultClientConnection - Sending request: GET /auth/V1/generate/token HTTP/1.1
2022-02-03_20:15:49.070 [main] DEBUG org.apache.http.wire -  >> "GET /auth/V1/generate/token HTTP/1.1[\r][\n]"
2022-02-03_20:15:49.071 [main] DEBUG org.apache.http.wire -  >> "Content-Type: application/json; charset=UTF-8[\r][\n]"
2022-02-03_20:15:49.071 [main] DEBUG org.apache.http.wire -  >> "Accept: */*[\r][\n]"
2022-02-03_20:15:49.071 [main] DEBUG org.apache.http.wire -  >> "userName: A0aCcnPzDANtKmvSLPKcaw==[\r][\n]"
2022-02-03_20:15:49.071 [main] DEBUG org.apache.http.wire -  >> "Host: apitest.pineperks.in[\r][\n]"
2022-02-03_20:15:49.071 [main] DEBUG org.apache.http.wire -  >> "Connection: Keep-Alive[\r][\n]"
2022-02-03_20:15:49.071 [main] DEBUG org.apache.http.wire -  >> "User-Agent: Apache-HttpClient/4.5.2 (Java/1.8.0_202)[\r][\n]"
2022-02-03_20:15:49.072 [main] DEBUG org.apache.http.wire -  >> "Accept-Encoding: gzip,deflate[\r][\n]"
2022-02-03_20:15:49.072 [main] DEBUG org.apache.http.wire -  >> "[\r][\n]"
2022-02-03_20:15:49.072 [main] DEBUG org.apache.http.headers - >> GET /auth/V1/generate/token HTTP/1.1
2022-02-03_20:15:49.072 [main] DEBUG org.apache.http.headers - >> Content-Type: application/json; charset=UTF-8
2022-02-03_20:15:49.072 [main] DEBUG org.apache.http.headers - >> Accept: */*
2022-02-03_20:15:49.072 [main] DEBUG org.apache.http.headers - >> userName: A0aCcnPzDANtKmvSLPKcaw==
2022-02-03_20:15:49.072 [main] DEBUG org.apache.http.headers - >> Host: apitest.pineperks.in
2022-02-03_20:15:49.072 [main] DEBUG org.apache.http.headers - >> Connection: Keep-Alive
2022-02-03_20:15:49.072 [main] DEBUG org.apache.http.headers - >> User-Agent: Apache-HttpClient/4.5.2 (Java/1.8.0_202)
2022-02-03_20:15:49.072 [main] DEBUG org.apache.http.headers - >> Accept-Encoding: gzip,deflate
2022-02-03_20:15:49.119 [main] DEBUG org.apache.http.wire -  << "HTTP/1.1 200 [\r][\n]"
2022-02-03_20:15:49.121 [main] DEBUG org.apache.http.wire -  << "Access-Control-Allow-Methods: GET, POST[\r][\n]"
2022-02-03_20:15:49.121 [main] DEBUG org.apache.http.wire -  << "Access-Control-Allow-Origin: *[\r][\n]"
2022-02-03_20:15:49.121 [main] DEBUG org.apache.http.wire -  << "Content-Security-Policy: default-src 'none'[\r][\n]"
2022-02-03_20:15:49.121 [main] DEBUG org.apache.http.wire -  << "Feature-Policy: 'none'[\r][\n]"
2022-02-03_20:15:49.121 [main] DEBUG org.apache.http.wire -  << "Referrer-Policy: no-referrer[\r][\n]"
2022-02-03_20:15:49.122 [main] DEBUG org.apache.http.wire -  << "Strict-Transport-Security: max-age=31536000 ; includeSubDomains[\r][\n]"
2022-02-03_20:15:49.122 [main] DEBUG org.apache.http.wire -  << "Date: Thu, 03 Feb 2022 14:45:49 GMT[\r][\n]"
2022-02-03_20:15:49.122 [main] DEBUG org.apache.http.wire -  << "Keep-Alive: timeout=60[\r][\n]"
2022-02-03_20:15:49.122 [main] DEBUG org.apache.http.wire -  << "Content-Type: application/json[\r][\n]"
2022-02-03_20:15:49.122 [main] DEBUG org.apache.http.wire -  << "Transfer-Encoding: chunked[\r][\n]"
2022-02-03_20:15:49.122 [main] DEBUG org.apache.http.wire -  << "Connection: keep-alive[\r][\n]"
2022-02-03_20:15:49.122 [main] DEBUG org.apache.http.wire -  << "[\r][\n]"
2022-02-03_20:15:49.123 [main] DEBUG o.a.h.i.conn.DefaultClientConnection - Receiving response: HTTP/1.1 200 
2022-02-03_20:15:49.123 [main] DEBUG org.apache.http.headers - << HTTP/1.1 200 
2022-02-03_20:15:49.123 [main] DEBUG org.apache.http.headers - << Access-Control-Allow-Methods: GET, POST
2022-02-03_20:15:49.123 [main] DEBUG org.apache.http.headers - << Access-Control-Allow-Origin: *
2022-02-03_20:15:49.123 [main] DEBUG org.apache.http.headers - << Content-Security-Policy: default-src 'none'
2022-02-03_20:15:49.123 [main] DEBUG org.apache.http.headers - << Feature-Policy: 'none'
2022-02-03_20:15:49.123 [main] DEBUG org.apache.http.headers - << Referrer-Policy: no-referrer
2022-02-03_20:15:49.123 [main] DEBUG org.apache.http.headers - << Strict-Transport-Security: max-age=31536000 ; includeSubDomains
2022-02-03_20:15:49.123 [main] DEBUG org.apache.http.headers - << Date: Thu, 03 Feb 2022 14:45:49 GMT
2022-02-03_20:15:49.123 [main] DEBUG org.apache.http.headers - << Keep-Alive: timeout=60
2022-02-03_20:15:49.123 [main] DEBUG org.apache.http.headers - << Content-Type: application/json
2022-02-03_20:15:49.123 [main] DEBUG org.apache.http.headers - << Transfer-Encoding: chunked
2022-02-03_20:15:49.123 [main] DEBUG org.apache.http.headers - << Connection: keep-alive
2022-02-03_20:15:49.127 [main] DEBUG o.a.h.impl.client.DefaultHttpClient - Connection can be kept alive for 60000 MILLISECONDS
2022-02-03_20:15:49.145 [main] DEBUG i.r.i.RequestSpecificationImpl$RestAssuredHttpBuilder - Parsing response as: application/json
2022-02-03_20:15:49.145 [main] DEBUG i.r.i.RequestSpecificationImpl$RestAssuredHttpBuilder - Parsed data to instance of: class org.apache.http.conn.EofSensorInputStream
2022-02-03_20:15:49.157 [main] INFO  com.qc.BaseAPI - Method :GET
2022-02-03_20:15:49.158 [main] INFO  com.qc.BaseAPI - URI :https://apitest.pineperks.in/auth/V1/generate/token
2022-02-03_20:15:49.158 [main] INFO  com.qc.BaseAPI - Headers :userName=A0aCcnPzDANtKmvSLPKcaw==
Accept=*/*
Content-Type=application/json; charset=UTF-8
2022-02-03_20:15:49.158 [main] INFO  com.qc.BaseAPI - Body :null
2022-02-03_20:15:49.158 [main] INFO  com.qc.BaseAPI - ********************RESPONSE********************
2022-02-03_20:15:49.168 [main] DEBUG org.apache.http.wire -  << "7f[\r][\n]"
2022-02-03_20:15:49.168 [main] DEBUG org.apache.http.wire -  << "{"accessToken":"a56825d3e919461e9249ee915a3dfe94","tokenExpiryTime":"03-Feb-2024","responseCode":0,"responseMessage":"Success"}"
2022-02-03_20:15:49.169 [main] DEBUG org.apache.http.wire -  << "[\r][\n]"
2022-02-03_20:15:49.169 [main] DEBUG org.apache.http.wire -  << "0[\r][\n]"
2022-02-03_20:15:49.169 [main] DEBUG org.apache.http.wire -  << "[\r][\n]"
2022-02-03_20:15:49.170 [main] DEBUG o.a.h.i.c.BasicClientConnectionManager - Releasing connection org.apache.http.impl.conn.ManagedClientConnectionImpl@70e1a8ab
2022-02-03_20:15:49.170 [main] DEBUG o.a.h.i.c.BasicClientConnectionManager - Connection can be kept alive for 60000 MILLISECONDS
2022-02-03_20:15:49.201 [main] INFO  com.qc.BaseAPI - Response :{
    "accessToken": "a56825d3e919461e9249ee915a3dfe94",
    "tokenExpiryTime": "03-Feb-2024",
    "responseCode": 0,
    "responseMessage": "Success"
}
2022-02-03_20:15:49.204 [main] INFO  com.qc.BaseAPI -  **** GET call Response time 2052 ms
2022-02-03_20:15:49.204 [main] INFO  pl.rest.service.Authorize - Time Taken to perform https://apitest.pineperks.in/auth/V1/generate/token transaction: 2052
2022-02-03_20:15:49.328 [main] INFO  com.qc.qa.utils.TestDataReader - Reading Json data authorizeHeaders
2022-02-03_20:15:49.333 [main] INFO  com.qc.qa.utils.TestDataReader - Reading json data from file @ testData/api/devAPIData.json
2022-02-03_20:15:49.359 [main] INFO  pl.rest.service.CardIssue - CardIssue Rest API URL :- https://apitest.pineperks.in/card/order/V1/instant/issue/nonreloadable/digital
2022-02-03_20:15:49.359 [main] INFO  com.qc.BaseAPI - POST call to URL https://apitest.pineperks.in/card/order/V1/instant/issue/nonreloadable/digital
2022-02-03_20:15:49.372 [main] INFO  com.qc.BaseAPI - ********************REQUEST********************
2022-02-03_20:15:49.411 [main] DEBUG o.a.h.i.c.BasicClientConnectionManager - Get connection for route {s}->https://apitest.pineperks.in:443
2022-02-03_20:15:49.412 [main] DEBUG o.a.h.i.c.DefaultClientConnectionOperator - Connecting to apitest.pineperks.in:443
2022-02-03_20:15:49.553 [main] DEBUG o.a.h.c.protocol.RequestAddCookies - CookieSpec selected: ignoreCookies
2022-02-03_20:15:49.554 [main] DEBUG o.a.h.c.protocol.RequestAuthCache - Auth cache not set in the context
2022-02-03_20:15:49.554 [main] DEBUG o.a.h.c.p.RequestTargetAuthentication - Target auth state: UNCHALLENGED
2022-02-03_20:15:49.554 [main] DEBUG o.a.h.c.p.RequestProxyAuthentication - Proxy auth state: UNCHALLENGED
2022-02-03_20:15:49.554 [main] DEBUG o.a.h.impl.client.DefaultHttpClient - Attempt 1 to execute request
2022-02-03_20:15:49.554 [main] DEBUG o.a.h.i.conn.DefaultClientConnection - Sending request: POST /card/order/V1/instant/issue/nonreloadable/digital HTTP/1.1
2022-02-03_20:15:49.554 [main] DEBUG org.apache.http.wire -  >> "POST /card/order/V1/instant/issue/nonreloadable/digital HTTP/1.1[\r][\n]"
2022-02-03_20:15:49.554 [main] DEBUG org.apache.http.wire -  >> "Accept: */*[\r][\n]"
2022-02-03_20:15:49.554 [main] DEBUG org.apache.http.wire -  >> "userName: A0aCcnPzDANtKmvSLPKcaw==[\r][\n]"
2022-02-03_20:15:49.554 [main] DEBUG org.apache.http.wire -  >> "token: a56825d3e919461e9249ee915a3dfe94[\r][\n]"
2022-02-03_20:15:49.555 [main] DEBUG org.apache.http.wire -  >> "Content-Type: application/json; charset=UTF-8[\r][\n]"
2022-02-03_20:15:49.555 [main] DEBUG org.apache.http.wire -  >> "Content-Length: 241[\r][\n]"
2022-02-03_20:15:49.555 [main] DEBUG org.apache.http.wire -  >> "Host: apitest.pineperks.in[\r][\n]"
2022-02-03_20:15:49.555 [main] DEBUG org.apache.http.wire -  >> "Connection: Keep-Alive[\r][\n]"
2022-02-03_20:15:49.555 [main] DEBUG org.apache.http.wire -  >> "User-Agent: Apache-HttpClient/4.5.2 (Java/1.8.0_202)[\r][\n]"
2022-02-03_20:15:49.555 [main] DEBUG org.apache.http.wire -  >> "Accept-Encoding: gzip,deflate[\r][\n]"
2022-02-03_20:15:49.555 [main] DEBUG org.apache.http.wire -  >> "[\r][\n]"
2022-02-03_20:15:49.555 [main] DEBUG org.apache.http.headers - >> POST /card/order/V1/instant/issue/nonreloadable/digital HTTP/1.1
2022-02-03_20:15:49.555 [main] DEBUG org.apache.http.headers - >> Accept: */*
2022-02-03_20:15:49.556 [main] DEBUG org.apache.http.headers - >> userName: A0aCcnPzDANtKmvSLPKcaw==
2022-02-03_20:15:49.556 [main] DEBUG org.apache.http.headers - >> token: a56825d3e919461e9249ee915a3dfe94
2022-02-03_20:15:49.556 [main] DEBUG org.apache.http.headers - >> Content-Type: application/json; charset=UTF-8
2022-02-03_20:15:49.556 [main] DEBUG org.apache.http.headers - >> Content-Length: 241
2022-02-03_20:15:49.556 [main] DEBUG org.apache.http.headers - >> Host: apitest.pineperks.in
2022-02-03_20:15:49.556 [main] DEBUG org.apache.http.headers - >> Connection: Keep-Alive
2022-02-03_20:15:49.556 [main] DEBUG org.apache.http.headers - >> User-Agent: Apache-HttpClient/4.5.2 (Java/1.8.0_202)
2022-02-03_20:15:49.556 [main] DEBUG org.apache.http.headers - >> Accept-Encoding: gzip,deflate
2022-02-03_20:15:49.556 [main] DEBUG org.apache.http.wire -  >> "{"isLinkToBeSentOnMobile":true,"checksum":"5x3GNrnStyS2PkMvV6EeAw==","cardDetailList":[{"amount":"1000","mobileNumber":"8284854535","customerName":"afzal","email":"afzal.ahmed@pinelabs.com"}],"externalRequestId":"7G5liAi","cardSchemeId":"7"}"
2022-02-03_20:15:49.870 [main] DEBUG org.apache.http.wire -  << "HTTP/1.1 200 [\r][\n]"
2022-02-03_20:15:49.870 [main] DEBUG org.apache.http.wire -  << "Access-Control-Allow-Methods: GET, POST[\r][\n]"
2022-02-03_20:15:49.870 [main] DEBUG org.apache.http.wire -  << "Access-Control-Allow-Origin: *[\r][\n]"
2022-02-03_20:15:49.870 [main] DEBUG org.apache.http.wire -  << "Content-Security-Policy: default-src 'none'[\r][\n]"
2022-02-03_20:15:49.870 [main] DEBUG org.apache.http.wire -  << "Feature-Policy: 'none'[\r][\n]"
2022-02-03_20:15:49.870 [main] DEBUG org.apache.http.wire -  << "Referrer-Policy: no-referrer[\r][\n]"
2022-02-03_20:15:49.870 [main] DEBUG org.apache.http.wire -  << "Strict-Transport-Security: max-age=31536000 ; includeSubDomains[\r][\n]"
2022-02-03_20:15:49.871 [main] DEBUG org.apache.http.wire -  << "Date: Thu, 03 Feb 2022 14:45:49 GMT[\r][\n]"
2022-02-03_20:15:49.871 [main] DEBUG org.apache.http.wire -  << "Keep-Alive: timeout=60[\r][\n]"
2022-02-03_20:15:49.871 [main] DEBUG org.apache.http.wire -  << "Content-Type: application/json[\r][\n]"
2022-02-03_20:15:49.871 [main] DEBUG org.apache.http.wire -  << "Transfer-Encoding: chunked[\r][\n]"
2022-02-03_20:15:49.871 [main] DEBUG org.apache.http.wire -  << "Connection: keep-alive[\r][\n]"
2022-02-03_20:15:49.871 [main] DEBUG org.apache.http.wire -  << "[\r][\n]"
2022-02-03_20:15:49.871 [main] DEBUG o.a.h.i.conn.DefaultClientConnection - Receiving response: HTTP/1.1 200 
2022-02-03_20:15:49.871 [main] DEBUG org.apache.http.headers - << HTTP/1.1 200 
2022-02-03_20:15:49.871 [main] DEBUG org.apache.http.headers - << Access-Control-Allow-Methods: GET, POST
2022-02-03_20:15:49.872 [main] DEBUG org.apache.http.headers - << Access-Control-Allow-Origin: *
2022-02-03_20:15:49.872 [main] DEBUG org.apache.http.headers - << Content-Security-Policy: default-src 'none'
2022-02-03_20:15:49.872 [main] DEBUG org.apache.http.headers - << Feature-Policy: 'none'
2022-02-03_20:15:49.872 [main] DEBUG org.apache.http.headers - << Referrer-Policy: no-referrer
2022-02-03_20:15:49.872 [main] DEBUG org.apache.http.headers - << Strict-Transport-Security: max-age=31536000 ; includeSubDomains
2022-02-03_20:15:49.872 [main] DEBUG org.apache.http.headers - << Date: Thu, 03 Feb 2022 14:45:49 GMT
2022-02-03_20:15:49.872 [main] DEBUG org.apache.http.headers - << Keep-Alive: timeout=60
2022-02-03_20:15:49.872 [main] DEBUG org.apache.http.headers - << Content-Type: application/json
2022-02-03_20:15:49.872 [main] DEBUG org.apache.http.headers - << Transfer-Encoding: chunked
2022-02-03_20:15:49.872 [main] DEBUG org.apache.http.headers - << Connection: keep-alive
2022-02-03_20:15:49.872 [main] DEBUG o.a.h.impl.client.DefaultHttpClient - Connection can be kept alive for 60000 MILLISECONDS
2022-02-03_20:15:49.873 [main] DEBUG i.r.i.RequestSpecificationImpl$RestAssuredHttpBuilder - Parsing response as: application/json
2022-02-03_20:15:49.873 [main] DEBUG i.r.i.RequestSpecificationImpl$RestAssuredHttpBuilder - Parsed data to instance of: class org.apache.http.conn.EofSensorInputStream
2022-02-03_20:15:49.874 [main] INFO  com.qc.BaseAPI - Method :POST
2022-02-03_20:15:49.876 [main] INFO  com.qc.BaseAPI - URI :https://apitest.pineperks.in/card/order/V1/instant/issue/nonreloadable/digital
2022-02-03_20:15:49.877 [main] INFO  com.qc.BaseAPI - Headers :token=a56825d3e919461e9249ee915a3dfe94
userName=A0aCcnPzDANtKmvSLPKcaw==
Accept=*/*
Content-Type=application/json; charset=UTF-8
2022-02-03_20:15:49.878 [main] INFO  com.qc.BaseAPI - Body :{"isLinkToBeSentOnMobile":true,"checksum":"5x3GNrnStyS2PkMvV6EeAw==","cardDetailList":[{"amount":"1000","mobileNumber":"8284854535","customerName":"afzal","email":"afzal.ahmed@pinelabs.com"}],"externalRequestId":"7G5liAi","cardSchemeId":"7"}
2022-02-03_20:15:49.878 [main] INFO  com.qc.BaseAPI - ********************RESPONSE********************
2022-02-03_20:15:49.878 [main] DEBUG org.apache.http.wire -  << "1f2[\r][\n]"
2022-02-03_20:15:49.878 [main] DEBUG org.apache.http.wire -  << "{"externalRequestId":"7G5liAi","orderId":103245,"orderStatus":6,"cardDetailResponseList":[{"referenceNumber":5356362385,"serialNumber":10324500010001,"customerName":"afzal","mobileNumber":8284854535,"email":"afzal.ahmed@pinelabs.com","amount":1000,"cardLink":"test.pineperks.in/eCard?c=QzXr0FoZ3GjWTHSOai6PNQ2","responseCode":0,"responseMessage":"Success"}],"successCount":1,"failedCount":0,"orderAmount":1000,"issuanceCharge":100,"netOrderAmount":1100,"responseCode":0,"responseMessage":"Success"}"
2022-02-03_20:15:49.878 [main] DEBUG org.apache.http.wire -  << "[\r][\n]"
2022-02-03_20:15:49.879 [main] DEBUG org.apache.http.wire -  << "0[\r][\n]"
2022-02-03_20:15:49.879 [main] DEBUG org.apache.http.wire -  << "[\r][\n]"
2022-02-03_20:15:49.879 [main] DEBUG o.a.h.i.c.BasicClientConnectionManager - Releasing connection org.apache.http.impl.conn.ManagedClientConnectionImpl@37107ea0
2022-02-03_20:15:49.879 [main] DEBUG o.a.h.i.c.BasicClientConnectionManager - Connection can be kept alive for 60000 MILLISECONDS
2022-02-03_20:15:49.882 [main] INFO  com.qc.BaseAPI - Response :{
    "externalRequestId": "7G5liAi",
    "orderId": 103245,
    "orderStatus": 6,
    "cardDetailResponseList": [
        {
            "referenceNumber": 5356362385,
            "serialNumber": 10324500010001,
            "customerName": "afzal",
            "mobileNumber": 8284854535,
            "email": "afzal.ahmed@pinelabs.com",
            "amount": 1000,
            "cardLink": "test.pineperks.in/eCard?c=QzXr0FoZ3GjWTHSOai6PNQ2",
            "responseCode": 0,
            "responseMessage": "Success"
        }
    ],
    "successCount": 1,
    "failedCount": 0,
    "orderAmount": 1000,
    "issuanceCharge": 100,
    "netOrderAmount": 1100,
    "responseCode": 0,
    "responseMessage": "Success"
}
2022-02-03_20:15:49.882 [main] INFO  com.qc.BaseAPI -  **** POST call Response time 498 ms
2022-02-03_20:15:49.882 [main] INFO  pl.rest.service.CardIssue - Time Taken to perform https://apitest.pineperks.in/card/order/V1/instant/issue/nonreloadable/digital transaction: 498
2022-02-03_20:15:49.893 [main] INFO  com.qc.qa.utils.TestDataReader - Reading Json data authorizeHeaders
2022-02-03_20:15:49.899 [main] INFO  com.qc.qa.utils.TestDataReader - Reading json data from file @ testData/api/devAPIData.json
2022-02-03_20:15:49.903 [main] INFO  p.r.service.CorporateAndCardDetails - CardIssue Rest API URL :- https://apitest.pineperks.in/card/profile/V1/detail
2022-02-03_20:15:49.903 [main] INFO  com.qc.BaseAPI - POST call to URL https://apitest.pineperks.in/card/profile/V1/detail
2022-02-03_20:15:49.911 [main] INFO  com.qc.BaseAPI - ********************REQUEST********************
2022-02-03_20:15:49.923 [main] DEBUG o.a.h.i.c.BasicClientConnectionManager - Get connection for route {s}->https://apitest.pineperks.in:443
2022-02-03_20:15:49.924 [main] DEBUG o.a.h.i.c.DefaultClientConnectionOperator - Connecting to apitest.pineperks.in:443
2022-02-03_20:15:50.036 [main] DEBUG o.a.h.c.protocol.RequestAddCookies - CookieSpec selected: ignoreCookies
2022-02-03_20:15:50.036 [main] DEBUG o.a.h.c.protocol.RequestAuthCache - Auth cache not set in the context
2022-02-03_20:15:50.036 [main] DEBUG o.a.h.c.p.RequestTargetAuthentication - Target auth state: UNCHALLENGED
2022-02-03_20:15:50.036 [main] DEBUG o.a.h.c.p.RequestProxyAuthentication - Proxy auth state: UNCHALLENGED
2022-02-03_20:15:50.036 [main] DEBUG o.a.h.impl.client.DefaultHttpClient - Attempt 1 to execute request
2022-02-03_20:15:50.037 [main] DEBUG o.a.h.i.conn.DefaultClientConnection - Sending request: POST /card/profile/V1/detail HTTP/1.1
2022-02-03_20:15:50.037 [main] DEBUG org.apache.http.wire -  >> "POST /card/profile/V1/detail HTTP/1.1[\r][\n]"
2022-02-03_20:15:50.037 [main] DEBUG org.apache.http.wire -  >> "Accept: */*[\r][\n]"
2022-02-03_20:15:50.037 [main] DEBUG org.apache.http.wire -  >> "userName: A0aCcnPzDANtKmvSLPKcaw==[\r][\n]"
2022-02-03_20:15:50.037 [main] DEBUG org.apache.http.wire -  >> "token: a56825d3e919461e9249ee915a3dfe94[\r][\n]"
2022-02-03_20:15:50.038 [main] DEBUG org.apache.http.wire -  >> "Content-Type: application/json; charset=UTF-8[\r][\n]"
2022-02-03_20:15:50.038 [main] DEBUG org.apache.http.wire -  >> "Content-Length: 40[\r][\n]"
2022-02-03_20:15:50.038 [main] DEBUG org.apache.http.wire -  >> "Host: apitest.pineperks.in[\r][\n]"
2022-02-03_20:15:50.038 [main] DEBUG org.apache.http.wire -  >> "Connection: Keep-Alive[\r][\n]"
2022-02-03_20:15:50.038 [main] DEBUG org.apache.http.wire -  >> "User-Agent: Apache-HttpClient/4.5.2 (Java/1.8.0_202)[\r][\n]"
2022-02-03_20:15:50.038 [main] DEBUG org.apache.http.wire -  >> "Accept-Encoding: gzip,deflate[\r][\n]"
2022-02-03_20:15:50.039 [main] DEBUG org.apache.http.wire -  >> "[\r][\n]"
2022-02-03_20:15:50.039 [main] DEBUG org.apache.http.headers - >> POST /card/profile/V1/detail HTTP/1.1
2022-02-03_20:15:50.039 [main] DEBUG org.apache.http.headers - >> Accept: */*
2022-02-03_20:15:50.039 [main] DEBUG org.apache.http.headers - >> userName: A0aCcnPzDANtKmvSLPKcaw==
2022-02-03_20:15:50.039 [main] DEBUG org.apache.http.headers - >> token: a56825d3e919461e9249ee915a3dfe94
2022-02-03_20:15:50.039 [main] DEBUG org.apache.http.headers - >> Content-Type: application/json; charset=UTF-8
2022-02-03_20:15:50.039 [main] DEBUG org.apache.http.headers - >> Content-Length: 40
2022-02-03_20:15:50.039 [main] DEBUG org.apache.http.headers - >> Host: apitest.pineperks.in
2022-02-03_20:15:50.039 [main] DEBUG org.apache.http.headers - >> Connection: Keep-Alive
2022-02-03_20:15:50.039 [main] DEBUG org.apache.http.headers - >> User-Agent: Apache-HttpClient/4.5.2 (Java/1.8.0_202)
2022-02-03_20:15:50.040 [main] DEBUG org.apache.http.headers - >> Accept-Encoding: gzip,deflate
2022-02-03_20:15:50.040 [main] DEBUG org.apache.http.wire -  >> "{"cardDetailRequestList":["5356362385"]}"
2022-02-03_20:15:50.073 [main] DEBUG org.apache.http.wire -  << "HTTP/1.1 200 [\r][\n]"
2022-02-03_20:15:50.073 [main] DEBUG org.apache.http.wire -  << "Access-Control-Allow-Methods: GET, POST[\r][\n]"
2022-02-03_20:15:50.074 [main] DEBUG org.apache.http.wire -  << "Access-Control-Allow-Origin: *[\r][\n]"
2022-02-03_20:15:50.074 [main] DEBUG org.apache.http.wire -  << "Content-Security-Policy: default-src 'none'[\r][\n]"
2022-02-03_20:15:50.074 [main] DEBUG org.apache.http.wire -  << "Feature-Policy: 'none'[\r][\n]"
2022-02-03_20:15:50.074 [main] DEBUG org.apache.http.wire -  << "Referrer-Policy: no-referrer[\r][\n]"
2022-02-03_20:15:50.074 [main] DEBUG org.apache.http.wire -  << "Strict-Transport-Security: max-age=31536000 ; includeSubDomains[\r][\n]"
2022-02-03_20:15:50.074 [main] DEBUG org.apache.http.wire -  << "Date: Thu, 03 Feb 2022 14:45:49 GMT[\r][\n]"
2022-02-03_20:15:50.074 [main] DEBUG org.apache.http.wire -  << "Keep-Alive: timeout=60[\r][\n]"
2022-02-03_20:15:50.074 [main] DEBUG org.apache.http.wire -  << "Content-Type: application/json[\r][\n]"
2022-02-03_20:15:50.074 [main] DEBUG org.apache.http.wire -  << "Transfer-Encoding: chunked[\r][\n]"
2022-02-03_20:15:50.074 [main] DEBUG org.apache.http.wire -  << "Connection: keep-alive[\r][\n]"
2022-02-03_20:15:50.075 [main] DEBUG org.apache.http.wire -  << "[\r][\n]"
2022-02-03_20:15:50.075 [main] DEBUG o.a.h.i.conn.DefaultClientConnection - Receiving response: HTTP/1.1 200 
2022-02-03_20:15:50.075 [main] DEBUG org.apache.http.headers - << HTTP/1.1 200 
2022-02-03_20:15:50.075 [main] DEBUG org.apache.http.headers - << Access-Control-Allow-Methods: GET, POST
2022-02-03_20:15:50.075 [main] DEBUG org.apache.http.headers - << Access-Control-Allow-Origin: *
2022-02-03_20:15:50.075 [main] DEBUG org.apache.http.headers - << Content-Security-Policy: default-src 'none'
2022-02-03_20:15:50.075 [main] DEBUG org.apache.http.headers - << Feature-Policy: 'none'
2022-02-03_20:15:50.075 [main] DEBUG org.apache.http.headers - << Referrer-Policy: no-referrer
2022-02-03_20:15:50.075 [main] DEBUG org.apache.http.headers - << Strict-Transport-Security: max-age=31536000 ; includeSubDomains
2022-02-03_20:15:50.075 [main] DEBUG org.apache.http.headers - << Date: Thu, 03 Feb 2022 14:45:49 GMT
2022-02-03_20:15:50.075 [main] DEBUG org.apache.http.headers - << Keep-Alive: timeout=60
2022-02-03_20:15:50.076 [main] DEBUG org.apache.http.headers - << Content-Type: application/json
2022-02-03_20:15:50.076 [main] DEBUG org.apache.http.headers - << Transfer-Encoding: chunked
2022-02-03_20:15:50.076 [main] DEBUG org.apache.http.headers - << Connection: keep-alive
2022-02-03_20:15:50.076 [main] DEBUG o.a.h.impl.client.DefaultHttpClient - Connection can be kept alive for 60000 MILLISECONDS
2022-02-03_20:15:50.076 [main] DEBUG i.r.i.RequestSpecificationImpl$RestAssuredHttpBuilder - Parsing response as: application/json
2022-02-03_20:15:50.077 [main] DEBUG i.r.i.RequestSpecificationImpl$RestAssuredHttpBuilder - Parsed data to instance of: class org.apache.http.conn.EofSensorInputStream
2022-02-03_20:15:50.077 [main] INFO  com.qc.BaseAPI - Method :POST
2022-02-03_20:15:50.079 [main] INFO  com.qc.BaseAPI - URI :https://apitest.pineperks.in/card/profile/V1/detail
2022-02-03_20:15:50.079 [main] INFO  com.qc.BaseAPI - Headers :token=a56825d3e919461e9249ee915a3dfe94
userName=A0aCcnPzDANtKmvSLPKcaw==
Accept=*/*
Content-Type=application/json; charset=UTF-8
2022-02-03_20:15:50.079 [main] INFO  com.qc.BaseAPI - Body :{"cardDetailRequestList":["5356362385"]}
2022-02-03_20:15:50.079 [main] INFO  com.qc.BaseAPI - ********************RESPONSE********************
2022-02-03_20:15:50.079 [main] DEBUG org.apache.http.wire -  << "3c7[\r][\n]"
2022-02-03_20:15:50.080 [main] DEBUG org.apache.http.wire -  << "{"cardDetailResponseList":[{"cardReferenceNumber":5356362385,"maskedCardNumber":"608364******4387","cardStatus":1,"kycStatus":null,"cardSchemeId":7,"pinMode":4,"cardName":"milson Card","cardVariant":2,"cardCategoryId":4,"loadAmount":1000,"redeemedAmount":0,"balance":1000,"issuedOn":"03-Feb-2022","expiryDate":"29-Feb-2024","isEcommTransactionEnabled":true,"ecommRedeemTransactionLimit":0,"isPOSTransactionEnabled":false,"posRedeemTransactionLimit":0,"monthlyCreditAmount":null,"lastCreditedOn":null,"activatedOn":"03-Feb-2022","activationName":"Afzal","activationMobileNumber":8284854535,"activationEmail":"afzal.ahmed@pinelabs.com","customerName":"Afzal ahmed","customerMobile":8284854535,"customerEmail":null,"blockedOn":null,"terminatedOn":null,"terminatedBy":null,"reason":null,"reIssuedOn":null,"reIssuedBy":null,"reIssuedByCardReferenceNumber":null,"reIssueCharges":0,"responseCode":0,"responseMessage":"Success"}],"responseCode":0,"responseMessage":"Success"}"
2022-02-03_20:15:50.080 [main] DEBUG org.apache.http.wire -  << "[\r][\n]"
2022-02-03_20:15:50.080 [main] DEBUG org.apache.http.wire -  << "0[\r][\n]"
2022-02-03_20:15:50.080 [main] DEBUG org.apache.http.wire -  << "[\r][\n]"
2022-02-03_20:15:50.081 [main] DEBUG o.a.h.i.c.BasicClientConnectionManager - Releasing connection org.apache.http.impl.conn.ManagedClientConnectionImpl@2f45ab4a
2022-02-03_20:15:50.081 [main] DEBUG o.a.h.i.c.BasicClientConnectionManager - Connection can be kept alive for 60000 MILLISECONDS
2022-02-03_20:15:50.084 [main] INFO  com.qc.BaseAPI - Response :{
    "cardDetailResponseList": [
        {
            "cardReferenceNumber": 5356362385,
            "maskedCardNumber": "608364******4387",
            "cardStatus": 1,
            "kycStatus": null,
            "cardSchemeId": 7,
            "pinMode": 4,
            "cardName": "milson Card",
            "cardVariant": 2,
            "cardCategoryId": 4,
            "loadAmount": 1000,
            "redeemedAmount": 0,
            "balance": 1000,
            "issuedOn": "03-Feb-2022",
            "expiryDate": "29-Feb-2024",
            "isEcommTransactionEnabled": true,
            "ecommRedeemTransactionLimit": 0,
            "isPOSTransactionEnabled": false,
            "posRedeemTransactionLimit": 0,
            "monthlyCreditAmount": null,
            "lastCreditedOn": null,
            "activatedOn": "03-Feb-2022",
            "activationName": "Afzal",
            "activationMobileNumber": 8284854535,
            "activationEmail": "afzal.ahmed@pinelabs.com",
            "customerName": "Afzal ahmed",
            "customerMobile": 8284854535,
            "customerEmail": null,
            "blockedOn": null,
            "terminatedOn": null,
            "terminatedBy": null,
            "reason": null,
            "reIssuedOn": null,
            "reIssuedBy": null,
            "reIssuedByCardReferenceNumber": null,
            "reIssueCharges": 0,
            "responseCode": 0,
            "responseMessage": "Success"
        }
    ],
    "responseCode": 0,
    "responseMessage": "Success"
}
2022-02-03_20:15:50.085 [main] INFO  com.qc.BaseAPI -  **** POST call Response time 165 ms
2022-02-03_20:15:50.085 [main] INFO  p.r.service.CorporateAndCardDetails - Time Taken to perform https://apitest.pineperks.in/card/profile/V1/detail transaction: 165
2022-02-03_20:15:50.420 [main] INFO  pl.rest.utils.DBUtils - Query being executed Select * from Card where referenceNumber=5356362385;
2022-02-03_20:15:50.452 [main] ERROR com.qc.qa.utils.LoadProperties - Missing MySQLDBEnvironment property value in system property or in config.properties files.Please add it if incase required
2022-02-03_20:15:50.453 [main] INFO  com.qc.qa.dbutils.DBPoolProvider - Con pool Total - 400, idle - 0,  Num active - 0
2022-02-03_20:15:50.453 [main] INFO  com.qc.qa.dbutils.DBPoolProvider - Retrieved connection
