2021-12-16_19:01:23.987 [main] INFO  com.qc.qa.utils.TestDataReader - Reading API Test Data config values from  testData/api/devAPITestData.properties
2021-12-16_19:01:23.992 [main] INFO  pl.rest.service.Authorize - Authorize Rest API URL :- https://apitest.pineperks.in/auth/V1/generate/token
2021-12-16_19:01:23.992 [main] INFO  com.qc.BaseAPI - GET call to URL https://apitest.pineperks.in/auth/V1/generate/token
2021-12-16_19:01:24.193 [main] INFO  com.qc.BaseAPI - ********************REQUEST********************
2021-12-16_19:01:25.706 [main] DEBUG o.a.h.i.c.BasicClientConnectionManager - Get connection for route {s}->https://apitest.pineperks.in:443
2021-12-16_19:01:25.757 [main] DEBUG o.a.h.i.c.DefaultClientConnectionOperator - Connecting to apitest.pineperks.in:443
2021-12-16_19:01:25.973 [main] DEBUG o.a.h.c.protocol.RequestAddCookies - CookieSpec selected: ignoreCookies
2021-12-16_19:01:25.974 [main] DEBUG o.a.h.c.protocol.RequestAuthCache - Auth cache not set in the context
2021-12-16_19:01:25.975 [main] DEBUG o.a.h.c.p.RequestTargetAuthentication - Target auth state: UNCHALLENGED
2021-12-16_19:01:25.975 [main] DEBUG o.a.h.c.p.RequestProxyAuthentication - Proxy auth state: UNCHALLENGED
2021-12-16_19:01:25.976 [main] DEBUG o.a.h.impl.client.DefaultHttpClient - Attempt 1 to execute request
2021-12-16_19:01:25.976 [main] DEBUG o.a.h.i.conn.DefaultClientConnection - Sending request: GET /auth/V1/generate/token HTTP/1.1
2021-12-16_19:01:25.976 [main] DEBUG org.apache.http.wire -  >> "GET /auth/V1/generate/token HTTP/1.1[\r][\n]"
2021-12-16_19:01:25.977 [main] DEBUG org.apache.http.wire -  >> "Content-Type: application/json; charset=UTF-8[\r][\n]"
2021-12-16_19:01:25.977 [main] DEBUG org.apache.http.wire -  >> "Accept: */*[\r][\n]"
2021-12-16_19:01:25.977 [main] DEBUG org.apache.http.wire -  >> "userName: t3azPwts/6OSPTFxhCdYug==[\r][\n]"
2021-12-16_19:01:25.977 [main] DEBUG org.apache.http.wire -  >> "Host: apitest.pineperks.in[\r][\n]"
2021-12-16_19:01:25.977 [main] DEBUG org.apache.http.wire -  >> "Connection: Keep-Alive[\r][\n]"
2021-12-16_19:01:25.977 [main] DEBUG org.apache.http.wire -  >> "User-Agent: Apache-HttpClient/4.5.2 (Java/1.8.0_202)[\r][\n]"
2021-12-16_19:01:25.977 [main] DEBUG org.apache.http.wire -  >> "Accept-Encoding: gzip,deflate[\r][\n]"
2021-12-16_19:01:25.977 [main] DEBUG org.apache.http.wire -  >> "[\r][\n]"
2021-12-16_19:01:25.977 [main] DEBUG org.apache.http.headers - >> GET /auth/V1/generate/token HTTP/1.1
2021-12-16_19:01:25.977 [main] DEBUG org.apache.http.headers - >> Content-Type: application/json; charset=UTF-8
2021-12-16_19:01:25.978 [main] DEBUG org.apache.http.headers - >> Accept: */*
2021-12-16_19:01:25.978 [main] DEBUG org.apache.http.headers - >> userName: t3azPwts/6OSPTFxhCdYug==
2021-12-16_19:01:25.978 [main] DEBUG org.apache.http.headers - >> Host: apitest.pineperks.in
2021-12-16_19:01:25.978 [main] DEBUG org.apache.http.headers - >> Connection: Keep-Alive
2021-12-16_19:01:25.978 [main] DEBUG org.apache.http.headers - >> User-Agent: Apache-HttpClient/4.5.2 (Java/1.8.0_202)
2021-12-16_19:01:25.978 [main] DEBUG org.apache.http.headers - >> Accept-Encoding: gzip,deflate
2021-12-16_19:01:26.065 [main] DEBUG org.apache.http.wire -  << "HTTP/1.1 200 [\r][\n]"
2021-12-16_19:01:26.069 [main] DEBUG org.apache.http.wire -  << "Access-Control-Allow-Methods: GET, POST[\r][\n]"
2021-12-16_19:01:26.069 [main] DEBUG org.apache.http.wire -  << "Access-Control-Allow-Origin: *[\r][\n]"
2021-12-16_19:01:26.070 [main] DEBUG org.apache.http.wire -  << "Content-Security-Policy: default-src 'none'[\r][\n]"
2021-12-16_19:01:26.070 [main] DEBUG org.apache.http.wire -  << "Feature-Policy: 'none'[\r][\n]"
2021-12-16_19:01:26.070 [main] DEBUG org.apache.http.wire -  << "Referrer-Policy: no-referrer[\r][\n]"
2021-12-16_19:01:26.070 [main] DEBUG org.apache.http.wire -  << "Strict-Transport-Security: max-age=31536000 ; includeSubDomains[\r][\n]"
2021-12-16_19:01:26.071 [main] DEBUG org.apache.http.wire -  << "Date: Thu, 16 Dec 2021 13:31:26 GMT[\r][\n]"
2021-12-16_19:01:26.071 [main] DEBUG org.apache.http.wire -  << "Keep-Alive: timeout=60[\r][\n]"
2021-12-16_19:01:26.071 [main] DEBUG org.apache.http.wire -  << "Content-Type: application/json[\r][\n]"
2021-12-16_19:01:26.071 [main] DEBUG org.apache.http.wire -  << "Transfer-Encoding: chunked[\r][\n]"
2021-12-16_19:01:26.071 [main] DEBUG org.apache.http.wire -  << "Connection: keep-alive[\r][\n]"
2021-12-16_19:01:26.072 [main] DEBUG org.apache.http.wire -  << "[\r][\n]"
2021-12-16_19:01:26.073 [main] DEBUG o.a.h.i.conn.DefaultClientConnection - Receiving response: HTTP/1.1 200 
2021-12-16_19:01:26.073 [main] DEBUG org.apache.http.headers - << HTTP/1.1 200 
2021-12-16_19:01:26.074 [main] DEBUG org.apache.http.headers - << Access-Control-Allow-Methods: GET, POST
2021-12-16_19:01:26.074 [main] DEBUG org.apache.http.headers - << Access-Control-Allow-Origin: *
2021-12-16_19:01:26.074 [main] DEBUG org.apache.http.headers - << Content-Security-Policy: default-src 'none'
2021-12-16_19:01:26.074 [main] DEBUG org.apache.http.headers - << Feature-Policy: 'none'
2021-12-16_19:01:26.074 [main] DEBUG org.apache.http.headers - << Referrer-Policy: no-referrer
2021-12-16_19:01:26.074 [main] DEBUG org.apache.http.headers - << Strict-Transport-Security: max-age=31536000 ; includeSubDomains
2021-12-16_19:01:26.074 [main] DEBUG org.apache.http.headers - << Date: Thu, 16 Dec 2021 13:31:26 GMT
2021-12-16_19:01:26.074 [main] DEBUG org.apache.http.headers - << Keep-Alive: timeout=60
2021-12-16_19:01:26.075 [main] DEBUG org.apache.http.headers - << Content-Type: application/json
2021-12-16_19:01:26.075 [main] DEBUG org.apache.http.headers - << Transfer-Encoding: chunked
2021-12-16_19:01:26.075 [main] DEBUG org.apache.http.headers - << Connection: keep-alive
2021-12-16_19:01:26.084 [main] DEBUG o.a.h.impl.client.DefaultHttpClient - Connection can be kept alive for 60000 MILLISECONDS
2021-12-16_19:01:26.106 [main] DEBUG i.r.i.RequestSpecificationImpl$RestAssuredHttpBuilder - Parsing response as: application/json
2021-12-16_19:01:26.106 [main] DEBUG i.r.i.RequestSpecificationImpl$RestAssuredHttpBuilder - Parsed data to instance of: class org.apache.http.conn.EofSensorInputStream
2021-12-16_19:01:26.115 [main] INFO  com.qc.BaseAPI - Method :GET
2021-12-16_19:01:26.116 [main] INFO  com.qc.BaseAPI - URI :https://apitest.pineperks.in/auth/V1/generate/token
2021-12-16_19:01:26.116 [main] INFO  com.qc.BaseAPI - Headers :userName=t3azPwts/6OSPTFxhCdYug==
Accept=*/*
Content-Type=application/json; charset=UTF-8
2021-12-16_19:01:26.116 [main] INFO  com.qc.BaseAPI - Body :null
2021-12-16_19:01:26.116 [main] INFO  com.qc.BaseAPI - ********************RESPONSE********************
2021-12-16_19:01:26.124 [main] DEBUG org.apache.http.wire -  << "7f[\r][\n]"
2021-12-16_19:01:26.124 [main] DEBUG org.apache.http.wire -  << "{"accessToken":"a831c48fb7ed4e33bc02aadab3a10367","tokenExpiryTime":"17-Dec-2021","responseCode":0,"responseMessage":"Success"}"
2021-12-16_19:01:26.125 [main] DEBUG org.apache.http.wire -  << "[\r][\n]"
2021-12-16_19:01:26.125 [main] DEBUG org.apache.http.wire -  << "0[\r][\n]"
2021-12-16_19:01:26.125 [main] DEBUG org.apache.http.wire -  << "[\r][\n]"
2021-12-16_19:01:26.125 [main] DEBUG o.a.h.i.c.BasicClientConnectionManager - Releasing connection org.apache.http.impl.conn.ManagedClientConnectionImpl@7ce6587b
2021-12-16_19:01:26.125 [main] DEBUG o.a.h.i.c.BasicClientConnectionManager - Connection can be kept alive for 60000 MILLISECONDS
2021-12-16_19:01:26.147 [main] INFO  com.qc.BaseAPI - Response :{
    "accessToken": "a831c48fb7ed4e33bc02aadab3a10367",
    "tokenExpiryTime": "17-Dec-2021",
    "responseCode": 0,
    "responseMessage": "Success"
}
2021-12-16_19:01:26.149 [main] INFO  com.qc.BaseAPI -  **** GET call Response time 1903 ms
2021-12-16_19:01:26.149 [main] INFO  pl.rest.service.Authorize - Time Taken to perform https://apitest.pineperks.in/auth/V1/generate/token transaction: 1903
2021-12-16_19:01:26.245 [main] INFO  com.qc.qa.utils.TestDataReader - Reading Json data authorizeHeaders
2021-12-16_19:01:26.248 [main] INFO  com.qc.qa.utils.TestDataReader - Reading json data from file @ testData/api/devAPIData.json
2021-12-16_19:01:26.269 [main] INFO  pl.rest.service.CardIssue - CardIssue Rest API URL :- https://apitest.pineperks.in/card/order/V1/instant/issue/nonreloadable/digital
2021-12-16_19:01:26.270 [main] INFO  com.qc.BaseAPI - POST call to URL https://apitest.pineperks.in/card/order/V1/instant/issue/nonreloadable/digital
2021-12-16_19:01:26.279 [main] INFO  com.qc.BaseAPI - ********************REQUEST********************
2021-12-16_19:01:26.317 [main] DEBUG o.a.h.i.c.BasicClientConnectionManager - Get connection for route {s}->https://apitest.pineperks.in:443
2021-12-16_19:01:26.318 [main] DEBUG o.a.h.i.c.DefaultClientConnectionOperator - Connecting to apitest.pineperks.in:443
2021-12-16_19:01:26.442 [main] DEBUG o.a.h.c.protocol.RequestAddCookies - CookieSpec selected: ignoreCookies
2021-12-16_19:01:26.442 [main] DEBUG o.a.h.c.protocol.RequestAuthCache - Auth cache not set in the context
2021-12-16_19:01:26.442 [main] DEBUG o.a.h.c.p.RequestTargetAuthentication - Target auth state: UNCHALLENGED
2021-12-16_19:01:26.442 [main] DEBUG o.a.h.c.p.RequestProxyAuthentication - Proxy auth state: UNCHALLENGED
2021-12-16_19:01:26.443 [main] DEBUG o.a.h.impl.client.DefaultHttpClient - Attempt 1 to execute request
2021-12-16_19:01:26.443 [main] DEBUG o.a.h.i.conn.DefaultClientConnection - Sending request: POST /card/order/V1/instant/issue/nonreloadable/digital HTTP/1.1
2021-12-16_19:01:26.443 [main] DEBUG org.apache.http.wire -  >> "POST /card/order/V1/instant/issue/nonreloadable/digital HTTP/1.1[\r][\n]"
2021-12-16_19:01:26.443 [main] DEBUG org.apache.http.wire -  >> "Accept: */*[\r][\n]"
2021-12-16_19:01:26.443 [main] DEBUG org.apache.http.wire -  >> "userName: t3azPwts/6OSPTFxhCdYug==[\r][\n]"
2021-12-16_19:01:26.443 [main] DEBUG org.apache.http.wire -  >> "token: a831c48fb7ed4e33bc02aadab3a10367[\r][\n]"
2021-12-16_19:01:26.443 [main] DEBUG org.apache.http.wire -  >> "Content-Type: application/json; charset=UTF-8[\r][\n]"
2021-12-16_19:01:26.444 [main] DEBUG org.apache.http.wire -  >> "Content-Length: 244[\r][\n]"
2021-12-16_19:01:26.444 [main] DEBUG org.apache.http.wire -  >> "Host: apitest.pineperks.in[\r][\n]"
2021-12-16_19:01:26.444 [main] DEBUG org.apache.http.wire -  >> "Connection: Keep-Alive[\r][\n]"
2021-12-16_19:01:26.444 [main] DEBUG org.apache.http.wire -  >> "User-Agent: Apache-HttpClient/4.5.2 (Java/1.8.0_202)[\r][\n]"
2021-12-16_19:01:26.444 [main] DEBUG org.apache.http.wire -  >> "Accept-Encoding: gzip,deflate[\r][\n]"
2021-12-16_19:01:26.444 [main] DEBUG org.apache.http.wire -  >> "[\r][\n]"
2021-12-16_19:01:26.445 [main] DEBUG org.apache.http.headers - >> POST /card/order/V1/instant/issue/nonreloadable/digital HTTP/1.1
2021-12-16_19:01:26.445 [main] DEBUG org.apache.http.headers - >> Accept: */*
2021-12-16_19:01:26.445 [main] DEBUG org.apache.http.headers - >> userName: t3azPwts/6OSPTFxhCdYug==
2021-12-16_19:01:26.445 [main] DEBUG org.apache.http.headers - >> token: a831c48fb7ed4e33bc02aadab3a10367
2021-12-16_19:01:26.445 [main] DEBUG org.apache.http.headers - >> Content-Type: application/json; charset=UTF-8
2021-12-16_19:01:26.445 [main] DEBUG org.apache.http.headers - >> Content-Length: 244
2021-12-16_19:01:26.445 [main] DEBUG org.apache.http.headers - >> Host: apitest.pineperks.in
2021-12-16_19:01:26.445 [main] DEBUG org.apache.http.headers - >> Connection: Keep-Alive
2021-12-16_19:01:26.445 [main] DEBUG org.apache.http.headers - >> User-Agent: Apache-HttpClient/4.5.2 (Java/1.8.0_202)
2021-12-16_19:01:26.445 [main] DEBUG org.apache.http.headers - >> Accept-Encoding: gzip,deflate
2021-12-16_19:01:26.446 [main] DEBUG org.apache.http.wire -  >> "{"isLinkToBeSentOnMobile":true,"checksum":"5x3GNrnStyS2PkMvV6EeAw==","cardDetailList":[{"amount":"1000","mobileNumber":"8284854535","customerName":"123Afzal","email":"afzal.ahmed@pinelabs.com"}],"externalRequestId":"ddXoO4r","cardSchemeId":"7"}"
2021-12-16_19:01:26.689 [main] DEBUG org.apache.http.wire -  << "HTTP/1.1 200 [\r][\n]"
2021-12-16_19:01:26.689 [main] DEBUG org.apache.http.wire -  << "Access-Control-Allow-Methods: GET, POST[\r][\n]"
2021-12-16_19:01:26.690 [main] DEBUG org.apache.http.wire -  << "Access-Control-Allow-Origin: *[\r][\n]"
2021-12-16_19:01:26.690 [main] DEBUG org.apache.http.wire -  << "Content-Security-Policy: default-src 'none'[\r][\n]"
2021-12-16_19:01:26.690 [main] DEBUG org.apache.http.wire -  << "Feature-Policy: 'none'[\r][\n]"
2021-12-16_19:01:26.690 [main] DEBUG org.apache.http.wire -  << "Referrer-Policy: no-referrer[\r][\n]"
2021-12-16_19:01:26.690 [main] DEBUG org.apache.http.wire -  << "Strict-Transport-Security: max-age=31536000 ; includeSubDomains[\r][\n]"
2021-12-16_19:01:26.690 [main] DEBUG org.apache.http.wire -  << "Date: Thu, 16 Dec 2021 13:31:26 GMT[\r][\n]"
2021-12-16_19:01:26.690 [main] DEBUG org.apache.http.wire -  << "Keep-Alive: timeout=60[\r][\n]"
2021-12-16_19:01:26.690 [main] DEBUG org.apache.http.wire -  << "Content-Type: application/json[\r][\n]"
2021-12-16_19:01:26.691 [main] DEBUG org.apache.http.wire -  << "Transfer-Encoding: chunked[\r][\n]"
2021-12-16_19:01:26.691 [main] DEBUG org.apache.http.wire -  << "Connection: keep-alive[\r][\n]"
2021-12-16_19:01:26.691 [main] DEBUG org.apache.http.wire -  << "[\r][\n]"
2021-12-16_19:01:26.691 [main] DEBUG o.a.h.i.conn.DefaultClientConnection - Receiving response: HTTP/1.1 200 
2021-12-16_19:01:26.691 [main] DEBUG org.apache.http.headers - << HTTP/1.1 200 
2021-12-16_19:01:26.691 [main] DEBUG org.apache.http.headers - << Access-Control-Allow-Methods: GET, POST
2021-12-16_19:01:26.691 [main] DEBUG org.apache.http.headers - << Access-Control-Allow-Origin: *
2021-12-16_19:01:26.691 [main] DEBUG org.apache.http.headers - << Content-Security-Policy: default-src 'none'
2021-12-16_19:01:26.691 [main] DEBUG org.apache.http.headers - << Feature-Policy: 'none'
2021-12-16_19:01:26.692 [main] DEBUG org.apache.http.headers - << Referrer-Policy: no-referrer
2021-12-16_19:01:26.692 [main] DEBUG org.apache.http.headers - << Strict-Transport-Security: max-age=31536000 ; includeSubDomains
2021-12-16_19:01:26.692 [main] DEBUG org.apache.http.headers - << Date: Thu, 16 Dec 2021 13:31:26 GMT
2021-12-16_19:01:26.692 [main] DEBUG org.apache.http.headers - << Keep-Alive: timeout=60
2021-12-16_19:01:26.692 [main] DEBUG org.apache.http.headers - << Content-Type: application/json
2021-12-16_19:01:26.692 [main] DEBUG org.apache.http.headers - << Transfer-Encoding: chunked
2021-12-16_19:01:26.693 [main] DEBUG org.apache.http.headers - << Connection: keep-alive
2021-12-16_19:01:26.693 [main] DEBUG o.a.h.impl.client.DefaultHttpClient - Connection can be kept alive for 60000 MILLISECONDS
2021-12-16_19:01:26.694 [main] DEBUG i.r.i.RequestSpecificationImpl$RestAssuredHttpBuilder - Parsing response as: application/json
2021-12-16_19:01:26.694 [main] DEBUG i.r.i.RequestSpecificationImpl$RestAssuredHttpBuilder - Parsed data to instance of: class org.apache.http.conn.EofSensorInputStream
2021-12-16_19:01:26.696 [main] INFO  com.qc.BaseAPI - Method :POST
2021-12-16_19:01:26.699 [main] INFO  com.qc.BaseAPI - URI :https://apitest.pineperks.in/card/order/V1/instant/issue/nonreloadable/digital
2021-12-16_19:01:26.700 [main] INFO  com.qc.BaseAPI - Headers :token=a831c48fb7ed4e33bc02aadab3a10367
userName=t3azPwts/6OSPTFxhCdYug==
Accept=*/*
Content-Type=application/json; charset=UTF-8
2021-12-16_19:01:26.700 [main] INFO  com.qc.BaseAPI - Body :{"isLinkToBeSentOnMobile":true,"checksum":"5x3GNrnStyS2PkMvV6EeAw==","cardDetailList":[{"amount":"1000","mobileNumber":"8284854535","customerName":"123Afzal","email":"afzal.ahmed@pinelabs.com"}],"externalRequestId":"ddXoO4r","cardSchemeId":"7"}
2021-12-16_19:01:26.700 [main] INFO  com.qc.BaseAPI - ********************RESPONSE********************
2021-12-16_19:01:26.700 [main] DEBUG org.apache.http.wire -  << "262[\r][\n]"
2021-12-16_19:01:26.700 [main] DEBUG org.apache.http.wire -  << "{"externalRequestId":"ddXoO4r","orderId":null,"orderStatus":null,"cardDetailResponseList":[{"referenceNumber":null,"serialNumber":null,"customerName":"123Afzal","mobileNumber":8284854535,"email":"afzal.ahmed@pinelabs.com","amount":1000,"cardLink":null,"responseCode":13,"responseMessage":"- firstName : Customer Name is not valid. It should start with an alphabet and could contain maximum 50 characters in form of alphabets, numbers, white space, dot(.)"}],"successCount":0,"failedCount":1,"orderAmount":null,"issuanceCharge":null,"netOrderAmount":null,"responseCode":13,"responseMessage":"Invalid card data"}"
2021-12-16_19:01:26.701 [main] DEBUG org.apache.http.wire -  << "[\r][\n]"
2021-12-16_19:01:26.701 [main] DEBUG org.apache.http.wire -  << "0[\r][\n]"
2021-12-16_19:01:26.701 [main] DEBUG org.apache.http.wire -  << "[\r][\n]"
2021-12-16_19:01:26.701 [main] DEBUG o.a.h.i.c.BasicClientConnectionManager - Releasing connection org.apache.http.impl.conn.ManagedClientConnectionImpl@7d571695
2021-12-16_19:01:26.702 [main] DEBUG o.a.h.i.c.BasicClientConnectionManager - Connection can be kept alive for 60000 MILLISECONDS
2021-12-16_19:01:26.704 [main] INFO  com.qc.BaseAPI - Response :{
    "externalRequestId": "ddXoO4r",
    "orderId": null,
    "orderStatus": null,
    "cardDetailResponseList": [
        {
            "referenceNumber": null,
            "serialNumber": null,
            "customerName": "123Afzal",
            "mobileNumber": 8284854535,
            "email": "afzal.ahmed@pinelabs.com",
            "amount": 1000,
            "cardLink": null,
            "responseCode": 13,
            "responseMessage": "- firstName : Customer Name is not valid. It should start with an alphabet and could contain maximum 50 characters in form of alphabets, numbers, white space, dot(.)"
        }
    ],
    "successCount": 0,
    "failedCount": 1,
    "orderAmount": null,
    "issuanceCharge": null,
    "netOrderAmount": null,
    "responseCode": 13,
    "responseMessage": "Invalid card data"
}
2021-12-16_19:01:26.705 [main] INFO  com.qc.BaseAPI -  **** POST call Response time 413 ms
2021-12-16_19:01:26.705 [main] INFO  pl.rest.service.CardIssue - Time Taken to perform https://apitest.pineperks.in/card/order/V1/instant/issue/nonreloadable/digital transaction: 413
2021-12-16_19:01:27.041 [main] INFO  pl.rest.service.Authorize - Authorize Rest API URL :- https://apitest.pineperks.in/auth/V1/generate/token
2021-12-16_19:01:27.041 [main] INFO  com.qc.BaseAPI - GET call to URL https://apitest.pineperks.in/auth/V1/generate/token
2021-12-16_19:01:27.045 [main] INFO  com.qc.BaseAPI - ********************REQUEST********************
2021-12-16_19:01:27.055 [main] DEBUG o.a.h.i.c.BasicClientConnectionManager - Get connection for route {s}->https://apitest.pineperks.in:443
2021-12-16_19:01:27.055 [main] DEBUG o.a.h.i.c.DefaultClientConnectionOperator - Connecting to apitest.pineperks.in:443
2021-12-16_19:01:27.181 [main] DEBUG o.a.h.c.protocol.RequestAddCookies - CookieSpec selected: ignoreCookies
2021-12-16_19:01:27.182 [main] DEBUG o.a.h.c.protocol.RequestAuthCache - Auth cache not set in the context
2021-12-16_19:01:27.182 [main] DEBUG o.a.h.c.p.RequestTargetAuthentication - Target auth state: UNCHALLENGED
2021-12-16_19:01:27.182 [main] DEBUG o.a.h.c.p.RequestProxyAuthentication - Proxy auth state: UNCHALLENGED
2021-12-16_19:01:27.182 [main] DEBUG o.a.h.impl.client.DefaultHttpClient - Attempt 1 to execute request
2021-12-16_19:01:27.182 [main] DEBUG o.a.h.i.conn.DefaultClientConnection - Sending request: GET /auth/V1/generate/token HTTP/1.1
2021-12-16_19:01:27.182 [main] DEBUG org.apache.http.wire -  >> "GET /auth/V1/generate/token HTTP/1.1[\r][\n]"
2021-12-16_19:01:27.182 [main] DEBUG org.apache.http.wire -  >> "Content-Type: application/json; charset=UTF-8[\r][\n]"
2021-12-16_19:01:27.183 [main] DEBUG org.apache.http.wire -  >> "Accept: */*[\r][\n]"
2021-12-16_19:01:27.183 [main] DEBUG org.apache.http.wire -  >> "userName: t3azPwts/6OSPTFxhCdYug==[\r][\n]"
2021-12-16_19:01:27.183 [main] DEBUG org.apache.http.wire -  >> "Host: apitest.pineperks.in[\r][\n]"
2021-12-16_19:01:27.183 [main] DEBUG org.apache.http.wire -  >> "Connection: Keep-Alive[\r][\n]"
2021-12-16_19:01:27.183 [main] DEBUG org.apache.http.wire -  >> "User-Agent: Apache-HttpClient/4.5.2 (Java/1.8.0_202)[\r][\n]"
2021-12-16_19:01:27.183 [main] DEBUG org.apache.http.wire -  >> "Accept-Encoding: gzip,deflate[\r][\n]"
2021-12-16_19:01:27.184 [main] DEBUG org.apache.http.wire -  >> "[\r][\n]"
2021-12-16_19:01:27.184 [main] DEBUG org.apache.http.headers - >> GET /auth/V1/generate/token HTTP/1.1
2021-12-16_19:01:27.184 [main] DEBUG org.apache.http.headers - >> Content-Type: application/json; charset=UTF-8
2021-12-16_19:01:27.184 [main] DEBUG org.apache.http.headers - >> Accept: */*
2021-12-16_19:01:27.184 [main] DEBUG org.apache.http.headers - >> userName: t3azPwts/6OSPTFxhCdYug==
2021-12-16_19:01:27.184 [main] DEBUG org.apache.http.headers - >> Host: apitest.pineperks.in
2021-12-16_19:01:27.184 [main] DEBUG org.apache.http.headers - >> Connection: Keep-Alive
2021-12-16_19:01:27.184 [main] DEBUG org.apache.http.headers - >> User-Agent: Apache-HttpClient/4.5.2 (Java/1.8.0_202)
2021-12-16_19:01:27.184 [main] DEBUG org.apache.http.headers - >> Accept-Encoding: gzip,deflate
2021-12-16_19:01:27.288 [main] DEBUG org.apache.http.wire -  << "HTTP/1.1 200 [\r][\n]"
2021-12-16_19:01:27.289 [main] DEBUG org.apache.http.wire -  << "Access-Control-Allow-Methods: GET, POST[\r][\n]"
2021-12-16_19:01:27.289 [main] DEBUG org.apache.http.wire -  << "Access-Control-Allow-Origin: *[\r][\n]"
2021-12-16_19:01:27.289 [main] DEBUG org.apache.http.wire -  << "Content-Security-Policy: default-src 'none'[\r][\n]"
2021-12-16_19:01:27.290 [main] DEBUG org.apache.http.wire -  << "Feature-Policy: 'none'[\r][\n]"
2021-12-16_19:01:27.290 [main] DEBUG org.apache.http.wire -  << "Referrer-Policy: no-referrer[\r][\n]"
2021-12-16_19:01:27.290 [main] DEBUG org.apache.http.wire -  << "Strict-Transport-Security: max-age=31536000 ; includeSubDomains[\r][\n]"
2021-12-16_19:01:27.290 [main] DEBUG org.apache.http.wire -  << "Date: Thu, 16 Dec 2021 13:31:27 GMT[\r][\n]"
2021-12-16_19:01:27.290 [main] DEBUG org.apache.http.wire -  << "Keep-Alive: timeout=60[\r][\n]"
2021-12-16_19:01:27.290 [main] DEBUG org.apache.http.wire -  << "Content-Type: application/json[\r][\n]"
2021-12-16_19:01:27.290 [main] DEBUG org.apache.http.wire -  << "Transfer-Encoding: chunked[\r][\n]"
2021-12-16_19:01:27.290 [main] DEBUG org.apache.http.wire -  << "Connection: keep-alive[\r][\n]"
2021-12-16_19:01:27.291 [main] DEBUG org.apache.http.wire -  << "[\r][\n]"
2021-12-16_19:01:27.291 [main] DEBUG o.a.h.i.conn.DefaultClientConnection - Receiving response: HTTP/1.1 200 
2021-12-16_19:01:27.291 [main] DEBUG org.apache.http.headers - << HTTP/1.1 200 
2021-12-16_19:01:27.291 [main] DEBUG org.apache.http.headers - << Access-Control-Allow-Methods: GET, POST
2021-12-16_19:01:27.291 [main] DEBUG org.apache.http.headers - << Access-Control-Allow-Origin: *
2021-12-16_19:01:27.291 [main] DEBUG org.apache.http.headers - << Content-Security-Policy: default-src 'none'
2021-12-16_19:01:27.291 [main] DEBUG org.apache.http.headers - << Feature-Policy: 'none'
2021-12-16_19:01:27.291 [main] DEBUG org.apache.http.headers - << Referrer-Policy: no-referrer
2021-12-16_19:01:27.291 [main] DEBUG org.apache.http.headers - << Strict-Transport-Security: max-age=31536000 ; includeSubDomains
2021-12-16_19:01:27.292 [main] DEBUG org.apache.http.headers - << Date: Thu, 16 Dec 2021 13:31:27 GMT
2021-12-16_19:01:27.292 [main] DEBUG org.apache.http.headers - << Keep-Alive: timeout=60
2021-12-16_19:01:27.292 [main] DEBUG org.apache.http.headers - << Content-Type: application/json
2021-12-16_19:01:27.292 [main] DEBUG org.apache.http.headers - << Transfer-Encoding: chunked
2021-12-16_19:01:27.292 [main] DEBUG org.apache.http.headers - << Connection: keep-alive
2021-12-16_19:01:27.292 [main] DEBUG o.a.h.impl.client.DefaultHttpClient - Connection can be kept alive for 60000 MILLISECONDS
2021-12-16_19:01:27.293 [main] DEBUG i.r.i.RequestSpecificationImpl$RestAssuredHttpBuilder - Parsing response as: application/json
2021-12-16_19:01:27.293 [main] DEBUG i.r.i.RequestSpecificationImpl$RestAssuredHttpBuilder - Parsed data to instance of: class org.apache.http.conn.EofSensorInputStream
2021-12-16_19:01:27.294 [main] INFO  com.qc.BaseAPI - Method :GET
2021-12-16_19:01:27.295 [main] INFO  com.qc.BaseAPI - URI :https://apitest.pineperks.in/auth/V1/generate/token
2021-12-16_19:01:27.295 [main] INFO  com.qc.BaseAPI - Headers :userName=t3azPwts/6OSPTFxhCdYug==
Accept=*/*
Content-Type=application/json; charset=UTF-8
2021-12-16_19:01:27.295 [main] INFO  com.qc.BaseAPI - Body :null
2021-12-16_19:01:27.295 [main] INFO  com.qc.BaseAPI - ********************RESPONSE********************
2021-12-16_19:01:27.296 [main] DEBUG org.apache.http.wire -  << "7f[\r][\n]"
2021-12-16_19:01:27.296 [main] DEBUG org.apache.http.wire -  << "{"accessToken":"dbcb4360c66c4f55a02bc4b29bf67fdf","tokenExpiryTime":"17-Dec-2021","responseCode":0,"responseMessage":"Success"}"
2021-12-16_19:01:27.296 [main] DEBUG org.apache.http.wire -  << "[\r][\n]"
2021-12-16_19:01:27.296 [main] DEBUG org.apache.http.wire -  << "0[\r][\n]"
2021-12-16_19:01:27.296 [main] DEBUG org.apache.http.wire -  << "[\r][\n]"
2021-12-16_19:01:27.297 [main] DEBUG o.a.h.i.c.BasicClientConnectionManager - Releasing connection org.apache.http.impl.conn.ManagedClientConnectionImpl@7f041aad
2021-12-16_19:01:27.297 [main] DEBUG o.a.h.i.c.BasicClientConnectionManager - Connection can be kept alive for 60000 MILLISECONDS
2021-12-16_19:01:27.298 [main] INFO  com.qc.BaseAPI - Response :{
    "accessToken": "dbcb4360c66c4f55a02bc4b29bf67fdf",
    "tokenExpiryTime": "17-Dec-2021",
    "responseCode": 0,
    "responseMessage": "Success"
}
2021-12-16_19:01:27.298 [main] INFO  com.qc.BaseAPI -  **** GET call Response time 247 ms
2021-12-16_19:01:27.298 [main] INFO  pl.rest.service.Authorize - Time Taken to perform https://apitest.pineperks.in/auth/V1/generate/token transaction: 247
2021-12-16_19:01:27.304 [main] INFO  com.qc.qa.utils.TestDataReader - Reading Json data authorizeHeaders
2021-12-16_19:01:27.308 [main] INFO  com.qc.qa.utils.TestDataReader - Reading json data from file @ testData/api/devAPIData.json
2021-12-16_19:01:27.311 [main] INFO  pl.rest.service.CardIssue - CardIssue Rest API URL :- https://apitest.pineperks.in/card/order/V1/instant/issue/nonreloadable/digital
2021-12-16_19:01:27.312 [main] INFO  com.qc.BaseAPI - POST call to URL https://apitest.pineperks.in/card/order/V1/instant/issue/nonreloadable/digital
2021-12-16_19:01:27.319 [main] INFO  com.qc.BaseAPI - ********************REQUEST********************
2021-12-16_19:01:27.330 [main] DEBUG o.a.h.i.c.BasicClientConnectionManager - Get connection for route {s}->https://apitest.pineperks.in:443
2021-12-16_19:01:27.330 [main] DEBUG o.a.h.i.c.DefaultClientConnectionOperator - Connecting to apitest.pineperks.in:443
2021-12-16_19:01:27.445 [main] DEBUG o.a.h.c.protocol.RequestAddCookies - CookieSpec selected: ignoreCookies
2021-12-16_19:01:27.446 [main] DEBUG o.a.h.c.protocol.RequestAuthCache - Auth cache not set in the context
2021-12-16_19:01:27.446 [main] DEBUG o.a.h.c.p.RequestTargetAuthentication - Target auth state: UNCHALLENGED
2021-12-16_19:01:27.446 [main] DEBUG o.a.h.c.p.RequestProxyAuthentication - Proxy auth state: UNCHALLENGED
2021-12-16_19:01:27.446 [main] DEBUG o.a.h.impl.client.DefaultHttpClient - Attempt 1 to execute request
2021-12-16_19:01:27.446 [main] DEBUG o.a.h.i.conn.DefaultClientConnection - Sending request: POST /card/order/V1/instant/issue/nonreloadable/digital HTTP/1.1
2021-12-16_19:01:27.446 [main] DEBUG org.apache.http.wire -  >> "POST /card/order/V1/instant/issue/nonreloadable/digital HTTP/1.1[\r][\n]"
2021-12-16_19:01:27.446 [main] DEBUG org.apache.http.wire -  >> "Accept: */*[\r][\n]"
2021-12-16_19:01:27.446 [main] DEBUG org.apache.http.wire -  >> "userName: t3azPwts/6OSPTFxhCdYug==[\r][\n]"
2021-12-16_19:01:27.447 [main] DEBUG org.apache.http.wire -  >> "token: dbcb4360c66c4f55a02bc4b29bf67fdf[\r][\n]"
2021-12-16_19:01:27.447 [main] DEBUG org.apache.http.wire -  >> "Content-Type: application/json; charset=UTF-8[\r][\n]"
2021-12-16_19:01:27.447 [main] DEBUG org.apache.http.wire -  >> "Content-Length: 241[\r][\n]"
2021-12-16_19:01:27.447 [main] DEBUG org.apache.http.wire -  >> "Host: apitest.pineperks.in[\r][\n]"
2021-12-16_19:01:27.447 [main] DEBUG org.apache.http.wire -  >> "Connection: Keep-Alive[\r][\n]"
2021-12-16_19:01:27.447 [main] DEBUG org.apache.http.wire -  >> "User-Agent: Apache-HttpClient/4.5.2 (Java/1.8.0_202)[\r][\n]"
2021-12-16_19:01:27.448 [main] DEBUG org.apache.http.wire -  >> "Accept-Encoding: gzip,deflate[\r][\n]"
2021-12-16_19:01:27.448 [main] DEBUG org.apache.http.wire -  >> "[\r][\n]"
2021-12-16_19:01:27.448 [main] DEBUG org.apache.http.headers - >> POST /card/order/V1/instant/issue/nonreloadable/digital HTTP/1.1
2021-12-16_19:01:27.448 [main] DEBUG org.apache.http.headers - >> Accept: */*
2021-12-16_19:01:27.448 [main] DEBUG org.apache.http.headers - >> userName: t3azPwts/6OSPTFxhCdYug==
2021-12-16_19:01:27.448 [main] DEBUG org.apache.http.headers - >> token: dbcb4360c66c4f55a02bc4b29bf67fdf
2021-12-16_19:01:27.448 [main] DEBUG org.apache.http.headers - >> Content-Type: application/json; charset=UTF-8
2021-12-16_19:01:27.449 [main] DEBUG org.apache.http.headers - >> Content-Length: 241
2021-12-16_19:01:27.449 [main] DEBUG org.apache.http.headers - >> Host: apitest.pineperks.in
2021-12-16_19:01:27.449 [main] DEBUG org.apache.http.headers - >> Connection: Keep-Alive
2021-12-16_19:01:27.450 [main] DEBUG org.apache.http.headers - >> User-Agent: Apache-HttpClient/4.5.2 (Java/1.8.0_202)
2021-12-16_19:01:27.450 [main] DEBUG org.apache.http.headers - >> Accept-Encoding: gzip,deflate
2021-12-16_19:01:27.450 [main] DEBUG org.apache.http.wire -  >> "{"isLinkToBeSentOnMobile":true,"checksum":"5x3GNrnStyS2PkMvV6EeAw==","cardDetailList":[{"amount":"1000","mobileNumber":"1111111111","customerName":"afzal","email":"afzal.ahmed@pinelabs.com"}],"externalRequestId":"yXY9iGy","cardSchemeId":"7"}"
2021-12-16_19:01:27.617 [main] DEBUG org.apache.http.wire -  << "HTTP/1.1 200 [\r][\n]"
2021-12-16_19:01:27.617 [main] DEBUG org.apache.http.wire -  << "Access-Control-Allow-Methods: GET, POST[\r][\n]"
2021-12-16_19:01:27.617 [main] DEBUG org.apache.http.wire -  << "Access-Control-Allow-Origin: *[\r][\n]"
2021-12-16_19:01:27.617 [main] DEBUG org.apache.http.wire -  << "Content-Security-Policy: default-src 'none'[\r][\n]"
2021-12-16_19:01:27.617 [main] DEBUG org.apache.http.wire -  << "Feature-Policy: 'none'[\r][\n]"
2021-12-16_19:01:27.617 [main] DEBUG org.apache.http.wire -  << "Referrer-Policy: no-referrer[\r][\n]"
2021-12-16_19:01:27.617 [main] DEBUG org.apache.http.wire -  << "Strict-Transport-Security: max-age=31536000 ; includeSubDomains[\r][\n]"
2021-12-16_19:01:27.618 [main] DEBUG org.apache.http.wire -  << "Date: Thu, 16 Dec 2021 13:31:27 GMT[\r][\n]"
2021-12-16_19:01:27.618 [main] DEBUG org.apache.http.wire -  << "Keep-Alive: timeout=60[\r][\n]"
2021-12-16_19:01:27.618 [main] DEBUG org.apache.http.wire -  << "Content-Type: application/json[\r][\n]"
2021-12-16_19:01:27.618 [main] DEBUG org.apache.http.wire -  << "Transfer-Encoding: chunked[\r][\n]"
2021-12-16_19:01:27.618 [main] DEBUG org.apache.http.wire -  << "Connection: keep-alive[\r][\n]"
2021-12-16_19:01:27.618 [main] DEBUG org.apache.http.wire -  << "[\r][\n]"
2021-12-16_19:01:27.618 [main] DEBUG o.a.h.i.conn.DefaultClientConnection - Receiving response: HTTP/1.1 200 
2021-12-16_19:01:27.618 [main] DEBUG org.apache.http.headers - << HTTP/1.1 200 
2021-12-16_19:01:27.618 [main] DEBUG org.apache.http.headers - << Access-Control-Allow-Methods: GET, POST
2021-12-16_19:01:27.618 [main] DEBUG org.apache.http.headers - << Access-Control-Allow-Origin: *
2021-12-16_19:01:27.618 [main] DEBUG org.apache.http.headers - << Content-Security-Policy: default-src 'none'
2021-12-16_19:01:27.618 [main] DEBUG org.apache.http.headers - << Feature-Policy: 'none'
2021-12-16_19:01:27.618 [main] DEBUG org.apache.http.headers - << Referrer-Policy: no-referrer
2021-12-16_19:01:27.618 [main] DEBUG org.apache.http.headers - << Strict-Transport-Security: max-age=31536000 ; includeSubDomains
2021-12-16_19:01:27.618 [main] DEBUG org.apache.http.headers - << Date: Thu, 16 Dec 2021 13:31:27 GMT
2021-12-16_19:01:27.619 [main] DEBUG org.apache.http.headers - << Keep-Alive: timeout=60
2021-12-16_19:01:27.619 [main] DEBUG org.apache.http.headers - << Content-Type: application/json
2021-12-16_19:01:27.619 [main] DEBUG org.apache.http.headers - << Transfer-Encoding: chunked
2021-12-16_19:01:27.619 [main] DEBUG org.apache.http.headers - << Connection: keep-alive
2021-12-16_19:01:27.619 [main] DEBUG o.a.h.impl.client.DefaultHttpClient - Connection can be kept alive for 60000 MILLISECONDS
2021-12-16_19:01:27.619 [main] DEBUG i.r.i.RequestSpecificationImpl$RestAssuredHttpBuilder - Parsing response as: application/json
2021-12-16_19:01:27.620 [main] DEBUG i.r.i.RequestSpecificationImpl$RestAssuredHttpBuilder - Parsed data to instance of: class org.apache.http.conn.EofSensorInputStream
2021-12-16_19:01:27.620 [main] INFO  com.qc.BaseAPI - Method :POST
2021-12-16_19:01:27.622 [main] INFO  com.qc.BaseAPI - URI :https://apitest.pineperks.in/card/order/V1/instant/issue/nonreloadable/digital
2021-12-16_19:01:27.622 [main] INFO  com.qc.BaseAPI - Headers :token=dbcb4360c66c4f55a02bc4b29bf67fdf
userName=t3azPwts/6OSPTFxhCdYug==
Accept=*/*
Content-Type=application/json; charset=UTF-8
2021-12-16_19:01:27.622 [main] INFO  com.qc.BaseAPI - Body :{"isLinkToBeSentOnMobile":true,"checksum":"5x3GNrnStyS2PkMvV6EeAw==","cardDetailList":[{"amount":"1000","mobileNumber":"1111111111","customerName":"afzal","email":"afzal.ahmed@pinelabs.com"}],"externalRequestId":"yXY9iGy","cardSchemeId":"7"}
2021-12-16_19:01:27.622 [main] INFO  com.qc.BaseAPI - ********************RESPONSE********************
2021-12-16_19:01:27.623 [main] DEBUG org.apache.http.wire -  << "1e5[\r][\n]"
2021-12-16_19:01:27.623 [main] DEBUG org.apache.http.wire -  << "{"externalRequestId":"yXY9iGy","orderId":null,"orderStatus":null,"cardDetailResponseList":[{"referenceNumber":null,"serialNumber":null,"customerName":"afzal","mobileNumber":1111111111,"email":"afzal.ahmed@pinelabs.com","amount":1000,"cardLink":null,"responseCode":13,"responseMessage":"- mobileNumber : Mobile Number is not valid"}],"successCount":0,"failedCount":1,"orderAmount":null,"issuanceCharge":null,"netOrderAmount":null,"responseCode":13,"responseMessage":"Invalid card data"}"
2021-12-16_19:01:27.623 [main] DEBUG org.apache.http.wire -  << "[\r][\n]"
2021-12-16_19:01:27.623 [main] DEBUG org.apache.http.wire -  << "0[\r][\n]"
2021-12-16_19:01:27.623 [main] DEBUG org.apache.http.wire -  << "[\r][\n]"
2021-12-16_19:01:27.623 [main] DEBUG o.a.h.i.c.BasicClientConnectionManager - Releasing connection org.apache.http.impl.conn.ManagedClientConnectionImpl@7cd0498f
2021-12-16_19:01:27.624 [main] DEBUG o.a.h.i.c.BasicClientConnectionManager - Connection can be kept alive for 60000 MILLISECONDS
2021-12-16_19:01:27.625 [main] INFO  com.qc.BaseAPI - Response :{
    "externalRequestId": "yXY9iGy",
    "orderId": null,
    "orderStatus": null,
    "cardDetailResponseList": [
        {
            "referenceNumber": null,
            "serialNumber": null,
            "customerName": "afzal",
            "mobileNumber": 1111111111,
            "email": "afzal.ahmed@pinelabs.com",
            "amount": 1000,
            "cardLink": null,
            "responseCode": 13,
            "responseMessage": "- mobileNumber : Mobile Number is not valid"
        }
    ],
    "successCount": 0,
    "failedCount": 1,
    "orderAmount": null,
    "issuanceCharge": null,
    "netOrderAmount": null,
    "responseCode": 13,
    "responseMessage": "Invalid card data"
}
2021-12-16_19:01:27.626 [main] INFO  com.qc.BaseAPI -  **** POST call Response time 299 ms
2021-12-16_19:01:27.626 [main] INFO  pl.rest.service.CardIssue - Time Taken to perform https://apitest.pineperks.in/card/order/V1/instant/issue/nonreloadable/digital transaction: 299
2021-12-16_19:01:27.847 [main] INFO  pl.rest.service.Authorize - Authorize Rest API URL :- https://apitest.pineperks.in/auth/V1/generate/token
2021-12-16_19:01:27.847 [main] INFO  com.qc.BaseAPI - GET call to URL https://apitest.pineperks.in/auth/V1/generate/token
2021-12-16_19:01:27.849 [main] INFO  com.qc.BaseAPI - ********************REQUEST********************
2021-12-16_19:01:27.855 [main] DEBUG o.a.h.i.c.BasicClientConnectionManager - Get connection for route {s}->https://apitest.pineperks.in:443
2021-12-16_19:01:27.855 [main] DEBUG o.a.h.i.c.DefaultClientConnectionOperator - Connecting to apitest.pineperks.in:443
2021-12-16_19:01:28.018 [main] DEBUG o.a.h.c.protocol.RequestAddCookies - CookieSpec selected: ignoreCookies
2021-12-16_19:01:28.018 [main] DEBUG o.a.h.c.protocol.RequestAuthCache - Auth cache not set in the context
2021-12-16_19:01:28.018 [main] DEBUG o.a.h.c.p.RequestTargetAuthentication - Target auth state: UNCHALLENGED
2021-12-16_19:01:28.018 [main] DEBUG o.a.h.c.p.RequestProxyAuthentication - Proxy auth state: UNCHALLENGED
2021-12-16_19:01:28.018 [main] DEBUG o.a.h.impl.client.DefaultHttpClient - Attempt 1 to execute request
2021-12-16_19:01:28.018 [main] DEBUG o.a.h.i.conn.DefaultClientConnection - Sending request: GET /auth/V1/generate/token HTTP/1.1
2021-12-16_19:01:28.018 [main] DEBUG org.apache.http.wire -  >> "GET /auth/V1/generate/token HTTP/1.1[\r][\n]"
2021-12-16_19:01:28.018 [main] DEBUG org.apache.http.wire -  >> "Content-Type: application/json; charset=UTF-8[\r][\n]"
2021-12-16_19:01:28.019 [main] DEBUG org.apache.http.wire -  >> "Accept: */*[\r][\n]"
2021-12-16_19:01:28.019 [main] DEBUG org.apache.http.wire -  >> "userName: t3azPwts/6OSPTFxhCdYug==[\r][\n]"
2021-12-16_19:01:28.019 [main] DEBUG org.apache.http.wire -  >> "Host: apitest.pineperks.in[\r][\n]"
2021-12-16_19:01:28.019 [main] DEBUG org.apache.http.wire -  >> "Connection: Keep-Alive[\r][\n]"
2021-12-16_19:01:28.019 [main] DEBUG org.apache.http.wire -  >> "User-Agent: Apache-HttpClient/4.5.2 (Java/1.8.0_202)[\r][\n]"
2021-12-16_19:01:28.019 [main] DEBUG org.apache.http.wire -  >> "Accept-Encoding: gzip,deflate[\r][\n]"
2021-12-16_19:01:28.019 [main] DEBUG org.apache.http.wire -  >> "[\r][\n]"
2021-12-16_19:01:28.020 [main] DEBUG org.apache.http.headers - >> GET /auth/V1/generate/token HTTP/1.1
2021-12-16_19:01:28.020 [main] DEBUG org.apache.http.headers - >> Content-Type: application/json; charset=UTF-8
2021-12-16_19:01:28.020 [main] DEBUG org.apache.http.headers - >> Accept: */*
2021-12-16_19:01:28.020 [main] DEBUG org.apache.http.headers - >> userName: t3azPwts/6OSPTFxhCdYug==
2021-12-16_19:01:28.020 [main] DEBUG org.apache.http.headers - >> Host: apitest.pineperks.in
2021-12-16_19:01:28.020 [main] DEBUG org.apache.http.headers - >> Connection: Keep-Alive
2021-12-16_19:01:28.020 [main] DEBUG org.apache.http.headers - >> User-Agent: Apache-HttpClient/4.5.2 (Java/1.8.0_202)
2021-12-16_19:01:28.020 [main] DEBUG org.apache.http.headers - >> Accept-Encoding: gzip,deflate
2021-12-16_19:01:28.091 [main] DEBUG org.apache.http.wire -  << "HTTP/1.1 200 [\r][\n]"
2021-12-16_19:01:28.092 [main] DEBUG org.apache.http.wire -  << "Access-Control-Allow-Methods: GET, POST[\r][\n]"
2021-12-16_19:01:28.092 [main] DEBUG org.apache.http.wire -  << "Access-Control-Allow-Origin: *[\r][\n]"
2021-12-16_19:01:28.092 [main] DEBUG org.apache.http.wire -  << "Content-Security-Policy: default-src 'none'[\r][\n]"
2021-12-16_19:01:28.092 [main] DEBUG org.apache.http.wire -  << "Feature-Policy: 'none'[\r][\n]"
2021-12-16_19:01:28.092 [main] DEBUG org.apache.http.wire -  << "Referrer-Policy: no-referrer[\r][\n]"
2021-12-16_19:01:28.092 [main] DEBUG org.apache.http.wire -  << "Strict-Transport-Security: max-age=31536000 ; includeSubDomains[\r][\n]"
2021-12-16_19:01:28.092 [main] DEBUG org.apache.http.wire -  << "Date: Thu, 16 Dec 2021 13:31:27 GMT[\r][\n]"
2021-12-16_19:01:28.092 [main] DEBUG org.apache.http.wire -  << "Keep-Alive: timeout=60[\r][\n]"
2021-12-16_19:01:28.092 [main] DEBUG org.apache.http.wire -  << "Content-Type: application/json[\r][\n]"
2021-12-16_19:01:28.093 [main] DEBUG org.apache.http.wire -  << "Transfer-Encoding: chunked[\r][\n]"
2021-12-16_19:01:28.093 [main] DEBUG org.apache.http.wire -  << "Connection: keep-alive[\r][\n]"
2021-12-16_19:01:28.093 [main] DEBUG org.apache.http.wire -  << "[\r][\n]"
2021-12-16_19:01:28.093 [main] DEBUG o.a.h.i.conn.DefaultClientConnection - Receiving response: HTTP/1.1 200 
2021-12-16_19:01:28.093 [main] DEBUG org.apache.http.headers - << HTTP/1.1 200 
2021-12-16_19:01:28.093 [main] DEBUG org.apache.http.headers - << Access-Control-Allow-Methods: GET, POST
2021-12-16_19:01:28.093 [main] DEBUG org.apache.http.headers - << Access-Control-Allow-Origin: *
2021-12-16_19:01:28.093 [main] DEBUG org.apache.http.headers - << Content-Security-Policy: default-src 'none'
2021-12-16_19:01:28.093 [main] DEBUG org.apache.http.headers - << Feature-Policy: 'none'
2021-12-16_19:01:28.093 [main] DEBUG org.apache.http.headers - << Referrer-Policy: no-referrer
2021-12-16_19:01:28.093 [main] DEBUG org.apache.http.headers - << Strict-Transport-Security: max-age=31536000 ; includeSubDomains
2021-12-16_19:01:28.093 [main] DEBUG org.apache.http.headers - << Date: Thu, 16 Dec 2021 13:31:27 GMT
2021-12-16_19:01:28.093 [main] DEBUG org.apache.http.headers - << Keep-Alive: timeout=60
2021-12-16_19:01:28.093 [main] DEBUG org.apache.http.headers - << Content-Type: application/json
2021-12-16_19:01:28.093 [main] DEBUG org.apache.http.headers - << Transfer-Encoding: chunked
2021-12-16_19:01:28.093 [main] DEBUG org.apache.http.headers - << Connection: keep-alive
2021-12-16_19:01:28.094 [main] DEBUG o.a.h.impl.client.DefaultHttpClient - Connection can be kept alive for 60000 MILLISECONDS
2021-12-16_19:01:28.094 [main] DEBUG i.r.i.RequestSpecificationImpl$RestAssuredHttpBuilder - Parsing response as: application/json
2021-12-16_19:01:28.095 [main] DEBUG i.r.i.RequestSpecificationImpl$RestAssuredHttpBuilder - Parsed data to instance of: class org.apache.http.conn.EofSensorInputStream
2021-12-16_19:01:28.095 [main] INFO  com.qc.BaseAPI - Method :GET
2021-12-16_19:01:28.097 [main] INFO  com.qc.BaseAPI - URI :https://apitest.pineperks.in/auth/V1/generate/token
2021-12-16_19:01:28.097 [main] INFO  com.qc.BaseAPI - Headers :userName=t3azPwts/6OSPTFxhCdYug==
Accept=*/*
Content-Type=application/json; charset=UTF-8
2021-12-16_19:01:28.097 [main] INFO  com.qc.BaseAPI - Body :null
2021-12-16_19:01:28.097 [main] INFO  com.qc.BaseAPI - ********************RESPONSE********************
2021-12-16_19:01:28.097 [main] DEBUG org.apache.http.wire -  << "7f[\r][\n]"
2021-12-16_19:01:28.097 [main] DEBUG org.apache.http.wire -  << "{"accessToken":"6d9e9b16c4634b82a663eeaf1493d60d","tokenExpiryTime":"17-Dec-2021","responseCode":0,"responseMessage":"Success"}"
2021-12-16_19:01:28.098 [main] DEBUG org.apache.http.wire -  << "[\r][\n]"
2021-12-16_19:01:28.098 [main] DEBUG org.apache.http.wire -  << "0[\r][\n]"
2021-12-16_19:01:28.098 [main] DEBUG org.apache.http.wire -  << "[\r][\n]"
2021-12-16_19:01:28.098 [main] DEBUG o.a.h.i.c.BasicClientConnectionManager - Releasing connection org.apache.http.impl.conn.ManagedClientConnectionImpl@1fef951b
2021-12-16_19:01:28.098 [main] DEBUG o.a.h.i.c.BasicClientConnectionManager - Connection can be kept alive for 60000 MILLISECONDS
2021-12-16_19:01:28.099 [main] INFO  com.qc.BaseAPI - Response :{
    "accessToken": "6d9e9b16c4634b82a663eeaf1493d60d",
    "tokenExpiryTime": "17-Dec-2021",
    "responseCode": 0,
    "responseMessage": "Success"
}
2021-12-16_19:01:28.099 [main] INFO  com.qc.BaseAPI -  **** GET call Response time 245 ms
2021-12-16_19:01:28.099 [main] INFO  pl.rest.service.Authorize - Time Taken to perform https://apitest.pineperks.in/auth/V1/generate/token transaction: 245
2021-12-16_19:01:28.106 [main] INFO  com.qc.qa.utils.TestDataReader - Reading Json data authorizeHeaders
2021-12-16_19:01:28.109 [main] INFO  com.qc.qa.utils.TestDataReader - Reading json data from file @ testData/api/devAPIData.json
2021-12-16_19:01:28.113 [main] INFO  pl.rest.service.CardIssue - CardIssue Rest API URL :- https://apitest.pineperks.in/card/order/V1/instant/issue/nonreloadable/digital
2021-12-16_19:01:28.113 [main] INFO  com.qc.BaseAPI - POST call to URL https://apitest.pineperks.in/card/order/V1/instant/issue/nonreloadable/digital
2021-12-16_19:01:28.119 [main] INFO  com.qc.BaseAPI - ********************REQUEST********************
2021-12-16_19:01:28.127 [main] DEBUG o.a.h.i.c.BasicClientConnectionManager - Get connection for route {s}->https://apitest.pineperks.in:443
2021-12-16_19:01:28.128 [main] DEBUG o.a.h.i.c.DefaultClientConnectionOperator - Connecting to apitest.pineperks.in:443
2021-12-16_19:01:28.244 [main] DEBUG o.a.h.c.protocol.RequestAddCookies - CookieSpec selected: ignoreCookies
2021-12-16_19:01:28.244 [main] DEBUG o.a.h.c.protocol.RequestAuthCache - Auth cache not set in the context
2021-12-16_19:01:28.245 [main] DEBUG o.a.h.c.p.RequestTargetAuthentication - Target auth state: UNCHALLENGED
2021-12-16_19:01:28.245 [main] DEBUG o.a.h.c.p.RequestProxyAuthentication - Proxy auth state: UNCHALLENGED
2021-12-16_19:01:28.245 [main] DEBUG o.a.h.impl.client.DefaultHttpClient - Attempt 1 to execute request
2021-12-16_19:01:28.245 [main] DEBUG o.a.h.i.conn.DefaultClientConnection - Sending request: POST /card/order/V1/instant/issue/nonreloadable/digital HTTP/1.1
2021-12-16_19:01:28.245 [main] DEBUG org.apache.http.wire -  >> "POST /card/order/V1/instant/issue/nonreloadable/digital HTTP/1.1[\r][\n]"
2021-12-16_19:01:28.245 [main] DEBUG org.apache.http.wire -  >> "Accept: */*[\r][\n]"
2021-12-16_19:01:28.246 [main] DEBUG org.apache.http.wire -  >> "userName: t3azPwts/6OSPTFxhCdYug==[\r][\n]"
2021-12-16_19:01:28.246 [main] DEBUG org.apache.http.wire -  >> "token: 6d9e9b16c4634b82a663eeaf1493d60d[\r][\n]"
2021-12-16_19:01:28.246 [main] DEBUG org.apache.http.wire -  >> "Content-Type: application/json; charset=UTF-8[\r][\n]"
2021-12-16_19:01:28.246 [main] DEBUG org.apache.http.wire -  >> "Content-Length: 229[\r][\n]"
2021-12-16_19:01:28.246 [main] DEBUG org.apache.http.wire -  >> "Host: apitest.pineperks.in[\r][\n]"
2021-12-16_19:01:28.246 [main] DEBUG org.apache.http.wire -  >> "Connection: Keep-Alive[\r][\n]"
2021-12-16_19:01:28.246 [main] DEBUG org.apache.http.wire -  >> "User-Agent: Apache-HttpClient/4.5.2 (Java/1.8.0_202)[\r][\n]"
2021-12-16_19:01:28.246 [main] DEBUG org.apache.http.wire -  >> "Accept-Encoding: gzip,deflate[\r][\n]"
2021-12-16_19:01:28.246 [main] DEBUG org.apache.http.wire -  >> "[\r][\n]"
2021-12-16_19:01:28.246 [main] DEBUG org.apache.http.headers - >> POST /card/order/V1/instant/issue/nonreloadable/digital HTTP/1.1
2021-12-16_19:01:28.246 [main] DEBUG org.apache.http.headers - >> Accept: */*
2021-12-16_19:01:28.246 [main] DEBUG org.apache.http.headers - >> userName: t3azPwts/6OSPTFxhCdYug==
2021-12-16_19:01:28.246 [main] DEBUG org.apache.http.headers - >> token: 6d9e9b16c4634b82a663eeaf1493d60d
2021-12-16_19:01:28.246 [main] DEBUG org.apache.http.headers - >> Content-Type: application/json; charset=UTF-8
2021-12-16_19:01:28.246 [main] DEBUG org.apache.http.headers - >> Content-Length: 229
2021-12-16_19:01:28.246 [main] DEBUG org.apache.http.headers - >> Host: apitest.pineperks.in
2021-12-16_19:01:28.246 [main] DEBUG org.apache.http.headers - >> Connection: Keep-Alive
2021-12-16_19:01:28.246 [main] DEBUG org.apache.http.headers - >> User-Agent: Apache-HttpClient/4.5.2 (Java/1.8.0_202)
2021-12-16_19:01:28.247 [main] DEBUG org.apache.http.headers - >> Accept-Encoding: gzip,deflate
2021-12-16_19:01:28.247 [main] DEBUG org.apache.http.wire -  >> "{"isLinkToBeSentOnMobile":true,"checksum":"5x3GNrnStyS2PkMvV6EeAw==","cardDetailList":[{"amount":"1000","mobileNumber":"8284854535","customerName":"afzal","email":"afzal.ahmed@"}],"externalRequestId":"6skmL1J","cardSchemeId":"7"}"
2021-12-16_19:01:28.573 [main] DEBUG org.apache.http.wire -  << "HTTP/1.1 200 [\r][\n]"
2021-12-16_19:01:28.573 [main] DEBUG org.apache.http.wire -  << "Access-Control-Allow-Methods: GET, POST[\r][\n]"
2021-12-16_19:01:28.573 [main] DEBUG org.apache.http.wire -  << "Access-Control-Allow-Origin: *[\r][\n]"
2021-12-16_19:01:28.573 [main] DEBUG org.apache.http.wire -  << "Content-Security-Policy: default-src 'none'[\r][\n]"
2021-12-16_19:01:28.573 [main] DEBUG org.apache.http.wire -  << "Feature-Policy: 'none'[\r][\n]"
2021-12-16_19:01:28.573 [main] DEBUG org.apache.http.wire -  << "Referrer-Policy: no-referrer[\r][\n]"
2021-12-16_19:01:28.573 [main] DEBUG org.apache.http.wire -  << "Strict-Transport-Security: max-age=31536000 ; includeSubDomains[\r][\n]"
2021-12-16_19:01:28.573 [main] DEBUG org.apache.http.wire -  << "Date: Thu, 16 Dec 2021 13:31:28 GMT[\r][\n]"
2021-12-16_19:01:28.573 [main] DEBUG org.apache.http.wire -  << "Keep-Alive: timeout=60[\r][\n]"
2021-12-16_19:01:28.574 [main] DEBUG org.apache.http.wire -  << "Content-Type: application/json[\r][\n]"
2021-12-16_19:01:28.574 [main] DEBUG org.apache.http.wire -  << "Transfer-Encoding: chunked[\r][\n]"
2021-12-16_19:01:28.574 [main] DEBUG org.apache.http.wire -  << "Connection: keep-alive[\r][\n]"
2021-12-16_19:01:28.574 [main] DEBUG org.apache.http.wire -  << "[\r][\n]"
2021-12-16_19:01:28.574 [main] DEBUG o.a.h.i.conn.DefaultClientConnection - Receiving response: HTTP/1.1 200 
2021-12-16_19:01:28.574 [main] DEBUG org.apache.http.headers - << HTTP/1.1 200 
2021-12-16_19:01:28.574 [main] DEBUG org.apache.http.headers - << Access-Control-Allow-Methods: GET, POST
2021-12-16_19:01:28.574 [main] DEBUG org.apache.http.headers - << Access-Control-Allow-Origin: *
2021-12-16_19:01:28.574 [main] DEBUG org.apache.http.headers - << Content-Security-Policy: default-src 'none'
2021-12-16_19:01:28.574 [main] DEBUG org.apache.http.headers - << Feature-Policy: 'none'
2021-12-16_19:01:28.574 [main] DEBUG org.apache.http.headers - << Referrer-Policy: no-referrer
2021-12-16_19:01:28.574 [main] DEBUG org.apache.http.headers - << Strict-Transport-Security: max-age=31536000 ; includeSubDomains
2021-12-16_19:01:28.574 [main] DEBUG org.apache.http.headers - << Date: Thu, 16 Dec 2021 13:31:28 GMT
2021-12-16_19:01:28.574 [main] DEBUG org.apache.http.headers - << Keep-Alive: timeout=60
2021-12-16_19:01:28.574 [main] DEBUG org.apache.http.headers - << Content-Type: application/json
2021-12-16_19:01:28.574 [main] DEBUG org.apache.http.headers - << Transfer-Encoding: chunked
2021-12-16_19:01:28.574 [main] DEBUG org.apache.http.headers - << Connection: keep-alive
2021-12-16_19:01:28.575 [main] DEBUG o.a.h.impl.client.DefaultHttpClient - Connection can be kept alive for 60000 MILLISECONDS
2021-12-16_19:01:28.576 [main] DEBUG i.r.i.RequestSpecificationImpl$RestAssuredHttpBuilder - Parsing response as: application/json
2021-12-16_19:01:28.576 [main] DEBUG i.r.i.RequestSpecificationImpl$RestAssuredHttpBuilder - Parsed data to instance of: class org.apache.http.conn.EofSensorInputStream
2021-12-16_19:01:28.576 [main] INFO  com.qc.BaseAPI - Method :POST
2021-12-16_19:01:28.578 [main] INFO  com.qc.BaseAPI - URI :https://apitest.pineperks.in/card/order/V1/instant/issue/nonreloadable/digital
2021-12-16_19:01:28.578 [main] INFO  com.qc.BaseAPI - Headers :token=6d9e9b16c4634b82a663eeaf1493d60d
userName=t3azPwts/6OSPTFxhCdYug==
Accept=*/*
Content-Type=application/json; charset=UTF-8
2021-12-16_19:01:28.578 [main] INFO  com.qc.BaseAPI - Body :{"isLinkToBeSentOnMobile":true,"checksum":"5x3GNrnStyS2PkMvV6EeAw==","cardDetailList":[{"amount":"1000","mobileNumber":"8284854535","customerName":"afzal","email":"afzal.ahmed@"}],"externalRequestId":"6skmL1J","cardSchemeId":"7"}
2021-12-16_19:01:28.578 [main] INFO  com.qc.BaseAPI - ********************RESPONSE********************
2021-12-16_19:01:28.578 [main] DEBUG org.apache.http.wire -  << "1d1[\r][\n]"
2021-12-16_19:01:28.578 [main] DEBUG org.apache.http.wire -  << "{"externalRequestId":"6skmL1J","orderId":null,"orderStatus":null,"cardDetailResponseList":[{"referenceNumber":null,"serialNumber":null,"customerName":"afzal","mobileNumber":8284854535,"email":"afzal.ahmed@","amount":1000,"cardLink":null,"responseCode":13,"responseMessage":"- email : Email Format is not valid"}],"successCount":0,"failedCount":1,"orderAmount":null,"issuanceCharge":null,"netOrderAmount":null,"responseCode":13,"responseMessage":"Invalid card data"}"
2021-12-16_19:01:28.578 [main] DEBUG org.apache.http.wire -  << "[\r][\n]"
2021-12-16_19:01:28.579 [main] DEBUG org.apache.http.wire -  << "0[\r][\n]"
2021-12-16_19:01:28.580 [main] DEBUG org.apache.http.wire -  << "[\r][\n]"
2021-12-16_19:01:28.580 [main] DEBUG o.a.h.i.c.BasicClientConnectionManager - Releasing connection org.apache.http.impl.conn.ManagedClientConnectionImpl@283d7925
2021-12-16_19:01:28.580 [main] DEBUG o.a.h.i.c.BasicClientConnectionManager - Connection can be kept alive for 60000 MILLISECONDS
2021-12-16_19:01:28.582 [main] INFO  com.qc.BaseAPI - Response :{
    "externalRequestId": "6skmL1J",
    "orderId": null,
    "orderStatus": null,
    "cardDetailResponseList": [
        {
            "referenceNumber": null,
            "serialNumber": null,
            "customerName": "afzal",
            "mobileNumber": 8284854535,
            "email": "afzal.ahmed@",
            "amount": 1000,
            "cardLink": null,
            "responseCode": 13,
            "responseMessage": "- email : Email Format is not valid"
        }
    ],
    "successCount": 0,
    "failedCount": 1,
    "orderAmount": null,
    "issuanceCharge": null,
    "netOrderAmount": null,
    "responseCode": 13,
    "responseMessage": "Invalid card data"
}
2021-12-16_19:01:28.583 [main] INFO  com.qc.BaseAPI -  **** POST call Response time 456 ms
2021-12-16_19:01:28.583 [main] INFO  pl.rest.service.CardIssue - Time Taken to perform https://apitest.pineperks.in/card/order/V1/instant/issue/nonreloadable/digital transaction: 456
2021-12-16_19:01:28.622 [Finalizer] DEBUG o.a.h.i.conn.DefaultClientConnection - Connection 0.0.0.0:53351<->14.143.120.84:443 closed
2021-12-16_19:01:28.650 [Finalizer] DEBUG o.a.h.i.conn.DefaultClientConnection - Connection 0.0.0.0:53350<->14.143.120.84:443 closed
2021-12-16_19:01:28.652 [Finalizer] DEBUG o.a.h.i.conn.DefaultClientConnection - Connection 0.0.0.0:53349<->14.143.120.84:443 closed
2021-12-16_19:01:28.777 [main] INFO  pl.rest.service.Authorize - Authorize Rest API URL :- https://apitest.pineperks.in/auth/V1/generate/token
2021-12-16_19:01:28.777 [main] INFO  com.qc.BaseAPI - GET call to URL https://apitest.pineperks.in/auth/V1/generate/token
2021-12-16_19:01:28.778 [main] INFO  com.qc.BaseAPI - ********************REQUEST********************
2021-12-16_19:01:28.783 [main] DEBUG o.a.h.i.c.BasicClientConnectionManager - Get connection for route {s}->https://apitest.pineperks.in:443
2021-12-16_19:01:28.784 [main] DEBUG o.a.h.i.c.DefaultClientConnectionOperator - Connecting to apitest.pineperks.in:443
2021-12-16_19:01:28.894 [main] DEBUG o.a.h.c.protocol.RequestAddCookies - CookieSpec selected: ignoreCookies
2021-12-16_19:01:28.894 [main] DEBUG o.a.h.c.protocol.RequestAuthCache - Auth cache not set in the context
2021-12-16_19:01:28.894 [main] DEBUG o.a.h.c.p.RequestTargetAuthentication - Target auth state: UNCHALLENGED
2021-12-16_19:01:28.895 [main] DEBUG o.a.h.c.p.RequestProxyAuthentication - Proxy auth state: UNCHALLENGED
2021-12-16_19:01:28.895 [main] DEBUG o.a.h.impl.client.DefaultHttpClient - Attempt 1 to execute request
2021-12-16_19:01:28.895 [main] DEBUG o.a.h.i.conn.DefaultClientConnection - Sending request: GET /auth/V1/generate/token HTTP/1.1
2021-12-16_19:01:28.895 [main] DEBUG org.apache.http.wire -  >> "GET /auth/V1/generate/token HTTP/1.1[\r][\n]"
2021-12-16_19:01:28.895 [main] DEBUG org.apache.http.wire -  >> "Content-Type: application/json; charset=UTF-8[\r][\n]"
2021-12-16_19:01:28.895 [main] DEBUG org.apache.http.wire -  >> "Accept: */*[\r][\n]"
2021-12-16_19:01:28.895 [main] DEBUG org.apache.http.wire -  >> "userName: t3azPwts/6OSPTFxhCdYug==[\r][\n]"
2021-12-16_19:01:28.895 [main] DEBUG org.apache.http.wire -  >> "Host: apitest.pineperks.in[\r][\n]"
2021-12-16_19:01:28.895 [main] DEBUG org.apache.http.wire -  >> "Connection: Keep-Alive[\r][\n]"
2021-12-16_19:01:28.895 [main] DEBUG org.apache.http.wire -  >> "User-Agent: Apache-HttpClient/4.5.2 (Java/1.8.0_202)[\r][\n]"
2021-12-16_19:01:28.895 [main] DEBUG org.apache.http.wire -  >> "Accept-Encoding: gzip,deflate[\r][\n]"
2021-12-16_19:01:28.895 [main] DEBUG org.apache.http.wire -  >> "[\r][\n]"
2021-12-16_19:01:28.895 [main] DEBUG org.apache.http.headers - >> GET /auth/V1/generate/token HTTP/1.1
2021-12-16_19:01:28.895 [main] DEBUG org.apache.http.headers - >> Content-Type: application/json; charset=UTF-8
2021-12-16_19:01:28.895 [main] DEBUG org.apache.http.headers - >> Accept: */*
2021-12-16_19:01:28.895 [main] DEBUG org.apache.http.headers - >> userName: t3azPwts/6OSPTFxhCdYug==
2021-12-16_19:01:28.896 [main] DEBUG org.apache.http.headers - >> Host: apitest.pineperks.in
2021-12-16_19:01:28.896 [main] DEBUG org.apache.http.headers - >> Connection: Keep-Alive
2021-12-16_19:01:28.896 [main] DEBUG org.apache.http.headers - >> User-Agent: Apache-HttpClient/4.5.2 (Java/1.8.0_202)
2021-12-16_19:01:28.896 [main] DEBUG org.apache.http.headers - >> Accept-Encoding: gzip,deflate
2021-12-16_19:01:29.051 [main] DEBUG org.apache.http.wire -  << "HTTP/1.1 200 [\r][\n]"
2021-12-16_19:01:29.052 [main] DEBUG org.apache.http.wire -  << "Access-Control-Allow-Methods: GET, POST[\r][\n]"
2021-12-16_19:01:29.052 [main] DEBUG org.apache.http.wire -  << "Access-Control-Allow-Origin: *[\r][\n]"
2021-12-16_19:01:29.052 [main] DEBUG org.apache.http.wire -  << "Content-Security-Policy: default-src 'none'[\r][\n]"
2021-12-16_19:01:29.052 [main] DEBUG org.apache.http.wire -  << "Feature-Policy: 'none'[\r][\n]"
2021-12-16_19:01:29.052 [main] DEBUG org.apache.http.wire -  << "Referrer-Policy: no-referrer[\r][\n]"
2021-12-16_19:01:29.052 [main] DEBUG org.apache.http.wire -  << "Strict-Transport-Security: max-age=31536000 ; includeSubDomains[\r][\n]"
2021-12-16_19:01:29.052 [main] DEBUG org.apache.http.wire -  << "Date: Thu, 16 Dec 2021 13:31:28 GMT[\r][\n]"
2021-12-16_19:01:29.052 [main] DEBUG org.apache.http.wire -  << "Keep-Alive: timeout=60[\r][\n]"
2021-12-16_19:01:29.052 [main] DEBUG org.apache.http.wire -  << "Content-Type: application/json[\r][\n]"
2021-12-16_19:01:29.052 [main] DEBUG org.apache.http.wire -  << "Transfer-Encoding: chunked[\r][\n]"
2021-12-16_19:01:29.053 [main] DEBUG org.apache.http.wire -  << "Connection: keep-alive[\r][\n]"
2021-12-16_19:01:29.053 [main] DEBUG org.apache.http.wire -  << "[\r][\n]"
2021-12-16_19:01:29.053 [main] DEBUG o.a.h.i.conn.DefaultClientConnection - Receiving response: HTTP/1.1 200 
2021-12-16_19:01:29.053 [main] DEBUG org.apache.http.headers - << HTTP/1.1 200 
2021-12-16_19:01:29.053 [main] DEBUG org.apache.http.headers - << Access-Control-Allow-Methods: GET, POST
2021-12-16_19:01:29.053 [main] DEBUG org.apache.http.headers - << Access-Control-Allow-Origin: *
2021-12-16_19:01:29.053 [main] DEBUG org.apache.http.headers - << Content-Security-Policy: default-src 'none'
2021-12-16_19:01:29.053 [main] DEBUG org.apache.http.headers - << Feature-Policy: 'none'
2021-12-16_19:01:29.053 [main] DEBUG org.apache.http.headers - << Referrer-Policy: no-referrer
2021-12-16_19:01:29.053 [main] DEBUG org.apache.http.headers - << Strict-Transport-Security: max-age=31536000 ; includeSubDomains
2021-12-16_19:01:29.053 [main] DEBUG org.apache.http.headers - << Date: Thu, 16 Dec 2021 13:31:28 GMT
2021-12-16_19:01:29.053 [main] DEBUG org.apache.http.headers - << Keep-Alive: timeout=60
2021-12-16_19:01:29.054 [main] DEBUG org.apache.http.headers - << Content-Type: application/json
2021-12-16_19:01:29.054 [main] DEBUG org.apache.http.headers - << Transfer-Encoding: chunked
2021-12-16_19:01:29.054 [main] DEBUG org.apache.http.headers - << Connection: keep-alive
2021-12-16_19:01:29.054 [main] DEBUG o.a.h.impl.client.DefaultHttpClient - Connection can be kept alive for 60000 MILLISECONDS
2021-12-16_19:01:29.055 [main] DEBUG i.r.i.RequestSpecificationImpl$RestAssuredHttpBuilder - Parsing response as: application/json
2021-12-16_19:01:29.056 [main] DEBUG i.r.i.RequestSpecificationImpl$RestAssuredHttpBuilder - Parsed data to instance of: class org.apache.http.conn.EofSensorInputStream
2021-12-16_19:01:29.056 [main] INFO  com.qc.BaseAPI - Method :GET
2021-12-16_19:01:29.058 [main] INFO  com.qc.BaseAPI - URI :https://apitest.pineperks.in/auth/V1/generate/token
2021-12-16_19:01:29.058 [main] INFO  com.qc.BaseAPI - Headers :userName=t3azPwts/6OSPTFxhCdYug==
Accept=*/*
Content-Type=application/json; charset=UTF-8
2021-12-16_19:01:29.058 [main] INFO  com.qc.BaseAPI - Body :null
2021-12-16_19:01:29.058 [main] INFO  com.qc.BaseAPI - ********************RESPONSE********************
2021-12-16_19:01:29.058 [main] DEBUG org.apache.http.wire -  << "7f[\r][\n]"
2021-12-16_19:01:29.058 [main] DEBUG org.apache.http.wire -  << "{"accessToken":"74cbdf39fde7456db73843c9bc3b1142","tokenExpiryTime":"17-Dec-2021","responseCode":0,"responseMessage":"Success"}"
2021-12-16_19:01:29.058 [main] DEBUG org.apache.http.wire -  << "[\r][\n]"
2021-12-16_19:01:29.059 [main] DEBUG org.apache.http.wire -  << "0[\r][\n]"
2021-12-16_19:01:29.059 [main] DEBUG org.apache.http.wire -  << "[\r][\n]"
2021-12-16_19:01:29.059 [main] DEBUG o.a.h.i.c.BasicClientConnectionManager - Releasing connection org.apache.http.impl.conn.ManagedClientConnectionImpl@6652449f
2021-12-16_19:01:29.059 [main] DEBUG o.a.h.i.c.BasicClientConnectionManager - Connection can be kept alive for 60000 MILLISECONDS
2021-12-16_19:01:29.060 [main] INFO  com.qc.BaseAPI - Response :{
    "accessToken": "74cbdf39fde7456db73843c9bc3b1142",
    "tokenExpiryTime": "17-Dec-2021",
    "responseCode": 0,
    "responseMessage": "Success"
}
2021-12-16_19:01:29.061 [main] INFO  com.qc.BaseAPI -  **** GET call Response time 276 ms
2021-12-16_19:01:29.061 [main] INFO  pl.rest.service.Authorize - Time Taken to perform https://apitest.pineperks.in/auth/V1/generate/token transaction: 276
2021-12-16_19:01:29.066 [main] INFO  com.qc.qa.utils.TestDataReader - Reading Json data authorizeHeaders
2021-12-16_19:01:29.070 [main] INFO  com.qc.qa.utils.TestDataReader - Reading json data from file @ testData/api/devAPIData.json
2021-12-16_19:01:29.072 [main] INFO  pl.rest.service.CardIssue - CardIssue Rest API URL :- https://apitest.pineperks.in/card/order/V1/instant/issue/nonreloadable/digital
2021-12-16_19:01:29.073 [main] INFO  com.qc.BaseAPI - POST call to URL https://apitest.pineperks.in/card/order/V1/instant/issue/nonreloadable/digital
2021-12-16_19:01:29.079 [main] INFO  com.qc.BaseAPI - ********************REQUEST********************
2021-12-16_19:01:29.091 [main] DEBUG o.a.h.i.c.BasicClientConnectionManager - Get connection for route {s}->https://apitest.pineperks.in:443
2021-12-16_19:01:29.091 [main] DEBUG o.a.h.i.c.DefaultClientConnectionOperator - Connecting to apitest.pineperks.in:443
2021-12-16_19:01:29.219 [main] DEBUG o.a.h.c.protocol.RequestAddCookies - CookieSpec selected: ignoreCookies
2021-12-16_19:01:29.219 [main] DEBUG o.a.h.c.protocol.RequestAuthCache - Auth cache not set in the context
2021-12-16_19:01:29.219 [main] DEBUG o.a.h.c.p.RequestTargetAuthentication - Target auth state: UNCHALLENGED
2021-12-16_19:01:29.219 [main] DEBUG o.a.h.c.p.RequestProxyAuthentication - Proxy auth state: UNCHALLENGED
2021-12-16_19:01:29.219 [main] DEBUG o.a.h.impl.client.DefaultHttpClient - Attempt 1 to execute request
2021-12-16_19:01:29.219 [main] DEBUG o.a.h.i.conn.DefaultClientConnection - Sending request: POST /card/order/V1/instant/issue/nonreloadable/digital HTTP/1.1
2021-12-16_19:01:29.219 [main] DEBUG org.apache.http.wire -  >> "POST /card/order/V1/instant/issue/nonreloadable/digital HTTP/1.1[\r][\n]"
2021-12-16_19:01:29.219 [main] DEBUG org.apache.http.wire -  >> "Accept: */*[\r][\n]"
2021-12-16_19:01:29.219 [main] DEBUG org.apache.http.wire -  >> "userName: t3azPwts/6OSPTFxhCdYug==[\r][\n]"
2021-12-16_19:01:29.219 [main] DEBUG org.apache.http.wire -  >> "token: 74cbdf39fde7456db73843c9bc3b1142[\r][\n]"
2021-12-16_19:01:29.219 [main] DEBUG org.apache.http.wire -  >> "Content-Type: application/json; charset=UTF-8[\r][\n]"
2021-12-16_19:01:29.219 [main] DEBUG org.apache.http.wire -  >> "Content-Length: 233[\r][\n]"
2021-12-16_19:01:29.219 [main] DEBUG org.apache.http.wire -  >> "Host: apitest.pineperks.in[\r][\n]"
2021-12-16_19:01:29.220 [main] DEBUG org.apache.http.wire -  >> "Connection: Keep-Alive[\r][\n]"
2021-12-16_19:01:29.220 [main] DEBUG org.apache.http.wire -  >> "User-Agent: Apache-HttpClient/4.5.2 (Java/1.8.0_202)[\r][\n]"
2021-12-16_19:01:29.220 [main] DEBUG org.apache.http.wire -  >> "Accept-Encoding: gzip,deflate[\r][\n]"
2021-12-16_19:01:29.220 [main] DEBUG org.apache.http.wire -  >> "[\r][\n]"
2021-12-16_19:01:29.220 [main] DEBUG org.apache.http.headers - >> POST /card/order/V1/instant/issue/nonreloadable/digital HTTP/1.1
2021-12-16_19:01:29.220 [main] DEBUG org.apache.http.headers - >> Accept: */*
2021-12-16_19:01:29.220 [main] DEBUG org.apache.http.headers - >> userName: t3azPwts/6OSPTFxhCdYug==
2021-12-16_19:01:29.220 [main] DEBUG org.apache.http.headers - >> token: 74cbdf39fde7456db73843c9bc3b1142
2021-12-16_19:01:29.220 [main] DEBUG org.apache.http.headers - >> Content-Type: application/json; charset=UTF-8
2021-12-16_19:01:29.220 [main] DEBUG org.apache.http.headers - >> Content-Length: 233
2021-12-16_19:01:29.220 [main] DEBUG org.apache.http.headers - >> Host: apitest.pineperks.in
2021-12-16_19:01:29.220 [main] DEBUG org.apache.http.headers - >> Connection: Keep-Alive
2021-12-16_19:01:29.220 [main] DEBUG org.apache.http.headers - >> User-Agent: Apache-HttpClient/4.5.2 (Java/1.8.0_202)
2021-12-16_19:01:29.220 [main] DEBUG org.apache.http.headers - >> Accept-Encoding: gzip,deflate
2021-12-16_19:01:29.220 [main] DEBUG org.apache.http.wire -  >> "{"isLinkToBeSentOnMobile":true,"checksum":"5x3GNrnStyS2PkMvV6EeAw==","cardDetailList":[{"amount":"99999999","mobileNumber":"8284854535","customerName":"afzal","email":"afzal.ahmed@"}],"externalRequestId":"ZFfePIE","cardSchemeId":"7"}"
2021-12-16_19:01:29.649 [main] DEBUG org.apache.http.wire -  << "HTTP/1.1 200 [\r][\n]"
2021-12-16_19:01:29.650 [main] DEBUG org.apache.http.wire -  << "Access-Control-Allow-Methods: GET, POST[\r][\n]"
2021-12-16_19:01:29.650 [main] DEBUG org.apache.http.wire -  << "Access-Control-Allow-Origin: *[\r][\n]"
2021-12-16_19:01:29.650 [main] DEBUG org.apache.http.wire -  << "Content-Security-Policy: default-src 'none'[\r][\n]"
2021-12-16_19:01:29.650 [main] DEBUG org.apache.http.wire -  << "Feature-Policy: 'none'[\r][\n]"
2021-12-16_19:01:29.650 [main] DEBUG org.apache.http.wire -  << "Referrer-Policy: no-referrer[\r][\n]"
2021-12-16_19:01:29.650 [main] DEBUG org.apache.http.wire -  << "Strict-Transport-Security: max-age=31536000 ; includeSubDomains[\r][\n]"
2021-12-16_19:01:29.650 [main] DEBUG org.apache.http.wire -  << "Date: Thu, 16 Dec 2021 13:31:29 GMT[\r][\n]"
2021-12-16_19:01:29.650 [main] DEBUG org.apache.http.wire -  << "Keep-Alive: timeout=60[\r][\n]"
2021-12-16_19:01:29.650 [main] DEBUG org.apache.http.wire -  << "Content-Type: application/json[\r][\n]"
2021-12-16_19:01:29.650 [main] DEBUG org.apache.http.wire -  << "Transfer-Encoding: chunked[\r][\n]"
2021-12-16_19:01:29.650 [main] DEBUG org.apache.http.wire -  << "Connection: keep-alive[\r][\n]"
2021-12-16_19:01:29.651 [main] DEBUG org.apache.http.wire -  << "[\r][\n]"
2021-12-16_19:01:29.651 [main] DEBUG o.a.h.i.conn.DefaultClientConnection - Receiving response: HTTP/1.1 200 
2021-12-16_19:01:29.651 [main] DEBUG org.apache.http.headers - << HTTP/1.1 200 
2021-12-16_19:01:29.651 [main] DEBUG org.apache.http.headers - << Access-Control-Allow-Methods: GET, POST
2021-12-16_19:01:29.651 [main] DEBUG org.apache.http.headers - << Access-Control-Allow-Origin: *
2021-12-16_19:01:29.651 [main] DEBUG org.apache.http.headers - << Content-Security-Policy: default-src 'none'
2021-12-16_19:01:29.651 [main] DEBUG org.apache.http.headers - << Feature-Policy: 'none'
2021-12-16_19:01:29.651 [main] DEBUG org.apache.http.headers - << Referrer-Policy: no-referrer
2021-12-16_19:01:29.651 [main] DEBUG org.apache.http.headers - << Strict-Transport-Security: max-age=31536000 ; includeSubDomains
2021-12-16_19:01:29.651 [main] DEBUG org.apache.http.headers - << Date: Thu, 16 Dec 2021 13:31:29 GMT
2021-12-16_19:01:29.651 [main] DEBUG org.apache.http.headers - << Keep-Alive: timeout=60
2021-12-16_19:01:29.651 [main] DEBUG org.apache.http.headers - << Content-Type: application/json
2021-12-16_19:01:29.651 [main] DEBUG org.apache.http.headers - << Transfer-Encoding: chunked
2021-12-16_19:01:29.652 [main] DEBUG org.apache.http.headers - << Connection: keep-alive
2021-12-16_19:01:29.652 [main] DEBUG o.a.h.impl.client.DefaultHttpClient - Connection can be kept alive for 60000 MILLISECONDS
2021-12-16_19:01:29.653 [main] DEBUG i.r.i.RequestSpecificationImpl$RestAssuredHttpBuilder - Parsing response as: application/json
2021-12-16_19:01:29.653 [main] DEBUG i.r.i.RequestSpecificationImpl$RestAssuredHttpBuilder - Parsed data to instance of: class org.apache.http.conn.EofSensorInputStream
2021-12-16_19:01:29.654 [main] INFO  com.qc.BaseAPI - Method :POST
2021-12-16_19:01:29.655 [main] INFO  com.qc.BaseAPI - URI :https://apitest.pineperks.in/card/order/V1/instant/issue/nonreloadable/digital
2021-12-16_19:01:29.656 [main] INFO  com.qc.BaseAPI - Headers :token=74cbdf39fde7456db73843c9bc3b1142
userName=t3azPwts/6OSPTFxhCdYug==
Accept=*/*
Content-Type=application/json; charset=UTF-8
2021-12-16_19:01:29.656 [main] INFO  com.qc.BaseAPI - Body :{"isLinkToBeSentOnMobile":true,"checksum":"5x3GNrnStyS2PkMvV6EeAw==","cardDetailList":[{"amount":"99999999","mobileNumber":"8284854535","customerName":"afzal","email":"afzal.ahmed@"}],"externalRequestId":"ZFfePIE","cardSchemeId":"7"}
2021-12-16_19:01:29.656 [main] INFO  com.qc.BaseAPI - ********************RESPONSE********************
2021-12-16_19:01:29.656 [main] DEBUG org.apache.http.wire -  << "1d5[\r][\n]"
2021-12-16_19:01:29.656 [main] DEBUG org.apache.http.wire -  << "{"externalRequestId":"ZFfePIE","orderId":null,"orderStatus":null,"cardDetailResponseList":[{"referenceNumber":null,"serialNumber":null,"customerName":"afzal","mobileNumber":8284854535,"email":"afzal.ahmed@","amount":99999999,"cardLink":null,"responseCode":13,"responseMessage":"- email : Email Format is not valid"}],"successCount":0,"failedCount":1,"orderAmount":null,"issuanceCharge":null,"netOrderAmount":null,"responseCode":13,"responseMessage":"Invalid card data"}"
2021-12-16_19:01:29.656 [main] DEBUG org.apache.http.wire -  << "[\r][\n]"
2021-12-16_19:01:29.656 [main] DEBUG org.apache.http.wire -  << "0[\r][\n]"
2021-12-16_19:01:29.656 [main] DEBUG org.apache.http.wire -  << "[\r][\n]"
2021-12-16_19:01:29.656 [main] DEBUG o.a.h.i.c.BasicClientConnectionManager - Releasing connection org.apache.http.impl.conn.ManagedClientConnectionImpl@4b9d52b2
2021-12-16_19:01:29.656 [main] DEBUG o.a.h.i.c.BasicClientConnectionManager - Connection can be kept alive for 60000 MILLISECONDS
2021-12-16_19:01:29.657 [main] INFO  com.qc.BaseAPI - Response :{
    "externalRequestId": "ZFfePIE",
    "orderId": null,
    "orderStatus": null,
    "cardDetailResponseList": [
        {
            "referenceNumber": null,
            "serialNumber": null,
            "customerName": "afzal",
            "mobileNumber": 8284854535,
            "email": "afzal.ahmed@",
            "amount": 99999999,
            "cardLink": null,
            "responseCode": 13,
            "responseMessage": "- email : Email Format is not valid"
        }
    ],
    "successCount": 0,
    "failedCount": 1,
    "orderAmount": null,
    "issuanceCharge": null,
    "netOrderAmount": null,
    "responseCode": 13,
    "responseMessage": "Invalid card data"
}
2021-12-16_19:01:29.658 [main] INFO  com.qc.BaseAPI -  **** POST call Response time 573 ms
2021-12-16_19:01:29.659 [main] INFO  pl.rest.service.CardIssue - Time Taken to perform https://apitest.pineperks.in/card/order/V1/instant/issue/nonreloadable/digital transaction: 573
