2021-12-15_16:57:43.582 [main] INFO  com.qc.qa.utils.TestDataReader - Reading API Test Data config values from  testData/api/devAPITestData.properties
2021-12-15_16:57:43.587 [main] INFO  pl.rest.service.Authorize - Authorize Rest API URL :- https://apitest.pineperks.in/auth/V1/generate/token
2021-12-15_16:57:43.587 [main] INFO  com.qc.BaseAPI - GET call to URL https://apitest.pineperks.in/auth/V1/generate/token
2021-12-15_16:57:43.766 [main] INFO  com.qc.BaseAPI - ********************REQUEST********************
2021-12-15_16:57:45.923 [main] DEBUG o.a.h.i.c.BasicClientConnectionManager - Get connection for route {s}->https://apitest.pineperks.in:443
2021-12-15_16:57:46.039 [main] DEBUG o.a.h.i.c.DefaultClientConnectionOperator - Connecting to apitest.pineperks.in:443
2021-12-15_16:57:46.312 [main] DEBUG o.a.h.c.protocol.RequestAddCookies - CookieSpec selected: ignoreCookies
2021-12-15_16:57:46.314 [main] DEBUG o.a.h.c.protocol.RequestAuthCache - Auth cache not set in the context
2021-12-15_16:57:46.315 [main] DEBUG o.a.h.c.p.RequestTargetAuthentication - Target auth state: UNCHALLENGED
2021-12-15_16:57:46.317 [main] DEBUG o.a.h.c.p.RequestProxyAuthentication - Proxy auth state: UNCHALLENGED
2021-12-15_16:57:46.318 [main] DEBUG o.a.h.impl.client.DefaultHttpClient - Attempt 1 to execute request
2021-12-15_16:57:46.319 [main] DEBUG o.a.h.i.conn.DefaultClientConnection - Sending request: GET /auth/V1/generate/token HTTP/1.1
2021-12-15_16:57:46.320 [main] DEBUG org.apache.http.wire -  >> "GET /auth/V1/generate/token HTTP/1.1[\r][\n]"
2021-12-15_16:57:46.322 [main] DEBUG org.apache.http.wire -  >> "Content-Type: application/json; charset=UTF-8[\r][\n]"
2021-12-15_16:57:46.323 [main] DEBUG org.apache.http.wire -  >> "Accept: */*[\r][\n]"
2021-12-15_16:57:46.323 [main] DEBUG org.apache.http.wire -  >> "userName: A0aCcnPzDANtKmvSLPKcaw==[\r][\n]"
2021-12-15_16:57:46.323 [main] DEBUG org.apache.http.wire -  >> "Host: apitest.pineperks.in[\r][\n]"
2021-12-15_16:57:46.324 [main] DEBUG org.apache.http.wire -  >> "Connection: Keep-Alive[\r][\n]"
2021-12-15_16:57:46.324 [main] DEBUG org.apache.http.wire -  >> "User-Agent: Apache-HttpClient/4.5.2 (Java/1.8.0_202)[\r][\n]"
2021-12-15_16:57:46.324 [main] DEBUG org.apache.http.wire -  >> "Accept-Encoding: gzip,deflate[\r][\n]"
2021-12-15_16:57:46.324 [main] DEBUG org.apache.http.wire -  >> "[\r][\n]"
2021-12-15_16:57:46.325 [main] DEBUG org.apache.http.headers - >> GET /auth/V1/generate/token HTTP/1.1
2021-12-15_16:57:46.325 [main] DEBUG org.apache.http.headers - >> Content-Type: application/json; charset=UTF-8
2021-12-15_16:57:46.325 [main] DEBUG org.apache.http.headers - >> Accept: */*
2021-12-15_16:57:46.326 [main] DEBUG org.apache.http.headers - >> userName: A0aCcnPzDANtKmvSLPKcaw==
2021-12-15_16:57:46.326 [main] DEBUG org.apache.http.headers - >> Host: apitest.pineperks.in
2021-12-15_16:57:46.326 [main] DEBUG org.apache.http.headers - >> Connection: Keep-Alive
2021-12-15_16:57:46.326 [main] DEBUG org.apache.http.headers - >> User-Agent: Apache-HttpClient/4.5.2 (Java/1.8.0_202)
2021-12-15_16:57:46.326 [main] DEBUG org.apache.http.headers - >> Accept-Encoding: gzip,deflate
2021-12-15_16:57:46.549 [main] DEBUG org.apache.http.wire -  << "HTTP/1.1 200 [\r][\n]"
2021-12-15_16:57:46.552 [main] DEBUG org.apache.http.wire -  << "Access-Control-Allow-Methods: GET, POST[\r][\n]"
2021-12-15_16:57:46.553 [main] DEBUG org.apache.http.wire -  << "Access-Control-Allow-Origin: *[\r][\n]"
2021-12-15_16:57:46.554 [main] DEBUG org.apache.http.wire -  << "Content-Security-Policy: default-src 'none'[\r][\n]"
2021-12-15_16:57:46.555 [main] DEBUG org.apache.http.wire -  << "Feature-Policy: 'none'[\r][\n]"
2021-12-15_16:57:46.555 [main] DEBUG org.apache.http.wire -  << "Referrer-Policy: no-referrer[\r][\n]"
2021-12-15_16:57:46.556 [main] DEBUG org.apache.http.wire -  << "Strict-Transport-Security: max-age=31536000 ; includeSubDomains[\r][\n]"
2021-12-15_16:57:46.556 [main] DEBUG org.apache.http.wire -  << "Date: Wed, 15 Dec 2021 11:27:46 GMT[\r][\n]"
2021-12-15_16:57:46.556 [main] DEBUG org.apache.http.wire -  << "Keep-Alive: timeout=60[\r][\n]"
2021-12-15_16:57:46.557 [main] DEBUG org.apache.http.wire -  << "Content-Type: application/json[\r][\n]"
2021-12-15_16:57:46.557 [main] DEBUG org.apache.http.wire -  << "Transfer-Encoding: chunked[\r][\n]"
2021-12-15_16:57:46.557 [main] DEBUG org.apache.http.wire -  << "Connection: keep-alive[\r][\n]"
2021-12-15_16:57:46.557 [main] DEBUG org.apache.http.wire -  << "[\r][\n]"
2021-12-15_16:57:46.558 [main] DEBUG o.a.h.i.conn.DefaultClientConnection - Receiving response: HTTP/1.1 200 
2021-12-15_16:57:46.559 [main] DEBUG org.apache.http.headers - << HTTP/1.1 200 
2021-12-15_16:57:46.560 [main] DEBUG org.apache.http.headers - << Access-Control-Allow-Methods: GET, POST
2021-12-15_16:57:46.560 [main] DEBUG org.apache.http.headers - << Access-Control-Allow-Origin: *
2021-12-15_16:57:46.560 [main] DEBUG org.apache.http.headers - << Content-Security-Policy: default-src 'none'
2021-12-15_16:57:46.560 [main] DEBUG org.apache.http.headers - << Feature-Policy: 'none'
2021-12-15_16:57:46.561 [main] DEBUG org.apache.http.headers - << Referrer-Policy: no-referrer
2021-12-15_16:57:46.561 [main] DEBUG org.apache.http.headers - << Strict-Transport-Security: max-age=31536000 ; includeSubDomains
2021-12-15_16:57:46.561 [main] DEBUG org.apache.http.headers - << Date: Wed, 15 Dec 2021 11:27:46 GMT
2021-12-15_16:57:46.561 [main] DEBUG org.apache.http.headers - << Keep-Alive: timeout=60
2021-12-15_16:57:46.561 [main] DEBUG org.apache.http.headers - << Content-Type: application/json
2021-12-15_16:57:46.561 [main] DEBUG org.apache.http.headers - << Transfer-Encoding: chunked
2021-12-15_16:57:46.561 [main] DEBUG org.apache.http.headers - << Connection: keep-alive
2021-12-15_16:57:46.571 [main] DEBUG o.a.h.impl.client.DefaultHttpClient - Connection can be kept alive for 60000 MILLISECONDS
2021-12-15_16:57:46.607 [main] DEBUG i.r.i.RequestSpecificationImpl$RestAssuredHttpBuilder - Parsing response as: application/json
2021-12-15_16:57:46.608 [main] DEBUG i.r.i.RequestSpecificationImpl$RestAssuredHttpBuilder - Parsed data to instance of: class org.apache.http.conn.EofSensorInputStream
2021-12-15_16:57:46.635 [main] INFO  com.qc.BaseAPI - Method :GET
2021-12-15_16:57:46.637 [main] INFO  com.qc.BaseAPI - URI :https://apitest.pineperks.in/auth/V1/generate/token
2021-12-15_16:57:46.637 [main] INFO  com.qc.BaseAPI - Headers :userName=A0aCcnPzDANtKmvSLPKcaw==
Accept=*/*
Content-Type=application/json; charset=UTF-8
2021-12-15_16:57:46.637 [main] INFO  com.qc.BaseAPI - Body :null
2021-12-15_16:57:46.637 [main] INFO  com.qc.BaseAPI - ********************RESPONSE********************
2021-12-15_16:57:46.654 [main] DEBUG org.apache.http.wire -  << "7f[\r][\n]"
2021-12-15_16:57:46.655 [main] DEBUG org.apache.http.wire -  << "{"accessToken":"229aae3838824c39b5b931e89d3f13a9","tokenExpiryTime":"16-Dec-2021","responseCode":0,"responseMessage":"Success"}"
2021-12-15_16:57:46.656 [main] DEBUG org.apache.http.wire -  << "[\r][\n]"
2021-12-15_16:57:46.656 [main] DEBUG org.apache.http.wire -  << "0[\r][\n]"
2021-12-15_16:57:46.657 [main] DEBUG org.apache.http.wire -  << "[\r][\n]"
2021-12-15_16:57:46.657 [main] DEBUG o.a.h.i.c.BasicClientConnectionManager - Releasing connection org.apache.http.impl.conn.ManagedClientConnectionImpl@1404ed28
2021-12-15_16:57:46.657 [main] DEBUG o.a.h.i.c.BasicClientConnectionManager - Connection can be kept alive for 60000 MILLISECONDS
2021-12-15_16:57:46.710 [main] INFO  com.qc.BaseAPI - Response :{
    "accessToken": "229aae3838824c39b5b931e89d3f13a9",
    "tokenExpiryTime": "16-Dec-2021",
    "responseCode": 0,
    "responseMessage": "Success"
}
2021-12-15_16:57:46.716 [main] INFO  com.qc.BaseAPI -  **** GET call Response time 2855 ms
2021-12-15_16:57:46.716 [main] INFO  pl.rest.service.Authorize - Time Taken to perform https://apitest.pineperks.in/auth/V1/generate/token transaction: 2855
2021-12-15_16:57:47.034 [main] INFO  com.qc.qa.utils.TestDataReader - Reading Json data authorizeHeaders
2021-12-15_16:57:47.037 [main] INFO  com.qc.qa.utils.TestDataReader - Reading json data from file @ testData/api/devAPIData.json
2021-12-15_16:57:47.059 [main] INFO  pl.rest.service.CardIssue - CardIssue Rest API URL :- https://apitest.pineperks.in/card/order/V1/instant/issue/nonreloadable/digital
2021-12-15_16:57:47.059 [main] INFO  com.qc.BaseAPI - POST call to URL https://apitest.pineperks.in/card/order/V1/instant/issue/nonreloadable/digital
2021-12-15_16:57:47.073 [main] INFO  com.qc.BaseAPI - ********************REQUEST********************
2021-12-15_16:57:47.109 [main] DEBUG o.a.h.i.c.BasicClientConnectionManager - Get connection for route {s}->https://apitest.pineperks.in:443
2021-12-15_16:57:47.110 [main] DEBUG o.a.h.i.c.DefaultClientConnectionOperator - Connecting to apitest.pineperks.in:443
2021-12-15_16:57:47.222 [main] DEBUG o.a.h.c.protocol.RequestAddCookies - CookieSpec selected: ignoreCookies
2021-12-15_16:57:47.224 [main] DEBUG o.a.h.c.protocol.RequestAuthCache - Auth cache not set in the context
2021-12-15_16:57:47.224 [main] DEBUG o.a.h.c.p.RequestTargetAuthentication - Target auth state: UNCHALLENGED
2021-12-15_16:57:47.224 [main] DEBUG o.a.h.c.p.RequestProxyAuthentication - Proxy auth state: UNCHALLENGED
2021-12-15_16:57:47.224 [main] DEBUG o.a.h.impl.client.DefaultHttpClient - Attempt 1 to execute request
2021-12-15_16:57:47.224 [main] DEBUG o.a.h.i.conn.DefaultClientConnection - Sending request: POST /card/order/V1/instant/issue/nonreloadable/digital HTTP/1.1
2021-12-15_16:57:47.224 [main] DEBUG org.apache.http.wire -  >> "POST /card/order/V1/instant/issue/nonreloadable/digital HTTP/1.1[\r][\n]"
2021-12-15_16:57:47.224 [main] DEBUG org.apache.http.wire -  >> "Accept: */*[\r][\n]"
2021-12-15_16:57:47.224 [main] DEBUG org.apache.http.wire -  >> "userName: A0aCcnPzDANtKmvSLPKcaw==[\r][\n]"
2021-12-15_16:57:47.225 [main] DEBUG org.apache.http.wire -  >> "token: 229aae3838824c39b5b931e89d3f13a9[\r][\n]"
2021-12-15_16:57:47.225 [main] DEBUG org.apache.http.wire -  >> "Content-Type: application/json; charset=UTF-8[\r][\n]"
2021-12-15_16:57:47.225 [main] DEBUG org.apache.http.wire -  >> "Content-Length: 241[\r][\n]"
2021-12-15_16:57:47.225 [main] DEBUG org.apache.http.wire -  >> "Host: apitest.pineperks.in[\r][\n]"
2021-12-15_16:57:47.225 [main] DEBUG org.apache.http.wire -  >> "Connection: Keep-Alive[\r][\n]"
2021-12-15_16:57:47.225 [main] DEBUG org.apache.http.wire -  >> "User-Agent: Apache-HttpClient/4.5.2 (Java/1.8.0_202)[\r][\n]"
2021-12-15_16:57:47.225 [main] DEBUG org.apache.http.wire -  >> "Accept-Encoding: gzip,deflate[\r][\n]"
2021-12-15_16:57:47.225 [main] DEBUG org.apache.http.wire -  >> "[\r][\n]"
2021-12-15_16:57:47.226 [main] DEBUG org.apache.http.headers - >> POST /card/order/V1/instant/issue/nonreloadable/digital HTTP/1.1
2021-12-15_16:57:47.226 [main] DEBUG org.apache.http.headers - >> Accept: */*
2021-12-15_16:57:47.226 [main] DEBUG org.apache.http.headers - >> userName: A0aCcnPzDANtKmvSLPKcaw==
2021-12-15_16:57:47.226 [main] DEBUG org.apache.http.headers - >> token: 229aae3838824c39b5b931e89d3f13a9
2021-12-15_16:57:47.226 [main] DEBUG org.apache.http.headers - >> Content-Type: application/json; charset=UTF-8
2021-12-15_16:57:47.226 [main] DEBUG org.apache.http.headers - >> Content-Length: 241
2021-12-15_16:57:47.226 [main] DEBUG org.apache.http.headers - >> Host: apitest.pineperks.in
2021-12-15_16:57:47.226 [main] DEBUG org.apache.http.headers - >> Connection: Keep-Alive
2021-12-15_16:57:47.226 [main] DEBUG org.apache.http.headers - >> User-Agent: Apache-HttpClient/4.5.2 (Java/1.8.0_202)
2021-12-15_16:57:47.226 [main] DEBUG org.apache.http.headers - >> Accept-Encoding: gzip,deflate
2021-12-15_16:57:47.227 [main] DEBUG org.apache.http.wire -  >> "{"isLinkToBeSentOnMobile":true,"checksum":"5x3GNrnStyS2PkMvV6EeAw==","cardDetailList":[{"amount":"1000","mobileNumber":"8284854535","customerName":"afzal","email":"afzal.ahmed@pinelabs.com"}],"externalRequestId":"hDAOviE","cardSchemeId":"7"}"
2021-12-15_16:57:47.775 [main] DEBUG org.apache.http.wire -  << "HTTP/1.1 200 [\r][\n]"
2021-12-15_16:57:47.776 [main] DEBUG org.apache.http.wire -  << "Access-Control-Allow-Methods: GET, POST[\r][\n]"
2021-12-15_16:57:47.776 [main] DEBUG org.apache.http.wire -  << "Access-Control-Allow-Origin: *[\r][\n]"
2021-12-15_16:57:47.777 [main] DEBUG org.apache.http.wire -  << "Content-Security-Policy: default-src 'none'[\r][\n]"
2021-12-15_16:57:47.777 [main] DEBUG org.apache.http.wire -  << "Feature-Policy: 'none'[\r][\n]"
2021-12-15_16:57:47.777 [main] DEBUG org.apache.http.wire -  << "Referrer-Policy: no-referrer[\r][\n]"
2021-12-15_16:57:47.778 [main] DEBUG org.apache.http.wire -  << "Strict-Transport-Security: max-age=31536000 ; includeSubDomains[\r][\n]"
2021-12-15_16:57:47.778 [main] DEBUG org.apache.http.wire -  << "Date: Wed, 15 Dec 2021 11:27:47 GMT[\r][\n]"
2021-12-15_16:57:47.778 [main] DEBUG org.apache.http.wire -  << "Keep-Alive: timeout=60[\r][\n]"
2021-12-15_16:57:47.778 [main] DEBUG org.apache.http.wire -  << "Content-Type: application/json[\r][\n]"
2021-12-15_16:57:47.778 [main] DEBUG org.apache.http.wire -  << "Transfer-Encoding: chunked[\r][\n]"
2021-12-15_16:57:47.780 [main] DEBUG org.apache.http.wire -  << "Connection: keep-alive[\r][\n]"
2021-12-15_16:57:47.780 [main] DEBUG org.apache.http.wire -  << "[\r][\n]"
2021-12-15_16:57:47.780 [main] DEBUG o.a.h.i.conn.DefaultClientConnection - Receiving response: HTTP/1.1 200 
2021-12-15_16:57:47.780 [main] DEBUG org.apache.http.headers - << HTTP/1.1 200 
2021-12-15_16:57:47.780 [main] DEBUG org.apache.http.headers - << Access-Control-Allow-Methods: GET, POST
2021-12-15_16:57:47.780 [main] DEBUG org.apache.http.headers - << Access-Control-Allow-Origin: *
2021-12-15_16:57:47.780 [main] DEBUG org.apache.http.headers - << Content-Security-Policy: default-src 'none'
2021-12-15_16:57:47.780 [main] DEBUG org.apache.http.headers - << Feature-Policy: 'none'
2021-12-15_16:57:47.780 [main] DEBUG org.apache.http.headers - << Referrer-Policy: no-referrer
2021-12-15_16:57:47.781 [main] DEBUG org.apache.http.headers - << Strict-Transport-Security: max-age=31536000 ; includeSubDomains
2021-12-15_16:57:47.781 [main] DEBUG org.apache.http.headers - << Date: Wed, 15 Dec 2021 11:27:47 GMT
2021-12-15_16:57:47.781 [main] DEBUG org.apache.http.headers - << Keep-Alive: timeout=60
2021-12-15_16:57:47.783 [main] DEBUG org.apache.http.headers - << Content-Type: application/json
2021-12-15_16:57:47.783 [main] DEBUG org.apache.http.headers - << Transfer-Encoding: chunked
2021-12-15_16:57:47.783 [main] DEBUG org.apache.http.headers - << Connection: keep-alive
2021-12-15_16:57:47.783 [main] DEBUG o.a.h.impl.client.DefaultHttpClient - Connection can be kept alive for 60000 MILLISECONDS
2021-12-15_16:57:47.784 [main] DEBUG i.r.i.RequestSpecificationImpl$RestAssuredHttpBuilder - Parsing response as: application/json
2021-12-15_16:57:47.784 [main] DEBUG i.r.i.RequestSpecificationImpl$RestAssuredHttpBuilder - Parsed data to instance of: class org.apache.http.conn.EofSensorInputStream
2021-12-15_16:57:47.786 [main] INFO  com.qc.BaseAPI - Method :POST
2021-12-15_16:57:47.791 [main] INFO  com.qc.BaseAPI - URI :https://apitest.pineperks.in/card/order/V1/instant/issue/nonreloadable/digital
2021-12-15_16:57:47.792 [main] INFO  com.qc.BaseAPI - Headers :token=229aae3838824c39b5b931e89d3f13a9
userName=A0aCcnPzDANtKmvSLPKcaw==
Accept=*/*
Content-Type=application/json; charset=UTF-8
2021-12-15_16:57:47.792 [main] INFO  com.qc.BaseAPI - Body :{"isLinkToBeSentOnMobile":true,"checksum":"5x3GNrnStyS2PkMvV6EeAw==","cardDetailList":[{"amount":"1000","mobileNumber":"8284854535","customerName":"afzal","email":"afzal.ahmed@pinelabs.com"}],"externalRequestId":"hDAOviE","cardSchemeId":"7"}
2021-12-15_16:57:47.792 [main] INFO  com.qc.BaseAPI - ********************RESPONSE********************
2021-12-15_16:57:47.792 [main] DEBUG org.apache.http.wire -  << "1f1[\r][\n]"
2021-12-15_16:57:47.793 [main] DEBUG org.apache.http.wire -  << "{"externalRequestId":"hDAOviE","orderId":12444,"orderStatus":6,"cardDetailResponseList":[{"referenceNumber":1323861318,"serialNumber":12444000010001,"customerName":"afzal","mobileNumber":8284854535,"email":"afzal.ahmed@pinelabs.com","amount":1000,"cardLink":"test.pineperks.in/eCard?c=OwvLMHjK1YX1DFyy5KzijA2","responseCode":0,"responseMessage":"Success"}],"successCount":1,"failedCount":0,"orderAmount":1000,"issuanceCharge":100,"netOrderAmount":1100,"responseCode":0,"responseMessage":"Success"}"
2021-12-15_16:57:47.793 [main] DEBUG org.apache.http.wire -  << "[\r][\n]"
2021-12-15_16:57:47.793 [main] DEBUG org.apache.http.wire -  << "0[\r][\n]"
2021-12-15_16:57:47.794 [main] DEBUG org.apache.http.wire -  << "[\r][\n]"
2021-12-15_16:57:47.794 [main] DEBUG o.a.h.i.c.BasicClientConnectionManager - Releasing connection org.apache.http.impl.conn.ManagedClientConnectionImpl@4b2f841b
2021-12-15_16:57:47.794 [main] DEBUG o.a.h.i.c.BasicClientConnectionManager - Connection can be kept alive for 60000 MILLISECONDS
2021-12-15_16:57:47.796 [main] INFO  com.qc.BaseAPI - Response :{
    "externalRequestId": "hDAOviE",
    "orderId": 12444,
    "orderStatus": 6,
    "cardDetailResponseList": [
        {
            "referenceNumber": 1323861318,
            "serialNumber": 12444000010001,
            "customerName": "afzal",
            "mobileNumber": 8284854535,
            "email": "afzal.ahmed@pinelabs.com",
            "amount": 1000,
            "cardLink": "test.pineperks.in/eCard?c=OwvLMHjK1YX1DFyy5KzijA2",
            "responseCode": 0,
            "responseMessage": "Success"
        }
    ],
    "successCount": 1,
    "failedCount": 0,
    "orderAmount": 1000,
    "issuanceCharge": 100,
    "netOrderAmount": 1100,
    "responseCode": 0,
    "responseMessage": "Success"
}
2021-12-15_16:57:47.797 [main] INFO  com.qc.BaseAPI -  **** POST call Response time 710 ms
2021-12-15_16:57:47.797 [main] INFO  pl.rest.service.CardIssue - Time Taken to perform https://apitest.pineperks.in/card/order/V1/instant/issue/nonreloadable/digital transaction: 710
2021-12-15_16:57:48.224 [main] INFO  p.rest.stepDefs.TransactionsStepDefs - referenceNumber isnull
2021-12-15_16:57:48.231 [main] INFO  pl.rest.utils.DBUtils - Fetching card details from card table, using Query:  Select CorporateId,CardSchemeId,ActivationEmail,ActivationEmail,ActivationMobileNumber from card AS bigint where ReferenceNumber=convert(bigint, 1789154895);
2021-12-15_16:57:48.271 [main] ERROR com.qc.qa.utils.LoadProperties - Missing MySQLDBEnvironment property value in system property or in config.properties files.Please add it if incase required
2021-12-15_16:57:48.272 [main] INFO  com.qc.qa.dbutils.DBPoolProvider - Con pool Total - 400, idle - 0,  Num active - 0
2021-12-15_16:57:48.272 [main] INFO  com.qc.qa.dbutils.DBPoolProvider - Retrieved connection
2021-12-15_16:57:49.040 [main] INFO  pl.rest.utils.DBUtils - Card database values: {ActivationMobileNumber=8284854535, CorporateId=6, CardSchemeId=7, ActivationEmail=afzal.ahmed@pinelabs.com}
