2021-12-23_22:21:01.833 [main] INFO  pl.rest.CustomHooks - SCENARIO NAME: Validating the response of the card card detail API with the database
2021-12-23_22:21:01.836 [main] INFO  pl.rest.CustomHooks - TAG NAMEs: []
2021-12-23_22:21:01.841 [main] INFO  pl.rest.CustomHooks - SCENARIO NAME: Validating the response of the card card detail API with the database
2021-12-23_22:21:01.842 [main] INFO  pl.rest.CustomHooks - TAG NAMEs: []
2021-12-23_22:21:01.905 [main] INFO  pl.rest.CustomHooks - Index: 0, Size: 0
2021-12-23_22:21:03.294 [main] INFO  com.qc.qa.utils.TestDataReader - Reading API Test Data config values from  testData/api/devAPITestData.properties
2021-12-23_22:21:03.311 [main] INFO  pl.rest.service.Authorize - Authorize Rest API URL :- https://apitest.pineperks.in/auth/V1/generate/token
2021-12-23_22:21:03.312 [main] INFO  com.qc.BaseAPI - GET call to URL https://apitest.pineperks.in/auth/V1/generate/token
2021-12-23_22:21:03.485 [main] INFO  com.qc.BaseAPI - ********************REQUEST********************
2021-12-23_22:21:05.848 [main] DEBUG o.a.h.i.c.BasicClientConnectionManager - Get connection for route {s}->https://apitest.pineperks.in:443
2021-12-23_22:21:05.957 [main] DEBUG o.a.h.i.c.DefaultClientConnectionOperator - Connecting to apitest.pineperks.in:443
2021-12-23_22:21:06.506 [main] DEBUG o.a.h.c.protocol.RequestAddCookies - CookieSpec selected: ignoreCookies
2021-12-23_22:21:06.509 [main] DEBUG o.a.h.c.protocol.RequestAuthCache - Auth cache not set in the context
2021-12-23_22:21:06.510 [main] DEBUG o.a.h.c.p.RequestTargetAuthentication - Target auth state: UNCHALLENGED
2021-12-23_22:21:06.512 [main] DEBUG o.a.h.c.p.RequestProxyAuthentication - Proxy auth state: UNCHALLENGED
2021-12-23_22:21:06.512 [main] DEBUG o.a.h.impl.client.DefaultHttpClient - Attempt 1 to execute request
2021-12-23_22:21:06.513 [main] DEBUG o.a.h.i.conn.DefaultClientConnection - Sending request: GET /auth/V1/generate/token HTTP/1.1
2021-12-23_22:21:06.513 [main] DEBUG org.apache.http.wire -  >> "GET /auth/V1/generate/token HTTP/1.1[\r][\n]"
2021-12-23_22:21:06.515 [main] DEBUG org.apache.http.wire -  >> "Content-Type: application/json; charset=UTF-8[\r][\n]"
2021-12-23_22:21:06.516 [main] DEBUG org.apache.http.wire -  >> "Accept: */*[\r][\n]"
2021-12-23_22:21:06.516 [main] DEBUG org.apache.http.wire -  >> "userName: A0aCcnPzDANtKmvSLPKcaw==[\r][\n]"
2021-12-23_22:21:06.516 [main] DEBUG org.apache.http.wire -  >> "Host: apitest.pineperks.in[\r][\n]"
2021-12-23_22:21:06.517 [main] DEBUG org.apache.http.wire -  >> "Connection: Keep-Alive[\r][\n]"
2021-12-23_22:21:06.517 [main] DEBUG org.apache.http.wire -  >> "User-Agent: Apache-HttpClient/4.5.2 (Java/1.8.0_202)[\r][\n]"
2021-12-23_22:21:06.518 [main] DEBUG org.apache.http.wire -  >> "Accept-Encoding: gzip,deflate[\r][\n]"
2021-12-23_22:21:06.518 [main] DEBUG org.apache.http.wire -  >> "[\r][\n]"
2021-12-23_22:21:06.519 [main] DEBUG org.apache.http.headers - >> GET /auth/V1/generate/token HTTP/1.1
2021-12-23_22:21:06.520 [main] DEBUG org.apache.http.headers - >> Content-Type: application/json; charset=UTF-8
2021-12-23_22:21:06.520 [main] DEBUG org.apache.http.headers - >> Accept: */*
2021-12-23_22:21:06.520 [main] DEBUG org.apache.http.headers - >> userName: A0aCcnPzDANtKmvSLPKcaw==
2021-12-23_22:21:06.520 [main] DEBUG org.apache.http.headers - >> Host: apitest.pineperks.in
2021-12-23_22:21:06.520 [main] DEBUG org.apache.http.headers - >> Connection: Keep-Alive
2021-12-23_22:21:06.521 [main] DEBUG org.apache.http.headers - >> User-Agent: Apache-HttpClient/4.5.2 (Java/1.8.0_202)
2021-12-23_22:21:06.522 [main] DEBUG org.apache.http.headers - >> Accept-Encoding: gzip,deflate
2021-12-23_22:21:06.787 [main] DEBUG org.apache.http.wire -  << "HTTP/1.1 200 [\r][\n]"
2021-12-23_22:21:06.791 [main] DEBUG org.apache.http.wire -  << "Access-Control-Allow-Methods: GET, POST[\r][\n]"
2021-12-23_22:21:06.792 [main] DEBUG org.apache.http.wire -  << "Access-Control-Allow-Origin: *[\r][\n]"
2021-12-23_22:21:06.792 [main] DEBUG org.apache.http.wire -  << "Content-Security-Policy: default-src 'none'[\r][\n]"
2021-12-23_22:21:06.793 [main] DEBUG org.apache.http.wire -  << "Feature-Policy: 'none'[\r][\n]"
2021-12-23_22:21:06.794 [main] DEBUG org.apache.http.wire -  << "Referrer-Policy: no-referrer[\r][\n]"
2021-12-23_22:21:06.794 [main] DEBUG org.apache.http.wire -  << "Strict-Transport-Security: max-age=31536000 ; includeSubDomains[\r][\n]"
2021-12-23_22:21:06.794 [main] DEBUG org.apache.http.wire -  << "Date: Thu, 23 Dec 2021 16:51:06 GMT[\r][\n]"
2021-12-23_22:21:06.794 [main] DEBUG org.apache.http.wire -  << "Keep-Alive: timeout=60[\r][\n]"
2021-12-23_22:21:06.794 [main] DEBUG org.apache.http.wire -  << "Content-Type: application/json[\r][\n]"
2021-12-23_22:21:06.795 [main] DEBUG org.apache.http.wire -  << "Transfer-Encoding: chunked[\r][\n]"
2021-12-23_22:21:06.795 [main] DEBUG org.apache.http.wire -  << "Connection: keep-alive[\r][\n]"
2021-12-23_22:21:06.795 [main] DEBUG org.apache.http.wire -  << "[\r][\n]"
2021-12-23_22:21:06.796 [main] DEBUG o.a.h.i.conn.DefaultClientConnection - Receiving response: HTTP/1.1 200 
2021-12-23_22:21:06.796 [main] DEBUG org.apache.http.headers - << HTTP/1.1 200 
2021-12-23_22:21:06.797 [main] DEBUG org.apache.http.headers - << Access-Control-Allow-Methods: GET, POST
2021-12-23_22:21:06.797 [main] DEBUG org.apache.http.headers - << Access-Control-Allow-Origin: *
2021-12-23_22:21:06.797 [main] DEBUG org.apache.http.headers - << Content-Security-Policy: default-src 'none'
2021-12-23_22:21:06.797 [main] DEBUG org.apache.http.headers - << Feature-Policy: 'none'
2021-12-23_22:21:06.797 [main] DEBUG org.apache.http.headers - << Referrer-Policy: no-referrer
2021-12-23_22:21:06.797 [main] DEBUG org.apache.http.headers - << Strict-Transport-Security: max-age=31536000 ; includeSubDomains
2021-12-23_22:21:06.797 [main] DEBUG org.apache.http.headers - << Date: Thu, 23 Dec 2021 16:51:06 GMT
2021-12-23_22:21:06.797 [main] DEBUG org.apache.http.headers - << Keep-Alive: timeout=60
2021-12-23_22:21:06.798 [main] DEBUG org.apache.http.headers - << Content-Type: application/json
2021-12-23_22:21:06.798 [main] DEBUG org.apache.http.headers - << Transfer-Encoding: chunked
2021-12-23_22:21:06.798 [main] DEBUG org.apache.http.headers - << Connection: keep-alive
2021-12-23_22:21:06.808 [main] DEBUG o.a.h.impl.client.DefaultHttpClient - Connection can be kept alive for 60000 MILLISECONDS
2021-12-23_22:21:06.836 [main] DEBUG i.r.i.RequestSpecificationImpl$RestAssuredHttpBuilder - Parsing response as: application/json
2021-12-23_22:21:06.837 [main] DEBUG i.r.i.RequestSpecificationImpl$RestAssuredHttpBuilder - Parsed data to instance of: class org.apache.http.conn.EofSensorInputStream
2021-12-23_22:21:06.852 [main] INFO  com.qc.BaseAPI - Method :GET
2021-12-23_22:21:06.854 [main] INFO  com.qc.BaseAPI - URI :https://apitest.pineperks.in/auth/V1/generate/token
2021-12-23_22:21:06.855 [main] INFO  com.qc.BaseAPI - Headers :userName=A0aCcnPzDANtKmvSLPKcaw==
Accept=*/*
Content-Type=application/json; charset=UTF-8
2021-12-23_22:21:06.855 [main] INFO  com.qc.BaseAPI - Body :null
2021-12-23_22:21:06.855 [main] INFO  com.qc.BaseAPI - ********************RESPONSE********************
2021-12-23_22:21:06.867 [main] DEBUG org.apache.http.wire -  << "7f[\r][\n]"
2021-12-23_22:21:06.867 [main] DEBUG org.apache.http.wire -  << "{"accessToken":"df47435722a3477a9ed982b1f2e031e6","tokenExpiryTime":"24-Dec-2021","responseCode":0,"responseMessage":"Success"}"
2021-12-23_22:21:06.868 [main] DEBUG org.apache.http.wire -  << "[\r][\n]"
2021-12-23_22:21:06.869 [main] DEBUG org.apache.http.wire -  << "0[\r][\n]"
2021-12-23_22:21:06.869 [main] DEBUG org.apache.http.wire -  << "[\r][\n]"
2021-12-23_22:21:06.869 [main] DEBUG o.a.h.i.c.BasicClientConnectionManager - Releasing connection org.apache.http.impl.conn.ManagedClientConnectionImpl@173b7227
2021-12-23_22:21:06.869 [main] DEBUG o.a.h.i.c.BasicClientConnectionManager - Connection can be kept alive for 60000 MILLISECONDS
2021-12-23_22:21:06.925 [main] INFO  com.qc.BaseAPI - Response :{
    "accessToken": "df47435722a3477a9ed982b1f2e031e6",
    "tokenExpiryTime": "24-Dec-2021",
    "responseCode": 0,
    "responseMessage": "Success"
}
2021-12-23_22:21:06.931 [main] INFO  com.qc.BaseAPI -  **** GET call Response time 3353 ms
2021-12-23_22:21:06.931 [main] INFO  pl.rest.service.Authorize - Time Taken to perform https://apitest.pineperks.in/auth/V1/generate/token transaction: 3353
2021-12-23_22:21:07.048 [main] INFO  p.r.service.CorporateAndCardDetails - CardIssue Rest API URL :- null
2021-12-23_22:21:07.049 [main] INFO  com.qc.BaseAPI - GET call to URL null
