2022-01-27_17:12:50.320 [main] INFO  pl.rest.CustomHooks - SCENARIO NAME: Issuing a instant non reloadable card
2022-01-27_17:12:50.325 [main] INFO  pl.rest.CustomHooks - TAG NAMEs: [@Regression, @DB]
2022-01-27_17:12:50.330 [main] INFO  pl.rest.CustomHooks - SCENARIO NAME: Issuing a instant non reloadable card
2022-01-27_17:12:50.330 [main] INFO  pl.rest.CustomHooks - TAG NAMEs: [@Regression, @DB]
2022-01-27_17:12:50.408 [main] INFO  pl.rest.CustomHooks - Index: 0, Size: 0
2022-01-27_17:12:51.609 [main] INFO  com.qc.qa.utils.TestDataReader - Reading API Test Data config values from  testData/api/devAPITestData.properties
2022-01-27_17:12:51.614 [main] INFO  pl.rest.service.Authorize - Authorize Rest API URL :- https://apitest.pineperks.in/auth/V1/generate/token
2022-01-27_17:12:51.615 [main] INFO  com.qc.BaseAPI - GET call to URL https://apitest.pineperks.in/auth/V1/generate/token
2022-01-27_17:12:51.905 [main] INFO  com.qc.BaseAPI - ********************REQUEST********************
2022-01-27_17:12:53.943 [main] DEBUG o.a.h.i.c.BasicClientConnectionManager - Get connection for route {s}->https://apitest.pineperks.in:443
2022-01-27_17:12:54.015 [main] DEBUG o.a.h.i.c.DefaultClientConnectionOperator - Connecting to apitest.pineperks.in:443
2022-01-27_17:12:54.259 [main] DEBUG o.a.h.c.protocol.RequestAddCookies - CookieSpec selected: ignoreCookies
2022-01-27_17:12:54.261 [main] DEBUG o.a.h.c.protocol.RequestAuthCache - Auth cache not set in the context
2022-01-27_17:12:54.261 [main] DEBUG o.a.h.c.p.RequestTargetAuthentication - Target auth state: UNCHALLENGED
2022-01-27_17:12:54.262 [main] DEBUG o.a.h.c.p.RequestProxyAuthentication - Proxy auth state: UNCHALLENGED
2022-01-27_17:12:54.263 [main] DEBUG o.a.h.impl.client.DefaultHttpClient - Attempt 1 to execute request
2022-01-27_17:12:54.263 [main] DEBUG o.a.h.i.conn.DefaultClientConnection - Sending request: GET /auth/V1/generate/token HTTP/1.1
2022-01-27_17:12:54.263 [main] DEBUG org.apache.http.wire -  >> "GET /auth/V1/generate/token HTTP/1.1[\r][\n]"
2022-01-27_17:12:54.264 [main] DEBUG org.apache.http.wire -  >> "Content-Type: application/json; charset=UTF-8[\r][\n]"
2022-01-27_17:12:54.265 [main] DEBUG org.apache.http.wire -  >> "Accept: */*[\r][\n]"
2022-01-27_17:12:54.265 [main] DEBUG org.apache.http.wire -  >> "userName: A0aCcnPzDANtKmvSLPKcaw==[\r][\n]"
2022-01-27_17:12:54.265 [main] DEBUG org.apache.http.wire -  >> "Host: apitest.pineperks.in[\r][\n]"
2022-01-27_17:12:54.265 [main] DEBUG org.apache.http.wire -  >> "Connection: Keep-Alive[\r][\n]"
2022-01-27_17:12:54.265 [main] DEBUG org.apache.http.wire -  >> "User-Agent: Apache-HttpClient/4.5.2 (Java/1.8.0_202)[\r][\n]"
2022-01-27_17:12:54.265 [main] DEBUG org.apache.http.wire -  >> "Accept-Encoding: gzip,deflate[\r][\n]"
2022-01-27_17:12:54.265 [main] DEBUG org.apache.http.wire -  >> "[\r][\n]"
2022-01-27_17:12:54.266 [main] DEBUG org.apache.http.headers - >> GET /auth/V1/generate/token HTTP/1.1
2022-01-27_17:12:54.266 [main] DEBUG org.apache.http.headers - >> Content-Type: application/json; charset=UTF-8
2022-01-27_17:12:54.266 [main] DEBUG org.apache.http.headers - >> Accept: */*
2022-01-27_17:12:54.266 [main] DEBUG org.apache.http.headers - >> userName: A0aCcnPzDANtKmvSLPKcaw==
2022-01-27_17:12:54.266 [main] DEBUG org.apache.http.headers - >> Host: apitest.pineperks.in
2022-01-27_17:12:54.266 [main] DEBUG org.apache.http.headers - >> Connection: Keep-Alive
2022-01-27_17:12:54.266 [main] DEBUG org.apache.http.headers - >> User-Agent: Apache-HttpClient/4.5.2 (Java/1.8.0_202)
2022-01-27_17:12:54.266 [main] DEBUG org.apache.http.headers - >> Accept-Encoding: gzip,deflate
2022-01-27_17:12:54.368 [main] DEBUG org.apache.http.wire -  << "HTTP/1.1 200 [\r][\n]"
2022-01-27_17:12:54.371 [main] DEBUG org.apache.http.wire -  << "Access-Control-Allow-Methods: GET, POST[\r][\n]"
2022-01-27_17:12:54.372 [main] DEBUG org.apache.http.wire -  << "Access-Control-Allow-Origin: *[\r][\n]"
2022-01-27_17:12:54.372 [main] DEBUG org.apache.http.wire -  << "Content-Security-Policy: default-src 'none'[\r][\n]"
2022-01-27_17:12:54.372 [main] DEBUG org.apache.http.wire -  << "Feature-Policy: 'none'[\r][\n]"
2022-01-27_17:12:54.372 [main] DEBUG org.apache.http.wire -  << "Referrer-Policy: no-referrer[\r][\n]"
2022-01-27_17:12:54.372 [main] DEBUG org.apache.http.wire -  << "Strict-Transport-Security: max-age=31536000 ; includeSubDomains[\r][\n]"
2022-01-27_17:12:54.372 [main] DEBUG org.apache.http.wire -  << "Date: Thu, 27 Jan 2022 11:42:54 GMT[\r][\n]"
2022-01-27_17:12:54.373 [main] DEBUG org.apache.http.wire -  << "Keep-Alive: timeout=60[\r][\n]"
2022-01-27_17:12:54.373 [main] DEBUG org.apache.http.wire -  << "Content-Type: application/json[\r][\n]"
2022-01-27_17:12:54.373 [main] DEBUG org.apache.http.wire -  << "Transfer-Encoding: chunked[\r][\n]"
2022-01-27_17:12:54.373 [main] DEBUG org.apache.http.wire -  << "Connection: keep-alive[\r][\n]"
2022-01-27_17:12:54.373 [main] DEBUG org.apache.http.wire -  << "[\r][\n]"
2022-01-27_17:12:54.374 [main] DEBUG o.a.h.i.conn.DefaultClientConnection - Receiving response: HTTP/1.1 200 
2022-01-27_17:12:54.374 [main] DEBUG org.apache.http.headers - << HTTP/1.1 200 
2022-01-27_17:12:54.375 [main] DEBUG org.apache.http.headers - << Access-Control-Allow-Methods: GET, POST
2022-01-27_17:12:54.375 [main] DEBUG org.apache.http.headers - << Access-Control-Allow-Origin: *
2022-01-27_17:12:54.375 [main] DEBUG org.apache.http.headers - << Content-Security-Policy: default-src 'none'
2022-01-27_17:12:54.375 [main] DEBUG org.apache.http.headers - << Feature-Policy: 'none'
2022-01-27_17:12:54.375 [main] DEBUG org.apache.http.headers - << Referrer-Policy: no-referrer
2022-01-27_17:12:54.375 [main] DEBUG org.apache.http.headers - << Strict-Transport-Security: max-age=31536000 ; includeSubDomains
2022-01-27_17:12:54.375 [main] DEBUG org.apache.http.headers - << Date: Thu, 27 Jan 2022 11:42:54 GMT
2022-01-27_17:12:54.375 [main] DEBUG org.apache.http.headers - << Keep-Alive: timeout=60
2022-01-27_17:12:54.375 [main] DEBUG org.apache.http.headers - << Content-Type: application/json
2022-01-27_17:12:54.375 [main] DEBUG org.apache.http.headers - << Transfer-Encoding: chunked
2022-01-27_17:12:54.375 [main] DEBUG org.apache.http.headers - << Connection: keep-alive
2022-01-27_17:12:54.382 [main] DEBUG o.a.h.impl.client.DefaultHttpClient - Connection can be kept alive for 60000 MILLISECONDS
2022-01-27_17:12:54.403 [main] DEBUG i.r.i.RequestSpecificationImpl$RestAssuredHttpBuilder - Parsing response as: application/json
2022-01-27_17:12:54.403 [main] DEBUG i.r.i.RequestSpecificationImpl$RestAssuredHttpBuilder - Parsed data to instance of: class org.apache.http.conn.EofSensorInputStream
2022-01-27_17:12:54.417 [main] INFO  com.qc.BaseAPI - Method :GET
2022-01-27_17:12:54.418 [main] INFO  com.qc.BaseAPI - URI :https://apitest.pineperks.in/auth/V1/generate/token
2022-01-27_17:12:54.418 [main] INFO  com.qc.BaseAPI - Headers :userName=A0aCcnPzDANtKmvSLPKcaw==
Accept=*/*
Content-Type=application/json; charset=UTF-8
2022-01-27_17:12:54.418 [main] INFO  com.qc.BaseAPI - Body :null
2022-01-27_17:12:54.419 [main] INFO  com.qc.BaseAPI - ********************RESPONSE********************
2022-01-27_17:12:54.432 [main] DEBUG org.apache.http.wire -  << "7f[\r][\n]"
2022-01-27_17:12:54.432 [main] DEBUG org.apache.http.wire -  << "{"accessToken":"6050e6425abf4771bd51a88afc6adddf","tokenExpiryTime":"27-Jan-2024","responseCode":0,"responseMessage":"Success"}"
2022-01-27_17:12:54.434 [main] DEBUG org.apache.http.wire -  << "[\r][\n]"
2022-01-27_17:12:54.434 [main] DEBUG org.apache.http.wire -  << "0[\r][\n]"
2022-01-27_17:12:54.434 [main] DEBUG org.apache.http.wire -  << "[\r][\n]"
2022-01-27_17:12:54.434 [main] DEBUG o.a.h.i.c.BasicClientConnectionManager - Releasing connection org.apache.http.impl.conn.ManagedClientConnectionImpl@679b617f
2022-01-27_17:12:54.435 [main] DEBUG o.a.h.i.c.BasicClientConnectionManager - Connection can be kept alive for 60000 MILLISECONDS
2022-01-27_17:12:54.473 [main] INFO  com.qc.BaseAPI - Response :{
    "accessToken": "6050e6425abf4771bd51a88afc6adddf",
    "tokenExpiryTime": "27-Jan-2024",
    "responseCode": 0,
    "responseMessage": "Success"
}
2022-01-27_17:12:54.477 [main] INFO  com.qc.BaseAPI -  **** GET call Response time 2493 ms
2022-01-27_17:12:54.477 [main] INFO  pl.rest.service.Authorize - Time Taken to perform https://apitest.pineperks.in/auth/V1/generate/token transaction: 2493
2022-01-27_17:12:54.590 [main] INFO  com.qc.qa.utils.TestDataReader - Reading Json data authorizeHeaders
2022-01-27_17:12:54.593 [main] INFO  com.qc.qa.utils.TestDataReader - Reading json data from file @ testData/api/devAPIData.json
2022-01-27_17:12:54.621 [main] INFO  pl.rest.service.CardIssue - CardIssue Rest API URL :- https://apitest.pineperks.in/card/order/V1/instant/issue/nonreloadable/digital
2022-01-27_17:12:54.621 [main] INFO  com.qc.BaseAPI - POST call to URL https://apitest.pineperks.in/card/order/V1/instant/issue/nonreloadable/digital
2022-01-27_17:12:54.632 [main] INFO  com.qc.BaseAPI - ********************REQUEST********************
2022-01-27_17:12:54.679 [main] DEBUG o.a.h.i.c.BasicClientConnectionManager - Get connection for route {s}->https://apitest.pineperks.in:443
2022-01-27_17:12:54.679 [main] DEBUG o.a.h.i.c.DefaultClientConnectionOperator - Connecting to apitest.pineperks.in:443
2022-01-27_17:12:54.793 [main] DEBUG o.a.h.c.protocol.RequestAddCookies - CookieSpec selected: ignoreCookies
2022-01-27_17:12:54.793 [main] DEBUG o.a.h.c.protocol.RequestAuthCache - Auth cache not set in the context
2022-01-27_17:12:54.793 [main] DEBUG o.a.h.c.p.RequestTargetAuthentication - Target auth state: UNCHALLENGED
2022-01-27_17:12:54.793 [main] DEBUG o.a.h.c.p.RequestProxyAuthentication - Proxy auth state: UNCHALLENGED
2022-01-27_17:12:54.793 [main] DEBUG o.a.h.impl.client.DefaultHttpClient - Attempt 1 to execute request
2022-01-27_17:12:54.793 [main] DEBUG o.a.h.i.conn.DefaultClientConnection - Sending request: POST /card/order/V1/instant/issue/nonreloadable/digital HTTP/1.1
2022-01-27_17:12:54.793 [main] DEBUG org.apache.http.wire -  >> "POST /card/order/V1/instant/issue/nonreloadable/digital HTTP/1.1[\r][\n]"
2022-01-27_17:12:54.793 [main] DEBUG org.apache.http.wire -  >> "Accept: */*[\r][\n]"
2022-01-27_17:12:54.793 [main] DEBUG org.apache.http.wire -  >> "userName: A0aCcnPzDANtKmvSLPKcaw==[\r][\n]"
2022-01-27_17:12:54.794 [main] DEBUG org.apache.http.wire -  >> "token: 6050e6425abf4771bd51a88afc6adddf[\r][\n]"
2022-01-27_17:12:54.794 [main] DEBUG org.apache.http.wire -  >> "Content-Type: application/json; charset=UTF-8[\r][\n]"
2022-01-27_17:12:54.794 [main] DEBUG org.apache.http.wire -  >> "Content-Length: 241[\r][\n]"
2022-01-27_17:12:54.794 [main] DEBUG org.apache.http.wire -  >> "Host: apitest.pineperks.in[\r][\n]"
2022-01-27_17:12:54.794 [main] DEBUG org.apache.http.wire -  >> "Connection: Keep-Alive[\r][\n]"
2022-01-27_17:12:54.794 [main] DEBUG org.apache.http.wire -  >> "User-Agent: Apache-HttpClient/4.5.2 (Java/1.8.0_202)[\r][\n]"
2022-01-27_17:12:54.794 [main] DEBUG org.apache.http.wire -  >> "Accept-Encoding: gzip,deflate[\r][\n]"
2022-01-27_17:12:54.794 [main] DEBUG org.apache.http.wire -  >> "[\r][\n]"
2022-01-27_17:12:54.794 [main] DEBUG org.apache.http.headers - >> POST /card/order/V1/instant/issue/nonreloadable/digital HTTP/1.1
2022-01-27_17:12:54.794 [main] DEBUG org.apache.http.headers - >> Accept: */*
2022-01-27_17:12:54.794 [main] DEBUG org.apache.http.headers - >> userName: A0aCcnPzDANtKmvSLPKcaw==
2022-01-27_17:12:54.795 [main] DEBUG org.apache.http.headers - >> token: 6050e6425abf4771bd51a88afc6adddf
2022-01-27_17:12:54.795 [main] DEBUG org.apache.http.headers - >> Content-Type: application/json; charset=UTF-8
2022-01-27_17:12:54.795 [main] DEBUG org.apache.http.headers - >> Content-Length: 241
2022-01-27_17:12:54.795 [main] DEBUG org.apache.http.headers - >> Host: apitest.pineperks.in
2022-01-27_17:12:54.795 [main] DEBUG org.apache.http.headers - >> Connection: Keep-Alive
2022-01-27_17:12:54.795 [main] DEBUG org.apache.http.headers - >> User-Agent: Apache-HttpClient/4.5.2 (Java/1.8.0_202)
2022-01-27_17:12:54.795 [main] DEBUG org.apache.http.headers - >> Accept-Encoding: gzip,deflate
2022-01-27_17:12:54.795 [main] DEBUG org.apache.http.wire -  >> "{"isLinkToBeSentOnMobile":true,"checksum":"5x3GNrnStyS2PkMvV6EeAw==","cardDetailList":[{"amount":"1000","mobileNumber":"8284854535","customerName":"afzal","email":"afzal.ahmed@pinelabs.com"}],"externalRequestId":"yQRjpqL","cardSchemeId":"7"}"
2022-01-27_17:12:55.265 [main] DEBUG org.apache.http.wire -  << "HTTP/1.1 200 [\r][\n]"
2022-01-27_17:12:55.266 [main] DEBUG org.apache.http.wire -  << "Access-Control-Allow-Methods: GET, POST[\r][\n]"
2022-01-27_17:12:55.266 [main] DEBUG org.apache.http.wire -  << "Access-Control-Allow-Origin: *[\r][\n]"
2022-01-27_17:12:55.267 [main] DEBUG org.apache.http.wire -  << "Content-Security-Policy: default-src 'none'[\r][\n]"
2022-01-27_17:12:55.267 [main] DEBUG org.apache.http.wire -  << "Feature-Policy: 'none'[\r][\n]"
2022-01-27_17:12:55.269 [main] DEBUG org.apache.http.wire -  << "Referrer-Policy: no-referrer[\r][\n]"
2022-01-27_17:12:55.269 [main] DEBUG org.apache.http.wire -  << "Strict-Transport-Security: max-age=31536000 ; includeSubDomains[\r][\n]"
2022-01-27_17:12:55.269 [main] DEBUG org.apache.http.wire -  << "Date: Thu, 27 Jan 2022 11:42:54 GMT[\r][\n]"
2022-01-27_17:12:55.269 [main] DEBUG org.apache.http.wire -  << "Keep-Alive: timeout=60[\r][\n]"
2022-01-27_17:12:55.269 [main] DEBUG org.apache.http.wire -  << "Content-Type: application/json[\r][\n]"
2022-01-27_17:12:55.269 [main] DEBUG org.apache.http.wire -  << "Transfer-Encoding: chunked[\r][\n]"
2022-01-27_17:12:55.269 [main] DEBUG org.apache.http.wire -  << "Connection: keep-alive[\r][\n]"
2022-01-27_17:12:55.269 [main] DEBUG org.apache.http.wire -  << "[\r][\n]"
2022-01-27_17:12:55.270 [main] DEBUG o.a.h.i.conn.DefaultClientConnection - Receiving response: HTTP/1.1 200 
2022-01-27_17:12:55.270 [main] DEBUG org.apache.http.headers - << HTTP/1.1 200 
2022-01-27_17:12:55.272 [main] DEBUG org.apache.http.headers - << Access-Control-Allow-Methods: GET, POST
2022-01-27_17:12:55.272 [main] DEBUG org.apache.http.headers - << Access-Control-Allow-Origin: *
2022-01-27_17:12:55.272 [main] DEBUG org.apache.http.headers - << Content-Security-Policy: default-src 'none'
2022-01-27_17:12:55.272 [main] DEBUG org.apache.http.headers - << Feature-Policy: 'none'
2022-01-27_17:12:55.272 [main] DEBUG org.apache.http.headers - << Referrer-Policy: no-referrer
2022-01-27_17:12:55.272 [main] DEBUG org.apache.http.headers - << Strict-Transport-Security: max-age=31536000 ; includeSubDomains
2022-01-27_17:12:55.272 [main] DEBUG org.apache.http.headers - << Date: Thu, 27 Jan 2022 11:42:54 GMT
2022-01-27_17:12:55.272 [main] DEBUG org.apache.http.headers - << Keep-Alive: timeout=60
2022-01-27_17:12:55.272 [main] DEBUG org.apache.http.headers - << Content-Type: application/json
2022-01-27_17:12:55.272 [main] DEBUG org.apache.http.headers - << Transfer-Encoding: chunked
2022-01-27_17:12:55.272 [main] DEBUG org.apache.http.headers - << Connection: keep-alive
2022-01-27_17:12:55.273 [main] DEBUG o.a.h.impl.client.DefaultHttpClient - Connection can be kept alive for 60000 MILLISECONDS
2022-01-27_17:12:55.273 [main] DEBUG i.r.i.RequestSpecificationImpl$RestAssuredHttpBuilder - Parsing response as: application/json
2022-01-27_17:12:55.274 [main] DEBUG i.r.i.RequestSpecificationImpl$RestAssuredHttpBuilder - Parsed data to instance of: class org.apache.http.conn.EofSensorInputStream
2022-01-27_17:12:55.277 [main] INFO  com.qc.BaseAPI - Method :POST
2022-01-27_17:12:55.283 [main] INFO  com.qc.BaseAPI - URI :https://apitest.pineperks.in/card/order/V1/instant/issue/nonreloadable/digital
2022-01-27_17:12:55.283 [main] INFO  com.qc.BaseAPI - Headers :token=6050e6425abf4771bd51a88afc6adddf
userName=A0aCcnPzDANtKmvSLPKcaw==
Accept=*/*
Content-Type=application/json; charset=UTF-8
2022-01-27_17:12:55.284 [main] INFO  com.qc.BaseAPI - Body :{"isLinkToBeSentOnMobile":true,"checksum":"5x3GNrnStyS2PkMvV6EeAw==","cardDetailList":[{"amount":"1000","mobileNumber":"8284854535","customerName":"afzal","email":"afzal.ahmed@pinelabs.com"}],"externalRequestId":"yQRjpqL","cardSchemeId":"7"}
2022-01-27_17:12:55.284 [main] INFO  com.qc.BaseAPI - ********************RESPONSE********************
2022-01-27_17:12:55.284 [main] DEBUG org.apache.http.wire -  << "1f2[\r][\n]"
2022-01-27_17:12:55.285 [main] DEBUG org.apache.http.wire -  << "{"externalRequestId":"yQRjpqL","orderId":103029,"orderStatus":6,"cardDetailResponseList":[{"referenceNumber":6532982458,"serialNumber":10302900010001,"customerName":"afzal","mobileNumber":8284854535,"email":"afzal.ahmed@pinelabs.com","amount":1000,"cardLink":"test.pineperks.in/eCard?c=5bFy7e5QDBFXceSAvarpdQ2","responseCode":0,"responseMessage":"Success"}],"successCount":1,"failedCount":0,"orderAmount":1000,"issuanceCharge":100,"netOrderAmount":1100,"responseCode":0,"responseMessage":"Success"}"
2022-01-27_17:12:55.285 [main] DEBUG org.apache.http.wire -  << "[\r][\n]"
2022-01-27_17:12:55.286 [main] DEBUG org.apache.http.wire -  << "0[\r][\n]"
2022-01-27_17:12:55.286 [main] DEBUG org.apache.http.wire -  << "[\r][\n]"
2022-01-27_17:12:55.286 [main] DEBUG o.a.h.i.c.BasicClientConnectionManager - Releasing connection org.apache.http.impl.conn.ManagedClientConnectionImpl@363476ca
2022-01-27_17:12:55.286 [main] DEBUG o.a.h.i.c.BasicClientConnectionManager - Connection can be kept alive for 60000 MILLISECONDS
2022-01-27_17:12:55.288 [main] INFO  com.qc.BaseAPI - Response :{
    "externalRequestId": "yQRjpqL",
    "orderId": 103029,
    "orderStatus": 6,
    "cardDetailResponseList": [
        {
            "referenceNumber": 6532982458,
            "serialNumber": 10302900010001,
            "customerName": "afzal",
            "mobileNumber": 8284854535,
            "email": "afzal.ahmed@pinelabs.com",
            "amount": 1000,
            "cardLink": "test.pineperks.in/eCard?c=5bFy7e5QDBFXceSAvarpdQ2",
            "responseCode": 0,
            "responseMessage": "Success"
        }
    ],
    "successCount": 1,
    "failedCount": 0,
    "orderAmount": 1000,
    "issuanceCharge": 100,
    "netOrderAmount": 1100,
    "responseCode": 0,
    "responseMessage": "Success"
}
2022-01-27_17:12:55.289 [main] INFO  com.qc.BaseAPI -  **** POST call Response time 642 ms
2022-01-27_17:12:55.290 [main] INFO  pl.rest.service.CardIssue - Time Taken to perform https://apitest.pineperks.in/card/order/V1/instant/issue/nonreloadable/digital transaction: 642
2022-01-27_17:12:55.980 [main] INFO  pl.rest.utils.DBUtils - Query being executed Select * from ExternalRequestDetail where ordersummaryid=103029;
2022-01-27_17:12:56.057 [main] ERROR com.qc.qa.utils.LoadProperties - Missing MySQLDBEnvironment property value in system property or in config.properties files.Please add it if incase required
2022-01-27_17:12:56.058 [main] INFO  com.qc.qa.dbutils.DBPoolProvider - Con pool Total - 400, idle - 0,  Num active - 0
2022-01-27_17:12:56.059 [main] INFO  com.qc.qa.dbutils.DBPoolProvider - Retrieved connection
2022-01-27_17:13:05.151 [main] INFO  pl.rest.CustomHooks - SCENARIO NAME: Issuing a instant non reloadable card
2022-01-27_17:13:05.152 [main] INFO  pl.rest.CustomHooks - TAG NAMEs: [@Regression, @DB]
2022-01-27_17:13:05.152 [main] INFO  pl.rest.CustomHooks - SCENARIO NAME: Issuing a instant non reloadable card
2022-01-27_17:13:05.152 [main] INFO  pl.rest.CustomHooks - TAG NAMEs: [@Regression, @DB]
2022-01-27_17:13:05.153 [main] INFO  pl.rest.CustomHooks - Index: 0, Size: 0
2022-01-27_17:13:05.341 [main] INFO  pl.rest.service.Authorize - Authorize Rest API URL :- https://apitest.pineperks.in/auth/V1/generate/token
2022-01-27_17:13:05.341 [main] INFO  com.qc.BaseAPI - GET call to URL https://apitest.pineperks.in/auth/V1/generate/token
2022-01-27_17:13:05.345 [main] INFO  com.qc.BaseAPI - ********************REQUEST********************
2022-01-27_17:13:05.356 [main] DEBUG o.a.h.i.c.BasicClientConnectionManager - Get connection for route {s}->https://apitest.pineperks.in:443
2022-01-27_17:13:05.357 [main] DEBUG o.a.h.i.c.DefaultClientConnectionOperator - Connecting to apitest.pineperks.in:443
2022-01-27_17:13:06.016 [main] DEBUG o.a.h.c.protocol.RequestAddCookies - CookieSpec selected: ignoreCookies
2022-01-27_17:13:06.017 [main] DEBUG o.a.h.c.protocol.RequestAuthCache - Auth cache not set in the context
2022-01-27_17:13:06.017 [main] DEBUG o.a.h.c.p.RequestTargetAuthentication - Target auth state: UNCHALLENGED
2022-01-27_17:13:06.017 [main] DEBUG o.a.h.c.p.RequestProxyAuthentication - Proxy auth state: UNCHALLENGED
2022-01-27_17:13:06.017 [main] DEBUG o.a.h.impl.client.DefaultHttpClient - Attempt 1 to execute request
2022-01-27_17:13:06.018 [main] DEBUG o.a.h.i.conn.DefaultClientConnection - Sending request: GET /auth/V1/generate/token HTTP/1.1
2022-01-27_17:13:06.018 [main] DEBUG org.apache.http.wire -  >> "GET /auth/V1/generate/token HTTP/1.1[\r][\n]"
2022-01-27_17:13:06.018 [main] DEBUG org.apache.http.wire -  >> "Content-Type: application/json; charset=UTF-8[\r][\n]"
2022-01-27_17:13:06.018 [main] DEBUG org.apache.http.wire -  >> "Accept: */*[\r][\n]"
2022-01-27_17:13:06.018 [main] DEBUG org.apache.http.wire -  >> "userName: A0aCcnPzDANtKmvSLPKcaw==[\r][\n]"
2022-01-27_17:13:06.019 [main] DEBUG org.apache.http.wire -  >> "Host: apitest.pineperks.in[\r][\n]"
2022-01-27_17:13:06.019 [main] DEBUG org.apache.http.wire -  >> "Connection: Keep-Alive[\r][\n]"
2022-01-27_17:13:06.019 [main] DEBUG org.apache.http.wire -  >> "User-Agent: Apache-HttpClient/4.5.2 (Java/1.8.0_202)[\r][\n]"
2022-01-27_17:13:06.019 [main] DEBUG org.apache.http.wire -  >> "Accept-Encoding: gzip,deflate[\r][\n]"
2022-01-27_17:13:06.020 [main] DEBUG org.apache.http.wire -  >> "[\r][\n]"
2022-01-27_17:13:06.020 [main] DEBUG org.apache.http.headers - >> GET /auth/V1/generate/token HTTP/1.1
2022-01-27_17:13:06.020 [main] DEBUG org.apache.http.headers - >> Content-Type: application/json; charset=UTF-8
2022-01-27_17:13:06.020 [main] DEBUG org.apache.http.headers - >> Accept: */*
2022-01-27_17:13:06.020 [main] DEBUG org.apache.http.headers - >> userName: A0aCcnPzDANtKmvSLPKcaw==
2022-01-27_17:13:06.020 [main] DEBUG org.apache.http.headers - >> Host: apitest.pineperks.in
2022-01-27_17:13:06.020 [main] DEBUG org.apache.http.headers - >> Connection: Keep-Alive
2022-01-27_17:13:06.021 [main] DEBUG org.apache.http.headers - >> User-Agent: Apache-HttpClient/4.5.2 (Java/1.8.0_202)
2022-01-27_17:13:06.021 [main] DEBUG org.apache.http.headers - >> Accept-Encoding: gzip,deflate
2022-01-27_17:13:06.051 [main] DEBUG org.apache.http.wire -  << "HTTP/1.1 200 [\r][\n]"
2022-01-27_17:13:06.051 [main] DEBUG org.apache.http.wire -  << "Access-Control-Allow-Methods: GET, POST[\r][\n]"
2022-01-27_17:13:06.051 [main] DEBUG org.apache.http.wire -  << "Access-Control-Allow-Origin: *[\r][\n]"
2022-01-27_17:13:06.051 [main] DEBUG org.apache.http.wire -  << "Content-Security-Policy: default-src 'none'[\r][\n]"
2022-01-27_17:13:06.052 [main] DEBUG org.apache.http.wire -  << "Feature-Policy: 'none'[\r][\n]"
2022-01-27_17:13:06.052 [main] DEBUG org.apache.http.wire -  << "Referrer-Policy: no-referrer[\r][\n]"
2022-01-27_17:13:06.052 [main] DEBUG org.apache.http.wire -  << "Strict-Transport-Security: max-age=31536000 ; includeSubDomains[\r][\n]"
2022-01-27_17:13:06.052 [main] DEBUG org.apache.http.wire -  << "Date: Thu, 27 Jan 2022 11:43:06 GMT[\r][\n]"
2022-01-27_17:13:06.052 [main] DEBUG org.apache.http.wire -  << "Keep-Alive: timeout=60[\r][\n]"
2022-01-27_17:13:06.052 [main] DEBUG org.apache.http.wire -  << "Content-Type: application/json[\r][\n]"
2022-01-27_17:13:06.053 [main] DEBUG org.apache.http.wire -  << "Transfer-Encoding: chunked[\r][\n]"
2022-01-27_17:13:06.053 [main] DEBUG org.apache.http.wire -  << "Connection: keep-alive[\r][\n]"
2022-01-27_17:13:06.053 [main] DEBUG org.apache.http.wire -  << "[\r][\n]"
2022-01-27_17:13:06.053 [main] DEBUG o.a.h.i.conn.DefaultClientConnection - Receiving response: HTTP/1.1 200 
2022-01-27_17:13:06.053 [main] DEBUG org.apache.http.headers - << HTTP/1.1 200 
2022-01-27_17:13:06.053 [main] DEBUG org.apache.http.headers - << Access-Control-Allow-Methods: GET, POST
2022-01-27_17:13:06.053 [main] DEBUG org.apache.http.headers - << Access-Control-Allow-Origin: *
2022-01-27_17:13:06.053 [main] DEBUG org.apache.http.headers - << Content-Security-Policy: default-src 'none'
2022-01-27_17:13:06.053 [main] DEBUG org.apache.http.headers - << Feature-Policy: 'none'
2022-01-27_17:13:06.053 [main] DEBUG org.apache.http.headers - << Referrer-Policy: no-referrer
2022-01-27_17:13:06.054 [main] DEBUG org.apache.http.headers - << Strict-Transport-Security: max-age=31536000 ; includeSubDomains
2022-01-27_17:13:06.054 [main] DEBUG org.apache.http.headers - << Date: Thu, 27 Jan 2022 11:43:06 GMT
2022-01-27_17:13:06.054 [main] DEBUG org.apache.http.headers - << Keep-Alive: timeout=60
2022-01-27_17:13:06.054 [main] DEBUG org.apache.http.headers - << Content-Type: application/json
2022-01-27_17:13:06.054 [main] DEBUG org.apache.http.headers - << Transfer-Encoding: chunked
2022-01-27_17:13:06.054 [main] DEBUG org.apache.http.headers - << Connection: keep-alive
2022-01-27_17:13:06.054 [main] DEBUG o.a.h.impl.client.DefaultHttpClient - Connection can be kept alive for 60000 MILLISECONDS
2022-01-27_17:13:06.054 [main] DEBUG i.r.i.RequestSpecificationImpl$RestAssuredHttpBuilder - Parsing response as: application/json
2022-01-27_17:13:06.054 [main] DEBUG i.r.i.RequestSpecificationImpl$RestAssuredHttpBuilder - Parsed data to instance of: class org.apache.http.conn.EofSensorInputStream
2022-01-27_17:13:06.056 [main] INFO  com.qc.BaseAPI - Method :GET
2022-01-27_17:13:06.059 [main] INFO  com.qc.BaseAPI - URI :https://apitest.pineperks.in/auth/V1/generate/token
2022-01-27_17:13:06.059 [main] INFO  com.qc.BaseAPI - Headers :userName=A0aCcnPzDANtKmvSLPKcaw==
Accept=*/*
Content-Type=application/json; charset=UTF-8
2022-01-27_17:13:06.059 [main] INFO  com.qc.BaseAPI - Body :null
2022-01-27_17:13:06.059 [main] INFO  com.qc.BaseAPI - ********************RESPONSE********************
2022-01-27_17:13:06.059 [main] DEBUG org.apache.http.wire -  << "7f[\r][\n]"
2022-01-27_17:13:06.059 [main] DEBUG org.apache.http.wire -  << "{"accessToken":"a37c1e4585974f5082bc13819c091493","tokenExpiryTime":"27-Jan-2024","responseCode":0,"responseMessage":"Success"}"
2022-01-27_17:13:06.059 [main] DEBUG org.apache.http.wire -  << "[\r][\n]"
2022-01-27_17:13:06.059 [main] DEBUG org.apache.http.wire -  << "0[\r][\n]"
2022-01-27_17:13:06.059 [main] DEBUG org.apache.http.wire -  << "[\r][\n]"
2022-01-27_17:13:06.059 [main] DEBUG o.a.h.i.c.BasicClientConnectionManager - Releasing connection org.apache.http.impl.conn.ManagedClientConnectionImpl@1ca0c60c
2022-01-27_17:13:06.059 [main] DEBUG o.a.h.i.c.BasicClientConnectionManager - Connection can be kept alive for 60000 MILLISECONDS
2022-01-27_17:13:06.060 [main] INFO  com.qc.BaseAPI - Response :{
    "accessToken": "a37c1e4585974f5082bc13819c091493",
    "tokenExpiryTime": "27-Jan-2024",
    "responseCode": 0,
    "responseMessage": "Success"
}
2022-01-27_17:13:06.060 [main] INFO  com.qc.BaseAPI -  **** GET call Response time 709 ms
2022-01-27_17:13:06.060 [main] INFO  pl.rest.service.Authorize - Time Taken to perform https://apitest.pineperks.in/auth/V1/generate/token transaction: 709
2022-01-27_17:13:06.067 [main] INFO  com.qc.qa.utils.TestDataReader - Reading Json data authorizeHeaders
2022-01-27_17:13:06.073 [main] INFO  com.qc.qa.utils.TestDataReader - Reading json data from file @ testData/api/devAPIData.json
2022-01-27_17:13:06.076 [main] INFO  pl.rest.service.CardIssue - CardIssue Rest API URL :- https://apitest.pineperks.in/card/order/V2/instant/issue/nonreloadable/digital
2022-01-27_17:13:06.076 [main] INFO  com.qc.BaseAPI - POST call to URL https://apitest.pineperks.in/card/order/V2/instant/issue/nonreloadable/digital
2022-01-27_17:13:06.081 [main] INFO  com.qc.BaseAPI - ********************REQUEST********************
2022-01-27_17:13:06.090 [main] DEBUG o.a.h.i.c.BasicClientConnectionManager - Get connection for route {s}->https://apitest.pineperks.in:443
2022-01-27_17:13:06.090 [main] DEBUG o.a.h.i.c.DefaultClientConnectionOperator - Connecting to apitest.pineperks.in:443
2022-01-27_17:13:06.290 [main] DEBUG o.a.h.c.protocol.RequestAddCookies - CookieSpec selected: ignoreCookies
2022-01-27_17:13:06.290 [main] DEBUG o.a.h.c.protocol.RequestAuthCache - Auth cache not set in the context
2022-01-27_17:13:06.290 [main] DEBUG o.a.h.c.p.RequestTargetAuthentication - Target auth state: UNCHALLENGED
2022-01-27_17:13:06.290 [main] DEBUG o.a.h.c.p.RequestProxyAuthentication - Proxy auth state: UNCHALLENGED
2022-01-27_17:13:06.290 [main] DEBUG o.a.h.impl.client.DefaultHttpClient - Attempt 1 to execute request
2022-01-27_17:13:06.290 [main] DEBUG o.a.h.i.conn.DefaultClientConnection - Sending request: POST /card/order/V2/instant/issue/nonreloadable/digital HTTP/1.1
2022-01-27_17:13:06.291 [main] DEBUG org.apache.http.wire -  >> "POST /card/order/V2/instant/issue/nonreloadable/digital HTTP/1.1[\r][\n]"
2022-01-27_17:13:06.291 [main] DEBUG org.apache.http.wire -  >> "X-PinePerks-UserName: A0aCcnPzDANtKmvSLPKcaw==[\r][\n]"
2022-01-27_17:13:06.291 [main] DEBUG org.apache.http.wire -  >> "Accept: */*[\r][\n]"
2022-01-27_17:13:06.291 [main] DEBUG org.apache.http.wire -  >> "X-PinePerks-Token: a37c1e4585974f5082bc13819c091493[\r][\n]"
2022-01-27_17:13:06.291 [main] DEBUG org.apache.http.wire -  >> "Content-Type: application/json; charset=UTF-8[\r][\n]"
2022-01-27_17:13:06.292 [main] DEBUG org.apache.http.wire -  >> "Content-Length: 211[\r][\n]"
2022-01-27_17:13:06.292 [main] DEBUG org.apache.http.wire -  >> "Host: apitest.pineperks.in[\r][\n]"
2022-01-27_17:13:06.292 [main] DEBUG org.apache.http.wire -  >> "Connection: Keep-Alive[\r][\n]"
2022-01-27_17:13:06.293 [main] DEBUG org.apache.http.wire -  >> "User-Agent: Apache-HttpClient/4.5.2 (Java/1.8.0_202)[\r][\n]"
2022-01-27_17:13:06.293 [main] DEBUG org.apache.http.wire -  >> "Accept-Encoding: gzip,deflate[\r][\n]"
2022-01-27_17:13:06.293 [main] DEBUG org.apache.http.wire -  >> "[\r][\n]"
2022-01-27_17:13:06.293 [main] DEBUG org.apache.http.headers - >> POST /card/order/V2/instant/issue/nonreloadable/digital HTTP/1.1
2022-01-27_17:13:06.293 [main] DEBUG org.apache.http.headers - >> X-PinePerks-UserName: A0aCcnPzDANtKmvSLPKcaw==
2022-01-27_17:13:06.293 [main] DEBUG org.apache.http.headers - >> Accept: */*
2022-01-27_17:13:06.293 [main] DEBUG org.apache.http.headers - >> X-PinePerks-Token: a37c1e4585974f5082bc13819c091493
2022-01-27_17:13:06.293 [main] DEBUG org.apache.http.headers - >> Content-Type: application/json; charset=UTF-8
2022-01-27_17:13:06.293 [main] DEBUG org.apache.http.headers - >> Content-Length: 211
2022-01-27_17:13:06.293 [main] DEBUG org.apache.http.headers - >> Host: apitest.pineperks.in
2022-01-27_17:13:06.293 [main] DEBUG org.apache.http.headers - >> Connection: Keep-Alive
2022-01-27_17:13:06.293 [main] DEBUG org.apache.http.headers - >> User-Agent: Apache-HttpClient/4.5.2 (Java/1.8.0_202)
2022-01-27_17:13:06.293 [main] DEBUG org.apache.http.headers - >> Accept-Encoding: gzip,deflate
2022-01-27_17:13:06.294 [main] DEBUG org.apache.http.wire -  >> "{"checksum":"5x3GNrnStyS2PkMvV6EeAw==","cardDetailList":[{"amount":"1000","mobileNumber":"8284854535","customerName":"afzal","email":"afzal.ahmed@pinelabs.com"}],"externalRequestId":"08ykFUt","cardSchemeId":"7"}"
2022-01-27_17:13:06.648 [main] DEBUG org.apache.http.wire -  << "HTTP/1.1 200 [\r][\n]"
2022-01-27_17:13:06.649 [main] DEBUG org.apache.http.wire -  << "Access-Control-Allow-Methods: GET, POST[\r][\n]"
2022-01-27_17:13:06.649 [main] DEBUG org.apache.http.wire -  << "Access-Control-Allow-Origin: *[\r][\n]"
2022-01-27_17:13:06.649 [main] DEBUG org.apache.http.wire -  << "Content-Security-Policy: default-src 'none'[\r][\n]"
2022-01-27_17:13:06.649 [main] DEBUG org.apache.http.wire -  << "Feature-Policy: 'none'[\r][\n]"
2022-01-27_17:13:06.650 [main] DEBUG org.apache.http.wire -  << "Referrer-Policy: no-referrer[\r][\n]"
2022-01-27_17:13:06.650 [main] DEBUG org.apache.http.wire -  << "Strict-Transport-Security: max-age=31536000 ; includeSubDomains[\r][\n]"
2022-01-27_17:13:06.650 [main] DEBUG org.apache.http.wire -  << "Date: Thu, 27 Jan 2022 11:43:06 GMT[\r][\n]"
2022-01-27_17:13:06.650 [main] DEBUG org.apache.http.wire -  << "Keep-Alive: timeout=60[\r][\n]"
2022-01-27_17:13:06.650 [main] DEBUG org.apache.http.wire -  << "Content-Type: application/json[\r][\n]"
2022-01-27_17:13:06.650 [main] DEBUG org.apache.http.wire -  << "Transfer-Encoding: chunked[\r][\n]"
2022-01-27_17:13:06.650 [main] DEBUG org.apache.http.wire -  << "Connection: keep-alive[\r][\n]"
2022-01-27_17:13:06.650 [main] DEBUG org.apache.http.wire -  << "[\r][\n]"
2022-01-27_17:13:06.651 [main] DEBUG o.a.h.i.conn.DefaultClientConnection - Receiving response: HTTP/1.1 200 
2022-01-27_17:13:06.651 [main] DEBUG org.apache.http.headers - << HTTP/1.1 200 
2022-01-27_17:13:06.651 [main] DEBUG org.apache.http.headers - << Access-Control-Allow-Methods: GET, POST
2022-01-27_17:13:06.651 [main] DEBUG org.apache.http.headers - << Access-Control-Allow-Origin: *
2022-01-27_17:13:06.651 [main] DEBUG org.apache.http.headers - << Content-Security-Policy: default-src 'none'
2022-01-27_17:13:06.651 [main] DEBUG org.apache.http.headers - << Feature-Policy: 'none'
2022-01-27_17:13:06.651 [main] DEBUG org.apache.http.headers - << Referrer-Policy: no-referrer
2022-01-27_17:13:06.651 [main] DEBUG org.apache.http.headers - << Strict-Transport-Security: max-age=31536000 ; includeSubDomains
2022-01-27_17:13:06.651 [main] DEBUG org.apache.http.headers - << Date: Thu, 27 Jan 2022 11:43:06 GMT
2022-01-27_17:13:06.651 [main] DEBUG org.apache.http.headers - << Keep-Alive: timeout=60
2022-01-27_17:13:06.651 [main] DEBUG org.apache.http.headers - << Content-Type: application/json
2022-01-27_17:13:06.651 [main] DEBUG org.apache.http.headers - << Transfer-Encoding: chunked
2022-01-27_17:13:06.651 [main] DEBUG org.apache.http.headers - << Connection: keep-alive
2022-01-27_17:13:06.651 [main] DEBUG o.a.h.impl.client.DefaultHttpClient - Connection can be kept alive for 60000 MILLISECONDS
2022-01-27_17:13:06.652 [main] DEBUG i.r.i.RequestSpecificationImpl$RestAssuredHttpBuilder - Parsing response as: application/json
2022-01-27_17:13:06.652 [main] DEBUG i.r.i.RequestSpecificationImpl$RestAssuredHttpBuilder - Parsed data to instance of: class org.apache.http.conn.EofSensorInputStream
2022-01-27_17:13:06.653 [main] INFO  com.qc.BaseAPI - Method :POST
2022-01-27_17:13:06.655 [main] INFO  com.qc.BaseAPI - URI :https://apitest.pineperks.in/card/order/V2/instant/issue/nonreloadable/digital
2022-01-27_17:13:06.655 [main] INFO  com.qc.BaseAPI - Headers :X-PinePerks-Token=a37c1e4585974f5082bc13819c091493
X-PinePerks-UserName=A0aCcnPzDANtKmvSLPKcaw==
Accept=*/*
Content-Type=application/json; charset=UTF-8
2022-01-27_17:13:06.656 [main] INFO  com.qc.BaseAPI - Body :{"checksum":"5x3GNrnStyS2PkMvV6EeAw==","cardDetailList":[{"amount":"1000","mobileNumber":"8284854535","customerName":"afzal","email":"afzal.ahmed@pinelabs.com"}],"externalRequestId":"08ykFUt","cardSchemeId":"7"}
2022-01-27_17:13:06.656 [main] INFO  com.qc.BaseAPI - ********************RESPONSE********************
2022-01-27_17:13:06.656 [main] DEBUG org.apache.http.wire -  << "1f2[\r][\n]"
2022-01-27_17:13:06.656 [main] DEBUG org.apache.http.wire -  << "{"externalRequestId":"08ykFUt","orderId":103030,"orderStatus":6,"cardDetailResponseList":[{"referenceNumber":2759228116,"serialNumber":10303000010001,"customerName":"afzal","mobileNumber":8284854535,"email":"afzal.ahmed@pinelabs.com","amount":1000,"cardLink":"test.pineperks.in/eCard?c=.ZX.4180YoraN37qCf7a1A2","responseCode":0,"responseMessage":"Success"}],"successCount":1,"failedCount":0,"orderAmount":1000,"issuanceCharge":100,"netOrderAmount":1100,"responseCode":0,"responseMessage":"Success"}"
2022-01-27_17:13:06.656 [main] DEBUG org.apache.http.wire -  << "[\r][\n]"
2022-01-27_17:13:06.657 [main] DEBUG org.apache.http.wire -  << "0[\r][\n]"
2022-01-27_17:13:06.657 [main] DEBUG org.apache.http.wire -  << "[\r][\n]"
2022-01-27_17:13:06.657 [main] DEBUG o.a.h.i.c.BasicClientConnectionManager - Releasing connection org.apache.http.impl.conn.ManagedClientConnectionImpl@551db6b5
2022-01-27_17:13:06.657 [main] DEBUG o.a.h.i.c.BasicClientConnectionManager - Connection can be kept alive for 60000 MILLISECONDS
2022-01-27_17:13:06.659 [main] INFO  com.qc.BaseAPI - Response :{
    "externalRequestId": "08ykFUt",
    "orderId": 103030,
    "orderStatus": 6,
    "cardDetailResponseList": [
        {
            "referenceNumber": 2759228116,
            "serialNumber": 10303000010001,
            "customerName": "afzal",
            "mobileNumber": 8284854535,
            "email": "afzal.ahmed@pinelabs.com",
            "amount": 1000,
            "cardLink": "test.pineperks.in/eCard?c=.ZX.4180YoraN37qCf7a1A2",
            "responseCode": 0,
            "responseMessage": "Success"
        }
    ],
    "successCount": 1,
    "failedCount": 0,
    "orderAmount": 1000,
    "issuanceCharge": 100,
    "netOrderAmount": 1100,
    "responseCode": 0,
    "responseMessage": "Success"
}
2022-01-27_17:13:06.659 [main] INFO  com.qc.BaseAPI -  **** POST call Response time 570 ms
2022-01-27_17:13:06.659 [main] INFO  pl.rest.service.CardIssue - Time Taken to perform https://apitest.pineperks.in/card/order/V2/instant/issue/nonreloadable/digital transaction: 570
