2021-12-27_17:41:01.246 [main] INFO  pl.rest.CustomHooks - SCENARIO NAME: Issuing a Reloadable Digital Card with V1 API
2021-12-27_17:41:01.248 [main] INFO  pl.rest.CustomHooks - TAG NAMEs: [@Regression, @TestSet0, @DB]
2021-12-27_17:41:01.252 [main] INFO  pl.rest.CustomHooks - SCENARIO NAME: Issuing a Reloadable Digital Card with V1 API
2021-12-27_17:41:01.252 [main] INFO  pl.rest.CustomHooks - TAG NAMEs: [@Regression, @TestSet0, @DB]
2021-12-27_17:41:01.303 [main] INFO  pl.rest.CustomHooks - Index: 0, Size: 0
2021-12-27_17:41:01.309 [main] INFO  pl.rest.utils.TestSetDataReader - Reading API Test Data config values from  testData/api/TestSet0_devAPITestData.properties
2021-12-27_17:41:01.325 [main] INFO  pl.rest.stepDefs.CardIssueStepDefs - Fetched mobile number Dataset 8284854535
2021-12-27_17:41:01.328 [main] INFO  pl.rest.utils.DBUtils - Delinking mobile from Cards
2021-12-27_17:41:01.329 [main] INFO  pl.rest.utils.DBUtils - Executing the query update card set CardStatus=4where AccountType=18 and ActivationMobileNumber in(8284854535) and CardType=2 and cardstatus in (1,2);
2021-12-27_17:41:01.379 [main] ERROR com.qc.qa.utils.LoadProperties - Missing MySQLDBEnvironment property value in system property or in config.properties files.Please add it if incase required
2021-12-27_17:41:01.380 [main] INFO  com.qc.qa.dbutils.DBPoolProvider - Con pool Total - 400, idle - 0,  Num active - 0
2021-12-27_17:41:01.381 [main] INFO  com.qc.qa.dbutils.DBPoolProvider - Retrieved connection
2021-12-27_17:41:03.811 [main] INFO  c.qc.qa.dbutils.DBConnectionManager - DB Connected Successfully.
2021-12-27_17:41:03.812 [main] INFO  c.qc.qa.dbutils.DBConnectionManager - Executing Query:::update card set CardStatus=4where AccountType=18 and ActivationMobileNumber in(8284854535) and CardType=2 and cardstatus in (1,2);
2021-12-27_17:41:03.844 [main] INFO  pl.rest.utils.DBUtils - No. of rows affected on delinking mobile1
2021-12-27_17:41:04.872 [main] INFO  com.qc.qa.utils.TestDataReader - Reading API Test Data config values from  testData/api/devAPITestData.properties
2021-12-27_17:41:04.877 [main] INFO  pl.rest.service.Authorize - Authorize Rest API URL :- https://apitest.pineperks.in/auth/V1/generate/token
2021-12-27_17:41:04.879 [main] INFO  com.qc.BaseAPI - GET call to URL https://apitest.pineperks.in/auth/V1/generate/token
2021-12-27_17:41:05.093 [main] INFO  com.qc.BaseAPI - ********************REQUEST********************
2021-12-27_17:41:05.408 [main] DEBUG o.a.h.i.c.BasicClientConnectionManager - Get connection for route {s}->https://apitest.pineperks.in:443
2021-12-27_17:41:05.416 [main] DEBUG o.a.h.i.c.DefaultClientConnectionOperator - Connecting to apitest.pineperks.in:443
2021-12-27_17:41:05.571 [main] DEBUG o.a.h.c.protocol.RequestAddCookies - CookieSpec selected: ignoreCookies
2021-12-27_17:41:05.573 [main] DEBUG o.a.h.c.protocol.RequestAuthCache - Auth cache not set in the context
2021-12-27_17:41:05.574 [main] DEBUG o.a.h.c.p.RequestTargetAuthentication - Target auth state: UNCHALLENGED
2021-12-27_17:41:05.575 [main] DEBUG o.a.h.c.p.RequestProxyAuthentication - Proxy auth state: UNCHALLENGED
2021-12-27_17:41:05.576 [main] DEBUG o.a.h.impl.client.DefaultHttpClient - Attempt 1 to execute request
2021-12-27_17:41:05.576 [main] DEBUG o.a.h.i.conn.DefaultClientConnection - Sending request: GET /auth/V1/generate/token HTTP/1.1
2021-12-27_17:41:05.576 [main] DEBUG org.apache.http.wire -  >> "GET /auth/V1/generate/token HTTP/1.1[\r][\n]"
2021-12-27_17:41:05.578 [main] DEBUG org.apache.http.wire -  >> "Content-Type: application/json; charset=UTF-8[\r][\n]"
2021-12-27_17:41:05.578 [main] DEBUG org.apache.http.wire -  >> "Accept: */*[\r][\n]"
2021-12-27_17:41:05.579 [main] DEBUG org.apache.http.wire -  >> "userName: A0aCcnPzDANtKmvSLPKcaw==[\r][\n]"
2021-12-27_17:41:05.579 [main] DEBUG org.apache.http.wire -  >> "Host: apitest.pineperks.in[\r][\n]"
2021-12-27_17:41:05.579 [main] DEBUG org.apache.http.wire -  >> "Connection: Keep-Alive[\r][\n]"
2021-12-27_17:41:05.580 [main] DEBUG org.apache.http.wire -  >> "User-Agent: Apache-HttpClient/4.5.2 (Java/1.8.0_202)[\r][\n]"
2021-12-27_17:41:05.580 [main] DEBUG org.apache.http.wire -  >> "Accept-Encoding: gzip,deflate[\r][\n]"
2021-12-27_17:41:05.580 [main] DEBUG org.apache.http.wire -  >> "[\r][\n]"
2021-12-27_17:41:05.580 [main] DEBUG org.apache.http.headers - >> GET /auth/V1/generate/token HTTP/1.1
2021-12-27_17:41:05.580 [main] DEBUG org.apache.http.headers - >> Content-Type: application/json; charset=UTF-8
2021-12-27_17:41:05.580 [main] DEBUG org.apache.http.headers - >> Accept: */*
2021-12-27_17:41:05.580 [main] DEBUG org.apache.http.headers - >> userName: A0aCcnPzDANtKmvSLPKcaw==
2021-12-27_17:41:05.581 [main] DEBUG org.apache.http.headers - >> Host: apitest.pineperks.in
2021-12-27_17:41:05.581 [main] DEBUG org.apache.http.headers - >> Connection: Keep-Alive
2021-12-27_17:41:05.581 [main] DEBUG org.apache.http.headers - >> User-Agent: Apache-HttpClient/4.5.2 (Java/1.8.0_202)
2021-12-27_17:41:05.581 [main] DEBUG org.apache.http.headers - >> Accept-Encoding: gzip,deflate
2021-12-27_17:41:05.618 [main] DEBUG org.apache.http.wire -  << "HTTP/1.1 200 [\r][\n]"
2021-12-27_17:41:05.621 [main] DEBUG org.apache.http.wire -  << "Access-Control-Allow-Methods: GET, POST[\r][\n]"
2021-12-27_17:41:05.622 [main] DEBUG org.apache.http.wire -  << "Access-Control-Allow-Origin: *[\r][\n]"
2021-12-27_17:41:05.622 [main] DEBUG org.apache.http.wire -  << "Content-Security-Policy: default-src 'none'[\r][\n]"
2021-12-27_17:41:05.622 [main] DEBUG org.apache.http.wire -  << "Feature-Policy: 'none'[\r][\n]"
2021-12-27_17:41:05.623 [main] DEBUG org.apache.http.wire -  << "Referrer-Policy: no-referrer[\r][\n]"
2021-12-27_17:41:05.623 [main] DEBUG org.apache.http.wire -  << "Strict-Transport-Security: max-age=31536000 ; includeSubDomains[\r][\n]"
2021-12-27_17:41:05.623 [main] DEBUG org.apache.http.wire -  << "Date: Mon, 27 Dec 2021 12:11:05 GMT[\r][\n]"
2021-12-27_17:41:05.623 [main] DEBUG org.apache.http.wire -  << "Keep-Alive: timeout=60[\r][\n]"
2021-12-27_17:41:05.623 [main] DEBUG org.apache.http.wire -  << "Content-Type: application/json[\r][\n]"
2021-12-27_17:41:05.623 [main] DEBUG org.apache.http.wire -  << "Transfer-Encoding: chunked[\r][\n]"
2021-12-27_17:41:05.623 [main] DEBUG org.apache.http.wire -  << "Connection: keep-alive[\r][\n]"
2021-12-27_17:41:05.623 [main] DEBUG org.apache.http.wire -  << "[\r][\n]"
2021-12-27_17:41:05.624 [main] DEBUG o.a.h.i.conn.DefaultClientConnection - Receiving response: HTTP/1.1 200 
2021-12-27_17:41:05.625 [main] DEBUG org.apache.http.headers - << HTTP/1.1 200 
2021-12-27_17:41:05.625 [main] DEBUG org.apache.http.headers - << Access-Control-Allow-Methods: GET, POST
2021-12-27_17:41:05.625 [main] DEBUG org.apache.http.headers - << Access-Control-Allow-Origin: *
2021-12-27_17:41:05.625 [main] DEBUG org.apache.http.headers - << Content-Security-Policy: default-src 'none'
2021-12-27_17:41:05.625 [main] DEBUG org.apache.http.headers - << Feature-Policy: 'none'
2021-12-27_17:41:05.625 [main] DEBUG org.apache.http.headers - << Referrer-Policy: no-referrer
2021-12-27_17:41:05.626 [main] DEBUG org.apache.http.headers - << Strict-Transport-Security: max-age=31536000 ; includeSubDomains
2021-12-27_17:41:05.626 [main] DEBUG org.apache.http.headers - << Date: Mon, 27 Dec 2021 12:11:05 GMT
2021-12-27_17:41:05.626 [main] DEBUG org.apache.http.headers - << Keep-Alive: timeout=60
2021-12-27_17:41:05.626 [main] DEBUG org.apache.http.headers - << Content-Type: application/json
2021-12-27_17:41:05.626 [main] DEBUG org.apache.http.headers - << Transfer-Encoding: chunked
2021-12-27_17:41:05.626 [main] DEBUG org.apache.http.headers - << Connection: keep-alive
2021-12-27_17:41:05.634 [main] DEBUG o.a.h.impl.client.DefaultHttpClient - Connection can be kept alive for 60000 MILLISECONDS
2021-12-27_17:41:05.651 [main] DEBUG i.r.i.RequestSpecificationImpl$RestAssuredHttpBuilder - Parsing response as: application/json
2021-12-27_17:41:05.651 [main] DEBUG i.r.i.RequestSpecificationImpl$RestAssuredHttpBuilder - Parsed data to instance of: class org.apache.http.conn.EofSensorInputStream
2021-12-27_17:41:05.665 [main] INFO  com.qc.BaseAPI - Method :GET
2021-12-27_17:41:05.666 [main] INFO  com.qc.BaseAPI - URI :https://apitest.pineperks.in/auth/V1/generate/token
2021-12-27_17:41:05.666 [main] INFO  com.qc.BaseAPI - Headers :userName=A0aCcnPzDANtKmvSLPKcaw==
Accept=*/*
Content-Type=application/json; charset=UTF-8
2021-12-27_17:41:05.667 [main] INFO  com.qc.BaseAPI - Body :null
2021-12-27_17:41:05.667 [main] INFO  com.qc.BaseAPI - ********************RESPONSE********************
2021-12-27_17:41:05.678 [main] DEBUG org.apache.http.wire -  << "7f[\r][\n]"
2021-12-27_17:41:05.679 [main] DEBUG org.apache.http.wire -  << "{"accessToken":"67970653d052475b8b374b289b014671","tokenExpiryTime":"28-Dec-2021","responseCode":0,"responseMessage":"Success"}"
2021-12-27_17:41:05.679 [main] DEBUG org.apache.http.wire -  << "[\r][\n]"
2021-12-27_17:41:05.680 [main] DEBUG org.apache.http.wire -  << "0[\r][\n]"
2021-12-27_17:41:05.680 [main] DEBUG org.apache.http.wire -  << "[\r][\n]"
2021-12-27_17:41:05.680 [main] DEBUG o.a.h.i.c.BasicClientConnectionManager - Releasing connection org.apache.http.impl.conn.ManagedClientConnectionImpl@561797fd
2021-12-27_17:41:05.680 [main] DEBUG o.a.h.i.c.BasicClientConnectionManager - Connection can be kept alive for 60000 MILLISECONDS
2021-12-27_17:41:05.714 [main] INFO  com.qc.BaseAPI - Response :{
    "accessToken": "67970653d052475b8b374b289b014671",
    "tokenExpiryTime": "28-Dec-2021",
    "responseCode": 0,
    "responseMessage": "Success"
}
2021-12-27_17:41:05.717 [main] INFO  com.qc.BaseAPI -  **** GET call Response time 559 ms
2021-12-27_17:41:05.717 [main] INFO  pl.rest.service.Authorize - Time Taken to perform https://apitest.pineperks.in/auth/V1/generate/token transaction: 559
2021-12-27_17:41:05.817 [main] INFO  com.qc.qa.utils.TestDataReader - Reading Json data authorizeHeaders
2021-12-27_17:41:05.823 [main] INFO  com.qc.qa.utils.TestDataReader - Reading json data from file @ testData/api/devAPIData.json
2021-12-27_17:41:05.850 [main] INFO  pl.rest.service.CardIssue - CardIssue Rest API URL :- https://apitest.pineperks.in/card/order/V1/instant/issue/reloadable/digital
2021-12-27_17:41:05.850 [main] INFO  com.qc.BaseAPI - POST call to URL https://apitest.pineperks.in/card/order/V1/instant/issue/reloadable/digital
2021-12-27_17:41:05.861 [main] INFO  com.qc.BaseAPI - ********************REQUEST********************
2021-12-27_17:41:05.901 [main] DEBUG o.a.h.i.c.BasicClientConnectionManager - Get connection for route {s}->https://apitest.pineperks.in:443
2021-12-27_17:41:05.902 [main] DEBUG o.a.h.i.c.DefaultClientConnectionOperator - Connecting to apitest.pineperks.in:443
2021-12-27_17:41:06.012 [main] DEBUG o.a.h.c.protocol.RequestAddCookies - CookieSpec selected: ignoreCookies
2021-12-27_17:41:06.012 [main] DEBUG o.a.h.c.protocol.RequestAuthCache - Auth cache not set in the context
2021-12-27_17:41:06.012 [main] DEBUG o.a.h.c.p.RequestTargetAuthentication - Target auth state: UNCHALLENGED
2021-12-27_17:41:06.012 [main] DEBUG o.a.h.c.p.RequestProxyAuthentication - Proxy auth state: UNCHALLENGED
2021-12-27_17:41:06.012 [main] DEBUG o.a.h.impl.client.DefaultHttpClient - Attempt 1 to execute request
2021-12-27_17:41:06.012 [main] DEBUG o.a.h.i.conn.DefaultClientConnection - Sending request: POST /card/order/V1/instant/issue/reloadable/digital HTTP/1.1
2021-12-27_17:41:06.013 [main] DEBUG org.apache.http.wire -  >> "POST /card/order/V1/instant/issue/reloadable/digital HTTP/1.1[\r][\n]"
2021-12-27_17:41:06.013 [main] DEBUG org.apache.http.wire -  >> "Accept: */*[\r][\n]"
2021-12-27_17:41:06.013 [main] DEBUG org.apache.http.wire -  >> "userName: A0aCcnPzDANtKmvSLPKcaw==[\r][\n]"
2021-12-27_17:41:06.013 [main] DEBUG org.apache.http.wire -  >> "token: 67970653d052475b8b374b289b014671[\r][\n]"
2021-12-27_17:41:06.013 [main] DEBUG org.apache.http.wire -  >> "Content-Type: application/json; charset=UTF-8[\r][\n]"
2021-12-27_17:41:06.013 [main] DEBUG org.apache.http.wire -  >> "Content-Length: 242[\r][\n]"
2021-12-27_17:41:06.013 [main] DEBUG org.apache.http.wire -  >> "Host: apitest.pineperks.in[\r][\n]"
2021-12-27_17:41:06.013 [main] DEBUG org.apache.http.wire -  >> "Connection: Keep-Alive[\r][\n]"
2021-12-27_17:41:06.013 [main] DEBUG org.apache.http.wire -  >> "User-Agent: Apache-HttpClient/4.5.2 (Java/1.8.0_202)[\r][\n]"
2021-12-27_17:41:06.013 [main] DEBUG org.apache.http.wire -  >> "Accept-Encoding: gzip,deflate[\r][\n]"
2021-12-27_17:41:06.014 [main] DEBUG org.apache.http.wire -  >> "[\r][\n]"
2021-12-27_17:41:06.014 [main] DEBUG org.apache.http.headers - >> POST /card/order/V1/instant/issue/reloadable/digital HTTP/1.1
2021-12-27_17:41:06.014 [main] DEBUG org.apache.http.headers - >> Accept: */*
2021-12-27_17:41:06.014 [main] DEBUG org.apache.http.headers - >> userName: A0aCcnPzDANtKmvSLPKcaw==
2021-12-27_17:41:06.014 [main] DEBUG org.apache.http.headers - >> token: 67970653d052475b8b374b289b014671
2021-12-27_17:41:06.014 [main] DEBUG org.apache.http.headers - >> Content-Type: application/json; charset=UTF-8
2021-12-27_17:41:06.014 [main] DEBUG org.apache.http.headers - >> Content-Length: 242
2021-12-27_17:41:06.014 [main] DEBUG org.apache.http.headers - >> Host: apitest.pineperks.in
2021-12-27_17:41:06.014 [main] DEBUG org.apache.http.headers - >> Connection: Keep-Alive
2021-12-27_17:41:06.014 [main] DEBUG org.apache.http.headers - >> User-Agent: Apache-HttpClient/4.5.2 (Java/1.8.0_202)
2021-12-27_17:41:06.014 [main] DEBUG org.apache.http.headers - >> Accept-Encoding: gzip,deflate
2021-12-27_17:41:06.015 [main] DEBUG org.apache.http.wire -  >> "{"isLinkToBeSentOnMobile":true,"checksum":"5x3GNrnStyS2PkMvV6EeAw==","cardDetailList":[{"amount":"1000","mobileNumber":"8284854535","customerName":"afzal","email":"afzal.ahmed@pinelabs.com"}],"externalRequestId":"ccIkZbs","cardSchemeId":"12"}"
2021-12-27_17:41:06.269 [main] DEBUG org.apache.http.wire -  << "HTTP/1.1 200 [\r][\n]"
2021-12-27_17:41:06.269 [main] DEBUG org.apache.http.wire -  << "Access-Control-Allow-Methods: GET, POST[\r][\n]"
2021-12-27_17:41:06.269 [main] DEBUG org.apache.http.wire -  << "Access-Control-Allow-Origin: *[\r][\n]"
2021-12-27_17:41:06.270 [main] DEBUG org.apache.http.wire -  << "Content-Security-Policy: default-src 'none'[\r][\n]"
2021-12-27_17:41:06.270 [main] DEBUG org.apache.http.wire -  << "Feature-Policy: 'none'[\r][\n]"
2021-12-27_17:41:06.270 [main] DEBUG org.apache.http.wire -  << "Referrer-Policy: no-referrer[\r][\n]"
2021-12-27_17:41:06.271 [main] DEBUG org.apache.http.wire -  << "Strict-Transport-Security: max-age=31536000 ; includeSubDomains[\r][\n]"
2021-12-27_17:41:06.271 [main] DEBUG org.apache.http.wire -  << "Date: Mon, 27 Dec 2021 12:11:05 GMT[\r][\n]"
2021-12-27_17:41:06.271 [main] DEBUG org.apache.http.wire -  << "Keep-Alive: timeout=60[\r][\n]"
2021-12-27_17:41:06.271 [main] DEBUG org.apache.http.wire -  << "Content-Type: application/json[\r][\n]"
2021-12-27_17:41:06.271 [main] DEBUG org.apache.http.wire -  << "Transfer-Encoding: chunked[\r][\n]"
2021-12-27_17:41:06.271 [main] DEBUG org.apache.http.wire -  << "Connection: keep-alive[\r][\n]"
2021-12-27_17:41:06.272 [main] DEBUG org.apache.http.wire -  << "[\r][\n]"
2021-12-27_17:41:06.272 [main] DEBUG o.a.h.i.conn.DefaultClientConnection - Receiving response: HTTP/1.1 200 
2021-12-27_17:41:06.272 [main] DEBUG org.apache.http.headers - << HTTP/1.1 200 
2021-12-27_17:41:06.272 [main] DEBUG org.apache.http.headers - << Access-Control-Allow-Methods: GET, POST
2021-12-27_17:41:06.272 [main] DEBUG org.apache.http.headers - << Access-Control-Allow-Origin: *
2021-12-27_17:41:06.272 [main] DEBUG org.apache.http.headers - << Content-Security-Policy: default-src 'none'
2021-12-27_17:41:06.272 [main] DEBUG org.apache.http.headers - << Feature-Policy: 'none'
2021-12-27_17:41:06.272 [main] DEBUG org.apache.http.headers - << Referrer-Policy: no-referrer
2021-12-27_17:41:06.272 [main] DEBUG org.apache.http.headers - << Strict-Transport-Security: max-age=31536000 ; includeSubDomains
2021-12-27_17:41:06.273 [main] DEBUG org.apache.http.headers - << Date: Mon, 27 Dec 2021 12:11:05 GMT
2021-12-27_17:41:06.273 [main] DEBUG org.apache.http.headers - << Keep-Alive: timeout=60
2021-12-27_17:41:06.273 [main] DEBUG org.apache.http.headers - << Content-Type: application/json
2021-12-27_17:41:06.273 [main] DEBUG org.apache.http.headers - << Transfer-Encoding: chunked
2021-12-27_17:41:06.273 [main] DEBUG org.apache.http.headers - << Connection: keep-alive
2021-12-27_17:41:06.273 [main] DEBUG o.a.h.impl.client.DefaultHttpClient - Connection can be kept alive for 60000 MILLISECONDS
2021-12-27_17:41:06.274 [main] DEBUG i.r.i.RequestSpecificationImpl$RestAssuredHttpBuilder - Parsing response as: application/json
2021-12-27_17:41:06.274 [main] DEBUG i.r.i.RequestSpecificationImpl$RestAssuredHttpBuilder - Parsed data to instance of: class org.apache.http.conn.EofSensorInputStream
2021-12-27_17:41:06.277 [main] INFO  com.qc.BaseAPI - Method :POST
2021-12-27_17:41:06.281 [main] INFO  com.qc.BaseAPI - URI :https://apitest.pineperks.in/card/order/V1/instant/issue/reloadable/digital
2021-12-27_17:41:06.281 [main] INFO  com.qc.BaseAPI - Headers :token=67970653d052475b8b374b289b014671
userName=A0aCcnPzDANtKmvSLPKcaw==
Accept=*/*
Content-Type=application/json; charset=UTF-8
2021-12-27_17:41:06.281 [main] INFO  com.qc.BaseAPI - Body :{"isLinkToBeSentOnMobile":true,"checksum":"5x3GNrnStyS2PkMvV6EeAw==","cardDetailList":[{"amount":"1000","mobileNumber":"8284854535","customerName":"afzal","email":"afzal.ahmed@pinelabs.com"}],"externalRequestId":"ccIkZbs","cardSchemeId":"12"}
2021-12-27_17:41:06.281 [main] INFO  com.qc.BaseAPI - ********************RESPONSE********************
2021-12-27_17:41:06.281 [main] DEBUG org.apache.http.wire -  << "1f1[\r][\n]"
2021-12-27_17:41:06.281 [main] DEBUG org.apache.http.wire -  << "{"externalRequestId":"ccIkZbs","orderId":21073,"orderStatus":6,"cardDetailResponseList":[{"referenceNumber":9353112122,"serialNumber":21073000010001,"customerName":"afzal","mobileNumber":8284854535,"email":"afzal.ahmed@pinelabs.com","amount":1000,"cardLink":"test.pineperks.in/rCard?c=ijZydUITHW6H..C-DihroQ2","responseCode":0,"responseMessage":"Success"}],"successCount":1,"failedCount":0,"orderAmount":1000,"issuanceCharge":200,"netOrderAmount":1200,"responseCode":0,"responseMessage":"Success"}"
2021-12-27_17:41:06.282 [main] DEBUG org.apache.http.wire -  << "[\r][\n]"
2021-12-27_17:41:06.282 [main] DEBUG org.apache.http.wire -  << "0[\r][\n]"
2021-12-27_17:41:06.282 [main] DEBUG org.apache.http.wire -  << "[\r][\n]"
2021-12-27_17:41:06.282 [main] DEBUG o.a.h.i.c.BasicClientConnectionManager - Releasing connection org.apache.http.impl.conn.ManagedClientConnectionImpl@2d6645a4
2021-12-27_17:41:06.283 [main] DEBUG o.a.h.i.c.BasicClientConnectionManager - Connection can be kept alive for 60000 MILLISECONDS
2021-12-27_17:41:06.285 [main] INFO  com.qc.BaseAPI - Response :{
    "externalRequestId": "ccIkZbs",
    "orderId": 21073,
    "orderStatus": 6,
    "cardDetailResponseList": [
        {
            "referenceNumber": 9353112122,
            "serialNumber": 21073000010001,
            "customerName": "afzal",
            "mobileNumber": 8284854535,
            "email": "afzal.ahmed@pinelabs.com",
            "amount": 1000,
            "cardLink": "test.pineperks.in/rCard?c=ijZydUITHW6H..C-DihroQ2",
            "responseCode": 0,
            "responseMessage": "Success"
        }
    ],
    "successCount": 1,
    "failedCount": 0,
    "orderAmount": 1000,
    "issuanceCharge": 200,
    "netOrderAmount": 1200,
    "responseCode": 0,
    "responseMessage": "Success"
}
2021-12-27_17:41:06.286 [main] INFO  com.qc.BaseAPI -  **** POST call Response time 412 ms
2021-12-27_17:41:06.286 [main] INFO  pl.rest.service.CardIssue - Time Taken to perform https://apitest.pineperks.in/card/order/V1/instant/issue/reloadable/digital transaction: 412
2021-12-27_17:41:06.714 [main] INFO  p.rest.stepDefs.TransactionsStepDefs - referenceNumber is9353112122
2021-12-27_17:41:06.715 [main] INFO  pl.rest.utils.DBUtils - Fetching card details from card table, using Query:  Select CorporateId,CardSchemeId,ActivationEmail,ActivationEmail,ActivationMobileNumber from card AS bigint where ReferenceNumber=convert(bigint, 1789154895);
2021-12-27_17:41:06.715 [main] INFO  com.qc.qa.dbutils.DBPoolProvider - Con pool Total - 400, idle - 1,  Num active - 0
2021-12-27_17:41:06.715 [main] INFO  com.qc.qa.dbutils.DBPoolProvider - Retrieved connection
2021-12-27_17:41:06.792 [main] INFO  pl.rest.utils.DBUtils - Card database values: {ActivationMobileNumber=8284854535, CorporateId=6, CardSchemeId=7, ActivationEmail=afzal.ahmed@pinelabs.com}
