2021-12-20_15:37:33.097 [main] INFO  pl.rest.CustomHooks - SCENARIO NAME: Updating the card status to inactive
2021-12-20_15:37:33.100 [main] INFO  pl.rest.CustomHooks - TAG NAMEs: []
2021-12-20_15:37:34.825 [main] INFO  com.qc.qa.utils.TestDataReader - Reading API Test Data config values from  testData/api/devAPITestData.properties
2021-12-20_15:37:34.829 [main] INFO  pl.rest.service.Authorize - Authorize Rest API URL :- https://apitest.pineperks.in/auth/V1/generate/token
2021-12-20_15:37:34.830 [main] INFO  com.qc.BaseAPI - GET call to URL https://apitest.pineperks.in/auth/V1/generate/token
2021-12-20_15:37:35.067 [main] INFO  com.qc.BaseAPI - ********************REQUEST********************
2021-12-20_15:37:36.810 [main] DEBUG o.a.h.i.c.BasicClientConnectionManager - Get connection for route {s}->https://apitest.pineperks.in:443
2021-12-20_15:37:36.858 [main] DEBUG o.a.h.i.c.DefaultClientConnectionOperator - Connecting to apitest.pineperks.in:443
2021-12-20_15:37:37.076 [main] DEBUG o.a.h.c.protocol.RequestAddCookies - CookieSpec selected: ignoreCookies
2021-12-20_15:37:37.078 [main] DEBUG o.a.h.c.protocol.RequestAuthCache - Auth cache not set in the context
2021-12-20_15:37:37.078 [main] DEBUG o.a.h.c.p.RequestTargetAuthentication - Target auth state: UNCHALLENGED
2021-12-20_15:37:37.078 [main] DEBUG o.a.h.c.p.RequestProxyAuthentication - Proxy auth state: UNCHALLENGED
2021-12-20_15:37:37.079 [main] DEBUG o.a.h.impl.client.DefaultHttpClient - Attempt 1 to execute request
2021-12-20_15:37:37.079 [main] DEBUG o.a.h.i.conn.DefaultClientConnection - Sending request: GET /auth/V1/generate/token HTTP/1.1
2021-12-20_15:37:37.080 [main] DEBUG org.apache.http.wire -  >> "GET /auth/V1/generate/token HTTP/1.1[\r][\n]"
2021-12-20_15:37:37.081 [main] DEBUG org.apache.http.wire -  >> "Content-Type: application/json; charset=UTF-8[\r][\n]"
2021-12-20_15:37:37.081 [main] DEBUG org.apache.http.wire -  >> "Accept: */*[\r][\n]"
2021-12-20_15:37:37.081 [main] DEBUG org.apache.http.wire -  >> "userName: A0aCcnPzDANtKmvSLPKcaw==[\r][\n]"
2021-12-20_15:37:37.082 [main] DEBUG org.apache.http.wire -  >> "Host: apitest.pineperks.in[\r][\n]"
2021-12-20_15:37:37.082 [main] DEBUG org.apache.http.wire -  >> "Connection: Keep-Alive[\r][\n]"
2021-12-20_15:37:37.082 [main] DEBUG org.apache.http.wire -  >> "User-Agent: Apache-HttpClient/4.5.2 (Java/1.8.0_202)[\r][\n]"
2021-12-20_15:37:37.082 [main] DEBUG org.apache.http.wire -  >> "Accept-Encoding: gzip,deflate[\r][\n]"
2021-12-20_15:37:37.082 [main] DEBUG org.apache.http.wire -  >> "[\r][\n]"
2021-12-20_15:37:37.082 [main] DEBUG org.apache.http.headers - >> GET /auth/V1/generate/token HTTP/1.1
2021-12-20_15:37:37.083 [main] DEBUG org.apache.http.headers - >> Content-Type: application/json; charset=UTF-8
2021-12-20_15:37:37.083 [main] DEBUG org.apache.http.headers - >> Accept: */*
2021-12-20_15:37:37.083 [main] DEBUG org.apache.http.headers - >> userName: A0aCcnPzDANtKmvSLPKcaw==
2021-12-20_15:37:37.083 [main] DEBUG org.apache.http.headers - >> Host: apitest.pineperks.in
2021-12-20_15:37:37.083 [main] DEBUG org.apache.http.headers - >> Connection: Keep-Alive
2021-12-20_15:37:37.083 [main] DEBUG org.apache.http.headers - >> User-Agent: Apache-HttpClient/4.5.2 (Java/1.8.0_202)
2021-12-20_15:37:37.083 [main] DEBUG org.apache.http.headers - >> Accept-Encoding: gzip,deflate
2021-12-20_15:37:37.126 [main] DEBUG org.apache.http.wire -  << "HTTP/1.1 200 [\r][\n]"
2021-12-20_15:37:37.128 [main] DEBUG org.apache.http.wire -  << "Access-Control-Allow-Methods: GET, POST[\r][\n]"
2021-12-20_15:37:37.128 [main] DEBUG org.apache.http.wire -  << "Access-Control-Allow-Origin: *[\r][\n]"
2021-12-20_15:37:37.128 [main] DEBUG org.apache.http.wire -  << "Content-Security-Policy: default-src 'none'[\r][\n]"
2021-12-20_15:37:37.128 [main] DEBUG org.apache.http.wire -  << "Feature-Policy: 'none'[\r][\n]"
2021-12-20_15:37:37.128 [main] DEBUG org.apache.http.wire -  << "Referrer-Policy: no-referrer[\r][\n]"
2021-12-20_15:37:37.128 [main] DEBUG org.apache.http.wire -  << "Strict-Transport-Security: max-age=31536000 ; includeSubDomains[\r][\n]"
2021-12-20_15:37:37.128 [main] DEBUG org.apache.http.wire -  << "Date: Mon, 20 Dec 2021 10:07:37 GMT[\r][\n]"
2021-12-20_15:37:37.128 [main] DEBUG org.apache.http.wire -  << "Keep-Alive: timeout=60[\r][\n]"
2021-12-20_15:37:37.128 [main] DEBUG org.apache.http.wire -  << "Content-Type: application/json[\r][\n]"
2021-12-20_15:37:37.128 [main] DEBUG org.apache.http.wire -  << "Transfer-Encoding: chunked[\r][\n]"
2021-12-20_15:37:37.129 [main] DEBUG org.apache.http.wire -  << "Connection: keep-alive[\r][\n]"
2021-12-20_15:37:37.129 [main] DEBUG org.apache.http.wire -  << "[\r][\n]"
2021-12-20_15:37:37.130 [main] DEBUG o.a.h.i.conn.DefaultClientConnection - Receiving response: HTTP/1.1 200 
2021-12-20_15:37:37.130 [main] DEBUG org.apache.http.headers - << HTTP/1.1 200 
2021-12-20_15:37:37.130 [main] DEBUG org.apache.http.headers - << Access-Control-Allow-Methods: GET, POST
2021-12-20_15:37:37.130 [main] DEBUG org.apache.http.headers - << Access-Control-Allow-Origin: *
2021-12-20_15:37:37.130 [main] DEBUG org.apache.http.headers - << Content-Security-Policy: default-src 'none'
2021-12-20_15:37:37.130 [main] DEBUG org.apache.http.headers - << Feature-Policy: 'none'
2021-12-20_15:37:37.130 [main] DEBUG org.apache.http.headers - << Referrer-Policy: no-referrer
2021-12-20_15:37:37.130 [main] DEBUG org.apache.http.headers - << Strict-Transport-Security: max-age=31536000 ; includeSubDomains
2021-12-20_15:37:37.130 [main] DEBUG org.apache.http.headers - << Date: Mon, 20 Dec 2021 10:07:37 GMT
2021-12-20_15:37:37.130 [main] DEBUG org.apache.http.headers - << Keep-Alive: timeout=60
2021-12-20_15:37:37.130 [main] DEBUG org.apache.http.headers - << Content-Type: application/json
2021-12-20_15:37:37.130 [main] DEBUG org.apache.http.headers - << Transfer-Encoding: chunked
2021-12-20_15:37:37.130 [main] DEBUG org.apache.http.headers - << Connection: keep-alive
2021-12-20_15:37:37.135 [main] DEBUG o.a.h.impl.client.DefaultHttpClient - Connection can be kept alive for 60000 MILLISECONDS
2021-12-20_15:37:37.154 [main] DEBUG i.r.i.RequestSpecificationImpl$RestAssuredHttpBuilder - Parsing response as: application/json
2021-12-20_15:37:37.155 [main] DEBUG i.r.i.RequestSpecificationImpl$RestAssuredHttpBuilder - Parsed data to instance of: class org.apache.http.conn.EofSensorInputStream
2021-12-20_15:37:37.169 [main] INFO  com.qc.BaseAPI - Method :GET
2021-12-20_15:37:37.170 [main] INFO  com.qc.BaseAPI - URI :https://apitest.pineperks.in/auth/V1/generate/token
2021-12-20_15:37:37.170 [main] INFO  com.qc.BaseAPI - Headers :userName=A0aCcnPzDANtKmvSLPKcaw==
Accept=*/*
Content-Type=application/json; charset=UTF-8
2021-12-20_15:37:37.171 [main] INFO  com.qc.BaseAPI - Body :null
2021-12-20_15:37:37.171 [main] INFO  com.qc.BaseAPI - ********************RESPONSE********************
2021-12-20_15:37:37.186 [main] DEBUG org.apache.http.wire -  << "7f[\r][\n]"
2021-12-20_15:37:37.187 [main] DEBUG org.apache.http.wire -  << "{"accessToken":"e889f8dce15e45f68b8676a282f1f8e9","tokenExpiryTime":"21-Dec-2021","responseCode":0,"responseMessage":"Success"}"
2021-12-20_15:37:37.188 [main] DEBUG org.apache.http.wire -  << "[\r][\n]"
2021-12-20_15:37:37.188 [main] DEBUG org.apache.http.wire -  << "0[\r][\n]"
2021-12-20_15:37:37.188 [main] DEBUG org.apache.http.wire -  << "[\r][\n]"
2021-12-20_15:37:37.189 [main] DEBUG o.a.h.i.c.BasicClientConnectionManager - Releasing connection org.apache.http.impl.conn.ManagedClientConnectionImpl@4fed1889
2021-12-20_15:37:37.189 [main] DEBUG o.a.h.i.c.BasicClientConnectionManager - Connection can be kept alive for 60000 MILLISECONDS
2021-12-20_15:37:37.236 [main] INFO  com.qc.BaseAPI - Response :{
    "accessToken": "e889f8dce15e45f68b8676a282f1f8e9",
    "tokenExpiryTime": "21-Dec-2021",
    "responseCode": 0,
    "responseMessage": "Success"
}
2021-12-20_15:37:37.238 [main] INFO  com.qc.BaseAPI -  **** GET call Response time 2086 ms
2021-12-20_15:37:37.239 [main] INFO  pl.rest.service.Authorize - Time Taken to perform https://apitest.pineperks.in/auth/V1/generate/token transaction: 2086
2021-12-20_15:37:43.851 [main] ERROR com.qc.qa.utils.TestDataReader - Unable to find ::CardCategoryURI in API test data properties file , Please add correct property values and check
2021-12-20_15:38:07.443 [main] INFO  com.qc.qa.utils.TestDataReader - Reading Json data authorizeHeaders
2021-12-20_15:38:07.446 [main] INFO  com.qc.qa.utils.TestDataReader - Reading json data from file @ testData/api/devAPIData.json
2021-12-20_15:38:07.468 [main] INFO  pl.rest.service.CardUpdate - CardIssue Rest API URL :- https://apitest.pineperks.innull
2021-12-20_15:38:07.469 [main] INFO  com.qc.BaseAPI - POST call to URL https://apitest.pineperks.innull
2021-12-20_15:38:07.483 [main] INFO  com.qc.BaseAPI - ********************REQUEST********************
2021-12-20_15:38:07.534 [main] DEBUG o.a.h.i.c.BasicClientConnectionManager - Get connection for route {s}->https://apitest.pineperks.innull:443
