2022-02-03_20:26:03.428 [main] INFO  pl.rest.CustomHooks - SCENARIO NAME: Validating the response of the card card detail API with the database
2022-02-03_20:26:03.432 [main] INFO  pl.rest.CustomHooks - TAG NAMEs: [@Regression, @DB]
2022-02-03_20:26:03.438 [main] INFO  pl.rest.CustomHooks - SCENARIO NAME: Validating the response of the card card detail API with the database
2022-02-03_20:26:03.438 [main] INFO  pl.rest.CustomHooks - TAG NAMEs: [@Regression, @DB]
2022-02-03_20:26:03.545 [main] INFO  pl.rest.CustomHooks - Index: 0, Size: 0
2022-02-03_20:26:05.014 [main] INFO  com.qc.qa.utils.TestDataReader - Reading API Test Data config values from  testData/api/devAPITestData.properties
2022-02-03_20:26:05.031 [main] INFO  pl.rest.service.Authorize - Authorize Rest API URL :- https://apitest.pineperks.in/auth/V1/generate/token
2022-02-03_20:26:05.031 [main] INFO  com.qc.BaseAPI - GET call to URL https://apitest.pineperks.in/auth/V1/generate/token
2022-02-03_20:26:05.349 [main] INFO  com.qc.BaseAPI - ********************REQUEST********************
2022-02-03_20:26:07.644 [main] DEBUG o.a.h.i.c.BasicClientConnectionManager - Get connection for route {s}->https://apitest.pineperks.in:443
2022-02-03_20:26:07.699 [main] DEBUG o.a.h.i.c.DefaultClientConnectionOperator - Connecting to apitest.pineperks.in:443
2022-02-03_20:26:07.892 [main] DEBUG o.a.h.c.protocol.RequestAddCookies - CookieSpec selected: ignoreCookies
2022-02-03_20:26:07.894 [main] DEBUG o.a.h.c.protocol.RequestAuthCache - Auth cache not set in the context
2022-02-03_20:26:07.894 [main] DEBUG o.a.h.c.p.RequestTargetAuthentication - Target auth state: UNCHALLENGED
2022-02-03_20:26:07.895 [main] DEBUG o.a.h.c.p.RequestProxyAuthentication - Proxy auth state: UNCHALLENGED
2022-02-03_20:26:07.895 [main] DEBUG o.a.h.impl.client.DefaultHttpClient - Attempt 1 to execute request
2022-02-03_20:26:07.897 [main] DEBUG o.a.h.i.conn.DefaultClientConnection - Sending request: GET /auth/V1/generate/token HTTP/1.1
2022-02-03_20:26:07.897 [main] DEBUG org.apache.http.wire -  >> "GET /auth/V1/generate/token HTTP/1.1[\r][\n]"
2022-02-03_20:26:07.898 [main] DEBUG org.apache.http.wire -  >> "Content-Type: application/json; charset=UTF-8[\r][\n]"
2022-02-03_20:26:07.898 [main] DEBUG org.apache.http.wire -  >> "Accept: */*[\r][\n]"
2022-02-03_20:26:07.898 [main] DEBUG org.apache.http.wire -  >> "userName: A0aCcnPzDANtKmvSLPKcaw==[\r][\n]"
2022-02-03_20:26:07.898 [main] DEBUG org.apache.http.wire -  >> "Host: apitest.pineperks.in[\r][\n]"
2022-02-03_20:26:07.899 [main] DEBUG org.apache.http.wire -  >> "Connection: Keep-Alive[\r][\n]"
2022-02-03_20:26:07.899 [main] DEBUG org.apache.http.wire -  >> "User-Agent: Apache-HttpClient/4.5.2 (Java/1.8.0_202)[\r][\n]"
2022-02-03_20:26:07.899 [main] DEBUG org.apache.http.wire -  >> "Accept-Encoding: gzip,deflate[\r][\n]"
2022-02-03_20:26:07.899 [main] DEBUG org.apache.http.wire -  >> "[\r][\n]"
2022-02-03_20:26:07.899 [main] DEBUG org.apache.http.headers - >> GET /auth/V1/generate/token HTTP/1.1
2022-02-03_20:26:07.899 [main] DEBUG org.apache.http.headers - >> Content-Type: application/json; charset=UTF-8
2022-02-03_20:26:07.899 [main] DEBUG org.apache.http.headers - >> Accept: */*
2022-02-03_20:26:07.899 [main] DEBUG org.apache.http.headers - >> userName: A0aCcnPzDANtKmvSLPKcaw==
2022-02-03_20:26:07.899 [main] DEBUG org.apache.http.headers - >> Host: apitest.pineperks.in
2022-02-03_20:26:07.900 [main] DEBUG org.apache.http.headers - >> Connection: Keep-Alive
2022-02-03_20:26:07.900 [main] DEBUG org.apache.http.headers - >> User-Agent: Apache-HttpClient/4.5.2 (Java/1.8.0_202)
2022-02-03_20:26:07.900 [main] DEBUG org.apache.http.headers - >> Accept-Encoding: gzip,deflate
2022-02-03_20:26:07.949 [main] DEBUG org.apache.http.wire -  << "HTTP/1.1 200 [\r][\n]"
2022-02-03_20:26:07.950 [main] DEBUG org.apache.http.wire -  << "Access-Control-Allow-Methods: GET, POST[\r][\n]"
2022-02-03_20:26:07.951 [main] DEBUG org.apache.http.wire -  << "Access-Control-Allow-Origin: *[\r][\n]"
2022-02-03_20:26:07.951 [main] DEBUG org.apache.http.wire -  << "Content-Security-Policy: default-src 'none'[\r][\n]"
2022-02-03_20:26:07.951 [main] DEBUG org.apache.http.wire -  << "Feature-Policy: 'none'[\r][\n]"
2022-02-03_20:26:07.951 [main] DEBUG org.apache.http.wire -  << "Referrer-Policy: no-referrer[\r][\n]"
2022-02-03_20:26:07.951 [main] DEBUG org.apache.http.wire -  << "Strict-Transport-Security: max-age=31536000 ; includeSubDomains[\r][\n]"
2022-02-03_20:26:07.951 [main] DEBUG org.apache.http.wire -  << "Date: Thu, 03 Feb 2022 14:56:07 GMT[\r][\n]"
2022-02-03_20:26:07.951 [main] DEBUG org.apache.http.wire -  << "Keep-Alive: timeout=60[\r][\n]"
2022-02-03_20:26:07.951 [main] DEBUG org.apache.http.wire -  << "Content-Type: application/json[\r][\n]"
2022-02-03_20:26:07.951 [main] DEBUG org.apache.http.wire -  << "Transfer-Encoding: chunked[\r][\n]"
2022-02-03_20:26:07.951 [main] DEBUG org.apache.http.wire -  << "Connection: keep-alive[\r][\n]"
2022-02-03_20:26:07.952 [main] DEBUG org.apache.http.wire -  << "[\r][\n]"
2022-02-03_20:26:07.952 [main] DEBUG o.a.h.i.conn.DefaultClientConnection - Receiving response: HTTP/1.1 200 
2022-02-03_20:26:07.952 [main] DEBUG org.apache.http.headers - << HTTP/1.1 200 
2022-02-03_20:26:07.952 [main] DEBUG org.apache.http.headers - << Access-Control-Allow-Methods: GET, POST
2022-02-03_20:26:07.952 [main] DEBUG org.apache.http.headers - << Access-Control-Allow-Origin: *
2022-02-03_20:26:07.952 [main] DEBUG org.apache.http.headers - << Content-Security-Policy: default-src 'none'
2022-02-03_20:26:07.952 [main] DEBUG org.apache.http.headers - << Feature-Policy: 'none'
2022-02-03_20:26:07.952 [main] DEBUG org.apache.http.headers - << Referrer-Policy: no-referrer
2022-02-03_20:26:07.952 [main] DEBUG org.apache.http.headers - << Strict-Transport-Security: max-age=31536000 ; includeSubDomains
2022-02-03_20:26:07.952 [main] DEBUG org.apache.http.headers - << Date: Thu, 03 Feb 2022 14:56:07 GMT
2022-02-03_20:26:07.952 [main] DEBUG org.apache.http.headers - << Keep-Alive: timeout=60
2022-02-03_20:26:07.952 [main] DEBUG org.apache.http.headers - << Content-Type: application/json
2022-02-03_20:26:07.953 [main] DEBUG org.apache.http.headers - << Transfer-Encoding: chunked
2022-02-03_20:26:07.953 [main] DEBUG org.apache.http.headers - << Connection: keep-alive
2022-02-03_20:26:07.957 [main] DEBUG o.a.h.impl.client.DefaultHttpClient - Connection can be kept alive for 60000 MILLISECONDS
2022-02-03_20:26:07.976 [main] DEBUG i.r.i.RequestSpecificationImpl$RestAssuredHttpBuilder - Parsing response as: application/json
2022-02-03_20:26:07.977 [main] DEBUG i.r.i.RequestSpecificationImpl$RestAssuredHttpBuilder - Parsed data to instance of: class org.apache.http.conn.EofSensorInputStream
2022-02-03_20:26:07.991 [main] INFO  com.qc.BaseAPI - Method :GET
2022-02-03_20:26:07.992 [main] INFO  com.qc.BaseAPI - URI :https://apitest.pineperks.in/auth/V1/generate/token
2022-02-03_20:26:07.992 [main] INFO  com.qc.BaseAPI - Headers :userName=A0aCcnPzDANtKmvSLPKcaw==
Accept=*/*
Content-Type=application/json; charset=UTF-8
2022-02-03_20:26:07.993 [main] INFO  com.qc.BaseAPI - Body :null
2022-02-03_20:26:07.993 [main] INFO  com.qc.BaseAPI - ********************RESPONSE********************
2022-02-03_20:26:08.002 [main] DEBUG org.apache.http.wire -  << "7f[\r][\n]"
2022-02-03_20:26:08.002 [main] DEBUG org.apache.http.wire -  << "{"accessToken":"ff70dc5470ed4187a3215348ac408623","tokenExpiryTime":"03-Feb-2024","responseCode":0,"responseMessage":"Success"}"
2022-02-03_20:26:08.003 [main] DEBUG org.apache.http.wire -  << "[\r][\n]"
2022-02-03_20:26:08.003 [main] DEBUG org.apache.http.wire -  << "0[\r][\n]"
2022-02-03_20:26:08.004 [main] DEBUG org.apache.http.wire -  << "[\r][\n]"
2022-02-03_20:26:08.004 [main] DEBUG o.a.h.i.c.BasicClientConnectionManager - Releasing connection org.apache.http.impl.conn.ManagedClientConnectionImpl@1461d54f
2022-02-03_20:26:08.004 [main] DEBUG o.a.h.i.c.BasicClientConnectionManager - Connection can be kept alive for 60000 MILLISECONDS
2022-02-03_20:26:08.046 [main] INFO  com.qc.BaseAPI - Response :{
    "accessToken": "ff70dc5470ed4187a3215348ac408623",
    "tokenExpiryTime": "03-Feb-2024",
    "responseCode": 0,
    "responseMessage": "Success"
}
2022-02-03_20:26:08.050 [main] INFO  com.qc.BaseAPI -  **** GET call Response time 2627 ms
2022-02-03_20:26:08.050 [main] INFO  pl.rest.service.Authorize - Time Taken to perform https://apitest.pineperks.in/auth/V1/generate/token transaction: 2627
2022-02-03_20:26:08.177 [main] INFO  com.qc.qa.utils.TestDataReader - Reading Json data authorizeHeaders
2022-02-03_20:26:08.181 [main] INFO  com.qc.qa.utils.TestDataReader - Reading json data from file @ testData/api/devAPIData.json
2022-02-03_20:26:08.213 [main] INFO  pl.rest.service.CardIssue - CardIssue Rest API URL :- https://apitest.pineperks.in/card/order/V1/instant/issue/nonreloadable/digital
2022-02-03_20:26:08.213 [main] INFO  com.qc.BaseAPI - POST call to URL https://apitest.pineperks.in/card/order/V1/instant/issue/nonreloadable/digital
2022-02-03_20:26:08.228 [main] INFO  com.qc.BaseAPI - ********************REQUEST********************
2022-02-03_20:26:08.280 [main] DEBUG o.a.h.i.c.BasicClientConnectionManager - Get connection for route {s}->https://apitest.pineperks.in:443
2022-02-03_20:26:08.281 [main] DEBUG o.a.h.i.c.DefaultClientConnectionOperator - Connecting to apitest.pineperks.in:443
2022-02-03_20:26:08.407 [main] DEBUG o.a.h.c.protocol.RequestAddCookies - CookieSpec selected: ignoreCookies
2022-02-03_20:26:08.407 [main] DEBUG o.a.h.c.protocol.RequestAuthCache - Auth cache not set in the context
2022-02-03_20:26:08.407 [main] DEBUG o.a.h.c.p.RequestTargetAuthentication - Target auth state: UNCHALLENGED
2022-02-03_20:26:08.407 [main] DEBUG o.a.h.c.p.RequestProxyAuthentication - Proxy auth state: UNCHALLENGED
2022-02-03_20:26:08.407 [main] DEBUG o.a.h.impl.client.DefaultHttpClient - Attempt 1 to execute request
2022-02-03_20:26:08.407 [main] DEBUG o.a.h.i.conn.DefaultClientConnection - Sending request: POST /card/order/V1/instant/issue/nonreloadable/digital HTTP/1.1
2022-02-03_20:26:08.408 [main] DEBUG org.apache.http.wire -  >> "POST /card/order/V1/instant/issue/nonreloadable/digital HTTP/1.1[\r][\n]"
2022-02-03_20:26:08.408 [main] DEBUG org.apache.http.wire -  >> "Accept: */*[\r][\n]"
2022-02-03_20:26:08.408 [main] DEBUG org.apache.http.wire -  >> "userName: A0aCcnPzDANtKmvSLPKcaw==[\r][\n]"
2022-02-03_20:26:08.408 [main] DEBUG org.apache.http.wire -  >> "token: ff70dc5470ed4187a3215348ac408623[\r][\n]"
2022-02-03_20:26:08.408 [main] DEBUG org.apache.http.wire -  >> "Content-Type: application/json; charset=UTF-8[\r][\n]"
2022-02-03_20:26:08.408 [main] DEBUG org.apache.http.wire -  >> "Content-Length: 241[\r][\n]"
2022-02-03_20:26:08.408 [main] DEBUG org.apache.http.wire -  >> "Host: apitest.pineperks.in[\r][\n]"
2022-02-03_20:26:08.408 [main] DEBUG org.apache.http.wire -  >> "Connection: Keep-Alive[\r][\n]"
2022-02-03_20:26:08.408 [main] DEBUG org.apache.http.wire -  >> "User-Agent: Apache-HttpClient/4.5.2 (Java/1.8.0_202)[\r][\n]"
2022-02-03_20:26:08.409 [main] DEBUG org.apache.http.wire -  >> "Accept-Encoding: gzip,deflate[\r][\n]"
2022-02-03_20:26:08.409 [main] DEBUG org.apache.http.wire -  >> "[\r][\n]"
2022-02-03_20:26:08.409 [main] DEBUG org.apache.http.headers - >> POST /card/order/V1/instant/issue/nonreloadable/digital HTTP/1.1
2022-02-03_20:26:08.409 [main] DEBUG org.apache.http.headers - >> Accept: */*
2022-02-03_20:26:08.409 [main] DEBUG org.apache.http.headers - >> userName: A0aCcnPzDANtKmvSLPKcaw==
2022-02-03_20:26:08.409 [main] DEBUG org.apache.http.headers - >> token: ff70dc5470ed4187a3215348ac408623
2022-02-03_20:26:08.409 [main] DEBUG org.apache.http.headers - >> Content-Type: application/json; charset=UTF-8
2022-02-03_20:26:08.409 [main] DEBUG org.apache.http.headers - >> Content-Length: 241
2022-02-03_20:26:08.409 [main] DEBUG org.apache.http.headers - >> Host: apitest.pineperks.in
2022-02-03_20:26:08.409 [main] DEBUG org.apache.http.headers - >> Connection: Keep-Alive
2022-02-03_20:26:08.409 [main] DEBUG org.apache.http.headers - >> User-Agent: Apache-HttpClient/4.5.2 (Java/1.8.0_202)
2022-02-03_20:26:08.409 [main] DEBUG org.apache.http.headers - >> Accept-Encoding: gzip,deflate
2022-02-03_20:26:08.410 [main] DEBUG org.apache.http.wire -  >> "{"isLinkToBeSentOnMobile":true,"checksum":"5x3GNrnStyS2PkMvV6EeAw==","cardDetailList":[{"amount":"1000","mobileNumber":"8284854535","customerName":"afzal","email":"afzal.ahmed@pinelabs.com"}],"externalRequestId":"zqbVtj0","cardSchemeId":"7"}"
2022-02-03_20:26:08.686 [main] DEBUG org.apache.http.wire -  << "HTTP/1.1 200 [\r][\n]"
2022-02-03_20:26:08.687 [main] DEBUG org.apache.http.wire -  << "Access-Control-Allow-Methods: GET, POST[\r][\n]"
2022-02-03_20:26:08.688 [main] DEBUG org.apache.http.wire -  << "Access-Control-Allow-Origin: *[\r][\n]"
2022-02-03_20:26:08.688 [main] DEBUG org.apache.http.wire -  << "Content-Security-Policy: default-src 'none'[\r][\n]"
2022-02-03_20:26:08.688 [main] DEBUG org.apache.http.wire -  << "Feature-Policy: 'none'[\r][\n]"
2022-02-03_20:26:08.688 [main] DEBUG org.apache.http.wire -  << "Referrer-Policy: no-referrer[\r][\n]"
2022-02-03_20:26:08.688 [main] DEBUG org.apache.http.wire -  << "Strict-Transport-Security: max-age=31536000 ; includeSubDomains[\r][\n]"
2022-02-03_20:26:08.688 [main] DEBUG org.apache.http.wire -  << "Date: Thu, 03 Feb 2022 14:56:07 GMT[\r][\n]"
2022-02-03_20:26:08.688 [main] DEBUG org.apache.http.wire -  << "Keep-Alive: timeout=60[\r][\n]"
2022-02-03_20:26:08.689 [main] DEBUG org.apache.http.wire -  << "Content-Type: application/json[\r][\n]"
2022-02-03_20:26:08.689 [main] DEBUG org.apache.http.wire -  << "Transfer-Encoding: chunked[\r][\n]"
2022-02-03_20:26:08.689 [main] DEBUG org.apache.http.wire -  << "Connection: keep-alive[\r][\n]"
2022-02-03_20:26:08.689 [main] DEBUG org.apache.http.wire -  << "[\r][\n]"
2022-02-03_20:26:08.689 [main] DEBUG o.a.h.i.conn.DefaultClientConnection - Receiving response: HTTP/1.1 200 
2022-02-03_20:26:08.689 [main] DEBUG org.apache.http.headers - << HTTP/1.1 200 
2022-02-03_20:26:08.690 [main] DEBUG org.apache.http.headers - << Access-Control-Allow-Methods: GET, POST
2022-02-03_20:26:08.690 [main] DEBUG org.apache.http.headers - << Access-Control-Allow-Origin: *
2022-02-03_20:26:08.690 [main] DEBUG org.apache.http.headers - << Content-Security-Policy: default-src 'none'
2022-02-03_20:26:08.690 [main] DEBUG org.apache.http.headers - << Feature-Policy: 'none'
2022-02-03_20:26:08.691 [main] DEBUG org.apache.http.headers - << Referrer-Policy: no-referrer
2022-02-03_20:26:08.691 [main] DEBUG org.apache.http.headers - << Strict-Transport-Security: max-age=31536000 ; includeSubDomains
2022-02-03_20:26:08.691 [main] DEBUG org.apache.http.headers - << Date: Thu, 03 Feb 2022 14:56:07 GMT
2022-02-03_20:26:08.691 [main] DEBUG org.apache.http.headers - << Keep-Alive: timeout=60
2022-02-03_20:26:08.691 [main] DEBUG org.apache.http.headers - << Content-Type: application/json
2022-02-03_20:26:08.691 [main] DEBUG org.apache.http.headers - << Transfer-Encoding: chunked
2022-02-03_20:26:08.691 [main] DEBUG org.apache.http.headers - << Connection: keep-alive
2022-02-03_20:26:08.691 [main] DEBUG o.a.h.impl.client.DefaultHttpClient - Connection can be kept alive for 60000 MILLISECONDS
2022-02-03_20:26:08.692 [main] DEBUG i.r.i.RequestSpecificationImpl$RestAssuredHttpBuilder - Parsing response as: application/json
2022-02-03_20:26:08.692 [main] DEBUG i.r.i.RequestSpecificationImpl$RestAssuredHttpBuilder - Parsed data to instance of: class org.apache.http.conn.EofSensorInputStream
2022-02-03_20:26:08.695 [main] INFO  com.qc.BaseAPI - Method :POST
2022-02-03_20:26:08.699 [main] INFO  com.qc.BaseAPI - URI :https://apitest.pineperks.in/card/order/V1/instant/issue/nonreloadable/digital
2022-02-03_20:26:08.699 [main] INFO  com.qc.BaseAPI - Headers :token=ff70dc5470ed4187a3215348ac408623
userName=A0aCcnPzDANtKmvSLPKcaw==
Accept=*/*
Content-Type=application/json; charset=UTF-8
2022-02-03_20:26:08.699 [main] INFO  com.qc.BaseAPI - Body :{"isLinkToBeSentOnMobile":true,"checksum":"5x3GNrnStyS2PkMvV6EeAw==","cardDetailList":[{"amount":"1000","mobileNumber":"8284854535","customerName":"afzal","email":"afzal.ahmed@pinelabs.com"}],"externalRequestId":"zqbVtj0","cardSchemeId":"7"}
2022-02-03_20:26:08.700 [main] INFO  com.qc.BaseAPI - ********************RESPONSE********************
2022-02-03_20:26:08.701 [main] DEBUG org.apache.http.wire -  << "1f2[\r][\n]"
2022-02-03_20:26:08.701 [main] DEBUG org.apache.http.wire -  << "{"externalRequestId":"zqbVtj0","orderId":103250,"orderStatus":6,"cardDetailResponseList":[{"referenceNumber":8662262234,"serialNumber":10325000010001,"customerName":"afzal","mobileNumber":8284854535,"email":"afzal.ahmed@pinelabs.com","amount":1000,"cardLink":"test.pineperks.in/eCard?c=MG0I.fDTx766okYcoh9pfw2","responseCode":0,"responseMessage":"Success"}],"successCount":1,"failedCount":0,"orderAmount":1000,"issuanceCharge":100,"netOrderAmount":1100,"responseCode":0,"responseMessage":"Success"}"
2022-02-03_20:26:08.701 [main] DEBUG org.apache.http.wire -  << "[\r][\n]"
2022-02-03_20:26:08.701 [main] DEBUG org.apache.http.wire -  << "0[\r][\n]"
2022-02-03_20:26:08.701 [main] DEBUG org.apache.http.wire -  << "[\r][\n]"
2022-02-03_20:26:08.702 [main] DEBUG o.a.h.i.c.BasicClientConnectionManager - Releasing connection org.apache.http.impl.conn.ManagedClientConnectionImpl@65f37227
2022-02-03_20:26:08.702 [main] DEBUG o.a.h.i.c.BasicClientConnectionManager - Connection can be kept alive for 60000 MILLISECONDS
2022-02-03_20:26:08.705 [main] INFO  com.qc.BaseAPI - Response :{
    "externalRequestId": "zqbVtj0",
    "orderId": 103250,
    "orderStatus": 6,
    "cardDetailResponseList": [
        {
            "referenceNumber": 8662262234,
            "serialNumber": 10325000010001,
            "customerName": "afzal",
            "mobileNumber": 8284854535,
            "email": "afzal.ahmed@pinelabs.com",
            "amount": 1000,
            "cardLink": "test.pineperks.in/eCard?c=MG0I.fDTx766okYcoh9pfw2",
            "responseCode": 0,
            "responseMessage": "Success"
        }
    ],
    "successCount": 1,
    "failedCount": 0,
    "orderAmount": 1000,
    "issuanceCharge": 100,
    "netOrderAmount": 1100,
    "responseCode": 0,
    "responseMessage": "Success"
}
2022-02-03_20:26:08.705 [main] INFO  com.qc.BaseAPI -  **** POST call Response time 462 ms
2022-02-03_20:26:08.706 [main] INFO  pl.rest.service.CardIssue - Time Taken to perform https://apitest.pineperks.in/card/order/V1/instant/issue/nonreloadable/digital transaction: 462
2022-02-03_20:26:08.719 [main] INFO  com.qc.qa.utils.TestDataReader - Reading Json data authorizeHeaders
2022-02-03_20:26:08.724 [main] INFO  com.qc.qa.utils.TestDataReader - Reading json data from file @ testData/api/devAPIData.json
2022-02-03_20:26:08.728 [main] INFO  p.r.service.CorporateAndCardDetails - CardIssue Rest API URL :- https://apitest.pineperks.in/card/profile/V1/detail
2022-02-03_20:26:08.728 [main] INFO  com.qc.BaseAPI - POST call to URL https://apitest.pineperks.in/card/profile/V1/detail
2022-02-03_20:26:08.737 [main] INFO  com.qc.BaseAPI - ********************REQUEST********************
2022-02-03_20:26:08.751 [main] DEBUG o.a.h.i.c.BasicClientConnectionManager - Get connection for route {s}->https://apitest.pineperks.in:443
2022-02-03_20:26:08.751 [main] DEBUG o.a.h.i.c.DefaultClientConnectionOperator - Connecting to apitest.pineperks.in:443
2022-02-03_20:26:08.864 [main] DEBUG o.a.h.c.protocol.RequestAddCookies - CookieSpec selected: ignoreCookies
2022-02-03_20:26:08.864 [main] DEBUG o.a.h.c.protocol.RequestAuthCache - Auth cache not set in the context
2022-02-03_20:26:08.864 [main] DEBUG o.a.h.c.p.RequestTargetAuthentication - Target auth state: UNCHALLENGED
2022-02-03_20:26:08.864 [main] DEBUG o.a.h.c.p.RequestProxyAuthentication - Proxy auth state: UNCHALLENGED
2022-02-03_20:26:08.865 [main] DEBUG o.a.h.impl.client.DefaultHttpClient - Attempt 1 to execute request
2022-02-03_20:26:08.865 [main] DEBUG o.a.h.i.conn.DefaultClientConnection - Sending request: POST /card/profile/V1/detail HTTP/1.1
2022-02-03_20:26:08.865 [main] DEBUG org.apache.http.wire -  >> "POST /card/profile/V1/detail HTTP/1.1[\r][\n]"
2022-02-03_20:26:08.865 [main] DEBUG org.apache.http.wire -  >> "Accept: */*[\r][\n]"
2022-02-03_20:26:08.865 [main] DEBUG org.apache.http.wire -  >> "userName: A0aCcnPzDANtKmvSLPKcaw==[\r][\n]"
2022-02-03_20:26:08.866 [main] DEBUG org.apache.http.wire -  >> "token: ff70dc5470ed4187a3215348ac408623[\r][\n]"
2022-02-03_20:26:08.866 [main] DEBUG org.apache.http.wire -  >> "Content-Type: application/json; charset=UTF-8[\r][\n]"
2022-02-03_20:26:08.866 [main] DEBUG org.apache.http.wire -  >> "Content-Length: 40[\r][\n]"
2022-02-03_20:26:08.866 [main] DEBUG org.apache.http.wire -  >> "Host: apitest.pineperks.in[\r][\n]"
2022-02-03_20:26:08.866 [main] DEBUG org.apache.http.wire -  >> "Connection: Keep-Alive[\r][\n]"
2022-02-03_20:26:08.866 [main] DEBUG org.apache.http.wire -  >> "User-Agent: Apache-HttpClient/4.5.2 (Java/1.8.0_202)[\r][\n]"
2022-02-03_20:26:08.867 [main] DEBUG org.apache.http.wire -  >> "Accept-Encoding: gzip,deflate[\r][\n]"
2022-02-03_20:26:08.867 [main] DEBUG org.apache.http.wire -  >> "[\r][\n]"
2022-02-03_20:26:08.867 [main] DEBUG org.apache.http.headers - >> POST /card/profile/V1/detail HTTP/1.1
2022-02-03_20:26:08.867 [main] DEBUG org.apache.http.headers - >> Accept: */*
2022-02-03_20:26:08.867 [main] DEBUG org.apache.http.headers - >> userName: A0aCcnPzDANtKmvSLPKcaw==
2022-02-03_20:26:08.867 [main] DEBUG org.apache.http.headers - >> token: ff70dc5470ed4187a3215348ac408623
2022-02-03_20:26:08.867 [main] DEBUG org.apache.http.headers - >> Content-Type: application/json; charset=UTF-8
2022-02-03_20:26:08.867 [main] DEBUG org.apache.http.headers - >> Content-Length: 40
2022-02-03_20:26:08.867 [main] DEBUG org.apache.http.headers - >> Host: apitest.pineperks.in
2022-02-03_20:26:08.867 [main] DEBUG org.apache.http.headers - >> Connection: Keep-Alive
2022-02-03_20:26:08.868 [main] DEBUG org.apache.http.headers - >> User-Agent: Apache-HttpClient/4.5.2 (Java/1.8.0_202)
2022-02-03_20:26:08.868 [main] DEBUG org.apache.http.headers - >> Accept-Encoding: gzip,deflate
2022-02-03_20:26:08.868 [main] DEBUG org.apache.http.wire -  >> "{"cardDetailRequestList":["8662262234"]}"
2022-02-03_20:26:08.906 [main] DEBUG org.apache.http.wire -  << "HTTP/1.1 200 [\r][\n]"
2022-02-03_20:26:08.906 [main] DEBUG org.apache.http.wire -  << "Access-Control-Allow-Methods: GET, POST[\r][\n]"
2022-02-03_20:26:08.906 [main] DEBUG org.apache.http.wire -  << "Access-Control-Allow-Origin: *[\r][\n]"
2022-02-03_20:26:08.907 [main] DEBUG org.apache.http.wire -  << "Content-Security-Policy: default-src 'none'[\r][\n]"
2022-02-03_20:26:08.907 [main] DEBUG org.apache.http.wire -  << "Feature-Policy: 'none'[\r][\n]"
2022-02-03_20:26:08.907 [main] DEBUG org.apache.http.wire -  << "Referrer-Policy: no-referrer[\r][\n]"
2022-02-03_20:26:08.907 [main] DEBUG org.apache.http.wire -  << "Strict-Transport-Security: max-age=31536000 ; includeSubDomains[\r][\n]"
2022-02-03_20:26:08.907 [main] DEBUG org.apache.http.wire -  << "Date: Thu, 03 Feb 2022 14:56:07 GMT[\r][\n]"
2022-02-03_20:26:08.907 [main] DEBUG org.apache.http.wire -  << "Keep-Alive: timeout=60[\r][\n]"
2022-02-03_20:26:08.907 [main] DEBUG org.apache.http.wire -  << "Content-Type: application/json[\r][\n]"
2022-02-03_20:26:08.908 [main] DEBUG org.apache.http.wire -  << "Transfer-Encoding: chunked[\r][\n]"
2022-02-03_20:26:08.908 [main] DEBUG org.apache.http.wire -  << "Connection: keep-alive[\r][\n]"
2022-02-03_20:26:08.908 [main] DEBUG org.apache.http.wire -  << "[\r][\n]"
2022-02-03_20:26:08.908 [main] DEBUG o.a.h.i.conn.DefaultClientConnection - Receiving response: HTTP/1.1 200 
2022-02-03_20:26:08.908 [main] DEBUG org.apache.http.headers - << HTTP/1.1 200 
2022-02-03_20:26:08.908 [main] DEBUG org.apache.http.headers - << Access-Control-Allow-Methods: GET, POST
2022-02-03_20:26:08.908 [main] DEBUG org.apache.http.headers - << Access-Control-Allow-Origin: *
2022-02-03_20:26:08.908 [main] DEBUG org.apache.http.headers - << Content-Security-Policy: default-src 'none'
2022-02-03_20:26:08.908 [main] DEBUG org.apache.http.headers - << Feature-Policy: 'none'
2022-02-03_20:26:08.909 [main] DEBUG org.apache.http.headers - << Referrer-Policy: no-referrer
2022-02-03_20:26:08.909 [main] DEBUG org.apache.http.headers - << Strict-Transport-Security: max-age=31536000 ; includeSubDomains
2022-02-03_20:26:08.909 [main] DEBUG org.apache.http.headers - << Date: Thu, 03 Feb 2022 14:56:07 GMT
2022-02-03_20:26:08.909 [main] DEBUG org.apache.http.headers - << Keep-Alive: timeout=60
2022-02-03_20:26:08.909 [main] DEBUG org.apache.http.headers - << Content-Type: application/json
2022-02-03_20:26:08.909 [main] DEBUG org.apache.http.headers - << Transfer-Encoding: chunked
2022-02-03_20:26:08.909 [main] DEBUG org.apache.http.headers - << Connection: keep-alive
2022-02-03_20:26:08.909 [main] DEBUG o.a.h.impl.client.DefaultHttpClient - Connection can be kept alive for 60000 MILLISECONDS
2022-02-03_20:26:08.910 [main] DEBUG i.r.i.RequestSpecificationImpl$RestAssuredHttpBuilder - Parsing response as: application/json
2022-02-03_20:26:08.910 [main] DEBUG i.r.i.RequestSpecificationImpl$RestAssuredHttpBuilder - Parsed data to instance of: class org.apache.http.conn.EofSensorInputStream
2022-02-03_20:26:08.911 [main] INFO  com.qc.BaseAPI - Method :POST
2022-02-03_20:26:08.913 [main] INFO  com.qc.BaseAPI - URI :https://apitest.pineperks.in/card/profile/V1/detail
2022-02-03_20:26:08.913 [main] INFO  com.qc.BaseAPI - Headers :token=ff70dc5470ed4187a3215348ac408623
userName=A0aCcnPzDANtKmvSLPKcaw==
Accept=*/*
Content-Type=application/json; charset=UTF-8
2022-02-03_20:26:08.913 [main] INFO  com.qc.BaseAPI - Body :{"cardDetailRequestList":["8662262234"]}
2022-02-03_20:26:08.913 [main] INFO  com.qc.BaseAPI - ********************RESPONSE********************
2022-02-03_20:26:08.913 [main] DEBUG org.apache.http.wire -  << "3c7[\r][\n]"
2022-02-03_20:26:08.914 [main] DEBUG org.apache.http.wire -  << "{"cardDetailResponseList":[{"cardReferenceNumber":8662262234,"maskedCardNumber":"608364******8824","cardStatus":1,"kycStatus":null,"cardSchemeId":7,"pinMode":4,"cardName":"milson Card","cardVariant":2,"cardCategoryId":4,"loadAmount":1000,"redeemedAmount":0,"balance":1000,"issuedOn":"03-Feb-2022","expiryDate":"29-Feb-2024","isEcommTransactionEnabled":true,"ecommRedeemTransactionLimit":0,"isPOSTransactionEnabled":false,"posRedeemTransactionLimit":0,"monthlyCreditAmount":null,"lastCreditedOn":null,"activatedOn":"03-Feb-2022","activationName":"Afzal","activationMobileNumber":8284854535,"activationEmail":"afzal.ahmed@pinelabs.com","customerName":"Afzal ahmed","customerMobile":8284854535,"customerEmail":null,"blockedOn":null,"terminatedOn":null,"terminatedBy":null,"reason":null,"reIssuedOn":null,"reIssuedBy":null,"reIssuedByCardReferenceNumber":null,"reIssueCharges":0,"responseCode":0,"responseMessage":"Success"}],"responseCode":0,"responseMessage":"Success"}"
2022-02-03_20:26:08.914 [main] DEBUG org.apache.http.wire -  << "[\r][\n]"
2022-02-03_20:26:08.914 [main] DEBUG org.apache.http.wire -  << "0[\r][\n]"
2022-02-03_20:26:08.914 [main] DEBUG org.apache.http.wire -  << "[\r][\n]"
2022-02-03_20:26:08.915 [main] DEBUG o.a.h.i.c.BasicClientConnectionManager - Releasing connection org.apache.http.impl.conn.ManagedClientConnectionImpl@1568dcd8
2022-02-03_20:26:08.915 [main] DEBUG o.a.h.i.c.BasicClientConnectionManager - Connection can be kept alive for 60000 MILLISECONDS
2022-02-03_20:26:08.918 [main] INFO  com.qc.BaseAPI - Response :{
    "cardDetailResponseList": [
        {
            "cardReferenceNumber": 8662262234,
            "maskedCardNumber": "608364******8824",
            "cardStatus": 1,
            "kycStatus": null,
            "cardSchemeId": 7,
            "pinMode": 4,
            "cardName": "milson Card",
            "cardVariant": 2,
            "cardCategoryId": 4,
            "loadAmount": 1000,
            "redeemedAmount": 0,
            "balance": 1000,
            "issuedOn": "03-Feb-2022",
            "expiryDate": "29-Feb-2024",
            "isEcommTransactionEnabled": true,
            "ecommRedeemTransactionLimit": 0,
            "isPOSTransactionEnabled": false,
            "posRedeemTransactionLimit": 0,
            "monthlyCreditAmount": null,
            "lastCreditedOn": null,
            "activatedOn": "03-Feb-2022",
            "activationName": "Afzal",
            "activationMobileNumber": 8284854535,
            "activationEmail": "afzal.ahmed@pinelabs.com",
            "customerName": "Afzal ahmed",
            "customerMobile": 8284854535,
            "customerEmail": null,
            "blockedOn": null,
            "terminatedOn": null,
            "terminatedBy": null,
            "reason": null,
            "reIssuedOn": null,
            "reIssuedBy": null,
            "reIssuedByCardReferenceNumber": null,
            "reIssueCharges": 0,
            "responseCode": 0,
            "responseMessage": "Success"
        }
    ],
    "responseCode": 0,
    "responseMessage": "Success"
}
2022-02-03_20:26:08.919 [main] INFO  com.qc.BaseAPI -  **** POST call Response time 172 ms
2022-02-03_20:26:08.928 [main] INFO  p.r.service.CorporateAndCardDetails - Time Taken to perform https://apitest.pineperks.in/card/profile/V1/detail transaction: 172
2022-02-03_20:26:09.317 [main] INFO  pl.rest.utils.DBUtils - Query being executed Select * from Card where referenceNumber=8662262234;
2022-02-03_20:26:09.343 [Finalizer] DEBUG o.a.h.i.conn.DefaultClientConnection - Connection 0.0.0.0:58758<->14.143.120.84:443 closed
2022-02-03_20:26:09.370 [main] ERROR com.qc.qa.utils.LoadProperties - Missing MySQLDBEnvironment property value in system property or in config.properties files.Please add it if incase required
2022-02-03_20:26:09.371 [main] INFO  com.qc.qa.dbutils.DBPoolProvider - Con pool Total - 400, idle - 0,  Num active - 0
2022-02-03_20:26:09.371 [main] INFO  com.qc.qa.dbutils.DBPoolProvider - Retrieved connection
