2021-12-15_00:19:59.008 [main] INFO  com.qc.qa.utils.TestDataReader - Reading API Test Data config values from  testData/api/devAPITestData.properties
2021-12-15_00:19:59.013 [main] INFO  pl.rest.service.Authorize - Authorize Rest API URL :- https://apitest.pineperks.in/auth/V1/generate/token
2021-12-15_00:19:59.013 [main] INFO  com.qc.BaseAPI - GET call to URL https://apitest.pineperks.in/auth/V1/generate/token
2021-12-15_00:19:59.185 [main] INFO  com.qc.BaseAPI - ********************REQUEST********************
2021-12-15_00:20:00.482 [main] DEBUG o.a.h.i.c.BasicClientConnectionManager - Get connection for route {s}->https://apitest.pineperks.in:443
2021-12-15_00:20:00.556 [main] DEBUG o.a.h.i.c.DefaultClientConnectionOperator - Connecting to apitest.pineperks.in:443
2021-12-15_00:20:00.747 [main] DEBUG o.a.h.c.protocol.RequestAddCookies - CookieSpec selected: ignoreCookies
2021-12-15_00:20:00.748 [main] DEBUG o.a.h.c.protocol.RequestAuthCache - Auth cache not set in the context
2021-12-15_00:20:00.748 [main] DEBUG o.a.h.c.p.RequestTargetAuthentication - Target auth state: UNCHALLENGED
2021-12-15_00:20:00.749 [main] DEBUG o.a.h.c.p.RequestProxyAuthentication - Proxy auth state: UNCHALLENGED
2021-12-15_00:20:00.749 [main] DEBUG o.a.h.impl.client.DefaultHttpClient - Attempt 1 to execute request
2021-12-15_00:20:00.749 [main] DEBUG o.a.h.i.conn.DefaultClientConnection - Sending request: GET /auth/V1/generate/token HTTP/1.1
2021-12-15_00:20:00.750 [main] DEBUG org.apache.http.wire -  >> "GET /auth/V1/generate/token HTTP/1.1[\r][\n]"
2021-12-15_00:20:00.750 [main] DEBUG org.apache.http.wire -  >> "Content-Type: application/json; charset=UTF-8[\r][\n]"
2021-12-15_00:20:00.750 [main] DEBUG org.apache.http.wire -  >> "Accept: */*[\r][\n]"
2021-12-15_00:20:00.751 [main] DEBUG org.apache.http.wire -  >> "userName: A0aCcnPzDANtKmvSLPKcaw==[\r][\n]"
2021-12-15_00:20:00.751 [main] DEBUG org.apache.http.wire -  >> "Host: apitest.pineperks.in[\r][\n]"
2021-12-15_00:20:00.751 [main] DEBUG org.apache.http.wire -  >> "Connection: Keep-Alive[\r][\n]"
2021-12-15_00:20:00.751 [main] DEBUG org.apache.http.wire -  >> "User-Agent: Apache-HttpClient/4.5.2 (Java/1.8.0_202)[\r][\n]"
2021-12-15_00:20:00.751 [main] DEBUG org.apache.http.wire -  >> "Accept-Encoding: gzip,deflate[\r][\n]"
2021-12-15_00:20:00.751 [main] DEBUG org.apache.http.wire -  >> "[\r][\n]"
2021-12-15_00:20:00.751 [main] DEBUG org.apache.http.headers - >> GET /auth/V1/generate/token HTTP/1.1
2021-12-15_00:20:00.752 [main] DEBUG org.apache.http.headers - >> Content-Type: application/json; charset=UTF-8
2021-12-15_00:20:00.752 [main] DEBUG org.apache.http.headers - >> Accept: */*
2021-12-15_00:20:00.752 [main] DEBUG org.apache.http.headers - >> userName: A0aCcnPzDANtKmvSLPKcaw==
2021-12-15_00:20:00.752 [main] DEBUG org.apache.http.headers - >> Host: apitest.pineperks.in
2021-12-15_00:20:00.752 [main] DEBUG org.apache.http.headers - >> Connection: Keep-Alive
2021-12-15_00:20:00.752 [main] DEBUG org.apache.http.headers - >> User-Agent: Apache-HttpClient/4.5.2 (Java/1.8.0_202)
2021-12-15_00:20:00.752 [main] DEBUG org.apache.http.headers - >> Accept-Encoding: gzip,deflate
2021-12-15_00:20:00.828 [main] DEBUG org.apache.http.wire -  << "HTTP/1.1 200 [\r][\n]"
2021-12-15_00:20:00.834 [main] DEBUG org.apache.http.wire -  << "Access-Control-Allow-Methods: GET, POST[\r][\n]"
2021-12-15_00:20:00.835 [main] DEBUG org.apache.http.wire -  << "Access-Control-Allow-Origin: *[\r][\n]"
2021-12-15_00:20:00.836 [main] DEBUG org.apache.http.wire -  << "Content-Security-Policy: default-src 'none'[\r][\n]"
2021-12-15_00:20:00.836 [main] DEBUG org.apache.http.wire -  << "Feature-Policy: 'none'[\r][\n]"
2021-12-15_00:20:00.836 [main] DEBUG org.apache.http.wire -  << "Referrer-Policy: no-referrer[\r][\n]"
2021-12-15_00:20:00.837 [main] DEBUG org.apache.http.wire -  << "Strict-Transport-Security: max-age=31536000 ; includeSubDomains[\r][\n]"
2021-12-15_00:20:00.837 [main] DEBUG org.apache.http.wire -  << "Date: Tue, 14 Dec 2021 18:50:00 GMT[\r][\n]"
2021-12-15_00:20:00.838 [main] DEBUG org.apache.http.wire -  << "Keep-Alive: timeout=60[\r][\n]"
2021-12-15_00:20:00.838 [main] DEBUG org.apache.http.wire -  << "Content-Type: application/json[\r][\n]"
2021-12-15_00:20:00.839 [main] DEBUG org.apache.http.wire -  << "Transfer-Encoding: chunked[\r][\n]"
2021-12-15_00:20:00.839 [main] DEBUG org.apache.http.wire -  << "Connection: keep-alive[\r][\n]"
2021-12-15_00:20:00.839 [main] DEBUG org.apache.http.wire -  << "[\r][\n]"
2021-12-15_00:20:00.841 [main] DEBUG o.a.h.i.conn.DefaultClientConnection - Receiving response: HTTP/1.1 200 
2021-12-15_00:20:00.842 [main] DEBUG org.apache.http.headers - << HTTP/1.1 200 
2021-12-15_00:20:00.843 [main] DEBUG org.apache.http.headers - << Access-Control-Allow-Methods: GET, POST
2021-12-15_00:20:00.843 [main] DEBUG org.apache.http.headers - << Access-Control-Allow-Origin: *
2021-12-15_00:20:00.843 [main] DEBUG org.apache.http.headers - << Content-Security-Policy: default-src 'none'
2021-12-15_00:20:00.843 [main] DEBUG org.apache.http.headers - << Feature-Policy: 'none'
2021-12-15_00:20:00.844 [main] DEBUG org.apache.http.headers - << Referrer-Policy: no-referrer
2021-12-15_00:20:00.844 [main] DEBUG org.apache.http.headers - << Strict-Transport-Security: max-age=31536000 ; includeSubDomains
2021-12-15_00:20:00.844 [main] DEBUG org.apache.http.headers - << Date: Tue, 14 Dec 2021 18:50:00 GMT
2021-12-15_00:20:00.844 [main] DEBUG org.apache.http.headers - << Keep-Alive: timeout=60
2021-12-15_00:20:00.844 [main] DEBUG org.apache.http.headers - << Content-Type: application/json
2021-12-15_00:20:00.845 [main] DEBUG org.apache.http.headers - << Transfer-Encoding: chunked
2021-12-15_00:20:00.845 [main] DEBUG org.apache.http.headers - << Connection: keep-alive
2021-12-15_00:20:00.857 [main] DEBUG o.a.h.impl.client.DefaultHttpClient - Connection can be kept alive for 60000 MILLISECONDS
2021-12-15_00:20:00.882 [main] DEBUG i.r.i.RequestSpecificationImpl$RestAssuredHttpBuilder - Parsing response as: application/json
2021-12-15_00:20:00.883 [main] DEBUG i.r.i.RequestSpecificationImpl$RestAssuredHttpBuilder - Parsed data to instance of: class org.apache.http.conn.EofSensorInputStream
2021-12-15_00:20:00.896 [main] INFO  com.qc.BaseAPI - Method :GET
2021-12-15_00:20:00.898 [main] INFO  com.qc.BaseAPI - URI :https://apitest.pineperks.in/auth/V1/generate/token
2021-12-15_00:20:00.898 [main] INFO  com.qc.BaseAPI - Headers :userName=A0aCcnPzDANtKmvSLPKcaw==
Accept=*/*
Content-Type=application/json; charset=UTF-8
2021-12-15_00:20:00.898 [main] INFO  com.qc.BaseAPI - Body :null
2021-12-15_00:20:00.898 [main] INFO  com.qc.BaseAPI - ********************RESPONSE********************
2021-12-15_00:20:00.908 [main] DEBUG org.apache.http.wire -  << "7f[\r][\n]"
2021-12-15_00:20:00.909 [main] DEBUG org.apache.http.wire -  << "{"accessToken":"e51ea6c09f4546698709f0fa1739325d","tokenExpiryTime":"16-Dec-2021","responseCode":0,"responseMessage":"Success"}"
2021-12-15_00:20:00.910 [main] DEBUG org.apache.http.wire -  << "[\r][\n]"
2021-12-15_00:20:00.910 [main] DEBUG org.apache.http.wire -  << "0[\r][\n]"
2021-12-15_00:20:00.910 [main] DEBUG org.apache.http.wire -  << "[\r][\n]"
2021-12-15_00:20:00.910 [main] DEBUG o.a.h.i.c.BasicClientConnectionManager - Releasing connection org.apache.http.impl.conn.ManagedClientConnectionImpl@4e2f869c
2021-12-15_00:20:00.910 [main] DEBUG o.a.h.i.c.BasicClientConnectionManager - Connection can be kept alive for 60000 MILLISECONDS
2021-12-15_00:20:00.932 [main] INFO  com.qc.BaseAPI - Response :{
    "accessToken": "e51ea6c09f4546698709f0fa1739325d",
    "tokenExpiryTime": "16-Dec-2021",
    "responseCode": 0,
    "responseMessage": "Success"
}
2021-12-15_00:20:00.933 [main] INFO  com.qc.BaseAPI -  **** GET call Response time 1700 ms
2021-12-15_00:20:00.933 [main] INFO  pl.rest.service.Authorize - Time Taken to perform https://apitest.pineperks.in/auth/V1/generate/token transaction: 1700
2021-12-15_00:20:01.208 [main] INFO  com.qc.qa.utils.TestDataReader - Reading Json data authorizeHeaders
2021-12-15_00:20:01.210 [main] INFO  com.qc.qa.utils.TestDataReader - Reading json data from file @ testData/api/devAPIData.json
2021-12-15_00:20:01.229 [main] INFO  pl.rest.service.CardIssue - CardIssue Rest API URL :- https://apitest.pineperks.in/card/order/V1/instant/issue/nonreloadable/digital
2021-12-15_00:20:01.229 [main] INFO  com.qc.BaseAPI - POST call to URL https://apitest.pineperks.in/card/order/V1/instant/issue/nonreloadable/digital
2021-12-15_00:20:01.237 [main] INFO  com.qc.BaseAPI - ********************REQUEST********************
2021-12-15_00:20:01.265 [main] DEBUG o.a.h.i.c.BasicClientConnectionManager - Get connection for route {s}->https://apitest.pineperks.in:443
2021-12-15_00:20:01.265 [main] DEBUG o.a.h.i.c.DefaultClientConnectionOperator - Connecting to apitest.pineperks.in:443
2021-12-15_00:20:01.394 [main] DEBUG o.a.h.c.protocol.RequestAddCookies - CookieSpec selected: ignoreCookies
2021-12-15_00:20:01.394 [main] DEBUG o.a.h.c.protocol.RequestAuthCache - Auth cache not set in the context
2021-12-15_00:20:01.394 [main] DEBUG o.a.h.c.p.RequestTargetAuthentication - Target auth state: UNCHALLENGED
2021-12-15_00:20:01.395 [main] DEBUG o.a.h.c.p.RequestProxyAuthentication - Proxy auth state: UNCHALLENGED
2021-12-15_00:20:01.395 [main] DEBUG o.a.h.impl.client.DefaultHttpClient - Attempt 1 to execute request
2021-12-15_00:20:01.395 [main] DEBUG o.a.h.i.conn.DefaultClientConnection - Sending request: POST /card/order/V1/instant/issue/nonreloadable/digital HTTP/1.1
2021-12-15_00:20:01.396 [main] DEBUG org.apache.http.wire -  >> "POST /card/order/V1/instant/issue/nonreloadable/digital HTTP/1.1[\r][\n]"
2021-12-15_00:20:01.396 [main] DEBUG org.apache.http.wire -  >> "Accept: */*[\r][\n]"
2021-12-15_00:20:01.396 [main] DEBUG org.apache.http.wire -  >> "userName : A0aCcnPzDANtKmvSLPKcaw==[\r][\n]"
2021-12-15_00:20:01.396 [main] DEBUG org.apache.http.wire -  >> "token: e51ea6c09f4546698709f0fa1739325d[\r][\n]"
2021-12-15_00:20:01.396 [main] DEBUG org.apache.http.wire -  >> "Content-Type: application/json; charset=UTF-8[\r][\n]"
2021-12-15_00:20:01.397 [main] DEBUG org.apache.http.wire -  >> "Content-Length: 246[\r][\n]"
2021-12-15_00:20:01.397 [main] DEBUG org.apache.http.wire -  >> "Host: apitest.pineperks.in[\r][\n]"
2021-12-15_00:20:01.397 [main] DEBUG org.apache.http.wire -  >> "Connection: Keep-Alive[\r][\n]"
2021-12-15_00:20:01.397 [main] DEBUG org.apache.http.wire -  >> "User-Agent: Apache-HttpClient/4.5.2 (Java/1.8.0_202)[\r][\n]"
2021-12-15_00:20:01.397 [main] DEBUG org.apache.http.wire -  >> "Accept-Encoding: gzip,deflate[\r][\n]"
2021-12-15_00:20:01.397 [main] DEBUG org.apache.http.wire -  >> "[\r][\n]"
2021-12-15_00:20:01.398 [main] DEBUG org.apache.http.headers - >> POST /card/order/V1/instant/issue/nonreloadable/digital HTTP/1.1
2021-12-15_00:20:01.398 [main] DEBUG org.apache.http.headers - >> Accept: */*
2021-12-15_00:20:01.398 [main] DEBUG org.apache.http.headers - >> userName : A0aCcnPzDANtKmvSLPKcaw==
2021-12-15_00:20:01.398 [main] DEBUG org.apache.http.headers - >> token: e51ea6c09f4546698709f0fa1739325d
2021-12-15_00:20:01.398 [main] DEBUG org.apache.http.headers - >> Content-Type: application/json; charset=UTF-8
2021-12-15_00:20:01.398 [main] DEBUG org.apache.http.headers - >> Content-Length: 246
2021-12-15_00:20:01.398 [main] DEBUG org.apache.http.headers - >> Host: apitest.pineperks.in
2021-12-15_00:20:01.398 [main] DEBUG org.apache.http.headers - >> Connection: Keep-Alive
2021-12-15_00:20:01.398 [main] DEBUG org.apache.http.headers - >> User-Agent: Apache-HttpClient/4.5.2 (Java/1.8.0_202)
2021-12-15_00:20:01.398 [main] DEBUG org.apache.http.headers - >> Accept-Encoding: gzip,deflate
2021-12-15_00:20:01.399 [main] DEBUG org.apache.http.wire -  >> "{"isLinkToBeSentOnMobile":true,"checksum":"5x3GNrnStyS2PkMvV6EeAw==","cardDetailList":[{"amount":"1000","mobileNumber":"8284854535","customerName":"APITestOne","email":"afzal.ahmed@pinelabs.com"}],"externalRequestId":"SpSOmXB","cardSchemeId":"7"}"
2021-12-15_00:20:01.409 [main] DEBUG org.apache.http.wire -  << "HTTP/1.1 400 [\r][\n]"
2021-12-15_00:20:01.409 [main] DEBUG org.apache.http.wire -  << "Content-Type: text/html;charset=utf-8[\r][\n]"
2021-12-15_00:20:01.410 [main] DEBUG org.apache.http.wire -  << "Content-Language: en[\r][\n]"
2021-12-15_00:20:01.410 [main] DEBUG org.apache.http.wire -  << "Content-Length: 435[\r][\n]"
2021-12-15_00:20:01.410 [main] DEBUG org.apache.http.wire -  << "Date: Tue, 14 Dec 2021 18:50:01 GMT[\r][\n]"
2021-12-15_00:20:01.410 [main] DEBUG org.apache.http.wire -  << "Connection: close[\r][\n]"
2021-12-15_00:20:01.410 [main] DEBUG org.apache.http.wire -  << "[\r][\n]"
2021-12-15_00:20:01.410 [main] DEBUG o.a.h.i.conn.DefaultClientConnection - Receiving response: HTTP/1.1 400 
2021-12-15_00:20:01.410 [main] DEBUG org.apache.http.headers - << HTTP/1.1 400 
2021-12-15_00:20:01.410 [main] DEBUG org.apache.http.headers - << Content-Type: text/html;charset=utf-8
2021-12-15_00:20:01.410 [main] DEBUG org.apache.http.headers - << Content-Language: en
2021-12-15_00:20:01.410 [main] DEBUG org.apache.http.headers - << Content-Length: 435
2021-12-15_00:20:01.411 [main] DEBUG org.apache.http.headers - << Date: Tue, 14 Dec 2021 18:50:01 GMT
2021-12-15_00:20:01.411 [main] DEBUG org.apache.http.headers - << Connection: close
2021-12-15_00:20:01.412 [main] DEBUG i.r.i.RequestSpecificationImpl$RestAssuredHttpBuilder - Parsing response as: text/html;charset=utf-8
2021-12-15_00:20:01.412 [main] DEBUG i.r.i.RequestSpecificationImpl$RestAssuredHttpBuilder - Parsed data to instance of: class org.apache.http.conn.EofSensorInputStream
2021-12-15_00:20:01.414 [main] INFO  com.qc.BaseAPI - Method :POST
2021-12-15_00:20:01.418 [main] INFO  com.qc.BaseAPI - URI :https://apitest.pineperks.in/card/order/V1/instant/issue/nonreloadable/digital
2021-12-15_00:20:01.418 [main] INFO  com.qc.BaseAPI - Headers :token=e51ea6c09f4546698709f0fa1739325d
userName =A0aCcnPzDANtKmvSLPKcaw==
Accept=*/*
Content-Type=application/json; charset=UTF-8
2021-12-15_00:20:01.418 [main] INFO  com.qc.BaseAPI - Body :{"isLinkToBeSentOnMobile":true,"checksum":"5x3GNrnStyS2PkMvV6EeAw==","cardDetailList":[{"amount":"1000","mobileNumber":"8284854535","customerName":"APITestOne","email":"afzal.ahmed@pinelabs.com"}],"externalRequestId":"SpSOmXB","cardSchemeId":"7"}
2021-12-15_00:20:01.419 [main] INFO  com.qc.BaseAPI - ********************RESPONSE********************
2021-12-15_00:20:01.419 [main] DEBUG org.apache.http.wire -  << "<!doctype html><html lang="en"><head><title>HTTP Status 400 [0xe2][0x80][0x93] Bad Request</title><style type="text/css">body {font-family:Tahoma,Arial,sans-serif;} h1, h2, h3, b {color:white;background-color:#525D76;} h1 {font-size:22px;} h2 {font-size:16px;} h3 {font-size:14px;} p {font-size:12px;} a {color:black;} .line {height:1px;background-color:#525D76;border:none;}</style></head><body><h1>HTTP Status 400 [0xe2][0x80][0x93] Bad Request</h1></body></html>"
2021-12-15_00:20:01.420 [main] DEBUG o.a.h.i.c.BasicClientConnectionManager - Releasing connection org.apache.http.impl.conn.ManagedClientConnectionImpl@992b00b
2021-12-15_00:20:01.421 [main] DEBUG o.a.h.i.conn.DefaultClientConnection - Connection 0.0.0.0:60359<->14.143.120.84:443 shut down
2021-12-15_00:20:01.740 [main] INFO  com.qc.BaseAPI - Response :<html lang="en">
  <head>
    <title>HTTP Status 400 – Bad Request</title>
    <style type="text/css">body {font-family:Tahoma,Arial,sans-serif;} h1, h2, h3, b {color:white;background-color:#525D76;} h1 {font-size:22px;} h2 {font-size:16px;} h3 {font-size:14px;} p {font-size:12px;} a {color:black;} .line {height:1px;background-color:#525D76;border:none;}</style>
  </head>
  <body>
    <h1>HTTP Status 400 – Bad Request</h1>
  </body>
</html>
2021-12-15_00:20:01.741 [main] INFO  com.qc.BaseAPI -  **** POST call Response time 174 ms
2021-12-15_00:20:01.741 [main] INFO  pl.rest.service.CardIssue - Time Taken to perform https://apitest.pineperks.in/card/order/V1/instant/issue/nonreloadable/digital transaction: 174
