2021-12-24_00:35:43.167 [main] INFO  pl.rest.CustomHooks - SCENARIO NAME: Changing of scheme of issued card and validating the data in the API response
2021-12-24_00:35:43.170 [main] INFO  pl.rest.CustomHooks - TAG NAMEs: []
2021-12-24_00:35:43.173 [main] INFO  pl.rest.CustomHooks - SCENARIO NAME: Changing of scheme of issued card and validating the data in the API response
2021-12-24_00:35:43.174 [main] INFO  pl.rest.CustomHooks - TAG NAMEs: []
2021-12-24_00:35:43.235 [main] INFO  pl.rest.CustomHooks - Index: 0, Size: 0
2021-12-24_00:35:45.258 [main] INFO  com.qc.qa.utils.TestDataReader - Reading API Test Data config values from  testData/api/devAPITestData.properties
2021-12-24_00:35:45.263 [main] INFO  pl.rest.service.Authorize - Authorize Rest API URL :- https://apitest.pineperks.in/auth/V1/generate/token
2021-12-24_00:35:45.264 [main] INFO  com.qc.BaseAPI - GET call to URL https://apitest.pineperks.in/auth/V1/generate/token
2021-12-24_00:35:45.578 [main] INFO  com.qc.BaseAPI - ********************REQUEST********************
2021-12-24_00:35:48.090 [main] DEBUG o.a.h.i.c.BasicClientConnectionManager - Get connection for route {s}->https://apitest.pineperks.in:443
2021-12-24_00:35:48.159 [main] DEBUG o.a.h.i.c.DefaultClientConnectionOperator - Connecting to apitest.pineperks.in:443
2021-12-24_00:35:48.385 [main] DEBUG o.a.h.c.protocol.RequestAddCookies - CookieSpec selected: ignoreCookies
2021-12-24_00:35:48.387 [main] DEBUG o.a.h.c.protocol.RequestAuthCache - Auth cache not set in the context
2021-12-24_00:35:48.387 [main] DEBUG o.a.h.c.p.RequestTargetAuthentication - Target auth state: UNCHALLENGED
2021-12-24_00:35:48.388 [main] DEBUG o.a.h.c.p.RequestProxyAuthentication - Proxy auth state: UNCHALLENGED
2021-12-24_00:35:48.389 [main] DEBUG o.a.h.impl.client.DefaultHttpClient - Attempt 1 to execute request
2021-12-24_00:35:48.389 [main] DEBUG o.a.h.i.conn.DefaultClientConnection - Sending request: GET /auth/V1/generate/token HTTP/1.1
2021-12-24_00:35:48.389 [main] DEBUG org.apache.http.wire -  >> "GET /auth/V1/generate/token HTTP/1.1[\r][\n]"
2021-12-24_00:35:48.390 [main] DEBUG org.apache.http.wire -  >> "Content-Type: application/json; charset=UTF-8[\r][\n]"
2021-12-24_00:35:48.391 [main] DEBUG org.apache.http.wire -  >> "Accept: */*[\r][\n]"
2021-12-24_00:35:48.391 [main] DEBUG org.apache.http.wire -  >> "userName: A0aCcnPzDANtKmvSLPKcaw==[\r][\n]"
2021-12-24_00:35:48.391 [main] DEBUG org.apache.http.wire -  >> "Host: apitest.pineperks.in[\r][\n]"
2021-12-24_00:35:48.391 [main] DEBUG org.apache.http.wire -  >> "Connection: Keep-Alive[\r][\n]"
2021-12-24_00:35:48.391 [main] DEBUG org.apache.http.wire -  >> "User-Agent: Apache-HttpClient/4.5.2 (Java/1.8.0_202)[\r][\n]"
2021-12-24_00:35:48.392 [main] DEBUG org.apache.http.wire -  >> "Accept-Encoding: gzip,deflate[\r][\n]"
2021-12-24_00:35:48.392 [main] DEBUG org.apache.http.wire -  >> "[\r][\n]"
2021-12-24_00:35:48.392 [main] DEBUG org.apache.http.headers - >> GET /auth/V1/generate/token HTTP/1.1
2021-12-24_00:35:48.392 [main] DEBUG org.apache.http.headers - >> Content-Type: application/json; charset=UTF-8
2021-12-24_00:35:48.392 [main] DEBUG org.apache.http.headers - >> Accept: */*
2021-12-24_00:35:48.392 [main] DEBUG org.apache.http.headers - >> userName: A0aCcnPzDANtKmvSLPKcaw==
2021-12-24_00:35:48.393 [main] DEBUG org.apache.http.headers - >> Host: apitest.pineperks.in
2021-12-24_00:35:48.393 [main] DEBUG org.apache.http.headers - >> Connection: Keep-Alive
2021-12-24_00:35:48.393 [main] DEBUG org.apache.http.headers - >> User-Agent: Apache-HttpClient/4.5.2 (Java/1.8.0_202)
2021-12-24_00:35:48.393 [main] DEBUG org.apache.http.headers - >> Accept-Encoding: gzip,deflate
2021-12-24_00:35:48.435 [main] DEBUG org.apache.http.wire -  << "HTTP/1.1 200 [\r][\n]"
2021-12-24_00:35:48.439 [main] DEBUG org.apache.http.wire -  << "Access-Control-Allow-Methods: GET, POST[\r][\n]"
2021-12-24_00:35:48.439 [main] DEBUG org.apache.http.wire -  << "Access-Control-Allow-Origin: *[\r][\n]"
2021-12-24_00:35:48.439 [main] DEBUG org.apache.http.wire -  << "Content-Security-Policy: default-src 'none'[\r][\n]"
2021-12-24_00:35:48.439 [main] DEBUG org.apache.http.wire -  << "Feature-Policy: 'none'[\r][\n]"
2021-12-24_00:35:48.440 [main] DEBUG org.apache.http.wire -  << "Referrer-Policy: no-referrer[\r][\n]"
2021-12-24_00:35:48.440 [main] DEBUG org.apache.http.wire -  << "Strict-Transport-Security: max-age=31536000 ; includeSubDomains[\r][\n]"
2021-12-24_00:35:48.440 [main] DEBUG org.apache.http.wire -  << "Date: Thu, 23 Dec 2021 19:05:48 GMT[\r][\n]"
2021-12-24_00:35:48.440 [main] DEBUG org.apache.http.wire -  << "Keep-Alive: timeout=60[\r][\n]"
2021-12-24_00:35:48.441 [main] DEBUG org.apache.http.wire -  << "Content-Type: application/json[\r][\n]"
2021-12-24_00:35:48.441 [main] DEBUG org.apache.http.wire -  << "Transfer-Encoding: chunked[\r][\n]"
2021-12-24_00:35:48.441 [main] DEBUG org.apache.http.wire -  << "Connection: keep-alive[\r][\n]"
2021-12-24_00:35:48.442 [main] DEBUG org.apache.http.wire -  << "[\r][\n]"
2021-12-24_00:35:48.443 [main] DEBUG o.a.h.i.conn.DefaultClientConnection - Receiving response: HTTP/1.1 200 
2021-12-24_00:35:48.443 [main] DEBUG org.apache.http.headers - << HTTP/1.1 200 
2021-12-24_00:35:48.444 [main] DEBUG org.apache.http.headers - << Access-Control-Allow-Methods: GET, POST
2021-12-24_00:35:48.444 [main] DEBUG org.apache.http.headers - << Access-Control-Allow-Origin: *
2021-12-24_00:35:48.444 [main] DEBUG org.apache.http.headers - << Content-Security-Policy: default-src 'none'
2021-12-24_00:35:48.444 [main] DEBUG org.apache.http.headers - << Feature-Policy: 'none'
2021-12-24_00:35:48.444 [main] DEBUG org.apache.http.headers - << Referrer-Policy: no-referrer
2021-12-24_00:35:48.444 [main] DEBUG org.apache.http.headers - << Strict-Transport-Security: max-age=31536000 ; includeSubDomains
2021-12-24_00:35:48.444 [main] DEBUG org.apache.http.headers - << Date: Thu, 23 Dec 2021 19:05:48 GMT
2021-12-24_00:35:48.444 [main] DEBUG org.apache.http.headers - << Keep-Alive: timeout=60
2021-12-24_00:35:48.445 [main] DEBUG org.apache.http.headers - << Content-Type: application/json
2021-12-24_00:35:48.445 [main] DEBUG org.apache.http.headers - << Transfer-Encoding: chunked
2021-12-24_00:35:48.445 [main] DEBUG org.apache.http.headers - << Connection: keep-alive
2021-12-24_00:35:48.455 [main] DEBUG o.a.h.impl.client.DefaultHttpClient - Connection can be kept alive for 60000 MILLISECONDS
2021-12-24_00:35:48.483 [main] DEBUG i.r.i.RequestSpecificationImpl$RestAssuredHttpBuilder - Parsing response as: application/json
2021-12-24_00:35:48.484 [main] DEBUG i.r.i.RequestSpecificationImpl$RestAssuredHttpBuilder - Parsed data to instance of: class org.apache.http.conn.EofSensorInputStream
2021-12-24_00:35:48.502 [main] INFO  com.qc.BaseAPI - Method :GET
2021-12-24_00:35:48.505 [main] INFO  com.qc.BaseAPI - URI :https://apitest.pineperks.in/auth/V1/generate/token
2021-12-24_00:35:48.505 [main] INFO  com.qc.BaseAPI - Headers :userName=A0aCcnPzDANtKmvSLPKcaw==
Accept=*/*
Content-Type=application/json; charset=UTF-8
2021-12-24_00:35:48.505 [main] INFO  com.qc.BaseAPI - Body :null
2021-12-24_00:35:48.505 [main] INFO  com.qc.BaseAPI - ********************RESPONSE********************
2021-12-24_00:35:48.517 [main] DEBUG org.apache.http.wire -  << "7f[\r][\n]"
2021-12-24_00:35:48.518 [main] DEBUG org.apache.http.wire -  << "{"accessToken":"5694400c841e4db282babe4c07b9da07","tokenExpiryTime":"25-Dec-2021","responseCode":0,"responseMessage":"Success"}"
2021-12-24_00:35:48.519 [main] DEBUG org.apache.http.wire -  << "[\r][\n]"
2021-12-24_00:35:48.519 [main] DEBUG org.apache.http.wire -  << "0[\r][\n]"
2021-12-24_00:35:48.519 [main] DEBUG org.apache.http.wire -  << "[\r][\n]"
2021-12-24_00:35:48.519 [main] DEBUG o.a.h.i.c.BasicClientConnectionManager - Releasing connection org.apache.http.impl.conn.ManagedClientConnectionImpl@7b92a784
2021-12-24_00:35:48.519 [main] DEBUG o.a.h.i.c.BasicClientConnectionManager - Connection can be kept alive for 60000 MILLISECONDS
2021-12-24_00:35:48.550 [main] INFO  com.qc.BaseAPI - Response :{
    "accessToken": "5694400c841e4db282babe4c07b9da07",
    "tokenExpiryTime": "25-Dec-2021",
    "responseCode": 0,
    "responseMessage": "Success"
}
2021-12-24_00:35:48.553 [main] INFO  com.qc.BaseAPI -  **** GET call Response time 2904 ms
2021-12-24_00:35:48.553 [main] INFO  pl.rest.service.Authorize - Time Taken to perform https://apitest.pineperks.in/auth/V1/generate/token transaction: 2904
2021-12-24_00:35:48.680 [main] INFO  com.qc.qa.utils.TestDataReader - Reading Json data authorizeHeaders
2021-12-24_00:35:48.683 [main] INFO  com.qc.qa.utils.TestDataReader - Reading json data from file @ testData/api/devAPIData.json
2021-12-24_00:35:48.709 [main] INFO  pl.rest.service.CardIssue - CardIssue Rest API URL :- https://apitest.pineperks.in/card/order/V1/instant/issue/nonreloadable/digital
2021-12-24_00:35:48.710 [main] INFO  com.qc.BaseAPI - POST call to URL https://apitest.pineperks.in/card/order/V1/instant/issue/nonreloadable/digital
2021-12-24_00:35:48.724 [main] INFO  com.qc.BaseAPI - ********************REQUEST********************
2021-12-24_00:35:48.770 [main] DEBUG o.a.h.i.c.BasicClientConnectionManager - Get connection for route {s}->https://apitest.pineperks.in:443
2021-12-24_00:35:48.770 [main] DEBUG o.a.h.i.c.DefaultClientConnectionOperator - Connecting to apitest.pineperks.in:443
2021-12-24_00:35:48.951 [main] DEBUG o.a.h.c.protocol.RequestAddCookies - CookieSpec selected: ignoreCookies
2021-12-24_00:35:48.952 [main] DEBUG o.a.h.c.protocol.RequestAuthCache - Auth cache not set in the context
2021-12-24_00:35:48.952 [main] DEBUG o.a.h.c.p.RequestTargetAuthentication - Target auth state: UNCHALLENGED
2021-12-24_00:35:48.952 [main] DEBUG o.a.h.c.p.RequestProxyAuthentication - Proxy auth state: UNCHALLENGED
2021-12-24_00:35:48.952 [main] DEBUG o.a.h.impl.client.DefaultHttpClient - Attempt 1 to execute request
2021-12-24_00:35:48.953 [main] DEBUG o.a.h.i.conn.DefaultClientConnection - Sending request: POST /card/order/V1/instant/issue/nonreloadable/digital HTTP/1.1
2021-12-24_00:35:48.953 [main] DEBUG org.apache.http.wire -  >> "POST /card/order/V1/instant/issue/nonreloadable/digital HTTP/1.1[\r][\n]"
2021-12-24_00:35:48.953 [main] DEBUG org.apache.http.wire -  >> "Accept: */*[\r][\n]"
2021-12-24_00:35:48.953 [main] DEBUG org.apache.http.wire -  >> "userName: A0aCcnPzDANtKmvSLPKcaw==[\r][\n]"
2021-12-24_00:35:48.953 [main] DEBUG org.apache.http.wire -  >> "token: 5694400c841e4db282babe4c07b9da07[\r][\n]"
2021-12-24_00:35:48.953 [main] DEBUG org.apache.http.wire -  >> "Content-Type: application/json; charset=UTF-8[\r][\n]"
2021-12-24_00:35:48.954 [main] DEBUG org.apache.http.wire -  >> "Content-Length: 241[\r][\n]"
2021-12-24_00:35:48.954 [main] DEBUG org.apache.http.wire -  >> "Host: apitest.pineperks.in[\r][\n]"
2021-12-24_00:35:48.954 [main] DEBUG org.apache.http.wire -  >> "Connection: Keep-Alive[\r][\n]"
2021-12-24_00:35:48.954 [main] DEBUG org.apache.http.wire -  >> "User-Agent: Apache-HttpClient/4.5.2 (Java/1.8.0_202)[\r][\n]"
2021-12-24_00:35:48.954 [main] DEBUG org.apache.http.wire -  >> "Accept-Encoding: gzip,deflate[\r][\n]"
2021-12-24_00:35:48.954 [main] DEBUG org.apache.http.wire -  >> "[\r][\n]"
2021-12-24_00:35:48.955 [main] DEBUG org.apache.http.headers - >> POST /card/order/V1/instant/issue/nonreloadable/digital HTTP/1.1
2021-12-24_00:35:48.955 [main] DEBUG org.apache.http.headers - >> Accept: */*
2021-12-24_00:35:48.955 [main] DEBUG org.apache.http.headers - >> userName: A0aCcnPzDANtKmvSLPKcaw==
2021-12-24_00:35:48.955 [main] DEBUG org.apache.http.headers - >> token: 5694400c841e4db282babe4c07b9da07
2021-12-24_00:35:48.955 [main] DEBUG org.apache.http.headers - >> Content-Type: application/json; charset=UTF-8
2021-12-24_00:35:48.955 [main] DEBUG org.apache.http.headers - >> Content-Length: 241
2021-12-24_00:35:48.956 [main] DEBUG org.apache.http.headers - >> Host: apitest.pineperks.in
2021-12-24_00:35:48.956 [main] DEBUG org.apache.http.headers - >> Connection: Keep-Alive
2021-12-24_00:35:48.956 [main] DEBUG org.apache.http.headers - >> User-Agent: Apache-HttpClient/4.5.2 (Java/1.8.0_202)
2021-12-24_00:35:48.956 [main] DEBUG org.apache.http.headers - >> Accept-Encoding: gzip,deflate
2021-12-24_00:35:48.956 [main] DEBUG org.apache.http.wire -  >> "{"isLinkToBeSentOnMobile":true,"checksum":"5x3GNrnStyS2PkMvV6EeAw==","cardDetailList":[{"amount":"1000","mobileNumber":"8284854535","customerName":"afzal","email":"afzal.ahmed@pinelabs.com"}],"externalRequestId":"AbUUOie","cardSchemeId":"7"}"
2021-12-24_00:35:49.170 [main] DEBUG org.apache.http.wire -  << "HTTP/1.1 200 [\r][\n]"
2021-12-24_00:35:49.171 [main] DEBUG org.apache.http.wire -  << "Access-Control-Allow-Methods: GET, POST[\r][\n]"
2021-12-24_00:35:49.171 [main] DEBUG org.apache.http.wire -  << "Access-Control-Allow-Origin: *[\r][\n]"
2021-12-24_00:35:49.171 [main] DEBUG org.apache.http.wire -  << "Content-Security-Policy: default-src 'none'[\r][\n]"
2021-12-24_00:35:49.171 [main] DEBUG org.apache.http.wire -  << "Feature-Policy: 'none'[\r][\n]"
2021-12-24_00:35:49.171 [main] DEBUG org.apache.http.wire -  << "Referrer-Policy: no-referrer[\r][\n]"
2021-12-24_00:35:49.171 [main] DEBUG org.apache.http.wire -  << "Strict-Transport-Security: max-age=31536000 ; includeSubDomains[\r][\n]"
2021-12-24_00:35:49.172 [main] DEBUG org.apache.http.wire -  << "Date: Thu, 23 Dec 2021 19:05:48 GMT[\r][\n]"
2021-12-24_00:35:49.172 [main] DEBUG org.apache.http.wire -  << "Keep-Alive: timeout=60[\r][\n]"
2021-12-24_00:35:49.172 [main] DEBUG org.apache.http.wire -  << "Content-Type: application/json[\r][\n]"
2021-12-24_00:35:49.172 [main] DEBUG org.apache.http.wire -  << "Transfer-Encoding: chunked[\r][\n]"
2021-12-24_00:35:49.172 [main] DEBUG org.apache.http.wire -  << "Connection: keep-alive[\r][\n]"
2021-12-24_00:35:49.172 [main] DEBUG org.apache.http.wire -  << "[\r][\n]"
2021-12-24_00:35:49.172 [main] DEBUG o.a.h.i.conn.DefaultClientConnection - Receiving response: HTTP/1.1 200 
2021-12-24_00:35:49.172 [main] DEBUG org.apache.http.headers - << HTTP/1.1 200 
2021-12-24_00:35:49.173 [main] DEBUG org.apache.http.headers - << Access-Control-Allow-Methods: GET, POST
2021-12-24_00:35:49.173 [main] DEBUG org.apache.http.headers - << Access-Control-Allow-Origin: *
2021-12-24_00:35:49.173 [main] DEBUG org.apache.http.headers - << Content-Security-Policy: default-src 'none'
2021-12-24_00:35:49.173 [main] DEBUG org.apache.http.headers - << Feature-Policy: 'none'
2021-12-24_00:35:49.173 [main] DEBUG org.apache.http.headers - << Referrer-Policy: no-referrer
2021-12-24_00:35:49.173 [main] DEBUG org.apache.http.headers - << Strict-Transport-Security: max-age=31536000 ; includeSubDomains
2021-12-24_00:35:49.174 [main] DEBUG org.apache.http.headers - << Date: Thu, 23 Dec 2021 19:05:48 GMT
2021-12-24_00:35:49.174 [main] DEBUG org.apache.http.headers - << Keep-Alive: timeout=60
2021-12-24_00:35:49.174 [main] DEBUG org.apache.http.headers - << Content-Type: application/json
2021-12-24_00:35:49.174 [main] DEBUG org.apache.http.headers - << Transfer-Encoding: chunked
2021-12-24_00:35:49.174 [main] DEBUG org.apache.http.headers - << Connection: keep-alive
2021-12-24_00:35:49.174 [main] DEBUG o.a.h.impl.client.DefaultHttpClient - Connection can be kept alive for 60000 MILLISECONDS
2021-12-24_00:35:49.175 [main] DEBUG i.r.i.RequestSpecificationImpl$RestAssuredHttpBuilder - Parsing response as: application/json
2021-12-24_00:35:49.175 [main] DEBUG i.r.i.RequestSpecificationImpl$RestAssuredHttpBuilder - Parsed data to instance of: class org.apache.http.conn.EofSensorInputStream
2021-12-24_00:35:49.177 [main] INFO  com.qc.BaseAPI - Method :POST
2021-12-24_00:35:49.180 [main] INFO  com.qc.BaseAPI - URI :https://apitest.pineperks.in/card/order/V1/instant/issue/nonreloadable/digital
2021-12-24_00:35:49.181 [main] INFO  com.qc.BaseAPI - Headers :token=5694400c841e4db282babe4c07b9da07
userName=A0aCcnPzDANtKmvSLPKcaw==
Accept=*/*
Content-Type=application/json; charset=UTF-8
2021-12-24_00:35:49.181 [main] INFO  com.qc.BaseAPI - Body :{"isLinkToBeSentOnMobile":true,"checksum":"5x3GNrnStyS2PkMvV6EeAw==","cardDetailList":[{"amount":"1000","mobileNumber":"8284854535","customerName":"afzal","email":"afzal.ahmed@pinelabs.com"}],"externalRequestId":"AbUUOie","cardSchemeId":"7"}
2021-12-24_00:35:49.181 [main] INFO  com.qc.BaseAPI - ********************RESPONSE********************
2021-12-24_00:35:49.182 [main] DEBUG org.apache.http.wire -  << "1f1[\r][\n]"
2021-12-24_00:35:49.182 [main] DEBUG org.apache.http.wire -  << "{"externalRequestId":"AbUUOie","orderId":20953,"orderStatus":6,"cardDetailResponseList":[{"referenceNumber":5395567792,"serialNumber":20953000010001,"customerName":"afzal","mobileNumber":8284854535,"email":"afzal.ahmed@pinelabs.com","amount":1000,"cardLink":"test.pineperks.in/eCard?c=FrzczuznXpztAeDTUYyS4g2","responseCode":0,"responseMessage":"Success"}],"successCount":1,"failedCount":0,"orderAmount":1000,"issuanceCharge":100,"netOrderAmount":1100,"responseCode":0,"responseMessage":"Success"}"
2021-12-24_00:35:49.182 [main] DEBUG org.apache.http.wire -  << "[\r][\n]"
2021-12-24_00:35:49.182 [main] DEBUG org.apache.http.wire -  << "0[\r][\n]"
2021-12-24_00:35:49.182 [main] DEBUG org.apache.http.wire -  << "[\r][\n]"
2021-12-24_00:35:49.183 [main] DEBUG o.a.h.i.c.BasicClientConnectionManager - Releasing connection org.apache.http.impl.conn.ManagedClientConnectionImpl@42e7e5b9
2021-12-24_00:35:49.183 [main] DEBUG o.a.h.i.c.BasicClientConnectionManager - Connection can be kept alive for 60000 MILLISECONDS
2021-12-24_00:35:49.185 [main] INFO  com.qc.BaseAPI - Response :{
    "externalRequestId": "AbUUOie",
    "orderId": 20953,
    "orderStatus": 6,
    "cardDetailResponseList": [
        {
            "referenceNumber": 5395567792,
            "serialNumber": 20953000010001,
            "customerName": "afzal",
            "mobileNumber": 8284854535,
            "email": "afzal.ahmed@pinelabs.com",
            "amount": 1000,
            "cardLink": "test.pineperks.in/eCard?c=FrzczuznXpztAeDTUYyS4g2",
            "responseCode": 0,
            "responseMessage": "Success"
        }
    ],
    "successCount": 1,
    "failedCount": 0,
    "orderAmount": 1000,
    "issuanceCharge": 100,
    "netOrderAmount": 1100,
    "responseCode": 0,
    "responseMessage": "Success"
}
2021-12-24_00:35:49.186 [main] INFO  com.qc.BaseAPI -  **** POST call Response time 449 ms
2021-12-24_00:35:49.187 [main] INFO  pl.rest.service.CardIssue - Time Taken to perform https://apitest.pineperks.in/card/order/V1/instant/issue/nonreloadable/digital transaction: 449
2021-12-24_00:35:49.202 [main] INFO  com.qc.qa.utils.TestDataReader - Reading Json data authorizeHeaders
2021-12-24_00:35:49.205 [main] INFO  com.qc.qa.utils.TestDataReader - Reading json data from file @ testData/api/devAPIData.json
2021-12-24_00:35:49.207 [main] INFO  pl.rest.service.CardUpdate - CardIssue Rest API URL :- https://apitest.pineperks.in/card/profile/V1/admin/status/update
2021-12-24_00:35:49.207 [main] INFO  com.qc.BaseAPI - POST call to URL https://apitest.pineperks.in/card/profile/V1/admin/status/update
2021-12-24_00:35:49.218 [main] INFO  com.qc.BaseAPI - ********************REQUEST********************
2021-12-24_00:35:49.240 [main] DEBUG o.a.h.i.c.BasicClientConnectionManager - Get connection for route {s}->https://apitest.pineperks.in:443
2021-12-24_00:35:49.240 [main] DEBUG o.a.h.i.c.DefaultClientConnectionOperator - Connecting to apitest.pineperks.in:443
2021-12-24_00:35:49.398 [main] DEBUG o.a.h.c.protocol.RequestAddCookies - CookieSpec selected: ignoreCookies
2021-12-24_00:35:49.399 [main] DEBUG o.a.h.c.protocol.RequestAuthCache - Auth cache not set in the context
2021-12-24_00:35:49.399 [main] DEBUG o.a.h.c.p.RequestTargetAuthentication - Target auth state: UNCHALLENGED
2021-12-24_00:35:49.399 [main] DEBUG o.a.h.c.p.RequestProxyAuthentication - Proxy auth state: UNCHALLENGED
2021-12-24_00:35:49.399 [main] DEBUG o.a.h.impl.client.DefaultHttpClient - Attempt 1 to execute request
2021-12-24_00:35:49.399 [main] DEBUG o.a.h.i.conn.DefaultClientConnection - Sending request: POST /card/profile/V1/admin/status/update HTTP/1.1
2021-12-24_00:35:49.399 [main] DEBUG org.apache.http.wire -  >> "POST /card/profile/V1/admin/status/update HTTP/1.1[\r][\n]"
2021-12-24_00:35:49.400 [main] DEBUG org.apache.http.wire -  >> "Accept: */*[\r][\n]"
2021-12-24_00:35:49.400 [main] DEBUG org.apache.http.wire -  >> "userName: A0aCcnPzDANtKmvSLPKcaw==[\r][\n]"
2021-12-24_00:35:49.400 [main] DEBUG org.apache.http.wire -  >> "token: 5694400c841e4db282babe4c07b9da07[\r][\n]"
2021-12-24_00:35:49.400 [main] DEBUG org.apache.http.wire -  >> "Content-Type: application/json; charset=UTF-8[\r][\n]"
2021-12-24_00:35:49.400 [main] DEBUG org.apache.http.wire -  >> "Content-Length: 113[\r][\n]"
2021-12-24_00:35:49.400 [main] DEBUG org.apache.http.wire -  >> "Host: apitest.pineperks.in[\r][\n]"
2021-12-24_00:35:49.400 [main] DEBUG org.apache.http.wire -  >> "Connection: Keep-Alive[\r][\n]"
2021-12-24_00:35:49.400 [main] DEBUG org.apache.http.wire -  >> "User-Agent: Apache-HttpClient/4.5.2 (Java/1.8.0_202)[\r][\n]"
2021-12-24_00:35:49.400 [main] DEBUG org.apache.http.wire -  >> "Accept-Encoding: gzip,deflate[\r][\n]"
2021-12-24_00:35:49.401 [main] DEBUG org.apache.http.wire -  >> "[\r][\n]"
2021-12-24_00:35:49.401 [main] DEBUG org.apache.http.headers - >> POST /card/profile/V1/admin/status/update HTTP/1.1
2021-12-24_00:35:49.401 [main] DEBUG org.apache.http.headers - >> Accept: */*
2021-12-24_00:35:49.401 [main] DEBUG org.apache.http.headers - >> userName: A0aCcnPzDANtKmvSLPKcaw==
2021-12-24_00:35:49.401 [main] DEBUG org.apache.http.headers - >> token: 5694400c841e4db282babe4c07b9da07
2021-12-24_00:35:49.401 [main] DEBUG org.apache.http.headers - >> Content-Type: application/json; charset=UTF-8
2021-12-24_00:35:49.401 [main] DEBUG org.apache.http.headers - >> Content-Length: 113
2021-12-24_00:35:49.401 [main] DEBUG org.apache.http.headers - >> Host: apitest.pineperks.in
2021-12-24_00:35:49.401 [main] DEBUG org.apache.http.headers - >> Connection: Keep-Alive
2021-12-24_00:35:49.401 [main] DEBUG org.apache.http.headers - >> User-Agent: Apache-HttpClient/4.5.2 (Java/1.8.0_202)
2021-12-24_00:35:49.401 [main] DEBUG org.apache.http.headers - >> Accept-Encoding: gzip,deflate
2021-12-24_00:35:49.401 [main] DEBUG org.apache.http.wire -  >> "{"remarks":"Test","cardStatusUpdateRequestList":[{"reason":"1","referenceNumber":"5395567792","cardStatus":"2"}]}"
2021-12-24_00:35:49.466 [main] DEBUG org.apache.http.wire -  << "HTTP/1.1 200 [\r][\n]"
2021-12-24_00:35:49.466 [main] DEBUG org.apache.http.wire -  << "Access-Control-Allow-Methods: GET, POST[\r][\n]"
2021-12-24_00:35:49.466 [main] DEBUG org.apache.http.wire -  << "Access-Control-Allow-Origin: *[\r][\n]"
2021-12-24_00:35:49.466 [main] DEBUG org.apache.http.wire -  << "Content-Security-Policy: default-src 'none'[\r][\n]"
2021-12-24_00:35:49.466 [main] DEBUG org.apache.http.wire -  << "Feature-Policy: 'none'[\r][\n]"
2021-12-24_00:35:49.466 [main] DEBUG org.apache.http.wire -  << "Referrer-Policy: no-referrer[\r][\n]"
2021-12-24_00:35:49.467 [main] DEBUG org.apache.http.wire -  << "Strict-Transport-Security: max-age=31536000 ; includeSubDomains[\r][\n]"
2021-12-24_00:35:49.467 [main] DEBUG org.apache.http.wire -  << "Date: Thu, 23 Dec 2021 19:05:49 GMT[\r][\n]"
2021-12-24_00:35:49.467 [main] DEBUG org.apache.http.wire -  << "Keep-Alive: timeout=60[\r][\n]"
2021-12-24_00:35:49.467 [main] DEBUG org.apache.http.wire -  << "Content-Type: application/json[\r][\n]"
2021-12-24_00:35:49.467 [main] DEBUG org.apache.http.wire -  << "Transfer-Encoding: chunked[\r][\n]"
2021-12-24_00:35:49.467 [main] DEBUG org.apache.http.wire -  << "Connection: keep-alive[\r][\n]"
2021-12-24_00:35:49.467 [main] DEBUG org.apache.http.wire -  << "[\r][\n]"
2021-12-24_00:35:49.467 [main] DEBUG o.a.h.i.conn.DefaultClientConnection - Receiving response: HTTP/1.1 200 
2021-12-24_00:35:49.467 [main] DEBUG org.apache.http.headers - << HTTP/1.1 200 
2021-12-24_00:35:49.467 [main] DEBUG org.apache.http.headers - << Access-Control-Allow-Methods: GET, POST
2021-12-24_00:35:49.467 [main] DEBUG org.apache.http.headers - << Access-Control-Allow-Origin: *
2021-12-24_00:35:49.467 [main] DEBUG org.apache.http.headers - << Content-Security-Policy: default-src 'none'
2021-12-24_00:35:49.467 [main] DEBUG org.apache.http.headers - << Feature-Policy: 'none'
2021-12-24_00:35:49.467 [main] DEBUG org.apache.http.headers - << Referrer-Policy: no-referrer
2021-12-24_00:35:49.467 [main] DEBUG org.apache.http.headers - << Strict-Transport-Security: max-age=31536000 ; includeSubDomains
2021-12-24_00:35:49.467 [main] DEBUG org.apache.http.headers - << Date: Thu, 23 Dec 2021 19:05:49 GMT
2021-12-24_00:35:49.468 [main] DEBUG org.apache.http.headers - << Keep-Alive: timeout=60
2021-12-24_00:35:49.468 [main] DEBUG org.apache.http.headers - << Content-Type: application/json
2021-12-24_00:35:49.468 [main] DEBUG org.apache.http.headers - << Transfer-Encoding: chunked
2021-12-24_00:35:49.468 [main] DEBUG org.apache.http.headers - << Connection: keep-alive
2021-12-24_00:35:49.468 [main] DEBUG o.a.h.impl.client.DefaultHttpClient - Connection can be kept alive for 60000 MILLISECONDS
2021-12-24_00:35:49.468 [main] DEBUG i.r.i.RequestSpecificationImpl$RestAssuredHttpBuilder - Parsing response as: application/json
2021-12-24_00:35:49.468 [main] DEBUG i.r.i.RequestSpecificationImpl$RestAssuredHttpBuilder - Parsed data to instance of: class org.apache.http.conn.EofSensorInputStream
2021-12-24_00:35:49.469 [main] INFO  com.qc.BaseAPI - Method :POST
2021-12-24_00:35:49.470 [main] INFO  com.qc.BaseAPI - URI :https://apitest.pineperks.in/card/profile/V1/admin/status/update
2021-12-24_00:35:49.470 [main] INFO  com.qc.BaseAPI - Headers :token=5694400c841e4db282babe4c07b9da07
userName=A0aCcnPzDANtKmvSLPKcaw==
Accept=*/*
Content-Type=application/json; charset=UTF-8
2021-12-24_00:35:49.470 [main] INFO  com.qc.BaseAPI - Body :{"remarks":"Test","cardStatusUpdateRequestList":[{"reason":"1","referenceNumber":"5395567792","cardStatus":"2"}]}
2021-12-24_00:35:49.470 [main] INFO  com.qc.BaseAPI - ********************RESPONSE********************
2021-12-24_00:35:49.471 [main] DEBUG org.apache.http.wire -  << "ac[\r][\n]"
2021-12-24_00:35:49.471 [main] DEBUG org.apache.http.wire -  << "{"cardStatusUpdateResponseList":[{"referenceNumber":5395567792,"responseCode":0,"responseMessage":"Success"}],"remarks":"Test","responseCode":0,"responseMessage":"Success"}"
2021-12-24_00:35:49.471 [main] DEBUG org.apache.http.wire -  << "[\r][\n]"
2021-12-24_00:35:49.471 [main] DEBUG org.apache.http.wire -  << "0[\r][\n]"
2021-12-24_00:35:49.471 [main] DEBUG org.apache.http.wire -  << "[\r][\n]"
2021-12-24_00:35:49.471 [main] DEBUG o.a.h.i.c.BasicClientConnectionManager - Releasing connection org.apache.http.impl.conn.ManagedClientConnectionImpl@47fcdf96
2021-12-24_00:35:49.471 [main] DEBUG o.a.h.i.c.BasicClientConnectionManager - Connection can be kept alive for 60000 MILLISECONDS
2021-12-24_00:35:49.472 [main] INFO  com.qc.BaseAPI - Response :{
    "cardStatusUpdateResponseList": [
        {
            "referenceNumber": 5395567792,
            "responseCode": 0,
            "responseMessage": "Success"
        }
    ],
    "remarks": "Test",
    "responseCode": 0,
    "responseMessage": "Success"
}
2021-12-24_00:35:49.473 [main] INFO  com.qc.BaseAPI -  **** POST call Response time 248 ms
2021-12-24_00:35:49.473 [main] INFO  pl.rest.service.CardUpdate - Time Taken to perform https://apitest.pineperks.in/card/profile/V1/admin/status/update transaction: 248
2021-12-24_00:35:49.479 [main] INFO  com.qc.qa.utils.TestDataReader - Reading Json data authorizeHeaders
2021-12-24_00:35:49.483 [main] INFO  com.qc.qa.utils.TestDataReader - Reading json data from file @ testData/api/devAPIData.json
2021-12-24_00:35:49.485 [main] INFO  p.r.service.CorporateAndCardDetails - CardIssue Rest API URL :- https://apitest.pineperks.in/card/profile/V1/detail
2021-12-24_00:35:49.485 [main] INFO  com.qc.BaseAPI - POST call to URL https://apitest.pineperks.in/card/profile/V1/detail
2021-12-24_00:35:49.490 [main] INFO  com.qc.BaseAPI - ********************REQUEST********************
2021-12-24_00:35:49.500 [main] DEBUG o.a.h.i.c.BasicClientConnectionManager - Get connection for route {s}->https://apitest.pineperks.in:443
2021-12-24_00:35:49.501 [main] DEBUG o.a.h.i.c.DefaultClientConnectionOperator - Connecting to apitest.pineperks.in:443
2021-12-24_00:35:49.617 [main] DEBUG o.a.h.c.protocol.RequestAddCookies - CookieSpec selected: ignoreCookies
2021-12-24_00:35:49.618 [main] DEBUG o.a.h.c.protocol.RequestAuthCache - Auth cache not set in the context
2021-12-24_00:35:49.618 [main] DEBUG o.a.h.c.p.RequestTargetAuthentication - Target auth state: UNCHALLENGED
2021-12-24_00:35:49.618 [main] DEBUG o.a.h.c.p.RequestProxyAuthentication - Proxy auth state: UNCHALLENGED
2021-12-24_00:35:49.618 [main] DEBUG o.a.h.impl.client.DefaultHttpClient - Attempt 1 to execute request
2021-12-24_00:35:49.618 [main] DEBUG o.a.h.i.conn.DefaultClientConnection - Sending request: POST /card/profile/V1/detail HTTP/1.1
2021-12-24_00:35:49.618 [main] DEBUG org.apache.http.wire -  >> "POST /card/profile/V1/detail HTTP/1.1[\r][\n]"
2021-12-24_00:35:49.618 [main] DEBUG org.apache.http.wire -  >> "Accept: */*[\r][\n]"
2021-12-24_00:35:49.618 [main] DEBUG org.apache.http.wire -  >> "userName: A0aCcnPzDANtKmvSLPKcaw==[\r][\n]"
2021-12-24_00:35:49.618 [main] DEBUG org.apache.http.wire -  >> "token: 5694400c841e4db282babe4c07b9da07[\r][\n]"
2021-12-24_00:35:49.618 [main] DEBUG org.apache.http.wire -  >> "Content-Type: application/json; charset=UTF-8[\r][\n]"
2021-12-24_00:35:49.618 [main] DEBUG org.apache.http.wire -  >> "Content-Length: 40[\r][\n]"
2021-12-24_00:35:49.618 [main] DEBUG org.apache.http.wire -  >> "Host: apitest.pineperks.in[\r][\n]"
2021-12-24_00:35:49.619 [main] DEBUG org.apache.http.wire -  >> "Connection: Keep-Alive[\r][\n]"
2021-12-24_00:35:49.619 [main] DEBUG org.apache.http.wire -  >> "User-Agent: Apache-HttpClient/4.5.2 (Java/1.8.0_202)[\r][\n]"
2021-12-24_00:35:49.619 [main] DEBUG org.apache.http.wire -  >> "Accept-Encoding: gzip,deflate[\r][\n]"
2021-12-24_00:35:49.619 [main] DEBUG org.apache.http.wire -  >> "[\r][\n]"
2021-12-24_00:35:49.619 [main] DEBUG org.apache.http.headers - >> POST /card/profile/V1/detail HTTP/1.1
2021-12-24_00:35:49.619 [main] DEBUG org.apache.http.headers - >> Accept: */*
2021-12-24_00:35:49.619 [main] DEBUG org.apache.http.headers - >> userName: A0aCcnPzDANtKmvSLPKcaw==
2021-12-24_00:35:49.619 [main] DEBUG org.apache.http.headers - >> token: 5694400c841e4db282babe4c07b9da07
2021-12-24_00:35:49.619 [main] DEBUG org.apache.http.headers - >> Content-Type: application/json; charset=UTF-8
2021-12-24_00:35:49.620 [main] DEBUG org.apache.http.headers - >> Content-Length: 40
2021-12-24_00:35:49.620 [main] DEBUG org.apache.http.headers - >> Host: apitest.pineperks.in
2021-12-24_00:35:49.620 [main] DEBUG org.apache.http.headers - >> Connection: Keep-Alive
2021-12-24_00:35:49.620 [main] DEBUG org.apache.http.headers - >> User-Agent: Apache-HttpClient/4.5.2 (Java/1.8.0_202)
2021-12-24_00:35:49.620 [main] DEBUG org.apache.http.headers - >> Accept-Encoding: gzip,deflate
2021-12-24_00:35:49.620 [main] DEBUG org.apache.http.wire -  >> "{"cardDetailRequestList":["5395567792"]}"
2021-12-24_00:35:49.645 [main] DEBUG org.apache.http.wire -  << "HTTP/1.1 200 [\r][\n]"
2021-12-24_00:35:49.646 [main] DEBUG org.apache.http.wire -  << "Access-Control-Allow-Methods: GET, POST[\r][\n]"
2021-12-24_00:35:49.646 [main] DEBUG org.apache.http.wire -  << "Access-Control-Allow-Origin: *[\r][\n]"
2021-12-24_00:35:49.646 [main] DEBUG org.apache.http.wire -  << "Content-Security-Policy: default-src 'none'[\r][\n]"
2021-12-24_00:35:49.646 [main] DEBUG org.apache.http.wire -  << "Feature-Policy: 'none'[\r][\n]"
2021-12-24_00:35:49.646 [main] DEBUG org.apache.http.wire -  << "Referrer-Policy: no-referrer[\r][\n]"
2021-12-24_00:35:49.646 [main] DEBUG org.apache.http.wire -  << "Strict-Transport-Security: max-age=31536000 ; includeSubDomains[\r][\n]"
2021-12-24_00:35:49.646 [main] DEBUG org.apache.http.wire -  << "Date: Thu, 23 Dec 2021 19:05:49 GMT[\r][\n]"
2021-12-24_00:35:49.646 [main] DEBUG org.apache.http.wire -  << "Keep-Alive: timeout=60[\r][\n]"
2021-12-24_00:35:49.646 [main] DEBUG org.apache.http.wire -  << "Content-Type: application/json[\r][\n]"
2021-12-24_00:35:49.647 [main] DEBUG org.apache.http.wire -  << "Transfer-Encoding: chunked[\r][\n]"
2021-12-24_00:35:49.647 [main] DEBUG org.apache.http.wire -  << "Connection: keep-alive[\r][\n]"
2021-12-24_00:35:49.647 [main] DEBUG org.apache.http.wire -  << "[\r][\n]"
2021-12-24_00:35:49.647 [main] DEBUG o.a.h.i.conn.DefaultClientConnection - Receiving response: HTTP/1.1 200 
2021-12-24_00:35:49.647 [main] DEBUG org.apache.http.headers - << HTTP/1.1 200 
2021-12-24_00:35:49.647 [main] DEBUG org.apache.http.headers - << Access-Control-Allow-Methods: GET, POST
2021-12-24_00:35:49.647 [main] DEBUG org.apache.http.headers - << Access-Control-Allow-Origin: *
2021-12-24_00:35:49.647 [main] DEBUG org.apache.http.headers - << Content-Security-Policy: default-src 'none'
2021-12-24_00:35:49.647 [main] DEBUG org.apache.http.headers - << Feature-Policy: 'none'
2021-12-24_00:35:49.647 [main] DEBUG org.apache.http.headers - << Referrer-Policy: no-referrer
2021-12-24_00:35:49.647 [main] DEBUG org.apache.http.headers - << Strict-Transport-Security: max-age=31536000 ; includeSubDomains
2021-12-24_00:35:49.647 [main] DEBUG org.apache.http.headers - << Date: Thu, 23 Dec 2021 19:05:49 GMT
2021-12-24_00:35:49.647 [main] DEBUG org.apache.http.headers - << Keep-Alive: timeout=60
2021-12-24_00:35:49.647 [main] DEBUG org.apache.http.headers - << Content-Type: application/json
2021-12-24_00:35:49.647 [main] DEBUG org.apache.http.headers - << Transfer-Encoding: chunked
2021-12-24_00:35:49.648 [main] DEBUG org.apache.http.headers - << Connection: keep-alive
2021-12-24_00:35:49.648 [main] DEBUG o.a.h.impl.client.DefaultHttpClient - Connection can be kept alive for 60000 MILLISECONDS
2021-12-24_00:35:49.648 [main] DEBUG i.r.i.RequestSpecificationImpl$RestAssuredHttpBuilder - Parsing response as: application/json
2021-12-24_00:35:49.648 [main] DEBUG i.r.i.RequestSpecificationImpl$RestAssuredHttpBuilder - Parsed data to instance of: class org.apache.http.conn.EofSensorInputStream
2021-12-24_00:35:49.649 [main] INFO  com.qc.BaseAPI - Method :POST
2021-12-24_00:35:49.650 [main] INFO  com.qc.BaseAPI - URI :https://apitest.pineperks.in/card/profile/V1/detail
2021-12-24_00:35:49.650 [main] INFO  com.qc.BaseAPI - Headers :token=5694400c841e4db282babe4c07b9da07
userName=A0aCcnPzDANtKmvSLPKcaw==
Accept=*/*
Content-Type=application/json; charset=UTF-8
2021-12-24_00:35:49.650 [main] INFO  com.qc.BaseAPI - Body :{"cardDetailRequestList":["5395567792"]}
2021-12-24_00:35:49.650 [main] INFO  com.qc.BaseAPI - ********************RESPONSE********************
2021-12-24_00:35:49.651 [main] DEBUG org.apache.http.wire -  << "3c0[\r][\n]"
2021-12-24_00:35:49.651 [main] DEBUG org.apache.http.wire -  << "{"cardDetailResponseList":[{"cardReferenceNumber":5395567792,"maskedCardNumber":"608364******1462","cardStatus":2,"kycStatus":null,"cardSchemeId":7,"pinMode":4,"cardName":"milson Card","cardVariant":2,"cardCategoryId":4,"loadAmount":1000,"redeemedAmount":0,"balance":1000,"issuedOn":"24-Dec-2021","expiryDate":"31-Dec-2023","isEcommTransactionEnabled":true,"ecommRedeemTransactionLimit":0,"isPOSTransactionEnabled":false,"posRedeemTransactionLimit":0,"monthlyCreditAmount":null,"lastCreditedOn":null,"activatedOn":null,"activationName":"Afzal","activationMobileNumber":8284854535,"activationEmail":"afzal.ahmed@pinelabs.com","customerName":"Afzal ahmed","customerMobile":8284854535,"customerEmail":null,"blockedOn":null,"terminatedOn":null,"terminatedBy":null,"reason":"Lost","reIssuedOn":null,"reIssuedBy":null,"reIssuedByCardReferenceNumber":null,"reIssueCharges":0,"responseCode":0,"responseMessage":"Success"}],"responseCode":0,"responseMessage":"Success"}"
2021-12-24_00:35:49.651 [main] DEBUG org.apache.http.wire -  << "[\r][\n]"
2021-12-24_00:35:49.651 [main] DEBUG org.apache.http.wire -  << "0[\r][\n]"
2021-12-24_00:35:49.651 [main] DEBUG org.apache.http.wire -  << "[\r][\n]"
2021-12-24_00:35:49.651 [main] DEBUG o.a.h.i.c.BasicClientConnectionManager - Releasing connection org.apache.http.impl.conn.ManagedClientConnectionImpl@5e0f29bd
2021-12-24_00:35:49.651 [main] DEBUG o.a.h.i.c.BasicClientConnectionManager - Connection can be kept alive for 60000 MILLISECONDS
2021-12-24_00:35:49.654 [main] INFO  com.qc.BaseAPI - Response :{
    "cardDetailResponseList": [
        {
            "cardReferenceNumber": 5395567792,
            "maskedCardNumber": "608364******1462",
            "cardStatus": 2,
            "kycStatus": null,
            "cardSchemeId": 7,
            "pinMode": 4,
            "cardName": "milson Card",
            "cardVariant": 2,
            "cardCategoryId": 4,
            "loadAmount": 1000,
            "redeemedAmount": 0,
            "balance": 1000,
            "issuedOn": "24-Dec-2021",
            "expiryDate": "31-Dec-2023",
            "isEcommTransactionEnabled": true,
            "ecommRedeemTransactionLimit": 0,
            "isPOSTransactionEnabled": false,
            "posRedeemTransactionLimit": 0,
            "monthlyCreditAmount": null,
            "lastCreditedOn": null,
            "activatedOn": null,
            "activationName": "Afzal",
            "activationMobileNumber": 8284854535,
            "activationEmail": "afzal.ahmed@pinelabs.com",
            "customerName": "Afzal ahmed",
            "customerMobile": 8284854535,
            "customerEmail": null,
            "blockedOn": null,
            "terminatedOn": null,
            "terminatedBy": null,
            "reason": "Lost",
            "reIssuedOn": null,
            "reIssuedBy": null,
            "reIssuedByCardReferenceNumber": null,
            "reIssueCharges": 0,
            "responseCode": 0,
            "responseMessage": "Success"
        }
    ],
    "responseCode": 0,
    "responseMessage": "Success"
}
2021-12-24_00:35:49.654 [main] INFO  com.qc.BaseAPI -  **** POST call Response time 157 ms
2021-12-24_00:35:49.654 [main] INFO  p.r.service.CorporateAndCardDetails - Time Taken to perform https://apitest.pineperks.in/card/profile/V1/detail transaction: 157
