2021-12-16_19:07:28.194 [main] INFO  com.qc.qa.utils.TestDataReader - Reading API Test Data config values from  testData/api/devAPITestData.properties
2021-12-16_19:07:28.198 [main] INFO  pl.rest.service.Authorize - Authorize Rest API URL :- https://apitest.pineperks.in/auth/V1/generate/token
2021-12-16_19:07:28.199 [main] INFO  com.qc.BaseAPI - GET call to URL https://apitest.pineperks.in/auth/V1/generate/token
2021-12-16_19:07:28.369 [main] INFO  com.qc.BaseAPI - ********************REQUEST********************
2021-12-16_19:07:29.610 [main] DEBUG o.a.h.i.c.BasicClientConnectionManager - Get connection for route {s}->https://apitest.pineperks.in:443
2021-12-16_19:07:29.690 [main] DEBUG o.a.h.i.c.DefaultClientConnectionOperator - Connecting to apitest.pineperks.in:443
2021-12-16_19:07:29.912 [main] DEBUG o.a.h.c.protocol.RequestAddCookies - CookieSpec selected: ignoreCookies
2021-12-16_19:07:29.913 [main] DEBUG o.a.h.c.protocol.RequestAuthCache - Auth cache not set in the context
2021-12-16_19:07:29.914 [main] DEBUG o.a.h.c.p.RequestTargetAuthentication - Target auth state: UNCHALLENGED
2021-12-16_19:07:29.915 [main] DEBUG o.a.h.c.p.RequestProxyAuthentication - Proxy auth state: UNCHALLENGED
2021-12-16_19:07:29.915 [main] DEBUG o.a.h.impl.client.DefaultHttpClient - Attempt 1 to execute request
2021-12-16_19:07:29.915 [main] DEBUG o.a.h.i.conn.DefaultClientConnection - Sending request: GET /auth/V1/generate/token HTTP/1.1
2021-12-16_19:07:29.915 [main] DEBUG org.apache.http.wire -  >> "GET /auth/V1/generate/token HTTP/1.1[\r][\n]"
2021-12-16_19:07:29.916 [main] DEBUG org.apache.http.wire -  >> "Content-Type: application/json; charset=UTF-8[\r][\n]"
2021-12-16_19:07:29.917 [main] DEBUG org.apache.http.wire -  >> "Accept: */*[\r][\n]"
2021-12-16_19:07:29.917 [main] DEBUG org.apache.http.wire -  >> "userName: t3azPwts/6OSPTFxhCdYug==[\r][\n]"
2021-12-16_19:07:29.917 [main] DEBUG org.apache.http.wire -  >> "Host: apitest.pineperks.in[\r][\n]"
2021-12-16_19:07:29.917 [main] DEBUG org.apache.http.wire -  >> "Connection: Keep-Alive[\r][\n]"
2021-12-16_19:07:29.917 [main] DEBUG org.apache.http.wire -  >> "User-Agent: Apache-HttpClient/4.5.2 (Java/1.8.0_202)[\r][\n]"
2021-12-16_19:07:29.917 [main] DEBUG org.apache.http.wire -  >> "Accept-Encoding: gzip,deflate[\r][\n]"
2021-12-16_19:07:29.917 [main] DEBUG org.apache.http.wire -  >> "[\r][\n]"
2021-12-16_19:07:29.918 [main] DEBUG org.apache.http.headers - >> GET /auth/V1/generate/token HTTP/1.1
2021-12-16_19:07:29.918 [main] DEBUG org.apache.http.headers - >> Content-Type: application/json; charset=UTF-8
2021-12-16_19:07:29.918 [main] DEBUG org.apache.http.headers - >> Accept: */*
2021-12-16_19:07:29.918 [main] DEBUG org.apache.http.headers - >> userName: t3azPwts/6OSPTFxhCdYug==
2021-12-16_19:07:29.918 [main] DEBUG org.apache.http.headers - >> Host: apitest.pineperks.in
2021-12-16_19:07:29.918 [main] DEBUG org.apache.http.headers - >> Connection: Keep-Alive
2021-12-16_19:07:29.918 [main] DEBUG org.apache.http.headers - >> User-Agent: Apache-HttpClient/4.5.2 (Java/1.8.0_202)
2021-12-16_19:07:29.918 [main] DEBUG org.apache.http.headers - >> Accept-Encoding: gzip,deflate
2021-12-16_19:07:29.996 [main] DEBUG org.apache.http.wire -  << "HTTP/1.1 200 [\r][\n]"
2021-12-16_19:07:29.998 [main] DEBUG org.apache.http.wire -  << "Access-Control-Allow-Methods: GET, POST[\r][\n]"
2021-12-16_19:07:29.998 [main] DEBUG org.apache.http.wire -  << "Access-Control-Allow-Origin: *[\r][\n]"
2021-12-16_19:07:29.998 [main] DEBUG org.apache.http.wire -  << "Content-Security-Policy: default-src 'none'[\r][\n]"
2021-12-16_19:07:29.998 [main] DEBUG org.apache.http.wire -  << "Feature-Policy: 'none'[\r][\n]"
2021-12-16_19:07:29.998 [main] DEBUG org.apache.http.wire -  << "Referrer-Policy: no-referrer[\r][\n]"
2021-12-16_19:07:29.998 [main] DEBUG org.apache.http.wire -  << "Strict-Transport-Security: max-age=31536000 ; includeSubDomains[\r][\n]"
2021-12-16_19:07:29.998 [main] DEBUG org.apache.http.wire -  << "Date: Thu, 16 Dec 2021 13:37:29 GMT[\r][\n]"
2021-12-16_19:07:29.999 [main] DEBUG org.apache.http.wire -  << "Keep-Alive: timeout=60[\r][\n]"
2021-12-16_19:07:29.999 [main] DEBUG org.apache.http.wire -  << "Content-Type: application/json[\r][\n]"
2021-12-16_19:07:29.999 [main] DEBUG org.apache.http.wire -  << "Transfer-Encoding: chunked[\r][\n]"
2021-12-16_19:07:29.999 [main] DEBUG org.apache.http.wire -  << "Connection: keep-alive[\r][\n]"
2021-12-16_19:07:29.999 [main] DEBUG org.apache.http.wire -  << "[\r][\n]"
2021-12-16_19:07:29.999 [main] DEBUG o.a.h.i.conn.DefaultClientConnection - Receiving response: HTTP/1.1 200 
2021-12-16_19:07:29.999 [main] DEBUG org.apache.http.headers - << HTTP/1.1 200 
2021-12-16_19:07:30.000 [main] DEBUG org.apache.http.headers - << Access-Control-Allow-Methods: GET, POST
2021-12-16_19:07:30.000 [main] DEBUG org.apache.http.headers - << Access-Control-Allow-Origin: *
2021-12-16_19:07:30.000 [main] DEBUG org.apache.http.headers - << Content-Security-Policy: default-src 'none'
2021-12-16_19:07:30.000 [main] DEBUG org.apache.http.headers - << Feature-Policy: 'none'
2021-12-16_19:07:30.000 [main] DEBUG org.apache.http.headers - << Referrer-Policy: no-referrer
2021-12-16_19:07:30.000 [main] DEBUG org.apache.http.headers - << Strict-Transport-Security: max-age=31536000 ; includeSubDomains
2021-12-16_19:07:30.000 [main] DEBUG org.apache.http.headers - << Date: Thu, 16 Dec 2021 13:37:29 GMT
2021-12-16_19:07:30.000 [main] DEBUG org.apache.http.headers - << Keep-Alive: timeout=60
2021-12-16_19:07:30.000 [main] DEBUG org.apache.http.headers - << Content-Type: application/json
2021-12-16_19:07:30.000 [main] DEBUG org.apache.http.headers - << Transfer-Encoding: chunked
2021-12-16_19:07:30.000 [main] DEBUG org.apache.http.headers - << Connection: keep-alive
2021-12-16_19:07:30.004 [main] DEBUG o.a.h.impl.client.DefaultHttpClient - Connection can be kept alive for 60000 MILLISECONDS
2021-12-16_19:07:30.015 [main] DEBUG i.r.i.RequestSpecificationImpl$RestAssuredHttpBuilder - Parsing response as: application/json
2021-12-16_19:07:30.016 [main] DEBUG i.r.i.RequestSpecificationImpl$RestAssuredHttpBuilder - Parsed data to instance of: class org.apache.http.conn.EofSensorInputStream
2021-12-16_19:07:30.034 [main] INFO  com.qc.BaseAPI - Method :GET
2021-12-16_19:07:30.035 [main] INFO  com.qc.BaseAPI - URI :https://apitest.pineperks.in/auth/V1/generate/token
2021-12-16_19:07:30.036 [main] INFO  com.qc.BaseAPI - Headers :userName=t3azPwts/6OSPTFxhCdYug==
Accept=*/*
Content-Type=application/json; charset=UTF-8
2021-12-16_19:07:30.036 [main] INFO  com.qc.BaseAPI - Body :null
2021-12-16_19:07:30.036 [main] INFO  com.qc.BaseAPI - ********************RESPONSE********************
2021-12-16_19:07:30.052 [main] DEBUG org.apache.http.wire -  << "7f[\r][\n]"
2021-12-16_19:07:30.052 [main] DEBUG org.apache.http.wire -  << "{"accessToken":"f62acc0fadc74a089af5a3d93912f8e7","tokenExpiryTime":"17-Dec-2021","responseCode":0,"responseMessage":"Success"}"
2021-12-16_19:07:30.053 [main] DEBUG org.apache.http.wire -  << "[\r][\n]"
2021-12-16_19:07:30.054 [main] DEBUG org.apache.http.wire -  << "0[\r][\n]"
2021-12-16_19:07:30.054 [main] DEBUG org.apache.http.wire -  << "[\r][\n]"
2021-12-16_19:07:30.054 [main] DEBUG o.a.h.i.c.BasicClientConnectionManager - Releasing connection org.apache.http.impl.conn.ManagedClientConnectionImpl@13aa034a
2021-12-16_19:07:30.054 [main] DEBUG o.a.h.i.c.BasicClientConnectionManager - Connection can be kept alive for 60000 MILLISECONDS
2021-12-16_19:07:30.095 [main] INFO  com.qc.BaseAPI - Response :{
    "accessToken": "f62acc0fadc74a089af5a3d93912f8e7",
    "tokenExpiryTime": "17-Dec-2021",
    "responseCode": 0,
    "responseMessage": "Success"
}
2021-12-16_19:07:30.097 [main] INFO  com.qc.BaseAPI -  **** GET call Response time 1649 ms
2021-12-16_19:07:30.097 [main] INFO  pl.rest.service.Authorize - Time Taken to perform https://apitest.pineperks.in/auth/V1/generate/token transaction: 1649
2021-12-16_19:07:30.200 [main] INFO  com.qc.qa.utils.TestDataReader - Reading Json data authorizeHeaders
2021-12-16_19:07:30.202 [main] INFO  com.qc.qa.utils.TestDataReader - Reading json data from file @ testData/api/devAPIData.json
2021-12-16_19:07:30.228 [main] INFO  pl.rest.service.CardIssue - CardIssue Rest API URL :- https://apitest.pineperks.in/card/order/V1/instant/issue/nonreloadable/digital
2021-12-16_19:07:30.229 [main] INFO  com.qc.BaseAPI - POST call to URL https://apitest.pineperks.in/card/order/V1/instant/issue/nonreloadable/digital
2021-12-16_19:07:30.238 [main] INFO  com.qc.BaseAPI - ********************REQUEST********************
2021-12-16_19:07:30.271 [main] DEBUG o.a.h.i.c.BasicClientConnectionManager - Get connection for route {s}->https://apitest.pineperks.in:443
2021-12-16_19:07:30.271 [main] DEBUG o.a.h.i.c.DefaultClientConnectionOperator - Connecting to apitest.pineperks.in:443
2021-12-16_19:07:30.408 [main] DEBUG o.a.h.c.protocol.RequestAddCookies - CookieSpec selected: ignoreCookies
2021-12-16_19:07:30.408 [main] DEBUG o.a.h.c.protocol.RequestAuthCache - Auth cache not set in the context
2021-12-16_19:07:30.408 [main] DEBUG o.a.h.c.p.RequestTargetAuthentication - Target auth state: UNCHALLENGED
2021-12-16_19:07:30.408 [main] DEBUG o.a.h.c.p.RequestProxyAuthentication - Proxy auth state: UNCHALLENGED
2021-12-16_19:07:30.409 [main] DEBUG o.a.h.impl.client.DefaultHttpClient - Attempt 1 to execute request
2021-12-16_19:07:30.409 [main] DEBUG o.a.h.i.conn.DefaultClientConnection - Sending request: POST /card/order/V1/instant/issue/nonreloadable/digital HTTP/1.1
2021-12-16_19:07:30.409 [main] DEBUG org.apache.http.wire -  >> "POST /card/order/V1/instant/issue/nonreloadable/digital HTTP/1.1[\r][\n]"
2021-12-16_19:07:30.409 [main] DEBUG org.apache.http.wire -  >> "Accept: */*[\r][\n]"
2021-12-16_19:07:30.409 [main] DEBUG org.apache.http.wire -  >> "userName: t3azPwts/6OSPTFxhCdYug==[\r][\n]"
2021-12-16_19:07:30.409 [main] DEBUG org.apache.http.wire -  >> "token: f62acc0fadc74a089af5a3d93912f8e7[\r][\n]"
2021-12-16_19:07:30.409 [main] DEBUG org.apache.http.wire -  >> "Content-Type: application/json; charset=UTF-8[\r][\n]"
2021-12-16_19:07:30.409 [main] DEBUG org.apache.http.wire -  >> "Content-Length: 244[\r][\n]"
2021-12-16_19:07:30.409 [main] DEBUG org.apache.http.wire -  >> "Host: apitest.pineperks.in[\r][\n]"
2021-12-16_19:07:30.410 [main] DEBUG org.apache.http.wire -  >> "Connection: Keep-Alive[\r][\n]"
2021-12-16_19:07:30.410 [main] DEBUG org.apache.http.wire -  >> "User-Agent: Apache-HttpClient/4.5.2 (Java/1.8.0_202)[\r][\n]"
2021-12-16_19:07:30.410 [main] DEBUG org.apache.http.wire -  >> "Accept-Encoding: gzip,deflate[\r][\n]"
2021-12-16_19:07:30.410 [main] DEBUG org.apache.http.wire -  >> "[\r][\n]"
2021-12-16_19:07:30.410 [main] DEBUG org.apache.http.headers - >> POST /card/order/V1/instant/issue/nonreloadable/digital HTTP/1.1
2021-12-16_19:07:30.410 [main] DEBUG org.apache.http.headers - >> Accept: */*
2021-12-16_19:07:30.410 [main] DEBUG org.apache.http.headers - >> userName: t3azPwts/6OSPTFxhCdYug==
2021-12-16_19:07:30.410 [main] DEBUG org.apache.http.headers - >> token: f62acc0fadc74a089af5a3d93912f8e7
2021-12-16_19:07:30.410 [main] DEBUG org.apache.http.headers - >> Content-Type: application/json; charset=UTF-8
2021-12-16_19:07:30.410 [main] DEBUG org.apache.http.headers - >> Content-Length: 244
2021-12-16_19:07:30.410 [main] DEBUG org.apache.http.headers - >> Host: apitest.pineperks.in
2021-12-16_19:07:30.410 [main] DEBUG org.apache.http.headers - >> Connection: Keep-Alive
2021-12-16_19:07:30.410 [main] DEBUG org.apache.http.headers - >> User-Agent: Apache-HttpClient/4.5.2 (Java/1.8.0_202)
2021-12-16_19:07:30.410 [main] DEBUG org.apache.http.headers - >> Accept-Encoding: gzip,deflate
2021-12-16_19:07:30.411 [main] DEBUG org.apache.http.wire -  >> "{"isLinkToBeSentOnMobile":true,"checksum":"5x3GNrnStyS2PkMvV6EeAw==","cardDetailList":[{"amount":"1000","mobileNumber":"8284854535","customerName":"123Afzal","email":"afzal.ahmed@pinelabs.com"}],"externalRequestId":"KTTNyPQ","cardSchemeId":"7"}"
2021-12-16_19:07:30.532 [main] DEBUG org.apache.http.wire -  << "HTTP/1.1 200 [\r][\n]"
2021-12-16_19:07:30.533 [main] DEBUG org.apache.http.wire -  << "Access-Control-Allow-Methods: GET, POST[\r][\n]"
2021-12-16_19:07:30.533 [main] DEBUG org.apache.http.wire -  << "Access-Control-Allow-Origin: *[\r][\n]"
2021-12-16_19:07:30.533 [main] DEBUG org.apache.http.wire -  << "Content-Security-Policy: default-src 'none'[\r][\n]"
2021-12-16_19:07:30.534 [main] DEBUG org.apache.http.wire -  << "Feature-Policy: 'none'[\r][\n]"
2021-12-16_19:07:30.534 [main] DEBUG org.apache.http.wire -  << "Referrer-Policy: no-referrer[\r][\n]"
2021-12-16_19:07:30.534 [main] DEBUG org.apache.http.wire -  << "Strict-Transport-Security: max-age=31536000 ; includeSubDomains[\r][\n]"
2021-12-16_19:07:30.534 [main] DEBUG org.apache.http.wire -  << "Date: Thu, 16 Dec 2021 13:37:29 GMT[\r][\n]"
2021-12-16_19:07:30.534 [main] DEBUG org.apache.http.wire -  << "Keep-Alive: timeout=60[\r][\n]"
2021-12-16_19:07:30.534 [main] DEBUG org.apache.http.wire -  << "Content-Type: application/json[\r][\n]"
2021-12-16_19:07:30.534 [main] DEBUG org.apache.http.wire -  << "Transfer-Encoding: chunked[\r][\n]"
2021-12-16_19:07:30.535 [main] DEBUG org.apache.http.wire -  << "Connection: keep-alive[\r][\n]"
2021-12-16_19:07:30.535 [main] DEBUG org.apache.http.wire -  << "[\r][\n]"
2021-12-16_19:07:30.535 [main] DEBUG o.a.h.i.conn.DefaultClientConnection - Receiving response: HTTP/1.1 200 
2021-12-16_19:07:30.535 [main] DEBUG org.apache.http.headers - << HTTP/1.1 200 
2021-12-16_19:07:30.535 [main] DEBUG org.apache.http.headers - << Access-Control-Allow-Methods: GET, POST
2021-12-16_19:07:30.535 [main] DEBUG org.apache.http.headers - << Access-Control-Allow-Origin: *
2021-12-16_19:07:30.535 [main] DEBUG org.apache.http.headers - << Content-Security-Policy: default-src 'none'
2021-12-16_19:07:30.535 [main] DEBUG org.apache.http.headers - << Feature-Policy: 'none'
2021-12-16_19:07:30.536 [main] DEBUG org.apache.http.headers - << Referrer-Policy: no-referrer
2021-12-16_19:07:30.536 [main] DEBUG org.apache.http.headers - << Strict-Transport-Security: max-age=31536000 ; includeSubDomains
2021-12-16_19:07:30.537 [main] DEBUG org.apache.http.headers - << Date: Thu, 16 Dec 2021 13:37:29 GMT
2021-12-16_19:07:30.537 [main] DEBUG org.apache.http.headers - << Keep-Alive: timeout=60
2021-12-16_19:07:30.537 [main] DEBUG org.apache.http.headers - << Content-Type: application/json
2021-12-16_19:07:30.537 [main] DEBUG org.apache.http.headers - << Transfer-Encoding: chunked
2021-12-16_19:07:30.537 [main] DEBUG org.apache.http.headers - << Connection: keep-alive
2021-12-16_19:07:30.537 [main] DEBUG o.a.h.impl.client.DefaultHttpClient - Connection can be kept alive for 60000 MILLISECONDS
2021-12-16_19:07:30.538 [main] DEBUG i.r.i.RequestSpecificationImpl$RestAssuredHttpBuilder - Parsing response as: application/json
2021-12-16_19:07:30.538 [main] DEBUG i.r.i.RequestSpecificationImpl$RestAssuredHttpBuilder - Parsed data to instance of: class org.apache.http.conn.EofSensorInputStream
2021-12-16_19:07:30.540 [main] INFO  com.qc.BaseAPI - Method :POST
2021-12-16_19:07:30.544 [main] INFO  com.qc.BaseAPI - URI :https://apitest.pineperks.in/card/order/V1/instant/issue/nonreloadable/digital
2021-12-16_19:07:30.544 [main] INFO  com.qc.BaseAPI - Headers :token=f62acc0fadc74a089af5a3d93912f8e7
userName=t3azPwts/6OSPTFxhCdYug==
Accept=*/*
Content-Type=application/json; charset=UTF-8
2021-12-16_19:07:30.544 [main] INFO  com.qc.BaseAPI - Body :{"isLinkToBeSentOnMobile":true,"checksum":"5x3GNrnStyS2PkMvV6EeAw==","cardDetailList":[{"amount":"1000","mobileNumber":"8284854535","customerName":"123Afzal","email":"afzal.ahmed@pinelabs.com"}],"externalRequestId":"KTTNyPQ","cardSchemeId":"7"}
2021-12-16_19:07:30.545 [main] INFO  com.qc.BaseAPI - ********************RESPONSE********************
2021-12-16_19:07:30.545 [main] DEBUG org.apache.http.wire -  << "262[\r][\n]"
2021-12-16_19:07:30.545 [main] DEBUG org.apache.http.wire -  << "{"externalRequestId":"KTTNyPQ","orderId":null,"orderStatus":null,"cardDetailResponseList":[{"referenceNumber":null,"serialNumber":null,"customerName":"123Afzal","mobileNumber":8284854535,"email":"afzal.ahmed@pinelabs.com","amount":1000,"cardLink":null,"responseCode":13,"responseMessage":"- firstName : Customer Name is not valid. It should start with an alphabet and could contain maximum 50 characters in form of alphabets, numbers, white space, dot(.)"}],"successCount":0,"failedCount":1,"orderAmount":null,"issuanceCharge":null,"netOrderAmount":null,"responseCode":13,"responseMessage":"Invalid card data"}"
2021-12-16_19:07:30.546 [main] DEBUG org.apache.http.wire -  << "[\r][\n]"
2021-12-16_19:07:30.546 [main] DEBUG org.apache.http.wire -  << "0[\r][\n]"
2021-12-16_19:07:30.546 [main] DEBUG org.apache.http.wire -  << "[\r][\n]"
2021-12-16_19:07:30.546 [main] DEBUG o.a.h.i.c.BasicClientConnectionManager - Releasing connection org.apache.http.impl.conn.ManagedClientConnectionImpl@5bdda1f6
2021-12-16_19:07:30.546 [main] DEBUG o.a.h.i.c.BasicClientConnectionManager - Connection can be kept alive for 60000 MILLISECONDS
2021-12-16_19:07:30.548 [main] INFO  com.qc.BaseAPI - Response :{
    "externalRequestId": "KTTNyPQ",
    "orderId": null,
    "orderStatus": null,
    "cardDetailResponseList": [
        {
            "referenceNumber": null,
            "serialNumber": null,
            "customerName": "123Afzal",
            "mobileNumber": 8284854535,
            "email": "afzal.ahmed@pinelabs.com",
            "amount": 1000,
            "cardLink": null,
            "responseCode": 13,
            "responseMessage": "- firstName : Customer Name is not valid. It should start with an alphabet and could contain maximum 50 characters in form of alphabets, numbers, white space, dot(.)"
        }
    ],
    "successCount": 0,
    "failedCount": 1,
    "orderAmount": null,
    "issuanceCharge": null,
    "netOrderAmount": null,
    "responseCode": 13,
    "responseMessage": "Invalid card data"
}
2021-12-16_19:07:30.549 [main] INFO  com.qc.BaseAPI -  **** POST call Response time 299 ms
2021-12-16_19:07:30.549 [main] INFO  pl.rest.service.CardIssue - Time Taken to perform https://apitest.pineperks.in/card/order/V1/instant/issue/nonreloadable/digital transaction: 299
2021-12-16_19:07:31.199 [main] INFO  pl.rest.service.Authorize - Authorize Rest API URL :- https://apitest.pineperks.in/auth/V1/generate/token
2021-12-16_19:07:31.200 [main] INFO  com.qc.BaseAPI - GET call to URL https://apitest.pineperks.in/auth/V1/generate/token
2021-12-16_19:07:31.206 [main] INFO  com.qc.BaseAPI - ********************REQUEST********************
2021-12-16_19:07:31.219 [main] DEBUG o.a.h.i.c.BasicClientConnectionManager - Get connection for route {s}->https://apitest.pineperks.in:443
2021-12-16_19:07:31.220 [main] DEBUG o.a.h.i.c.DefaultClientConnectionOperator - Connecting to apitest.pineperks.in:443
2021-12-16_19:07:31.329 [main] DEBUG o.a.h.c.protocol.RequestAddCookies - CookieSpec selected: ignoreCookies
2021-12-16_19:07:31.330 [main] DEBUG o.a.h.c.protocol.RequestAuthCache - Auth cache not set in the context
2021-12-16_19:07:31.330 [main] DEBUG o.a.h.c.p.RequestTargetAuthentication - Target auth state: UNCHALLENGED
2021-12-16_19:07:31.330 [main] DEBUG o.a.h.c.p.RequestProxyAuthentication - Proxy auth state: UNCHALLENGED
2021-12-16_19:07:31.330 [main] DEBUG o.a.h.impl.client.DefaultHttpClient - Attempt 1 to execute request
2021-12-16_19:07:31.330 [main] DEBUG o.a.h.i.conn.DefaultClientConnection - Sending request: GET /auth/V1/generate/token HTTP/1.1
2021-12-16_19:07:31.330 [main] DEBUG org.apache.http.wire -  >> "GET /auth/V1/generate/token HTTP/1.1[\r][\n]"
2021-12-16_19:07:31.331 [main] DEBUG org.apache.http.wire -  >> "Content-Type: application/json; charset=UTF-8[\r][\n]"
2021-12-16_19:07:31.331 [main] DEBUG org.apache.http.wire -  >> "Accept: */*[\r][\n]"
2021-12-16_19:07:31.331 [main] DEBUG org.apache.http.wire -  >> "userName: t3azPwts/6OSPTFxhCdYug==[\r][\n]"
2021-12-16_19:07:31.331 [main] DEBUG org.apache.http.wire -  >> "Host: apitest.pineperks.in[\r][\n]"
2021-12-16_19:07:31.331 [main] DEBUG org.apache.http.wire -  >> "Connection: Keep-Alive[\r][\n]"
2021-12-16_19:07:31.331 [main] DEBUG org.apache.http.wire -  >> "User-Agent: Apache-HttpClient/4.5.2 (Java/1.8.0_202)[\r][\n]"
2021-12-16_19:07:31.332 [main] DEBUG org.apache.http.wire -  >> "Accept-Encoding: gzip,deflate[\r][\n]"
2021-12-16_19:07:31.332 [main] DEBUG org.apache.http.wire -  >> "[\r][\n]"
2021-12-16_19:07:31.332 [main] DEBUG org.apache.http.headers - >> GET /auth/V1/generate/token HTTP/1.1
2021-12-16_19:07:31.332 [main] DEBUG org.apache.http.headers - >> Content-Type: application/json; charset=UTF-8
2021-12-16_19:07:31.332 [main] DEBUG org.apache.http.headers - >> Accept: */*
2021-12-16_19:07:31.332 [main] DEBUG org.apache.http.headers - >> userName: t3azPwts/6OSPTFxhCdYug==
2021-12-16_19:07:31.333 [main] DEBUG org.apache.http.headers - >> Host: apitest.pineperks.in
2021-12-16_19:07:31.333 [main] DEBUG org.apache.http.headers - >> Connection: Keep-Alive
2021-12-16_19:07:31.333 [main] DEBUG org.apache.http.headers - >> User-Agent: Apache-HttpClient/4.5.2 (Java/1.8.0_202)
2021-12-16_19:07:31.333 [main] DEBUG org.apache.http.headers - >> Accept-Encoding: gzip,deflate
2021-12-16_19:07:31.420 [main] DEBUG org.apache.http.wire -  << "HTTP/1.1 200 [\r][\n]"
2021-12-16_19:07:31.421 [main] DEBUG org.apache.http.wire -  << "Access-Control-Allow-Methods: GET, POST[\r][\n]"
2021-12-16_19:07:31.421 [main] DEBUG org.apache.http.wire -  << "Access-Control-Allow-Origin: *[\r][\n]"
2021-12-16_19:07:31.421 [main] DEBUG org.apache.http.wire -  << "Content-Security-Policy: default-src 'none'[\r][\n]"
2021-12-16_19:07:31.421 [main] DEBUG org.apache.http.wire -  << "Feature-Policy: 'none'[\r][\n]"
2021-12-16_19:07:31.422 [main] DEBUG org.apache.http.wire -  << "Referrer-Policy: no-referrer[\r][\n]"
2021-12-16_19:07:31.422 [main] DEBUG org.apache.http.wire -  << "Strict-Transport-Security: max-age=31536000 ; includeSubDomains[\r][\n]"
2021-12-16_19:07:31.422 [main] DEBUG org.apache.http.wire -  << "Date: Thu, 16 Dec 2021 13:37:31 GMT[\r][\n]"
2021-12-16_19:07:31.422 [main] DEBUG org.apache.http.wire -  << "Keep-Alive: timeout=60[\r][\n]"
2021-12-16_19:07:31.422 [main] DEBUG org.apache.http.wire -  << "Content-Type: application/json[\r][\n]"
2021-12-16_19:07:31.422 [main] DEBUG org.apache.http.wire -  << "Transfer-Encoding: chunked[\r][\n]"
2021-12-16_19:07:31.422 [main] DEBUG org.apache.http.wire -  << "Connection: keep-alive[\r][\n]"
2021-12-16_19:07:31.423 [main] DEBUG org.apache.http.wire -  << "[\r][\n]"
2021-12-16_19:07:31.423 [main] DEBUG o.a.h.i.conn.DefaultClientConnection - Receiving response: HTTP/1.1 200 
2021-12-16_19:07:31.423 [main] DEBUG org.apache.http.headers - << HTTP/1.1 200 
2021-12-16_19:07:31.423 [main] DEBUG org.apache.http.headers - << Access-Control-Allow-Methods: GET, POST
2021-12-16_19:07:31.423 [main] DEBUG org.apache.http.headers - << Access-Control-Allow-Origin: *
2021-12-16_19:07:31.423 [main] DEBUG org.apache.http.headers - << Content-Security-Policy: default-src 'none'
2021-12-16_19:07:31.424 [main] DEBUG org.apache.http.headers - << Feature-Policy: 'none'
2021-12-16_19:07:31.424 [main] DEBUG org.apache.http.headers - << Referrer-Policy: no-referrer
2021-12-16_19:07:31.424 [main] DEBUG org.apache.http.headers - << Strict-Transport-Security: max-age=31536000 ; includeSubDomains
2021-12-16_19:07:31.424 [main] DEBUG org.apache.http.headers - << Date: Thu, 16 Dec 2021 13:37:31 GMT
2021-12-16_19:07:31.424 [main] DEBUG org.apache.http.headers - << Keep-Alive: timeout=60
2021-12-16_19:07:31.424 [main] DEBUG org.apache.http.headers - << Content-Type: application/json
2021-12-16_19:07:31.424 [main] DEBUG org.apache.http.headers - << Transfer-Encoding: chunked
2021-12-16_19:07:31.424 [main] DEBUG org.apache.http.headers - << Connection: keep-alive
2021-12-16_19:07:31.424 [main] DEBUG o.a.h.impl.client.DefaultHttpClient - Connection can be kept alive for 60000 MILLISECONDS
2021-12-16_19:07:31.425 [main] DEBUG i.r.i.RequestSpecificationImpl$RestAssuredHttpBuilder - Parsing response as: application/json
2021-12-16_19:07:31.425 [main] DEBUG i.r.i.RequestSpecificationImpl$RestAssuredHttpBuilder - Parsed data to instance of: class org.apache.http.conn.EofSensorInputStream
2021-12-16_19:07:31.426 [main] INFO  com.qc.BaseAPI - Method :GET
2021-12-16_19:07:31.427 [main] INFO  com.qc.BaseAPI - URI :https://apitest.pineperks.in/auth/V1/generate/token
2021-12-16_19:07:31.428 [main] INFO  com.qc.BaseAPI - Headers :userName=t3azPwts/6OSPTFxhCdYug==
Accept=*/*
Content-Type=application/json; charset=UTF-8
2021-12-16_19:07:31.428 [main] INFO  com.qc.BaseAPI - Body :null
2021-12-16_19:07:31.428 [main] INFO  com.qc.BaseAPI - ********************RESPONSE********************
2021-12-16_19:07:31.428 [main] DEBUG org.apache.http.wire -  << "7f[\r][\n]"
2021-12-16_19:07:31.428 [main] DEBUG org.apache.http.wire -  << "{"accessToken":"77c587712b5c49d49f8b67b57ca80d9c","tokenExpiryTime":"17-Dec-2021","responseCode":0,"responseMessage":"Success"}"
2021-12-16_19:07:31.428 [main] DEBUG org.apache.http.wire -  << "[\r][\n]"
2021-12-16_19:07:31.429 [main] DEBUG org.apache.http.wire -  << "0[\r][\n]"
2021-12-16_19:07:31.429 [main] DEBUG org.apache.http.wire -  << "[\r][\n]"
2021-12-16_19:07:31.429 [main] DEBUG o.a.h.i.c.BasicClientConnectionManager - Releasing connection org.apache.http.impl.conn.ManagedClientConnectionImpl@229cd489
2021-12-16_19:07:31.429 [main] DEBUG o.a.h.i.c.BasicClientConnectionManager - Connection can be kept alive for 60000 MILLISECONDS
2021-12-16_19:07:31.430 [main] INFO  com.qc.BaseAPI - Response :{
    "accessToken": "77c587712b5c49d49f8b67b57ca80d9c",
    "tokenExpiryTime": "17-Dec-2021",
    "responseCode": 0,
    "responseMessage": "Success"
}
2021-12-16_19:07:31.430 [main] INFO  com.qc.BaseAPI -  **** GET call Response time 216 ms
2021-12-16_19:07:31.431 [main] INFO  pl.rest.service.Authorize - Time Taken to perform https://apitest.pineperks.in/auth/V1/generate/token transaction: 216
2021-12-16_19:07:31.438 [main] INFO  com.qc.qa.utils.TestDataReader - Reading Json data authorizeHeaders
2021-12-16_19:07:31.442 [main] INFO  com.qc.qa.utils.TestDataReader - Reading json data from file @ testData/api/devAPIData.json
2021-12-16_19:07:31.445 [main] INFO  pl.rest.service.CardIssue - CardIssue Rest API URL :- https://apitest.pineperks.in/card/order/V1/instant/issue/nonreloadable/digital
2021-12-16_19:07:31.445 [main] INFO  com.qc.BaseAPI - POST call to URL https://apitest.pineperks.in/card/order/V1/instant/issue/nonreloadable/digital
2021-12-16_19:07:31.453 [main] INFO  com.qc.BaseAPI - ********************REQUEST********************
2021-12-16_19:07:31.467 [main] DEBUG o.a.h.i.c.BasicClientConnectionManager - Get connection for route {s}->https://apitest.pineperks.in:443
2021-12-16_19:07:31.467 [main] DEBUG o.a.h.i.c.DefaultClientConnectionOperator - Connecting to apitest.pineperks.in:443
2021-12-16_19:07:31.590 [main] DEBUG o.a.h.c.protocol.RequestAddCookies - CookieSpec selected: ignoreCookies
2021-12-16_19:07:31.590 [main] DEBUG o.a.h.c.protocol.RequestAuthCache - Auth cache not set in the context
2021-12-16_19:07:31.591 [main] DEBUG o.a.h.c.p.RequestTargetAuthentication - Target auth state: UNCHALLENGED
2021-12-16_19:07:31.591 [main] DEBUG o.a.h.c.p.RequestProxyAuthentication - Proxy auth state: UNCHALLENGED
2021-12-16_19:07:31.591 [main] DEBUG o.a.h.impl.client.DefaultHttpClient - Attempt 1 to execute request
2021-12-16_19:07:31.591 [main] DEBUG o.a.h.i.conn.DefaultClientConnection - Sending request: POST /card/order/V1/instant/issue/nonreloadable/digital HTTP/1.1
2021-12-16_19:07:31.591 [main] DEBUG org.apache.http.wire -  >> "POST /card/order/V1/instant/issue/nonreloadable/digital HTTP/1.1[\r][\n]"
2021-12-16_19:07:31.591 [main] DEBUG org.apache.http.wire -  >> "Accept: */*[\r][\n]"
2021-12-16_19:07:31.591 [main] DEBUG org.apache.http.wire -  >> "userName: t3azPwts/6OSPTFxhCdYug==[\r][\n]"
2021-12-16_19:07:31.592 [main] DEBUG org.apache.http.wire -  >> "token: 77c587712b5c49d49f8b67b57ca80d9c[\r][\n]"
2021-12-16_19:07:31.592 [main] DEBUG org.apache.http.wire -  >> "Content-Type: application/json; charset=UTF-8[\r][\n]"
2021-12-16_19:07:31.592 [main] DEBUG org.apache.http.wire -  >> "Content-Length: 241[\r][\n]"
2021-12-16_19:07:31.592 [main] DEBUG org.apache.http.wire -  >> "Host: apitest.pineperks.in[\r][\n]"
2021-12-16_19:07:31.592 [main] DEBUG org.apache.http.wire -  >> "Connection: Keep-Alive[\r][\n]"
2021-12-16_19:07:31.592 [main] DEBUG org.apache.http.wire -  >> "User-Agent: Apache-HttpClient/4.5.2 (Java/1.8.0_202)[\r][\n]"
2021-12-16_19:07:31.592 [main] DEBUG org.apache.http.wire -  >> "Accept-Encoding: gzip,deflate[\r][\n]"
2021-12-16_19:07:31.592 [main] DEBUG org.apache.http.wire -  >> "[\r][\n]"
2021-12-16_19:07:31.593 [main] DEBUG org.apache.http.headers - >> POST /card/order/V1/instant/issue/nonreloadable/digital HTTP/1.1
2021-12-16_19:07:31.593 [main] DEBUG org.apache.http.headers - >> Accept: */*
2021-12-16_19:07:31.593 [main] DEBUG org.apache.http.headers - >> userName: t3azPwts/6OSPTFxhCdYug==
2021-12-16_19:07:31.593 [main] DEBUG org.apache.http.headers - >> token: 77c587712b5c49d49f8b67b57ca80d9c
2021-12-16_19:07:31.593 [main] DEBUG org.apache.http.headers - >> Content-Type: application/json; charset=UTF-8
2021-12-16_19:07:31.593 [main] DEBUG org.apache.http.headers - >> Content-Length: 241
2021-12-16_19:07:31.593 [main] DEBUG org.apache.http.headers - >> Host: apitest.pineperks.in
2021-12-16_19:07:31.593 [main] DEBUG org.apache.http.headers - >> Connection: Keep-Alive
2021-12-16_19:07:31.594 [main] DEBUG org.apache.http.headers - >> User-Agent: Apache-HttpClient/4.5.2 (Java/1.8.0_202)
2021-12-16_19:07:31.594 [main] DEBUG org.apache.http.headers - >> Accept-Encoding: gzip,deflate
2021-12-16_19:07:31.594 [main] DEBUG org.apache.http.wire -  >> "{"isLinkToBeSentOnMobile":true,"checksum":"5x3GNrnStyS2PkMvV6EeAw==","cardDetailList":[{"amount":"1000","mobileNumber":"1111111111","customerName":"afzal","email":"afzal.ahmed@pinelabs.com"}],"externalRequestId":"o5lxJwL","cardSchemeId":"7"}"
2021-12-16_19:07:31.692 [main] DEBUG org.apache.http.wire -  << "HTTP/1.1 200 [\r][\n]"
2021-12-16_19:07:31.693 [main] DEBUG org.apache.http.wire -  << "Access-Control-Allow-Methods: GET, POST[\r][\n]"
2021-12-16_19:07:31.693 [main] DEBUG org.apache.http.wire -  << "Access-Control-Allow-Origin: *[\r][\n]"
2021-12-16_19:07:31.693 [main] DEBUG org.apache.http.wire -  << "Content-Security-Policy: default-src 'none'[\r][\n]"
2021-12-16_19:07:31.693 [main] DEBUG org.apache.http.wire -  << "Feature-Policy: 'none'[\r][\n]"
2021-12-16_19:07:31.693 [main] DEBUG org.apache.http.wire -  << "Referrer-Policy: no-referrer[\r][\n]"
2021-12-16_19:07:31.693 [main] DEBUG org.apache.http.wire -  << "Strict-Transport-Security: max-age=31536000 ; includeSubDomains[\r][\n]"
2021-12-16_19:07:31.693 [main] DEBUG org.apache.http.wire -  << "Date: Thu, 16 Dec 2021 13:37:31 GMT[\r][\n]"
2021-12-16_19:07:31.693 [main] DEBUG org.apache.http.wire -  << "Keep-Alive: timeout=60[\r][\n]"
2021-12-16_19:07:31.693 [main] DEBUG org.apache.http.wire -  << "Content-Type: application/json[\r][\n]"
2021-12-16_19:07:31.694 [main] DEBUG org.apache.http.wire -  << "Transfer-Encoding: chunked[\r][\n]"
2021-12-16_19:07:31.694 [main] DEBUG org.apache.http.wire -  << "Connection: keep-alive[\r][\n]"
2021-12-16_19:07:31.694 [main] DEBUG org.apache.http.wire -  << "[\r][\n]"
2021-12-16_19:07:31.694 [main] DEBUG o.a.h.i.conn.DefaultClientConnection - Receiving response: HTTP/1.1 200 
2021-12-16_19:07:31.694 [main] DEBUG org.apache.http.headers - << HTTP/1.1 200 
2021-12-16_19:07:31.694 [main] DEBUG org.apache.http.headers - << Access-Control-Allow-Methods: GET, POST
2021-12-16_19:07:31.694 [main] DEBUG org.apache.http.headers - << Access-Control-Allow-Origin: *
2021-12-16_19:07:31.694 [main] DEBUG org.apache.http.headers - << Content-Security-Policy: default-src 'none'
2021-12-16_19:07:31.694 [main] DEBUG org.apache.http.headers - << Feature-Policy: 'none'
2021-12-16_19:07:31.694 [main] DEBUG org.apache.http.headers - << Referrer-Policy: no-referrer
2021-12-16_19:07:31.694 [main] DEBUG org.apache.http.headers - << Strict-Transport-Security: max-age=31536000 ; includeSubDomains
2021-12-16_19:07:31.694 [main] DEBUG org.apache.http.headers - << Date: Thu, 16 Dec 2021 13:37:31 GMT
2021-12-16_19:07:31.695 [main] DEBUG org.apache.http.headers - << Keep-Alive: timeout=60
2021-12-16_19:07:31.695 [main] DEBUG org.apache.http.headers - << Content-Type: application/json
2021-12-16_19:07:31.695 [main] DEBUG org.apache.http.headers - << Transfer-Encoding: chunked
2021-12-16_19:07:31.695 [main] DEBUG org.apache.http.headers - << Connection: keep-alive
2021-12-16_19:07:31.695 [main] DEBUG o.a.h.impl.client.DefaultHttpClient - Connection can be kept alive for 60000 MILLISECONDS
2021-12-16_19:07:31.695 [main] DEBUG i.r.i.RequestSpecificationImpl$RestAssuredHttpBuilder - Parsing response as: application/json
2021-12-16_19:07:31.696 [main] DEBUG i.r.i.RequestSpecificationImpl$RestAssuredHttpBuilder - Parsed data to instance of: class org.apache.http.conn.EofSensorInputStream
2021-12-16_19:07:31.696 [main] INFO  com.qc.BaseAPI - Method :POST
2021-12-16_19:07:31.698 [main] INFO  com.qc.BaseAPI - URI :https://apitest.pineperks.in/card/order/V1/instant/issue/nonreloadable/digital
2021-12-16_19:07:31.698 [main] INFO  com.qc.BaseAPI - Headers :token=77c587712b5c49d49f8b67b57ca80d9c
userName=t3azPwts/6OSPTFxhCdYug==
Accept=*/*
Content-Type=application/json; charset=UTF-8
2021-12-16_19:07:31.698 [main] INFO  com.qc.BaseAPI - Body :{"isLinkToBeSentOnMobile":true,"checksum":"5x3GNrnStyS2PkMvV6EeAw==","cardDetailList":[{"amount":"1000","mobileNumber":"1111111111","customerName":"afzal","email":"afzal.ahmed@pinelabs.com"}],"externalRequestId":"o5lxJwL","cardSchemeId":"7"}
2021-12-16_19:07:31.698 [main] INFO  com.qc.BaseAPI - ********************RESPONSE********************
2021-12-16_19:07:31.698 [main] DEBUG org.apache.http.wire -  << "1e5[\r][\n]"
2021-12-16_19:07:31.699 [main] DEBUG org.apache.http.wire -  << "{"externalRequestId":"o5lxJwL","orderId":null,"orderStatus":null,"cardDetailResponseList":[{"referenceNumber":null,"serialNumber":null,"customerName":"afzal","mobileNumber":1111111111,"email":"afzal.ahmed@pinelabs.com","amount":1000,"cardLink":null,"responseCode":13,"responseMessage":"- mobileNumber : Mobile Number is not valid"}],"successCount":0,"failedCount":1,"orderAmount":null,"issuanceCharge":null,"netOrderAmount":null,"responseCode":13,"responseMessage":"Invalid card data"}"
2021-12-16_19:07:31.699 [main] DEBUG org.apache.http.wire -  << "[\r][\n]"
2021-12-16_19:07:31.699 [main] DEBUG org.apache.http.wire -  << "0[\r][\n]"
2021-12-16_19:07:31.699 [main] DEBUG org.apache.http.wire -  << "[\r][\n]"
2021-12-16_19:07:31.699 [main] DEBUG o.a.h.i.c.BasicClientConnectionManager - Releasing connection org.apache.http.impl.conn.ManagedClientConnectionImpl@26ed5c9f
2021-12-16_19:07:31.699 [main] DEBUG o.a.h.i.c.BasicClientConnectionManager - Connection can be kept alive for 60000 MILLISECONDS
2021-12-16_19:07:31.701 [main] INFO  com.qc.BaseAPI - Response :{
    "externalRequestId": "o5lxJwL",
    "orderId": null,
    "orderStatus": null,
    "cardDetailResponseList": [
        {
            "referenceNumber": null,
            "serialNumber": null,
            "customerName": "afzal",
            "mobileNumber": 1111111111,
            "email": "afzal.ahmed@pinelabs.com",
            "amount": 1000,
            "cardLink": null,
            "responseCode": 13,
            "responseMessage": "- mobileNumber : Mobile Number is not valid"
        }
    ],
    "successCount": 0,
    "failedCount": 1,
    "orderAmount": null,
    "issuanceCharge": null,
    "netOrderAmount": null,
    "responseCode": 13,
    "responseMessage": "Invalid card data"
}
2021-12-16_19:07:31.702 [main] INFO  com.qc.BaseAPI -  **** POST call Response time 240 ms
2021-12-16_19:07:31.702 [main] INFO  pl.rest.service.CardIssue - Time Taken to perform https://apitest.pineperks.in/card/order/V1/instant/issue/nonreloadable/digital transaction: 240
2021-12-16_19:07:31.823 [Finalizer] DEBUG o.a.h.i.conn.DefaultClientConnection - Connection 0.0.0.0:53861<->14.143.120.84:443 closed
2021-12-16_19:07:32.049 [main] INFO  pl.rest.service.Authorize - Authorize Rest API URL :- https://apitest.pineperks.in/auth/V1/generate/token
2021-12-16_19:07:32.050 [main] INFO  com.qc.BaseAPI - GET call to URL https://apitest.pineperks.in/auth/V1/generate/token
2021-12-16_19:07:32.052 [main] INFO  com.qc.BaseAPI - ********************REQUEST********************
2021-12-16_19:07:32.059 [main] DEBUG o.a.h.i.c.BasicClientConnectionManager - Get connection for route {s}->https://apitest.pineperks.in:443
2021-12-16_19:07:32.060 [main] DEBUG o.a.h.i.c.DefaultClientConnectionOperator - Connecting to apitest.pineperks.in:443
2021-12-16_19:07:32.175 [main] DEBUG o.a.h.c.protocol.RequestAddCookies - CookieSpec selected: ignoreCookies
2021-12-16_19:07:32.175 [main] DEBUG o.a.h.c.protocol.RequestAuthCache - Auth cache not set in the context
2021-12-16_19:07:32.175 [main] DEBUG o.a.h.c.p.RequestTargetAuthentication - Target auth state: UNCHALLENGED
2021-12-16_19:07:32.175 [main] DEBUG o.a.h.c.p.RequestProxyAuthentication - Proxy auth state: UNCHALLENGED
2021-12-16_19:07:32.175 [main] DEBUG o.a.h.impl.client.DefaultHttpClient - Attempt 1 to execute request
2021-12-16_19:07:32.175 [main] DEBUG o.a.h.i.conn.DefaultClientConnection - Sending request: GET /auth/V1/generate/token HTTP/1.1
2021-12-16_19:07:32.176 [main] DEBUG org.apache.http.wire -  >> "GET /auth/V1/generate/token HTTP/1.1[\r][\n]"
2021-12-16_19:07:32.176 [main] DEBUG org.apache.http.wire -  >> "Content-Type: application/json; charset=UTF-8[\r][\n]"
2021-12-16_19:07:32.176 [main] DEBUG org.apache.http.wire -  >> "Accept: */*[\r][\n]"
2021-12-16_19:07:32.176 [main] DEBUG org.apache.http.wire -  >> "userName: t3azPwts/6OSPTFxhCdYug==[\r][\n]"
2021-12-16_19:07:32.176 [main] DEBUG org.apache.http.wire -  >> "Host: apitest.pineperks.in[\r][\n]"
2021-12-16_19:07:32.176 [main] DEBUG org.apache.http.wire -  >> "Connection: Keep-Alive[\r][\n]"
2021-12-16_19:07:32.176 [main] DEBUG org.apache.http.wire -  >> "User-Agent: Apache-HttpClient/4.5.2 (Java/1.8.0_202)[\r][\n]"
2021-12-16_19:07:32.176 [main] DEBUG org.apache.http.wire -  >> "Accept-Encoding: gzip,deflate[\r][\n]"
2021-12-16_19:07:32.176 [main] DEBUG org.apache.http.wire -  >> "[\r][\n]"
2021-12-16_19:07:32.176 [main] DEBUG org.apache.http.headers - >> GET /auth/V1/generate/token HTTP/1.1
2021-12-16_19:07:32.176 [main] DEBUG org.apache.http.headers - >> Content-Type: application/json; charset=UTF-8
2021-12-16_19:07:32.176 [main] DEBUG org.apache.http.headers - >> Accept: */*
2021-12-16_19:07:32.177 [main] DEBUG org.apache.http.headers - >> userName: t3azPwts/6OSPTFxhCdYug==
2021-12-16_19:07:32.177 [main] DEBUG org.apache.http.headers - >> Host: apitest.pineperks.in
2021-12-16_19:07:32.177 [main] DEBUG org.apache.http.headers - >> Connection: Keep-Alive
2021-12-16_19:07:32.177 [main] DEBUG org.apache.http.headers - >> User-Agent: Apache-HttpClient/4.5.2 (Java/1.8.0_202)
2021-12-16_19:07:32.177 [main] DEBUG org.apache.http.headers - >> Accept-Encoding: gzip,deflate
2021-12-16_19:07:32.220 [main] DEBUG org.apache.http.wire -  << "HTTP/1.1 200 [\r][\n]"
2021-12-16_19:07:32.221 [main] DEBUG org.apache.http.wire -  << "Access-Control-Allow-Methods: GET, POST[\r][\n]"
2021-12-16_19:07:32.221 [main] DEBUG org.apache.http.wire -  << "Access-Control-Allow-Origin: *[\r][\n]"
2021-12-16_19:07:32.222 [main] DEBUG org.apache.http.wire -  << "Content-Security-Policy: default-src 'none'[\r][\n]"
2021-12-16_19:07:32.222 [main] DEBUG org.apache.http.wire -  << "Feature-Policy: 'none'[\r][\n]"
2021-12-16_19:07:32.222 [main] DEBUG org.apache.http.wire -  << "Referrer-Policy: no-referrer[\r][\n]"
2021-12-16_19:07:32.222 [main] DEBUG org.apache.http.wire -  << "Strict-Transport-Security: max-age=31536000 ; includeSubDomains[\r][\n]"
2021-12-16_19:07:32.222 [main] DEBUG org.apache.http.wire -  << "Date: Thu, 16 Dec 2021 13:37:31 GMT[\r][\n]"
2021-12-16_19:07:32.223 [main] DEBUG org.apache.http.wire -  << "Keep-Alive: timeout=60[\r][\n]"
2021-12-16_19:07:32.223 [main] DEBUG org.apache.http.wire -  << "Content-Type: application/json[\r][\n]"
2021-12-16_19:07:32.223 [main] DEBUG org.apache.http.wire -  << "Transfer-Encoding: chunked[\r][\n]"
2021-12-16_19:07:32.223 [main] DEBUG org.apache.http.wire -  << "Connection: keep-alive[\r][\n]"
2021-12-16_19:07:32.224 [main] DEBUG org.apache.http.wire -  << "[\r][\n]"
2021-12-16_19:07:32.224 [main] DEBUG o.a.h.i.conn.DefaultClientConnection - Receiving response: HTTP/1.1 200 
2021-12-16_19:07:32.224 [main] DEBUG org.apache.http.headers - << HTTP/1.1 200 
2021-12-16_19:07:32.224 [main] DEBUG org.apache.http.headers - << Access-Control-Allow-Methods: GET, POST
2021-12-16_19:07:32.224 [main] DEBUG org.apache.http.headers - << Access-Control-Allow-Origin: *
2021-12-16_19:07:32.224 [main] DEBUG org.apache.http.headers - << Content-Security-Policy: default-src 'none'
2021-12-16_19:07:32.224 [main] DEBUG org.apache.http.headers - << Feature-Policy: 'none'
2021-12-16_19:07:32.224 [main] DEBUG org.apache.http.headers - << Referrer-Policy: no-referrer
2021-12-16_19:07:32.224 [main] DEBUG org.apache.http.headers - << Strict-Transport-Security: max-age=31536000 ; includeSubDomains
2021-12-16_19:07:32.224 [main] DEBUG org.apache.http.headers - << Date: Thu, 16 Dec 2021 13:37:31 GMT
2021-12-16_19:07:32.224 [main] DEBUG org.apache.http.headers - << Keep-Alive: timeout=60
2021-12-16_19:07:32.224 [main] DEBUG org.apache.http.headers - << Content-Type: application/json
2021-12-16_19:07:32.224 [main] DEBUG org.apache.http.headers - << Transfer-Encoding: chunked
2021-12-16_19:07:32.224 [main] DEBUG org.apache.http.headers - << Connection: keep-alive
2021-12-16_19:07:32.225 [main] DEBUG o.a.h.impl.client.DefaultHttpClient - Connection can be kept alive for 60000 MILLISECONDS
2021-12-16_19:07:32.225 [main] DEBUG i.r.i.RequestSpecificationImpl$RestAssuredHttpBuilder - Parsing response as: application/json
2021-12-16_19:07:32.225 [main] DEBUG i.r.i.RequestSpecificationImpl$RestAssuredHttpBuilder - Parsed data to instance of: class org.apache.http.conn.EofSensorInputStream
2021-12-16_19:07:32.226 [main] INFO  com.qc.BaseAPI - Method :GET
2021-12-16_19:07:32.226 [main] INFO  com.qc.BaseAPI - URI :https://apitest.pineperks.in/auth/V1/generate/token
2021-12-16_19:07:32.226 [main] INFO  com.qc.BaseAPI - Headers :userName=t3azPwts/6OSPTFxhCdYug==
Accept=*/*
Content-Type=application/json; charset=UTF-8
2021-12-16_19:07:32.226 [main] INFO  com.qc.BaseAPI - Body :null
2021-12-16_19:07:32.226 [main] INFO  com.qc.BaseAPI - ********************RESPONSE********************
2021-12-16_19:07:32.226 [main] DEBUG org.apache.http.wire -  << "7f[\r][\n]"
2021-12-16_19:07:32.226 [main] DEBUG org.apache.http.wire -  << "{"accessToken":"1e086a6281d944a79b430bb444e9e676","tokenExpiryTime":"17-Dec-2021","responseCode":0,"responseMessage":"Success"}"
2021-12-16_19:07:32.226 [main] DEBUG org.apache.http.wire -  << "[\r][\n]"
2021-12-16_19:07:32.227 [main] DEBUG org.apache.http.wire -  << "0[\r][\n]"
2021-12-16_19:07:32.227 [main] DEBUG org.apache.http.wire -  << "[\r][\n]"
2021-12-16_19:07:32.227 [main] DEBUG o.a.h.i.c.BasicClientConnectionManager - Releasing connection org.apache.http.impl.conn.ManagedClientConnectionImpl@76eee6a3
2021-12-16_19:07:32.227 [main] DEBUG o.a.h.i.c.BasicClientConnectionManager - Connection can be kept alive for 60000 MILLISECONDS
2021-12-16_19:07:32.227 [main] INFO  com.qc.BaseAPI - Response :{
    "accessToken": "1e086a6281d944a79b430bb444e9e676",
    "tokenExpiryTime": "17-Dec-2021",
    "responseCode": 0,
    "responseMessage": "Success"
}
2021-12-16_19:07:32.227 [main] INFO  com.qc.BaseAPI -  **** GET call Response time 172 ms
2021-12-16_19:07:32.227 [main] INFO  pl.rest.service.Authorize - Time Taken to perform https://apitest.pineperks.in/auth/V1/generate/token transaction: 172
2021-12-16_19:07:32.230 [main] INFO  com.qc.qa.utils.TestDataReader - Reading Json data authorizeHeaders
2021-12-16_19:07:32.232 [main] INFO  com.qc.qa.utils.TestDataReader - Reading json data from file @ testData/api/devAPIData.json
2021-12-16_19:07:32.233 [main] INFO  pl.rest.service.CardIssue - CardIssue Rest API URL :- https://apitest.pineperks.in/card/order/V1/instant/issue/nonreloadable/digital
2021-12-16_19:07:32.233 [main] INFO  com.qc.BaseAPI - POST call to URL https://apitest.pineperks.in/card/order/V1/instant/issue/nonreloadable/digital
2021-12-16_19:07:32.235 [main] INFO  com.qc.BaseAPI - ********************REQUEST********************
2021-12-16_19:07:32.242 [main] DEBUG o.a.h.i.c.BasicClientConnectionManager - Get connection for route {s}->https://apitest.pineperks.in:443
2021-12-16_19:07:32.243 [main] DEBUG o.a.h.i.c.DefaultClientConnectionOperator - Connecting to apitest.pineperks.in:443
2021-12-16_19:07:32.356 [main] DEBUG o.a.h.c.protocol.RequestAddCookies - CookieSpec selected: ignoreCookies
2021-12-16_19:07:32.356 [main] DEBUG o.a.h.c.protocol.RequestAuthCache - Auth cache not set in the context
2021-12-16_19:07:32.357 [main] DEBUG o.a.h.c.p.RequestTargetAuthentication - Target auth state: UNCHALLENGED
2021-12-16_19:07:32.357 [main] DEBUG o.a.h.c.p.RequestProxyAuthentication - Proxy auth state: UNCHALLENGED
2021-12-16_19:07:32.357 [main] DEBUG o.a.h.impl.client.DefaultHttpClient - Attempt 1 to execute request
2021-12-16_19:07:32.357 [main] DEBUG o.a.h.i.conn.DefaultClientConnection - Sending request: POST /card/order/V1/instant/issue/nonreloadable/digital HTTP/1.1
2021-12-16_19:07:32.357 [main] DEBUG org.apache.http.wire -  >> "POST /card/order/V1/instant/issue/nonreloadable/digital HTTP/1.1[\r][\n]"
2021-12-16_19:07:32.357 [main] DEBUG org.apache.http.wire -  >> "Accept: */*[\r][\n]"
2021-12-16_19:07:32.358 [main] DEBUG org.apache.http.wire -  >> "userName: t3azPwts/6OSPTFxhCdYug==[\r][\n]"
2021-12-16_19:07:32.358 [main] DEBUG org.apache.http.wire -  >> "token: 1e086a6281d944a79b430bb444e9e676[\r][\n]"
2021-12-16_19:07:32.358 [main] DEBUG org.apache.http.wire -  >> "Content-Type: application/json; charset=UTF-8[\r][\n]"
2021-12-16_19:07:32.358 [main] DEBUG org.apache.http.wire -  >> "Content-Length: 229[\r][\n]"
2021-12-16_19:07:32.359 [main] DEBUG org.apache.http.wire -  >> "Host: apitest.pineperks.in[\r][\n]"
2021-12-16_19:07:32.359 [main] DEBUG org.apache.http.wire -  >> "Connection: Keep-Alive[\r][\n]"
2021-12-16_19:07:32.359 [main] DEBUG org.apache.http.wire -  >> "User-Agent: Apache-HttpClient/4.5.2 (Java/1.8.0_202)[\r][\n]"
2021-12-16_19:07:32.359 [main] DEBUG org.apache.http.wire -  >> "Accept-Encoding: gzip,deflate[\r][\n]"
2021-12-16_19:07:32.359 [main] DEBUG org.apache.http.wire -  >> "[\r][\n]"
2021-12-16_19:07:32.359 [main] DEBUG org.apache.http.headers - >> POST /card/order/V1/instant/issue/nonreloadable/digital HTTP/1.1
2021-12-16_19:07:32.359 [main] DEBUG org.apache.http.headers - >> Accept: */*
2021-12-16_19:07:32.359 [main] DEBUG org.apache.http.headers - >> userName: t3azPwts/6OSPTFxhCdYug==
2021-12-16_19:07:32.359 [main] DEBUG org.apache.http.headers - >> token: 1e086a6281d944a79b430bb444e9e676
2021-12-16_19:07:32.359 [main] DEBUG org.apache.http.headers - >> Content-Type: application/json; charset=UTF-8
2021-12-16_19:07:32.360 [main] DEBUG org.apache.http.headers - >> Content-Length: 229
2021-12-16_19:07:32.360 [main] DEBUG org.apache.http.headers - >> Host: apitest.pineperks.in
2021-12-16_19:07:32.360 [main] DEBUG org.apache.http.headers - >> Connection: Keep-Alive
2021-12-16_19:07:32.360 [main] DEBUG org.apache.http.headers - >> User-Agent: Apache-HttpClient/4.5.2 (Java/1.8.0_202)
2021-12-16_19:07:32.360 [main] DEBUG org.apache.http.headers - >> Accept-Encoding: gzip,deflate
2021-12-16_19:07:32.360 [main] DEBUG org.apache.http.wire -  >> "{"isLinkToBeSentOnMobile":true,"checksum":"5x3GNrnStyS2PkMvV6EeAw==","cardDetailList":[{"amount":"1000","mobileNumber":"8284854535","customerName":"afzal","email":"afzal.ahmed@"}],"externalRequestId":"daFymgV","cardSchemeId":"7"}"
2021-12-16_19:07:32.439 [main] DEBUG org.apache.http.wire -  << "HTTP/1.1 200 [\r][\n]"
2021-12-16_19:07:32.439 [main] DEBUG org.apache.http.wire -  << "Access-Control-Allow-Methods: GET, POST[\r][\n]"
2021-12-16_19:07:32.439 [main] DEBUG org.apache.http.wire -  << "Access-Control-Allow-Origin: *[\r][\n]"
2021-12-16_19:07:32.439 [main] DEBUG org.apache.http.wire -  << "Content-Security-Policy: default-src 'none'[\r][\n]"
2021-12-16_19:07:32.440 [main] DEBUG org.apache.http.wire -  << "Feature-Policy: 'none'[\r][\n]"
2021-12-16_19:07:32.440 [main] DEBUG org.apache.http.wire -  << "Referrer-Policy: no-referrer[\r][\n]"
2021-12-16_19:07:32.440 [main] DEBUG org.apache.http.wire -  << "Strict-Transport-Security: max-age=31536000 ; includeSubDomains[\r][\n]"
2021-12-16_19:07:32.440 [main] DEBUG org.apache.http.wire -  << "Date: Thu, 16 Dec 2021 13:37:32 GMT[\r][\n]"
2021-12-16_19:07:32.440 [main] DEBUG org.apache.http.wire -  << "Keep-Alive: timeout=60[\r][\n]"
2021-12-16_19:07:32.440 [main] DEBUG org.apache.http.wire -  << "Content-Type: application/json[\r][\n]"
2021-12-16_19:07:32.440 [main] DEBUG org.apache.http.wire -  << "Transfer-Encoding: chunked[\r][\n]"
2021-12-16_19:07:32.440 [main] DEBUG org.apache.http.wire -  << "Connection: keep-alive[\r][\n]"
2021-12-16_19:07:32.440 [main] DEBUG org.apache.http.wire -  << "[\r][\n]"
2021-12-16_19:07:32.440 [main] DEBUG o.a.h.i.conn.DefaultClientConnection - Receiving response: HTTP/1.1 200 
2021-12-16_19:07:32.440 [main] DEBUG org.apache.http.headers - << HTTP/1.1 200 
2021-12-16_19:07:32.440 [main] DEBUG org.apache.http.headers - << Access-Control-Allow-Methods: GET, POST
2021-12-16_19:07:32.440 [main] DEBUG org.apache.http.headers - << Access-Control-Allow-Origin: *
2021-12-16_19:07:32.440 [main] DEBUG org.apache.http.headers - << Content-Security-Policy: default-src 'none'
2021-12-16_19:07:32.440 [main] DEBUG org.apache.http.headers - << Feature-Policy: 'none'
2021-12-16_19:07:32.440 [main] DEBUG org.apache.http.headers - << Referrer-Policy: no-referrer
2021-12-16_19:07:32.440 [main] DEBUG org.apache.http.headers - << Strict-Transport-Security: max-age=31536000 ; includeSubDomains
2021-12-16_19:07:32.440 [main] DEBUG org.apache.http.headers - << Date: Thu, 16 Dec 2021 13:37:32 GMT
2021-12-16_19:07:32.440 [main] DEBUG org.apache.http.headers - << Keep-Alive: timeout=60
2021-12-16_19:07:32.440 [main] DEBUG org.apache.http.headers - << Content-Type: application/json
2021-12-16_19:07:32.440 [main] DEBUG org.apache.http.headers - << Transfer-Encoding: chunked
2021-12-16_19:07:32.440 [main] DEBUG org.apache.http.headers - << Connection: keep-alive
2021-12-16_19:07:32.440 [main] DEBUG o.a.h.impl.client.DefaultHttpClient - Connection can be kept alive for 60000 MILLISECONDS
2021-12-16_19:07:32.441 [main] DEBUG i.r.i.RequestSpecificationImpl$RestAssuredHttpBuilder - Parsing response as: application/json
2021-12-16_19:07:32.441 [main] DEBUG i.r.i.RequestSpecificationImpl$RestAssuredHttpBuilder - Parsed data to instance of: class org.apache.http.conn.EofSensorInputStream
2021-12-16_19:07:32.441 [main] INFO  com.qc.BaseAPI - Method :POST
2021-12-16_19:07:32.441 [main] INFO  com.qc.BaseAPI - URI :https://apitest.pineperks.in/card/order/V1/instant/issue/nonreloadable/digital
2021-12-16_19:07:32.441 [main] INFO  com.qc.BaseAPI - Headers :token=1e086a6281d944a79b430bb444e9e676
userName=t3azPwts/6OSPTFxhCdYug==
Accept=*/*
Content-Type=application/json; charset=UTF-8
2021-12-16_19:07:32.441 [main] INFO  com.qc.BaseAPI - Body :{"isLinkToBeSentOnMobile":true,"checksum":"5x3GNrnStyS2PkMvV6EeAw==","cardDetailList":[{"amount":"1000","mobileNumber":"8284854535","customerName":"afzal","email":"afzal.ahmed@"}],"externalRequestId":"daFymgV","cardSchemeId":"7"}
2021-12-16_19:07:32.442 [main] INFO  com.qc.BaseAPI - ********************RESPONSE********************
2021-12-16_19:07:32.442 [main] DEBUG org.apache.http.wire -  << "1d1[\r][\n]"
2021-12-16_19:07:32.442 [main] DEBUG org.apache.http.wire -  << "{"externalRequestId":"daFymgV","orderId":null,"orderStatus":null,"cardDetailResponseList":[{"referenceNumber":null,"serialNumber":null,"customerName":"afzal","mobileNumber":8284854535,"email":"afzal.ahmed@","amount":1000,"cardLink":null,"responseCode":13,"responseMessage":"- email : Email Format is not valid"}],"successCount":0,"failedCount":1,"orderAmount":null,"issuanceCharge":null,"netOrderAmount":null,"responseCode":13,"responseMessage":"Invalid card data"}"
2021-12-16_19:07:32.442 [main] DEBUG org.apache.http.wire -  << "[\r][\n]"
2021-12-16_19:07:32.442 [main] DEBUG org.apache.http.wire -  << "0[\r][\n]"
2021-12-16_19:07:32.442 [main] DEBUG org.apache.http.wire -  << "[\r][\n]"
2021-12-16_19:07:32.442 [main] DEBUG o.a.h.i.c.BasicClientConnectionManager - Releasing connection org.apache.http.impl.conn.ManagedClientConnectionImpl@4223e17b
2021-12-16_19:07:32.442 [main] DEBUG o.a.h.i.c.BasicClientConnectionManager - Connection can be kept alive for 60000 MILLISECONDS
2021-12-16_19:07:32.443 [main] INFO  com.qc.BaseAPI - Response :{
    "externalRequestId": "daFymgV",
    "orderId": null,
    "orderStatus": null,
    "cardDetailResponseList": [
        {
            "referenceNumber": null,
            "serialNumber": null,
            "customerName": "afzal",
            "mobileNumber": 8284854535,
            "email": "afzal.ahmed@",
            "amount": 1000,
            "cardLink": null,
            "responseCode": 13,
            "responseMessage": "- email : Email Format is not valid"
        }
    ],
    "successCount": 0,
    "failedCount": 1,
    "orderAmount": null,
    "issuanceCharge": null,
    "netOrderAmount": null,
    "responseCode": 13,
    "responseMessage": "Invalid card data"
}
2021-12-16_19:07:32.443 [main] INFO  com.qc.BaseAPI -  **** POST call Response time 205 ms
2021-12-16_19:07:32.443 [main] INFO  pl.rest.service.CardIssue - Time Taken to perform https://apitest.pineperks.in/card/order/V1/instant/issue/nonreloadable/digital transaction: 205
2021-12-16_19:07:32.540 [Finalizer] DEBUG o.a.h.i.conn.DefaultClientConnection - Connection 0.0.0.0:53865<->14.143.120.84:443 closed
2021-12-16_19:07:32.543 [Finalizer] DEBUG o.a.h.i.conn.DefaultClientConnection - Connection 0.0.0.0:53862<->14.143.120.84:443 closed
2021-12-16_19:07:32.692 [main] INFO  pl.rest.service.Authorize - Authorize Rest API URL :- https://apitest.pineperks.in/auth/V1/generate/token
2021-12-16_19:07:32.692 [main] INFO  com.qc.BaseAPI - GET call to URL https://apitest.pineperks.in/auth/V1/generate/token
2021-12-16_19:07:32.694 [main] INFO  com.qc.BaseAPI - ********************REQUEST********************
2021-12-16_19:07:32.700 [main] DEBUG o.a.h.i.c.BasicClientConnectionManager - Get connection for route {s}->https://apitest.pineperks.in:443
2021-12-16_19:07:32.700 [main] DEBUG o.a.h.i.c.DefaultClientConnectionOperator - Connecting to apitest.pineperks.in:443
2021-12-16_19:07:32.826 [main] DEBUG o.a.h.c.protocol.RequestAddCookies - CookieSpec selected: ignoreCookies
2021-12-16_19:07:32.826 [main] DEBUG o.a.h.c.protocol.RequestAuthCache - Auth cache not set in the context
2021-12-16_19:07:32.826 [main] DEBUG o.a.h.c.p.RequestTargetAuthentication - Target auth state: UNCHALLENGED
2021-12-16_19:07:32.826 [main] DEBUG o.a.h.c.p.RequestProxyAuthentication - Proxy auth state: UNCHALLENGED
2021-12-16_19:07:32.826 [main] DEBUG o.a.h.impl.client.DefaultHttpClient - Attempt 1 to execute request
2021-12-16_19:07:32.826 [main] DEBUG o.a.h.i.conn.DefaultClientConnection - Sending request: GET /auth/V1/generate/token HTTP/1.1
2021-12-16_19:07:32.826 [main] DEBUG org.apache.http.wire -  >> "GET /auth/V1/generate/token HTTP/1.1[\r][\n]"
2021-12-16_19:07:32.826 [main] DEBUG org.apache.http.wire -  >> "Content-Type: application/json; charset=UTF-8[\r][\n]"
2021-12-16_19:07:32.826 [main] DEBUG org.apache.http.wire -  >> "Accept: */*[\r][\n]"
2021-12-16_19:07:32.826 [main] DEBUG org.apache.http.wire -  >> "userName: t3azPwts/6OSPTFxhCdYug==[\r][\n]"
2021-12-16_19:07:32.826 [main] DEBUG org.apache.http.wire -  >> "Host: apitest.pineperks.in[\r][\n]"
2021-12-16_19:07:32.826 [main] DEBUG org.apache.http.wire -  >> "Connection: Keep-Alive[\r][\n]"
2021-12-16_19:07:32.826 [main] DEBUG org.apache.http.wire -  >> "User-Agent: Apache-HttpClient/4.5.2 (Java/1.8.0_202)[\r][\n]"
2021-12-16_19:07:32.826 [main] DEBUG org.apache.http.wire -  >> "Accept-Encoding: gzip,deflate[\r][\n]"
2021-12-16_19:07:32.826 [main] DEBUG org.apache.http.wire -  >> "[\r][\n]"
2021-12-16_19:07:32.826 [main] DEBUG org.apache.http.headers - >> GET /auth/V1/generate/token HTTP/1.1
2021-12-16_19:07:32.827 [main] DEBUG org.apache.http.headers - >> Content-Type: application/json; charset=UTF-8
2021-12-16_19:07:32.827 [main] DEBUG org.apache.http.headers - >> Accept: */*
2021-12-16_19:07:32.827 [main] DEBUG org.apache.http.headers - >> userName: t3azPwts/6OSPTFxhCdYug==
2021-12-16_19:07:32.827 [main] DEBUG org.apache.http.headers - >> Host: apitest.pineperks.in
2021-12-16_19:07:32.827 [main] DEBUG org.apache.http.headers - >> Connection: Keep-Alive
2021-12-16_19:07:32.827 [main] DEBUG org.apache.http.headers - >> User-Agent: Apache-HttpClient/4.5.2 (Java/1.8.0_202)
2021-12-16_19:07:32.827 [main] DEBUG org.apache.http.headers - >> Accept-Encoding: gzip,deflate
2021-12-16_19:07:32.874 [main] DEBUG org.apache.http.wire -  << "HTTP/1.1 200 [\r][\n]"
2021-12-16_19:07:32.874 [main] DEBUG org.apache.http.wire -  << "Access-Control-Allow-Methods: GET, POST[\r][\n]"
2021-12-16_19:07:32.874 [main] DEBUG org.apache.http.wire -  << "Access-Control-Allow-Origin: *[\r][\n]"
2021-12-16_19:07:32.874 [main] DEBUG org.apache.http.wire -  << "Content-Security-Policy: default-src 'none'[\r][\n]"
2021-12-16_19:07:32.874 [main] DEBUG org.apache.http.wire -  << "Feature-Policy: 'none'[\r][\n]"
2021-12-16_19:07:32.874 [main] DEBUG org.apache.http.wire -  << "Referrer-Policy: no-referrer[\r][\n]"
2021-12-16_19:07:32.874 [main] DEBUG org.apache.http.wire -  << "Strict-Transport-Security: max-age=31536000 ; includeSubDomains[\r][\n]"
2021-12-16_19:07:32.874 [main] DEBUG org.apache.http.wire -  << "Date: Thu, 16 Dec 2021 13:37:32 GMT[\r][\n]"
2021-12-16_19:07:32.874 [main] DEBUG org.apache.http.wire -  << "Keep-Alive: timeout=60[\r][\n]"
2021-12-16_19:07:32.874 [main] DEBUG org.apache.http.wire -  << "Content-Type: application/json[\r][\n]"
2021-12-16_19:07:32.874 [main] DEBUG org.apache.http.wire -  << "Transfer-Encoding: chunked[\r][\n]"
2021-12-16_19:07:32.874 [main] DEBUG org.apache.http.wire -  << "Connection: keep-alive[\r][\n]"
2021-12-16_19:07:32.874 [main] DEBUG org.apache.http.wire -  << "[\r][\n]"
2021-12-16_19:07:32.875 [main] DEBUG o.a.h.i.conn.DefaultClientConnection - Receiving response: HTTP/1.1 200 
2021-12-16_19:07:32.875 [main] DEBUG org.apache.http.headers - << HTTP/1.1 200 
2021-12-16_19:07:32.875 [main] DEBUG org.apache.http.headers - << Access-Control-Allow-Methods: GET, POST
2021-12-16_19:07:32.875 [main] DEBUG org.apache.http.headers - << Access-Control-Allow-Origin: *
2021-12-16_19:07:32.875 [main] DEBUG org.apache.http.headers - << Content-Security-Policy: default-src 'none'
2021-12-16_19:07:32.875 [main] DEBUG org.apache.http.headers - << Feature-Policy: 'none'
2021-12-16_19:07:32.875 [main] DEBUG org.apache.http.headers - << Referrer-Policy: no-referrer
2021-12-16_19:07:32.875 [main] DEBUG org.apache.http.headers - << Strict-Transport-Security: max-age=31536000 ; includeSubDomains
2021-12-16_19:07:32.875 [main] DEBUG org.apache.http.headers - << Date: Thu, 16 Dec 2021 13:37:32 GMT
2021-12-16_19:07:32.875 [main] DEBUG org.apache.http.headers - << Keep-Alive: timeout=60
2021-12-16_19:07:32.875 [main] DEBUG org.apache.http.headers - << Content-Type: application/json
2021-12-16_19:07:32.875 [main] DEBUG org.apache.http.headers - << Transfer-Encoding: chunked
2021-12-16_19:07:32.875 [main] DEBUG org.apache.http.headers - << Connection: keep-alive
2021-12-16_19:07:32.875 [main] DEBUG o.a.h.impl.client.DefaultHttpClient - Connection can be kept alive for 60000 MILLISECONDS
2021-12-16_19:07:32.876 [main] DEBUG i.r.i.RequestSpecificationImpl$RestAssuredHttpBuilder - Parsing response as: application/json
2021-12-16_19:07:32.877 [main] DEBUG i.r.i.RequestSpecificationImpl$RestAssuredHttpBuilder - Parsed data to instance of: class org.apache.http.conn.EofSensorInputStream
2021-12-16_19:07:32.877 [main] INFO  com.qc.BaseAPI - Method :GET
2021-12-16_19:07:32.878 [main] INFO  com.qc.BaseAPI - URI :https://apitest.pineperks.in/auth/V1/generate/token
2021-12-16_19:07:32.878 [main] INFO  com.qc.BaseAPI - Headers :userName=t3azPwts/6OSPTFxhCdYug==
Accept=*/*
Content-Type=application/json; charset=UTF-8
2021-12-16_19:07:32.878 [main] INFO  com.qc.BaseAPI - Body :null
2021-12-16_19:07:32.878 [main] INFO  com.qc.BaseAPI - ********************RESPONSE********************
2021-12-16_19:07:32.879 [main] DEBUG org.apache.http.wire -  << "7f[\r][\n]"
2021-12-16_19:07:32.879 [main] DEBUG org.apache.http.wire -  << "{"accessToken":"e24848c4e5a3451a97ac558b3200ea15","tokenExpiryTime":"17-Dec-2021","responseCode":0,"responseMessage":"Success"}"
2021-12-16_19:07:32.879 [main] DEBUG org.apache.http.wire -  << "[\r][\n]"
2021-12-16_19:07:32.879 [main] DEBUG org.apache.http.wire -  << "0[\r][\n]"
2021-12-16_19:07:32.879 [main] DEBUG org.apache.http.wire -  << "[\r][\n]"
2021-12-16_19:07:32.879 [main] DEBUG o.a.h.i.c.BasicClientConnectionManager - Releasing connection org.apache.http.impl.conn.ManagedClientConnectionImpl@1f670f5b
2021-12-16_19:07:32.880 [main] DEBUG o.a.h.i.c.BasicClientConnectionManager - Connection can be kept alive for 60000 MILLISECONDS
2021-12-16_19:07:32.880 [main] INFO  com.qc.BaseAPI - Response :{
    "accessToken": "e24848c4e5a3451a97ac558b3200ea15",
    "tokenExpiryTime": "17-Dec-2021",
    "responseCode": 0,
    "responseMessage": "Success"
}
2021-12-16_19:07:32.881 [main] INFO  com.qc.BaseAPI -  **** GET call Response time 181 ms
2021-12-16_19:07:32.881 [main] INFO  pl.rest.service.Authorize - Time Taken to perform https://apitest.pineperks.in/auth/V1/generate/token transaction: 181
2021-12-16_19:07:32.887 [main] INFO  com.qc.qa.utils.TestDataReader - Reading Json data authorizeHeaders
2021-12-16_19:07:32.889 [main] INFO  com.qc.qa.utils.TestDataReader - Reading json data from file @ testData/api/devAPIData.json
2021-12-16_19:07:32.892 [main] INFO  pl.rest.service.CardIssue - CardIssue Rest API URL :- https://apitest.pineperks.in/card/order/V1/instant/issue/nonreloadable/digital
2021-12-16_19:07:32.892 [main] INFO  com.qc.BaseAPI - POST call to URL https://apitest.pineperks.in/card/order/V1/instant/issue/nonreloadable/digital
2021-12-16_19:07:32.894 [main] INFO  com.qc.BaseAPI - ********************REQUEST********************
2021-12-16_19:07:32.899 [main] DEBUG o.a.h.i.c.BasicClientConnectionManager - Get connection for route {s}->https://apitest.pineperks.in:443
2021-12-16_19:07:32.899 [main] DEBUG o.a.h.i.c.DefaultClientConnectionOperator - Connecting to apitest.pineperks.in:443
2021-12-16_19:07:33.000 [main] DEBUG o.a.h.c.protocol.RequestAddCookies - CookieSpec selected: ignoreCookies
2021-12-16_19:07:33.000 [main] DEBUG o.a.h.c.protocol.RequestAuthCache - Auth cache not set in the context
2021-12-16_19:07:33.000 [main] DEBUG o.a.h.c.p.RequestTargetAuthentication - Target auth state: UNCHALLENGED
2021-12-16_19:07:33.000 [main] DEBUG o.a.h.c.p.RequestProxyAuthentication - Proxy auth state: UNCHALLENGED
2021-12-16_19:07:33.000 [main] DEBUG o.a.h.impl.client.DefaultHttpClient - Attempt 1 to execute request
2021-12-16_19:07:33.000 [main] DEBUG o.a.h.i.conn.DefaultClientConnection - Sending request: POST /card/order/V1/instant/issue/nonreloadable/digital HTTP/1.1
2021-12-16_19:07:33.000 [main] DEBUG org.apache.http.wire -  >> "POST /card/order/V1/instant/issue/nonreloadable/digital HTTP/1.1[\r][\n]"
2021-12-16_19:07:33.000 [main] DEBUG org.apache.http.wire -  >> "Accept: */*[\r][\n]"
2021-12-16_19:07:33.000 [main] DEBUG org.apache.http.wire -  >> "userName: t3azPwts/6OSPTFxhCdYug==[\r][\n]"
2021-12-16_19:07:33.000 [main] DEBUG org.apache.http.wire -  >> "token: e24848c4e5a3451a97ac558b3200ea15[\r][\n]"
2021-12-16_19:07:33.000 [main] DEBUG org.apache.http.wire -  >> "Content-Type: application/json; charset=UTF-8[\r][\n]"
2021-12-16_19:07:33.000 [main] DEBUG org.apache.http.wire -  >> "Content-Length: 245[\r][\n]"
2021-12-16_19:07:33.000 [main] DEBUG org.apache.http.wire -  >> "Host: apitest.pineperks.in[\r][\n]"
2021-12-16_19:07:33.000 [main] DEBUG org.apache.http.wire -  >> "Connection: Keep-Alive[\r][\n]"
2021-12-16_19:07:33.000 [main] DEBUG org.apache.http.wire -  >> "User-Agent: Apache-HttpClient/4.5.2 (Java/1.8.0_202)[\r][\n]"
2021-12-16_19:07:33.000 [main] DEBUG org.apache.http.wire -  >> "Accept-Encoding: gzip,deflate[\r][\n]"
2021-12-16_19:07:33.000 [main] DEBUG org.apache.http.wire -  >> "[\r][\n]"
2021-12-16_19:07:33.000 [main] DEBUG org.apache.http.headers - >> POST /card/order/V1/instant/issue/nonreloadable/digital HTTP/1.1
2021-12-16_19:07:33.000 [main] DEBUG org.apache.http.headers - >> Accept: */*
2021-12-16_19:07:33.000 [main] DEBUG org.apache.http.headers - >> userName: t3azPwts/6OSPTFxhCdYug==
2021-12-16_19:07:33.000 [main] DEBUG org.apache.http.headers - >> token: e24848c4e5a3451a97ac558b3200ea15
2021-12-16_19:07:33.000 [main] DEBUG org.apache.http.headers - >> Content-Type: application/json; charset=UTF-8
2021-12-16_19:07:33.000 [main] DEBUG org.apache.http.headers - >> Content-Length: 245
2021-12-16_19:07:33.000 [main] DEBUG org.apache.http.headers - >> Host: apitest.pineperks.in
2021-12-16_19:07:33.000 [main] DEBUG org.apache.http.headers - >> Connection: Keep-Alive
2021-12-16_19:07:33.000 [main] DEBUG org.apache.http.headers - >> User-Agent: Apache-HttpClient/4.5.2 (Java/1.8.0_202)
2021-12-16_19:07:33.000 [main] DEBUG org.apache.http.headers - >> Accept-Encoding: gzip,deflate
2021-12-16_19:07:33.000 [main] DEBUG org.apache.http.wire -  >> "{"isLinkToBeSentOnMobile":true,"checksum":"5x3GNrnStyS2PkMvV6EeAw==","cardDetailList":[{"amount":"99999999","mobileNumber":"8284854535","customerName":"afzal","email":"afzal.ahmed@pinelabs.com"}],"externalRequestId":"UPNd8RF","cardSchemeId":"7"}"
2021-12-16_19:07:33.090 [main] DEBUG org.apache.http.wire -  << "HTTP/1.1 200 [\r][\n]"
2021-12-16_19:07:33.091 [main] DEBUG org.apache.http.wire -  << "Access-Control-Allow-Methods: GET, POST[\r][\n]"
2021-12-16_19:07:33.091 [main] DEBUG org.apache.http.wire -  << "Access-Control-Allow-Origin: *[\r][\n]"
2021-12-16_19:07:33.091 [main] DEBUG org.apache.http.wire -  << "Content-Security-Policy: default-src 'none'[\r][\n]"
2021-12-16_19:07:33.091 [main] DEBUG org.apache.http.wire -  << "Feature-Policy: 'none'[\r][\n]"
2021-12-16_19:07:33.091 [main] DEBUG org.apache.http.wire -  << "Referrer-Policy: no-referrer[\r][\n]"
2021-12-16_19:07:33.091 [main] DEBUG org.apache.http.wire -  << "Strict-Transport-Security: max-age=31536000 ; includeSubDomains[\r][\n]"
2021-12-16_19:07:33.091 [main] DEBUG org.apache.http.wire -  << "Date: Thu, 16 Dec 2021 13:37:32 GMT[\r][\n]"
2021-12-16_19:07:33.091 [main] DEBUG org.apache.http.wire -  << "Keep-Alive: timeout=60[\r][\n]"
2021-12-16_19:07:33.091 [main] DEBUG org.apache.http.wire -  << "Content-Type: application/json[\r][\n]"
2021-12-16_19:07:33.091 [main] DEBUG org.apache.http.wire -  << "Transfer-Encoding: chunked[\r][\n]"
2021-12-16_19:07:33.091 [main] DEBUG org.apache.http.wire -  << "Connection: keep-alive[\r][\n]"
2021-12-16_19:07:33.091 [main] DEBUG org.apache.http.wire -  << "[\r][\n]"
2021-12-16_19:07:33.091 [main] DEBUG o.a.h.i.conn.DefaultClientConnection - Receiving response: HTTP/1.1 200 
2021-12-16_19:07:33.091 [main] DEBUG org.apache.http.headers - << HTTP/1.1 200 
2021-12-16_19:07:33.091 [main] DEBUG org.apache.http.headers - << Access-Control-Allow-Methods: GET, POST
2021-12-16_19:07:33.091 [main] DEBUG org.apache.http.headers - << Access-Control-Allow-Origin: *
2021-12-16_19:07:33.091 [main] DEBUG org.apache.http.headers - << Content-Security-Policy: default-src 'none'
2021-12-16_19:07:33.091 [main] DEBUG org.apache.http.headers - << Feature-Policy: 'none'
2021-12-16_19:07:33.092 [main] DEBUG org.apache.http.headers - << Referrer-Policy: no-referrer
2021-12-16_19:07:33.092 [main] DEBUG org.apache.http.headers - << Strict-Transport-Security: max-age=31536000 ; includeSubDomains
2021-12-16_19:07:33.092 [main] DEBUG org.apache.http.headers - << Date: Thu, 16 Dec 2021 13:37:32 GMT
2021-12-16_19:07:33.092 [main] DEBUG org.apache.http.headers - << Keep-Alive: timeout=60
2021-12-16_19:07:33.092 [main] DEBUG org.apache.http.headers - << Content-Type: application/json
2021-12-16_19:07:33.092 [main] DEBUG org.apache.http.headers - << Transfer-Encoding: chunked
2021-12-16_19:07:33.092 [main] DEBUG org.apache.http.headers - << Connection: keep-alive
2021-12-16_19:07:33.092 [main] DEBUG o.a.h.impl.client.DefaultHttpClient - Connection can be kept alive for 60000 MILLISECONDS
2021-12-16_19:07:33.093 [main] DEBUG i.r.i.RequestSpecificationImpl$RestAssuredHttpBuilder - Parsing response as: application/json
2021-12-16_19:07:33.093 [main] DEBUG i.r.i.RequestSpecificationImpl$RestAssuredHttpBuilder - Parsed data to instance of: class org.apache.http.conn.EofSensorInputStream
2021-12-16_19:07:33.094 [main] INFO  com.qc.BaseAPI - Method :POST
2021-12-16_19:07:33.095 [main] INFO  com.qc.BaseAPI - URI :https://apitest.pineperks.in/card/order/V1/instant/issue/nonreloadable/digital
2021-12-16_19:07:33.096 [main] INFO  com.qc.BaseAPI - Headers :token=e24848c4e5a3451a97ac558b3200ea15
userName=t3azPwts/6OSPTFxhCdYug==
Accept=*/*
Content-Type=application/json; charset=UTF-8
2021-12-16_19:07:33.096 [main] INFO  com.qc.BaseAPI - Body :{"isLinkToBeSentOnMobile":true,"checksum":"5x3GNrnStyS2PkMvV6EeAw==","cardDetailList":[{"amount":"99999999","mobileNumber":"8284854535","customerName":"afzal","email":"afzal.ahmed@pinelabs.com"}],"externalRequestId":"UPNd8RF","cardSchemeId":"7"}
2021-12-16_19:07:33.096 [main] INFO  com.qc.BaseAPI - ********************RESPONSE********************
2021-12-16_19:07:33.096 [main] DEBUG org.apache.http.wire -  << "1ed[\r][\n]"
2021-12-16_19:07:33.096 [main] DEBUG org.apache.http.wire -  << "{"externalRequestId":"UPNd8RF","orderId":null,"orderStatus":null,"cardDetailResponseList":[{"referenceNumber":null,"serialNumber":null,"customerName":"afzal","mobileNumber":8284854535,"email":"afzal.ahmed@pinelabs.com","amount":99999999,"cardLink":null,"responseCode":216,"responseMessage":"Insufficient Corporate balance."}],"successCount":0,"failedCount":1,"orderAmount":null,"issuanceCharge":null,"netOrderAmount":null,"responseCode":216,"responseMessage":"Insufficient Corporate balance."}"
2021-12-16_19:07:33.096 [main] DEBUG org.apache.http.wire -  << "[\r][\n]"
2021-12-16_19:07:33.096 [main] DEBUG org.apache.http.wire -  << "0[\r][\n]"
2021-12-16_19:07:33.096 [main] DEBUG org.apache.http.wire -  << "[\r][\n]"
2021-12-16_19:07:33.096 [main] DEBUG o.a.h.i.c.BasicClientConnectionManager - Releasing connection org.apache.http.impl.conn.ManagedClientConnectionImpl@21ac3abb
2021-12-16_19:07:33.096 [main] DEBUG o.a.h.i.c.BasicClientConnectionManager - Connection can be kept alive for 60000 MILLISECONDS
2021-12-16_19:07:33.098 [main] INFO  com.qc.BaseAPI - Response :{
    "externalRequestId": "UPNd8RF",
    "orderId": null,
    "orderStatus": null,
    "cardDetailResponseList": [
        {
            "referenceNumber": null,
            "serialNumber": null,
            "customerName": "afzal",
            "mobileNumber": 8284854535,
            "email": "afzal.ahmed@pinelabs.com",
            "amount": 99999999,
            "cardLink": null,
            "responseCode": 216,
            "responseMessage": "Insufficient Corporate balance."
        }
    ],
    "successCount": 0,
    "failedCount": 1,
    "orderAmount": null,
    "issuanceCharge": null,
    "netOrderAmount": null,
    "responseCode": 216,
    "responseMessage": "Insufficient Corporate balance."
}
2021-12-16_19:07:33.098 [main] INFO  com.qc.BaseAPI -  **** POST call Response time 199 ms
2021-12-16_19:07:33.098 [main] INFO  pl.rest.service.CardIssue - Time Taken to perform https://apitest.pineperks.in/card/order/V1/instant/issue/nonreloadable/digital transaction: 199
