2022-01-14_12:08:42.754 [main] INFO  pl.rest.CustomHooks - SCENARIO NAME: Issuing a instant non reloadable card
2022-01-14_12:08:42.757 [main] INFO  pl.rest.CustomHooks - TAG NAMEs: [@Regression, @DB]
2022-01-14_12:08:42.761 [main] INFO  pl.rest.CustomHooks - SCENARIO NAME: Issuing a instant non reloadable card
2022-01-14_12:08:42.761 [main] INFO  pl.rest.CustomHooks - TAG NAMEs: [@Regression, @DB]
2022-01-14_12:08:42.819 [main] INFO  pl.rest.CustomHooks - Index: 0, Size: 0
2022-01-14_12:08:43.948 [main] INFO  com.qc.qa.utils.TestDataReader - Reading API Test Data config values from  testData/api/devAPITestData.properties
2022-01-14_12:08:43.953 [main] INFO  pl.rest.service.Authorize - Authorize Rest API URL :- https://apitest.pineperks.in/auth/V1/generate/token
2022-01-14_12:08:43.954 [main] INFO  com.qc.BaseAPI - GET call to URL https://apitest.pineperks.in/auth/V1/generate/token
2022-01-14_12:08:44.136 [main] INFO  com.qc.BaseAPI - ********************REQUEST********************
2022-01-14_12:08:46.754 [main] DEBUG o.a.h.i.c.BasicClientConnectionManager - Get connection for route {s}->https://apitest.pineperks.in:443
2022-01-14_12:08:46.817 [main] DEBUG o.a.h.i.c.DefaultClientConnectionOperator - Connecting to apitest.pineperks.in:443
2022-01-14_12:08:47.052 [main] DEBUG o.a.h.c.protocol.RequestAddCookies - CookieSpec selected: ignoreCookies
2022-01-14_12:08:47.055 [main] DEBUG o.a.h.c.protocol.RequestAuthCache - Auth cache not set in the context
2022-01-14_12:08:47.055 [main] DEBUG o.a.h.c.p.RequestTargetAuthentication - Target auth state: UNCHALLENGED
2022-01-14_12:08:47.057 [main] DEBUG o.a.h.c.p.RequestProxyAuthentication - Proxy auth state: UNCHALLENGED
2022-01-14_12:08:47.057 [main] DEBUG o.a.h.impl.client.DefaultHttpClient - Attempt 1 to execute request
2022-01-14_12:08:47.058 [main] DEBUG o.a.h.i.conn.DefaultClientConnection - Sending request: GET /auth/V1/generate/token HTTP/1.1
2022-01-14_12:08:47.059 [main] DEBUG org.apache.http.wire -  >> "GET /auth/V1/generate/token HTTP/1.1[\r][\n]"
2022-01-14_12:08:47.060 [main] DEBUG org.apache.http.wire -  >> "Content-Type: application/json; charset=UTF-8[\r][\n]"
2022-01-14_12:08:47.060 [main] DEBUG org.apache.http.wire -  >> "Accept: */*[\r][\n]"
2022-01-14_12:08:47.060 [main] DEBUG org.apache.http.wire -  >> "userName: A0aCcnPzDANtKmvSLPKcaw==[\r][\n]"
2022-01-14_12:08:47.061 [main] DEBUG org.apache.http.wire -  >> "Host: apitest.pineperks.in[\r][\n]"
2022-01-14_12:08:47.061 [main] DEBUG org.apache.http.wire -  >> "Connection: Keep-Alive[\r][\n]"
2022-01-14_12:08:47.061 [main] DEBUG org.apache.http.wire -  >> "User-Agent: Apache-HttpClient/4.5.2 (Java/1.8.0_202)[\r][\n]"
2022-01-14_12:08:47.062 [main] DEBUG org.apache.http.wire -  >> "Accept-Encoding: gzip,deflate[\r][\n]"
2022-01-14_12:08:47.062 [main] DEBUG org.apache.http.wire -  >> "[\r][\n]"
2022-01-14_12:08:47.063 [main] DEBUG org.apache.http.headers - >> GET /auth/V1/generate/token HTTP/1.1
2022-01-14_12:08:47.063 [main] DEBUG org.apache.http.headers - >> Content-Type: application/json; charset=UTF-8
2022-01-14_12:08:47.063 [main] DEBUG org.apache.http.headers - >> Accept: */*
2022-01-14_12:08:47.063 [main] DEBUG org.apache.http.headers - >> userName: A0aCcnPzDANtKmvSLPKcaw==
2022-01-14_12:08:47.063 [main] DEBUG org.apache.http.headers - >> Host: apitest.pineperks.in
2022-01-14_12:08:47.063 [main] DEBUG org.apache.http.headers - >> Connection: Keep-Alive
2022-01-14_12:08:47.064 [main] DEBUG org.apache.http.headers - >> User-Agent: Apache-HttpClient/4.5.2 (Java/1.8.0_202)
2022-01-14_12:08:47.064 [main] DEBUG org.apache.http.headers - >> Accept-Encoding: gzip,deflate
2022-01-14_12:08:47.103 [main] DEBUG org.apache.http.wire -  << "HTTP/1.1 200 [\r][\n]"
2022-01-14_12:08:47.106 [main] DEBUG org.apache.http.wire -  << "Access-Control-Allow-Methods: GET, POST[\r][\n]"
2022-01-14_12:08:47.107 [main] DEBUG org.apache.http.wire -  << "Access-Control-Allow-Origin: *[\r][\n]"
2022-01-14_12:08:47.107 [main] DEBUG org.apache.http.wire -  << "Content-Security-Policy: default-src 'none'[\r][\n]"
2022-01-14_12:08:47.107 [main] DEBUG org.apache.http.wire -  << "Feature-Policy: 'none'[\r][\n]"
2022-01-14_12:08:47.107 [main] DEBUG org.apache.http.wire -  << "Referrer-Policy: no-referrer[\r][\n]"
2022-01-14_12:08:47.107 [main] DEBUG org.apache.http.wire -  << "Strict-Transport-Security: max-age=31536000 ; includeSubDomains[\r][\n]"
2022-01-14_12:08:47.108 [main] DEBUG org.apache.http.wire -  << "Date: Fri, 14 Jan 2022 06:38:46 GMT[\r][\n]"
2022-01-14_12:08:47.108 [main] DEBUG org.apache.http.wire -  << "Keep-Alive: timeout=60[\r][\n]"
2022-01-14_12:08:47.108 [main] DEBUG org.apache.http.wire -  << "Content-Type: application/json[\r][\n]"
2022-01-14_12:08:47.109 [main] DEBUG org.apache.http.wire -  << "Transfer-Encoding: chunked[\r][\n]"
2022-01-14_12:08:47.109 [main] DEBUG org.apache.http.wire -  << "Connection: keep-alive[\r][\n]"
2022-01-14_12:08:47.109 [main] DEBUG org.apache.http.wire -  << "[\r][\n]"
2022-01-14_12:08:47.110 [main] DEBUG o.a.h.i.conn.DefaultClientConnection - Receiving response: HTTP/1.1 200 
2022-01-14_12:08:47.111 [main] DEBUG org.apache.http.headers - << HTTP/1.1 200 
2022-01-14_12:08:47.111 [main] DEBUG org.apache.http.headers - << Access-Control-Allow-Methods: GET, POST
2022-01-14_12:08:47.111 [main] DEBUG org.apache.http.headers - << Access-Control-Allow-Origin: *
2022-01-14_12:08:47.111 [main] DEBUG org.apache.http.headers - << Content-Security-Policy: default-src 'none'
2022-01-14_12:08:47.112 [main] DEBUG org.apache.http.headers - << Feature-Policy: 'none'
2022-01-14_12:08:47.112 [main] DEBUG org.apache.http.headers - << Referrer-Policy: no-referrer
2022-01-14_12:08:47.112 [main] DEBUG org.apache.http.headers - << Strict-Transport-Security: max-age=31536000 ; includeSubDomains
2022-01-14_12:08:47.112 [main] DEBUG org.apache.http.headers - << Date: Fri, 14 Jan 2022 06:38:46 GMT
2022-01-14_12:08:47.112 [main] DEBUG org.apache.http.headers - << Keep-Alive: timeout=60
2022-01-14_12:08:47.112 [main] DEBUG org.apache.http.headers - << Content-Type: application/json
2022-01-14_12:08:47.112 [main] DEBUG org.apache.http.headers - << Transfer-Encoding: chunked
2022-01-14_12:08:47.112 [main] DEBUG org.apache.http.headers - << Connection: keep-alive
2022-01-14_12:08:47.127 [main] DEBUG o.a.h.impl.client.DefaultHttpClient - Connection can be kept alive for 60000 MILLISECONDS
2022-01-14_12:08:47.156 [main] DEBUG i.r.i.RequestSpecificationImpl$RestAssuredHttpBuilder - Parsing response as: application/json
2022-01-14_12:08:47.157 [main] DEBUG i.r.i.RequestSpecificationImpl$RestAssuredHttpBuilder - Parsed data to instance of: class org.apache.http.conn.EofSensorInputStream
2022-01-14_12:08:47.175 [main] INFO  com.qc.BaseAPI - Method :GET
2022-01-14_12:08:47.179 [main] INFO  com.qc.BaseAPI - URI :https://apitest.pineperks.in/auth/V1/generate/token
2022-01-14_12:08:47.179 [main] INFO  com.qc.BaseAPI - Headers :userName=A0aCcnPzDANtKmvSLPKcaw==
Accept=*/*
Content-Type=application/json; charset=UTF-8
2022-01-14_12:08:47.179 [main] INFO  com.qc.BaseAPI - Body :null
2022-01-14_12:08:47.179 [main] INFO  com.qc.BaseAPI - ********************RESPONSE********************
2022-01-14_12:08:47.190 [main] DEBUG org.apache.http.wire -  << "7f[\r][\n]"
2022-01-14_12:08:47.190 [main] DEBUG org.apache.http.wire -  << "{"accessToken":"f45efdd3068b4a8ea83e3113e479abd4","tokenExpiryTime":"14-May-2022","responseCode":0,"responseMessage":"Success"}"
2022-01-14_12:08:47.191 [main] DEBUG org.apache.http.wire -  << "[\r][\n]"
2022-01-14_12:08:47.191 [main] DEBUG org.apache.http.wire -  << "0[\r][\n]"
2022-01-14_12:08:47.191 [main] DEBUG org.apache.http.wire -  << "[\r][\n]"
2022-01-14_12:08:47.192 [main] DEBUG o.a.h.i.c.BasicClientConnectionManager - Releasing connection org.apache.http.impl.conn.ManagedClientConnectionImpl@7c7e4f05
2022-01-14_12:08:47.192 [main] DEBUG o.a.h.i.c.BasicClientConnectionManager - Connection can be kept alive for 60000 MILLISECONDS
2022-01-14_12:08:47.243 [main] INFO  com.qc.BaseAPI - Response :{
    "accessToken": "f45efdd3068b4a8ea83e3113e479abd4",
    "tokenExpiryTime": "14-May-2022",
    "responseCode": 0,
    "responseMessage": "Success"
}
2022-01-14_12:08:47.249 [main] INFO  com.qc.BaseAPI -  **** GET call Response time 3023 ms
2022-01-14_12:08:47.250 [main] INFO  pl.rest.service.Authorize - Time Taken to perform https://apitest.pineperks.in/auth/V1/generate/token transaction: 3023
2022-01-14_12:08:47.381 [main] INFO  com.qc.qa.utils.TestDataReader - Reading Json data authorizeHeaders
2022-01-14_12:08:47.386 [main] INFO  com.qc.qa.utils.TestDataReader - Reading json data from file @ testData/api/devAPIData.json
2022-01-14_12:08:47.408 [main] INFO  pl.rest.service.CardIssue - CardIssue Rest API URL :- https://apitest.pineperks.in/card/order/V1/instant/issue/nonreloadable/digital
2022-01-14_12:08:47.408 [main] INFO  com.qc.BaseAPI - POST call to URL https://apitest.pineperks.in/card/order/V1/instant/issue/nonreloadable/digital
2022-01-14_12:08:47.421 [main] INFO  com.qc.BaseAPI - ********************REQUEST********************
2022-01-14_12:08:47.456 [main] DEBUG o.a.h.i.c.BasicClientConnectionManager - Get connection for route {s}->https://apitest.pineperks.in:443
2022-01-14_12:08:47.456 [main] DEBUG o.a.h.i.c.DefaultClientConnectionOperator - Connecting to apitest.pineperks.in:443
2022-01-14_12:08:47.567 [main] DEBUG o.a.h.c.protocol.RequestAddCookies - CookieSpec selected: ignoreCookies
2022-01-14_12:08:47.567 [main] DEBUG o.a.h.c.protocol.RequestAuthCache - Auth cache not set in the context
2022-01-14_12:08:47.567 [main] DEBUG o.a.h.c.p.RequestTargetAuthentication - Target auth state: UNCHALLENGED
2022-01-14_12:08:47.567 [main] DEBUG o.a.h.c.p.RequestProxyAuthentication - Proxy auth state: UNCHALLENGED
2022-01-14_12:08:47.567 [main] DEBUG o.a.h.impl.client.DefaultHttpClient - Attempt 1 to execute request
2022-01-14_12:08:47.568 [main] DEBUG o.a.h.i.conn.DefaultClientConnection - Sending request: POST /card/order/V1/instant/issue/nonreloadable/digital HTTP/1.1
2022-01-14_12:08:47.568 [main] DEBUG org.apache.http.wire -  >> "POST /card/order/V1/instant/issue/nonreloadable/digital HTTP/1.1[\r][\n]"
2022-01-14_12:08:47.568 [main] DEBUG org.apache.http.wire -  >> "Accept: */*[\r][\n]"
2022-01-14_12:08:47.568 [main] DEBUG org.apache.http.wire -  >> "userName: A0aCcnPzDANtKmvSLPKcaw==[\r][\n]"
2022-01-14_12:08:47.568 [main] DEBUG org.apache.http.wire -  >> "token: f45efdd3068b4a8ea83e3113e479abd4[\r][\n]"
2022-01-14_12:08:47.568 [main] DEBUG org.apache.http.wire -  >> "Content-Type: application/json; charset=UTF-8[\r][\n]"
2022-01-14_12:08:47.569 [main] DEBUG org.apache.http.wire -  >> "Content-Length: 241[\r][\n]"
2022-01-14_12:08:47.569 [main] DEBUG org.apache.http.wire -  >> "Host: apitest.pineperks.in[\r][\n]"
2022-01-14_12:08:47.569 [main] DEBUG org.apache.http.wire -  >> "Connection: Keep-Alive[\r][\n]"
2022-01-14_12:08:47.569 [main] DEBUG org.apache.http.wire -  >> "User-Agent: Apache-HttpClient/4.5.2 (Java/1.8.0_202)[\r][\n]"
2022-01-14_12:08:47.569 [main] DEBUG org.apache.http.wire -  >> "Accept-Encoding: gzip,deflate[\r][\n]"
2022-01-14_12:08:47.570 [main] DEBUG org.apache.http.wire -  >> "[\r][\n]"
2022-01-14_12:08:47.570 [main] DEBUG org.apache.http.headers - >> POST /card/order/V1/instant/issue/nonreloadable/digital HTTP/1.1
2022-01-14_12:08:47.570 [main] DEBUG org.apache.http.headers - >> Accept: */*
2022-01-14_12:08:47.570 [main] DEBUG org.apache.http.headers - >> userName: A0aCcnPzDANtKmvSLPKcaw==
2022-01-14_12:08:47.570 [main] DEBUG org.apache.http.headers - >> token: f45efdd3068b4a8ea83e3113e479abd4
2022-01-14_12:08:47.570 [main] DEBUG org.apache.http.headers - >> Content-Type: application/json; charset=UTF-8
2022-01-14_12:08:47.570 [main] DEBUG org.apache.http.headers - >> Content-Length: 241
2022-01-14_12:08:47.570 [main] DEBUG org.apache.http.headers - >> Host: apitest.pineperks.in
2022-01-14_12:08:47.570 [main] DEBUG org.apache.http.headers - >> Connection: Keep-Alive
2022-01-14_12:08:47.570 [main] DEBUG org.apache.http.headers - >> User-Agent: Apache-HttpClient/4.5.2 (Java/1.8.0_202)
2022-01-14_12:08:47.570 [main] DEBUG org.apache.http.headers - >> Accept-Encoding: gzip,deflate
2022-01-14_12:08:47.570 [main] DEBUG org.apache.http.wire -  >> "{"isLinkToBeSentOnMobile":true,"checksum":"5x3GNrnStyS2PkMvV6EeAw==","cardDetailList":[{"amount":"1000","mobileNumber":"8284854535","customerName":"afzal","email":"afzal.ahmed@pinelabs.com"}],"externalRequestId":"jjVqZrR","cardSchemeId":"7"}"
2022-01-14_12:08:47.611 [main] DEBUG org.apache.http.wire -  << "HTTP/1.1 200 [\r][\n]"
2022-01-14_12:08:47.612 [main] DEBUG org.apache.http.wire -  << "Access-Control-Allow-Methods: GET, POST[\r][\n]"
2022-01-14_12:08:47.612 [main] DEBUG org.apache.http.wire -  << "Access-Control-Allow-Origin: *[\r][\n]"
2022-01-14_12:08:47.612 [main] DEBUG org.apache.http.wire -  << "Content-Security-Policy: default-src 'none'[\r][\n]"
2022-01-14_12:08:47.612 [main] DEBUG org.apache.http.wire -  << "Feature-Policy: 'none'[\r][\n]"
2022-01-14_12:08:47.613 [main] DEBUG org.apache.http.wire -  << "Referrer-Policy: no-referrer[\r][\n]"
2022-01-14_12:08:47.613 [main] DEBUG org.apache.http.wire -  << "Strict-Transport-Security: max-age=31536000 ; includeSubDomains[\r][\n]"
2022-01-14_12:08:47.613 [main] DEBUG org.apache.http.wire -  << "Date: Fri, 14 Jan 2022 06:38:46 GMT[\r][\n]"
2022-01-14_12:08:47.613 [main] DEBUG org.apache.http.wire -  << "Keep-Alive: timeout=60[\r][\n]"
2022-01-14_12:08:47.613 [main] DEBUG org.apache.http.wire -  << "Content-Type: application/json[\r][\n]"
2022-01-14_12:08:47.613 [main] DEBUG org.apache.http.wire -  << "Transfer-Encoding: chunked[\r][\n]"
2022-01-14_12:08:47.614 [main] DEBUG org.apache.http.wire -  << "Connection: keep-alive[\r][\n]"
2022-01-14_12:08:47.615 [main] DEBUG org.apache.http.wire -  << "[\r][\n]"
2022-01-14_12:08:47.615 [main] DEBUG o.a.h.i.conn.DefaultClientConnection - Receiving response: HTTP/1.1 200 
2022-01-14_12:08:47.615 [main] DEBUG org.apache.http.headers - << HTTP/1.1 200 
2022-01-14_12:08:47.615 [main] DEBUG org.apache.http.headers - << Access-Control-Allow-Methods: GET, POST
2022-01-14_12:08:47.615 [main] DEBUG org.apache.http.headers - << Access-Control-Allow-Origin: *
2022-01-14_12:08:47.615 [main] DEBUG org.apache.http.headers - << Content-Security-Policy: default-src 'none'
2022-01-14_12:08:47.615 [main] DEBUG org.apache.http.headers - << Feature-Policy: 'none'
2022-01-14_12:08:47.615 [main] DEBUG org.apache.http.headers - << Referrer-Policy: no-referrer
2022-01-14_12:08:47.616 [main] DEBUG org.apache.http.headers - << Strict-Transport-Security: max-age=31536000 ; includeSubDomains
2022-01-14_12:08:47.616 [main] DEBUG org.apache.http.headers - << Date: Fri, 14 Jan 2022 06:38:46 GMT
2022-01-14_12:08:47.616 [main] DEBUG org.apache.http.headers - << Keep-Alive: timeout=60
2022-01-14_12:08:47.616 [main] DEBUG org.apache.http.headers - << Content-Type: application/json
2022-01-14_12:08:47.616 [main] DEBUG org.apache.http.headers - << Transfer-Encoding: chunked
2022-01-14_12:08:47.616 [main] DEBUG org.apache.http.headers - << Connection: keep-alive
2022-01-14_12:08:47.616 [main] DEBUG o.a.h.impl.client.DefaultHttpClient - Connection can be kept alive for 60000 MILLISECONDS
2022-01-14_12:08:47.617 [main] DEBUG i.r.i.RequestSpecificationImpl$RestAssuredHttpBuilder - Parsing response as: application/json
2022-01-14_12:08:47.617 [main] DEBUG i.r.i.RequestSpecificationImpl$RestAssuredHttpBuilder - Parsed data to instance of: class org.apache.http.conn.EofSensorInputStream
2022-01-14_12:08:47.619 [main] INFO  com.qc.BaseAPI - Method :POST
2022-01-14_12:08:47.623 [main] INFO  com.qc.BaseAPI - URI :https://apitest.pineperks.in/card/order/V1/instant/issue/nonreloadable/digital
2022-01-14_12:08:47.624 [main] INFO  com.qc.BaseAPI - Headers :token=f45efdd3068b4a8ea83e3113e479abd4
userName=A0aCcnPzDANtKmvSLPKcaw==
Accept=*/*
Content-Type=application/json; charset=UTF-8
2022-01-14_12:08:47.624 [main] INFO  com.qc.BaseAPI - Body :{"isLinkToBeSentOnMobile":true,"checksum":"5x3GNrnStyS2PkMvV6EeAw==","cardDetailList":[{"amount":"1000","mobileNumber":"8284854535","customerName":"afzal","email":"afzal.ahmed@pinelabs.com"}],"externalRequestId":"jjVqZrR","cardSchemeId":"7"}
2022-01-14_12:08:47.624 [main] INFO  com.qc.BaseAPI - ********************RESPONSE********************
2022-01-14_12:08:47.624 [main] DEBUG org.apache.http.wire -  << "ff[\r][\n]"
2022-01-14_12:08:47.625 [main] DEBUG org.apache.http.wire -  << "{"externalRequestId":"jjVqZrR","orderId":null,"orderStatus":null,"cardDetailResponseList":null,"successCount":null,"failedCount":null,"orderAmount":null,"issuanceCharge":null,"netOrderAmount":null,"responseCode":50,"responseMessage":"Some error occurred"}"
2022-01-14_12:08:47.625 [main] DEBUG org.apache.http.wire -  << "[\r][\n]"
2022-01-14_12:08:47.625 [main] DEBUG org.apache.http.wire -  << "0[\r][\n]"
2022-01-14_12:08:47.625 [main] DEBUG org.apache.http.wire -  << "[\r][\n]"
2022-01-14_12:08:47.626 [main] DEBUG o.a.h.i.c.BasicClientConnectionManager - Releasing connection org.apache.http.impl.conn.ManagedClientConnectionImpl@55b2cdcb
2022-01-14_12:08:47.626 [main] DEBUG o.a.h.i.c.BasicClientConnectionManager - Connection can be kept alive for 60000 MILLISECONDS
2022-01-14_12:08:47.628 [main] INFO  com.qc.BaseAPI - Response :{
    "externalRequestId": "jjVqZrR",
    "orderId": null,
    "orderStatus": null,
    "cardDetailResponseList": null,
    "successCount": null,
    "failedCount": null,
    "orderAmount": null,
    "issuanceCharge": null,
    "netOrderAmount": null,
    "responseCode": 50,
    "responseMessage": "Some error occurred"
}
2022-01-14_12:08:47.629 [main] INFO  com.qc.BaseAPI -  **** POST call Response time 194 ms
2022-01-14_12:08:47.630 [main] INFO  pl.rest.service.CardIssue - Time Taken to perform https://apitest.pineperks.in/card/order/V1/instant/issue/nonreloadable/digital transaction: 194
2022-01-14_12:08:47.879 [main] INFO  pl.rest.CustomHooks - SCENARIO NAME: Issuing a instant non reloadable card
2022-01-14_12:08:47.879 [main] INFO  pl.rest.CustomHooks - TAG NAMEs: [@Regression, @DB]
2022-01-14_12:08:47.880 [main] INFO  pl.rest.CustomHooks - SCENARIO NAME: Issuing a instant non reloadable card
2022-01-14_12:08:47.880 [main] INFO  pl.rest.CustomHooks - TAG NAMEs: [@Regression, @DB]
2022-01-14_12:08:47.881 [main] INFO  pl.rest.CustomHooks - Index: 0, Size: 0
2022-01-14_12:08:48.102 [main] INFO  pl.rest.service.Authorize - Authorize Rest API URL :- https://apitest.pineperks.in/auth/V1/generate/token
2022-01-14_12:08:48.102 [main] INFO  com.qc.BaseAPI - GET call to URL https://apitest.pineperks.in/auth/V1/generate/token
2022-01-14_12:08:48.106 [main] INFO  com.qc.BaseAPI - ********************REQUEST********************
2022-01-14_12:08:48.120 [main] DEBUG o.a.h.i.c.BasicClientConnectionManager - Get connection for route {s}->https://apitest.pineperks.in:443
2022-01-14_12:08:48.121 [main] DEBUG o.a.h.i.c.DefaultClientConnectionOperator - Connecting to apitest.pineperks.in:443
2022-01-14_12:08:48.258 [main] DEBUG o.a.h.c.protocol.RequestAddCookies - CookieSpec selected: ignoreCookies
2022-01-14_12:08:48.259 [main] DEBUG o.a.h.c.protocol.RequestAuthCache - Auth cache not set in the context
2022-01-14_12:08:48.260 [main] DEBUG o.a.h.c.p.RequestTargetAuthentication - Target auth state: UNCHALLENGED
2022-01-14_12:08:48.260 [main] DEBUG o.a.h.c.p.RequestProxyAuthentication - Proxy auth state: UNCHALLENGED
2022-01-14_12:08:48.261 [main] DEBUG o.a.h.impl.client.DefaultHttpClient - Attempt 1 to execute request
2022-01-14_12:08:48.261 [main] DEBUG o.a.h.i.conn.DefaultClientConnection - Sending request: GET /auth/V1/generate/token HTTP/1.1
2022-01-14_12:08:48.261 [main] DEBUG org.apache.http.wire -  >> "GET /auth/V1/generate/token HTTP/1.1[\r][\n]"
2022-01-14_12:08:48.262 [main] DEBUG org.apache.http.wire -  >> "Content-Type: application/json; charset=UTF-8[\r][\n]"
2022-01-14_12:08:48.262 [main] DEBUG org.apache.http.wire -  >> "Accept: */*[\r][\n]"
2022-01-14_12:08:48.262 [main] DEBUG org.apache.http.wire -  >> "userName: A0aCcnPzDANtKmvSLPKcaw==[\r][\n]"
2022-01-14_12:08:48.262 [main] DEBUG org.apache.http.wire -  >> "Host: apitest.pineperks.in[\r][\n]"
2022-01-14_12:08:48.262 [main] DEBUG org.apache.http.wire -  >> "Connection: Keep-Alive[\r][\n]"
2022-01-14_12:08:48.263 [main] DEBUG org.apache.http.wire -  >> "User-Agent: Apache-HttpClient/4.5.2 (Java/1.8.0_202)[\r][\n]"
2022-01-14_12:08:48.263 [main] DEBUG org.apache.http.wire -  >> "Accept-Encoding: gzip,deflate[\r][\n]"
2022-01-14_12:08:48.263 [main] DEBUG org.apache.http.wire -  >> "[\r][\n]"
2022-01-14_12:08:48.263 [main] DEBUG org.apache.http.headers - >> GET /auth/V1/generate/token HTTP/1.1
2022-01-14_12:08:48.264 [main] DEBUG org.apache.http.headers - >> Content-Type: application/json; charset=UTF-8
2022-01-14_12:08:48.264 [main] DEBUG org.apache.http.headers - >> Accept: */*
2022-01-14_12:08:48.264 [main] DEBUG org.apache.http.headers - >> userName: A0aCcnPzDANtKmvSLPKcaw==
2022-01-14_12:08:48.265 [main] DEBUG org.apache.http.headers - >> Host: apitest.pineperks.in
2022-01-14_12:08:48.265 [main] DEBUG org.apache.http.headers - >> Connection: Keep-Alive
2022-01-14_12:08:48.265 [main] DEBUG org.apache.http.headers - >> User-Agent: Apache-HttpClient/4.5.2 (Java/1.8.0_202)
2022-01-14_12:08:48.265 [main] DEBUG org.apache.http.headers - >> Accept-Encoding: gzip,deflate
2022-01-14_12:08:48.300 [main] DEBUG org.apache.http.wire -  << "HTTP/1.1 200 [\r][\n]"
2022-01-14_12:08:48.300 [main] DEBUG org.apache.http.wire -  << "Access-Control-Allow-Methods: GET, POST[\r][\n]"
2022-01-14_12:08:48.301 [main] DEBUG org.apache.http.wire -  << "Access-Control-Allow-Origin: *[\r][\n]"
2022-01-14_12:08:48.301 [main] DEBUG org.apache.http.wire -  << "Content-Security-Policy: default-src 'none'[\r][\n]"
2022-01-14_12:08:48.301 [main] DEBUG org.apache.http.wire -  << "Feature-Policy: 'none'[\r][\n]"
2022-01-14_12:08:48.301 [main] DEBUG org.apache.http.wire -  << "Referrer-Policy: no-referrer[\r][\n]"
2022-01-14_12:08:48.302 [main] DEBUG org.apache.http.wire -  << "Strict-Transport-Security: max-age=31536000 ; includeSubDomains[\r][\n]"
2022-01-14_12:08:48.302 [main] DEBUG org.apache.http.wire -  << "Date: Fri, 14 Jan 2022 06:38:47 GMT[\r][\n]"
2022-01-14_12:08:48.302 [main] DEBUG org.apache.http.wire -  << "Keep-Alive: timeout=60[\r][\n]"
2022-01-14_12:08:48.302 [main] DEBUG org.apache.http.wire -  << "Content-Type: application/json[\r][\n]"
2022-01-14_12:08:48.302 [main] DEBUG org.apache.http.wire -  << "Transfer-Encoding: chunked[\r][\n]"
2022-01-14_12:08:48.302 [main] DEBUG org.apache.http.wire -  << "Connection: keep-alive[\r][\n]"
2022-01-14_12:08:48.303 [main] DEBUG org.apache.http.wire -  << "[\r][\n]"
2022-01-14_12:08:48.303 [main] DEBUG o.a.h.i.conn.DefaultClientConnection - Receiving response: HTTP/1.1 200 
2022-01-14_12:08:48.303 [main] DEBUG org.apache.http.headers - << HTTP/1.1 200 
2022-01-14_12:08:48.303 [main] DEBUG org.apache.http.headers - << Access-Control-Allow-Methods: GET, POST
2022-01-14_12:08:48.303 [main] DEBUG org.apache.http.headers - << Access-Control-Allow-Origin: *
2022-01-14_12:08:48.303 [main] DEBUG org.apache.http.headers - << Content-Security-Policy: default-src 'none'
2022-01-14_12:08:48.303 [main] DEBUG org.apache.http.headers - << Feature-Policy: 'none'
2022-01-14_12:08:48.304 [main] DEBUG org.apache.http.headers - << Referrer-Policy: no-referrer
2022-01-14_12:08:48.304 [main] DEBUG org.apache.http.headers - << Strict-Transport-Security: max-age=31536000 ; includeSubDomains
2022-01-14_12:08:48.304 [main] DEBUG org.apache.http.headers - << Date: Fri, 14 Jan 2022 06:38:47 GMT
2022-01-14_12:08:48.304 [main] DEBUG org.apache.http.headers - << Keep-Alive: timeout=60
2022-01-14_12:08:48.304 [main] DEBUG org.apache.http.headers - << Content-Type: application/json
2022-01-14_12:08:48.304 [main] DEBUG org.apache.http.headers - << Transfer-Encoding: chunked
2022-01-14_12:08:48.304 [main] DEBUG org.apache.http.headers - << Connection: keep-alive
2022-01-14_12:08:48.305 [main] DEBUG o.a.h.impl.client.DefaultHttpClient - Connection can be kept alive for 60000 MILLISECONDS
2022-01-14_12:08:48.306 [main] DEBUG i.r.i.RequestSpecificationImpl$RestAssuredHttpBuilder - Parsing response as: application/json
2022-01-14_12:08:48.306 [main] DEBUG i.r.i.RequestSpecificationImpl$RestAssuredHttpBuilder - Parsed data to instance of: class org.apache.http.conn.EofSensorInputStream
2022-01-14_12:08:48.308 [main] INFO  com.qc.BaseAPI - Method :GET
2022-01-14_12:08:48.309 [main] INFO  com.qc.BaseAPI - URI :https://apitest.pineperks.in/auth/V1/generate/token
2022-01-14_12:08:48.309 [main] INFO  com.qc.BaseAPI - Headers :userName=A0aCcnPzDANtKmvSLPKcaw==
Accept=*/*
Content-Type=application/json; charset=UTF-8
2022-01-14_12:08:48.310 [main] INFO  com.qc.BaseAPI - Body :null
2022-01-14_12:08:48.310 [main] INFO  com.qc.BaseAPI - ********************RESPONSE********************
2022-01-14_12:08:48.310 [main] DEBUG org.apache.http.wire -  << "7f[\r][\n]"
2022-01-14_12:08:48.310 [main] DEBUG org.apache.http.wire -  << "{"accessToken":"3b9b9e43bbd34bc3a93e3db4d395dd56","tokenExpiryTime":"14-May-2022","responseCode":0,"responseMessage":"Success"}"
2022-01-14_12:08:48.310 [main] DEBUG org.apache.http.wire -  << "[\r][\n]"
2022-01-14_12:08:48.310 [main] DEBUG org.apache.http.wire -  << "0[\r][\n]"
2022-01-14_12:08:48.311 [main] DEBUG org.apache.http.wire -  << "[\r][\n]"
2022-01-14_12:08:48.311 [main] DEBUG o.a.h.i.c.BasicClientConnectionManager - Releasing connection org.apache.http.impl.conn.ManagedClientConnectionImpl@13c47e34
2022-01-14_12:08:48.311 [main] DEBUG o.a.h.i.c.BasicClientConnectionManager - Connection can be kept alive for 60000 MILLISECONDS
2022-01-14_12:08:48.311 [main] INFO  com.qc.BaseAPI - Response :{
    "accessToken": "3b9b9e43bbd34bc3a93e3db4d395dd56",
    "tokenExpiryTime": "14-May-2022",
    "responseCode": 0,
    "responseMessage": "Success"
}
2022-01-14_12:08:48.312 [main] INFO  com.qc.BaseAPI -  **** GET call Response time 199 ms
2022-01-14_12:08:48.312 [main] INFO  pl.rest.service.Authorize - Time Taken to perform https://apitest.pineperks.in/auth/V1/generate/token transaction: 199
2022-01-14_12:08:48.320 [main] INFO  com.qc.qa.utils.TestDataReader - Reading Json data authorizeHeaders
2022-01-14_12:08:48.326 [main] INFO  com.qc.qa.utils.TestDataReader - Reading json data from file @ testData/api/devAPIData.json
2022-01-14_12:08:48.331 [main] INFO  pl.rest.service.CardIssue - CardIssue Rest API URL :- https://apitest.pineperks.in/card/order/V2/instant/issue/nonreloadable/digital
2022-01-14_12:08:48.331 [main] INFO  com.qc.BaseAPI - POST call to URL https://apitest.pineperks.in/card/order/V2/instant/issue/nonreloadable/digital
2022-01-14_12:08:48.343 [main] INFO  com.qc.BaseAPI - ********************REQUEST********************
2022-01-14_12:08:48.364 [main] DEBUG o.a.h.i.c.BasicClientConnectionManager - Get connection for route {s}->https://apitest.pineperks.in:443
2022-01-14_12:08:48.365 [main] DEBUG o.a.h.i.c.DefaultClientConnectionOperator - Connecting to apitest.pineperks.in:443
2022-01-14_12:08:48.512 [main] DEBUG o.a.h.c.protocol.RequestAddCookies - CookieSpec selected: ignoreCookies
2022-01-14_12:08:48.512 [main] DEBUG o.a.h.c.protocol.RequestAuthCache - Auth cache not set in the context
2022-01-14_12:08:48.512 [main] DEBUG o.a.h.c.p.RequestTargetAuthentication - Target auth state: UNCHALLENGED
2022-01-14_12:08:48.512 [main] DEBUG o.a.h.c.p.RequestProxyAuthentication - Proxy auth state: UNCHALLENGED
2022-01-14_12:08:48.513 [main] DEBUG o.a.h.impl.client.DefaultHttpClient - Attempt 1 to execute request
2022-01-14_12:08:48.513 [main] DEBUG o.a.h.i.conn.DefaultClientConnection - Sending request: POST /card/order/V2/instant/issue/nonreloadable/digital HTTP/1.1
2022-01-14_12:08:48.513 [main] DEBUG org.apache.http.wire -  >> "POST /card/order/V2/instant/issue/nonreloadable/digital HTTP/1.1[\r][\n]"
2022-01-14_12:08:48.513 [main] DEBUG org.apache.http.wire -  >> "X-PinePerks-UserName: A0aCcnPzDANtKmvSLPKcaw==[\r][\n]"
2022-01-14_12:08:48.513 [main] DEBUG org.apache.http.wire -  >> "Accept: */*[\r][\n]"
2022-01-14_12:08:48.514 [main] DEBUG org.apache.http.wire -  >> "X-PinePerks-Token: 3b9b9e43bbd34bc3a93e3db4d395dd56[\r][\n]"
2022-01-14_12:08:48.514 [main] DEBUG org.apache.http.wire -  >> "Content-Type: application/json; charset=UTF-8[\r][\n]"
2022-01-14_12:08:48.514 [main] DEBUG org.apache.http.wire -  >> "Content-Length: 211[\r][\n]"
2022-01-14_12:08:48.514 [main] DEBUG org.apache.http.wire -  >> "Host: apitest.pineperks.in[\r][\n]"
2022-01-14_12:08:48.514 [main] DEBUG org.apache.http.wire -  >> "Connection: Keep-Alive[\r][\n]"
2022-01-14_12:08:48.514 [main] DEBUG org.apache.http.wire -  >> "User-Agent: Apache-HttpClient/4.5.2 (Java/1.8.0_202)[\r][\n]"
2022-01-14_12:08:48.516 [main] DEBUG org.apache.http.wire -  >> "Accept-Encoding: gzip,deflate[\r][\n]"
2022-01-14_12:08:48.516 [main] DEBUG org.apache.http.wire -  >> "[\r][\n]"
2022-01-14_12:08:48.516 [main] DEBUG org.apache.http.headers - >> POST /card/order/V2/instant/issue/nonreloadable/digital HTTP/1.1
2022-01-14_12:08:48.516 [main] DEBUG org.apache.http.headers - >> X-PinePerks-UserName: A0aCcnPzDANtKmvSLPKcaw==
2022-01-14_12:08:48.516 [main] DEBUG org.apache.http.headers - >> Accept: */*
2022-01-14_12:08:48.516 [main] DEBUG org.apache.http.headers - >> X-PinePerks-Token: 3b9b9e43bbd34bc3a93e3db4d395dd56
2022-01-14_12:08:48.516 [main] DEBUG org.apache.http.headers - >> Content-Type: application/json; charset=UTF-8
2022-01-14_12:08:48.516 [main] DEBUG org.apache.http.headers - >> Content-Length: 211
2022-01-14_12:08:48.516 [main] DEBUG org.apache.http.headers - >> Host: apitest.pineperks.in
2022-01-14_12:08:48.516 [main] DEBUG org.apache.http.headers - >> Connection: Keep-Alive
2022-01-14_12:08:48.516 [main] DEBUG org.apache.http.headers - >> User-Agent: Apache-HttpClient/4.5.2 (Java/1.8.0_202)
2022-01-14_12:08:48.517 [main] DEBUG org.apache.http.headers - >> Accept-Encoding: gzip,deflate
2022-01-14_12:08:48.517 [main] DEBUG org.apache.http.wire -  >> "{"checksum":"5x3GNrnStyS2PkMvV6EeAw==","cardDetailList":[{"amount":"1000","mobileNumber":"8284854535","customerName":"afzal","email":"afzal.ahmed@pinelabs.com"}],"externalRequestId":"Z91a2ls","cardSchemeId":"7"}"
2022-01-14_12:08:48.544 [main] DEBUG org.apache.http.wire -  << "HTTP/1.1 200 [\r][\n]"
2022-01-14_12:08:48.545 [main] DEBUG org.apache.http.wire -  << "Access-Control-Allow-Methods: GET, POST[\r][\n]"
2022-01-14_12:08:48.545 [main] DEBUG org.apache.http.wire -  << "Access-Control-Allow-Origin: *[\r][\n]"
2022-01-14_12:08:48.545 [main] DEBUG org.apache.http.wire -  << "Content-Security-Policy: default-src 'none'[\r][\n]"
2022-01-14_12:08:48.545 [main] DEBUG org.apache.http.wire -  << "Feature-Policy: 'none'[\r][\n]"
2022-01-14_12:08:48.545 [main] DEBUG org.apache.http.wire -  << "Referrer-Policy: no-referrer[\r][\n]"
2022-01-14_12:08:48.545 [main] DEBUG org.apache.http.wire -  << "Strict-Transport-Security: max-age=31536000 ; includeSubDomains[\r][\n]"
2022-01-14_12:08:48.545 [main] DEBUG org.apache.http.wire -  << "Date: Fri, 14 Jan 2022 06:38:47 GMT[\r][\n]"
2022-01-14_12:08:48.545 [main] DEBUG org.apache.http.wire -  << "Keep-Alive: timeout=60[\r][\n]"
2022-01-14_12:08:48.545 [main] DEBUG org.apache.http.wire -  << "Content-Type: application/json[\r][\n]"
2022-01-14_12:08:48.545 [main] DEBUG org.apache.http.wire -  << "Transfer-Encoding: chunked[\r][\n]"
2022-01-14_12:08:48.546 [main] DEBUG org.apache.http.wire -  << "Connection: keep-alive[\r][\n]"
2022-01-14_12:08:48.546 [main] DEBUG org.apache.http.wire -  << "[\r][\n]"
2022-01-14_12:08:48.546 [main] DEBUG o.a.h.i.conn.DefaultClientConnection - Receiving response: HTTP/1.1 200 
2022-01-14_12:08:48.546 [main] DEBUG org.apache.http.headers - << HTTP/1.1 200 
2022-01-14_12:08:48.546 [main] DEBUG org.apache.http.headers - << Access-Control-Allow-Methods: GET, POST
2022-01-14_12:08:48.546 [main] DEBUG org.apache.http.headers - << Access-Control-Allow-Origin: *
2022-01-14_12:08:48.546 [main] DEBUG org.apache.http.headers - << Content-Security-Policy: default-src 'none'
2022-01-14_12:08:48.546 [main] DEBUG org.apache.http.headers - << Feature-Policy: 'none'
2022-01-14_12:08:48.546 [main] DEBUG org.apache.http.headers - << Referrer-Policy: no-referrer
2022-01-14_12:08:48.546 [main] DEBUG org.apache.http.headers - << Strict-Transport-Security: max-age=31536000 ; includeSubDomains
2022-01-14_12:08:48.547 [main] DEBUG org.apache.http.headers - << Date: Fri, 14 Jan 2022 06:38:47 GMT
2022-01-14_12:08:48.547 [main] DEBUG org.apache.http.headers - << Keep-Alive: timeout=60
2022-01-14_12:08:48.547 [main] DEBUG org.apache.http.headers - << Content-Type: application/json
2022-01-14_12:08:48.547 [main] DEBUG org.apache.http.headers - << Transfer-Encoding: chunked
2022-01-14_12:08:48.547 [main] DEBUG org.apache.http.headers - << Connection: keep-alive
2022-01-14_12:08:48.547 [main] DEBUG o.a.h.impl.client.DefaultHttpClient - Connection can be kept alive for 60000 MILLISECONDS
2022-01-14_12:08:48.548 [main] DEBUG i.r.i.RequestSpecificationImpl$RestAssuredHttpBuilder - Parsing response as: application/json
2022-01-14_12:08:48.548 [main] DEBUG i.r.i.RequestSpecificationImpl$RestAssuredHttpBuilder - Parsed data to instance of: class org.apache.http.conn.EofSensorInputStream
2022-01-14_12:08:48.549 [main] INFO  com.qc.BaseAPI - Method :POST
2022-01-14_12:08:48.551 [main] INFO  com.qc.BaseAPI - URI :https://apitest.pineperks.in/card/order/V2/instant/issue/nonreloadable/digital
2022-01-14_12:08:48.551 [main] INFO  com.qc.BaseAPI - Headers :X-PinePerks-Token=3b9b9e43bbd34bc3a93e3db4d395dd56
X-PinePerks-UserName=A0aCcnPzDANtKmvSLPKcaw==
Accept=*/*
Content-Type=application/json; charset=UTF-8
2022-01-14_12:08:48.552 [main] INFO  com.qc.BaseAPI - Body :{"checksum":"5x3GNrnStyS2PkMvV6EeAw==","cardDetailList":[{"amount":"1000","mobileNumber":"8284854535","customerName":"afzal","email":"afzal.ahmed@pinelabs.com"}],"externalRequestId":"Z91a2ls","cardSchemeId":"7"}
2022-01-14_12:08:48.552 [main] INFO  com.qc.BaseAPI - ********************RESPONSE********************
2022-01-14_12:08:48.552 [main] DEBUG org.apache.http.wire -  << "ff[\r][\n]"
2022-01-14_12:08:48.552 [main] DEBUG org.apache.http.wire -  << "{"externalRequestId":"Z91a2ls","orderId":null,"orderStatus":null,"cardDetailResponseList":null,"successCount":null,"failedCount":null,"orderAmount":null,"issuanceCharge":null,"netOrderAmount":null,"responseCode":50,"responseMessage":"Some error occurred"}"
2022-01-14_12:08:48.552 [main] DEBUG org.apache.http.wire -  << "[\r][\n]"
2022-01-14_12:08:48.553 [main] DEBUG org.apache.http.wire -  << "0[\r][\n]"
2022-01-14_12:08:48.553 [main] DEBUG org.apache.http.wire -  << "[\r][\n]"
2022-01-14_12:08:48.553 [main] DEBUG o.a.h.i.c.BasicClientConnectionManager - Releasing connection org.apache.http.impl.conn.ManagedClientConnectionImpl@1cdfb361
2022-01-14_12:08:48.553 [main] DEBUG o.a.h.i.c.BasicClientConnectionManager - Connection can be kept alive for 60000 MILLISECONDS
2022-01-14_12:08:48.555 [main] INFO  com.qc.BaseAPI - Response :{
    "externalRequestId": "Z91a2ls",
    "orderId": null,
    "orderStatus": null,
    "cardDetailResponseList": null,
    "successCount": null,
    "failedCount": null,
    "orderAmount": null,
    "issuanceCharge": null,
    "netOrderAmount": null,
    "responseCode": 50,
    "responseMessage": "Some error occurred"
}
2022-01-14_12:08:48.555 [main] INFO  com.qc.BaseAPI -  **** POST call Response time 201 ms
2022-01-14_12:08:48.556 [main] INFO  pl.rest.service.CardIssue - Time Taken to perform https://apitest.pineperks.in/card/order/V2/instant/issue/nonreloadable/digital transaction: 201
