2022-02-04_01:49:49.702 [main] INFO  pl.rest.CustomHooks - SCENARIO NAME: Validating a balance field of card on issuing and reloading a card.
2022-02-04_01:49:49.705 [main] INFO  pl.rest.CustomHooks - TAG NAMEs: [@Regression]
2022-02-04_01:49:49.709 [main] INFO  pl.rest.CustomHooks - SCENARIO NAME: Validating a balance field of card on issuing and reloading a card.
2022-02-04_01:49:49.709 [main] INFO  pl.rest.CustomHooks - TAG NAMEs: [@Regression]
2022-02-04_01:49:49.768 [main] INFO  pl.rest.CustomHooks - Index: 0, Size: 0
2022-02-04_01:49:50.854 [main] INFO  com.qc.qa.utils.TestDataReader - Reading API Test Data config values from  testData/api/devAPITestData.properties
2022-02-04_01:49:50.870 [main] INFO  pl.rest.service.Authorize - Authorize Rest API URL :- https://apitest.pineperks.in/auth/V1/generate/token
2022-02-04_01:49:50.871 [main] INFO  com.qc.BaseAPI - GET call to URL https://apitest.pineperks.in/auth/V1/generate/token
2022-02-04_01:49:51.061 [main] INFO  com.qc.BaseAPI - ********************REQUEST********************
2022-02-04_01:49:53.010 [main] DEBUG o.a.h.i.c.BasicClientConnectionManager - Get connection for route {s}->https://apitest.pineperks.in:443
2022-02-04_01:49:53.062 [main] DEBUG o.a.h.i.c.DefaultClientConnectionOperator - Connecting to apitest.pineperks.in:443
2022-02-04_01:49:53.287 [main] DEBUG o.a.h.c.protocol.RequestAddCookies - CookieSpec selected: ignoreCookies
2022-02-04_01:49:53.288 [main] DEBUG o.a.h.c.protocol.RequestAuthCache - Auth cache not set in the context
2022-02-04_01:49:53.289 [main] DEBUG o.a.h.c.p.RequestTargetAuthentication - Target auth state: UNCHALLENGED
2022-02-04_01:49:53.289 [main] DEBUG o.a.h.c.p.RequestProxyAuthentication - Proxy auth state: UNCHALLENGED
2022-02-04_01:49:53.289 [main] DEBUG o.a.h.impl.client.DefaultHttpClient - Attempt 1 to execute request
2022-02-04_01:49:53.290 [main] DEBUG o.a.h.i.conn.DefaultClientConnection - Sending request: GET /auth/V1/generate/token HTTP/1.1
2022-02-04_01:49:53.290 [main] DEBUG org.apache.http.wire -  >> "GET /auth/V1/generate/token HTTP/1.1[\r][\n]"
2022-02-04_01:49:53.291 [main] DEBUG org.apache.http.wire -  >> "Content-Type: application/json; charset=UTF-8[\r][\n]"
2022-02-04_01:49:53.291 [main] DEBUG org.apache.http.wire -  >> "Accept: */*[\r][\n]"
2022-02-04_01:49:53.291 [main] DEBUG org.apache.http.wire -  >> "userName: A0aCcnPzDANtKmvSLPKcaw==[\r][\n]"
2022-02-04_01:49:53.291 [main] DEBUG org.apache.http.wire -  >> "Host: apitest.pineperks.in[\r][\n]"
2022-02-04_01:49:53.292 [main] DEBUG org.apache.http.wire -  >> "Connection: Keep-Alive[\r][\n]"
2022-02-04_01:49:53.292 [main] DEBUG org.apache.http.wire -  >> "User-Agent: Apache-HttpClient/4.5.2 (Java/1.8.0_202)[\r][\n]"
2022-02-04_01:49:53.292 [main] DEBUG org.apache.http.wire -  >> "Accept-Encoding: gzip,deflate[\r][\n]"
2022-02-04_01:49:53.292 [main] DEBUG org.apache.http.wire -  >> "[\r][\n]"
2022-02-04_01:49:53.292 [main] DEBUG org.apache.http.headers - >> GET /auth/V1/generate/token HTTP/1.1
2022-02-04_01:49:53.292 [main] DEBUG org.apache.http.headers - >> Content-Type: application/json; charset=UTF-8
2022-02-04_01:49:53.292 [main] DEBUG org.apache.http.headers - >> Accept: */*
2022-02-04_01:49:53.292 [main] DEBUG org.apache.http.headers - >> userName: A0aCcnPzDANtKmvSLPKcaw==
2022-02-04_01:49:53.292 [main] DEBUG org.apache.http.headers - >> Host: apitest.pineperks.in
2022-02-04_01:49:53.292 [main] DEBUG org.apache.http.headers - >> Connection: Keep-Alive
2022-02-04_01:49:53.292 [main] DEBUG org.apache.http.headers - >> User-Agent: Apache-HttpClient/4.5.2 (Java/1.8.0_202)
2022-02-04_01:49:53.292 [main] DEBUG org.apache.http.headers - >> Accept-Encoding: gzip,deflate
2022-02-04_01:49:53.334 [main] DEBUG org.apache.http.wire -  << "HTTP/1.1 200 [\r][\n]"
2022-02-04_01:49:53.337 [main] DEBUG org.apache.http.wire -  << "Access-Control-Allow-Methods: GET, POST[\r][\n]"
2022-02-04_01:49:53.338 [main] DEBUG org.apache.http.wire -  << "Access-Control-Allow-Origin: *[\r][\n]"
2022-02-04_01:49:53.338 [main] DEBUG org.apache.http.wire -  << "Content-Security-Policy: default-src 'none'[\r][\n]"
2022-02-04_01:49:53.339 [main] DEBUG org.apache.http.wire -  << "Feature-Policy: 'none'[\r][\n]"
2022-02-04_01:49:53.339 [main] DEBUG org.apache.http.wire -  << "Referrer-Policy: no-referrer[\r][\n]"
2022-02-04_01:49:53.339 [main] DEBUG org.apache.http.wire -  << "Strict-Transport-Security: max-age=31536000 ; includeSubDomains[\r][\n]"
2022-02-04_01:49:53.339 [main] DEBUG org.apache.http.wire -  << "Date: Thu, 03 Feb 2022 20:19:53 GMT[\r][\n]"
2022-02-04_01:49:53.340 [main] DEBUG org.apache.http.wire -  << "Keep-Alive: timeout=60[\r][\n]"
2022-02-04_01:49:53.340 [main] DEBUG org.apache.http.wire -  << "Content-Type: application/json[\r][\n]"
2022-02-04_01:49:53.340 [main] DEBUG org.apache.http.wire -  << "Transfer-Encoding: chunked[\r][\n]"
2022-02-04_01:49:53.340 [main] DEBUG org.apache.http.wire -  << "Connection: keep-alive[\r][\n]"
2022-02-04_01:49:53.340 [main] DEBUG org.apache.http.wire -  << "[\r][\n]"
2022-02-04_01:49:53.341 [main] DEBUG o.a.h.i.conn.DefaultClientConnection - Receiving response: HTTP/1.1 200 
2022-02-04_01:49:53.342 [main] DEBUG org.apache.http.headers - << HTTP/1.1 200 
2022-02-04_01:49:53.342 [main] DEBUG org.apache.http.headers - << Access-Control-Allow-Methods: GET, POST
2022-02-04_01:49:53.342 [main] DEBUG org.apache.http.headers - << Access-Control-Allow-Origin: *
2022-02-04_01:49:53.342 [main] DEBUG org.apache.http.headers - << Content-Security-Policy: default-src 'none'
2022-02-04_01:49:53.342 [main] DEBUG org.apache.http.headers - << Feature-Policy: 'none'
2022-02-04_01:49:53.342 [main] DEBUG org.apache.http.headers - << Referrer-Policy: no-referrer
2022-02-04_01:49:53.342 [main] DEBUG org.apache.http.headers - << Strict-Transport-Security: max-age=31536000 ; includeSubDomains
2022-02-04_01:49:53.342 [main] DEBUG org.apache.http.headers - << Date: Thu, 03 Feb 2022 20:19:53 GMT
2022-02-04_01:49:53.342 [main] DEBUG org.apache.http.headers - << Keep-Alive: timeout=60
2022-02-04_01:49:53.342 [main] DEBUG org.apache.http.headers - << Content-Type: application/json
2022-02-04_01:49:53.342 [main] DEBUG org.apache.http.headers - << Transfer-Encoding: chunked
2022-02-04_01:49:53.342 [main] DEBUG org.apache.http.headers - << Connection: keep-alive
2022-02-04_01:49:53.353 [main] DEBUG o.a.h.impl.client.DefaultHttpClient - Connection can be kept alive for 60000 MILLISECONDS
2022-02-04_01:49:53.369 [main] DEBUG i.r.i.RequestSpecificationImpl$RestAssuredHttpBuilder - Parsing response as: application/json
2022-02-04_01:49:53.370 [main] DEBUG i.r.i.RequestSpecificationImpl$RestAssuredHttpBuilder - Parsed data to instance of: class org.apache.http.conn.EofSensorInputStream
2022-02-04_01:49:53.380 [main] INFO  com.qc.BaseAPI - Method :GET
2022-02-04_01:49:53.381 [main] INFO  com.qc.BaseAPI - URI :https://apitest.pineperks.in/auth/V1/generate/token
2022-02-04_01:49:53.381 [main] INFO  com.qc.BaseAPI - Headers :userName=A0aCcnPzDANtKmvSLPKcaw==
Accept=*/*
Content-Type=application/json; charset=UTF-8
2022-02-04_01:49:53.381 [main] INFO  com.qc.BaseAPI - Body :null
2022-02-04_01:49:53.381 [main] INFO  com.qc.BaseAPI - ********************RESPONSE********************
2022-02-04_01:49:53.389 [main] DEBUG org.apache.http.wire -  << "7f[\r][\n]"
2022-02-04_01:49:53.389 [main] DEBUG org.apache.http.wire -  << "{"accessToken":"fe3327ebd3c44747a8437db22668e8e8","tokenExpiryTime":"04-Feb-2024","responseCode":0,"responseMessage":"Success"}"
2022-02-04_01:49:53.390 [main] DEBUG org.apache.http.wire -  << "[\r][\n]"
2022-02-04_01:49:53.390 [main] DEBUG org.apache.http.wire -  << "0[\r][\n]"
2022-02-04_01:49:53.390 [main] DEBUG org.apache.http.wire -  << "[\r][\n]"
2022-02-04_01:49:53.390 [main] DEBUG o.a.h.i.c.BasicClientConnectionManager - Releasing connection org.apache.http.impl.conn.ManagedClientConnectionImpl@79c1301b
2022-02-04_01:49:53.390 [main] DEBUG o.a.h.i.c.BasicClientConnectionManager - Connection can be kept alive for 60000 MILLISECONDS
2022-02-04_01:49:53.419 [main] INFO  com.qc.BaseAPI - Response :{
    "accessToken": "fe3327ebd3c44747a8437db22668e8e8",
    "tokenExpiryTime": "04-Feb-2024",
    "responseCode": 0,
    "responseMessage": "Success"
}
2022-02-04_01:49:53.425 [main] INFO  com.qc.BaseAPI -  **** GET call Response time 2303 ms
2022-02-04_01:49:53.425 [main] INFO  pl.rest.service.Authorize - Time Taken to perform https://apitest.pineperks.in/auth/V1/generate/token transaction: 2303
2022-02-04_01:49:53.511 [main] INFO  pl.rest.utils.TestSetDataReader - Reading API Test Data config values from  testData/api/TestSet0_devAPITestData.properties
2022-02-04_01:49:53.514 [main] INFO  pl.rest.stepDefs.CardIssueStepDefs - Fetched mobile number Dataset 8284854535
2022-02-04_01:49:53.517 [main] INFO  pl.rest.utils.DBUtils - Delinking mobile from Cards
2022-02-04_01:49:53.518 [main] INFO  pl.rest.utils.DBUtils - Executing the query update card set CardStatus=4where AccountType=18 and ActivationMobileNumber in(8284854535) and CardType=2 and cardstatus in (1,2);
2022-02-04_01:49:53.569 [main] ERROR com.qc.qa.utils.LoadProperties - Missing MySQLDBEnvironment property value in system property or in config.properties files.Please add it if incase required
2022-02-04_01:49:53.570 [main] INFO  com.qc.qa.dbutils.DBPoolProvider - Con pool Total - 400, idle - 0,  Num active - 0
2022-02-04_01:49:53.570 [main] INFO  com.qc.qa.dbutils.DBPoolProvider - Retrieved connection
2022-02-04_01:49:54.158 [main] INFO  c.qc.qa.dbutils.DBConnectionManager - DB Connected Successfully.
2022-02-04_01:49:54.160 [main] INFO  c.qc.qa.dbutils.DBConnectionManager - Executing Query:::update card set CardStatus=4where AccountType=18 and ActivationMobileNumber in(8284854535) and CardType=2 and cardstatus in (1,2);
2022-02-04_01:49:54.198 [main] INFO  pl.rest.utils.DBUtils - No. of rows affected on delinking mobile1
2022-02-04_01:49:54.222 [main] INFO  com.qc.qa.utils.TestDataReader - Reading Json data authorizeHeaders
2022-02-04_01:49:54.229 [main] INFO  com.qc.qa.utils.TestDataReader - Reading json data from file @ testData/api/devAPIData.json
2022-02-04_01:49:54.253 [main] INFO  pl.rest.service.CardIssue - CardIssue Rest API URL :- https://apitest.pineperks.in/card/order/V1/instant/issue/reloadable/digital
2022-02-04_01:49:54.254 [main] INFO  com.qc.BaseAPI - POST call to URL https://apitest.pineperks.in/card/order/V1/instant/issue/reloadable/digital
2022-02-04_01:49:54.266 [main] INFO  com.qc.BaseAPI - ********************REQUEST********************
2022-02-04_01:49:54.299 [main] DEBUG o.a.h.i.c.BasicClientConnectionManager - Get connection for route {s}->https://apitest.pineperks.in:443
2022-02-04_01:49:54.299 [main] DEBUG o.a.h.i.c.DefaultClientConnectionOperator - Connecting to apitest.pineperks.in:443
2022-02-04_01:49:54.432 [main] DEBUG o.a.h.c.protocol.RequestAddCookies - CookieSpec selected: ignoreCookies
2022-02-04_01:49:54.432 [main] DEBUG o.a.h.c.protocol.RequestAuthCache - Auth cache not set in the context
2022-02-04_01:49:54.432 [main] DEBUG o.a.h.c.p.RequestTargetAuthentication - Target auth state: UNCHALLENGED
2022-02-04_01:49:54.432 [main] DEBUG o.a.h.c.p.RequestProxyAuthentication - Proxy auth state: UNCHALLENGED
2022-02-04_01:49:54.434 [main] DEBUG o.a.h.impl.client.DefaultHttpClient - Attempt 1 to execute request
2022-02-04_01:49:54.434 [main] DEBUG o.a.h.i.conn.DefaultClientConnection - Sending request: POST /card/order/V1/instant/issue/reloadable/digital HTTP/1.1
2022-02-04_01:49:54.434 [main] DEBUG org.apache.http.wire -  >> "POST /card/order/V1/instant/issue/reloadable/digital HTTP/1.1[\r][\n]"
2022-02-04_01:49:54.434 [main] DEBUG org.apache.http.wire -  >> "Accept: */*[\r][\n]"
2022-02-04_01:49:54.434 [main] DEBUG org.apache.http.wire -  >> "userName: A0aCcnPzDANtKmvSLPKcaw==[\r][\n]"
2022-02-04_01:49:54.435 [main] DEBUG org.apache.http.wire -  >> "token: fe3327ebd3c44747a8437db22668e8e8[\r][\n]"
2022-02-04_01:49:54.435 [main] DEBUG org.apache.http.wire -  >> "Content-Type: application/json; charset=UTF-8[\r][\n]"
2022-02-04_01:49:54.435 [main] DEBUG org.apache.http.wire -  >> "Content-Length: 242[\r][\n]"
2022-02-04_01:49:54.435 [main] DEBUG org.apache.http.wire -  >> "Host: apitest.pineperks.in[\r][\n]"
2022-02-04_01:49:54.435 [main] DEBUG org.apache.http.wire -  >> "Connection: Keep-Alive[\r][\n]"
2022-02-04_01:49:54.436 [main] DEBUG org.apache.http.wire -  >> "User-Agent: Apache-HttpClient/4.5.2 (Java/1.8.0_202)[\r][\n]"
2022-02-04_01:49:54.436 [main] DEBUG org.apache.http.wire -  >> "Accept-Encoding: gzip,deflate[\r][\n]"
2022-02-04_01:49:54.436 [main] DEBUG org.apache.http.wire -  >> "[\r][\n]"
2022-02-04_01:49:54.436 [main] DEBUG org.apache.http.headers - >> POST /card/order/V1/instant/issue/reloadable/digital HTTP/1.1
2022-02-04_01:49:54.437 [main] DEBUG org.apache.http.headers - >> Accept: */*
2022-02-04_01:49:54.437 [main] DEBUG org.apache.http.headers - >> userName: A0aCcnPzDANtKmvSLPKcaw==
2022-02-04_01:49:54.437 [main] DEBUG org.apache.http.headers - >> token: fe3327ebd3c44747a8437db22668e8e8
2022-02-04_01:49:54.437 [main] DEBUG org.apache.http.headers - >> Content-Type: application/json; charset=UTF-8
2022-02-04_01:49:54.437 [main] DEBUG org.apache.http.headers - >> Content-Length: 242
2022-02-04_01:49:54.437 [main] DEBUG org.apache.http.headers - >> Host: apitest.pineperks.in
2022-02-04_01:49:54.437 [main] DEBUG org.apache.http.headers - >> Connection: Keep-Alive
2022-02-04_01:49:54.438 [main] DEBUG org.apache.http.headers - >> User-Agent: Apache-HttpClient/4.5.2 (Java/1.8.0_202)
2022-02-04_01:49:54.438 [main] DEBUG org.apache.http.headers - >> Accept-Encoding: gzip,deflate
2022-02-04_01:49:54.438 [main] DEBUG org.apache.http.wire -  >> "{"isLinkToBeSentOnMobile":true,"checksum":"5x3GNrnStyS2PkMvV6EeAw==","cardDetailList":[{"amount":"1000","mobileNumber":"8284854535","customerName":"afzal","email":"afzal.ahmed@pinelabs.com"}],"externalRequestId":"A2moAPe","cardSchemeId":"12"}"
2022-02-04_01:49:56.722 [main] DEBUG org.apache.http.wire -  << "HTTP/1.1 200 [\r][\n]"
2022-02-04_01:49:56.723 [main] DEBUG org.apache.http.wire -  << "Access-Control-Allow-Methods: GET, POST[\r][\n]"
2022-02-04_01:49:56.723 [main] DEBUG org.apache.http.wire -  << "Access-Control-Allow-Origin: *[\r][\n]"
2022-02-04_01:49:56.723 [main] DEBUG org.apache.http.wire -  << "Content-Security-Policy: default-src 'none'[\r][\n]"
2022-02-04_01:49:56.724 [main] DEBUG org.apache.http.wire -  << "Feature-Policy: 'none'[\r][\n]"
2022-02-04_01:49:56.725 [main] DEBUG org.apache.http.wire -  << "Referrer-Policy: no-referrer[\r][\n]"
2022-02-04_01:49:56.726 [main] DEBUG org.apache.http.wire -  << "Strict-Transport-Security: max-age=31536000 ; includeSubDomains[\r][\n]"
2022-02-04_01:49:56.726 [main] DEBUG org.apache.http.wire -  << "Date: Thu, 03 Feb 2022 20:19:56 GMT[\r][\n]"
2022-02-04_01:49:56.726 [main] DEBUG org.apache.http.wire -  << "Keep-Alive: timeout=60[\r][\n]"
2022-02-04_01:49:56.726 [main] DEBUG org.apache.http.wire -  << "Content-Type: application/json[\r][\n]"
2022-02-04_01:49:56.726 [main] DEBUG org.apache.http.wire -  << "Transfer-Encoding: chunked[\r][\n]"
2022-02-04_01:49:56.726 [main] DEBUG org.apache.http.wire -  << "Connection: keep-alive[\r][\n]"
2022-02-04_01:49:56.726 [main] DEBUG org.apache.http.wire -  << "[\r][\n]"
2022-02-04_01:49:56.726 [main] DEBUG o.a.h.i.conn.DefaultClientConnection - Receiving response: HTTP/1.1 200 
2022-02-04_01:49:56.726 [main] DEBUG org.apache.http.headers - << HTTP/1.1 200 
2022-02-04_01:49:56.727 [main] DEBUG org.apache.http.headers - << Access-Control-Allow-Methods: GET, POST
2022-02-04_01:49:56.727 [main] DEBUG org.apache.http.headers - << Access-Control-Allow-Origin: *
2022-02-04_01:49:56.727 [main] DEBUG org.apache.http.headers - << Content-Security-Policy: default-src 'none'
2022-02-04_01:49:56.727 [main] DEBUG org.apache.http.headers - << Feature-Policy: 'none'
2022-02-04_01:49:56.727 [main] DEBUG org.apache.http.headers - << Referrer-Policy: no-referrer
2022-02-04_01:49:56.727 [main] DEBUG org.apache.http.headers - << Strict-Transport-Security: max-age=31536000 ; includeSubDomains
2022-02-04_01:49:56.728 [main] DEBUG org.apache.http.headers - << Date: Thu, 03 Feb 2022 20:19:56 GMT
2022-02-04_01:49:56.728 [main] DEBUG org.apache.http.headers - << Keep-Alive: timeout=60
2022-02-04_01:49:56.728 [main] DEBUG org.apache.http.headers - << Content-Type: application/json
2022-02-04_01:49:56.729 [main] DEBUG org.apache.http.headers - << Transfer-Encoding: chunked
2022-02-04_01:49:56.729 [main] DEBUG org.apache.http.headers - << Connection: keep-alive
2022-02-04_01:49:56.729 [main] DEBUG o.a.h.impl.client.DefaultHttpClient - Connection can be kept alive for 60000 MILLISECONDS
2022-02-04_01:49:56.730 [main] DEBUG i.r.i.RequestSpecificationImpl$RestAssuredHttpBuilder - Parsing response as: application/json
2022-02-04_01:49:56.730 [main] DEBUG i.r.i.RequestSpecificationImpl$RestAssuredHttpBuilder - Parsed data to instance of: class org.apache.http.conn.EofSensorInputStream
2022-02-04_01:49:56.733 [main] INFO  com.qc.BaseAPI - Method :POST
2022-02-04_01:49:56.737 [main] INFO  com.qc.BaseAPI - URI :https://apitest.pineperks.in/card/order/V1/instant/issue/reloadable/digital
2022-02-04_01:49:56.737 [main] INFO  com.qc.BaseAPI - Headers :token=fe3327ebd3c44747a8437db22668e8e8
userName=A0aCcnPzDANtKmvSLPKcaw==
Accept=*/*
Content-Type=application/json; charset=UTF-8
2022-02-04_01:49:56.737 [main] INFO  com.qc.BaseAPI - Body :{"isLinkToBeSentOnMobile":true,"checksum":"5x3GNrnStyS2PkMvV6EeAw==","cardDetailList":[{"amount":"1000","mobileNumber":"8284854535","customerName":"afzal","email":"afzal.ahmed@pinelabs.com"}],"externalRequestId":"A2moAPe","cardSchemeId":"12"}
2022-02-04_01:49:56.737 [main] INFO  com.qc.BaseAPI - ********************RESPONSE********************
2022-02-04_01:49:56.738 [main] DEBUG org.apache.http.wire -  << "1f2[\r][\n]"
2022-02-04_01:49:56.738 [main] DEBUG org.apache.http.wire -  << "{"externalRequestId":"A2moAPe","orderId":103265,"orderStatus":6,"cardDetailResponseList":[{"referenceNumber":6663793518,"serialNumber":10326500010001,"customerName":"afzal","mobileNumber":8284854535,"email":"afzal.ahmed@pinelabs.com","amount":1000,"cardLink":"test.pineperks.in/rCard?c=soEf.bl4Slr9DQb0vHEUAw2","responseCode":0,"responseMessage":"Success"}],"successCount":1,"failedCount":0,"orderAmount":1000,"issuanceCharge":200,"netOrderAmount":1200,"responseCode":0,"responseMessage":"Success"}"
2022-02-04_01:49:56.738 [main] DEBUG org.apache.http.wire -  << "[\r][\n]"
2022-02-04_01:49:56.740 [main] DEBUG org.apache.http.wire -  << "0[\r][\n]"
2022-02-04_01:49:56.742 [main] DEBUG org.apache.http.wire -  << "[\r][\n]"
2022-02-04_01:49:56.742 [main] DEBUG o.a.h.i.c.BasicClientConnectionManager - Releasing connection org.apache.http.impl.conn.ManagedClientConnectionImpl@24edca5e
2022-02-04_01:49:56.742 [main] DEBUG o.a.h.i.c.BasicClientConnectionManager - Connection can be kept alive for 60000 MILLISECONDS
2022-02-04_01:49:56.745 [main] INFO  com.qc.BaseAPI - Response :{
    "externalRequestId": "A2moAPe",
    "orderId": 103265,
    "orderStatus": 6,
    "cardDetailResponseList": [
        {
            "referenceNumber": 6663793518,
            "serialNumber": 10326500010001,
            "customerName": "afzal",
            "mobileNumber": 8284854535,
            "email": "afzal.ahmed@pinelabs.com",
            "amount": 1000,
            "cardLink": "test.pineperks.in/rCard?c=soEf.bl4Slr9DQb0vHEUAw2",
            "responseCode": 0,
            "responseMessage": "Success"
        }
    ],
    "successCount": 1,
    "failedCount": 0,
    "orderAmount": 1000,
    "issuanceCharge": 200,
    "netOrderAmount": 1200,
    "responseCode": 0,
    "responseMessage": "Success"
}
2022-02-04_01:49:56.746 [main] INFO  com.qc.BaseAPI -  **** POST call Response time 2463 ms
2022-02-04_01:49:56.746 [main] INFO  pl.rest.service.CardIssue - Time Taken to perform https://apitest.pineperks.in/card/order/V1/instant/issue/reloadable/digital transaction: 2463
2022-02-04_01:49:56.758 [main] INFO  com.qc.qa.utils.TestDataReader - Reading Json data authorizeHeaders
2022-02-04_01:49:56.763 [main] INFO  com.qc.qa.utils.TestDataReader - Reading json data from file @ testData/api/devAPIData.json
2022-02-04_01:49:56.766 [main] INFO  pl.rest.service.CardReload - Card Reload Rest API URL :- https://apitest.pineperks.in/card/order/V1/instant/reload
2022-02-04_01:49:56.767 [main] INFO  com.qc.BaseAPI - POST call to URL https://apitest.pineperks.in/card/order/V1/instant/reload
2022-02-04_01:49:56.774 [main] INFO  com.qc.BaseAPI - ********************REQUEST********************
2022-02-04_01:49:56.784 [main] DEBUG o.a.h.i.c.BasicClientConnectionManager - Get connection for route {s}->https://apitest.pineperks.in:443
2022-02-04_01:49:56.784 [main] DEBUG o.a.h.i.c.DefaultClientConnectionOperator - Connecting to apitest.pineperks.in:443
2022-02-04_01:49:56.895 [main] DEBUG o.a.h.c.protocol.RequestAddCookies - CookieSpec selected: ignoreCookies
2022-02-04_01:49:56.895 [main] DEBUG o.a.h.c.protocol.RequestAuthCache - Auth cache not set in the context
2022-02-04_01:49:56.896 [main] DEBUG o.a.h.c.p.RequestTargetAuthentication - Target auth state: UNCHALLENGED
2022-02-04_01:49:56.897 [main] DEBUG o.a.h.c.p.RequestProxyAuthentication - Proxy auth state: UNCHALLENGED
2022-02-04_01:49:56.897 [main] DEBUG o.a.h.impl.client.DefaultHttpClient - Attempt 1 to execute request
2022-02-04_01:49:56.897 [main] DEBUG o.a.h.i.conn.DefaultClientConnection - Sending request: POST /card/order/V1/instant/reload HTTP/1.1
2022-02-04_01:49:56.897 [main] DEBUG org.apache.http.wire -  >> "POST /card/order/V1/instant/reload HTTP/1.1[\r][\n]"
2022-02-04_01:49:56.898 [main] DEBUG org.apache.http.wire -  >> "Accept: */*[\r][\n]"
2022-02-04_01:49:56.898 [main] DEBUG org.apache.http.wire -  >> "userName: A0aCcnPzDANtKmvSLPKcaw==[\r][\n]"
2022-02-04_01:49:56.898 [main] DEBUG org.apache.http.wire -  >> "token: fe3327ebd3c44747a8437db22668e8e8[\r][\n]"
2022-02-04_01:49:56.898 [main] DEBUG org.apache.http.wire -  >> "Content-Type: application/json; charset=UTF-8[\r][\n]"
2022-02-04_01:49:56.898 [main] DEBUG org.apache.http.wire -  >> "Content-Length: 178[\r][\n]"
2022-02-04_01:49:56.899 [main] DEBUG org.apache.http.wire -  >> "Host: apitest.pineperks.in[\r][\n]"
2022-02-04_01:49:56.899 [main] DEBUG org.apache.http.wire -  >> "Connection: Keep-Alive[\r][\n]"
2022-02-04_01:49:56.899 [main] DEBUG org.apache.http.wire -  >> "User-Agent: Apache-HttpClient/4.5.2 (Java/1.8.0_202)[\r][\n]"
2022-02-04_01:49:56.899 [main] DEBUG org.apache.http.wire -  >> "Accept-Encoding: gzip,deflate[\r][\n]"
2022-02-04_01:49:56.899 [main] DEBUG org.apache.http.wire -  >> "[\r][\n]"
2022-02-04_01:49:56.899 [main] DEBUG org.apache.http.headers - >> POST /card/order/V1/instant/reload HTTP/1.1
2022-02-04_01:49:56.900 [main] DEBUG org.apache.http.headers - >> Accept: */*
2022-02-04_01:49:56.900 [main] DEBUG org.apache.http.headers - >> userName: A0aCcnPzDANtKmvSLPKcaw==
2022-02-04_01:49:56.900 [main] DEBUG org.apache.http.headers - >> token: fe3327ebd3c44747a8437db22668e8e8
2022-02-04_01:49:56.900 [main] DEBUG org.apache.http.headers - >> Content-Type: application/json; charset=UTF-8
2022-02-04_01:49:56.901 [main] DEBUG org.apache.http.headers - >> Content-Length: 178
2022-02-04_01:49:56.901 [main] DEBUG org.apache.http.headers - >> Host: apitest.pineperks.in
2022-02-04_01:49:56.901 [main] DEBUG org.apache.http.headers - >> Connection: Keep-Alive
2022-02-04_01:49:56.901 [main] DEBUG org.apache.http.headers - >> User-Agent: Apache-HttpClient/4.5.2 (Java/1.8.0_202)
2022-02-04_01:49:56.901 [main] DEBUG org.apache.http.headers - >> Accept-Encoding: gzip,deflate
2022-02-04_01:49:56.901 [main] DEBUG org.apache.http.wire -  >> "{"cardNetwork":"1","cardDetailList":[{"amount":"200","serialNumber":"null","referenceNumber":6663793518}],"cardCategoryId":"1","externalRequestId":"Krq7F1b","cardIdentifier":"1"}"
2022-02-04_01:49:56.936 [main] DEBUG org.apache.http.wire -  << "HTTP/1.1 200 [\r][\n]"
2022-02-04_01:49:56.937 [main] DEBUG org.apache.http.wire -  << "Access-Control-Allow-Methods: GET, POST[\r][\n]"
2022-02-04_01:49:56.937 [main] DEBUG org.apache.http.wire -  << "Access-Control-Allow-Origin: *[\r][\n]"
2022-02-04_01:49:56.937 [main] DEBUG org.apache.http.wire -  << "Content-Security-Policy: default-src 'none'[\r][\n]"
2022-02-04_01:49:56.938 [main] DEBUG org.apache.http.wire -  << "Feature-Policy: 'none'[\r][\n]"
2022-02-04_01:49:56.938 [main] DEBUG org.apache.http.wire -  << "Referrer-Policy: no-referrer[\r][\n]"
2022-02-04_01:49:56.938 [main] DEBUG org.apache.http.wire -  << "Strict-Transport-Security: max-age=31536000 ; includeSubDomains[\r][\n]"
2022-02-04_01:49:56.938 [main] DEBUG org.apache.http.wire -  << "Date: Thu, 03 Feb 2022 20:19:56 GMT[\r][\n]"
2022-02-04_01:49:56.938 [main] DEBUG org.apache.http.wire -  << "Keep-Alive: timeout=60[\r][\n]"
2022-02-04_01:49:56.938 [main] DEBUG org.apache.http.wire -  << "Content-Type: application/json[\r][\n]"
2022-02-04_01:49:56.939 [main] DEBUG org.apache.http.wire -  << "Transfer-Encoding: chunked[\r][\n]"
2022-02-04_01:49:56.939 [main] DEBUG org.apache.http.wire -  << "Connection: keep-alive[\r][\n]"
2022-02-04_01:49:56.939 [main] DEBUG org.apache.http.wire -  << "[\r][\n]"
2022-02-04_01:49:56.939 [main] DEBUG o.a.h.i.conn.DefaultClientConnection - Receiving response: HTTP/1.1 200 
2022-02-04_01:49:56.939 [main] DEBUG org.apache.http.headers - << HTTP/1.1 200 
2022-02-04_01:49:56.939 [main] DEBUG org.apache.http.headers - << Access-Control-Allow-Methods: GET, POST
2022-02-04_01:49:56.939 [main] DEBUG org.apache.http.headers - << Access-Control-Allow-Origin: *
2022-02-04_01:49:56.939 [main] DEBUG org.apache.http.headers - << Content-Security-Policy: default-src 'none'
2022-02-04_01:49:56.939 [main] DEBUG org.apache.http.headers - << Feature-Policy: 'none'
2022-02-04_01:49:56.940 [main] DEBUG org.apache.http.headers - << Referrer-Policy: no-referrer
2022-02-04_01:49:56.940 [main] DEBUG org.apache.http.headers - << Strict-Transport-Security: max-age=31536000 ; includeSubDomains
2022-02-04_01:49:56.940 [main] DEBUG org.apache.http.headers - << Date: Thu, 03 Feb 2022 20:19:56 GMT
2022-02-04_01:49:56.940 [main] DEBUG org.apache.http.headers - << Keep-Alive: timeout=60
2022-02-04_01:49:56.940 [main] DEBUG org.apache.http.headers - << Content-Type: application/json
2022-02-04_01:49:56.940 [main] DEBUG org.apache.http.headers - << Transfer-Encoding: chunked
2022-02-04_01:49:56.940 [main] DEBUG org.apache.http.headers - << Connection: keep-alive
2022-02-04_01:49:56.940 [main] DEBUG o.a.h.impl.client.DefaultHttpClient - Connection can be kept alive for 60000 MILLISECONDS
2022-02-04_01:49:56.941 [main] DEBUG i.r.i.RequestSpecificationImpl$RestAssuredHttpBuilder - Parsing response as: application/json
2022-02-04_01:49:56.942 [main] DEBUG i.r.i.RequestSpecificationImpl$RestAssuredHttpBuilder - Parsed data to instance of: class org.apache.http.conn.EofSensorInputStream
2022-02-04_01:49:56.944 [main] INFO  com.qc.BaseAPI - Method :POST
2022-02-04_01:49:56.946 [main] INFO  com.qc.BaseAPI - URI :https://apitest.pineperks.in/card/order/V1/instant/reload
2022-02-04_01:49:56.946 [main] INFO  com.qc.BaseAPI - Headers :token=fe3327ebd3c44747a8437db22668e8e8
userName=A0aCcnPzDANtKmvSLPKcaw==
Accept=*/*
Content-Type=application/json; charset=UTF-8
2022-02-04_01:49:56.946 [main] INFO  com.qc.BaseAPI - Body :{"cardNetwork":"1","cardDetailList":[{"amount":"200","serialNumber":"null","referenceNumber":6663793518}],"cardCategoryId":"1","externalRequestId":"Krq7F1b","cardIdentifier":"1"}
2022-02-04_01:49:56.946 [main] INFO  com.qc.BaseAPI - ********************RESPONSE********************
2022-02-04_01:49:56.946 [main] DEBUG org.apache.http.wire -  << "e7[\r][\n]"
2022-02-04_01:49:56.946 [main] DEBUG org.apache.http.wire -  << "{"externalRequestId":"Krq7F1b","orderId":null,"orderStatus":null,"cardDetailResponseList":null,"orderAmount":null,"netOrderAmount":null,"successCount":null,"failedCount":null,"responseCode":308,"responseMessage":"Invalid checksum"}"
2022-02-04_01:49:56.946 [main] DEBUG org.apache.http.wire -  << "[\r][\n]"
2022-02-04_01:49:56.947 [main] DEBUG org.apache.http.wire -  << "0[\r][\n]"
2022-02-04_01:49:56.947 [main] DEBUG org.apache.http.wire -  << "[\r][\n]"
2022-02-04_01:49:56.947 [main] DEBUG o.a.h.i.c.BasicClientConnectionManager - Releasing connection org.apache.http.impl.conn.ManagedClientConnectionImpl@7c5ecfca
2022-02-04_01:49:56.947 [main] DEBUG o.a.h.i.c.BasicClientConnectionManager - Connection can be kept alive for 60000 MILLISECONDS
2022-02-04_01:49:56.949 [main] INFO  com.qc.BaseAPI - Response :{
    "externalRequestId": "Krq7F1b",
    "orderId": null,
    "orderStatus": null,
    "cardDetailResponseList": null,
    "orderAmount": null,
    "netOrderAmount": null,
    "successCount": null,
    "failedCount": null,
    "responseCode": 308,
    "responseMessage": "Invalid checksum"
}
2022-02-04_01:49:56.949 [main] INFO  com.qc.BaseAPI -  **** POST call Response time 168 ms
2022-02-04_01:49:56.949 [main] INFO  pl.rest.service.CardReload - Time Taken to perform https://apitest.pineperks.in/card/order/V1/instant/reload transaction: 168
2022-02-04_01:49:56.957 [main] INFO  com.qc.qa.utils.TestDataReader - Reading Json data authorizeHeaders
2022-02-04_01:49:56.964 [main] INFO  com.qc.qa.utils.TestDataReader - Reading json data from file @ testData/api/devAPIData.json
2022-02-04_01:49:56.969 [main] INFO  p.r.service.CorporateAndCardDetails - CardIssue Rest API URL :- https://apitest.pineperks.in/card/profile/V1/detail
2022-02-04_01:49:56.970 [main] INFO  com.qc.BaseAPI - POST call to URL https://apitest.pineperks.in/card/profile/V1/detail
2022-02-04_01:49:56.978 [main] INFO  com.qc.BaseAPI - ********************REQUEST********************
2022-02-04_01:49:56.994 [main] DEBUG o.a.h.i.c.BasicClientConnectionManager - Get connection for route {s}->https://apitest.pineperks.in:443
2022-02-04_01:49:56.994 [main] DEBUG o.a.h.i.c.DefaultClientConnectionOperator - Connecting to apitest.pineperks.in:443
2022-02-04_01:49:57.104 [main] DEBUG o.a.h.c.protocol.RequestAddCookies - CookieSpec selected: ignoreCookies
2022-02-04_01:49:57.104 [main] DEBUG o.a.h.c.protocol.RequestAuthCache - Auth cache not set in the context
2022-02-04_01:49:57.104 [main] DEBUG o.a.h.c.p.RequestTargetAuthentication - Target auth state: UNCHALLENGED
2022-02-04_01:49:57.105 [main] DEBUG o.a.h.c.p.RequestProxyAuthentication - Proxy auth state: UNCHALLENGED
2022-02-04_01:49:57.105 [main] DEBUG o.a.h.impl.client.DefaultHttpClient - Attempt 1 to execute request
2022-02-04_01:49:57.105 [main] DEBUG o.a.h.i.conn.DefaultClientConnection - Sending request: POST /card/profile/V1/detail HTTP/1.1
2022-02-04_01:49:57.105 [main] DEBUG org.apache.http.wire -  >> "POST /card/profile/V1/detail HTTP/1.1[\r][\n]"
2022-02-04_01:49:57.106 [main] DEBUG org.apache.http.wire -  >> "Accept: */*[\r][\n]"
2022-02-04_01:49:57.106 [main] DEBUG org.apache.http.wire -  >> "userName: A0aCcnPzDANtKmvSLPKcaw==[\r][\n]"
2022-02-04_01:49:57.106 [main] DEBUG org.apache.http.wire -  >> "token: fe3327ebd3c44747a8437db22668e8e8[\r][\n]"
2022-02-04_01:49:57.106 [main] DEBUG org.apache.http.wire -  >> "Content-Type: application/json; charset=UTF-8[\r][\n]"
2022-02-04_01:49:57.106 [main] DEBUG org.apache.http.wire -  >> "Content-Length: 40[\r][\n]"
2022-02-04_01:49:57.106 [main] DEBUG org.apache.http.wire -  >> "Host: apitest.pineperks.in[\r][\n]"
2022-02-04_01:49:57.106 [main] DEBUG org.apache.http.wire -  >> "Connection: Keep-Alive[\r][\n]"
2022-02-04_01:49:57.106 [main] DEBUG org.apache.http.wire -  >> "User-Agent: Apache-HttpClient/4.5.2 (Java/1.8.0_202)[\r][\n]"
2022-02-04_01:49:57.107 [main] DEBUG org.apache.http.wire -  >> "Accept-Encoding: gzip,deflate[\r][\n]"
2022-02-04_01:49:57.107 [main] DEBUG org.apache.http.wire -  >> "[\r][\n]"
2022-02-04_01:49:57.107 [main] DEBUG org.apache.http.headers - >> POST /card/profile/V1/detail HTTP/1.1
2022-02-04_01:49:57.107 [main] DEBUG org.apache.http.headers - >> Accept: */*
2022-02-04_01:49:57.107 [main] DEBUG org.apache.http.headers - >> userName: A0aCcnPzDANtKmvSLPKcaw==
2022-02-04_01:49:57.107 [main] DEBUG org.apache.http.headers - >> token: fe3327ebd3c44747a8437db22668e8e8
2022-02-04_01:49:57.107 [main] DEBUG org.apache.http.headers - >> Content-Type: application/json; charset=UTF-8
2022-02-04_01:49:57.107 [main] DEBUG org.apache.http.headers - >> Content-Length: 40
2022-02-04_01:49:57.107 [main] DEBUG org.apache.http.headers - >> Host: apitest.pineperks.in
2022-02-04_01:49:57.108 [main] DEBUG org.apache.http.headers - >> Connection: Keep-Alive
2022-02-04_01:49:57.108 [main] DEBUG org.apache.http.headers - >> User-Agent: Apache-HttpClient/4.5.2 (Java/1.8.0_202)
2022-02-04_01:49:57.108 [main] DEBUG org.apache.http.headers - >> Accept-Encoding: gzip,deflate
2022-02-04_01:49:57.108 [main] DEBUG org.apache.http.wire -  >> "{"cardDetailRequestList":["6663793518"]}"
2022-02-04_01:49:57.142 [main] DEBUG org.apache.http.wire -  << "HTTP/1.1 200 [\r][\n]"
2022-02-04_01:49:57.143 [main] DEBUG org.apache.http.wire -  << "Access-Control-Allow-Methods: GET, POST[\r][\n]"
2022-02-04_01:49:57.143 [main] DEBUG org.apache.http.wire -  << "Access-Control-Allow-Origin: *[\r][\n]"
2022-02-04_01:49:57.143 [main] DEBUG org.apache.http.wire -  << "Content-Security-Policy: default-src 'none'[\r][\n]"
2022-02-04_01:49:57.143 [main] DEBUG org.apache.http.wire -  << "Feature-Policy: 'none'[\r][\n]"
2022-02-04_01:49:57.144 [main] DEBUG org.apache.http.wire -  << "Referrer-Policy: no-referrer[\r][\n]"
2022-02-04_01:49:57.144 [main] DEBUG org.apache.http.wire -  << "Strict-Transport-Security: max-age=31536000 ; includeSubDomains[\r][\n]"
2022-02-04_01:49:57.144 [main] DEBUG org.apache.http.wire -  << "Date: Thu, 03 Feb 2022 20:19:56 GMT[\r][\n]"
2022-02-04_01:49:57.144 [main] DEBUG org.apache.http.wire -  << "Keep-Alive: timeout=60[\r][\n]"
2022-02-04_01:49:57.144 [main] DEBUG org.apache.http.wire -  << "Content-Type: application/json[\r][\n]"
2022-02-04_01:49:57.144 [main] DEBUG org.apache.http.wire -  << "Transfer-Encoding: chunked[\r][\n]"
2022-02-04_01:49:57.144 [main] DEBUG org.apache.http.wire -  << "Connection: keep-alive[\r][\n]"
2022-02-04_01:49:57.145 [main] DEBUG org.apache.http.wire -  << "[\r][\n]"
2022-02-04_01:49:57.145 [main] DEBUG o.a.h.i.conn.DefaultClientConnection - Receiving response: HTTP/1.1 200 
2022-02-04_01:49:57.145 [main] DEBUG org.apache.http.headers - << HTTP/1.1 200 
2022-02-04_01:49:57.145 [main] DEBUG org.apache.http.headers - << Access-Control-Allow-Methods: GET, POST
2022-02-04_01:49:57.145 [main] DEBUG org.apache.http.headers - << Access-Control-Allow-Origin: *
2022-02-04_01:49:57.145 [main] DEBUG org.apache.http.headers - << Content-Security-Policy: default-src 'none'
2022-02-04_01:49:57.145 [main] DEBUG org.apache.http.headers - << Feature-Policy: 'none'
2022-02-04_01:49:57.145 [main] DEBUG org.apache.http.headers - << Referrer-Policy: no-referrer
2022-02-04_01:49:57.145 [main] DEBUG org.apache.http.headers - << Strict-Transport-Security: max-age=31536000 ; includeSubDomains
2022-02-04_01:49:57.145 [main] DEBUG org.apache.http.headers - << Date: Thu, 03 Feb 2022 20:19:56 GMT
2022-02-04_01:49:57.145 [main] DEBUG org.apache.http.headers - << Keep-Alive: timeout=60
2022-02-04_01:49:57.146 [main] DEBUG org.apache.http.headers - << Content-Type: application/json
2022-02-04_01:49:57.146 [main] DEBUG org.apache.http.headers - << Transfer-Encoding: chunked
2022-02-04_01:49:57.146 [main] DEBUG org.apache.http.headers - << Connection: keep-alive
2022-02-04_01:49:57.146 [main] DEBUG o.a.h.impl.client.DefaultHttpClient - Connection can be kept alive for 60000 MILLISECONDS
2022-02-04_01:49:57.146 [main] DEBUG i.r.i.RequestSpecificationImpl$RestAssuredHttpBuilder - Parsing response as: application/json
2022-02-04_01:49:57.146 [main] DEBUG i.r.i.RequestSpecificationImpl$RestAssuredHttpBuilder - Parsed data to instance of: class org.apache.http.conn.EofSensorInputStream
2022-02-04_01:49:57.148 [main] INFO  com.qc.BaseAPI - Method :POST
2022-02-04_01:49:57.149 [main] INFO  com.qc.BaseAPI - URI :https://apitest.pineperks.in/card/profile/V1/detail
2022-02-04_01:49:57.150 [main] INFO  com.qc.BaseAPI - Headers :token=fe3327ebd3c44747a8437db22668e8e8
userName=A0aCcnPzDANtKmvSLPKcaw==
Accept=*/*
Content-Type=application/json; charset=UTF-8
2022-02-04_01:49:57.150 [main] INFO  com.qc.BaseAPI - Body :{"cardDetailRequestList":["6663793518"]}
2022-02-04_01:49:57.150 [main] INFO  com.qc.BaseAPI - ********************RESPONSE********************
2022-02-04_01:49:57.150 [main] DEBUG org.apache.http.wire -  << "3e1[\r][\n]"
2022-02-04_01:49:57.150 [main] DEBUG org.apache.http.wire -  << "{"cardDetailResponseList":[{"cardReferenceNumber":6663793518,"maskedCardNumber":"608363******3245","cardStatus":1,"kycStatus":2,"cardSchemeId":12,"pinMode":4,"cardName":"Holiday Reloadable card","cardVariant":2,"cardCategoryId":1,"loadAmount":1000,"redeemedAmount":0,"balance":1000,"issuedOn":"04-Feb-2022","expiryDate":"28-Feb-2025","isEcommTransactionEnabled":false,"ecommRedeemTransactionLimit":1000000,"isPOSTransactionEnabled":false,"posRedeemTransactionLimit":0,"monthlyCreditAmount":1000,"lastCreditedOn":"04-Feb-2022","activatedOn":"04-Feb-2022","activationName":"Afzal","activationMobileNumber":8284854535,"activationEmail":"afzal.ahmed@pinelabs.com","customerName":"Afzal ahmed","customerMobile":8284854535,"customerEmail":null,"blockedOn":null,"terminatedOn":null,"terminatedBy":null,"reason":null,"reIssuedOn":null,"reIssuedBy":null,"reIssuedByCardReferenceNumber":null,"reIssueCharges":0,"responseCode":0,"responseMessage":"Success"}],"responseCode":0,"responseMessage":"Success"}"
2022-02-04_01:49:57.150 [main] DEBUG org.apache.http.wire -  << "[\r][\n]"
2022-02-04_01:49:57.151 [main] DEBUG org.apache.http.wire -  << "0[\r][\n]"
2022-02-04_01:49:57.151 [main] DEBUG org.apache.http.wire -  << "[\r][\n]"
2022-02-04_01:49:57.152 [main] DEBUG o.a.h.i.c.BasicClientConnectionManager - Releasing connection org.apache.http.impl.conn.ManagedClientConnectionImpl@48b5a380
2022-02-04_01:49:57.152 [main] DEBUG o.a.h.i.c.BasicClientConnectionManager - Connection can be kept alive for 60000 MILLISECONDS
2022-02-04_01:49:57.155 [main] INFO  com.qc.BaseAPI - Response :{
    "cardDetailResponseList": [
        {
            "cardReferenceNumber": 6663793518,
            "maskedCardNumber": "608363******3245",
            "cardStatus": 1,
            "kycStatus": 2,
            "cardSchemeId": 12,
            "pinMode": 4,
            "cardName": "Holiday Reloadable card",
            "cardVariant": 2,
            "cardCategoryId": 1,
            "loadAmount": 1000,
            "redeemedAmount": 0,
            "balance": 1000,
            "issuedOn": "04-Feb-2022",
            "expiryDate": "28-Feb-2025",
            "isEcommTransactionEnabled": false,
            "ecommRedeemTransactionLimit": 1000000,
            "isPOSTransactionEnabled": false,
            "posRedeemTransactionLimit": 0,
            "monthlyCreditAmount": 1000,
            "lastCreditedOn": "04-Feb-2022",
            "activatedOn": "04-Feb-2022",
            "activationName": "Afzal",
            "activationMobileNumber": 8284854535,
            "activationEmail": "afzal.ahmed@pinelabs.com",
            "customerName": "Afzal ahmed",
            "customerMobile": 8284854535,
            "customerEmail": null,
            "blockedOn": null,
            "terminatedOn": null,
            "terminatedBy": null,
            "reason": null,
            "reIssuedOn": null,
            "reIssuedBy": null,
            "reIssuedByCardReferenceNumber": null,
            "reIssueCharges": 0,
            "responseCode": 0,
            "responseMessage": "Success"
        }
    ],
    "responseCode": 0,
    "responseMessage": "Success"
}
2022-02-04_01:49:57.156 [main] INFO  com.qc.BaseAPI -  **** POST call Response time 167 ms
2022-02-04_01:49:57.156 [main] INFO  p.r.service.CorporateAndCardDetails - Time Taken to perform https://apitest.pineperks.in/card/profile/V1/detail transaction: 167
