2021-12-24_00:18:59.527 [main] INFO  pl.rest.CustomHooks - SCENARIO NAME: Changing of scheme of issued card and validating the data in the API response
2021-12-24_00:18:59.535 [main] INFO  pl.rest.CustomHooks - TAG NAMEs: []
2021-12-24_00:18:59.544 [main] INFO  pl.rest.CustomHooks - SCENARIO NAME: Changing of scheme of issued card and validating the data in the API response
2021-12-24_00:18:59.544 [main] INFO  pl.rest.CustomHooks - TAG NAMEs: []
2021-12-24_00:18:59.647 [main] INFO  pl.rest.CustomHooks - Index: 0, Size: 0
2021-12-24_00:19:02.212 [main] INFO  com.qc.qa.utils.TestDataReader - Reading API Test Data config values from  testData/api/devAPITestData.properties
2021-12-24_00:19:02.229 [main] INFO  pl.rest.service.Authorize - Authorize Rest API URL :- https://apitest.pineperks.in/auth/V1/generate/token
2021-12-24_00:19:02.229 [main] INFO  com.qc.BaseAPI - GET call to URL https://apitest.pineperks.in/auth/V1/generate/token
2021-12-24_00:19:02.500 [main] INFO  com.qc.BaseAPI - ********************REQUEST********************
2021-12-24_00:19:05.006 [main] DEBUG o.a.h.i.c.BasicClientConnectionManager - Get connection for route {s}->https://apitest.pineperks.in:443
2021-12-24_00:19:05.069 [main] DEBUG o.a.h.i.c.DefaultClientConnectionOperator - Connecting to apitest.pineperks.in:443
2021-12-24_00:19:05.301 [main] DEBUG o.a.h.c.protocol.RequestAddCookies - CookieSpec selected: ignoreCookies
2021-12-24_00:19:05.304 [main] DEBUG o.a.h.c.protocol.RequestAuthCache - Auth cache not set in the context
2021-12-24_00:19:05.304 [main] DEBUG o.a.h.c.p.RequestTargetAuthentication - Target auth state: UNCHALLENGED
2021-12-24_00:19:05.306 [main] DEBUG o.a.h.c.p.RequestProxyAuthentication - Proxy auth state: UNCHALLENGED
2021-12-24_00:19:05.306 [main] DEBUG o.a.h.impl.client.DefaultHttpClient - Attempt 1 to execute request
2021-12-24_00:19:05.307 [main] DEBUG o.a.h.i.conn.DefaultClientConnection - Sending request: GET /auth/V1/generate/token HTTP/1.1
2021-12-24_00:19:05.307 [main] DEBUG org.apache.http.wire -  >> "GET /auth/V1/generate/token HTTP/1.1[\r][\n]"
2021-12-24_00:19:05.310 [main] DEBUG org.apache.http.wire -  >> "Content-Type: application/json; charset=UTF-8[\r][\n]"
2021-12-24_00:19:05.310 [main] DEBUG org.apache.http.wire -  >> "Accept: */*[\r][\n]"
2021-12-24_00:19:05.310 [main] DEBUG org.apache.http.wire -  >> "userName: A0aCcnPzDANtKmvSLPKcaw==[\r][\n]"
2021-12-24_00:19:05.311 [main] DEBUG org.apache.http.wire -  >> "Host: apitest.pineperks.in[\r][\n]"
2021-12-24_00:19:05.311 [main] DEBUG org.apache.http.wire -  >> "Connection: Keep-Alive[\r][\n]"
2021-12-24_00:19:05.312 [main] DEBUG org.apache.http.wire -  >> "User-Agent: Apache-HttpClient/4.5.2 (Java/1.8.0_202)[\r][\n]"
2021-12-24_00:19:05.312 [main] DEBUG org.apache.http.wire -  >> "Accept-Encoding: gzip,deflate[\r][\n]"
2021-12-24_00:19:05.313 [main] DEBUG org.apache.http.wire -  >> "[\r][\n]"
2021-12-24_00:19:05.313 [main] DEBUG org.apache.http.headers - >> GET /auth/V1/generate/token HTTP/1.1
2021-12-24_00:19:05.313 [main] DEBUG org.apache.http.headers - >> Content-Type: application/json; charset=UTF-8
2021-12-24_00:19:05.313 [main] DEBUG org.apache.http.headers - >> Accept: */*
2021-12-24_00:19:05.314 [main] DEBUG org.apache.http.headers - >> userName: A0aCcnPzDANtKmvSLPKcaw==
2021-12-24_00:19:05.314 [main] DEBUG org.apache.http.headers - >> Host: apitest.pineperks.in
2021-12-24_00:19:05.314 [main] DEBUG org.apache.http.headers - >> Connection: Keep-Alive
2021-12-24_00:19:05.315 [main] DEBUG org.apache.http.headers - >> User-Agent: Apache-HttpClient/4.5.2 (Java/1.8.0_202)
2021-12-24_00:19:05.315 [main] DEBUG org.apache.http.headers - >> Accept-Encoding: gzip,deflate
2021-12-24_00:19:05.359 [main] DEBUG org.apache.http.wire -  << "HTTP/1.1 200 [\r][\n]"
2021-12-24_00:19:05.362 [main] DEBUG org.apache.http.wire -  << "Access-Control-Allow-Methods: GET, POST[\r][\n]"
2021-12-24_00:19:05.362 [main] DEBUG org.apache.http.wire -  << "Access-Control-Allow-Origin: *[\r][\n]"
2021-12-24_00:19:05.362 [main] DEBUG org.apache.http.wire -  << "Content-Security-Policy: default-src 'none'[\r][\n]"
2021-12-24_00:19:05.363 [main] DEBUG org.apache.http.wire -  << "Feature-Policy: 'none'[\r][\n]"
2021-12-24_00:19:05.363 [main] DEBUG org.apache.http.wire -  << "Referrer-Policy: no-referrer[\r][\n]"
2021-12-24_00:19:05.363 [main] DEBUG org.apache.http.wire -  << "Strict-Transport-Security: max-age=31536000 ; includeSubDomains[\r][\n]"
2021-12-24_00:19:05.363 [main] DEBUG org.apache.http.wire -  << "Date: Thu, 23 Dec 2021 18:49:05 GMT[\r][\n]"
2021-12-24_00:19:05.364 [main] DEBUG org.apache.http.wire -  << "Keep-Alive: timeout=60[\r][\n]"
2021-12-24_00:19:05.364 [main] DEBUG org.apache.http.wire -  << "Content-Type: application/json[\r][\n]"
2021-12-24_00:19:05.364 [main] DEBUG org.apache.http.wire -  << "Transfer-Encoding: chunked[\r][\n]"
2021-12-24_00:19:05.364 [main] DEBUG org.apache.http.wire -  << "Connection: keep-alive[\r][\n]"
2021-12-24_00:19:05.364 [main] DEBUG org.apache.http.wire -  << "[\r][\n]"
2021-12-24_00:19:05.366 [main] DEBUG o.a.h.i.conn.DefaultClientConnection - Receiving response: HTTP/1.1 200 
2021-12-24_00:19:05.366 [main] DEBUG org.apache.http.headers - << HTTP/1.1 200 
2021-12-24_00:19:05.366 [main] DEBUG org.apache.http.headers - << Access-Control-Allow-Methods: GET, POST
2021-12-24_00:19:05.366 [main] DEBUG org.apache.http.headers - << Access-Control-Allow-Origin: *
2021-12-24_00:19:05.366 [main] DEBUG org.apache.http.headers - << Content-Security-Policy: default-src 'none'
2021-12-24_00:19:05.366 [main] DEBUG org.apache.http.headers - << Feature-Policy: 'none'
2021-12-24_00:19:05.366 [main] DEBUG org.apache.http.headers - << Referrer-Policy: no-referrer
2021-12-24_00:19:05.366 [main] DEBUG org.apache.http.headers - << Strict-Transport-Security: max-age=31536000 ; includeSubDomains
2021-12-24_00:19:05.366 [main] DEBUG org.apache.http.headers - << Date: Thu, 23 Dec 2021 18:49:05 GMT
2021-12-24_00:19:05.366 [main] DEBUG org.apache.http.headers - << Keep-Alive: timeout=60
2021-12-24_00:19:05.367 [main] DEBUG org.apache.http.headers - << Content-Type: application/json
2021-12-24_00:19:05.367 [main] DEBUG org.apache.http.headers - << Transfer-Encoding: chunked
2021-12-24_00:19:05.367 [main] DEBUG org.apache.http.headers - << Connection: keep-alive
2021-12-24_00:19:05.376 [main] DEBUG o.a.h.impl.client.DefaultHttpClient - Connection can be kept alive for 60000 MILLISECONDS
2021-12-24_00:19:05.401 [main] DEBUG i.r.i.RequestSpecificationImpl$RestAssuredHttpBuilder - Parsing response as: application/json
2021-12-24_00:19:05.401 [main] DEBUG i.r.i.RequestSpecificationImpl$RestAssuredHttpBuilder - Parsed data to instance of: class org.apache.http.conn.EofSensorInputStream
2021-12-24_00:19:05.423 [main] INFO  com.qc.BaseAPI - Method :GET
2021-12-24_00:19:05.426 [main] INFO  com.qc.BaseAPI - URI :https://apitest.pineperks.in/auth/V1/generate/token
2021-12-24_00:19:05.426 [main] INFO  com.qc.BaseAPI - Headers :userName=A0aCcnPzDANtKmvSLPKcaw==
Accept=*/*
Content-Type=application/json; charset=UTF-8
2021-12-24_00:19:05.426 [main] INFO  com.qc.BaseAPI - Body :null
2021-12-24_00:19:05.426 [main] INFO  com.qc.BaseAPI - ********************RESPONSE********************
2021-12-24_00:19:05.444 [main] DEBUG org.apache.http.wire -  << "7f[\r][\n]"
2021-12-24_00:19:05.445 [main] DEBUG org.apache.http.wire -  << "{"accessToken":"95b004c5a88945dd9d9d65571d5decac","tokenExpiryTime":"25-Dec-2021","responseCode":0,"responseMessage":"Success"}"
2021-12-24_00:19:05.447 [main] DEBUG org.apache.http.wire -  << "[\r][\n]"
2021-12-24_00:19:05.447 [main] DEBUG org.apache.http.wire -  << "0[\r][\n]"
2021-12-24_00:19:05.448 [main] DEBUG org.apache.http.wire -  << "[\r][\n]"
2021-12-24_00:19:05.448 [main] DEBUG o.a.h.i.c.BasicClientConnectionManager - Releasing connection org.apache.http.impl.conn.ManagedClientConnectionImpl@54ae39e9
2021-12-24_00:19:05.448 [main] DEBUG o.a.h.i.c.BasicClientConnectionManager - Connection can be kept alive for 60000 MILLISECONDS
2021-12-24_00:19:05.498 [main] INFO  com.qc.BaseAPI - Response :{
    "accessToken": "95b004c5a88945dd9d9d65571d5decac",
    "tokenExpiryTime": "25-Dec-2021",
    "responseCode": 0,
    "responseMessage": "Success"
}
2021-12-24_00:19:05.503 [main] INFO  com.qc.BaseAPI -  **** GET call Response time 2794 ms
2021-12-24_00:19:05.503 [main] INFO  pl.rest.service.Authorize - Time Taken to perform https://apitest.pineperks.in/auth/V1/generate/token transaction: 2794
2021-12-24_00:19:05.705 [main] INFO  com.qc.qa.utils.TestDataReader - Reading Json data authorizeHeaders
2021-12-24_00:19:05.708 [main] INFO  com.qc.qa.utils.TestDataReader - Reading json data from file @ testData/api/devAPIData.json
2021-12-24_00:19:05.743 [main] INFO  pl.rest.service.CardIssue - CardIssue Rest API URL :- https://apitest.pineperks.in/card/order/V1/instant/issue/nonreloadable/digital
2021-12-24_00:19:05.744 [main] INFO  com.qc.BaseAPI - POST call to URL https://apitest.pineperks.in/card/order/V1/instant/issue/nonreloadable/digital
2021-12-24_00:19:05.763 [main] INFO  com.qc.BaseAPI - ********************REQUEST********************
2021-12-24_00:19:05.820 [main] DEBUG o.a.h.i.c.BasicClientConnectionManager - Get connection for route {s}->https://apitest.pineperks.in:443
2021-12-24_00:19:05.821 [main] DEBUG o.a.h.i.c.DefaultClientConnectionOperator - Connecting to apitest.pineperks.in:443
2021-12-24_00:19:05.967 [main] DEBUG o.a.h.c.protocol.RequestAddCookies - CookieSpec selected: ignoreCookies
2021-12-24_00:19:05.967 [main] DEBUG o.a.h.c.protocol.RequestAuthCache - Auth cache not set in the context
2021-12-24_00:19:05.967 [main] DEBUG o.a.h.c.p.RequestTargetAuthentication - Target auth state: UNCHALLENGED
2021-12-24_00:19:05.968 [main] DEBUG o.a.h.c.p.RequestProxyAuthentication - Proxy auth state: UNCHALLENGED
2021-12-24_00:19:05.968 [main] DEBUG o.a.h.impl.client.DefaultHttpClient - Attempt 1 to execute request
2021-12-24_00:19:05.968 [main] DEBUG o.a.h.i.conn.DefaultClientConnection - Sending request: POST /card/order/V1/instant/issue/nonreloadable/digital HTTP/1.1
2021-12-24_00:19:05.968 [main] DEBUG org.apache.http.wire -  >> "POST /card/order/V1/instant/issue/nonreloadable/digital HTTP/1.1[\r][\n]"
2021-12-24_00:19:05.968 [main] DEBUG org.apache.http.wire -  >> "Accept: */*[\r][\n]"
2021-12-24_00:19:05.969 [main] DEBUG org.apache.http.wire -  >> "userName: A0aCcnPzDANtKmvSLPKcaw==[\r][\n]"
2021-12-24_00:19:05.969 [main] DEBUG org.apache.http.wire -  >> "token: 95b004c5a88945dd9d9d65571d5decac[\r][\n]"
2021-12-24_00:19:05.969 [main] DEBUG org.apache.http.wire -  >> "Content-Type: application/json; charset=UTF-8[\r][\n]"
2021-12-24_00:19:05.969 [main] DEBUG org.apache.http.wire -  >> "Content-Length: 241[\r][\n]"
2021-12-24_00:19:05.969 [main] DEBUG org.apache.http.wire -  >> "Host: apitest.pineperks.in[\r][\n]"
2021-12-24_00:19:05.970 [main] DEBUG org.apache.http.wire -  >> "Connection: Keep-Alive[\r][\n]"
2021-12-24_00:19:05.970 [main] DEBUG org.apache.http.wire -  >> "User-Agent: Apache-HttpClient/4.5.2 (Java/1.8.0_202)[\r][\n]"
2021-12-24_00:19:05.970 [main] DEBUG org.apache.http.wire -  >> "Accept-Encoding: gzip,deflate[\r][\n]"
2021-12-24_00:19:05.970 [main] DEBUG org.apache.http.wire -  >> "[\r][\n]"
2021-12-24_00:19:05.970 [main] DEBUG org.apache.http.headers - >> POST /card/order/V1/instant/issue/nonreloadable/digital HTTP/1.1
2021-12-24_00:19:05.970 [main] DEBUG org.apache.http.headers - >> Accept: */*
2021-12-24_00:19:05.970 [main] DEBUG org.apache.http.headers - >> userName: A0aCcnPzDANtKmvSLPKcaw==
2021-12-24_00:19:05.970 [main] DEBUG org.apache.http.headers - >> token: 95b004c5a88945dd9d9d65571d5decac
2021-12-24_00:19:05.971 [main] DEBUG org.apache.http.headers - >> Content-Type: application/json; charset=UTF-8
2021-12-24_00:19:05.971 [main] DEBUG org.apache.http.headers - >> Content-Length: 241
2021-12-24_00:19:05.971 [main] DEBUG org.apache.http.headers - >> Host: apitest.pineperks.in
2021-12-24_00:19:05.971 [main] DEBUG org.apache.http.headers - >> Connection: Keep-Alive
2021-12-24_00:19:05.971 [main] DEBUG org.apache.http.headers - >> User-Agent: Apache-HttpClient/4.5.2 (Java/1.8.0_202)
2021-12-24_00:19:05.971 [main] DEBUG org.apache.http.headers - >> Accept-Encoding: gzip,deflate
2021-12-24_00:19:05.972 [main] DEBUG org.apache.http.wire -  >> "{"isLinkToBeSentOnMobile":true,"checksum":"5x3GNrnStyS2PkMvV6EeAw==","cardDetailList":[{"amount":"1000","mobileNumber":"8284854535","customerName":"afzal","email":"afzal.ahmed@pinelabs.com"}],"externalRequestId":"Nd4zv8Y","cardSchemeId":"7"}"
2021-12-24_00:19:06.182 [main] DEBUG org.apache.http.wire -  << "HTTP/1.1 200 [\r][\n]"
2021-12-24_00:19:06.182 [main] DEBUG org.apache.http.wire -  << "Access-Control-Allow-Methods: GET, POST[\r][\n]"
2021-12-24_00:19:06.183 [main] DEBUG org.apache.http.wire -  << "Access-Control-Allow-Origin: *[\r][\n]"
2021-12-24_00:19:06.183 [main] DEBUG org.apache.http.wire -  << "Content-Security-Policy: default-src 'none'[\r][\n]"
2021-12-24_00:19:06.183 [main] DEBUG org.apache.http.wire -  << "Feature-Policy: 'none'[\r][\n]"
2021-12-24_00:19:06.183 [main] DEBUG org.apache.http.wire -  << "Referrer-Policy: no-referrer[\r][\n]"
2021-12-24_00:19:06.183 [main] DEBUG org.apache.http.wire -  << "Strict-Transport-Security: max-age=31536000 ; includeSubDomains[\r][\n]"
2021-12-24_00:19:06.183 [main] DEBUG org.apache.http.wire -  << "Date: Thu, 23 Dec 2021 18:49:05 GMT[\r][\n]"
2021-12-24_00:19:06.183 [main] DEBUG org.apache.http.wire -  << "Keep-Alive: timeout=60[\r][\n]"
2021-12-24_00:19:06.184 [main] DEBUG org.apache.http.wire -  << "Content-Type: application/json[\r][\n]"
2021-12-24_00:19:06.184 [main] DEBUG org.apache.http.wire -  << "Transfer-Encoding: chunked[\r][\n]"
2021-12-24_00:19:06.184 [main] DEBUG org.apache.http.wire -  << "Connection: keep-alive[\r][\n]"
2021-12-24_00:19:06.184 [main] DEBUG org.apache.http.wire -  << "[\r][\n]"
2021-12-24_00:19:06.184 [main] DEBUG o.a.h.i.conn.DefaultClientConnection - Receiving response: HTTP/1.1 200 
2021-12-24_00:19:06.184 [main] DEBUG org.apache.http.headers - << HTTP/1.1 200 
2021-12-24_00:19:06.185 [main] DEBUG org.apache.http.headers - << Access-Control-Allow-Methods: GET, POST
2021-12-24_00:19:06.185 [main] DEBUG org.apache.http.headers - << Access-Control-Allow-Origin: *
2021-12-24_00:19:06.185 [main] DEBUG org.apache.http.headers - << Content-Security-Policy: default-src 'none'
2021-12-24_00:19:06.185 [main] DEBUG org.apache.http.headers - << Feature-Policy: 'none'
2021-12-24_00:19:06.185 [main] DEBUG org.apache.http.headers - << Referrer-Policy: no-referrer
2021-12-24_00:19:06.185 [main] DEBUG org.apache.http.headers - << Strict-Transport-Security: max-age=31536000 ; includeSubDomains
2021-12-24_00:19:06.185 [main] DEBUG org.apache.http.headers - << Date: Thu, 23 Dec 2021 18:49:05 GMT
2021-12-24_00:19:06.186 [main] DEBUG org.apache.http.headers - << Keep-Alive: timeout=60
2021-12-24_00:19:06.186 [main] DEBUG org.apache.http.headers - << Content-Type: application/json
2021-12-24_00:19:06.186 [main] DEBUG org.apache.http.headers - << Transfer-Encoding: chunked
2021-12-24_00:19:06.186 [main] DEBUG org.apache.http.headers - << Connection: keep-alive
2021-12-24_00:19:06.186 [main] DEBUG o.a.h.impl.client.DefaultHttpClient - Connection can be kept alive for 60000 MILLISECONDS
2021-12-24_00:19:06.187 [main] DEBUG i.r.i.RequestSpecificationImpl$RestAssuredHttpBuilder - Parsing response as: application/json
2021-12-24_00:19:06.187 [main] DEBUG i.r.i.RequestSpecificationImpl$RestAssuredHttpBuilder - Parsed data to instance of: class org.apache.http.conn.EofSensorInputStream
2021-12-24_00:19:06.190 [main] INFO  com.qc.BaseAPI - Method :POST
2021-12-24_00:19:06.194 [main] INFO  com.qc.BaseAPI - URI :https://apitest.pineperks.in/card/order/V1/instant/issue/nonreloadable/digital
2021-12-24_00:19:06.194 [main] INFO  com.qc.BaseAPI - Headers :token=95b004c5a88945dd9d9d65571d5decac
userName=A0aCcnPzDANtKmvSLPKcaw==
Accept=*/*
Content-Type=application/json; charset=UTF-8
2021-12-24_00:19:06.194 [main] INFO  com.qc.BaseAPI - Body :{"isLinkToBeSentOnMobile":true,"checksum":"5x3GNrnStyS2PkMvV6EeAw==","cardDetailList":[{"amount":"1000","mobileNumber":"8284854535","customerName":"afzal","email":"afzal.ahmed@pinelabs.com"}],"externalRequestId":"Nd4zv8Y","cardSchemeId":"7"}
2021-12-24_00:19:06.194 [main] INFO  com.qc.BaseAPI - ********************RESPONSE********************
2021-12-24_00:19:06.194 [main] DEBUG org.apache.http.wire -  << "1f1[\r][\n]"
2021-12-24_00:19:06.195 [main] DEBUG org.apache.http.wire -  << "{"externalRequestId":"Nd4zv8Y","orderId":20951,"orderStatus":6,"cardDetailResponseList":[{"referenceNumber":4814564166,"serialNumber":20951000010001,"customerName":"afzal","mobileNumber":8284854535,"email":"afzal.ahmed@pinelabs.com","amount":1000,"cardLink":"test.pineperks.in/eCard?c=I38Ai9yFLQy8fUg0Jckm4w2","responseCode":0,"responseMessage":"Success"}],"successCount":1,"failedCount":0,"orderAmount":1000,"issuanceCharge":100,"netOrderAmount":1100,"responseCode":0,"responseMessage":"Success"}"
2021-12-24_00:19:06.196 [main] DEBUG org.apache.http.wire -  << "[\r][\n]"
2021-12-24_00:19:06.197 [main] DEBUG org.apache.http.wire -  << "0[\r][\n]"
2021-12-24_00:19:06.197 [main] DEBUG org.apache.http.wire -  << "[\r][\n]"
2021-12-24_00:19:06.197 [main] DEBUG o.a.h.i.c.BasicClientConnectionManager - Releasing connection org.apache.http.impl.conn.ManagedClientConnectionImpl@3f4ff7d2
2021-12-24_00:19:06.197 [main] DEBUG o.a.h.i.c.BasicClientConnectionManager - Connection can be kept alive for 60000 MILLISECONDS
2021-12-24_00:19:06.200 [main] INFO  com.qc.BaseAPI - Response :{
    "externalRequestId": "Nd4zv8Y",
    "orderId": 20951,
    "orderStatus": 6,
    "cardDetailResponseList": [
        {
            "referenceNumber": 4814564166,
            "serialNumber": 20951000010001,
            "customerName": "afzal",
            "mobileNumber": 8284854535,
            "email": "afzal.ahmed@pinelabs.com",
            "amount": 1000,
            "cardLink": "test.pineperks.in/eCard?c=I38Ai9yFLQy8fUg0Jckm4w2",
            "responseCode": 0,
            "responseMessage": "Success"
        }
    ],
    "successCount": 1,
    "failedCount": 0,
    "orderAmount": 1000,
    "issuanceCharge": 100,
    "netOrderAmount": 1100,
    "responseCode": 0,
    "responseMessage": "Success"
}
2021-12-24_00:19:06.200 [main] INFO  com.qc.BaseAPI -  **** POST call Response time 422 ms
2021-12-24_00:19:06.201 [main] INFO  pl.rest.service.CardIssue - Time Taken to perform https://apitest.pineperks.in/card/order/V1/instant/issue/nonreloadable/digital transaction: 422
2021-12-24_00:19:49.483 [main] INFO  com.qc.qa.utils.TestDataReader - Reading Json data authorizeHeaders
2021-12-24_00:19:49.486 [main] INFO  com.qc.qa.utils.TestDataReader - Reading json data from file @ testData/api/devAPIData.json
2021-12-24_00:19:51.048 [main] INFO  p.r.service.CorporateAndCardDetails - CardIssue Rest API URL :- https://apitest.pineperks.in/card/profile/V1/detail
2021-12-24_00:19:51.048 [main] INFO  com.qc.BaseAPI - POST call to URL https://apitest.pineperks.in/card/profile/V1/detail
2021-12-24_00:19:51.055 [main] INFO  com.qc.BaseAPI - ********************REQUEST********************
2021-12-24_00:19:51.066 [main] DEBUG o.a.h.i.c.BasicClientConnectionManager - Get connection for route {s}->https://apitest.pineperks.in:443
2021-12-24_00:19:51.068 [main] DEBUG o.a.h.i.c.DefaultClientConnectionOperator - Connecting to apitest.pineperks.in:443
2021-12-24_00:19:51.188 [main] DEBUG o.a.h.c.protocol.RequestAddCookies - CookieSpec selected: ignoreCookies
2021-12-24_00:19:51.189 [main] DEBUG o.a.h.c.protocol.RequestAuthCache - Auth cache not set in the context
2021-12-24_00:19:51.189 [main] DEBUG o.a.h.c.p.RequestTargetAuthentication - Target auth state: UNCHALLENGED
2021-12-24_00:19:51.189 [main] DEBUG o.a.h.c.p.RequestProxyAuthentication - Proxy auth state: UNCHALLENGED
2021-12-24_00:19:51.189 [main] DEBUG o.a.h.impl.client.DefaultHttpClient - Attempt 1 to execute request
2021-12-24_00:19:51.190 [main] DEBUG o.a.h.i.conn.DefaultClientConnection - Sending request: POST /card/profile/V1/detail HTTP/1.1
2021-12-24_00:19:51.190 [main] DEBUG org.apache.http.wire -  >> "POST /card/profile/V1/detail HTTP/1.1[\r][\n]"
2021-12-24_00:19:51.190 [main] DEBUG org.apache.http.wire -  >> "Accept: */*[\r][\n]"
2021-12-24_00:19:51.190 [main] DEBUG org.apache.http.wire -  >> "userName: A0aCcnPzDANtKmvSLPKcaw==[\r][\n]"
2021-12-24_00:19:51.190 [main] DEBUG org.apache.http.wire -  >> "token: 95b004c5a88945dd9d9d65571d5decac[\r][\n]"
2021-12-24_00:19:51.190 [main] DEBUG org.apache.http.wire -  >> "Content-Type: application/json; charset=UTF-8[\r][\n]"
2021-12-24_00:19:51.190 [main] DEBUG org.apache.http.wire -  >> "Content-Length: 40[\r][\n]"
2021-12-24_00:19:51.191 [main] DEBUG org.apache.http.wire -  >> "Host: apitest.pineperks.in[\r][\n]"
2021-12-24_00:19:51.191 [main] DEBUG org.apache.http.wire -  >> "Connection: Keep-Alive[\r][\n]"
2021-12-24_00:19:51.191 [main] DEBUG org.apache.http.wire -  >> "User-Agent: Apache-HttpClient/4.5.2 (Java/1.8.0_202)[\r][\n]"
2021-12-24_00:19:51.191 [main] DEBUG org.apache.http.wire -  >> "Accept-Encoding: gzip,deflate[\r][\n]"
2021-12-24_00:19:51.191 [main] DEBUG org.apache.http.wire -  >> "[\r][\n]"
2021-12-24_00:19:51.191 [main] DEBUG org.apache.http.headers - >> POST /card/profile/V1/detail HTTP/1.1
2021-12-24_00:19:51.191 [main] DEBUG org.apache.http.headers - >> Accept: */*
2021-12-24_00:19:51.191 [main] DEBUG org.apache.http.headers - >> userName: A0aCcnPzDANtKmvSLPKcaw==
2021-12-24_00:19:51.191 [main] DEBUG org.apache.http.headers - >> token: 95b004c5a88945dd9d9d65571d5decac
2021-12-24_00:19:51.192 [main] DEBUG org.apache.http.headers - >> Content-Type: application/json; charset=UTF-8
2021-12-24_00:19:51.192 [main] DEBUG org.apache.http.headers - >> Content-Length: 40
2021-12-24_00:19:51.192 [main] DEBUG org.apache.http.headers - >> Host: apitest.pineperks.in
2021-12-24_00:19:51.192 [main] DEBUG org.apache.http.headers - >> Connection: Keep-Alive
2021-12-24_00:19:51.192 [main] DEBUG org.apache.http.headers - >> User-Agent: Apache-HttpClient/4.5.2 (Java/1.8.0_202)
2021-12-24_00:19:51.192 [main] DEBUG org.apache.http.headers - >> Accept-Encoding: gzip,deflate
2021-12-24_00:19:51.192 [main] DEBUG org.apache.http.wire -  >> "{"cardDetailRequestList":["4814564166"]}"
2021-12-24_00:19:51.239 [main] DEBUG org.apache.http.wire -  << "HTTP/1.1 200 [\r][\n]"
2021-12-24_00:19:51.240 [main] DEBUG org.apache.http.wire -  << "Access-Control-Allow-Methods: GET, POST[\r][\n]"
2021-12-24_00:19:51.240 [main] DEBUG org.apache.http.wire -  << "Access-Control-Allow-Origin: *[\r][\n]"
2021-12-24_00:19:51.240 [main] DEBUG org.apache.http.wire -  << "Content-Security-Policy: default-src 'none'[\r][\n]"
2021-12-24_00:19:51.240 [main] DEBUG org.apache.http.wire -  << "Feature-Policy: 'none'[\r][\n]"
2021-12-24_00:19:51.240 [main] DEBUG org.apache.http.wire -  << "Referrer-Policy: no-referrer[\r][\n]"
2021-12-24_00:19:51.240 [main] DEBUG org.apache.http.wire -  << "Strict-Transport-Security: max-age=31536000 ; includeSubDomains[\r][\n]"
2021-12-24_00:19:51.240 [main] DEBUG org.apache.http.wire -  << "Date: Thu, 23 Dec 2021 18:49:51 GMT[\r][\n]"
2021-12-24_00:19:51.240 [main] DEBUG org.apache.http.wire -  << "Keep-Alive: timeout=60[\r][\n]"
2021-12-24_00:19:51.240 [main] DEBUG org.apache.http.wire -  << "Content-Type: application/json[\r][\n]"
2021-12-24_00:19:51.240 [main] DEBUG org.apache.http.wire -  << "Transfer-Encoding: chunked[\r][\n]"
2021-12-24_00:19:51.240 [main] DEBUG org.apache.http.wire -  << "Connection: keep-alive[\r][\n]"
2021-12-24_00:19:51.240 [main] DEBUG org.apache.http.wire -  << "[\r][\n]"
2021-12-24_00:19:51.240 [main] DEBUG o.a.h.i.conn.DefaultClientConnection - Receiving response: HTTP/1.1 200 
2021-12-24_00:19:51.241 [main] DEBUG org.apache.http.headers - << HTTP/1.1 200 
2021-12-24_00:19:51.241 [main] DEBUG org.apache.http.headers - << Access-Control-Allow-Methods: GET, POST
2021-12-24_00:19:51.241 [main] DEBUG org.apache.http.headers - << Access-Control-Allow-Origin: *
2021-12-24_00:19:51.241 [main] DEBUG org.apache.http.headers - << Content-Security-Policy: default-src 'none'
2021-12-24_00:19:51.241 [main] DEBUG org.apache.http.headers - << Feature-Policy: 'none'
2021-12-24_00:19:51.241 [main] DEBUG org.apache.http.headers - << Referrer-Policy: no-referrer
2021-12-24_00:19:51.241 [main] DEBUG org.apache.http.headers - << Strict-Transport-Security: max-age=31536000 ; includeSubDomains
2021-12-24_00:19:51.241 [main] DEBUG org.apache.http.headers - << Date: Thu, 23 Dec 2021 18:49:51 GMT
2021-12-24_00:19:51.241 [main] DEBUG org.apache.http.headers - << Keep-Alive: timeout=60
2021-12-24_00:19:51.241 [main] DEBUG org.apache.http.headers - << Content-Type: application/json
2021-12-24_00:19:51.241 [main] DEBUG org.apache.http.headers - << Transfer-Encoding: chunked
2021-12-24_00:19:51.241 [main] DEBUG org.apache.http.headers - << Connection: keep-alive
2021-12-24_00:19:51.241 [main] DEBUG o.a.h.impl.client.DefaultHttpClient - Connection can be kept alive for 60000 MILLISECONDS
2021-12-24_00:19:51.242 [main] DEBUG i.r.i.RequestSpecificationImpl$RestAssuredHttpBuilder - Parsing response as: application/json
2021-12-24_00:19:51.242 [main] DEBUG i.r.i.RequestSpecificationImpl$RestAssuredHttpBuilder - Parsed data to instance of: class org.apache.http.conn.EofSensorInputStream
2021-12-24_00:19:51.243 [main] INFO  com.qc.BaseAPI - Method :POST
2021-12-24_00:19:51.244 [main] INFO  com.qc.BaseAPI - URI :https://apitest.pineperks.in/card/profile/V1/detail
2021-12-24_00:19:51.244 [main] INFO  com.qc.BaseAPI - Headers :token=95b004c5a88945dd9d9d65571d5decac
userName=A0aCcnPzDANtKmvSLPKcaw==
Accept=*/*
Content-Type=application/json; charset=UTF-8
2021-12-24_00:19:51.244 [main] INFO  com.qc.BaseAPI - Body :{"cardDetailRequestList":["4814564166"]}
2021-12-24_00:19:51.244 [main] INFO  com.qc.BaseAPI - ********************RESPONSE********************
2021-12-24_00:19:51.244 [main] DEBUG org.apache.http.wire -  << "3be[\r][\n]"
2021-12-24_00:19:51.244 [main] DEBUG org.apache.http.wire -  << "{"cardDetailResponseList":[{"cardReferenceNumber":4814564166,"maskedCardNumber":"608364******3919","cardStatus":1,"kycStatus":null,"cardSchemeId":7,"pinMode":4,"cardName":"milson Card","cardVariant":2,"cardCategoryId":4,"loadAmount":1000,"redeemedAmount":0,"balance":1000,"issuedOn":"24-Dec-2021","expiryDate":"31-Dec-2023","isEcommTransactionEnabled":true,"ecommRedeemTransactionLimit":0,"isPOSTransactionEnabled":false,"posRedeemTransactionLimit":0,"monthlyCreditAmount":null,"lastCreditedOn":null,"activatedOn":null,"activationName":"Afzal","activationMobileNumber":8284854535,"activationEmail":"afzal.ahmed@pinelabs.com","customerName":"Afzal ahmed","customerMobile":8284854535,"customerEmail":null,"blockedOn":null,"terminatedOn":null,"terminatedBy":null,"reason":null,"reIssuedOn":null,"reIssuedBy":null,"reIssuedByCardReferenceNumber":null,"reIssueCharges":0,"responseCode":0,"responseMessage":"Success"}],"responseCode":0,"responseMessage":"Success"}"
2021-12-24_00:19:51.244 [main] DEBUG org.apache.http.wire -  << "[\r][\n]"
2021-12-24_00:19:51.245 [main] DEBUG org.apache.http.wire -  << "0[\r][\n]"
2021-12-24_00:19:51.245 [main] DEBUG org.apache.http.wire -  << "[\r][\n]"
2021-12-24_00:19:51.245 [main] DEBUG o.a.h.i.c.BasicClientConnectionManager - Releasing connection org.apache.http.impl.conn.ManagedClientConnectionImpl@37eaa07d
2021-12-24_00:19:51.245 [main] DEBUG o.a.h.i.c.BasicClientConnectionManager - Connection can be kept alive for 60000 MILLISECONDS
2021-12-24_00:19:51.247 [main] INFO  com.qc.BaseAPI - Response :{
    "cardDetailResponseList": [
        {
            "cardReferenceNumber": 4814564166,
            "maskedCardNumber": "608364******3919",
            "cardStatus": 1,
            "kycStatus": null,
            "cardSchemeId": 7,
            "pinMode": 4,
            "cardName": "milson Card",
            "cardVariant": 2,
            "cardCategoryId": 4,
            "loadAmount": 1000,
            "redeemedAmount": 0,
            "balance": 1000,
            "issuedOn": "24-Dec-2021",
            "expiryDate": "31-Dec-2023",
            "isEcommTransactionEnabled": true,
            "ecommRedeemTransactionLimit": 0,
            "isPOSTransactionEnabled": false,
            "posRedeemTransactionLimit": 0,
            "monthlyCreditAmount": null,
            "lastCreditedOn": null,
            "activatedOn": null,
            "activationName": "Afzal",
            "activationMobileNumber": 8284854535,
            "activationEmail": "afzal.ahmed@pinelabs.com",
            "customerName": "Afzal ahmed",
            "customerMobile": 8284854535,
            "customerEmail": null,
            "blockedOn": null,
            "terminatedOn": null,
            "terminatedBy": null,
            "reason": null,
            "reIssuedOn": null,
            "reIssuedBy": null,
            "reIssuedByCardReferenceNumber": null,
            "reIssueCharges": 0,
            "responseCode": 0,
            "responseMessage": "Success"
        }
    ],
    "responseCode": 0,
    "responseMessage": "Success"
}
2021-12-24_00:19:51.247 [main] INFO  com.qc.BaseAPI -  **** POST call Response time 187 ms
2021-12-24_00:19:51.247 [main] INFO  p.r.service.CorporateAndCardDetails - Time Taken to perform https://apitest.pineperks.in/card/profile/V1/detail transaction: 187
