2022-01-17_14:50:06.514 [main] INFO  pl.rest.CustomHooks - SCENARIO NAME: Issuing a instant non reloadable card
2022-01-17_14:50:06.518 [main] INFO  pl.rest.CustomHooks - TAG NAMEs: [@Regression, @DB]
2022-01-17_14:50:06.522 [main] INFO  pl.rest.CustomHooks - SCENARIO NAME: Issuing a instant non reloadable card
2022-01-17_14:50:06.523 [main] INFO  pl.rest.CustomHooks - TAG NAMEs: [@Regression, @DB]
2022-01-17_14:50:06.597 [main] INFO  pl.rest.CustomHooks - Index: 0, Size: 0
2022-01-17_14:50:07.675 [main] INFO  com.qc.qa.utils.TestDataReader - Reading API Test Data config values from  testData/api/devAPITestData.properties
2022-01-17_14:50:07.680 [main] INFO  pl.rest.service.Authorize - Authorize Rest API URL :- https://apitest.pineperks.in/auth/V1/generate/token
2022-01-17_14:50:07.680 [main] INFO  com.qc.BaseAPI - GET call to URL https://apitest.pineperks.in/auth/V1/generate/token
2022-01-17_14:50:07.855 [main] INFO  com.qc.BaseAPI - ********************REQUEST********************
2022-01-17_14:50:10.122 [main] DEBUG o.a.h.i.c.BasicClientConnectionManager - Get connection for route {s}->https://apitest.pineperks.in:443
2022-01-17_14:50:10.195 [main] DEBUG o.a.h.i.c.DefaultClientConnectionOperator - Connecting to apitest.pineperks.in:443
2022-01-17_14:50:10.619 [main] DEBUG o.a.h.c.protocol.RequestAddCookies - CookieSpec selected: ignoreCookies
2022-01-17_14:50:10.623 [main] DEBUG o.a.h.c.protocol.RequestAuthCache - Auth cache not set in the context
2022-01-17_14:50:10.624 [main] DEBUG o.a.h.c.p.RequestTargetAuthentication - Target auth state: UNCHALLENGED
2022-01-17_14:50:10.625 [main] DEBUG o.a.h.c.p.RequestProxyAuthentication - Proxy auth state: UNCHALLENGED
2022-01-17_14:50:10.626 [main] DEBUG o.a.h.impl.client.DefaultHttpClient - Attempt 1 to execute request
2022-01-17_14:50:10.627 [main] DEBUG o.a.h.i.conn.DefaultClientConnection - Sending request: GET /auth/V1/generate/token HTTP/1.1
2022-01-17_14:50:10.628 [main] DEBUG org.apache.http.wire -  >> "GET /auth/V1/generate/token HTTP/1.1[\r][\n]"
2022-01-17_14:50:10.629 [main] DEBUG org.apache.http.wire -  >> "Content-Type: application/json; charset=UTF-8[\r][\n]"
2022-01-17_14:50:10.630 [main] DEBUG org.apache.http.wire -  >> "Accept: */*[\r][\n]"
2022-01-17_14:50:10.630 [main] DEBUG org.apache.http.wire -  >> "userName: A0aCcnPzDANtKmvSLPKcaw==[\r][\n]"
2022-01-17_14:50:10.630 [main] DEBUG org.apache.http.wire -  >> "Host: apitest.pineperks.in[\r][\n]"
2022-01-17_14:50:10.631 [main] DEBUG org.apache.http.wire -  >> "Connection: Keep-Alive[\r][\n]"
2022-01-17_14:50:10.631 [main] DEBUG org.apache.http.wire -  >> "User-Agent: Apache-HttpClient/4.5.2 (Java/1.8.0_202)[\r][\n]"
2022-01-17_14:50:10.631 [main] DEBUG org.apache.http.wire -  >> "Accept-Encoding: gzip,deflate[\r][\n]"
2022-01-17_14:50:10.632 [main] DEBUG org.apache.http.wire -  >> "[\r][\n]"
2022-01-17_14:50:10.632 [main] DEBUG org.apache.http.headers - >> GET /auth/V1/generate/token HTTP/1.1
2022-01-17_14:50:10.632 [main] DEBUG org.apache.http.headers - >> Content-Type: application/json; charset=UTF-8
2022-01-17_14:50:10.632 [main] DEBUG org.apache.http.headers - >> Accept: */*
2022-01-17_14:50:10.632 [main] DEBUG org.apache.http.headers - >> userName: A0aCcnPzDANtKmvSLPKcaw==
2022-01-17_14:50:10.632 [main] DEBUG org.apache.http.headers - >> Host: apitest.pineperks.in
2022-01-17_14:50:10.633 [main] DEBUG org.apache.http.headers - >> Connection: Keep-Alive
2022-01-17_14:50:10.633 [main] DEBUG org.apache.http.headers - >> User-Agent: Apache-HttpClient/4.5.2 (Java/1.8.0_202)
2022-01-17_14:50:10.633 [main] DEBUG org.apache.http.headers - >> Accept-Encoding: gzip,deflate
2022-01-17_14:50:10.723 [main] DEBUG org.apache.http.wire -  << "HTTP/1.1 200 [\r][\n]"
2022-01-17_14:50:10.727 [main] DEBUG org.apache.http.wire -  << "Access-Control-Allow-Methods: GET, POST[\r][\n]"
2022-01-17_14:50:10.727 [main] DEBUG org.apache.http.wire -  << "Access-Control-Allow-Origin: *[\r][\n]"
2022-01-17_14:50:10.727 [main] DEBUG org.apache.http.wire -  << "Content-Security-Policy: default-src 'none'[\r][\n]"
2022-01-17_14:50:10.728 [main] DEBUG org.apache.http.wire -  << "Feature-Policy: 'none'[\r][\n]"
2022-01-17_14:50:10.728 [main] DEBUG org.apache.http.wire -  << "Referrer-Policy: no-referrer[\r][\n]"
2022-01-17_14:50:10.728 [main] DEBUG org.apache.http.wire -  << "Strict-Transport-Security: max-age=31536000 ; includeSubDomains[\r][\n]"
2022-01-17_14:50:10.728 [main] DEBUG org.apache.http.wire -  << "Date: Mon, 17 Jan 2022 09:20:10 GMT[\r][\n]"
2022-01-17_14:50:10.729 [main] DEBUG org.apache.http.wire -  << "Keep-Alive: timeout=60[\r][\n]"
2022-01-17_14:50:10.729 [main] DEBUG org.apache.http.wire -  << "Content-Type: application/json[\r][\n]"
2022-01-17_14:50:10.729 [main] DEBUG org.apache.http.wire -  << "Transfer-Encoding: chunked[\r][\n]"
2022-01-17_14:50:10.729 [main] DEBUG org.apache.http.wire -  << "Connection: keep-alive[\r][\n]"
2022-01-17_14:50:10.730 [main] DEBUG org.apache.http.wire -  << "[\r][\n]"
2022-01-17_14:50:10.731 [main] DEBUG o.a.h.i.conn.DefaultClientConnection - Receiving response: HTTP/1.1 200 
2022-01-17_14:50:10.732 [main] DEBUG org.apache.http.headers - << HTTP/1.1 200 
2022-01-17_14:50:10.732 [main] DEBUG org.apache.http.headers - << Access-Control-Allow-Methods: GET, POST
2022-01-17_14:50:10.732 [main] DEBUG org.apache.http.headers - << Access-Control-Allow-Origin: *
2022-01-17_14:50:10.732 [main] DEBUG org.apache.http.headers - << Content-Security-Policy: default-src 'none'
2022-01-17_14:50:10.733 [main] DEBUG org.apache.http.headers - << Feature-Policy: 'none'
2022-01-17_14:50:10.733 [main] DEBUG org.apache.http.headers - << Referrer-Policy: no-referrer
2022-01-17_14:50:10.733 [main] DEBUG org.apache.http.headers - << Strict-Transport-Security: max-age=31536000 ; includeSubDomains
2022-01-17_14:50:10.734 [main] DEBUG org.apache.http.headers - << Date: Mon, 17 Jan 2022 09:20:10 GMT
2022-01-17_14:50:10.734 [main] DEBUG org.apache.http.headers - << Keep-Alive: timeout=60
2022-01-17_14:50:10.735 [main] DEBUG org.apache.http.headers - << Content-Type: application/json
2022-01-17_14:50:10.735 [main] DEBUG org.apache.http.headers - << Transfer-Encoding: chunked
2022-01-17_14:50:10.735 [main] DEBUG org.apache.http.headers - << Connection: keep-alive
2022-01-17_14:50:10.746 [main] DEBUG o.a.h.impl.client.DefaultHttpClient - Connection can be kept alive for 60000 MILLISECONDS
2022-01-17_14:50:10.778 [main] DEBUG i.r.i.RequestSpecificationImpl$RestAssuredHttpBuilder - Parsing response as: application/json
2022-01-17_14:50:10.779 [main] DEBUG i.r.i.RequestSpecificationImpl$RestAssuredHttpBuilder - Parsed data to instance of: class org.apache.http.conn.EofSensorInputStream
2022-01-17_14:50:10.799 [main] INFO  com.qc.BaseAPI - Method :GET
2022-01-17_14:50:10.802 [main] INFO  com.qc.BaseAPI - URI :https://apitest.pineperks.in/auth/V1/generate/token
2022-01-17_14:50:10.803 [main] INFO  com.qc.BaseAPI - Headers :userName=A0aCcnPzDANtKmvSLPKcaw==
Accept=*/*
Content-Type=application/json; charset=UTF-8
2022-01-17_14:50:10.803 [main] INFO  com.qc.BaseAPI - Body :null
2022-01-17_14:50:10.803 [main] INFO  com.qc.BaseAPI - ********************RESPONSE********************
2022-01-17_14:50:10.820 [main] DEBUG org.apache.http.wire -  << "7f[\r][\n]"
2022-01-17_14:50:10.821 [main] DEBUG org.apache.http.wire -  << "{"accessToken":"88b3e2a9e5b14b0682078b98d0bd221c","tokenExpiryTime":"17-May-2022","responseCode":0,"responseMessage":"Success"}"
2022-01-17_14:50:10.822 [main] DEBUG org.apache.http.wire -  << "[\r][\n]"
2022-01-17_14:50:10.823 [main] DEBUG org.apache.http.wire -  << "0[\r][\n]"
2022-01-17_14:50:10.823 [main] DEBUG org.apache.http.wire -  << "[\r][\n]"
2022-01-17_14:50:10.823 [main] DEBUG o.a.h.i.c.BasicClientConnectionManager - Releasing connection org.apache.http.impl.conn.ManagedClientConnectionImpl@1a714d1
2022-01-17_14:50:10.824 [main] DEBUG o.a.h.i.c.BasicClientConnectionManager - Connection can be kept alive for 60000 MILLISECONDS
2022-01-17_14:50:10.879 [main] INFO  com.qc.BaseAPI - Response :{
    "accessToken": "88b3e2a9e5b14b0682078b98d0bd221c",
    "tokenExpiryTime": "17-May-2022",
    "responseCode": 0,
    "responseMessage": "Success"
}
2022-01-17_14:50:10.883 [main] INFO  com.qc.BaseAPI -  **** GET call Response time 2931 ms
2022-01-17_14:50:10.883 [main] INFO  pl.rest.service.Authorize - Time Taken to perform https://apitest.pineperks.in/auth/V1/generate/token transaction: 2931
2022-01-17_14:50:10.998 [main] INFO  com.qc.qa.utils.TestDataReader - Reading Json data authorizeHeaders
2022-01-17_14:50:11.002 [main] INFO  com.qc.qa.utils.TestDataReader - Reading json data from file @ testData/api/devAPIData.json
2022-01-17_14:50:11.025 [main] INFO  pl.rest.service.CardIssue - CardIssue Rest API URL :- https://apitest.pineperks.in/card/order/V1/instant/issue/nonreloadable/digital
2022-01-17_14:50:11.025 [main] INFO  com.qc.BaseAPI - POST call to URL https://apitest.pineperks.in/card/order/V1/instant/issue/nonreloadable/digital
2022-01-17_14:50:11.038 [main] INFO  com.qc.BaseAPI - ********************REQUEST********************
2022-01-17_14:50:11.077 [main] DEBUG o.a.h.i.c.BasicClientConnectionManager - Get connection for route {s}->https://apitest.pineperks.in:443
2022-01-17_14:50:11.077 [main] DEBUG o.a.h.i.c.DefaultClientConnectionOperator - Connecting to apitest.pineperks.in:443
2022-01-17_14:50:11.385 [main] DEBUG o.a.h.c.protocol.RequestAddCookies - CookieSpec selected: ignoreCookies
2022-01-17_14:50:11.385 [main] DEBUG o.a.h.c.protocol.RequestAuthCache - Auth cache not set in the context
2022-01-17_14:50:11.385 [main] DEBUG o.a.h.c.p.RequestTargetAuthentication - Target auth state: UNCHALLENGED
2022-01-17_14:50:11.385 [main] DEBUG o.a.h.c.p.RequestProxyAuthentication - Proxy auth state: UNCHALLENGED
2022-01-17_14:50:11.385 [main] DEBUG o.a.h.impl.client.DefaultHttpClient - Attempt 1 to execute request
2022-01-17_14:50:11.385 [main] DEBUG o.a.h.i.conn.DefaultClientConnection - Sending request: POST /card/order/V1/instant/issue/nonreloadable/digital HTTP/1.1
2022-01-17_14:50:11.386 [main] DEBUG org.apache.http.wire -  >> "POST /card/order/V1/instant/issue/nonreloadable/digital HTTP/1.1[\r][\n]"
2022-01-17_14:50:11.386 [main] DEBUG org.apache.http.wire -  >> "Accept: */*[\r][\n]"
2022-01-17_14:50:11.386 [main] DEBUG org.apache.http.wire -  >> "userName: A0aCcnPzDANtKmvSLPKcaw==[\r][\n]"
2022-01-17_14:50:11.386 [main] DEBUG org.apache.http.wire -  >> "token: 88b3e2a9e5b14b0682078b98d0bd221c[\r][\n]"
2022-01-17_14:50:11.386 [main] DEBUG org.apache.http.wire -  >> "Content-Type: application/json; charset=UTF-8[\r][\n]"
2022-01-17_14:50:11.387 [main] DEBUG org.apache.http.wire -  >> "Content-Length: 241[\r][\n]"
2022-01-17_14:50:11.387 [main] DEBUG org.apache.http.wire -  >> "Host: apitest.pineperks.in[\r][\n]"
2022-01-17_14:50:11.387 [main] DEBUG org.apache.http.wire -  >> "Connection: Keep-Alive[\r][\n]"
2022-01-17_14:50:11.387 [main] DEBUG org.apache.http.wire -  >> "User-Agent: Apache-HttpClient/4.5.2 (Java/1.8.0_202)[\r][\n]"
2022-01-17_14:50:11.387 [main] DEBUG org.apache.http.wire -  >> "Accept-Encoding: gzip,deflate[\r][\n]"
2022-01-17_14:50:11.387 [main] DEBUG org.apache.http.wire -  >> "[\r][\n]"
2022-01-17_14:50:11.387 [main] DEBUG org.apache.http.headers - >> POST /card/order/V1/instant/issue/nonreloadable/digital HTTP/1.1
2022-01-17_14:50:11.387 [main] DEBUG org.apache.http.headers - >> Accept: */*
2022-01-17_14:50:11.387 [main] DEBUG org.apache.http.headers - >> userName: A0aCcnPzDANtKmvSLPKcaw==
2022-01-17_14:50:11.387 [main] DEBUG org.apache.http.headers - >> token: 88b3e2a9e5b14b0682078b98d0bd221c
2022-01-17_14:50:11.387 [main] DEBUG org.apache.http.headers - >> Content-Type: application/json; charset=UTF-8
2022-01-17_14:50:11.387 [main] DEBUG org.apache.http.headers - >> Content-Length: 241
2022-01-17_14:50:11.387 [main] DEBUG org.apache.http.headers - >> Host: apitest.pineperks.in
2022-01-17_14:50:11.387 [main] DEBUG org.apache.http.headers - >> Connection: Keep-Alive
2022-01-17_14:50:11.387 [main] DEBUG org.apache.http.headers - >> User-Agent: Apache-HttpClient/4.5.2 (Java/1.8.0_202)
2022-01-17_14:50:11.389 [main] DEBUG org.apache.http.headers - >> Accept-Encoding: gzip,deflate
2022-01-17_14:50:11.389 [main] DEBUG org.apache.http.wire -  >> "{"isLinkToBeSentOnMobile":true,"checksum":"5x3GNrnStyS2PkMvV6EeAw==","cardDetailList":[{"amount":"1000","mobileNumber":"8284854535","customerName":"afzal","email":"afzal.ahmed@pinelabs.com"}],"externalRequestId":"GFPt4Gu","cardSchemeId":"7"}"
2022-01-17_14:50:11.742 [main] DEBUG org.apache.http.wire -  << "HTTP/1.1 200 [\r][\n]"
2022-01-17_14:50:11.743 [main] DEBUG org.apache.http.wire -  << "Access-Control-Allow-Methods: GET, POST[\r][\n]"
2022-01-17_14:50:11.743 [main] DEBUG org.apache.http.wire -  << "Access-Control-Allow-Origin: *[\r][\n]"
2022-01-17_14:50:11.743 [main] DEBUG org.apache.http.wire -  << "Content-Security-Policy: default-src 'none'[\r][\n]"
2022-01-17_14:50:11.743 [main] DEBUG org.apache.http.wire -  << "Feature-Policy: 'none'[\r][\n]"
2022-01-17_14:50:11.743 [main] DEBUG org.apache.http.wire -  << "Referrer-Policy: no-referrer[\r][\n]"
2022-01-17_14:50:11.744 [main] DEBUG org.apache.http.wire -  << "Strict-Transport-Security: max-age=31536000 ; includeSubDomains[\r][\n]"
2022-01-17_14:50:11.744 [main] DEBUG org.apache.http.wire -  << "Date: Mon, 17 Jan 2022 09:20:11 GMT[\r][\n]"
2022-01-17_14:50:11.744 [main] DEBUG org.apache.http.wire -  << "Keep-Alive: timeout=60[\r][\n]"
2022-01-17_14:50:11.744 [main] DEBUG org.apache.http.wire -  << "Content-Type: application/json[\r][\n]"
2022-01-17_14:50:11.744 [main] DEBUG org.apache.http.wire -  << "Transfer-Encoding: chunked[\r][\n]"
2022-01-17_14:50:11.744 [main] DEBUG org.apache.http.wire -  << "Connection: keep-alive[\r][\n]"
2022-01-17_14:50:11.744 [main] DEBUG org.apache.http.wire -  << "[\r][\n]"
2022-01-17_14:50:11.745 [main] DEBUG o.a.h.i.conn.DefaultClientConnection - Receiving response: HTTP/1.1 200 
2022-01-17_14:50:11.745 [main] DEBUG org.apache.http.headers - << HTTP/1.1 200 
2022-01-17_14:50:11.746 [main] DEBUG org.apache.http.headers - << Access-Control-Allow-Methods: GET, POST
2022-01-17_14:50:11.746 [main] DEBUG org.apache.http.headers - << Access-Control-Allow-Origin: *
2022-01-17_14:50:11.746 [main] DEBUG org.apache.http.headers - << Content-Security-Policy: default-src 'none'
2022-01-17_14:50:11.746 [main] DEBUG org.apache.http.headers - << Feature-Policy: 'none'
2022-01-17_14:50:11.746 [main] DEBUG org.apache.http.headers - << Referrer-Policy: no-referrer
2022-01-17_14:50:11.746 [main] DEBUG org.apache.http.headers - << Strict-Transport-Security: max-age=31536000 ; includeSubDomains
2022-01-17_14:50:11.746 [main] DEBUG org.apache.http.headers - << Date: Mon, 17 Jan 2022 09:20:11 GMT
2022-01-17_14:50:11.746 [main] DEBUG org.apache.http.headers - << Keep-Alive: timeout=60
2022-01-17_14:50:11.746 [main] DEBUG org.apache.http.headers - << Content-Type: application/json
2022-01-17_14:50:11.747 [main] DEBUG org.apache.http.headers - << Transfer-Encoding: chunked
2022-01-17_14:50:11.747 [main] DEBUG org.apache.http.headers - << Connection: keep-alive
2022-01-17_14:50:11.747 [main] DEBUG o.a.h.impl.client.DefaultHttpClient - Connection can be kept alive for 60000 MILLISECONDS
2022-01-17_14:50:11.748 [main] DEBUG i.r.i.RequestSpecificationImpl$RestAssuredHttpBuilder - Parsing response as: application/json
2022-01-17_14:50:11.748 [main] DEBUG i.r.i.RequestSpecificationImpl$RestAssuredHttpBuilder - Parsed data to instance of: class org.apache.http.conn.EofSensorInputStream
2022-01-17_14:50:11.751 [main] INFO  com.qc.BaseAPI - Method :POST
2022-01-17_14:50:11.754 [main] INFO  com.qc.BaseAPI - URI :https://apitest.pineperks.in/card/order/V1/instant/issue/nonreloadable/digital
2022-01-17_14:50:11.755 [main] INFO  com.qc.BaseAPI - Headers :token=88b3e2a9e5b14b0682078b98d0bd221c
userName=A0aCcnPzDANtKmvSLPKcaw==
Accept=*/*
Content-Type=application/json; charset=UTF-8
2022-01-17_14:50:11.755 [main] INFO  com.qc.BaseAPI - Body :{"isLinkToBeSentOnMobile":true,"checksum":"5x3GNrnStyS2PkMvV6EeAw==","cardDetailList":[{"amount":"1000","mobileNumber":"8284854535","customerName":"afzal","email":"afzal.ahmed@pinelabs.com"}],"externalRequestId":"GFPt4Gu","cardSchemeId":"7"}
2022-01-17_14:50:11.755 [main] INFO  com.qc.BaseAPI - ********************RESPONSE********************
2022-01-17_14:50:11.756 [main] DEBUG org.apache.http.wire -  << "1f2[\r][\n]"
2022-01-17_14:50:11.756 [main] DEBUG org.apache.http.wire -  << "{"externalRequestId":"GFPt4Gu","orderId":102934,"orderStatus":6,"cardDetailResponseList":[{"referenceNumber":6223675881,"serialNumber":10293400010001,"customerName":"afzal","mobileNumber":8284854535,"email":"afzal.ahmed@pinelabs.com","amount":1000,"cardLink":"test.pineperks.in/eCard?c=.KqQ0k1kC0FU4BR0rgwNLQ2","responseCode":0,"responseMessage":"Success"}],"successCount":1,"failedCount":0,"orderAmount":1000,"issuanceCharge":100,"netOrderAmount":1100,"responseCode":0,"responseMessage":"Success"}"
2022-01-17_14:50:11.756 [main] DEBUG org.apache.http.wire -  << "[\r][\n]"
2022-01-17_14:50:11.756 [main] DEBUG org.apache.http.wire -  << "0[\r][\n]"
2022-01-17_14:50:11.757 [main] DEBUG org.apache.http.wire -  << "[\r][\n]"
2022-01-17_14:50:11.757 [main] DEBUG o.a.h.i.c.BasicClientConnectionManager - Releasing connection org.apache.http.impl.conn.ManagedClientConnectionImpl@61e35ca3
2022-01-17_14:50:11.757 [main] DEBUG o.a.h.i.c.BasicClientConnectionManager - Connection can be kept alive for 60000 MILLISECONDS
2022-01-17_14:50:11.760 [main] INFO  com.qc.BaseAPI - Response :{
    "externalRequestId": "GFPt4Gu",
    "orderId": 102934,
    "orderStatus": 6,
    "cardDetailResponseList": [
        {
            "referenceNumber": 6223675881,
            "serialNumber": 10293400010001,
            "customerName": "afzal",
            "mobileNumber": 8284854535,
            "email": "afzal.ahmed@pinelabs.com",
            "amount": 1000,
            "cardLink": "test.pineperks.in/eCard?c=.KqQ0k1kC0FU4BR0rgwNLQ2",
            "responseCode": 0,
            "responseMessage": "Success"
        }
    ],
    "successCount": 1,
    "failedCount": 0,
    "orderAmount": 1000,
    "issuanceCharge": 100,
    "netOrderAmount": 1100,
    "responseCode": 0,
    "responseMessage": "Success"
}
2022-01-17_14:50:11.761 [main] INFO  com.qc.BaseAPI -  **** POST call Response time 709 ms
2022-01-17_14:50:11.761 [main] INFO  pl.rest.service.CardIssue - Time Taken to perform https://apitest.pineperks.in/card/order/V1/instant/issue/nonreloadable/digital transaction: 709
2022-01-17_14:50:12.552 [main] INFO  pl.rest.utils.DBUtils - Query being executed Select * from Card where ordersummaryid=102934;
2022-01-17_14:50:12.619 [main] ERROR com.qc.qa.utils.LoadProperties - Missing MySQLDBEnvironment property value in system property or in config.properties files.Please add it if incase required
2022-01-17_14:50:12.621 [main] INFO  com.qc.qa.dbutils.DBPoolProvider - Con pool Total - 400, idle - 0,  Num active - 0
2022-01-17_14:50:12.621 [main] INFO  com.qc.qa.dbutils.DBPoolProvider - Retrieved connection
2022-01-17_14:50:17.677 [main] INFO  pl.rest.CustomHooks - SCENARIO NAME: Issuing a instant non reloadable card
2022-01-17_14:50:17.679 [main] INFO  pl.rest.CustomHooks - TAG NAMEs: [@Regression, @DB]
2022-01-17_14:50:17.680 [main] INFO  pl.rest.CustomHooks - SCENARIO NAME: Issuing a instant non reloadable card
2022-01-17_14:50:17.681 [main] INFO  pl.rest.CustomHooks - TAG NAMEs: [@Regression, @DB]
2022-01-17_14:50:17.681 [main] INFO  pl.rest.CustomHooks - Index: 0, Size: 0
2022-01-17_14:50:17.945 [main] INFO  pl.rest.service.Authorize - Authorize Rest API URL :- https://apitest.pineperks.in/auth/V1/generate/token
2022-01-17_14:50:17.945 [main] INFO  com.qc.BaseAPI - GET call to URL https://apitest.pineperks.in/auth/V1/generate/token
2022-01-17_14:50:17.950 [main] INFO  com.qc.BaseAPI - ********************REQUEST********************
2022-01-17_14:50:17.966 [main] DEBUG o.a.h.i.c.BasicClientConnectionManager - Get connection for route {s}->https://apitest.pineperks.in:443
2022-01-17_14:50:17.966 [main] DEBUG o.a.h.i.c.DefaultClientConnectionOperator - Connecting to apitest.pineperks.in:443
2022-01-17_14:50:18.824 [main] DEBUG o.a.h.c.protocol.RequestAddCookies - CookieSpec selected: ignoreCookies
2022-01-17_14:50:18.825 [main] DEBUG o.a.h.c.protocol.RequestAuthCache - Auth cache not set in the context
2022-01-17_14:50:18.825 [main] DEBUG o.a.h.c.p.RequestTargetAuthentication - Target auth state: UNCHALLENGED
2022-01-17_14:50:18.974 [main] DEBUG o.a.h.c.p.RequestProxyAuthentication - Proxy auth state: UNCHALLENGED
2022-01-17_14:50:18.976 [main] DEBUG o.a.h.impl.client.DefaultHttpClient - Attempt 1 to execute request
2022-01-17_14:50:18.977 [main] DEBUG o.a.h.i.conn.DefaultClientConnection - Sending request: GET /auth/V1/generate/token HTTP/1.1
2022-01-17_14:50:18.977 [main] DEBUG org.apache.http.wire -  >> "GET /auth/V1/generate/token HTTP/1.1[\r][\n]"
2022-01-17_14:50:18.977 [main] DEBUG org.apache.http.wire -  >> "Content-Type: application/json; charset=UTF-8[\r][\n]"
2022-01-17_14:50:18.977 [main] DEBUG org.apache.http.wire -  >> "Accept: */*[\r][\n]"
2022-01-17_14:50:18.977 [main] DEBUG org.apache.http.wire -  >> "userName: A0aCcnPzDANtKmvSLPKcaw==[\r][\n]"
2022-01-17_14:50:18.977 [main] DEBUG org.apache.http.wire -  >> "Host: apitest.pineperks.in[\r][\n]"
2022-01-17_14:50:18.977 [main] DEBUG org.apache.http.wire -  >> "Connection: Keep-Alive[\r][\n]"
2022-01-17_14:50:18.978 [main] DEBUG org.apache.http.wire -  >> "User-Agent: Apache-HttpClient/4.5.2 (Java/1.8.0_202)[\r][\n]"
2022-01-17_14:50:18.978 [main] DEBUG org.apache.http.wire -  >> "Accept-Encoding: gzip,deflate[\r][\n]"
2022-01-17_14:50:18.978 [main] DEBUG org.apache.http.wire -  >> "[\r][\n]"
2022-01-17_14:50:18.978 [main] DEBUG org.apache.http.headers - >> GET /auth/V1/generate/token HTTP/1.1
2022-01-17_14:50:18.978 [main] DEBUG org.apache.http.headers - >> Content-Type: application/json; charset=UTF-8
2022-01-17_14:50:18.978 [main] DEBUG org.apache.http.headers - >> Accept: */*
2022-01-17_14:50:18.978 [main] DEBUG org.apache.http.headers - >> userName: A0aCcnPzDANtKmvSLPKcaw==
2022-01-17_14:50:18.978 [main] DEBUG org.apache.http.headers - >> Host: apitest.pineperks.in
2022-01-17_14:50:18.978 [main] DEBUG org.apache.http.headers - >> Connection: Keep-Alive
2022-01-17_14:50:18.978 [main] DEBUG org.apache.http.headers - >> User-Agent: Apache-HttpClient/4.5.2 (Java/1.8.0_202)
2022-01-17_14:50:18.978 [main] DEBUG org.apache.http.headers - >> Accept-Encoding: gzip,deflate
2022-01-17_14:50:18.980 [Finalizer] DEBUG o.a.h.i.conn.DefaultClientConnection - Connection 0.0.0.0:61550<->14.143.120.84:443 closed
2022-01-17_14:50:18.981 [Finalizer] DEBUG o.a.h.i.conn.DefaultClientConnection - Connection 0.0.0.0:61549<->14.143.120.84:443 closed
2022-01-17_14:50:19.062 [main] DEBUG org.apache.http.wire -  << "HTTP/1.1 200 [\r][\n]"
2022-01-17_14:50:19.062 [main] DEBUG org.apache.http.wire -  << "Access-Control-Allow-Methods: GET, POST[\r][\n]"
2022-01-17_14:50:19.062 [main] DEBUG org.apache.http.wire -  << "Access-Control-Allow-Origin: *[\r][\n]"
2022-01-17_14:50:19.063 [main] DEBUG org.apache.http.wire -  << "Content-Security-Policy: default-src 'none'[\r][\n]"
2022-01-17_14:50:19.063 [main] DEBUG org.apache.http.wire -  << "Feature-Policy: 'none'[\r][\n]"
2022-01-17_14:50:19.063 [main] DEBUG org.apache.http.wire -  << "Referrer-Policy: no-referrer[\r][\n]"
2022-01-17_14:50:19.063 [main] DEBUG org.apache.http.wire -  << "Strict-Transport-Security: max-age=31536000 ; includeSubDomains[\r][\n]"
2022-01-17_14:50:19.063 [main] DEBUG org.apache.http.wire -  << "Date: Mon, 17 Jan 2022 09:20:18 GMT[\r][\n]"
2022-01-17_14:50:19.063 [main] DEBUG org.apache.http.wire -  << "Keep-Alive: timeout=60[\r][\n]"
2022-01-17_14:50:19.064 [main] DEBUG org.apache.http.wire -  << "Content-Type: application/json[\r][\n]"
2022-01-17_14:50:19.064 [main] DEBUG org.apache.http.wire -  << "Transfer-Encoding: chunked[\r][\n]"
2022-01-17_14:50:19.064 [main] DEBUG org.apache.http.wire -  << "Connection: keep-alive[\r][\n]"
2022-01-17_14:50:19.064 [main] DEBUG org.apache.http.wire -  << "[\r][\n]"
2022-01-17_14:50:19.064 [main] DEBUG o.a.h.i.conn.DefaultClientConnection - Receiving response: HTTP/1.1 200 
2022-01-17_14:50:19.065 [main] DEBUG org.apache.http.headers - << HTTP/1.1 200 
2022-01-17_14:50:19.065 [main] DEBUG org.apache.http.headers - << Access-Control-Allow-Methods: GET, POST
2022-01-17_14:50:19.065 [main] DEBUG org.apache.http.headers - << Access-Control-Allow-Origin: *
2022-01-17_14:50:19.065 [main] DEBUG org.apache.http.headers - << Content-Security-Policy: default-src 'none'
2022-01-17_14:50:19.065 [main] DEBUG org.apache.http.headers - << Feature-Policy: 'none'
2022-01-17_14:50:19.065 [main] DEBUG org.apache.http.headers - << Referrer-Policy: no-referrer
2022-01-17_14:50:19.065 [main] DEBUG org.apache.http.headers - << Strict-Transport-Security: max-age=31536000 ; includeSubDomains
2022-01-17_14:50:19.065 [main] DEBUG org.apache.http.headers - << Date: Mon, 17 Jan 2022 09:20:18 GMT
2022-01-17_14:50:19.065 [main] DEBUG org.apache.http.headers - << Keep-Alive: timeout=60
2022-01-17_14:50:19.065 [main] DEBUG org.apache.http.headers - << Content-Type: application/json
2022-01-17_14:50:19.065 [main] DEBUG org.apache.http.headers - << Transfer-Encoding: chunked
2022-01-17_14:50:19.065 [main] DEBUG org.apache.http.headers - << Connection: keep-alive
2022-01-17_14:50:19.066 [main] DEBUG o.a.h.impl.client.DefaultHttpClient - Connection can be kept alive for 60000 MILLISECONDS
2022-01-17_14:50:19.067 [main] DEBUG i.r.i.RequestSpecificationImpl$RestAssuredHttpBuilder - Parsing response as: application/json
2022-01-17_14:50:19.067 [main] DEBUG i.r.i.RequestSpecificationImpl$RestAssuredHttpBuilder - Parsed data to instance of: class org.apache.http.conn.EofSensorInputStream
2022-01-17_14:50:19.068 [main] INFO  com.qc.BaseAPI - Method :GET
2022-01-17_14:50:19.070 [main] INFO  com.qc.BaseAPI - URI :https://apitest.pineperks.in/auth/V1/generate/token
2022-01-17_14:50:19.070 [main] INFO  com.qc.BaseAPI - Headers :userName=A0aCcnPzDANtKmvSLPKcaw==
Accept=*/*
Content-Type=application/json; charset=UTF-8
2022-01-17_14:50:19.070 [main] INFO  com.qc.BaseAPI - Body :null
2022-01-17_14:50:19.070 [main] INFO  com.qc.BaseAPI - ********************RESPONSE********************
2022-01-17_14:50:19.071 [main] DEBUG org.apache.http.wire -  << "7f[\r][\n]"
2022-01-17_14:50:19.071 [main] DEBUG org.apache.http.wire -  << "{"accessToken":"020ac42e755548ebbbbab1c179933aed","tokenExpiryTime":"17-May-2022","responseCode":0,"responseMessage":"Success"}"
2022-01-17_14:50:19.071 [main] DEBUG org.apache.http.wire -  << "[\r][\n]"
2022-01-17_14:50:19.072 [main] DEBUG org.apache.http.wire -  << "0[\r][\n]"
2022-01-17_14:50:19.072 [main] DEBUG org.apache.http.wire -  << "[\r][\n]"
2022-01-17_14:50:19.072 [main] DEBUG o.a.h.i.c.BasicClientConnectionManager - Releasing connection org.apache.http.impl.conn.ManagedClientConnectionImpl@7e4fdc9d
2022-01-17_14:50:19.072 [main] DEBUG o.a.h.i.c.BasicClientConnectionManager - Connection can be kept alive for 60000 MILLISECONDS
2022-01-17_14:50:19.073 [main] INFO  com.qc.BaseAPI - Response :{
    "accessToken": "020ac42e755548ebbbbab1c179933aed",
    "tokenExpiryTime": "17-May-2022",
    "responseCode": 0,
    "responseMessage": "Success"
}
2022-01-17_14:50:19.074 [main] INFO  com.qc.BaseAPI -  **** GET call Response time 1113 ms
2022-01-17_14:50:19.075 [main] INFO  pl.rest.service.Authorize - Time Taken to perform https://apitest.pineperks.in/auth/V1/generate/token transaction: 1113
2022-01-17_14:50:19.081 [main] INFO  com.qc.qa.utils.TestDataReader - Reading Json data authorizeHeaders
2022-01-17_14:50:19.087 [main] INFO  com.qc.qa.utils.TestDataReader - Reading json data from file @ testData/api/devAPIData.json
2022-01-17_14:50:19.091 [main] INFO  pl.rest.service.CardIssue - CardIssue Rest API URL :- https://apitest.pineperks.in/card/order/V2/instant/issue/nonreloadable/digital
2022-01-17_14:50:19.091 [main] INFO  com.qc.BaseAPI - POST call to URL https://apitest.pineperks.in/card/order/V2/instant/issue/nonreloadable/digital
2022-01-17_14:50:19.100 [main] INFO  com.qc.BaseAPI - ********************REQUEST********************
2022-01-17_14:50:19.114 [main] DEBUG o.a.h.i.c.BasicClientConnectionManager - Get connection for route {s}->https://apitest.pineperks.in:443
2022-01-17_14:50:19.115 [main] DEBUG o.a.h.i.c.DefaultClientConnectionOperator - Connecting to apitest.pineperks.in:443
2022-01-17_14:50:19.463 [main] DEBUG o.a.h.c.protocol.RequestAddCookies - CookieSpec selected: ignoreCookies
2022-01-17_14:50:19.464 [main] DEBUG o.a.h.c.protocol.RequestAuthCache - Auth cache not set in the context
2022-01-17_14:50:19.464 [main] DEBUG o.a.h.c.p.RequestTargetAuthentication - Target auth state: UNCHALLENGED
2022-01-17_14:50:19.464 [main] DEBUG o.a.h.c.p.RequestProxyAuthentication - Proxy auth state: UNCHALLENGED
2022-01-17_14:50:19.464 [main] DEBUG o.a.h.impl.client.DefaultHttpClient - Attempt 1 to execute request
2022-01-17_14:50:19.464 [main] DEBUG o.a.h.i.conn.DefaultClientConnection - Sending request: POST /card/order/V2/instant/issue/nonreloadable/digital HTTP/1.1
2022-01-17_14:50:19.464 [main] DEBUG org.apache.http.wire -  >> "POST /card/order/V2/instant/issue/nonreloadable/digital HTTP/1.1[\r][\n]"
2022-01-17_14:50:19.464 [main] DEBUG org.apache.http.wire -  >> "X-PinePerks-UserName: A0aCcnPzDANtKmvSLPKcaw==[\r][\n]"
2022-01-17_14:50:19.465 [main] DEBUG org.apache.http.wire -  >> "Accept: */*[\r][\n]"
2022-01-17_14:50:19.465 [main] DEBUG org.apache.http.wire -  >> "X-PinePerks-Token: 020ac42e755548ebbbbab1c179933aed[\r][\n]"
2022-01-17_14:50:19.465 [main] DEBUG org.apache.http.wire -  >> "Content-Type: application/json; charset=UTF-8[\r][\n]"
2022-01-17_14:50:19.465 [main] DEBUG org.apache.http.wire -  >> "Content-Length: 211[\r][\n]"
2022-01-17_14:50:19.465 [main] DEBUG org.apache.http.wire -  >> "Host: apitest.pineperks.in[\r][\n]"
2022-01-17_14:50:19.465 [main] DEBUG org.apache.http.wire -  >> "Connection: Keep-Alive[\r][\n]"
2022-01-17_14:50:19.465 [main] DEBUG org.apache.http.wire -  >> "User-Agent: Apache-HttpClient/4.5.2 (Java/1.8.0_202)[\r][\n]"
2022-01-17_14:50:19.465 [main] DEBUG org.apache.http.wire -  >> "Accept-Encoding: gzip,deflate[\r][\n]"
2022-01-17_14:50:19.465 [main] DEBUG org.apache.http.wire -  >> "[\r][\n]"
2022-01-17_14:50:19.465 [main] DEBUG org.apache.http.headers - >> POST /card/order/V2/instant/issue/nonreloadable/digital HTTP/1.1
2022-01-17_14:50:19.465 [main] DEBUG org.apache.http.headers - >> X-PinePerks-UserName: A0aCcnPzDANtKmvSLPKcaw==
2022-01-17_14:50:19.465 [main] DEBUG org.apache.http.headers - >> Accept: */*
2022-01-17_14:50:19.467 [main] DEBUG org.apache.http.headers - >> X-PinePerks-Token: 020ac42e755548ebbbbab1c179933aed
2022-01-17_14:50:19.467 [main] DEBUG org.apache.http.headers - >> Content-Type: application/json; charset=UTF-8
2022-01-17_14:50:19.467 [main] DEBUG org.apache.http.headers - >> Content-Length: 211
2022-01-17_14:50:19.467 [main] DEBUG org.apache.http.headers - >> Host: apitest.pineperks.in
2022-01-17_14:50:19.467 [main] DEBUG org.apache.http.headers - >> Connection: Keep-Alive
2022-01-17_14:50:19.467 [main] DEBUG org.apache.http.headers - >> User-Agent: Apache-HttpClient/4.5.2 (Java/1.8.0_202)
2022-01-17_14:50:19.467 [main] DEBUG org.apache.http.headers - >> Accept-Encoding: gzip,deflate
2022-01-17_14:50:19.467 [main] DEBUG org.apache.http.wire -  >> "{"checksum":"5x3GNrnStyS2PkMvV6EeAw==","cardDetailList":[{"amount":"1000","mobileNumber":"8284854535","customerName":"afzal","email":"afzal.ahmed@pinelabs.com"}],"externalRequestId":"zrV0nHx","cardSchemeId":"7"}"
2022-01-17_14:50:19.691 [main] DEBUG org.apache.http.wire -  << "HTTP/1.1 200 [\r][\n]"
2022-01-17_14:50:19.692 [main] DEBUG org.apache.http.wire -  << "Access-Control-Allow-Methods: GET, POST[\r][\n]"
2022-01-17_14:50:19.692 [main] DEBUG org.apache.http.wire -  << "Access-Control-Allow-Origin: *[\r][\n]"
2022-01-17_14:50:19.692 [main] DEBUG org.apache.http.wire -  << "Content-Security-Policy: default-src 'none'[\r][\n]"
2022-01-17_14:50:19.692 [main] DEBUG org.apache.http.wire -  << "Feature-Policy: 'none'[\r][\n]"
2022-01-17_14:50:19.692 [main] DEBUG org.apache.http.wire -  << "Referrer-Policy: no-referrer[\r][\n]"
2022-01-17_14:50:19.692 [main] DEBUG org.apache.http.wire -  << "Strict-Transport-Security: max-age=31536000 ; includeSubDomains[\r][\n]"
2022-01-17_14:50:19.692 [main] DEBUG org.apache.http.wire -  << "Date: Mon, 17 Jan 2022 09:20:18 GMT[\r][\n]"
2022-01-17_14:50:19.692 [main] DEBUG org.apache.http.wire -  << "Keep-Alive: timeout=60[\r][\n]"
2022-01-17_14:50:19.692 [main] DEBUG org.apache.http.wire -  << "Content-Type: application/json[\r][\n]"
2022-01-17_14:50:19.693 [main] DEBUG org.apache.http.wire -  << "Transfer-Encoding: chunked[\r][\n]"
2022-01-17_14:50:19.693 [main] DEBUG org.apache.http.wire -  << "Connection: keep-alive[\r][\n]"
2022-01-17_14:50:19.693 [main] DEBUG org.apache.http.wire -  << "[\r][\n]"
2022-01-17_14:50:19.693 [main] DEBUG o.a.h.i.conn.DefaultClientConnection - Receiving response: HTTP/1.1 200 
2022-01-17_14:50:19.694 [main] DEBUG org.apache.http.headers - << HTTP/1.1 200 
2022-01-17_14:50:19.694 [main] DEBUG org.apache.http.headers - << Access-Control-Allow-Methods: GET, POST
2022-01-17_14:50:19.694 [main] DEBUG org.apache.http.headers - << Access-Control-Allow-Origin: *
2022-01-17_14:50:19.694 [main] DEBUG org.apache.http.headers - << Content-Security-Policy: default-src 'none'
2022-01-17_14:50:19.694 [main] DEBUG org.apache.http.headers - << Feature-Policy: 'none'
2022-01-17_14:50:19.694 [main] DEBUG org.apache.http.headers - << Referrer-Policy: no-referrer
2022-01-17_14:50:19.694 [main] DEBUG org.apache.http.headers - << Strict-Transport-Security: max-age=31536000 ; includeSubDomains
2022-01-17_14:50:19.694 [main] DEBUG org.apache.http.headers - << Date: Mon, 17 Jan 2022 09:20:18 GMT
2022-01-17_14:50:19.694 [main] DEBUG org.apache.http.headers - << Keep-Alive: timeout=60
2022-01-17_14:50:19.694 [main] DEBUG org.apache.http.headers - << Content-Type: application/json
2022-01-17_14:50:19.694 [main] DEBUG org.apache.http.headers - << Transfer-Encoding: chunked
2022-01-17_14:50:19.694 [main] DEBUG org.apache.http.headers - << Connection: keep-alive
2022-01-17_14:50:19.695 [main] DEBUG o.a.h.impl.client.DefaultHttpClient - Connection can be kept alive for 60000 MILLISECONDS
2022-01-17_14:50:19.695 [main] DEBUG i.r.i.RequestSpecificationImpl$RestAssuredHttpBuilder - Parsing response as: application/json
2022-01-17_14:50:19.695 [main] DEBUG i.r.i.RequestSpecificationImpl$RestAssuredHttpBuilder - Parsed data to instance of: class org.apache.http.conn.EofSensorInputStream
2022-01-17_14:50:19.696 [main] INFO  com.qc.BaseAPI - Method :POST
2022-01-17_14:50:19.698 [main] INFO  com.qc.BaseAPI - URI :https://apitest.pineperks.in/card/order/V2/instant/issue/nonreloadable/digital
2022-01-17_14:50:19.698 [main] INFO  com.qc.BaseAPI - Headers :X-PinePerks-Token=020ac42e755548ebbbbab1c179933aed
X-PinePerks-UserName=A0aCcnPzDANtKmvSLPKcaw==
Accept=*/*
Content-Type=application/json; charset=UTF-8
2022-01-17_14:50:19.698 [main] INFO  com.qc.BaseAPI - Body :{"checksum":"5x3GNrnStyS2PkMvV6EeAw==","cardDetailList":[{"amount":"1000","mobileNumber":"8284854535","customerName":"afzal","email":"afzal.ahmed@pinelabs.com"}],"externalRequestId":"zrV0nHx","cardSchemeId":"7"}
2022-01-17_14:50:19.698 [main] INFO  com.qc.BaseAPI - ********************RESPONSE********************
2022-01-17_14:50:19.698 [main] DEBUG org.apache.http.wire -  << "1f2[\r][\n]"
2022-01-17_14:50:19.699 [main] DEBUG org.apache.http.wire -  << "{"externalRequestId":"zrV0nHx","orderId":102935,"orderStatus":6,"cardDetailResponseList":[{"referenceNumber":3962584338,"serialNumber":10293500010001,"customerName":"afzal","mobileNumber":8284854535,"email":"afzal.ahmed@pinelabs.com","amount":1000,"cardLink":"test.pineperks.in/eCard?c=OXdzwJSqXzIFwgP..A84HQ2","responseCode":0,"responseMessage":"Success"}],"successCount":1,"failedCount":0,"orderAmount":1000,"issuanceCharge":100,"netOrderAmount":1100,"responseCode":0,"responseMessage":"Success"}"
2022-01-17_14:50:19.699 [main] DEBUG org.apache.http.wire -  << "[\r][\n]"
2022-01-17_14:50:19.699 [main] DEBUG org.apache.http.wire -  << "0[\r][\n]"
2022-01-17_14:50:19.699 [main] DEBUG org.apache.http.wire -  << "[\r][\n]"
2022-01-17_14:50:19.700 [main] DEBUG o.a.h.i.c.BasicClientConnectionManager - Releasing connection org.apache.http.impl.conn.ManagedClientConnectionImpl@128fbe24
2022-01-17_14:50:19.700 [main] DEBUG o.a.h.i.c.BasicClientConnectionManager - Connection can be kept alive for 60000 MILLISECONDS
2022-01-17_14:50:19.701 [main] INFO  com.qc.BaseAPI - Response :{
    "externalRequestId": "zrV0nHx",
    "orderId": 102935,
    "orderStatus": 6,
    "cardDetailResponseList": [
        {
            "referenceNumber": 3962584338,
            "serialNumber": 10293500010001,
            "customerName": "afzal",
            "mobileNumber": 8284854535,
            "email": "afzal.ahmed@pinelabs.com",
            "amount": 1000,
            "cardLink": "test.pineperks.in/eCard?c=OXdzwJSqXzIFwgP..A84HQ2",
            "responseCode": 0,
            "responseMessage": "Success"
        }
    ],
    "successCount": 1,
    "failedCount": 0,
    "orderAmount": 1000,
    "issuanceCharge": 100,
    "netOrderAmount": 1100,
    "responseCode": 0,
    "responseMessage": "Success"
}
2022-01-17_14:50:19.702 [main] INFO  com.qc.BaseAPI -  **** POST call Response time 593 ms
2022-01-17_14:50:19.702 [main] INFO  pl.rest.service.CardIssue - Time Taken to perform https://apitest.pineperks.in/card/order/V2/instant/issue/nonreloadable/digital transaction: 593
