2022-02-03_22:04:17.632 [main] INFO  pl.rest.CustomHooks - SCENARIO NAME: Validating the pin mode value on the response on issuing different PIN on SMS/ Physical PIN Mailer/ Customer generated PIN/ PIN Less pin mode card.
2022-02-03_22:04:17.637 [main] INFO  pl.rest.CustomHooks - TAG NAMEs: [@Regression]
2022-02-03_22:04:17.642 [main] INFO  pl.rest.CustomHooks - SCENARIO NAME: Validating the pin mode value on the response on issuing different PIN on SMS/ Physical PIN Mailer/ Customer generated PIN/ PIN Less pin mode card.
2022-02-03_22:04:17.642 [main] INFO  pl.rest.CustomHooks - TAG NAMEs: [@Regression]
2022-02-03_22:04:17.724 [main] INFO  pl.rest.CustomHooks - Index: 0, Size: 0
2022-02-03_22:04:18.885 [main] INFO  com.qc.qa.utils.TestDataReader - Reading API Test Data config values from  testData/api/devAPITestData.properties
2022-02-03_22:04:18.890 [main] INFO  pl.rest.service.Authorize - Authorize Rest API URL :- https://apitest.pineperks.in/auth/V1/generate/token
2022-02-03_22:04:18.890 [main] INFO  com.qc.BaseAPI - GET call to URL https://apitest.pineperks.in/auth/V1/generate/token
2022-02-03_22:04:19.198 [main] INFO  com.qc.BaseAPI - ********************REQUEST********************
2022-02-03_22:04:21.866 [main] DEBUG o.a.h.i.c.BasicClientConnectionManager - Get connection for route {s}->https://apitest.pineperks.in:443
2022-02-03_22:04:22.001 [main] DEBUG o.a.h.i.c.DefaultClientConnectionOperator - Connecting to apitest.pineperks.in:443
2022-02-03_22:04:22.617 [main] DEBUG o.a.h.c.protocol.RequestAddCookies - CookieSpec selected: ignoreCookies
2022-02-03_22:04:22.622 [main] DEBUG o.a.h.c.protocol.RequestAuthCache - Auth cache not set in the context
2022-02-03_22:04:22.623 [main] DEBUG o.a.h.c.p.RequestTargetAuthentication - Target auth state: UNCHALLENGED
2022-02-03_22:04:22.624 [main] DEBUG o.a.h.c.p.RequestProxyAuthentication - Proxy auth state: UNCHALLENGED
2022-02-03_22:04:22.625 [main] DEBUG o.a.h.impl.client.DefaultHttpClient - Attempt 1 to execute request
2022-02-03_22:04:22.626 [main] DEBUG o.a.h.i.conn.DefaultClientConnection - Sending request: GET /auth/V1/generate/token HTTP/1.1
2022-02-03_22:04:22.626 [main] DEBUG org.apache.http.wire -  >> "GET /auth/V1/generate/token HTTP/1.1[\r][\n]"
2022-02-03_22:04:22.629 [main] DEBUG org.apache.http.wire -  >> "Content-Type: application/json; charset=UTF-8[\r][\n]"
2022-02-03_22:04:22.629 [main] DEBUG org.apache.http.wire -  >> "Accept: */*[\r][\n]"
2022-02-03_22:04:22.629 [main] DEBUG org.apache.http.wire -  >> "userName: A0aCcnPzDANtKmvSLPKcaw==[\r][\n]"
2022-02-03_22:04:22.629 [main] DEBUG org.apache.http.wire -  >> "Host: apitest.pineperks.in[\r][\n]"
2022-02-03_22:04:22.630 [main] DEBUG org.apache.http.wire -  >> "Connection: Keep-Alive[\r][\n]"
2022-02-03_22:04:22.630 [main] DEBUG org.apache.http.wire -  >> "User-Agent: Apache-HttpClient/4.5.2 (Java/1.8.0_202)[\r][\n]"
2022-02-03_22:04:22.631 [main] DEBUG org.apache.http.wire -  >> "Accept-Encoding: gzip,deflate[\r][\n]"
2022-02-03_22:04:22.631 [main] DEBUG org.apache.http.wire -  >> "[\r][\n]"
2022-02-03_22:04:22.631 [main] DEBUG org.apache.http.headers - >> GET /auth/V1/generate/token HTTP/1.1
2022-02-03_22:04:22.631 [main] DEBUG org.apache.http.headers - >> Content-Type: application/json; charset=UTF-8
2022-02-03_22:04:22.631 [main] DEBUG org.apache.http.headers - >> Accept: */*
2022-02-03_22:04:22.631 [main] DEBUG org.apache.http.headers - >> userName: A0aCcnPzDANtKmvSLPKcaw==
2022-02-03_22:04:22.632 [main] DEBUG org.apache.http.headers - >> Host: apitest.pineperks.in
2022-02-03_22:04:22.632 [main] DEBUG org.apache.http.headers - >> Connection: Keep-Alive
2022-02-03_22:04:22.632 [main] DEBUG org.apache.http.headers - >> User-Agent: Apache-HttpClient/4.5.2 (Java/1.8.0_202)
2022-02-03_22:04:22.632 [main] DEBUG org.apache.http.headers - >> Accept-Encoding: gzip,deflate
2022-02-03_22:04:22.707 [main] DEBUG org.apache.http.wire -  << "HTTP/1.1 200 [\r][\n]"
2022-02-03_22:04:22.710 [main] DEBUG org.apache.http.wire -  << "Access-Control-Allow-Methods: GET, POST[\r][\n]"
2022-02-03_22:04:22.710 [main] DEBUG org.apache.http.wire -  << "Access-Control-Allow-Origin: *[\r][\n]"
2022-02-03_22:04:22.711 [main] DEBUG org.apache.http.wire -  << "Content-Security-Policy: default-src 'none'[\r][\n]"
2022-02-03_22:04:22.711 [main] DEBUG org.apache.http.wire -  << "Feature-Policy: 'none'[\r][\n]"
2022-02-03_22:04:22.711 [main] DEBUG org.apache.http.wire -  << "Referrer-Policy: no-referrer[\r][\n]"
2022-02-03_22:04:22.711 [main] DEBUG org.apache.http.wire -  << "Strict-Transport-Security: max-age=31536000 ; includeSubDomains[\r][\n]"
2022-02-03_22:04:22.711 [main] DEBUG org.apache.http.wire -  << "Date: Thu, 03 Feb 2022 16:34:22 GMT[\r][\n]"
2022-02-03_22:04:22.712 [main] DEBUG org.apache.http.wire -  << "Keep-Alive: timeout=60[\r][\n]"
2022-02-03_22:04:22.712 [main] DEBUG org.apache.http.wire -  << "Content-Type: application/json[\r][\n]"
2022-02-03_22:04:22.712 [main] DEBUG org.apache.http.wire -  << "Transfer-Encoding: chunked[\r][\n]"
2022-02-03_22:04:22.712 [main] DEBUG org.apache.http.wire -  << "Connection: keep-alive[\r][\n]"
2022-02-03_22:04:22.712 [main] DEBUG org.apache.http.wire -  << "[\r][\n]"
2022-02-03_22:04:22.713 [main] DEBUG o.a.h.i.conn.DefaultClientConnection - Receiving response: HTTP/1.1 200 
2022-02-03_22:04:22.713 [main] DEBUG org.apache.http.headers - << HTTP/1.1 200 
2022-02-03_22:04:22.714 [main] DEBUG org.apache.http.headers - << Access-Control-Allow-Methods: GET, POST
2022-02-03_22:04:22.714 [main] DEBUG org.apache.http.headers - << Access-Control-Allow-Origin: *
2022-02-03_22:04:22.714 [main] DEBUG org.apache.http.headers - << Content-Security-Policy: default-src 'none'
2022-02-03_22:04:22.714 [main] DEBUG org.apache.http.headers - << Feature-Policy: 'none'
2022-02-03_22:04:22.714 [main] DEBUG org.apache.http.headers - << Referrer-Policy: no-referrer
2022-02-03_22:04:22.714 [main] DEBUG org.apache.http.headers - << Strict-Transport-Security: max-age=31536000 ; includeSubDomains
2022-02-03_22:04:22.714 [main] DEBUG org.apache.http.headers - << Date: Thu, 03 Feb 2022 16:34:22 GMT
2022-02-03_22:04:22.714 [main] DEBUG org.apache.http.headers - << Keep-Alive: timeout=60
2022-02-03_22:04:22.714 [main] DEBUG org.apache.http.headers - << Content-Type: application/json
2022-02-03_22:04:22.714 [main] DEBUG org.apache.http.headers - << Transfer-Encoding: chunked
2022-02-03_22:04:22.714 [main] DEBUG org.apache.http.headers - << Connection: keep-alive
2022-02-03_22:04:22.725 [main] DEBUG o.a.h.impl.client.DefaultHttpClient - Connection can be kept alive for 60000 MILLISECONDS
2022-02-03_22:04:22.764 [main] DEBUG i.r.i.RequestSpecificationImpl$RestAssuredHttpBuilder - Parsing response as: application/json
2022-02-03_22:04:22.765 [main] DEBUG i.r.i.RequestSpecificationImpl$RestAssuredHttpBuilder - Parsed data to instance of: class org.apache.http.conn.EofSensorInputStream
2022-02-03_22:04:22.792 [main] INFO  com.qc.BaseAPI - Method :GET
2022-02-03_22:04:22.795 [main] INFO  com.qc.BaseAPI - URI :https://apitest.pineperks.in/auth/V1/generate/token
2022-02-03_22:04:22.795 [main] INFO  com.qc.BaseAPI - Headers :userName=A0aCcnPzDANtKmvSLPKcaw==
Accept=*/*
Content-Type=application/json; charset=UTF-8
2022-02-03_22:04:22.795 [main] INFO  com.qc.BaseAPI - Body :null
2022-02-03_22:04:22.795 [main] INFO  com.qc.BaseAPI - ********************RESPONSE********************
2022-02-03_22:04:22.823 [main] DEBUG org.apache.http.wire -  << "7f[\r][\n]"
2022-02-03_22:04:22.823 [main] DEBUG org.apache.http.wire -  << "{"accessToken":"a613274335c9486fbe8380891fa04b18","tokenExpiryTime":"03-Feb-2024","responseCode":0,"responseMessage":"Success"}"
2022-02-03_22:04:22.825 [main] DEBUG org.apache.http.wire -  << "[\r][\n]"
2022-02-03_22:04:22.826 [main] DEBUG org.apache.http.wire -  << "0[\r][\n]"
2022-02-03_22:04:22.827 [main] DEBUG org.apache.http.wire -  << "[\r][\n]"
2022-02-03_22:04:22.827 [main] DEBUG o.a.h.i.c.BasicClientConnectionManager - Releasing connection org.apache.http.impl.conn.ManagedClientConnectionImpl@77f965a0
2022-02-03_22:04:22.828 [main] DEBUG o.a.h.i.c.BasicClientConnectionManager - Connection can be kept alive for 60000 MILLISECONDS
2022-02-03_22:04:22.909 [main] INFO  com.qc.BaseAPI - Response :{
    "accessToken": "a613274335c9486fbe8380891fa04b18",
    "tokenExpiryTime": "03-Feb-2024",
    "responseCode": 0,
    "responseMessage": "Success"
}
2022-02-03_22:04:22.915 [main] INFO  com.qc.BaseAPI -  **** GET call Response time 3577 ms
2022-02-03_22:04:22.916 [main] INFO  pl.rest.service.Authorize - Time Taken to perform https://apitest.pineperks.in/auth/V1/generate/token transaction: 3577
2022-02-03_22:04:23.059 [main] INFO  pl.rest.utils.DBUtils - Query being executed Select * from card where isDummyCard=1 and corporateid=6;
2022-02-03_22:04:23.118 [main] ERROR com.qc.qa.utils.LoadProperties - Missing MySQLDBEnvironment property value in system property or in config.properties files.Please add it if incase required
2022-02-03_22:04:23.119 [main] INFO  com.qc.qa.dbutils.DBPoolProvider - Con pool Total - 400, idle - 0,  Num active - 0
2022-02-03_22:04:23.120 [main] INFO  com.qc.qa.dbutils.DBPoolProvider - Retrieved connection
2022-02-03_22:04:30.898 [main] INFO  pl.rest.CustomHooks - SCENARIO NAME: Validating the pin mode value on the response on issuing different PIN on SMS/ Physical PIN Mailer/ Customer generated PIN/ PIN Less pin mode card.
2022-02-03_22:04:30.899 [main] INFO  pl.rest.CustomHooks - TAG NAMEs: [@Regression]
2022-02-03_22:04:30.900 [main] INFO  pl.rest.CustomHooks - SCENARIO NAME: Validating the pin mode value on the response on issuing different PIN on SMS/ Physical PIN Mailer/ Customer generated PIN/ PIN Less pin mode card.
2022-02-03_22:04:30.900 [main] INFO  pl.rest.CustomHooks - TAG NAMEs: [@Regression]
2022-02-03_22:04:30.901 [main] INFO  pl.rest.CustomHooks - Index: 0, Size: 0
2022-02-03_22:04:31.254 [main] INFO  pl.rest.service.Authorize - Authorize Rest API URL :- https://apitest.pineperks.in/auth/V1/generate/token
2022-02-03_22:04:31.255 [main] INFO  com.qc.BaseAPI - GET call to URL https://apitest.pineperks.in/auth/V1/generate/token
2022-02-03_22:04:31.261 [main] INFO  com.qc.BaseAPI - ********************REQUEST********************
2022-02-03_22:04:31.286 [main] DEBUG o.a.h.i.c.BasicClientConnectionManager - Get connection for route {s}->https://apitest.pineperks.in:443
2022-02-03_22:04:31.286 [main] DEBUG o.a.h.i.c.DefaultClientConnectionOperator - Connecting to apitest.pineperks.in:443
2022-02-03_22:04:31.405 [main] DEBUG o.a.h.c.protocol.RequestAddCookies - CookieSpec selected: ignoreCookies
2022-02-03_22:04:31.405 [main] DEBUG o.a.h.c.protocol.RequestAuthCache - Auth cache not set in the context
2022-02-03_22:04:31.405 [main] DEBUG o.a.h.c.p.RequestTargetAuthentication - Target auth state: UNCHALLENGED
2022-02-03_22:04:31.406 [main] DEBUG o.a.h.c.p.RequestProxyAuthentication - Proxy auth state: UNCHALLENGED
2022-02-03_22:04:31.407 [main] DEBUG o.a.h.impl.client.DefaultHttpClient - Attempt 1 to execute request
2022-02-03_22:04:31.407 [main] DEBUG o.a.h.i.conn.DefaultClientConnection - Sending request: GET /auth/V1/generate/token HTTP/1.1
2022-02-03_22:04:31.407 [main] DEBUG org.apache.http.wire -  >> "GET /auth/V1/generate/token HTTP/1.1[\r][\n]"
2022-02-03_22:04:31.407 [main] DEBUG org.apache.http.wire -  >> "Content-Type: application/json; charset=UTF-8[\r][\n]"
2022-02-03_22:04:31.407 [main] DEBUG org.apache.http.wire -  >> "Accept: */*[\r][\n]"
2022-02-03_22:04:31.407 [main] DEBUG org.apache.http.wire -  >> "userName: A0aCcnPzDANtKmvSLPKcaw==[\r][\n]"
2022-02-03_22:04:31.408 [main] DEBUG org.apache.http.wire -  >> "Host: apitest.pineperks.in[\r][\n]"
2022-02-03_22:04:31.408 [main] DEBUG org.apache.http.wire -  >> "Connection: Keep-Alive[\r][\n]"
2022-02-03_22:04:31.409 [main] DEBUG org.apache.http.wire -  >> "User-Agent: Apache-HttpClient/4.5.2 (Java/1.8.0_202)[\r][\n]"
2022-02-03_22:04:31.409 [main] DEBUG org.apache.http.wire -  >> "Accept-Encoding: gzip,deflate[\r][\n]"
2022-02-03_22:04:31.409 [main] DEBUG org.apache.http.wire -  >> "[\r][\n]"
2022-02-03_22:04:31.409 [main] DEBUG org.apache.http.headers - >> GET /auth/V1/generate/token HTTP/1.1
2022-02-03_22:04:31.409 [main] DEBUG org.apache.http.headers - >> Content-Type: application/json; charset=UTF-8
2022-02-03_22:04:31.409 [main] DEBUG org.apache.http.headers - >> Accept: */*
2022-02-03_22:04:31.409 [main] DEBUG org.apache.http.headers - >> userName: A0aCcnPzDANtKmvSLPKcaw==
2022-02-03_22:04:31.410 [main] DEBUG org.apache.http.headers - >> Host: apitest.pineperks.in
2022-02-03_22:04:31.410 [main] DEBUG org.apache.http.headers - >> Connection: Keep-Alive
2022-02-03_22:04:31.411 [main] DEBUG org.apache.http.headers - >> User-Agent: Apache-HttpClient/4.5.2 (Java/1.8.0_202)
2022-02-03_22:04:31.411 [main] DEBUG org.apache.http.headers - >> Accept-Encoding: gzip,deflate
2022-02-03_22:04:31.441 [main] DEBUG org.apache.http.wire -  << "HTTP/1.1 200 [\r][\n]"
2022-02-03_22:04:31.442 [main] DEBUG org.apache.http.wire -  << "Access-Control-Allow-Methods: GET, POST[\r][\n]"
2022-02-03_22:04:31.442 [main] DEBUG org.apache.http.wire -  << "Access-Control-Allow-Origin: *[\r][\n]"
2022-02-03_22:04:31.442 [main] DEBUG org.apache.http.wire -  << "Content-Security-Policy: default-src 'none'[\r][\n]"
2022-02-03_22:04:31.443 [main] DEBUG org.apache.http.wire -  << "Feature-Policy: 'none'[\r][\n]"
2022-02-03_22:04:31.443 [main] DEBUG org.apache.http.wire -  << "Referrer-Policy: no-referrer[\r][\n]"
2022-02-03_22:04:31.443 [main] DEBUG org.apache.http.wire -  << "Strict-Transport-Security: max-age=31536000 ; includeSubDomains[\r][\n]"
2022-02-03_22:04:31.443 [main] DEBUG org.apache.http.wire -  << "Date: Thu, 03 Feb 2022 16:34:31 GMT[\r][\n]"
2022-02-03_22:04:31.443 [main] DEBUG org.apache.http.wire -  << "Keep-Alive: timeout=60[\r][\n]"
2022-02-03_22:04:31.443 [main] DEBUG org.apache.http.wire -  << "Content-Type: application/json[\r][\n]"
2022-02-03_22:04:31.443 [main] DEBUG org.apache.http.wire -  << "Transfer-Encoding: chunked[\r][\n]"
2022-02-03_22:04:31.444 [main] DEBUG org.apache.http.wire -  << "Connection: keep-alive[\r][\n]"
2022-02-03_22:04:31.444 [main] DEBUG org.apache.http.wire -  << "[\r][\n]"
2022-02-03_22:04:31.445 [main] DEBUG o.a.h.i.conn.DefaultClientConnection - Receiving response: HTTP/1.1 200 
2022-02-03_22:04:31.445 [main] DEBUG org.apache.http.headers - << HTTP/1.1 200 
2022-02-03_22:04:31.445 [main] DEBUG org.apache.http.headers - << Access-Control-Allow-Methods: GET, POST
2022-02-03_22:04:31.445 [main] DEBUG org.apache.http.headers - << Access-Control-Allow-Origin: *
2022-02-03_22:04:31.445 [main] DEBUG org.apache.http.headers - << Content-Security-Policy: default-src 'none'
2022-02-03_22:04:31.445 [main] DEBUG org.apache.http.headers - << Feature-Policy: 'none'
2022-02-03_22:04:31.445 [main] DEBUG org.apache.http.headers - << Referrer-Policy: no-referrer
2022-02-03_22:04:31.445 [main] DEBUG org.apache.http.headers - << Strict-Transport-Security: max-age=31536000 ; includeSubDomains
2022-02-03_22:04:31.446 [main] DEBUG org.apache.http.headers - << Date: Thu, 03 Feb 2022 16:34:31 GMT
2022-02-03_22:04:31.446 [main] DEBUG org.apache.http.headers - << Keep-Alive: timeout=60
2022-02-03_22:04:31.446 [main] DEBUG org.apache.http.headers - << Content-Type: application/json
2022-02-03_22:04:31.446 [main] DEBUG org.apache.http.headers - << Transfer-Encoding: chunked
2022-02-03_22:04:31.446 [main] DEBUG org.apache.http.headers - << Connection: keep-alive
2022-02-03_22:04:31.446 [main] DEBUG o.a.h.impl.client.DefaultHttpClient - Connection can be kept alive for 60000 MILLISECONDS
2022-02-03_22:04:31.447 [main] DEBUG i.r.i.RequestSpecificationImpl$RestAssuredHttpBuilder - Parsing response as: application/json
2022-02-03_22:04:31.447 [main] DEBUG i.r.i.RequestSpecificationImpl$RestAssuredHttpBuilder - Parsed data to instance of: class org.apache.http.conn.EofSensorInputStream
2022-02-03_22:04:31.449 [main] INFO  com.qc.BaseAPI - Method :GET
2022-02-03_22:04:31.452 [main] INFO  com.qc.BaseAPI - URI :https://apitest.pineperks.in/auth/V1/generate/token
2022-02-03_22:04:31.453 [main] INFO  com.qc.BaseAPI - Headers :userName=A0aCcnPzDANtKmvSLPKcaw==
Accept=*/*
Content-Type=application/json; charset=UTF-8
2022-02-03_22:04:31.453 [main] INFO  com.qc.BaseAPI - Body :null
2022-02-03_22:04:31.453 [main] INFO  com.qc.BaseAPI - ********************RESPONSE********************
2022-02-03_22:04:31.453 [main] DEBUG org.apache.http.wire -  << "7f[\r][\n]"
2022-02-03_22:04:31.453 [main] DEBUG org.apache.http.wire -  << "{"accessToken":"0f452ce2e47b410eb37f55bbc98fbf2f","tokenExpiryTime":"03-Feb-2024","responseCode":0,"responseMessage":"Success"}"
2022-02-03_22:04:31.453 [main] DEBUG org.apache.http.wire -  << "[\r][\n]"
2022-02-03_22:04:31.454 [main] DEBUG org.apache.http.wire -  << "0[\r][\n]"
2022-02-03_22:04:31.454 [main] DEBUG org.apache.http.wire -  << "[\r][\n]"
2022-02-03_22:04:31.454 [main] DEBUG o.a.h.i.c.BasicClientConnectionManager - Releasing connection org.apache.http.impl.conn.ManagedClientConnectionImpl@2d9a40c5
2022-02-03_22:04:31.454 [main] DEBUG o.a.h.i.c.BasicClientConnectionManager - Connection can be kept alive for 60000 MILLISECONDS
2022-02-03_22:04:31.456 [main] INFO  com.qc.BaseAPI - Response :{
    "accessToken": "0f452ce2e47b410eb37f55bbc98fbf2f",
    "tokenExpiryTime": "03-Feb-2024",
    "responseCode": 0,
    "responseMessage": "Success"
}
2022-02-03_22:04:31.457 [main] INFO  com.qc.BaseAPI -  **** GET call Response time 182 ms
2022-02-03_22:04:31.457 [main] INFO  pl.rest.service.Authorize - Time Taken to perform https://apitest.pineperks.in/auth/V1/generate/token transaction: 182
2022-02-03_22:04:31.465 [main] INFO  pl.rest.utils.DBUtils - Query being executed Select * from card where isDummyCard=1 and corporateid=6;
2022-02-03_22:04:31.465 [main] INFO  com.qc.qa.dbutils.DBPoolProvider - Con pool Total - 400, idle - 1,  Num active - 0
2022-02-03_22:04:31.465 [main] INFO  com.qc.qa.dbutils.DBPoolProvider - Retrieved connection
2022-02-03_22:04:49.442 [main] INFO  pl.rest.CustomHooks - SCENARIO NAME: Validating the pin mode value on the response on issuing different PIN on SMS/ Physical PIN Mailer/ Customer generated PIN/ PIN Less pin mode card.
2022-02-03_22:04:49.442 [main] INFO  pl.rest.CustomHooks - TAG NAMEs: [@Regression]
2022-02-03_22:04:49.443 [main] INFO  pl.rest.CustomHooks - SCENARIO NAME: Validating the pin mode value on the response on issuing different PIN on SMS/ Physical PIN Mailer/ Customer generated PIN/ PIN Less pin mode card.
2022-02-03_22:04:49.443 [main] INFO  pl.rest.CustomHooks - TAG NAMEs: [@Regression]
2022-02-03_22:04:49.444 [main] INFO  pl.rest.CustomHooks - Index: 0, Size: 0
2022-02-03_22:04:49.636 [Finalizer] DEBUG o.a.h.i.conn.DefaultClientConnection - Connection 0.0.0.0:63068<->14.143.120.84:443 closed
