2021-12-15_16:26:09.690 [main] INFO  com.qc.qa.utils.TestDataReader - Reading API Test Data config values from  testData/api/devAPITestData.properties
2021-12-15_16:26:09.698 [main] INFO  pl.rest.service.Authorize - Authorize Rest API URL :- https://apitest.pineperks.in/auth/V1/generate/token
2021-12-15_16:26:09.698 [main] INFO  com.qc.BaseAPI - GET call to URL https://apitest.pineperks.in/auth/V1/generate/token
2021-12-15_16:26:09.895 [main] INFO  com.qc.BaseAPI - ********************REQUEST********************
2021-12-15_16:26:11.584 [main] DEBUG o.a.h.i.c.BasicClientConnectionManager - Get connection for route {s}->https://apitest.pineperks.in:443
2021-12-15_16:26:11.712 [main] DEBUG o.a.h.i.c.DefaultClientConnectionOperator - Connecting to apitest.pineperks.in:443
2021-12-15_16:26:12.277 [main] DEBUG o.a.h.c.protocol.RequestAddCookies - CookieSpec selected: ignoreCookies
2021-12-15_16:26:12.277 [main] DEBUG o.a.h.c.protocol.RequestAuthCache - Auth cache not set in the context
2021-12-15_16:26:12.285 [main] DEBUG o.a.h.c.p.RequestTargetAuthentication - Target auth state: UNCHALLENGED
2021-12-15_16:26:12.285 [main] DEBUG o.a.h.c.p.RequestProxyAuthentication - Proxy auth state: UNCHALLENGED
2021-12-15_16:26:12.285 [main] DEBUG o.a.h.impl.client.DefaultHttpClient - Attempt 1 to execute request
2021-12-15_16:26:12.285 [main] DEBUG o.a.h.i.conn.DefaultClientConnection - Sending request: GET /auth/V1/generate/token HTTP/1.1
2021-12-15_16:26:12.285 [main] DEBUG org.apache.http.wire -  >> "GET /auth/V1/generate/token HTTP/1.1[\r][\n]"
2021-12-15_16:26:12.285 [main] DEBUG org.apache.http.wire -  >> "Content-Type: application/json; charset=UTF-8[\r][\n]"
2021-12-15_16:26:12.285 [main] DEBUG org.apache.http.wire -  >> "Accept: */*[\r][\n]"
2021-12-15_16:26:12.285 [main] DEBUG org.apache.http.wire -  >> "userName: A0aCcnPzDANtKmvSLPKcaw==[\r][\n]"
2021-12-15_16:26:12.285 [main] DEBUG org.apache.http.wire -  >> "Host: apitest.pineperks.in[\r][\n]"
2021-12-15_16:26:12.285 [main] DEBUG org.apache.http.wire -  >> "Connection: Keep-Alive[\r][\n]"
2021-12-15_16:26:12.285 [main] DEBUG org.apache.http.wire -  >> "User-Agent: Apache-HttpClient/4.5.2 (Java/1.8.0_202)[\r][\n]"
2021-12-15_16:26:12.285 [main] DEBUG org.apache.http.wire -  >> "Accept-Encoding: gzip,deflate[\r][\n]"
2021-12-15_16:26:12.285 [main] DEBUG org.apache.http.wire -  >> "[\r][\n]"
2021-12-15_16:26:12.285 [main] DEBUG org.apache.http.headers - >> GET /auth/V1/generate/token HTTP/1.1
2021-12-15_16:26:12.285 [main] DEBUG org.apache.http.headers - >> Content-Type: application/json; charset=UTF-8
2021-12-15_16:26:12.285 [main] DEBUG org.apache.http.headers - >> Accept: */*
2021-12-15_16:26:12.285 [main] DEBUG org.apache.http.headers - >> userName: A0aCcnPzDANtKmvSLPKcaw==
2021-12-15_16:26:12.285 [main] DEBUG org.apache.http.headers - >> Host: apitest.pineperks.in
2021-12-15_16:26:12.285 [main] DEBUG org.apache.http.headers - >> Connection: Keep-Alive
2021-12-15_16:26:12.285 [main] DEBUG org.apache.http.headers - >> User-Agent: Apache-HttpClient/4.5.2 (Java/1.8.0_202)
2021-12-15_16:26:12.285 [main] DEBUG org.apache.http.headers - >> Accept-Encoding: gzip,deflate
2021-12-15_16:26:12.643 [main] DEBUG org.apache.http.wire -  << "HTTP/1.1 200 [\r][\n]"
2021-12-15_16:26:12.643 [main] DEBUG org.apache.http.wire -  << "Access-Control-Allow-Methods: GET, POST[\r][\n]"
2021-12-15_16:26:12.643 [main] DEBUG org.apache.http.wire -  << "Access-Control-Allow-Origin: *[\r][\n]"
2021-12-15_16:26:12.643 [main] DEBUG org.apache.http.wire -  << "Content-Security-Policy: default-src 'none'[\r][\n]"
2021-12-15_16:26:12.643 [main] DEBUG org.apache.http.wire -  << "Feature-Policy: 'none'[\r][\n]"
2021-12-15_16:26:12.643 [main] DEBUG org.apache.http.wire -  << "Referrer-Policy: no-referrer[\r][\n]"
2021-12-15_16:26:12.643 [main] DEBUG org.apache.http.wire -  << "Strict-Transport-Security: max-age=31536000 ; includeSubDomains[\r][\n]"
2021-12-15_16:26:12.643 [main] DEBUG org.apache.http.wire -  << "Date: Wed, 15 Dec 2021 10:56:12 GMT[\r][\n]"
2021-12-15_16:26:12.643 [main] DEBUG org.apache.http.wire -  << "Keep-Alive: timeout=60[\r][\n]"
2021-12-15_16:26:12.651 [main] DEBUG org.apache.http.wire -  << "Content-Type: application/json[\r][\n]"
2021-12-15_16:26:12.652 [main] DEBUG org.apache.http.wire -  << "Transfer-Encoding: chunked[\r][\n]"
2021-12-15_16:26:12.652 [main] DEBUG org.apache.http.wire -  << "Connection: keep-alive[\r][\n]"
2021-12-15_16:26:12.652 [main] DEBUG org.apache.http.wire -  << "[\r][\n]"
2021-12-15_16:26:12.652 [main] DEBUG o.a.h.i.conn.DefaultClientConnection - Receiving response: HTTP/1.1 200 
2021-12-15_16:26:12.652 [main] DEBUG org.apache.http.headers - << HTTP/1.1 200 
2021-12-15_16:26:12.652 [main] DEBUG org.apache.http.headers - << Access-Control-Allow-Methods: GET, POST
2021-12-15_16:26:12.652 [main] DEBUG org.apache.http.headers - << Access-Control-Allow-Origin: *
2021-12-15_16:26:12.652 [main] DEBUG org.apache.http.headers - << Content-Security-Policy: default-src 'none'
2021-12-15_16:26:12.652 [main] DEBUG org.apache.http.headers - << Feature-Policy: 'none'
2021-12-15_16:26:12.652 [main] DEBUG org.apache.http.headers - << Referrer-Policy: no-referrer
2021-12-15_16:26:12.652 [main] DEBUG org.apache.http.headers - << Strict-Transport-Security: max-age=31536000 ; includeSubDomains
2021-12-15_16:26:12.652 [main] DEBUG org.apache.http.headers - << Date: Wed, 15 Dec 2021 10:56:12 GMT
2021-12-15_16:26:12.652 [main] DEBUG org.apache.http.headers - << Keep-Alive: timeout=60
2021-12-15_16:26:12.652 [main] DEBUG org.apache.http.headers - << Content-Type: application/json
2021-12-15_16:26:12.652 [main] DEBUG org.apache.http.headers - << Transfer-Encoding: chunked
2021-12-15_16:26:12.652 [main] DEBUG org.apache.http.headers - << Connection: keep-alive
2021-12-15_16:26:12.660 [main] DEBUG o.a.h.impl.client.DefaultHttpClient - Connection can be kept alive for 60000 MILLISECONDS
2021-12-15_16:26:12.695 [main] DEBUG i.r.i.RequestSpecificationImpl$RestAssuredHttpBuilder - Parsing response as: application/json
2021-12-15_16:26:12.696 [main] DEBUG i.r.i.RequestSpecificationImpl$RestAssuredHttpBuilder - Parsed data to instance of: class org.apache.http.conn.EofSensorInputStream
2021-12-15_16:26:12.720 [main] INFO  com.qc.BaseAPI - Method :GET
2021-12-15_16:26:12.720 [main] INFO  com.qc.BaseAPI - URI :https://apitest.pineperks.in/auth/V1/generate/token
2021-12-15_16:26:12.720 [main] INFO  com.qc.BaseAPI - Headers :userName=A0aCcnPzDANtKmvSLPKcaw==
Accept=*/*
Content-Type=application/json; charset=UTF-8
2021-12-15_16:26:12.720 [main] INFO  com.qc.BaseAPI - Body :null
2021-12-15_16:26:12.720 [main] INFO  com.qc.BaseAPI - ********************RESPONSE********************
2021-12-15_16:26:12.737 [main] DEBUG org.apache.http.wire -  << "7f[\r][\n]"
2021-12-15_16:26:12.737 [main] DEBUG org.apache.http.wire -  << "{"accessToken":"cc8c565475e6438d822ad0319abd93bd","tokenExpiryTime":"16-Dec-2021","responseCode":0,"responseMessage":"Success"}"
2021-12-15_16:26:12.737 [main] DEBUG org.apache.http.wire -  << "[\r][\n]"
2021-12-15_16:26:12.737 [main] DEBUG org.apache.http.wire -  << "0[\r][\n]"
2021-12-15_16:26:12.737 [main] DEBUG org.apache.http.wire -  << "[\r][\n]"
2021-12-15_16:26:12.737 [main] DEBUG o.a.h.i.c.BasicClientConnectionManager - Releasing connection org.apache.http.impl.conn.ManagedClientConnectionImpl@1404ed28
2021-12-15_16:26:12.737 [main] DEBUG o.a.h.i.c.BasicClientConnectionManager - Connection can be kept alive for 60000 MILLISECONDS
2021-12-15_16:26:12.788 [main] INFO  com.qc.BaseAPI - Response :{
    "accessToken": "cc8c565475e6438d822ad0319abd93bd",
    "tokenExpiryTime": "16-Dec-2021",
    "responseCode": 0,
    "responseMessage": "Success"
}
2021-12-15_16:26:12.788 [main] INFO  com.qc.BaseAPI -  **** GET call Response time 2807 ms
2021-12-15_16:26:12.788 [main] INFO  pl.rest.service.Authorize - Time Taken to perform https://apitest.pineperks.in/auth/V1/generate/token transaction: 2807
2021-12-15_16:26:13.081 [main] INFO  com.qc.qa.utils.TestDataReader - Reading Json data authorizeHeaders
2021-12-15_16:26:13.092 [main] INFO  com.qc.qa.utils.TestDataReader - Reading json data from file @ testData/api/devAPIData.json
2021-12-15_16:26:13.111 [main] INFO  pl.rest.service.CardIssue - CardIssue Rest API URL :- https://apitest.pineperks.in/card/order/V1/instant/issue/nonreloadable/digital
2021-12-15_16:26:13.111 [main] INFO  com.qc.BaseAPI - POST call to URL https://apitest.pineperks.in/card/order/V1/instant/issue/nonreloadable/digital
2021-12-15_16:26:13.122 [main] INFO  com.qc.BaseAPI - ********************REQUEST********************
2021-12-15_16:26:13.152 [main] DEBUG o.a.h.i.c.BasicClientConnectionManager - Get connection for route {s}->https://apitest.pineperks.in:443
2021-12-15_16:26:13.152 [main] DEBUG o.a.h.i.c.DefaultClientConnectionOperator - Connecting to apitest.pineperks.in:443
2021-12-15_16:26:13.278 [main] DEBUG o.a.h.c.protocol.RequestAddCookies - CookieSpec selected: ignoreCookies
2021-12-15_16:26:13.278 [main] DEBUG o.a.h.c.protocol.RequestAuthCache - Auth cache not set in the context
2021-12-15_16:26:13.285 [main] DEBUG o.a.h.c.p.RequestTargetAuthentication - Target auth state: UNCHALLENGED
2021-12-15_16:26:13.285 [main] DEBUG o.a.h.c.p.RequestProxyAuthentication - Proxy auth state: UNCHALLENGED
2021-12-15_16:26:13.285 [main] DEBUG o.a.h.impl.client.DefaultHttpClient - Attempt 1 to execute request
2021-12-15_16:26:13.285 [main] DEBUG o.a.h.i.conn.DefaultClientConnection - Sending request: POST /card/order/V1/instant/issue/nonreloadable/digital HTTP/1.1
2021-12-15_16:26:13.285 [main] DEBUG org.apache.http.wire -  >> "POST /card/order/V1/instant/issue/nonreloadable/digital HTTP/1.1[\r][\n]"
2021-12-15_16:26:13.285 [main] DEBUG org.apache.http.wire -  >> "Accept: */*[\r][\n]"
2021-12-15_16:26:13.285 [main] DEBUG org.apache.http.wire -  >> "userName: A0aCcnPzDANtKmvSLPKcaw==[\r][\n]"
2021-12-15_16:26:13.285 [main] DEBUG org.apache.http.wire -  >> "token: cc8c565475e6438d822ad0319abd93bd[\r][\n]"
2021-12-15_16:26:13.285 [main] DEBUG org.apache.http.wire -  >> "Content-Type: application/json; charset=UTF-8[\r][\n]"
2021-12-15_16:26:13.286 [main] DEBUG org.apache.http.wire -  >> "Content-Length: 241[\r][\n]"
2021-12-15_16:26:13.286 [main] DEBUG org.apache.http.wire -  >> "Host: apitest.pineperks.in[\r][\n]"
2021-12-15_16:26:13.286 [main] DEBUG org.apache.http.wire -  >> "Connection: Keep-Alive[\r][\n]"
2021-12-15_16:26:13.286 [main] DEBUG org.apache.http.wire -  >> "User-Agent: Apache-HttpClient/4.5.2 (Java/1.8.0_202)[\r][\n]"
2021-12-15_16:26:13.286 [main] DEBUG org.apache.http.wire -  >> "Accept-Encoding: gzip,deflate[\r][\n]"
2021-12-15_16:26:13.286 [main] DEBUG org.apache.http.wire -  >> "[\r][\n]"
2021-12-15_16:26:13.286 [main] DEBUG org.apache.http.headers - >> POST /card/order/V1/instant/issue/nonreloadable/digital HTTP/1.1
2021-12-15_16:26:13.286 [main] DEBUG org.apache.http.headers - >> Accept: */*
2021-12-15_16:26:13.286 [main] DEBUG org.apache.http.headers - >> userName: A0aCcnPzDANtKmvSLPKcaw==
2021-12-15_16:26:13.286 [main] DEBUG org.apache.http.headers - >> token: cc8c565475e6438d822ad0319abd93bd
2021-12-15_16:26:13.286 [main] DEBUG org.apache.http.headers - >> Content-Type: application/json; charset=UTF-8
2021-12-15_16:26:13.286 [main] DEBUG org.apache.http.headers - >> Content-Length: 241
2021-12-15_16:26:13.286 [main] DEBUG org.apache.http.headers - >> Host: apitest.pineperks.in
2021-12-15_16:26:13.286 [main] DEBUG org.apache.http.headers - >> Connection: Keep-Alive
2021-12-15_16:26:13.286 [main] DEBUG org.apache.http.headers - >> User-Agent: Apache-HttpClient/4.5.2 (Java/1.8.0_202)
2021-12-15_16:26:13.286 [main] DEBUG org.apache.http.headers - >> Accept-Encoding: gzip,deflate
2021-12-15_16:26:13.286 [main] DEBUG org.apache.http.wire -  >> "{"isLinkToBeSentOnMobile":true,"checksum":"5x3GNrnStyS2PkMvV6EeAw==","cardDetailList":[{"amount":"1000","mobileNumber":"8284854535","customerName":"afzal","email":"afzal.ahmed@pinelabs.com"}],"externalRequestId":"AFiM1QY","cardSchemeId":"7"}"
2021-12-15_16:26:13.768 [main] DEBUG org.apache.http.wire -  << "HTTP/1.1 200 [\r][\n]"
2021-12-15_16:26:13.768 [main] DEBUG org.apache.http.wire -  << "Access-Control-Allow-Methods: GET, POST[\r][\n]"
2021-12-15_16:26:13.768 [main] DEBUG org.apache.http.wire -  << "Access-Control-Allow-Origin: *[\r][\n]"
2021-12-15_16:26:13.768 [main] DEBUG org.apache.http.wire -  << "Content-Security-Policy: default-src 'none'[\r][\n]"
2021-12-15_16:26:13.768 [main] DEBUG org.apache.http.wire -  << "Feature-Policy: 'none'[\r][\n]"
2021-12-15_16:26:13.768 [main] DEBUG org.apache.http.wire -  << "Referrer-Policy: no-referrer[\r][\n]"
2021-12-15_16:26:13.768 [main] DEBUG org.apache.http.wire -  << "Strict-Transport-Security: max-age=31536000 ; includeSubDomains[\r][\n]"
2021-12-15_16:26:13.768 [main] DEBUG org.apache.http.wire -  << "Date: Wed, 15 Dec 2021 10:56:13 GMT[\r][\n]"
2021-12-15_16:26:13.768 [main] DEBUG org.apache.http.wire -  << "Keep-Alive: timeout=60[\r][\n]"
2021-12-15_16:26:13.768 [main] DEBUG org.apache.http.wire -  << "Content-Type: application/json[\r][\n]"
2021-12-15_16:26:13.768 [main] DEBUG org.apache.http.wire -  << "Transfer-Encoding: chunked[\r][\n]"
2021-12-15_16:26:13.768 [main] DEBUG org.apache.http.wire -  << "Connection: keep-alive[\r][\n]"
2021-12-15_16:26:13.776 [main] DEBUG org.apache.http.wire -  << "[\r][\n]"
2021-12-15_16:26:13.776 [main] DEBUG o.a.h.i.conn.DefaultClientConnection - Receiving response: HTTP/1.1 200 
2021-12-15_16:26:13.776 [main] DEBUG org.apache.http.headers - << HTTP/1.1 200 
2021-12-15_16:26:13.776 [main] DEBUG org.apache.http.headers - << Access-Control-Allow-Methods: GET, POST
2021-12-15_16:26:13.776 [main] DEBUG org.apache.http.headers - << Access-Control-Allow-Origin: *
2021-12-15_16:26:13.776 [main] DEBUG org.apache.http.headers - << Content-Security-Policy: default-src 'none'
2021-12-15_16:26:13.776 [main] DEBUG org.apache.http.headers - << Feature-Policy: 'none'
2021-12-15_16:26:13.776 [main] DEBUG org.apache.http.headers - << Referrer-Policy: no-referrer
2021-12-15_16:26:13.776 [main] DEBUG org.apache.http.headers - << Strict-Transport-Security: max-age=31536000 ; includeSubDomains
2021-12-15_16:26:13.776 [main] DEBUG org.apache.http.headers - << Date: Wed, 15 Dec 2021 10:56:13 GMT
2021-12-15_16:26:13.776 [main] DEBUG org.apache.http.headers - << Keep-Alive: timeout=60
2021-12-15_16:26:13.776 [main] DEBUG org.apache.http.headers - << Content-Type: application/json
2021-12-15_16:26:13.776 [main] DEBUG org.apache.http.headers - << Transfer-Encoding: chunked
2021-12-15_16:26:13.776 [main] DEBUG org.apache.http.headers - << Connection: keep-alive
2021-12-15_16:26:13.776 [main] DEBUG o.a.h.impl.client.DefaultHttpClient - Connection can be kept alive for 60000 MILLISECONDS
2021-12-15_16:26:13.776 [main] DEBUG i.r.i.RequestSpecificationImpl$RestAssuredHttpBuilder - Parsing response as: application/json
2021-12-15_16:26:13.776 [main] DEBUG i.r.i.RequestSpecificationImpl$RestAssuredHttpBuilder - Parsed data to instance of: class org.apache.http.conn.EofSensorInputStream
2021-12-15_16:26:13.776 [main] INFO  com.qc.BaseAPI - Method :POST
2021-12-15_16:26:13.785 [main] INFO  com.qc.BaseAPI - URI :https://apitest.pineperks.in/card/order/V1/instant/issue/nonreloadable/digital
2021-12-15_16:26:13.785 [main] INFO  com.qc.BaseAPI - Headers :token=cc8c565475e6438d822ad0319abd93bd
userName=A0aCcnPzDANtKmvSLPKcaw==
Accept=*/*
Content-Type=application/json; charset=UTF-8
2021-12-15_16:26:13.785 [main] INFO  com.qc.BaseAPI - Body :{"isLinkToBeSentOnMobile":true,"checksum":"5x3GNrnStyS2PkMvV6EeAw==","cardDetailList":[{"amount":"1000","mobileNumber":"8284854535","customerName":"afzal","email":"afzal.ahmed@pinelabs.com"}],"externalRequestId":"AFiM1QY","cardSchemeId":"7"}
2021-12-15_16:26:13.785 [main] INFO  com.qc.BaseAPI - ********************RESPONSE********************
2021-12-15_16:26:13.785 [main] DEBUG org.apache.http.wire -  << "1f1[\r][\n]"
2021-12-15_16:26:13.785 [main] DEBUG org.apache.http.wire -  << "{"externalRequestId":"AFiM1QY","orderId":12439,"orderStatus":6,"cardDetailResponseList":[{"referenceNumber":5753933851,"serialNumber":12439000010001,"customerName":"afzal","mobileNumber":8284854535,"email":"afzal.ahmed@pinelabs.com","amount":1000,"cardLink":"test.pineperks.in/eCard?c=HkHZT67ukoFi465h4UAbXw2","responseCode":0,"responseMessage":"Success"}],"successCount":1,"failedCount":0,"orderAmount":1000,"issuanceCharge":100,"netOrderAmount":1100,"responseCode":0,"responseMessage":"Success"}"
2021-12-15_16:26:13.785 [main] DEBUG org.apache.http.wire -  << "[\r][\n]"
2021-12-15_16:26:13.785 [main] DEBUG org.apache.http.wire -  << "0[\r][\n]"
2021-12-15_16:26:13.785 [main] DEBUG org.apache.http.wire -  << "[\r][\n]"
2021-12-15_16:26:13.785 [main] DEBUG o.a.h.i.c.BasicClientConnectionManager - Releasing connection org.apache.http.impl.conn.ManagedClientConnectionImpl@4b2f841b
2021-12-15_16:26:13.785 [main] DEBUG o.a.h.i.c.BasicClientConnectionManager - Connection can be kept alive for 60000 MILLISECONDS
2021-12-15_16:26:13.793 [main] INFO  com.qc.BaseAPI - Response :{
    "externalRequestId": "AFiM1QY",
    "orderId": 12439,
    "orderStatus": 6,
    "cardDetailResponseList": [
        {
            "referenceNumber": 5753933851,
            "serialNumber": 12439000010001,
            "customerName": "afzal",
            "mobileNumber": 8284854535,
            "email": "afzal.ahmed@pinelabs.com",
            "amount": 1000,
            "cardLink": "test.pineperks.in/eCard?c=HkHZT67ukoFi465h4UAbXw2",
            "responseCode": 0,
            "responseMessage": "Success"
        }
    ],
    "successCount": 1,
    "failedCount": 0,
    "orderAmount": 1000,
    "issuanceCharge": 100,
    "netOrderAmount": 1100,
    "responseCode": 0,
    "responseMessage": "Success"
}
2021-12-15_16:26:13.793 [main] INFO  com.qc.BaseAPI -  **** POST call Response time 654 ms
2021-12-15_16:26:13.793 [main] INFO  pl.rest.service.CardIssue - Time Taken to perform https://apitest.pineperks.in/card/order/V1/instant/issue/nonreloadable/digital transaction: 654
2021-12-15_16:26:14.237 [main] INFO  p.rest.stepDefs.TransactionsStepDefs - referenceNumber isnull
2021-12-15_16:26:14.245 [main] INFO  pl.rest.utils.DBUtils - Fetching card details from card table, using Query:  Select * from card AS bigint where ReferenceNumber=convert(bigint, 1789154895);
2021-12-15_16:26:14.295 [main] ERROR com.qc.qa.utils.LoadProperties - Missing MySQLDBEnvironment property value in system property or in config.properties files.Please add it if incase required
2021-12-15_16:26:14.295 [main] INFO  com.qc.qa.dbutils.DBPoolProvider - Con pool Total - 400, idle - 0,  Num active - 0
2021-12-15_16:26:14.295 [main] INFO  com.qc.qa.dbutils.DBPoolProvider - Retrieved connection
