2021-12-23_23:11:13.632 [main] INFO  pl.rest.CustomHooks - SCENARIO NAME: Issuing a non reloadable card and validation data with the card detail API response
2021-12-23_23:11:13.637 [main] INFO  pl.rest.CustomHooks - TAG NAMEs: []
2021-12-23_23:11:13.641 [main] INFO  pl.rest.CustomHooks - SCENARIO NAME: Issuing a non reloadable card and validation data with the card detail API response
2021-12-23_23:11:13.642 [main] INFO  pl.rest.CustomHooks - TAG NAMEs: []
2021-12-23_23:11:13.742 [main] INFO  pl.rest.CustomHooks - Index: 0, Size: 0
2021-12-23_23:11:16.028 [main] INFO  com.qc.qa.utils.TestDataReader - Reading API Test Data config values from  testData/api/devAPITestData.properties
2021-12-23_23:11:16.043 [main] INFO  pl.rest.service.Authorize - Authorize Rest API URL :- https://apitest.pineperks.in/auth/V1/generate/token
2021-12-23_23:11:16.043 [main] INFO  com.qc.BaseAPI - GET call to URL https://apitest.pineperks.in/auth/V1/generate/token
2021-12-23_23:11:16.295 [main] INFO  com.qc.BaseAPI - ********************REQUEST********************
2021-12-23_23:11:18.680 [main] DEBUG o.a.h.i.c.BasicClientConnectionManager - Get connection for route {s}->https://apitest.pineperks.in:443
2021-12-23_23:11:18.743 [main] DEBUG o.a.h.i.c.DefaultClientConnectionOperator - Connecting to apitest.pineperks.in:443
2021-12-23_23:11:18.992 [main] DEBUG o.a.h.c.protocol.RequestAddCookies - CookieSpec selected: ignoreCookies
2021-12-23_23:11:18.994 [main] DEBUG o.a.h.c.protocol.RequestAuthCache - Auth cache not set in the context
2021-12-23_23:11:18.995 [main] DEBUG o.a.h.c.p.RequestTargetAuthentication - Target auth state: UNCHALLENGED
2021-12-23_23:11:18.996 [main] DEBUG o.a.h.c.p.RequestProxyAuthentication - Proxy auth state: UNCHALLENGED
2021-12-23_23:11:18.997 [main] DEBUG o.a.h.impl.client.DefaultHttpClient - Attempt 1 to execute request
2021-12-23_23:11:18.998 [main] DEBUG o.a.h.i.conn.DefaultClientConnection - Sending request: GET /auth/V1/generate/token HTTP/1.1
2021-12-23_23:11:18.999 [main] DEBUG org.apache.http.wire -  >> "GET /auth/V1/generate/token HTTP/1.1[\r][\n]"
2021-12-23_23:11:19.001 [main] DEBUG org.apache.http.wire -  >> "Content-Type: application/json; charset=UTF-8[\r][\n]"
2021-12-23_23:11:19.001 [main] DEBUG org.apache.http.wire -  >> "Accept: */*[\r][\n]"
2021-12-23_23:11:19.001 [main] DEBUG org.apache.http.wire -  >> "userName: A0aCcnPzDANtKmvSLPKcaw==[\r][\n]"
2021-12-23_23:11:19.001 [main] DEBUG org.apache.http.wire -  >> "Host: apitest.pineperks.in[\r][\n]"
2021-12-23_23:11:19.002 [main] DEBUG org.apache.http.wire -  >> "Connection: Keep-Alive[\r][\n]"
2021-12-23_23:11:19.002 [main] DEBUG org.apache.http.wire -  >> "User-Agent: Apache-HttpClient/4.5.2 (Java/1.8.0_202)[\r][\n]"
2021-12-23_23:11:19.002 [main] DEBUG org.apache.http.wire -  >> "Accept-Encoding: gzip,deflate[\r][\n]"
2021-12-23_23:11:19.003 [main] DEBUG org.apache.http.wire -  >> "[\r][\n]"
2021-12-23_23:11:19.003 [main] DEBUG org.apache.http.headers - >> GET /auth/V1/generate/token HTTP/1.1
2021-12-23_23:11:19.003 [main] DEBUG org.apache.http.headers - >> Content-Type: application/json; charset=UTF-8
2021-12-23_23:11:19.003 [main] DEBUG org.apache.http.headers - >> Accept: */*
2021-12-23_23:11:19.003 [main] DEBUG org.apache.http.headers - >> userName: A0aCcnPzDANtKmvSLPKcaw==
2021-12-23_23:11:19.003 [main] DEBUG org.apache.http.headers - >> Host: apitest.pineperks.in
2021-12-23_23:11:19.003 [main] DEBUG org.apache.http.headers - >> Connection: Keep-Alive
2021-12-23_23:11:19.004 [main] DEBUG org.apache.http.headers - >> User-Agent: Apache-HttpClient/4.5.2 (Java/1.8.0_202)
2021-12-23_23:11:19.004 [main] DEBUG org.apache.http.headers - >> Accept-Encoding: gzip,deflate
2021-12-23_23:11:19.109 [main] DEBUG org.apache.http.wire -  << "HTTP/1.1 200 [\r][\n]"
2021-12-23_23:11:19.111 [main] DEBUG org.apache.http.wire -  << "Access-Control-Allow-Methods: GET, POST[\r][\n]"
2021-12-23_23:11:19.111 [main] DEBUG org.apache.http.wire -  << "Access-Control-Allow-Origin: *[\r][\n]"
2021-12-23_23:11:19.111 [main] DEBUG org.apache.http.wire -  << "Content-Security-Policy: default-src 'none'[\r][\n]"
2021-12-23_23:11:19.112 [main] DEBUG org.apache.http.wire -  << "Feature-Policy: 'none'[\r][\n]"
2021-12-23_23:11:19.112 [main] DEBUG org.apache.http.wire -  << "Referrer-Policy: no-referrer[\r][\n]"
2021-12-23_23:11:19.112 [main] DEBUG org.apache.http.wire -  << "Strict-Transport-Security: max-age=31536000 ; includeSubDomains[\r][\n]"
2021-12-23_23:11:19.112 [main] DEBUG org.apache.http.wire -  << "Date: Thu, 23 Dec 2021 17:41:19 GMT[\r][\n]"
2021-12-23_23:11:19.112 [main] DEBUG org.apache.http.wire -  << "Keep-Alive: timeout=60[\r][\n]"
2021-12-23_23:11:19.112 [main] DEBUG org.apache.http.wire -  << "Content-Type: application/json[\r][\n]"
2021-12-23_23:11:19.112 [main] DEBUG org.apache.http.wire -  << "Transfer-Encoding: chunked[\r][\n]"
2021-12-23_23:11:19.112 [main] DEBUG org.apache.http.wire -  << "Connection: keep-alive[\r][\n]"
2021-12-23_23:11:19.113 [main] DEBUG org.apache.http.wire -  << "[\r][\n]"
2021-12-23_23:11:19.113 [main] DEBUG o.a.h.i.conn.DefaultClientConnection - Receiving response: HTTP/1.1 200 
2021-12-23_23:11:19.113 [main] DEBUG org.apache.http.headers - << HTTP/1.1 200 
2021-12-23_23:11:19.113 [main] DEBUG org.apache.http.headers - << Access-Control-Allow-Methods: GET, POST
2021-12-23_23:11:19.114 [main] DEBUG org.apache.http.headers - << Access-Control-Allow-Origin: *
2021-12-23_23:11:19.114 [main] DEBUG org.apache.http.headers - << Content-Security-Policy: default-src 'none'
2021-12-23_23:11:19.114 [main] DEBUG org.apache.http.headers - << Feature-Policy: 'none'
2021-12-23_23:11:19.114 [main] DEBUG org.apache.http.headers - << Referrer-Policy: no-referrer
2021-12-23_23:11:19.114 [main] DEBUG org.apache.http.headers - << Strict-Transport-Security: max-age=31536000 ; includeSubDomains
2021-12-23_23:11:19.114 [main] DEBUG org.apache.http.headers - << Date: Thu, 23 Dec 2021 17:41:19 GMT
2021-12-23_23:11:19.115 [main] DEBUG org.apache.http.headers - << Keep-Alive: timeout=60
2021-12-23_23:11:19.115 [main] DEBUG org.apache.http.headers - << Content-Type: application/json
2021-12-23_23:11:19.115 [main] DEBUG org.apache.http.headers - << Transfer-Encoding: chunked
2021-12-23_23:11:19.115 [main] DEBUG org.apache.http.headers - << Connection: keep-alive
2021-12-23_23:11:19.120 [main] DEBUG o.a.h.impl.client.DefaultHttpClient - Connection can be kept alive for 60000 MILLISECONDS
2021-12-23_23:11:19.134 [main] DEBUG i.r.i.RequestSpecificationImpl$RestAssuredHttpBuilder - Parsing response as: application/json
2021-12-23_23:11:19.134 [main] DEBUG i.r.i.RequestSpecificationImpl$RestAssuredHttpBuilder - Parsed data to instance of: class org.apache.http.conn.EofSensorInputStream
2021-12-23_23:11:19.147 [main] INFO  com.qc.BaseAPI - Method :GET
2021-12-23_23:11:19.149 [main] INFO  com.qc.BaseAPI - URI :https://apitest.pineperks.in/auth/V1/generate/token
2021-12-23_23:11:19.149 [main] INFO  com.qc.BaseAPI - Headers :userName=A0aCcnPzDANtKmvSLPKcaw==
Accept=*/*
Content-Type=application/json; charset=UTF-8
2021-12-23_23:11:19.150 [main] INFO  com.qc.BaseAPI - Body :null
2021-12-23_23:11:19.150 [main] INFO  com.qc.BaseAPI - ********************RESPONSE********************
2021-12-23_23:11:19.160 [main] DEBUG org.apache.http.wire -  << "7f[\r][\n]"
2021-12-23_23:11:19.161 [main] DEBUG org.apache.http.wire -  << "{"accessToken":"22d339c2217e4450b8f0fe5e894b2abd","tokenExpiryTime":"24-Dec-2021","responseCode":0,"responseMessage":"Success"}"
2021-12-23_23:11:19.161 [main] DEBUG org.apache.http.wire -  << "[\r][\n]"
2021-12-23_23:11:19.162 [main] DEBUG org.apache.http.wire -  << "0[\r][\n]"
2021-12-23_23:11:19.162 [main] DEBUG org.apache.http.wire -  << "[\r][\n]"
2021-12-23_23:11:19.162 [main] DEBUG o.a.h.i.c.BasicClientConnectionManager - Releasing connection org.apache.http.impl.conn.ManagedClientConnectionImpl@173b7227
2021-12-23_23:11:19.162 [main] DEBUG o.a.h.i.c.BasicClientConnectionManager - Connection can be kept alive for 60000 MILLISECONDS
2021-12-23_23:11:19.203 [main] INFO  com.qc.BaseAPI - Response :{
    "accessToken": "22d339c2217e4450b8f0fe5e894b2abd",
    "tokenExpiryTime": "24-Dec-2021",
    "responseCode": 0,
    "responseMessage": "Success"
}
2021-12-23_23:11:19.206 [main] INFO  com.qc.BaseAPI -  **** GET call Response time 2837 ms
2021-12-23_23:11:19.207 [main] INFO  pl.rest.service.Authorize - Time Taken to perform https://apitest.pineperks.in/auth/V1/generate/token transaction: 2837
2021-12-23_23:11:19.325 [main] INFO  com.qc.qa.utils.TestDataReader - Reading Json data authorizeHeaders
2021-12-23_23:11:19.329 [main] INFO  com.qc.qa.utils.TestDataReader - Reading json data from file @ testData/api/devAPIData.json
2021-12-23_23:11:19.357 [main] INFO  pl.rest.service.CardIssue - CardIssue Rest API URL :- https://apitest.pineperks.in/card/order/V1/instant/issue/nonreloadable/digital
2021-12-23_23:11:19.358 [main] INFO  com.qc.BaseAPI - POST call to URL https://apitest.pineperks.in/card/order/V1/instant/issue/nonreloadable/digital
2021-12-23_23:11:19.372 [main] INFO  com.qc.BaseAPI - ********************REQUEST********************
2021-12-23_23:11:19.417 [main] DEBUG o.a.h.i.c.BasicClientConnectionManager - Get connection for route {s}->https://apitest.pineperks.in:443
2021-12-23_23:11:19.417 [main] DEBUG o.a.h.i.c.DefaultClientConnectionOperator - Connecting to apitest.pineperks.in:443
2021-12-23_23:11:19.551 [main] DEBUG o.a.h.c.protocol.RequestAddCookies - CookieSpec selected: ignoreCookies
2021-12-23_23:11:19.551 [main] DEBUG o.a.h.c.protocol.RequestAuthCache - Auth cache not set in the context
2021-12-23_23:11:19.551 [main] DEBUG o.a.h.c.p.RequestTargetAuthentication - Target auth state: UNCHALLENGED
2021-12-23_23:11:19.552 [main] DEBUG o.a.h.c.p.RequestProxyAuthentication - Proxy auth state: UNCHALLENGED
2021-12-23_23:11:19.552 [main] DEBUG o.a.h.impl.client.DefaultHttpClient - Attempt 1 to execute request
2021-12-23_23:11:19.552 [main] DEBUG o.a.h.i.conn.DefaultClientConnection - Sending request: POST /card/order/V1/instant/issue/nonreloadable/digital HTTP/1.1
2021-12-23_23:11:19.552 [main] DEBUG org.apache.http.wire -  >> "POST /card/order/V1/instant/issue/nonreloadable/digital HTTP/1.1[\r][\n]"
2021-12-23_23:11:19.552 [main] DEBUG org.apache.http.wire -  >> "Accept: */*[\r][\n]"
2021-12-23_23:11:19.552 [main] DEBUG org.apache.http.wire -  >> "userName: A0aCcnPzDANtKmvSLPKcaw==[\r][\n]"
2021-12-23_23:11:19.552 [main] DEBUG org.apache.http.wire -  >> "token: 22d339c2217e4450b8f0fe5e894b2abd[\r][\n]"
2021-12-23_23:11:19.553 [main] DEBUG org.apache.http.wire -  >> "Content-Type: application/json; charset=UTF-8[\r][\n]"
2021-12-23_23:11:19.553 [main] DEBUG org.apache.http.wire -  >> "Content-Length: 241[\r][\n]"
2021-12-23_23:11:19.553 [main] DEBUG org.apache.http.wire -  >> "Host: apitest.pineperks.in[\r][\n]"
2021-12-23_23:11:19.553 [main] DEBUG org.apache.http.wire -  >> "Connection: Keep-Alive[\r][\n]"
2021-12-23_23:11:19.554 [main] DEBUG org.apache.http.wire -  >> "User-Agent: Apache-HttpClient/4.5.2 (Java/1.8.0_202)[\r][\n]"
2021-12-23_23:11:19.554 [main] DEBUG org.apache.http.wire -  >> "Accept-Encoding: gzip,deflate[\r][\n]"
2021-12-23_23:11:19.554 [main] DEBUG org.apache.http.wire -  >> "[\r][\n]"
2021-12-23_23:11:19.554 [main] DEBUG org.apache.http.headers - >> POST /card/order/V1/instant/issue/nonreloadable/digital HTTP/1.1
2021-12-23_23:11:19.554 [main] DEBUG org.apache.http.headers - >> Accept: */*
2021-12-23_23:11:19.554 [main] DEBUG org.apache.http.headers - >> userName: A0aCcnPzDANtKmvSLPKcaw==
2021-12-23_23:11:19.554 [main] DEBUG org.apache.http.headers - >> token: 22d339c2217e4450b8f0fe5e894b2abd
2021-12-23_23:11:19.554 [main] DEBUG org.apache.http.headers - >> Content-Type: application/json; charset=UTF-8
2021-12-23_23:11:19.554 [main] DEBUG org.apache.http.headers - >> Content-Length: 241
2021-12-23_23:11:19.554 [main] DEBUG org.apache.http.headers - >> Host: apitest.pineperks.in
2021-12-23_23:11:19.554 [main] DEBUG org.apache.http.headers - >> Connection: Keep-Alive
2021-12-23_23:11:19.554 [main] DEBUG org.apache.http.headers - >> User-Agent: Apache-HttpClient/4.5.2 (Java/1.8.0_202)
2021-12-23_23:11:19.554 [main] DEBUG org.apache.http.headers - >> Accept-Encoding: gzip,deflate
2021-12-23_23:11:19.555 [main] DEBUG org.apache.http.wire -  >> "{"isLinkToBeSentOnMobile":true,"checksum":"5x3GNrnStyS2PkMvV6EeAw==","cardDetailList":[{"amount":"1000","mobileNumber":"8284854535","customerName":"afzal","email":"afzal.ahmed@pinelabs.com"}],"externalRequestId":"QRb6iUI","cardSchemeId":"7"}"
2021-12-23_23:11:19.872 [main] DEBUG org.apache.http.wire -  << "HTTP/1.1 200 [\r][\n]"
2021-12-23_23:11:19.873 [main] DEBUG org.apache.http.wire -  << "Access-Control-Allow-Methods: GET, POST[\r][\n]"
2021-12-23_23:11:19.873 [main] DEBUG org.apache.http.wire -  << "Access-Control-Allow-Origin: *[\r][\n]"
2021-12-23_23:11:19.873 [main] DEBUG org.apache.http.wire -  << "Content-Security-Policy: default-src 'none'[\r][\n]"
2021-12-23_23:11:19.873 [main] DEBUG org.apache.http.wire -  << "Feature-Policy: 'none'[\r][\n]"
2021-12-23_23:11:19.874 [main] DEBUG org.apache.http.wire -  << "Referrer-Policy: no-referrer[\r][\n]"
2021-12-23_23:11:19.874 [main] DEBUG org.apache.http.wire -  << "Strict-Transport-Security: max-age=31536000 ; includeSubDomains[\r][\n]"
2021-12-23_23:11:19.874 [main] DEBUG org.apache.http.wire -  << "Date: Thu, 23 Dec 2021 17:41:19 GMT[\r][\n]"
2021-12-23_23:11:19.874 [main] DEBUG org.apache.http.wire -  << "Keep-Alive: timeout=60[\r][\n]"
2021-12-23_23:11:19.874 [main] DEBUG org.apache.http.wire -  << "Content-Type: application/json[\r][\n]"
2021-12-23_23:11:19.874 [main] DEBUG org.apache.http.wire -  << "Transfer-Encoding: chunked[\r][\n]"
2021-12-23_23:11:19.875 [main] DEBUG org.apache.http.wire -  << "Connection: keep-alive[\r][\n]"
2021-12-23_23:11:19.875 [main] DEBUG org.apache.http.wire -  << "[\r][\n]"
2021-12-23_23:11:19.875 [main] DEBUG o.a.h.i.conn.DefaultClientConnection - Receiving response: HTTP/1.1 200 
2021-12-23_23:11:19.875 [main] DEBUG org.apache.http.headers - << HTTP/1.1 200 
2021-12-23_23:11:19.876 [main] DEBUG org.apache.http.headers - << Access-Control-Allow-Methods: GET, POST
2021-12-23_23:11:19.876 [main] DEBUG org.apache.http.headers - << Access-Control-Allow-Origin: *
2021-12-23_23:11:19.876 [main] DEBUG org.apache.http.headers - << Content-Security-Policy: default-src 'none'
2021-12-23_23:11:19.876 [main] DEBUG org.apache.http.headers - << Feature-Policy: 'none'
2021-12-23_23:11:19.876 [main] DEBUG org.apache.http.headers - << Referrer-Policy: no-referrer
2021-12-23_23:11:19.876 [main] DEBUG org.apache.http.headers - << Strict-Transport-Security: max-age=31536000 ; includeSubDomains
2021-12-23_23:11:19.876 [main] DEBUG org.apache.http.headers - << Date: Thu, 23 Dec 2021 17:41:19 GMT
2021-12-23_23:11:19.876 [main] DEBUG org.apache.http.headers - << Keep-Alive: timeout=60
2021-12-23_23:11:19.877 [main] DEBUG org.apache.http.headers - << Content-Type: application/json
2021-12-23_23:11:19.877 [main] DEBUG org.apache.http.headers - << Transfer-Encoding: chunked
2021-12-23_23:11:19.877 [main] DEBUG org.apache.http.headers - << Connection: keep-alive
2021-12-23_23:11:19.877 [main] DEBUG o.a.h.impl.client.DefaultHttpClient - Connection can be kept alive for 60000 MILLISECONDS
2021-12-23_23:11:19.878 [main] DEBUG i.r.i.RequestSpecificationImpl$RestAssuredHttpBuilder - Parsing response as: application/json
2021-12-23_23:11:19.878 [main] DEBUG i.r.i.RequestSpecificationImpl$RestAssuredHttpBuilder - Parsed data to instance of: class org.apache.http.conn.EofSensorInputStream
2021-12-23_23:11:19.881 [main] INFO  com.qc.BaseAPI - Method :POST
2021-12-23_23:11:19.885 [main] INFO  com.qc.BaseAPI - URI :https://apitest.pineperks.in/card/order/V1/instant/issue/nonreloadable/digital
2021-12-23_23:11:19.886 [main] INFO  com.qc.BaseAPI - Headers :token=22d339c2217e4450b8f0fe5e894b2abd
userName=A0aCcnPzDANtKmvSLPKcaw==
Accept=*/*
Content-Type=application/json; charset=UTF-8
2021-12-23_23:11:19.886 [main] INFO  com.qc.BaseAPI - Body :{"isLinkToBeSentOnMobile":true,"checksum":"5x3GNrnStyS2PkMvV6EeAw==","cardDetailList":[{"amount":"1000","mobileNumber":"8284854535","customerName":"afzal","email":"afzal.ahmed@pinelabs.com"}],"externalRequestId":"QRb6iUI","cardSchemeId":"7"}
2021-12-23_23:11:19.886 [main] INFO  com.qc.BaseAPI - ********************RESPONSE********************
2021-12-23_23:11:19.886 [main] DEBUG org.apache.http.wire -  << "1f1[\r][\n]"
2021-12-23_23:11:19.886 [main] DEBUG org.apache.http.wire -  << "{"externalRequestId":"QRb6iUI","orderId":20934,"orderStatus":6,"cardDetailResponseList":[{"referenceNumber":9639364481,"serialNumber":20934000010001,"customerName":"afzal","mobileNumber":8284854535,"email":"afzal.ahmed@pinelabs.com","amount":1000,"cardLink":"test.pineperks.in/eCard?c=rsGVgxfgP0UKlxGcca783Q2","responseCode":0,"responseMessage":"Success"}],"successCount":1,"failedCount":0,"orderAmount":1000,"issuanceCharge":100,"netOrderAmount":1100,"responseCode":0,"responseMessage":"Success"}"
2021-12-23_23:11:19.887 [main] DEBUG org.apache.http.wire -  << "[\r][\n]"
2021-12-23_23:11:19.887 [main] DEBUG org.apache.http.wire -  << "0[\r][\n]"
2021-12-23_23:11:19.887 [main] DEBUG org.apache.http.wire -  << "[\r][\n]"
2021-12-23_23:11:19.887 [main] DEBUG o.a.h.i.c.BasicClientConnectionManager - Releasing connection org.apache.http.impl.conn.ManagedClientConnectionImpl@486265b7
2021-12-23_23:11:19.887 [main] DEBUG o.a.h.i.c.BasicClientConnectionManager - Connection can be kept alive for 60000 MILLISECONDS
2021-12-23_23:11:19.890 [main] INFO  com.qc.BaseAPI - Response :{
    "externalRequestId": "QRb6iUI",
    "orderId": 20934,
    "orderStatus": 6,
    "cardDetailResponseList": [
        {
            "referenceNumber": 9639364481,
            "serialNumber": 20934000010001,
            "customerName": "afzal",
            "mobileNumber": 8284854535,
            "email": "afzal.ahmed@pinelabs.com",
            "amount": 1000,
            "cardLink": "test.pineperks.in/eCard?c=rsGVgxfgP0UKlxGcca783Q2",
            "responseCode": 0,
            "responseMessage": "Success"
        }
    ],
    "successCount": 1,
    "failedCount": 0,
    "orderAmount": 1000,
    "issuanceCharge": 100,
    "netOrderAmount": 1100,
    "responseCode": 0,
    "responseMessage": "Success"
}
2021-12-23_23:11:19.891 [main] INFO  com.qc.BaseAPI -  **** POST call Response time 506 ms
2021-12-23_23:11:19.891 [main] INFO  pl.rest.service.CardIssue - Time Taken to perform https://apitest.pineperks.in/card/order/V1/instant/issue/nonreloadable/digital transaction: 506
