2021-12-15_12:51:38.894 [main] INFO  com.qc.qa.utils.TestDataReader - Reading API Test Data config values from  testData/api/devAPITestData.properties
2021-12-15_12:51:38.899 [main] INFO  pl.rest.service.Authorize - Authorize Rest API URL :- https://apitest.pineperks.in/auth/V1/generate/token
2021-12-15_12:51:38.899 [main] INFO  com.qc.BaseAPI - GET call to URL https://apitest.pineperks.in/auth/V1/generate/token
2021-12-15_12:51:39.097 [main] INFO  com.qc.BaseAPI - ********************REQUEST********************
2021-12-15_12:51:40.509 [main] DEBUG o.a.h.i.c.BasicClientConnectionManager - Get connection for route {s}->https://apitest.pineperks.in:443
2021-12-15_12:51:40.578 [main] DEBUG o.a.h.i.c.DefaultClientConnectionOperator - Connecting to apitest.pineperks.in:443
2021-12-15_12:51:40.797 [main] DEBUG o.a.h.c.protocol.RequestAddCookies - CookieSpec selected: ignoreCookies
2021-12-15_12:51:40.798 [main] DEBUG o.a.h.c.protocol.RequestAuthCache - Auth cache not set in the context
2021-12-15_12:51:40.799 [main] DEBUG o.a.h.c.p.RequestTargetAuthentication - Target auth state: UNCHALLENGED
2021-12-15_12:51:40.799 [main] DEBUG o.a.h.c.p.RequestProxyAuthentication - Proxy auth state: UNCHALLENGED
2021-12-15_12:51:40.800 [main] DEBUG o.a.h.impl.client.DefaultHttpClient - Attempt 1 to execute request
2021-12-15_12:51:40.800 [main] DEBUG o.a.h.i.conn.DefaultClientConnection - Sending request: GET /auth/V1/generate/token HTTP/1.1
2021-12-15_12:51:40.801 [main] DEBUG org.apache.http.wire -  >> "GET /auth/V1/generate/token HTTP/1.1[\r][\n]"
2021-12-15_12:51:40.802 [main] DEBUG org.apache.http.wire -  >> "Content-Type: application/json; charset=UTF-8[\r][\n]"
2021-12-15_12:51:40.802 [main] DEBUG org.apache.http.wire -  >> "Accept: */*[\r][\n]"
2021-12-15_12:51:40.802 [main] DEBUG org.apache.http.wire -  >> "userName: A0aCcnPzDANtKmvSLPKcaw==[\r][\n]"
2021-12-15_12:51:40.802 [main] DEBUG org.apache.http.wire -  >> "Host: apitest.pineperks.in[\r][\n]"
2021-12-15_12:51:40.802 [main] DEBUG org.apache.http.wire -  >> "Connection: Keep-Alive[\r][\n]"
2021-12-15_12:51:40.802 [main] DEBUG org.apache.http.wire -  >> "User-Agent: Apache-HttpClient/4.5.2 (Java/1.8.0_202)[\r][\n]"
2021-12-15_12:51:40.802 [main] DEBUG org.apache.http.wire -  >> "Accept-Encoding: gzip,deflate[\r][\n]"
2021-12-15_12:51:40.803 [main] DEBUG org.apache.http.wire -  >> "[\r][\n]"
2021-12-15_12:51:40.803 [main] DEBUG org.apache.http.headers - >> GET /auth/V1/generate/token HTTP/1.1
2021-12-15_12:51:40.803 [main] DEBUG org.apache.http.headers - >> Content-Type: application/json; charset=UTF-8
2021-12-15_12:51:40.803 [main] DEBUG org.apache.http.headers - >> Accept: */*
2021-12-15_12:51:40.803 [main] DEBUG org.apache.http.headers - >> userName: A0aCcnPzDANtKmvSLPKcaw==
2021-12-15_12:51:40.803 [main] DEBUG org.apache.http.headers - >> Host: apitest.pineperks.in
2021-12-15_12:51:40.803 [main] DEBUG org.apache.http.headers - >> Connection: Keep-Alive
2021-12-15_12:51:40.803 [main] DEBUG org.apache.http.headers - >> User-Agent: Apache-HttpClient/4.5.2 (Java/1.8.0_202)
2021-12-15_12:51:40.803 [main] DEBUG org.apache.http.headers - >> Accept-Encoding: gzip,deflate
2021-12-15_12:51:40.868 [main] DEBUG org.apache.http.wire -  << "HTTP/1.1 200 [\r][\n]"
2021-12-15_12:51:40.872 [main] DEBUG org.apache.http.wire -  << "Access-Control-Allow-Methods: GET, POST[\r][\n]"
2021-12-15_12:51:40.872 [main] DEBUG org.apache.http.wire -  << "Access-Control-Allow-Origin: *[\r][\n]"
2021-12-15_12:51:40.873 [main] DEBUG org.apache.http.wire -  << "Content-Security-Policy: default-src 'none'[\r][\n]"
2021-12-15_12:51:40.873 [main] DEBUG org.apache.http.wire -  << "Feature-Policy: 'none'[\r][\n]"
2021-12-15_12:51:40.874 [main] DEBUG org.apache.http.wire -  << "Referrer-Policy: no-referrer[\r][\n]"
2021-12-15_12:51:40.874 [main] DEBUG org.apache.http.wire -  << "Strict-Transport-Security: max-age=31536000 ; includeSubDomains[\r][\n]"
2021-12-15_12:51:40.874 [main] DEBUG org.apache.http.wire -  << "Date: Wed, 15 Dec 2021 07:21:40 GMT[\r][\n]"
2021-12-15_12:51:40.874 [main] DEBUG org.apache.http.wire -  << "Keep-Alive: timeout=60[\r][\n]"
2021-12-15_12:51:40.875 [main] DEBUG org.apache.http.wire -  << "Content-Type: application/json[\r][\n]"
2021-12-15_12:51:40.875 [main] DEBUG org.apache.http.wire -  << "Transfer-Encoding: chunked[\r][\n]"
2021-12-15_12:51:40.875 [main] DEBUG org.apache.http.wire -  << "Connection: keep-alive[\r][\n]"
2021-12-15_12:51:40.875 [main] DEBUG org.apache.http.wire -  << "[\r][\n]"
2021-12-15_12:51:40.877 [main] DEBUG o.a.h.i.conn.DefaultClientConnection - Receiving response: HTTP/1.1 200 
2021-12-15_12:51:40.877 [main] DEBUG org.apache.http.headers - << HTTP/1.1 200 
2021-12-15_12:51:40.877 [main] DEBUG org.apache.http.headers - << Access-Control-Allow-Methods: GET, POST
2021-12-15_12:51:40.878 [main] DEBUG org.apache.http.headers - << Access-Control-Allow-Origin: *
2021-12-15_12:51:40.879 [main] DEBUG org.apache.http.headers - << Content-Security-Policy: default-src 'none'
2021-12-15_12:51:40.879 [main] DEBUG org.apache.http.headers - << Feature-Policy: 'none'
2021-12-15_12:51:40.879 [main] DEBUG org.apache.http.headers - << Referrer-Policy: no-referrer
2021-12-15_12:51:40.880 [main] DEBUG org.apache.http.headers - << Strict-Transport-Security: max-age=31536000 ; includeSubDomains
2021-12-15_12:51:40.880 [main] DEBUG org.apache.http.headers - << Date: Wed, 15 Dec 2021 07:21:40 GMT
2021-12-15_12:51:40.880 [main] DEBUG org.apache.http.headers - << Keep-Alive: timeout=60
2021-12-15_12:51:40.880 [main] DEBUG org.apache.http.headers - << Content-Type: application/json
2021-12-15_12:51:40.880 [main] DEBUG org.apache.http.headers - << Transfer-Encoding: chunked
2021-12-15_12:51:40.880 [main] DEBUG org.apache.http.headers - << Connection: keep-alive
2021-12-15_12:51:40.891 [main] DEBUG o.a.h.impl.client.DefaultHttpClient - Connection can be kept alive for 60000 MILLISECONDS
2021-12-15_12:51:40.919 [main] DEBUG i.r.i.RequestSpecificationImpl$RestAssuredHttpBuilder - Parsing response as: application/json
2021-12-15_12:51:40.920 [main] DEBUG i.r.i.RequestSpecificationImpl$RestAssuredHttpBuilder - Parsed data to instance of: class org.apache.http.conn.EofSensorInputStream
2021-12-15_12:51:40.939 [main] INFO  com.qc.BaseAPI - Method :GET
2021-12-15_12:51:40.940 [main] INFO  com.qc.BaseAPI - URI :https://apitest.pineperks.in/auth/V1/generate/token
2021-12-15_12:51:40.941 [main] INFO  com.qc.BaseAPI - Headers :userName=A0aCcnPzDANtKmvSLPKcaw==
Accept=*/*
Content-Type=application/json; charset=UTF-8
2021-12-15_12:51:40.941 [main] INFO  com.qc.BaseAPI - Body :null
2021-12-15_12:51:40.941 [main] INFO  com.qc.BaseAPI - ********************RESPONSE********************
2021-12-15_12:51:40.954 [main] DEBUG org.apache.http.wire -  << "7f[\r][\n]"
2021-12-15_12:51:40.955 [main] DEBUG org.apache.http.wire -  << "{"accessToken":"971394c9c50b4ee79ebbb14bafe0b926","tokenExpiryTime":"16-Dec-2021","responseCode":0,"responseMessage":"Success"}"
2021-12-15_12:51:40.956 [main] DEBUG org.apache.http.wire -  << "[\r][\n]"
2021-12-15_12:51:40.956 [main] DEBUG org.apache.http.wire -  << "0[\r][\n]"
2021-12-15_12:51:40.956 [main] DEBUG org.apache.http.wire -  << "[\r][\n]"
2021-12-15_12:51:40.956 [main] DEBUG o.a.h.i.c.BasicClientConnectionManager - Releasing connection org.apache.http.impl.conn.ManagedClientConnectionImpl@6571f64a
2021-12-15_12:51:40.956 [main] DEBUG o.a.h.i.c.BasicClientConnectionManager - Connection can be kept alive for 60000 MILLISECONDS
2021-12-15_12:51:40.983 [main] INFO  com.qc.BaseAPI - Response :{
    "accessToken": "971394c9c50b4ee79ebbb14bafe0b926",
    "tokenExpiryTime": "16-Dec-2021",
    "responseCode": 0,
    "responseMessage": "Success"
}
2021-12-15_12:51:40.985 [main] INFO  com.qc.BaseAPI -  **** GET call Response time 1828 ms
2021-12-15_12:51:40.985 [main] INFO  pl.rest.service.Authorize - Time Taken to perform https://apitest.pineperks.in/auth/V1/generate/token transaction: 1828
2021-12-15_12:51:41.279 [main] INFO  com.qc.qa.utils.TestDataReader - Reading Json data authorizeHeaders
2021-12-15_12:51:41.282 [main] INFO  com.qc.qa.utils.TestDataReader - Reading json data from file @ testData/api/devAPIData.json
2021-12-15_12:51:41.304 [main] INFO  pl.rest.service.CardIssue - CardIssue Rest API URL :- https://apitest.pineperks.in/card/order/V1/instant/issue/nonreloadable/digital
2021-12-15_12:51:41.304 [main] INFO  com.qc.BaseAPI - POST call to URL https://apitest.pineperks.in/card/order/V1/instant/issue/nonreloadable/digital
2021-12-15_12:51:41.316 [main] INFO  com.qc.BaseAPI - ********************REQUEST********************
2021-12-15_12:51:41.344 [main] DEBUG o.a.h.i.c.BasicClientConnectionManager - Get connection for route {s}->https://apitest.pineperks.in:443
2021-12-15_12:51:41.345 [main] DEBUG o.a.h.i.c.DefaultClientConnectionOperator - Connecting to apitest.pineperks.in:443
2021-12-15_12:51:41.471 [main] DEBUG o.a.h.c.protocol.RequestAddCookies - CookieSpec selected: ignoreCookies
2021-12-15_12:51:41.471 [main] DEBUG o.a.h.c.protocol.RequestAuthCache - Auth cache not set in the context
2021-12-15_12:51:41.471 [main] DEBUG o.a.h.c.p.RequestTargetAuthentication - Target auth state: UNCHALLENGED
2021-12-15_12:51:41.471 [main] DEBUG o.a.h.c.p.RequestProxyAuthentication - Proxy auth state: UNCHALLENGED
2021-12-15_12:51:41.471 [main] DEBUG o.a.h.impl.client.DefaultHttpClient - Attempt 1 to execute request
2021-12-15_12:51:41.472 [main] DEBUG o.a.h.i.conn.DefaultClientConnection - Sending request: POST /card/order/V1/instant/issue/nonreloadable/digital HTTP/1.1
2021-12-15_12:51:41.472 [main] DEBUG org.apache.http.wire -  >> "POST /card/order/V1/instant/issue/nonreloadable/digital HTTP/1.1[\r][\n]"
2021-12-15_12:51:41.472 [main] DEBUG org.apache.http.wire -  >> "Accept: */*[\r][\n]"
2021-12-15_12:51:41.472 [main] DEBUG org.apache.http.wire -  >> "userName: A0aCcnPzDANtKmvSLPKcaw==[\r][\n]"
2021-12-15_12:51:41.472 [main] DEBUG org.apache.http.wire -  >> "token: 971394c9c50b4ee79ebbb14bafe0b926[\r][\n]"
2021-12-15_12:51:41.472 [main] DEBUG org.apache.http.wire -  >> "Content-Type: application/json; charset=UTF-8[\r][\n]"
2021-12-15_12:51:41.472 [main] DEBUG org.apache.http.wire -  >> "Content-Length: 241[\r][\n]"
2021-12-15_12:51:41.472 [main] DEBUG org.apache.http.wire -  >> "Host: apitest.pineperks.in[\r][\n]"
2021-12-15_12:51:41.472 [main] DEBUG org.apache.http.wire -  >> "Connection: Keep-Alive[\r][\n]"
2021-12-15_12:51:41.472 [main] DEBUG org.apache.http.wire -  >> "User-Agent: Apache-HttpClient/4.5.2 (Java/1.8.0_202)[\r][\n]"
2021-12-15_12:51:41.472 [main] DEBUG org.apache.http.wire -  >> "Accept-Encoding: gzip,deflate[\r][\n]"
2021-12-15_12:51:41.472 [main] DEBUG org.apache.http.wire -  >> "[\r][\n]"
2021-12-15_12:51:41.472 [main] DEBUG org.apache.http.headers - >> POST /card/order/V1/instant/issue/nonreloadable/digital HTTP/1.1
2021-12-15_12:51:41.472 [main] DEBUG org.apache.http.headers - >> Accept: */*
2021-12-15_12:51:41.472 [main] DEBUG org.apache.http.headers - >> userName: A0aCcnPzDANtKmvSLPKcaw==
2021-12-15_12:51:41.472 [main] DEBUG org.apache.http.headers - >> token: 971394c9c50b4ee79ebbb14bafe0b926
2021-12-15_12:51:41.472 [main] DEBUG org.apache.http.headers - >> Content-Type: application/json; charset=UTF-8
2021-12-15_12:51:41.473 [main] DEBUG org.apache.http.headers - >> Content-Length: 241
2021-12-15_12:51:41.473 [main] DEBUG org.apache.http.headers - >> Host: apitest.pineperks.in
2021-12-15_12:51:41.473 [main] DEBUG org.apache.http.headers - >> Connection: Keep-Alive
2021-12-15_12:51:41.473 [main] DEBUG org.apache.http.headers - >> User-Agent: Apache-HttpClient/4.5.2 (Java/1.8.0_202)
2021-12-15_12:51:41.473 [main] DEBUG org.apache.http.headers - >> Accept-Encoding: gzip,deflate
2021-12-15_12:51:41.473 [main] DEBUG org.apache.http.wire -  >> "{"isLinkToBeSentOnMobile":true,"checksum":"5x3GNrnStyS2PkMvV6EeAw==","cardDetailList":[{"amount":"1000","mobileNumber":"8284854535","customerName":"afzal","email":"afzal.ahmed@pinelabs.com"}],"externalRequestId":"CfIywsE","cardSchemeId":"7"}"
2021-12-15_12:51:41.790 [main] DEBUG org.apache.http.wire -  << "HTTP/1.1 200 [\r][\n]"
2021-12-15_12:51:41.791 [main] DEBUG org.apache.http.wire -  << "Access-Control-Allow-Methods: GET, POST[\r][\n]"
2021-12-15_12:51:41.791 [main] DEBUG org.apache.http.wire -  << "Access-Control-Allow-Origin: *[\r][\n]"
2021-12-15_12:51:41.791 [main] DEBUG org.apache.http.wire -  << "Content-Security-Policy: default-src 'none'[\r][\n]"
2021-12-15_12:51:41.792 [main] DEBUG org.apache.http.wire -  << "Feature-Policy: 'none'[\r][\n]"
2021-12-15_12:51:41.792 [main] DEBUG org.apache.http.wire -  << "Referrer-Policy: no-referrer[\r][\n]"
2021-12-15_12:51:41.792 [main] DEBUG org.apache.http.wire -  << "Strict-Transport-Security: max-age=31536000 ; includeSubDomains[\r][\n]"
2021-12-15_12:51:41.792 [main] DEBUG org.apache.http.wire -  << "Date: Wed, 15 Dec 2021 07:21:40 GMT[\r][\n]"
2021-12-15_12:51:41.792 [main] DEBUG org.apache.http.wire -  << "Keep-Alive: timeout=60[\r][\n]"
2021-12-15_12:51:41.792 [main] DEBUG org.apache.http.wire -  << "Content-Type: application/json[\r][\n]"
2021-12-15_12:51:41.793 [main] DEBUG org.apache.http.wire -  << "Transfer-Encoding: chunked[\r][\n]"
2021-12-15_12:51:41.793 [main] DEBUG org.apache.http.wire -  << "Connection: keep-alive[\r][\n]"
2021-12-15_12:51:41.793 [main] DEBUG org.apache.http.wire -  << "[\r][\n]"
2021-12-15_12:51:41.793 [main] DEBUG o.a.h.i.conn.DefaultClientConnection - Receiving response: HTTP/1.1 200 
2021-12-15_12:51:41.793 [main] DEBUG org.apache.http.headers - << HTTP/1.1 200 
2021-12-15_12:51:41.793 [main] DEBUG org.apache.http.headers - << Access-Control-Allow-Methods: GET, POST
2021-12-15_12:51:41.793 [main] DEBUG org.apache.http.headers - << Access-Control-Allow-Origin: *
2021-12-15_12:51:41.793 [main] DEBUG org.apache.http.headers - << Content-Security-Policy: default-src 'none'
2021-12-15_12:51:41.793 [main] DEBUG org.apache.http.headers - << Feature-Policy: 'none'
2021-12-15_12:51:41.793 [main] DEBUG org.apache.http.headers - << Referrer-Policy: no-referrer
2021-12-15_12:51:41.794 [main] DEBUG org.apache.http.headers - << Strict-Transport-Security: max-age=31536000 ; includeSubDomains
2021-12-15_12:51:41.794 [main] DEBUG org.apache.http.headers - << Date: Wed, 15 Dec 2021 07:21:40 GMT
2021-12-15_12:51:41.794 [main] DEBUG org.apache.http.headers - << Keep-Alive: timeout=60
2021-12-15_12:51:41.794 [main] DEBUG org.apache.http.headers - << Content-Type: application/json
2021-12-15_12:51:41.794 [main] DEBUG org.apache.http.headers - << Transfer-Encoding: chunked
2021-12-15_12:51:41.794 [main] DEBUG org.apache.http.headers - << Connection: keep-alive
2021-12-15_12:51:41.794 [main] DEBUG o.a.h.impl.client.DefaultHttpClient - Connection can be kept alive for 60000 MILLISECONDS
2021-12-15_12:51:41.795 [main] DEBUG i.r.i.RequestSpecificationImpl$RestAssuredHttpBuilder - Parsing response as: application/json
2021-12-15_12:51:41.795 [main] DEBUG i.r.i.RequestSpecificationImpl$RestAssuredHttpBuilder - Parsed data to instance of: class org.apache.http.conn.EofSensorInputStream
2021-12-15_12:51:41.797 [main] INFO  com.qc.BaseAPI - Method :POST
2021-12-15_12:51:41.799 [main] INFO  com.qc.BaseAPI - URI :https://apitest.pineperks.in/card/order/V1/instant/issue/nonreloadable/digital
2021-12-15_12:51:41.799 [main] INFO  com.qc.BaseAPI - Headers :token=971394c9c50b4ee79ebbb14bafe0b926
userName=A0aCcnPzDANtKmvSLPKcaw==
Accept=*/*
Content-Type=application/json; charset=UTF-8
2021-12-15_12:51:41.799 [main] INFO  com.qc.BaseAPI - Body :{"isLinkToBeSentOnMobile":true,"checksum":"5x3GNrnStyS2PkMvV6EeAw==","cardDetailList":[{"amount":"1000","mobileNumber":"8284854535","customerName":"afzal","email":"afzal.ahmed@pinelabs.com"}],"externalRequestId":"CfIywsE","cardSchemeId":"7"}
2021-12-15_12:51:41.799 [main] INFO  com.qc.BaseAPI - ********************RESPONSE********************
2021-12-15_12:51:41.799 [main] DEBUG org.apache.http.wire -  << "1f1[\r][\n]"
2021-12-15_12:51:41.800 [main] DEBUG org.apache.http.wire -  << "{"externalRequestId":"CfIywsE","orderId":12431,"orderStatus":6,"cardDetailResponseList":[{"referenceNumber":3188138712,"serialNumber":12431000010001,"customerName":"afzal","mobileNumber":8284854535,"email":"afzal.ahmed@pinelabs.com","amount":1000,"cardLink":"test.pineperks.in/eCard?c=M94wcPSh7W2nIhXZWyYxaw2","responseCode":0,"responseMessage":"Success"}],"successCount":1,"failedCount":0,"orderAmount":1000,"issuanceCharge":100,"netOrderAmount":1100,"responseCode":0,"responseMessage":"Success"}"
2021-12-15_12:51:41.800 [main] DEBUG org.apache.http.wire -  << "[\r][\n]"
2021-12-15_12:51:41.800 [main] DEBUG org.apache.http.wire -  << "0[\r][\n]"
2021-12-15_12:51:41.800 [main] DEBUG org.apache.http.wire -  << "[\r][\n]"
2021-12-15_12:51:41.800 [main] DEBUG o.a.h.i.c.BasicClientConnectionManager - Releasing connection org.apache.http.impl.conn.ManagedClientConnectionImpl@339af031
2021-12-15_12:51:41.800 [main] DEBUG o.a.h.i.c.BasicClientConnectionManager - Connection can be kept alive for 60000 MILLISECONDS
2021-12-15_12:51:41.802 [main] INFO  com.qc.BaseAPI - Response :{
    "externalRequestId": "CfIywsE",
    "orderId": 12431,
    "orderStatus": 6,
    "cardDetailResponseList": [
        {
            "referenceNumber": 3188138712,
            "serialNumber": 12431000010001,
            "customerName": "afzal",
            "mobileNumber": 8284854535,
            "email": "afzal.ahmed@pinelabs.com",
            "amount": 1000,
            "cardLink": "test.pineperks.in/eCard?c=M94wcPSh7W2nIhXZWyYxaw2",
            "responseCode": 0,
            "responseMessage": "Success"
        }
    ],
    "successCount": 1,
    "failedCount": 0,
    "orderAmount": 1000,
    "issuanceCharge": 100,
    "netOrderAmount": 1100,
    "responseCode": 0,
    "responseMessage": "Success"
}
2021-12-15_12:51:41.802 [main] INFO  com.qc.BaseAPI -  **** POST call Response time 476 ms
2021-12-15_12:51:41.802 [main] INFO  pl.rest.service.CardIssue - Time Taken to perform https://apitest.pineperks.in/card/order/V1/instant/issue/nonreloadable/digital transaction: 476
2021-12-15_12:51:42.171 [main] INFO  p.rest.stepDefs.TransactionsStepDefs - referenceNumber isnull
2021-12-15_12:51:42.177 [main] INFO  pl.rest.utils.DBUtils - Fetching card details from card table, using Query: Select * from card where referenceNumber= 'null';
2021-12-15_12:51:42.204 [main] ERROR com.qc.qa.dbutils.DBPoolProvider - property devDBUserName is missing, please add it as system property or in config.properties files
2021-12-15_12:51:42.205 [main] INFO  com.qc.qa.dbutils.DBPoolProvider - Con pool Total - 400, idle - 0,  Num active - 0
2021-12-15_12:51:42.205 [main] INFO  com.qc.qa.dbutils.DBPoolProvider - Retrieved connection
