2022-02-03_19:30:31.725 [main] INFO  pl.rest.CustomHooks - SCENARIO NAME: Validating the response of the card card detail API with the database
2022-02-03_19:30:31.728 [main] INFO  pl.rest.CustomHooks - TAG NAMEs: [@Regression, @DB]
2022-02-03_19:30:31.731 [main] INFO  pl.rest.CustomHooks - SCENARIO NAME: Validating the response of the card card detail API with the database
2022-02-03_19:30:31.732 [main] INFO  pl.rest.CustomHooks - TAG NAMEs: [@Regression, @DB]
2022-02-03_19:30:31.786 [main] INFO  pl.rest.CustomHooks - Index: 0, Size: 0
2022-02-03_19:30:32.951 [main] INFO  com.qc.qa.utils.TestDataReader - Reading API Test Data config values from  testData/api/devAPITestData.properties
2022-02-03_19:30:32.967 [main] INFO  pl.rest.service.Authorize - Authorize Rest API URL :- https://apitest.pineperks.in/auth/V1/generate/token
2022-02-03_19:30:32.968 [main] INFO  com.qc.BaseAPI - GET call to URL https://apitest.pineperks.in/auth/V1/generate/token
2022-02-03_19:30:33.161 [main] INFO  com.qc.BaseAPI - ********************REQUEST********************
2022-02-03_19:30:34.870 [main] DEBUG o.a.h.i.c.BasicClientConnectionManager - Get connection for route {s}->https://apitest.pineperks.in:443
2022-02-03_19:30:34.931 [main] DEBUG o.a.h.i.c.DefaultClientConnectionOperator - Connecting to apitest.pineperks.in:443
2022-02-03_19:30:35.121 [main] DEBUG o.a.h.c.protocol.RequestAddCookies - CookieSpec selected: ignoreCookies
2022-02-03_19:30:35.123 [main] DEBUG o.a.h.c.protocol.RequestAuthCache - Auth cache not set in the context
2022-02-03_19:30:35.123 [main] DEBUG o.a.h.c.p.RequestTargetAuthentication - Target auth state: UNCHALLENGED
2022-02-03_19:30:35.123 [main] DEBUG o.a.h.c.p.RequestProxyAuthentication - Proxy auth state: UNCHALLENGED
2022-02-03_19:30:35.123 [main] DEBUG o.a.h.impl.client.DefaultHttpClient - Attempt 1 to execute request
2022-02-03_19:30:35.124 [main] DEBUG o.a.h.i.conn.DefaultClientConnection - Sending request: GET /auth/V1/generate/token HTTP/1.1
2022-02-03_19:30:35.124 [main] DEBUG org.apache.http.wire -  >> "GET /auth/V1/generate/token HTTP/1.1[\r][\n]"
2022-02-03_19:30:35.125 [main] DEBUG org.apache.http.wire -  >> "Content-Type: application/json; charset=UTF-8[\r][\n]"
2022-02-03_19:30:35.125 [main] DEBUG org.apache.http.wire -  >> "Accept: */*[\r][\n]"
2022-02-03_19:30:35.125 [main] DEBUG org.apache.http.wire -  >> "userName: A0aCcnPzDANtKmvSLPKcaw==[\r][\n]"
2022-02-03_19:30:35.125 [main] DEBUG org.apache.http.wire -  >> "Host: apitest.pineperks.in[\r][\n]"
2022-02-03_19:30:35.125 [main] DEBUG org.apache.http.wire -  >> "Connection: Keep-Alive[\r][\n]"
2022-02-03_19:30:35.125 [main] DEBUG org.apache.http.wire -  >> "User-Agent: Apache-HttpClient/4.5.2 (Java/1.8.0_202)[\r][\n]"
2022-02-03_19:30:35.125 [main] DEBUG org.apache.http.wire -  >> "Accept-Encoding: gzip,deflate[\r][\n]"
2022-02-03_19:30:35.125 [main] DEBUG org.apache.http.wire -  >> "[\r][\n]"
2022-02-03_19:30:35.125 [main] DEBUG org.apache.http.headers - >> GET /auth/V1/generate/token HTTP/1.1
2022-02-03_19:30:35.125 [main] DEBUG org.apache.http.headers - >> Content-Type: application/json; charset=UTF-8
2022-02-03_19:30:35.125 [main] DEBUG org.apache.http.headers - >> Accept: */*
2022-02-03_19:30:35.126 [main] DEBUG org.apache.http.headers - >> userName: A0aCcnPzDANtKmvSLPKcaw==
2022-02-03_19:30:35.126 [main] DEBUG org.apache.http.headers - >> Host: apitest.pineperks.in
2022-02-03_19:30:35.126 [main] DEBUG org.apache.http.headers - >> Connection: Keep-Alive
2022-02-03_19:30:35.126 [main] DEBUG org.apache.http.headers - >> User-Agent: Apache-HttpClient/4.5.2 (Java/1.8.0_202)
2022-02-03_19:30:35.126 [main] DEBUG org.apache.http.headers - >> Accept-Encoding: gzip,deflate
2022-02-03_19:30:35.174 [main] DEBUG org.apache.http.wire -  << "HTTP/1.1 200 [\r][\n]"
2022-02-03_19:30:35.177 [main] DEBUG org.apache.http.wire -  << "Access-Control-Allow-Methods: GET, POST[\r][\n]"
2022-02-03_19:30:35.178 [main] DEBUG org.apache.http.wire -  << "Access-Control-Allow-Origin: *[\r][\n]"
2022-02-03_19:30:35.178 [main] DEBUG org.apache.http.wire -  << "Content-Security-Policy: default-src 'none'[\r][\n]"
2022-02-03_19:30:35.179 [main] DEBUG org.apache.http.wire -  << "Feature-Policy: 'none'[\r][\n]"
2022-02-03_19:30:35.179 [main] DEBUG org.apache.http.wire -  << "Referrer-Policy: no-referrer[\r][\n]"
2022-02-03_19:30:35.179 [main] DEBUG org.apache.http.wire -  << "Strict-Transport-Security: max-age=31536000 ; includeSubDomains[\r][\n]"
2022-02-03_19:30:35.179 [main] DEBUG org.apache.http.wire -  << "Date: Thu, 03 Feb 2022 14:00:35 GMT[\r][\n]"
2022-02-03_19:30:35.179 [main] DEBUG org.apache.http.wire -  << "Keep-Alive: timeout=60[\r][\n]"
2022-02-03_19:30:35.179 [main] DEBUG org.apache.http.wire -  << "Content-Type: application/json[\r][\n]"
2022-02-03_19:30:35.180 [main] DEBUG org.apache.http.wire -  << "Transfer-Encoding: chunked[\r][\n]"
2022-02-03_19:30:35.180 [main] DEBUG org.apache.http.wire -  << "Connection: keep-alive[\r][\n]"
2022-02-03_19:30:35.180 [main] DEBUG org.apache.http.wire -  << "[\r][\n]"
2022-02-03_19:30:35.181 [main] DEBUG o.a.h.i.conn.DefaultClientConnection - Receiving response: HTTP/1.1 200 
2022-02-03_19:30:35.181 [main] DEBUG org.apache.http.headers - << HTTP/1.1 200 
2022-02-03_19:30:35.182 [main] DEBUG org.apache.http.headers - << Access-Control-Allow-Methods: GET, POST
2022-02-03_19:30:35.182 [main] DEBUG org.apache.http.headers - << Access-Control-Allow-Origin: *
2022-02-03_19:30:35.182 [main] DEBUG org.apache.http.headers - << Content-Security-Policy: default-src 'none'
2022-02-03_19:30:35.182 [main] DEBUG org.apache.http.headers - << Feature-Policy: 'none'
2022-02-03_19:30:35.182 [main] DEBUG org.apache.http.headers - << Referrer-Policy: no-referrer
2022-02-03_19:30:35.182 [main] DEBUG org.apache.http.headers - << Strict-Transport-Security: max-age=31536000 ; includeSubDomains
2022-02-03_19:30:35.182 [main] DEBUG org.apache.http.headers - << Date: Thu, 03 Feb 2022 14:00:35 GMT
2022-02-03_19:30:35.182 [main] DEBUG org.apache.http.headers - << Keep-Alive: timeout=60
2022-02-03_19:30:35.182 [main] DEBUG org.apache.http.headers - << Content-Type: application/json
2022-02-03_19:30:35.183 [main] DEBUG org.apache.http.headers - << Transfer-Encoding: chunked
2022-02-03_19:30:35.184 [main] DEBUG org.apache.http.headers - << Connection: keep-alive
2022-02-03_19:30:35.194 [main] DEBUG o.a.h.impl.client.DefaultHttpClient - Connection can be kept alive for 60000 MILLISECONDS
2022-02-03_19:30:35.219 [main] DEBUG i.r.i.RequestSpecificationImpl$RestAssuredHttpBuilder - Parsing response as: application/json
2022-02-03_19:30:35.219 [main] DEBUG i.r.i.RequestSpecificationImpl$RestAssuredHttpBuilder - Parsed data to instance of: class org.apache.http.conn.EofSensorInputStream
2022-02-03_19:30:35.229 [main] INFO  com.qc.BaseAPI - Method :GET
2022-02-03_19:30:35.230 [main] INFO  com.qc.BaseAPI - URI :https://apitest.pineperks.in/auth/V1/generate/token
2022-02-03_19:30:35.230 [main] INFO  com.qc.BaseAPI - Headers :userName=A0aCcnPzDANtKmvSLPKcaw==
Accept=*/*
Content-Type=application/json; charset=UTF-8
2022-02-03_19:30:35.230 [main] INFO  com.qc.BaseAPI - Body :null
2022-02-03_19:30:35.230 [main] INFO  com.qc.BaseAPI - ********************RESPONSE********************
2022-02-03_19:30:35.243 [main] DEBUG org.apache.http.wire -  << "7f[\r][\n]"
2022-02-03_19:30:35.243 [main] DEBUG org.apache.http.wire -  << "{"accessToken":"88e0fda2cd29428cbca6a19e05b28a59","tokenExpiryTime":"03-Feb-2024","responseCode":0,"responseMessage":"Success"}"
2022-02-03_19:30:35.244 [main] DEBUG org.apache.http.wire -  << "[\r][\n]"
2022-02-03_19:30:35.244 [main] DEBUG org.apache.http.wire -  << "0[\r][\n]"
2022-02-03_19:30:35.244 [main] DEBUG org.apache.http.wire -  << "[\r][\n]"
2022-02-03_19:30:35.244 [main] DEBUG o.a.h.i.c.BasicClientConnectionManager - Releasing connection org.apache.http.impl.conn.ManagedClientConnectionImpl@70e1a8ab
2022-02-03_19:30:35.244 [main] DEBUG o.a.h.i.c.BasicClientConnectionManager - Connection can be kept alive for 60000 MILLISECONDS
2022-02-03_19:30:35.287 [main] INFO  com.qc.BaseAPI - Response :{
    "accessToken": "88e0fda2cd29428cbca6a19e05b28a59",
    "tokenExpiryTime": "03-Feb-2024",
    "responseCode": 0,
    "responseMessage": "Success"
}
2022-02-03_19:30:35.289 [main] INFO  com.qc.BaseAPI -  **** GET call Response time 2051 ms
2022-02-03_19:30:35.289 [main] INFO  pl.rest.service.Authorize - Time Taken to perform https://apitest.pineperks.in/auth/V1/generate/token transaction: 2051
2022-02-03_19:30:35.373 [main] INFO  com.qc.qa.utils.TestDataReader - Reading Json data authorizeHeaders
2022-02-03_19:30:35.377 [main] INFO  com.qc.qa.utils.TestDataReader - Reading json data from file @ testData/api/devAPIData.json
2022-02-03_19:30:35.396 [main] INFO  pl.rest.service.CardIssue - CardIssue Rest API URL :- https://apitest.pineperks.in/card/order/V1/instant/issue/nonreloadable/digital
2022-02-03_19:30:35.397 [main] INFO  com.qc.BaseAPI - POST call to URL https://apitest.pineperks.in/card/order/V1/instant/issue/nonreloadable/digital
2022-02-03_19:30:35.410 [main] INFO  com.qc.BaseAPI - ********************REQUEST********************
2022-02-03_19:30:35.448 [main] DEBUG o.a.h.i.c.BasicClientConnectionManager - Get connection for route {s}->https://apitest.pineperks.in:443
2022-02-03_19:30:35.449 [main] DEBUG o.a.h.i.c.DefaultClientConnectionOperator - Connecting to apitest.pineperks.in:443
2022-02-03_19:30:35.560 [main] DEBUG o.a.h.c.protocol.RequestAddCookies - CookieSpec selected: ignoreCookies
2022-02-03_19:30:35.561 [main] DEBUG o.a.h.c.protocol.RequestAuthCache - Auth cache not set in the context
2022-02-03_19:30:35.561 [main] DEBUG o.a.h.c.p.RequestTargetAuthentication - Target auth state: UNCHALLENGED
2022-02-03_19:30:35.561 [main] DEBUG o.a.h.c.p.RequestProxyAuthentication - Proxy auth state: UNCHALLENGED
2022-02-03_19:30:35.561 [main] DEBUG o.a.h.impl.client.DefaultHttpClient - Attempt 1 to execute request
2022-02-03_19:30:35.561 [main] DEBUG o.a.h.i.conn.DefaultClientConnection - Sending request: POST /card/order/V1/instant/issue/nonreloadable/digital HTTP/1.1
2022-02-03_19:30:35.561 [main] DEBUG org.apache.http.wire -  >> "POST /card/order/V1/instant/issue/nonreloadable/digital HTTP/1.1[\r][\n]"
2022-02-03_19:30:35.561 [main] DEBUG org.apache.http.wire -  >> "Accept: */*[\r][\n]"
2022-02-03_19:30:35.561 [main] DEBUG org.apache.http.wire -  >> "userName: A0aCcnPzDANtKmvSLPKcaw==[\r][\n]"
2022-02-03_19:30:35.561 [main] DEBUG org.apache.http.wire -  >> "token: 88e0fda2cd29428cbca6a19e05b28a59[\r][\n]"
2022-02-03_19:30:35.561 [main] DEBUG org.apache.http.wire -  >> "Content-Type: application/json; charset=UTF-8[\r][\n]"
2022-02-03_19:30:35.562 [main] DEBUG org.apache.http.wire -  >> "Content-Length: 241[\r][\n]"
2022-02-03_19:30:35.562 [main] DEBUG org.apache.http.wire -  >> "Host: apitest.pineperks.in[\r][\n]"
2022-02-03_19:30:35.562 [main] DEBUG org.apache.http.wire -  >> "Connection: Keep-Alive[\r][\n]"
2022-02-03_19:30:35.562 [main] DEBUG org.apache.http.wire -  >> "User-Agent: Apache-HttpClient/4.5.2 (Java/1.8.0_202)[\r][\n]"
2022-02-03_19:30:35.562 [main] DEBUG org.apache.http.wire -  >> "Accept-Encoding: gzip,deflate[\r][\n]"
2022-02-03_19:30:35.562 [main] DEBUG org.apache.http.wire -  >> "[\r][\n]"
2022-02-03_19:30:35.562 [main] DEBUG org.apache.http.headers - >> POST /card/order/V1/instant/issue/nonreloadable/digital HTTP/1.1
2022-02-03_19:30:35.562 [main] DEBUG org.apache.http.headers - >> Accept: */*
2022-02-03_19:30:35.562 [main] DEBUG org.apache.http.headers - >> userName: A0aCcnPzDANtKmvSLPKcaw==
2022-02-03_19:30:35.563 [main] DEBUG org.apache.http.headers - >> token: 88e0fda2cd29428cbca6a19e05b28a59
2022-02-03_19:30:35.563 [main] DEBUG org.apache.http.headers - >> Content-Type: application/json; charset=UTF-8
2022-02-03_19:30:35.563 [main] DEBUG org.apache.http.headers - >> Content-Length: 241
2022-02-03_19:30:35.563 [main] DEBUG org.apache.http.headers - >> Host: apitest.pineperks.in
2022-02-03_19:30:35.563 [main] DEBUG org.apache.http.headers - >> Connection: Keep-Alive
2022-02-03_19:30:35.563 [main] DEBUG org.apache.http.headers - >> User-Agent: Apache-HttpClient/4.5.2 (Java/1.8.0_202)
2022-02-03_19:30:35.563 [main] DEBUG org.apache.http.headers - >> Accept-Encoding: gzip,deflate
2022-02-03_19:30:35.563 [main] DEBUG org.apache.http.wire -  >> "{"isLinkToBeSentOnMobile":true,"checksum":"5x3GNrnStyS2PkMvV6EeAw==","cardDetailList":[{"amount":"1000","mobileNumber":"8284854535","customerName":"afzal","email":"afzal.ahmed@pinelabs.com"}],"externalRequestId":"VDD2NiK","cardSchemeId":"7"}"
2022-02-03_19:30:35.977 [main] DEBUG org.apache.http.wire -  << "HTTP/1.1 200 [\r][\n]"
2022-02-03_19:30:35.977 [main] DEBUG org.apache.http.wire -  << "Access-Control-Allow-Methods: GET, POST[\r][\n]"
2022-02-03_19:30:35.977 [main] DEBUG org.apache.http.wire -  << "Access-Control-Allow-Origin: *[\r][\n]"
2022-02-03_19:30:35.979 [main] DEBUG org.apache.http.wire -  << "Content-Security-Policy: default-src 'none'[\r][\n]"
2022-02-03_19:30:35.979 [main] DEBUG org.apache.http.wire -  << "Feature-Policy: 'none'[\r][\n]"
2022-02-03_19:30:35.979 [main] DEBUG org.apache.http.wire -  << "Referrer-Policy: no-referrer[\r][\n]"
2022-02-03_19:30:35.979 [main] DEBUG org.apache.http.wire -  << "Strict-Transport-Security: max-age=31536000 ; includeSubDomains[\r][\n]"
2022-02-03_19:30:35.979 [main] DEBUG org.apache.http.wire -  << "Date: Thu, 03 Feb 2022 14:00:35 GMT[\r][\n]"
2022-02-03_19:30:35.979 [main] DEBUG org.apache.http.wire -  << "Keep-Alive: timeout=60[\r][\n]"
2022-02-03_19:30:35.979 [main] DEBUG org.apache.http.wire -  << "Content-Type: application/json[\r][\n]"
2022-02-03_19:30:35.979 [main] DEBUG org.apache.http.wire -  << "Transfer-Encoding: chunked[\r][\n]"
2022-02-03_19:30:35.980 [main] DEBUG org.apache.http.wire -  << "Connection: keep-alive[\r][\n]"
2022-02-03_19:30:35.980 [main] DEBUG org.apache.http.wire -  << "[\r][\n]"
2022-02-03_19:30:35.980 [main] DEBUG o.a.h.i.conn.DefaultClientConnection - Receiving response: HTTP/1.1 200 
2022-02-03_19:30:35.980 [main] DEBUG org.apache.http.headers - << HTTP/1.1 200 
2022-02-03_19:30:35.981 [main] DEBUG org.apache.http.headers - << Access-Control-Allow-Methods: GET, POST
2022-02-03_19:30:35.981 [main] DEBUG org.apache.http.headers - << Access-Control-Allow-Origin: *
2022-02-03_19:30:35.981 [main] DEBUG org.apache.http.headers - << Content-Security-Policy: default-src 'none'
2022-02-03_19:30:35.981 [main] DEBUG org.apache.http.headers - << Feature-Policy: 'none'
2022-02-03_19:30:35.981 [main] DEBUG org.apache.http.headers - << Referrer-Policy: no-referrer
2022-02-03_19:30:35.981 [main] DEBUG org.apache.http.headers - << Strict-Transport-Security: max-age=31536000 ; includeSubDomains
2022-02-03_19:30:35.981 [main] DEBUG org.apache.http.headers - << Date: Thu, 03 Feb 2022 14:00:35 GMT
2022-02-03_19:30:35.981 [main] DEBUG org.apache.http.headers - << Keep-Alive: timeout=60
2022-02-03_19:30:35.981 [main] DEBUG org.apache.http.headers - << Content-Type: application/json
2022-02-03_19:30:35.981 [main] DEBUG org.apache.http.headers - << Transfer-Encoding: chunked
2022-02-03_19:30:35.982 [main] DEBUG org.apache.http.headers - << Connection: keep-alive
2022-02-03_19:30:35.982 [main] DEBUG o.a.h.impl.client.DefaultHttpClient - Connection can be kept alive for 60000 MILLISECONDS
2022-02-03_19:30:35.983 [main] DEBUG i.r.i.RequestSpecificationImpl$RestAssuredHttpBuilder - Parsing response as: application/json
2022-02-03_19:30:35.983 [main] DEBUG i.r.i.RequestSpecificationImpl$RestAssuredHttpBuilder - Parsed data to instance of: class org.apache.http.conn.EofSensorInputStream
2022-02-03_19:30:35.985 [main] INFO  com.qc.BaseAPI - Method :POST
2022-02-03_19:30:35.989 [main] INFO  com.qc.BaseAPI - URI :https://apitest.pineperks.in/card/order/V1/instant/issue/nonreloadable/digital
2022-02-03_19:30:35.989 [main] INFO  com.qc.BaseAPI - Headers :token=88e0fda2cd29428cbca6a19e05b28a59
userName=A0aCcnPzDANtKmvSLPKcaw==
Accept=*/*
Content-Type=application/json; charset=UTF-8
2022-02-03_19:30:35.989 [main] INFO  com.qc.BaseAPI - Body :{"isLinkToBeSentOnMobile":true,"checksum":"5x3GNrnStyS2PkMvV6EeAw==","cardDetailList":[{"amount":"1000","mobileNumber":"8284854535","customerName":"afzal","email":"afzal.ahmed@pinelabs.com"}],"externalRequestId":"VDD2NiK","cardSchemeId":"7"}
2022-02-03_19:30:35.989 [main] INFO  com.qc.BaseAPI - ********************RESPONSE********************
2022-02-03_19:30:35.989 [main] DEBUG org.apache.http.wire -  << "1f2[\r][\n]"
2022-02-03_19:30:35.990 [main] DEBUG org.apache.http.wire -  << "{"externalRequestId":"VDD2NiK","orderId":103237,"orderStatus":6,"cardDetailResponseList":[{"referenceNumber":1173526353,"serialNumber":10323700010001,"customerName":"afzal","mobileNumber":8284854535,"email":"afzal.ahmed@pinelabs.com","amount":1000,"cardLink":"test.pineperks.in/eCard?c=zCl2MgE2BsjY2ymwxBVzeQ2","responseCode":0,"responseMessage":"Success"}],"successCount":1,"failedCount":0,"orderAmount":1000,"issuanceCharge":100,"netOrderAmount":1100,"responseCode":0,"responseMessage":"Success"}"
2022-02-03_19:30:35.990 [main] DEBUG org.apache.http.wire -  << "[\r][\n]"
2022-02-03_19:30:35.990 [main] DEBUG org.apache.http.wire -  << "0[\r][\n]"
2022-02-03_19:30:35.990 [main] DEBUG org.apache.http.wire -  << "[\r][\n]"
2022-02-03_19:30:35.991 [main] DEBUG o.a.h.i.c.BasicClientConnectionManager - Releasing connection org.apache.http.impl.conn.ManagedClientConnectionImpl@37107ea0
2022-02-03_19:30:35.991 [main] DEBUG o.a.h.i.c.BasicClientConnectionManager - Connection can be kept alive for 60000 MILLISECONDS
2022-02-03_19:30:35.993 [main] INFO  com.qc.BaseAPI - Response :{
    "externalRequestId": "VDD2NiK",
    "orderId": 103237,
    "orderStatus": 6,
    "cardDetailResponseList": [
        {
            "referenceNumber": 1173526353,
            "serialNumber": 10323700010001,
            "customerName": "afzal",
            "mobileNumber": 8284854535,
            "email": "afzal.ahmed@pinelabs.com",
            "amount": 1000,
            "cardLink": "test.pineperks.in/eCard?c=zCl2MgE2BsjY2ymwxBVzeQ2",
            "responseCode": 0,
            "responseMessage": "Success"
        }
    ],
    "successCount": 1,
    "failedCount": 0,
    "orderAmount": 1000,
    "issuanceCharge": 100,
    "netOrderAmount": 1100,
    "responseCode": 0,
    "responseMessage": "Success"
}
2022-02-03_19:30:35.994 [main] INFO  com.qc.BaseAPI -  **** POST call Response time 572 ms
2022-02-03_19:30:35.994 [main] INFO  pl.rest.service.CardIssue - Time Taken to perform https://apitest.pineperks.in/card/order/V1/instant/issue/nonreloadable/digital transaction: 572
2022-02-03_19:30:36.005 [main] INFO  com.qc.qa.utils.TestDataReader - Reading Json data authorizeHeaders
2022-02-03_19:30:36.011 [main] INFO  com.qc.qa.utils.TestDataReader - Reading json data from file @ testData/api/devAPIData.json
2022-02-03_19:30:36.015 [main] INFO  p.r.service.CorporateAndCardDetails - CardIssue Rest API URL :- https://apitest.pineperks.in/card/profile/V1/detail
2022-02-03_19:30:36.016 [main] INFO  com.qc.BaseAPI - POST call to URL https://apitest.pineperks.in/card/profile/V1/detail
2022-02-03_19:30:36.023 [main] INFO  com.qc.BaseAPI - ********************REQUEST********************
2022-02-03_19:30:36.035 [main] DEBUG o.a.h.i.c.BasicClientConnectionManager - Get connection for route {s}->https://apitest.pineperks.in:443
2022-02-03_19:30:36.036 [main] DEBUG o.a.h.i.c.DefaultClientConnectionOperator - Connecting to apitest.pineperks.in:443
2022-02-03_19:30:36.155 [main] DEBUG o.a.h.c.protocol.RequestAddCookies - CookieSpec selected: ignoreCookies
2022-02-03_19:30:36.156 [main] DEBUG o.a.h.c.protocol.RequestAuthCache - Auth cache not set in the context
2022-02-03_19:30:36.156 [main] DEBUG o.a.h.c.p.RequestTargetAuthentication - Target auth state: UNCHALLENGED
2022-02-03_19:30:36.156 [main] DEBUG o.a.h.c.p.RequestProxyAuthentication - Proxy auth state: UNCHALLENGED
2022-02-03_19:30:36.156 [main] DEBUG o.a.h.impl.client.DefaultHttpClient - Attempt 1 to execute request
2022-02-03_19:30:36.156 [main] DEBUG o.a.h.i.conn.DefaultClientConnection - Sending request: POST /card/profile/V1/detail HTTP/1.1
2022-02-03_19:30:36.156 [main] DEBUG org.apache.http.wire -  >> "POST /card/profile/V1/detail HTTP/1.1[\r][\n]"
2022-02-03_19:30:36.157 [main] DEBUG org.apache.http.wire -  >> "Accept: */*[\r][\n]"
2022-02-03_19:30:36.157 [main] DEBUG org.apache.http.wire -  >> "userName: A0aCcnPzDANtKmvSLPKcaw==[\r][\n]"
2022-02-03_19:30:36.157 [main] DEBUG org.apache.http.wire -  >> "token: 88e0fda2cd29428cbca6a19e05b28a59[\r][\n]"
2022-02-03_19:30:36.157 [main] DEBUG org.apache.http.wire -  >> "Content-Type: application/json; charset=UTF-8[\r][\n]"
2022-02-03_19:30:36.157 [main] DEBUG org.apache.http.wire -  >> "Content-Length: 40[\r][\n]"
2022-02-03_19:30:36.157 [main] DEBUG org.apache.http.wire -  >> "Host: apitest.pineperks.in[\r][\n]"
2022-02-03_19:30:36.158 [main] DEBUG org.apache.http.wire -  >> "Connection: Keep-Alive[\r][\n]"
2022-02-03_19:30:36.158 [main] DEBUG org.apache.http.wire -  >> "User-Agent: Apache-HttpClient/4.5.2 (Java/1.8.0_202)[\r][\n]"
2022-02-03_19:30:36.158 [main] DEBUG org.apache.http.wire -  >> "Accept-Encoding: gzip,deflate[\r][\n]"
2022-02-03_19:30:36.158 [main] DEBUG org.apache.http.wire -  >> "[\r][\n]"
2022-02-03_19:30:36.158 [main] DEBUG org.apache.http.headers - >> POST /card/profile/V1/detail HTTP/1.1
2022-02-03_19:30:36.158 [main] DEBUG org.apache.http.headers - >> Accept: */*
2022-02-03_19:30:36.158 [main] DEBUG org.apache.http.headers - >> userName: A0aCcnPzDANtKmvSLPKcaw==
2022-02-03_19:30:36.160 [main] DEBUG org.apache.http.headers - >> token: 88e0fda2cd29428cbca6a19e05b28a59
2022-02-03_19:30:36.160 [main] DEBUG org.apache.http.headers - >> Content-Type: application/json; charset=UTF-8
2022-02-03_19:30:36.160 [main] DEBUG org.apache.http.headers - >> Content-Length: 40
2022-02-03_19:30:36.160 [main] DEBUG org.apache.http.headers - >> Host: apitest.pineperks.in
2022-02-03_19:30:36.160 [main] DEBUG org.apache.http.headers - >> Connection: Keep-Alive
2022-02-03_19:30:36.160 [main] DEBUG org.apache.http.headers - >> User-Agent: Apache-HttpClient/4.5.2 (Java/1.8.0_202)
2022-02-03_19:30:36.160 [main] DEBUG org.apache.http.headers - >> Accept-Encoding: gzip,deflate
2022-02-03_19:30:36.160 [main] DEBUG org.apache.http.wire -  >> "{"cardDetailRequestList":["1173526353"]}"
2022-02-03_19:30:36.193 [main] DEBUG org.apache.http.wire -  << "HTTP/1.1 200 [\r][\n]"
2022-02-03_19:30:36.194 [main] DEBUG org.apache.http.wire -  << "Access-Control-Allow-Methods: GET, POST[\r][\n]"
2022-02-03_19:30:36.194 [main] DEBUG org.apache.http.wire -  << "Access-Control-Allow-Origin: *[\r][\n]"
2022-02-03_19:30:36.194 [main] DEBUG org.apache.http.wire -  << "Content-Security-Policy: default-src 'none'[\r][\n]"
2022-02-03_19:30:36.194 [main] DEBUG org.apache.http.wire -  << "Feature-Policy: 'none'[\r][\n]"
2022-02-03_19:30:36.194 [main] DEBUG org.apache.http.wire -  << "Referrer-Policy: no-referrer[\r][\n]"
2022-02-03_19:30:36.195 [main] DEBUG org.apache.http.wire -  << "Strict-Transport-Security: max-age=31536000 ; includeSubDomains[\r][\n]"
2022-02-03_19:30:36.195 [main] DEBUG org.apache.http.wire -  << "Date: Thu, 03 Feb 2022 14:00:36 GMT[\r][\n]"
2022-02-03_19:30:36.196 [main] DEBUG org.apache.http.wire -  << "Keep-Alive: timeout=60[\r][\n]"
2022-02-03_19:30:36.196 [main] DEBUG org.apache.http.wire -  << "Content-Type: application/json[\r][\n]"
2022-02-03_19:30:36.196 [main] DEBUG org.apache.http.wire -  << "Transfer-Encoding: chunked[\r][\n]"
2022-02-03_19:30:36.196 [main] DEBUG org.apache.http.wire -  << "Connection: keep-alive[\r][\n]"
2022-02-03_19:30:36.196 [main] DEBUG org.apache.http.wire -  << "[\r][\n]"
2022-02-03_19:30:36.196 [main] DEBUG o.a.h.i.conn.DefaultClientConnection - Receiving response: HTTP/1.1 200 
2022-02-03_19:30:36.196 [main] DEBUG org.apache.http.headers - << HTTP/1.1 200 
2022-02-03_19:30:36.196 [main] DEBUG org.apache.http.headers - << Access-Control-Allow-Methods: GET, POST
2022-02-03_19:30:36.196 [main] DEBUG org.apache.http.headers - << Access-Control-Allow-Origin: *
2022-02-03_19:30:36.196 [main] DEBUG org.apache.http.headers - << Content-Security-Policy: default-src 'none'
2022-02-03_19:30:36.196 [main] DEBUG org.apache.http.headers - << Feature-Policy: 'none'
2022-02-03_19:30:36.196 [main] DEBUG org.apache.http.headers - << Referrer-Policy: no-referrer
2022-02-03_19:30:36.196 [main] DEBUG org.apache.http.headers - << Strict-Transport-Security: max-age=31536000 ; includeSubDomains
2022-02-03_19:30:36.196 [main] DEBUG org.apache.http.headers - << Date: Thu, 03 Feb 2022 14:00:36 GMT
2022-02-03_19:30:36.197 [main] DEBUG org.apache.http.headers - << Keep-Alive: timeout=60
2022-02-03_19:30:36.197 [main] DEBUG org.apache.http.headers - << Content-Type: application/json
2022-02-03_19:30:36.197 [main] DEBUG org.apache.http.headers - << Transfer-Encoding: chunked
2022-02-03_19:30:36.197 [main] DEBUG org.apache.http.headers - << Connection: keep-alive
2022-02-03_19:30:36.197 [main] DEBUG o.a.h.impl.client.DefaultHttpClient - Connection can be kept alive for 60000 MILLISECONDS
2022-02-03_19:30:36.198 [main] DEBUG i.r.i.RequestSpecificationImpl$RestAssuredHttpBuilder - Parsing response as: application/json
2022-02-03_19:30:36.198 [main] DEBUG i.r.i.RequestSpecificationImpl$RestAssuredHttpBuilder - Parsed data to instance of: class org.apache.http.conn.EofSensorInputStream
2022-02-03_19:30:36.199 [main] INFO  com.qc.BaseAPI - Method :POST
2022-02-03_19:30:36.201 [main] INFO  com.qc.BaseAPI - URI :https://apitest.pineperks.in/card/profile/V1/detail
2022-02-03_19:30:36.201 [main] INFO  com.qc.BaseAPI - Headers :token=88e0fda2cd29428cbca6a19e05b28a59
userName=A0aCcnPzDANtKmvSLPKcaw==
Accept=*/*
Content-Type=application/json; charset=UTF-8
2022-02-03_19:30:36.201 [main] INFO  com.qc.BaseAPI - Body :{"cardDetailRequestList":["1173526353"]}
2022-02-03_19:30:36.201 [main] INFO  com.qc.BaseAPI - ********************RESPONSE********************
2022-02-03_19:30:36.201 [main] DEBUG org.apache.http.wire -  << "3c7[\r][\n]"
2022-02-03_19:30:36.202 [main] DEBUG org.apache.http.wire -  << "{"cardDetailResponseList":[{"cardReferenceNumber":1173526353,"maskedCardNumber":"608364******9835","cardStatus":1,"kycStatus":null,"cardSchemeId":7,"pinMode":4,"cardName":"milson Card","cardVariant":2,"cardCategoryId":4,"loadAmount":1000,"redeemedAmount":0,"balance":1000,"issuedOn":"03-Feb-2022","expiryDate":"29-Feb-2024","isEcommTransactionEnabled":true,"ecommRedeemTransactionLimit":0,"isPOSTransactionEnabled":false,"posRedeemTransactionLimit":0,"monthlyCreditAmount":null,"lastCreditedOn":null,"activatedOn":"03-Feb-2022","activationName":"Afzal","activationMobileNumber":8284854535,"activationEmail":"afzal.ahmed@pinelabs.com","customerName":"Afzal ahmed","customerMobile":8284854535,"customerEmail":null,"blockedOn":null,"terminatedOn":null,"terminatedBy":null,"reason":null,"reIssuedOn":null,"reIssuedBy":null,"reIssuedByCardReferenceNumber":null,"reIssueCharges":0,"responseCode":0,"responseMessage":"Success"}],"responseCode":0,"responseMessage":"Success"}"
2022-02-03_19:30:36.202 [main] DEBUG org.apache.http.wire -  << "[\r][\n]"
2022-02-03_19:30:36.203 [main] DEBUG org.apache.http.wire -  << "0[\r][\n]"
2022-02-03_19:30:36.203 [main] DEBUG org.apache.http.wire -  << "[\r][\n]"
2022-02-03_19:30:36.203 [main] DEBUG o.a.h.i.c.BasicClientConnectionManager - Releasing connection org.apache.http.impl.conn.ManagedClientConnectionImpl@2f45ab4a
2022-02-03_19:30:36.204 [main] DEBUG o.a.h.i.c.BasicClientConnectionManager - Connection can be kept alive for 60000 MILLISECONDS
2022-02-03_19:30:36.207 [main] INFO  com.qc.BaseAPI - Response :{
    "cardDetailResponseList": [
        {
            "cardReferenceNumber": 1173526353,
            "maskedCardNumber": "608364******9835",
            "cardStatus": 1,
            "kycStatus": null,
            "cardSchemeId": 7,
            "pinMode": 4,
            "cardName": "milson Card",
            "cardVariant": 2,
            "cardCategoryId": 4,
            "loadAmount": 1000,
            "redeemedAmount": 0,
            "balance": 1000,
            "issuedOn": "03-Feb-2022",
            "expiryDate": "29-Feb-2024",
            "isEcommTransactionEnabled": true,
            "ecommRedeemTransactionLimit": 0,
            "isPOSTransactionEnabled": false,
            "posRedeemTransactionLimit": 0,
            "monthlyCreditAmount": null,
            "lastCreditedOn": null,
            "activatedOn": "03-Feb-2022",
            "activationName": "Afzal",
            "activationMobileNumber": 8284854535,
            "activationEmail": "afzal.ahmed@pinelabs.com",
            "customerName": "Afzal ahmed",
            "customerMobile": 8284854535,
            "customerEmail": null,
            "blockedOn": null,
            "terminatedOn": null,
            "terminatedBy": null,
            "reason": null,
            "reIssuedOn": null,
            "reIssuedBy": null,
            "reIssuedByCardReferenceNumber": null,
            "reIssueCharges": 0,
            "responseCode": 0,
            "responseMessage": "Success"
        }
    ],
    "responseCode": 0,
    "responseMessage": "Success"
}
2022-02-03_19:30:36.208 [main] INFO  com.qc.BaseAPI -  **** POST call Response time 174 ms
2022-02-03_19:30:36.208 [main] INFO  p.r.service.CorporateAndCardDetails - Time Taken to perform https://apitest.pineperks.in/card/profile/V1/detail transaction: 174
2022-02-03_19:30:36.556 [main] INFO  pl.rest.utils.DBUtils - Query being executed Select * from Card where referenceNumber=null;
2022-02-03_19:30:36.587 [main] ERROR com.qc.qa.utils.LoadProperties - Missing MySQLDBEnvironment property value in system property or in config.properties files.Please add it if incase required
2022-02-03_19:30:36.588 [main] INFO  com.qc.qa.dbutils.DBPoolProvider - Con pool Total - 400, idle - 0,  Num active - 0
2022-02-03_19:30:36.588 [main] INFO  com.qc.qa.dbutils.DBPoolProvider - Retrieved connection
