2022-02-03_19:53:50.737 [main] INFO  pl.rest.CustomHooks - SCENARIO NAME: Validating the response of the card card detail API with the database
2022-02-03_19:53:50.741 [main] INFO  pl.rest.CustomHooks - TAG NAMEs: [@Regression, @DB]
2022-02-03_19:53:50.745 [main] INFO  pl.rest.CustomHooks - SCENARIO NAME: Validating the response of the card card detail API with the database
2022-02-03_19:53:50.746 [main] INFO  pl.rest.CustomHooks - TAG NAMEs: [@Regression, @DB]
2022-02-03_19:53:50.822 [main] INFO  pl.rest.CustomHooks - Index: 0, Size: 0
2022-02-03_19:53:52.277 [main] INFO  com.qc.qa.utils.TestDataReader - Reading API Test Data config values from  testData/api/devAPITestData.properties
2022-02-03_19:53:52.281 [main] INFO  pl.rest.service.Authorize - Authorize Rest API URL :- https://apitest.pineperks.in/auth/V1/generate/token
2022-02-03_19:53:52.281 [main] INFO  com.qc.BaseAPI - GET call to URL https://apitest.pineperks.in/auth/V1/generate/token
2022-02-03_19:53:52.504 [main] INFO  com.qc.BaseAPI - ********************REQUEST********************
2022-02-03_19:53:54.194 [main] DEBUG o.a.h.i.c.BasicClientConnectionManager - Get connection for route {s}->https://apitest.pineperks.in:443
2022-02-03_19:53:54.267 [main] DEBUG o.a.h.i.c.DefaultClientConnectionOperator - Connecting to apitest.pineperks.in:443
2022-02-03_19:53:54.877 [main] DEBUG o.a.h.c.protocol.RequestAddCookies - CookieSpec selected: ignoreCookies
2022-02-03_19:53:54.879 [main] DEBUG o.a.h.c.protocol.RequestAuthCache - Auth cache not set in the context
2022-02-03_19:53:54.879 [main] DEBUG o.a.h.c.p.RequestTargetAuthentication - Target auth state: UNCHALLENGED
2022-02-03_19:53:54.880 [main] DEBUG o.a.h.c.p.RequestProxyAuthentication - Proxy auth state: UNCHALLENGED
2022-02-03_19:53:54.880 [main] DEBUG o.a.h.impl.client.DefaultHttpClient - Attempt 1 to execute request
2022-02-03_19:53:54.881 [main] DEBUG o.a.h.i.conn.DefaultClientConnection - Sending request: GET /auth/V1/generate/token HTTP/1.1
2022-02-03_19:53:54.881 [main] DEBUG org.apache.http.wire -  >> "GET /auth/V1/generate/token HTTP/1.1[\r][\n]"
2022-02-03_19:53:54.883 [main] DEBUG org.apache.http.wire -  >> "Content-Type: application/json; charset=UTF-8[\r][\n]"
2022-02-03_19:53:54.883 [main] DEBUG org.apache.http.wire -  >> "Accept: */*[\r][\n]"
2022-02-03_19:53:54.884 [main] DEBUG org.apache.http.wire -  >> "userName: A0aCcnPzDANtKmvSLPKcaw==[\r][\n]"
2022-02-03_19:53:54.884 [main] DEBUG org.apache.http.wire -  >> "Host: apitest.pineperks.in[\r][\n]"
2022-02-03_19:53:54.884 [main] DEBUG org.apache.http.wire -  >> "Connection: Keep-Alive[\r][\n]"
2022-02-03_19:53:54.884 [main] DEBUG org.apache.http.wire -  >> "User-Agent: Apache-HttpClient/4.5.2 (Java/1.8.0_202)[\r][\n]"
2022-02-03_19:53:54.885 [main] DEBUG org.apache.http.wire -  >> "Accept-Encoding: gzip,deflate[\r][\n]"
2022-02-03_19:53:54.885 [main] DEBUG org.apache.http.wire -  >> "[\r][\n]"
2022-02-03_19:53:54.885 [main] DEBUG org.apache.http.headers - >> GET /auth/V1/generate/token HTTP/1.1
2022-02-03_19:53:54.885 [main] DEBUG org.apache.http.headers - >> Content-Type: application/json; charset=UTF-8
2022-02-03_19:53:54.885 [main] DEBUG org.apache.http.headers - >> Accept: */*
2022-02-03_19:53:54.885 [main] DEBUG org.apache.http.headers - >> userName: A0aCcnPzDANtKmvSLPKcaw==
2022-02-03_19:53:54.885 [main] DEBUG org.apache.http.headers - >> Host: apitest.pineperks.in
2022-02-03_19:53:54.885 [main] DEBUG org.apache.http.headers - >> Connection: Keep-Alive
2022-02-03_19:53:54.886 [main] DEBUG org.apache.http.headers - >> User-Agent: Apache-HttpClient/4.5.2 (Java/1.8.0_202)
2022-02-03_19:53:54.886 [main] DEBUG org.apache.http.headers - >> Accept-Encoding: gzip,deflate
2022-02-03_19:53:54.975 [main] DEBUG org.apache.http.wire -  << "HTTP/1.1 200 [\r][\n]"
2022-02-03_19:53:54.977 [main] DEBUG org.apache.http.wire -  << "Access-Control-Allow-Methods: GET, POST[\r][\n]"
2022-02-03_19:53:54.977 [main] DEBUG org.apache.http.wire -  << "Access-Control-Allow-Origin: *[\r][\n]"
2022-02-03_19:53:54.977 [main] DEBUG org.apache.http.wire -  << "Content-Security-Policy: default-src 'none'[\r][\n]"
2022-02-03_19:53:54.977 [main] DEBUG org.apache.http.wire -  << "Feature-Policy: 'none'[\r][\n]"
2022-02-03_19:53:54.977 [main] DEBUG org.apache.http.wire -  << "Referrer-Policy: no-referrer[\r][\n]"
2022-02-03_19:53:54.977 [main] DEBUG org.apache.http.wire -  << "Strict-Transport-Security: max-age=31536000 ; includeSubDomains[\r][\n]"
2022-02-03_19:53:54.977 [main] DEBUG org.apache.http.wire -  << "Date: Thu, 03 Feb 2022 14:23:54 GMT[\r][\n]"
2022-02-03_19:53:54.977 [main] DEBUG org.apache.http.wire -  << "Keep-Alive: timeout=60[\r][\n]"
2022-02-03_19:53:54.977 [main] DEBUG org.apache.http.wire -  << "Content-Type: application/json[\r][\n]"
2022-02-03_19:53:54.977 [main] DEBUG org.apache.http.wire -  << "Transfer-Encoding: chunked[\r][\n]"
2022-02-03_19:53:54.977 [main] DEBUG org.apache.http.wire -  << "Connection: keep-alive[\r][\n]"
2022-02-03_19:53:54.977 [main] DEBUG org.apache.http.wire -  << "[\r][\n]"
2022-02-03_19:53:54.978 [main] DEBUG o.a.h.i.conn.DefaultClientConnection - Receiving response: HTTP/1.1 200 
2022-02-03_19:53:54.978 [main] DEBUG org.apache.http.headers - << HTTP/1.1 200 
2022-02-03_19:53:54.978 [main] DEBUG org.apache.http.headers - << Access-Control-Allow-Methods: GET, POST
2022-02-03_19:53:54.978 [main] DEBUG org.apache.http.headers - << Access-Control-Allow-Origin: *
2022-02-03_19:53:54.978 [main] DEBUG org.apache.http.headers - << Content-Security-Policy: default-src 'none'
2022-02-03_19:53:54.978 [main] DEBUG org.apache.http.headers - << Feature-Policy: 'none'
2022-02-03_19:53:54.978 [main] DEBUG org.apache.http.headers - << Referrer-Policy: no-referrer
2022-02-03_19:53:54.978 [main] DEBUG org.apache.http.headers - << Strict-Transport-Security: max-age=31536000 ; includeSubDomains
2022-02-03_19:53:54.978 [main] DEBUG org.apache.http.headers - << Date: Thu, 03 Feb 2022 14:23:54 GMT
2022-02-03_19:53:54.978 [main] DEBUG org.apache.http.headers - << Keep-Alive: timeout=60
2022-02-03_19:53:54.978 [main] DEBUG org.apache.http.headers - << Content-Type: application/json
2022-02-03_19:53:54.978 [main] DEBUG org.apache.http.headers - << Transfer-Encoding: chunked
2022-02-03_19:53:54.978 [main] DEBUG org.apache.http.headers - << Connection: keep-alive
2022-02-03_19:53:54.982 [main] DEBUG o.a.h.impl.client.DefaultHttpClient - Connection can be kept alive for 60000 MILLISECONDS
2022-02-03_19:53:54.997 [main] DEBUG i.r.i.RequestSpecificationImpl$RestAssuredHttpBuilder - Parsing response as: application/json
2022-02-03_19:53:54.997 [main] DEBUG i.r.i.RequestSpecificationImpl$RestAssuredHttpBuilder - Parsed data to instance of: class org.apache.http.conn.EofSensorInputStream
2022-02-03_19:53:55.009 [main] INFO  com.qc.BaseAPI - Method :GET
2022-02-03_19:53:55.010 [main] INFO  com.qc.BaseAPI - URI :https://apitest.pineperks.in/auth/V1/generate/token
2022-02-03_19:53:55.010 [main] INFO  com.qc.BaseAPI - Headers :userName=A0aCcnPzDANtKmvSLPKcaw==
Accept=*/*
Content-Type=application/json; charset=UTF-8
2022-02-03_19:53:55.010 [main] INFO  com.qc.BaseAPI - Body :null
2022-02-03_19:53:55.010 [main] INFO  com.qc.BaseAPI - ********************RESPONSE********************
2022-02-03_19:53:55.017 [main] DEBUG org.apache.http.wire -  << "7f[\r][\n]"
2022-02-03_19:53:55.018 [main] DEBUG org.apache.http.wire -  << "{"accessToken":"3047f0ca3d2646439a0e04154fde1f68","tokenExpiryTime":"03-Feb-2024","responseCode":0,"responseMessage":"Success"}"
2022-02-03_19:53:55.018 [main] DEBUG org.apache.http.wire -  << "[\r][\n]"
2022-02-03_19:53:55.019 [main] DEBUG org.apache.http.wire -  << "0[\r][\n]"
2022-02-03_19:53:55.019 [main] DEBUG org.apache.http.wire -  << "[\r][\n]"
2022-02-03_19:53:55.019 [main] DEBUG o.a.h.i.c.BasicClientConnectionManager - Releasing connection org.apache.http.impl.conn.ManagedClientConnectionImpl@70e1a8ab
2022-02-03_19:53:55.019 [main] DEBUG o.a.h.i.c.BasicClientConnectionManager - Connection can be kept alive for 60000 MILLISECONDS
2022-02-03_19:53:55.040 [main] INFO  com.qc.BaseAPI - Response :{
    "accessToken": "3047f0ca3d2646439a0e04154fde1f68",
    "tokenExpiryTime": "03-Feb-2024",
    "responseCode": 0,
    "responseMessage": "Success"
}
2022-02-03_19:53:55.042 [main] INFO  com.qc.BaseAPI -  **** GET call Response time 2491 ms
2022-02-03_19:53:55.043 [main] INFO  pl.rest.service.Authorize - Time Taken to perform https://apitest.pineperks.in/auth/V1/generate/token transaction: 2491
2022-02-03_19:53:55.127 [main] INFO  com.qc.qa.utils.TestDataReader - Reading Json data authorizeHeaders
2022-02-03_19:53:55.130 [main] INFO  com.qc.qa.utils.TestDataReader - Reading json data from file @ testData/api/devAPIData.json
2022-02-03_19:53:55.149 [main] INFO  pl.rest.service.CardIssue - CardIssue Rest API URL :- https://apitest.pineperks.in/card/order/V1/instant/issue/nonreloadable/digital
2022-02-03_19:53:55.150 [main] INFO  com.qc.BaseAPI - POST call to URL https://apitest.pineperks.in/card/order/V1/instant/issue/nonreloadable/digital
2022-02-03_19:53:55.161 [main] INFO  com.qc.BaseAPI - ********************REQUEST********************
2022-02-03_19:53:55.194 [main] DEBUG o.a.h.i.c.BasicClientConnectionManager - Get connection for route {s}->https://apitest.pineperks.in:443
2022-02-03_19:53:55.195 [main] DEBUG o.a.h.i.c.DefaultClientConnectionOperator - Connecting to apitest.pineperks.in:443
2022-02-03_19:53:55.399 [main] DEBUG o.a.h.c.protocol.RequestAddCookies - CookieSpec selected: ignoreCookies
2022-02-03_19:53:55.399 [main] DEBUG o.a.h.c.protocol.RequestAuthCache - Auth cache not set in the context
2022-02-03_19:53:55.399 [main] DEBUG o.a.h.c.p.RequestTargetAuthentication - Target auth state: UNCHALLENGED
2022-02-03_19:53:55.399 [main] DEBUG o.a.h.c.p.RequestProxyAuthentication - Proxy auth state: UNCHALLENGED
2022-02-03_19:53:55.399 [main] DEBUG o.a.h.impl.client.DefaultHttpClient - Attempt 1 to execute request
2022-02-03_19:53:55.399 [main] DEBUG o.a.h.i.conn.DefaultClientConnection - Sending request: POST /card/order/V1/instant/issue/nonreloadable/digital HTTP/1.1
2022-02-03_19:53:55.400 [main] DEBUG org.apache.http.wire -  >> "POST /card/order/V1/instant/issue/nonreloadable/digital HTTP/1.1[\r][\n]"
2022-02-03_19:53:55.400 [main] DEBUG org.apache.http.wire -  >> "Accept: */*[\r][\n]"
2022-02-03_19:53:55.400 [main] DEBUG org.apache.http.wire -  >> "userName: A0aCcnPzDANtKmvSLPKcaw==[\r][\n]"
2022-02-03_19:53:55.400 [main] DEBUG org.apache.http.wire -  >> "token: 3047f0ca3d2646439a0e04154fde1f68[\r][\n]"
2022-02-03_19:53:55.400 [main] DEBUG org.apache.http.wire -  >> "Content-Type: application/json; charset=UTF-8[\r][\n]"
2022-02-03_19:53:55.400 [main] DEBUG org.apache.http.wire -  >> "Content-Length: 241[\r][\n]"
2022-02-03_19:53:55.401 [main] DEBUG org.apache.http.wire -  >> "Host: apitest.pineperks.in[\r][\n]"
2022-02-03_19:53:55.401 [main] DEBUG org.apache.http.wire -  >> "Connection: Keep-Alive[\r][\n]"
2022-02-03_19:53:55.401 [main] DEBUG org.apache.http.wire -  >> "User-Agent: Apache-HttpClient/4.5.2 (Java/1.8.0_202)[\r][\n]"
2022-02-03_19:53:55.401 [main] DEBUG org.apache.http.wire -  >> "Accept-Encoding: gzip,deflate[\r][\n]"
2022-02-03_19:53:55.401 [main] DEBUG org.apache.http.wire -  >> "[\r][\n]"
2022-02-03_19:53:55.401 [main] DEBUG org.apache.http.headers - >> POST /card/order/V1/instant/issue/nonreloadable/digital HTTP/1.1
2022-02-03_19:53:55.401 [main] DEBUG org.apache.http.headers - >> Accept: */*
2022-02-03_19:53:55.401 [main] DEBUG org.apache.http.headers - >> userName: A0aCcnPzDANtKmvSLPKcaw==
2022-02-03_19:53:55.401 [main] DEBUG org.apache.http.headers - >> token: 3047f0ca3d2646439a0e04154fde1f68
2022-02-03_19:53:55.401 [main] DEBUG org.apache.http.headers - >> Content-Type: application/json; charset=UTF-8
2022-02-03_19:53:55.401 [main] DEBUG org.apache.http.headers - >> Content-Length: 241
2022-02-03_19:53:55.401 [main] DEBUG org.apache.http.headers - >> Host: apitest.pineperks.in
2022-02-03_19:53:55.401 [main] DEBUG org.apache.http.headers - >> Connection: Keep-Alive
2022-02-03_19:53:55.402 [main] DEBUG org.apache.http.headers - >> User-Agent: Apache-HttpClient/4.5.2 (Java/1.8.0_202)
2022-02-03_19:53:55.402 [main] DEBUG org.apache.http.headers - >> Accept-Encoding: gzip,deflate
2022-02-03_19:53:55.402 [main] DEBUG org.apache.http.wire -  >> "{"isLinkToBeSentOnMobile":true,"checksum":"5x3GNrnStyS2PkMvV6EeAw==","cardDetailList":[{"amount":"1000","mobileNumber":"8284854535","customerName":"afzal","email":"afzal.ahmed@pinelabs.com"}],"externalRequestId":"IUM2nvJ","cardSchemeId":"7"}"
2022-02-03_19:53:55.863 [main] DEBUG org.apache.http.wire -  << "HTTP/1.1 200 [\r][\n]"
2022-02-03_19:53:55.864 [main] DEBUG org.apache.http.wire -  << "Access-Control-Allow-Methods: GET, POST[\r][\n]"
2022-02-03_19:53:55.864 [main] DEBUG org.apache.http.wire -  << "Access-Control-Allow-Origin: *[\r][\n]"
2022-02-03_19:53:55.864 [main] DEBUG org.apache.http.wire -  << "Content-Security-Policy: default-src 'none'[\r][\n]"
2022-02-03_19:53:55.864 [main] DEBUG org.apache.http.wire -  << "Feature-Policy: 'none'[\r][\n]"
2022-02-03_19:53:55.864 [main] DEBUG org.apache.http.wire -  << "Referrer-Policy: no-referrer[\r][\n]"
2022-02-03_19:53:55.864 [main] DEBUG org.apache.http.wire -  << "Strict-Transport-Security: max-age=31536000 ; includeSubDomains[\r][\n]"
2022-02-03_19:53:55.864 [main] DEBUG org.apache.http.wire -  << "Date: Thu, 03 Feb 2022 14:23:54 GMT[\r][\n]"
2022-02-03_19:53:55.865 [main] DEBUG org.apache.http.wire -  << "Keep-Alive: timeout=60[\r][\n]"
2022-02-03_19:53:55.865 [main] DEBUG org.apache.http.wire -  << "Content-Type: application/json[\r][\n]"
2022-02-03_19:53:55.865 [main] DEBUG org.apache.http.wire -  << "Transfer-Encoding: chunked[\r][\n]"
2022-02-03_19:53:55.865 [main] DEBUG org.apache.http.wire -  << "Connection: keep-alive[\r][\n]"
2022-02-03_19:53:55.865 [main] DEBUG org.apache.http.wire -  << "[\r][\n]"
2022-02-03_19:53:55.865 [main] DEBUG o.a.h.i.conn.DefaultClientConnection - Receiving response: HTTP/1.1 200 
2022-02-03_19:53:55.865 [main] DEBUG org.apache.http.headers - << HTTP/1.1 200 
2022-02-03_19:53:55.866 [main] DEBUG org.apache.http.headers - << Access-Control-Allow-Methods: GET, POST
2022-02-03_19:53:55.866 [main] DEBUG org.apache.http.headers - << Access-Control-Allow-Origin: *
2022-02-03_19:53:55.866 [main] DEBUG org.apache.http.headers - << Content-Security-Policy: default-src 'none'
2022-02-03_19:53:55.866 [main] DEBUG org.apache.http.headers - << Feature-Policy: 'none'
2022-02-03_19:53:55.867 [main] DEBUG org.apache.http.headers - << Referrer-Policy: no-referrer
2022-02-03_19:53:55.867 [main] DEBUG org.apache.http.headers - << Strict-Transport-Security: max-age=31536000 ; includeSubDomains
2022-02-03_19:53:55.867 [main] DEBUG org.apache.http.headers - << Date: Thu, 03 Feb 2022 14:23:54 GMT
2022-02-03_19:53:55.867 [main] DEBUG org.apache.http.headers - << Keep-Alive: timeout=60
2022-02-03_19:53:55.867 [main] DEBUG org.apache.http.headers - << Content-Type: application/json
2022-02-03_19:53:55.867 [main] DEBUG org.apache.http.headers - << Transfer-Encoding: chunked
2022-02-03_19:53:55.867 [main] DEBUG org.apache.http.headers - << Connection: keep-alive
2022-02-03_19:53:55.867 [main] DEBUG o.a.h.impl.client.DefaultHttpClient - Connection can be kept alive for 60000 MILLISECONDS
2022-02-03_19:53:55.868 [main] DEBUG i.r.i.RequestSpecificationImpl$RestAssuredHttpBuilder - Parsing response as: application/json
2022-02-03_19:53:55.868 [main] DEBUG i.r.i.RequestSpecificationImpl$RestAssuredHttpBuilder - Parsed data to instance of: class org.apache.http.conn.EofSensorInputStream
2022-02-03_19:53:55.870 [main] INFO  com.qc.BaseAPI - Method :POST
2022-02-03_19:53:55.874 [main] INFO  com.qc.BaseAPI - URI :https://apitest.pineperks.in/card/order/V1/instant/issue/nonreloadable/digital
2022-02-03_19:53:55.874 [main] INFO  com.qc.BaseAPI - Headers :token=3047f0ca3d2646439a0e04154fde1f68
userName=A0aCcnPzDANtKmvSLPKcaw==
Accept=*/*
Content-Type=application/json; charset=UTF-8
2022-02-03_19:53:55.874 [main] INFO  com.qc.BaseAPI - Body :{"isLinkToBeSentOnMobile":true,"checksum":"5x3GNrnStyS2PkMvV6EeAw==","cardDetailList":[{"amount":"1000","mobileNumber":"8284854535","customerName":"afzal","email":"afzal.ahmed@pinelabs.com"}],"externalRequestId":"IUM2nvJ","cardSchemeId":"7"}
2022-02-03_19:53:55.875 [main] INFO  com.qc.BaseAPI - ********************RESPONSE********************
2022-02-03_19:53:55.875 [main] DEBUG org.apache.http.wire -  << "1f2[\r][\n]"
2022-02-03_19:53:55.875 [main] DEBUG org.apache.http.wire -  << "{"externalRequestId":"IUM2nvJ","orderId":103238,"orderStatus":6,"cardDetailResponseList":[{"referenceNumber":3378928359,"serialNumber":10323800010001,"customerName":"afzal","mobileNumber":8284854535,"email":"afzal.ahmed@pinelabs.com","amount":1000,"cardLink":"test.pineperks.in/eCard?c=v-GeGY0MeS9mzliVyOACGg2","responseCode":0,"responseMessage":"Success"}],"successCount":1,"failedCount":0,"orderAmount":1000,"issuanceCharge":100,"netOrderAmount":1100,"responseCode":0,"responseMessage":"Success"}"
2022-02-03_19:53:55.875 [main] DEBUG org.apache.http.wire -  << "[\r][\n]"
2022-02-03_19:53:55.876 [main] DEBUG org.apache.http.wire -  << "0[\r][\n]"
2022-02-03_19:53:55.876 [main] DEBUG org.apache.http.wire -  << "[\r][\n]"
2022-02-03_19:53:55.876 [main] DEBUG o.a.h.i.c.BasicClientConnectionManager - Releasing connection org.apache.http.impl.conn.ManagedClientConnectionImpl@37107ea0
2022-02-03_19:53:55.876 [main] DEBUG o.a.h.i.c.BasicClientConnectionManager - Connection can be kept alive for 60000 MILLISECONDS
2022-02-03_19:53:55.879 [main] INFO  com.qc.BaseAPI - Response :{
    "externalRequestId": "IUM2nvJ",
    "orderId": 103238,
    "orderStatus": 6,
    "cardDetailResponseList": [
        {
            "referenceNumber": 3378928359,
            "serialNumber": 10323800010001,
            "customerName": "afzal",
            "mobileNumber": 8284854535,
            "email": "afzal.ahmed@pinelabs.com",
            "amount": 1000,
            "cardLink": "test.pineperks.in/eCard?c=v-GeGY0MeS9mzliVyOACGg2",
            "responseCode": 0,
            "responseMessage": "Success"
        }
    ],
    "successCount": 1,
    "failedCount": 0,
    "orderAmount": 1000,
    "issuanceCharge": 100,
    "netOrderAmount": 1100,
    "responseCode": 0,
    "responseMessage": "Success"
}
2022-02-03_19:53:55.879 [main] INFO  com.qc.BaseAPI -  **** POST call Response time 707 ms
2022-02-03_19:53:55.879 [main] INFO  pl.rest.service.CardIssue - Time Taken to perform https://apitest.pineperks.in/card/order/V1/instant/issue/nonreloadable/digital transaction: 707
2022-02-03_19:53:55.891 [main] INFO  com.qc.qa.utils.TestDataReader - Reading Json data authorizeHeaders
2022-02-03_19:53:55.896 [main] INFO  com.qc.qa.utils.TestDataReader - Reading json data from file @ testData/api/devAPIData.json
2022-02-03_19:53:55.899 [main] INFO  p.r.service.CorporateAndCardDetails - CardIssue Rest API URL :- https://apitest.pineperks.in/card/profile/V1/detail
2022-02-03_19:53:55.901 [main] INFO  com.qc.BaseAPI - POST call to URL https://apitest.pineperks.in/card/profile/V1/detail
2022-02-03_19:53:55.906 [main] INFO  com.qc.BaseAPI - ********************REQUEST********************
2022-02-03_19:53:55.915 [main] DEBUG o.a.h.i.c.BasicClientConnectionManager - Get connection for route {s}->https://apitest.pineperks.in:443
2022-02-03_19:53:55.915 [main] DEBUG o.a.h.i.c.DefaultClientConnectionOperator - Connecting to apitest.pineperks.in:443
2022-02-03_19:53:56.072 [main] DEBUG o.a.h.c.protocol.RequestAddCookies - CookieSpec selected: ignoreCookies
2022-02-03_19:53:56.073 [main] DEBUG o.a.h.c.protocol.RequestAuthCache - Auth cache not set in the context
2022-02-03_19:53:56.073 [main] DEBUG o.a.h.c.p.RequestTargetAuthentication - Target auth state: UNCHALLENGED
2022-02-03_19:53:56.073 [main] DEBUG o.a.h.c.p.RequestProxyAuthentication - Proxy auth state: UNCHALLENGED
2022-02-03_19:53:56.073 [main] DEBUG o.a.h.impl.client.DefaultHttpClient - Attempt 1 to execute request
2022-02-03_19:53:56.073 [main] DEBUG o.a.h.i.conn.DefaultClientConnection - Sending request: POST /card/profile/V1/detail HTTP/1.1
2022-02-03_19:53:56.074 [main] DEBUG org.apache.http.wire -  >> "POST /card/profile/V1/detail HTTP/1.1[\r][\n]"
2022-02-03_19:53:56.074 [main] DEBUG org.apache.http.wire -  >> "Accept: */*[\r][\n]"
2022-02-03_19:53:56.074 [main] DEBUG org.apache.http.wire -  >> "userName: A0aCcnPzDANtKmvSLPKcaw==[\r][\n]"
2022-02-03_19:53:56.074 [main] DEBUG org.apache.http.wire -  >> "token: 3047f0ca3d2646439a0e04154fde1f68[\r][\n]"
2022-02-03_19:53:56.074 [main] DEBUG org.apache.http.wire -  >> "Content-Type: application/json; charset=UTF-8[\r][\n]"
2022-02-03_19:53:56.075 [main] DEBUG org.apache.http.wire -  >> "Content-Length: 40[\r][\n]"
2022-02-03_19:53:56.075 [main] DEBUG org.apache.http.wire -  >> "Host: apitest.pineperks.in[\r][\n]"
2022-02-03_19:53:56.075 [main] DEBUG org.apache.http.wire -  >> "Connection: Keep-Alive[\r][\n]"
2022-02-03_19:53:56.075 [main] DEBUG org.apache.http.wire -  >> "User-Agent: Apache-HttpClient/4.5.2 (Java/1.8.0_202)[\r][\n]"
2022-02-03_19:53:56.075 [main] DEBUG org.apache.http.wire -  >> "Accept-Encoding: gzip,deflate[\r][\n]"
2022-02-03_19:53:56.076 [main] DEBUG org.apache.http.wire -  >> "[\r][\n]"
2022-02-03_19:53:56.076 [main] DEBUG org.apache.http.headers - >> POST /card/profile/V1/detail HTTP/1.1
2022-02-03_19:53:56.076 [main] DEBUG org.apache.http.headers - >> Accept: */*
2022-02-03_19:53:56.076 [main] DEBUG org.apache.http.headers - >> userName: A0aCcnPzDANtKmvSLPKcaw==
2022-02-03_19:53:56.076 [main] DEBUG org.apache.http.headers - >> token: 3047f0ca3d2646439a0e04154fde1f68
2022-02-03_19:53:56.076 [main] DEBUG org.apache.http.headers - >> Content-Type: application/json; charset=UTF-8
2022-02-03_19:53:56.076 [main] DEBUG org.apache.http.headers - >> Content-Length: 40
2022-02-03_19:53:56.076 [main] DEBUG org.apache.http.headers - >> Host: apitest.pineperks.in
2022-02-03_19:53:56.076 [main] DEBUG org.apache.http.headers - >> Connection: Keep-Alive
2022-02-03_19:53:56.076 [main] DEBUG org.apache.http.headers - >> User-Agent: Apache-HttpClient/4.5.2 (Java/1.8.0_202)
2022-02-03_19:53:56.076 [main] DEBUG org.apache.http.headers - >> Accept-Encoding: gzip,deflate
2022-02-03_19:53:56.077 [main] DEBUG org.apache.http.wire -  >> "{"cardDetailRequestList":["3378928359"]}"
2022-02-03_19:53:56.111 [main] DEBUG org.apache.http.wire -  << "HTTP/1.1 200 [\r][\n]"
2022-02-03_19:53:56.112 [main] DEBUG org.apache.http.wire -  << "Access-Control-Allow-Methods: GET, POST[\r][\n]"
2022-02-03_19:53:56.112 [main] DEBUG org.apache.http.wire -  << "Access-Control-Allow-Origin: *[\r][\n]"
2022-02-03_19:53:56.112 [main] DEBUG org.apache.http.wire -  << "Content-Security-Policy: default-src 'none'[\r][\n]"
2022-02-03_19:53:56.112 [main] DEBUG org.apache.http.wire -  << "Feature-Policy: 'none'[\r][\n]"
2022-02-03_19:53:56.112 [main] DEBUG org.apache.http.wire -  << "Referrer-Policy: no-referrer[\r][\n]"
2022-02-03_19:53:56.112 [main] DEBUG org.apache.http.wire -  << "Strict-Transport-Security: max-age=31536000 ; includeSubDomains[\r][\n]"
2022-02-03_19:53:56.112 [main] DEBUG org.apache.http.wire -  << "Date: Thu, 03 Feb 2022 14:23:56 GMT[\r][\n]"
2022-02-03_19:53:56.113 [main] DEBUG org.apache.http.wire -  << "Keep-Alive: timeout=60[\r][\n]"
2022-02-03_19:53:56.113 [main] DEBUG org.apache.http.wire -  << "Content-Type: application/json[\r][\n]"
2022-02-03_19:53:56.113 [main] DEBUG org.apache.http.wire -  << "Transfer-Encoding: chunked[\r][\n]"
2022-02-03_19:53:56.113 [main] DEBUG org.apache.http.wire -  << "Connection: keep-alive[\r][\n]"
2022-02-03_19:53:56.113 [main] DEBUG org.apache.http.wire -  << "[\r][\n]"
2022-02-03_19:53:56.113 [main] DEBUG o.a.h.i.conn.DefaultClientConnection - Receiving response: HTTP/1.1 200 
2022-02-03_19:53:56.113 [main] DEBUG org.apache.http.headers - << HTTP/1.1 200 
2022-02-03_19:53:56.113 [main] DEBUG org.apache.http.headers - << Access-Control-Allow-Methods: GET, POST
2022-02-03_19:53:56.113 [main] DEBUG org.apache.http.headers - << Access-Control-Allow-Origin: *
2022-02-03_19:53:56.113 [main] DEBUG org.apache.http.headers - << Content-Security-Policy: default-src 'none'
2022-02-03_19:53:56.113 [main] DEBUG org.apache.http.headers - << Feature-Policy: 'none'
2022-02-03_19:53:56.114 [main] DEBUG org.apache.http.headers - << Referrer-Policy: no-referrer
2022-02-03_19:53:56.114 [main] DEBUG org.apache.http.headers - << Strict-Transport-Security: max-age=31536000 ; includeSubDomains
2022-02-03_19:53:56.114 [main] DEBUG org.apache.http.headers - << Date: Thu, 03 Feb 2022 14:23:56 GMT
2022-02-03_19:53:56.114 [main] DEBUG org.apache.http.headers - << Keep-Alive: timeout=60
2022-02-03_19:53:56.114 [main] DEBUG org.apache.http.headers - << Content-Type: application/json
2022-02-03_19:53:56.114 [main] DEBUG org.apache.http.headers - << Transfer-Encoding: chunked
2022-02-03_19:53:56.114 [main] DEBUG org.apache.http.headers - << Connection: keep-alive
2022-02-03_19:53:56.114 [main] DEBUG o.a.h.impl.client.DefaultHttpClient - Connection can be kept alive for 60000 MILLISECONDS
2022-02-03_19:53:56.115 [main] DEBUG i.r.i.RequestSpecificationImpl$RestAssuredHttpBuilder - Parsing response as: application/json
2022-02-03_19:53:56.115 [main] DEBUG i.r.i.RequestSpecificationImpl$RestAssuredHttpBuilder - Parsed data to instance of: class org.apache.http.conn.EofSensorInputStream
2022-02-03_19:53:56.116 [main] INFO  com.qc.BaseAPI - Method :POST
2022-02-03_19:53:56.117 [main] INFO  com.qc.BaseAPI - URI :https://apitest.pineperks.in/card/profile/V1/detail
2022-02-03_19:53:56.118 [main] INFO  com.qc.BaseAPI - Headers :token=3047f0ca3d2646439a0e04154fde1f68
userName=A0aCcnPzDANtKmvSLPKcaw==
Accept=*/*
Content-Type=application/json; charset=UTF-8
2022-02-03_19:53:56.118 [main] INFO  com.qc.BaseAPI - Body :{"cardDetailRequestList":["3378928359"]}
2022-02-03_19:53:56.118 [main] INFO  com.qc.BaseAPI - ********************RESPONSE********************
2022-02-03_19:53:56.118 [main] DEBUG org.apache.http.wire -  << "3c7[\r][\n]"
2022-02-03_19:53:56.118 [main] DEBUG org.apache.http.wire -  << "{"cardDetailResponseList":[{"cardReferenceNumber":3378928359,"maskedCardNumber":"608364******3692","cardStatus":1,"kycStatus":null,"cardSchemeId":7,"pinMode":4,"cardName":"milson Card","cardVariant":2,"cardCategoryId":4,"loadAmount":1000,"redeemedAmount":0,"balance":1000,"issuedOn":"03-Feb-2022","expiryDate":"29-Feb-2024","isEcommTransactionEnabled":true,"ecommRedeemTransactionLimit":0,"isPOSTransactionEnabled":false,"posRedeemTransactionLimit":0,"monthlyCreditAmount":null,"lastCreditedOn":null,"activatedOn":"03-Feb-2022","activationName":"Afzal","activationMobileNumber":8284854535,"activationEmail":"afzal.ahmed@pinelabs.com","customerName":"Afzal ahmed","customerMobile":8284854535,"customerEmail":null,"blockedOn":null,"terminatedOn":null,"terminatedBy":null,"reason":null,"reIssuedOn":null,"reIssuedBy":null,"reIssuedByCardReferenceNumber":null,"reIssueCharges":0,"responseCode":0,"responseMessage":"Success"}],"responseCode":0,"responseMessage":"Success"}"
2022-02-03_19:53:56.118 [main] DEBUG org.apache.http.wire -  << "[\r][\n]"
2022-02-03_19:53:56.119 [main] DEBUG org.apache.http.wire -  << "0[\r][\n]"
2022-02-03_19:53:56.119 [main] DEBUG org.apache.http.wire -  << "[\r][\n]"
2022-02-03_19:53:56.119 [main] DEBUG o.a.h.i.c.BasicClientConnectionManager - Releasing connection org.apache.http.impl.conn.ManagedClientConnectionImpl@2f45ab4a
2022-02-03_19:53:56.119 [main] DEBUG o.a.h.i.c.BasicClientConnectionManager - Connection can be kept alive for 60000 MILLISECONDS
2022-02-03_19:53:56.122 [main] INFO  com.qc.BaseAPI - Response :{
    "cardDetailResponseList": [
        {
            "cardReferenceNumber": 3378928359,
            "maskedCardNumber": "608364******3692",
            "cardStatus": 1,
            "kycStatus": null,
            "cardSchemeId": 7,
            "pinMode": 4,
            "cardName": "milson Card",
            "cardVariant": 2,
            "cardCategoryId": 4,
            "loadAmount": 1000,
            "redeemedAmount": 0,
            "balance": 1000,
            "issuedOn": "03-Feb-2022",
            "expiryDate": "29-Feb-2024",
            "isEcommTransactionEnabled": true,
            "ecommRedeemTransactionLimit": 0,
            "isPOSTransactionEnabled": false,
            "posRedeemTransactionLimit": 0,
            "monthlyCreditAmount": null,
            "lastCreditedOn": null,
            "activatedOn": "03-Feb-2022",
            "activationName": "Afzal",
            "activationMobileNumber": 8284854535,
            "activationEmail": "afzal.ahmed@pinelabs.com",
            "customerName": "Afzal ahmed",
            "customerMobile": 8284854535,
            "customerEmail": null,
            "blockedOn": null,
            "terminatedOn": null,
            "terminatedBy": null,
            "reason": null,
            "reIssuedOn": null,
            "reIssuedBy": null,
            "reIssuedByCardReferenceNumber": null,
            "reIssueCharges": 0,
            "responseCode": 0,
            "responseMessage": "Success"
        }
    ],
    "responseCode": 0,
    "responseMessage": "Success"
}
2022-02-03_19:53:56.123 [main] INFO  com.qc.BaseAPI -  **** POST call Response time 209 ms
2022-02-03_19:53:56.123 [main] INFO  p.r.service.CorporateAndCardDetails - Time Taken to perform https://apitest.pineperks.in/card/profile/V1/detail transaction: 209
2022-02-03_19:53:56.419 [main] INFO  pl.rest.utils.DBUtils - Query being executed Select * from Card where referenceNumber=3378928359;
2022-02-03_19:53:56.449 [main] ERROR com.qc.qa.utils.LoadProperties - Missing MySQLDBEnvironment property value in system property or in config.properties files.Please add it if incase required
2022-02-03_19:53:56.450 [main] INFO  com.qc.qa.dbutils.DBPoolProvider - Con pool Total - 400, idle - 0,  Num active - 0
2022-02-03_19:53:56.450 [main] INFO  com.qc.qa.dbutils.DBPoolProvider - Retrieved connection
