2022-01-27_16:18:55.371 [main] INFO  pl.rest.CustomHooks - SCENARIO NAME: Issuing a instant non reloadable card
2022-01-27_16:18:55.374 [main] INFO  pl.rest.CustomHooks - TAG NAMEs: [@Regression, @DB]
2022-01-27_16:18:55.379 [main] INFO  pl.rest.CustomHooks - SCENARIO NAME: Issuing a instant non reloadable card
2022-01-27_16:18:55.379 [main] INFO  pl.rest.CustomHooks - TAG NAMEs: [@Regression, @DB]
2022-01-27_16:18:55.474 [main] INFO  pl.rest.CustomHooks - Index: 0, Size: 0
2022-01-27_16:18:56.809 [main] INFO  com.qc.qa.utils.TestDataReader - Reading API Test Data config values from  testData/api/devAPITestData.properties
2022-01-27_16:18:56.827 [main] INFO  pl.rest.service.Authorize - Authorize Rest API URL :- https://apitest.pineperks.in/auth/V1/generate/token
2022-01-27_16:18:56.828 [main] INFO  com.qc.BaseAPI - GET call to URL https://apitest.pineperks.in/auth/V1/generate/token
2022-01-27_16:18:57.129 [main] INFO  com.qc.BaseAPI - ********************REQUEST********************
2022-01-27_16:18:59.535 [main] DEBUG o.a.h.i.c.BasicClientConnectionManager - Get connection for route {s}->https://apitest.pineperks.in:443
2022-01-27_16:18:59.612 [main] DEBUG o.a.h.i.c.DefaultClientConnectionOperator - Connecting to apitest.pineperks.in:443
2022-01-27_16:19:00.657 [main] DEBUG o.a.h.c.protocol.RequestAddCookies - CookieSpec selected: ignoreCookies
2022-01-27_16:19:00.662 [main] DEBUG o.a.h.c.protocol.RequestAuthCache - Auth cache not set in the context
2022-01-27_16:19:00.662 [main] DEBUG o.a.h.c.p.RequestTargetAuthentication - Target auth state: UNCHALLENGED
2022-01-27_16:19:00.664 [main] DEBUG o.a.h.c.p.RequestProxyAuthentication - Proxy auth state: UNCHALLENGED
2022-01-27_16:19:00.664 [main] DEBUG o.a.h.impl.client.DefaultHttpClient - Attempt 1 to execute request
2022-01-27_16:19:00.665 [main] DEBUG o.a.h.i.conn.DefaultClientConnection - Sending request: GET /auth/V1/generate/token HTTP/1.1
2022-01-27_16:19:00.666 [main] DEBUG org.apache.http.wire -  >> "GET /auth/V1/generate/token HTTP/1.1[\r][\n]"
2022-01-27_16:19:00.668 [main] DEBUG org.apache.http.wire -  >> "Content-Type: application/json; charset=UTF-8[\r][\n]"
2022-01-27_16:19:00.669 [main] DEBUG org.apache.http.wire -  >> "Accept: */*[\r][\n]"
2022-01-27_16:19:00.669 [main] DEBUG org.apache.http.wire -  >> "userName: A0aCcnPzDANtKmvSLPKcaw==[\r][\n]"
2022-01-27_16:19:00.670 [main] DEBUG org.apache.http.wire -  >> "Host: apitest.pineperks.in[\r][\n]"
2022-01-27_16:19:00.670 [main] DEBUG org.apache.http.wire -  >> "Connection: Keep-Alive[\r][\n]"
2022-01-27_16:19:00.670 [main] DEBUG org.apache.http.wire -  >> "User-Agent: Apache-HttpClient/4.5.2 (Java/1.8.0_202)[\r][\n]"
2022-01-27_16:19:00.671 [main] DEBUG org.apache.http.wire -  >> "Accept-Encoding: gzip,deflate[\r][\n]"
2022-01-27_16:19:00.671 [main] DEBUG org.apache.http.wire -  >> "[\r][\n]"
2022-01-27_16:19:00.671 [main] DEBUG org.apache.http.headers - >> GET /auth/V1/generate/token HTTP/1.1
2022-01-27_16:19:00.672 [main] DEBUG org.apache.http.headers - >> Content-Type: application/json; charset=UTF-8
2022-01-27_16:19:00.672 [main] DEBUG org.apache.http.headers - >> Accept: */*
2022-01-27_16:19:00.672 [main] DEBUG org.apache.http.headers - >> userName: A0aCcnPzDANtKmvSLPKcaw==
2022-01-27_16:19:00.672 [main] DEBUG org.apache.http.headers - >> Host: apitest.pineperks.in
2022-01-27_16:19:00.672 [main] DEBUG org.apache.http.headers - >> Connection: Keep-Alive
2022-01-27_16:19:00.673 [main] DEBUG org.apache.http.headers - >> User-Agent: Apache-HttpClient/4.5.2 (Java/1.8.0_202)
2022-01-27_16:19:00.673 [main] DEBUG org.apache.http.headers - >> Accept-Encoding: gzip,deflate
2022-01-27_16:19:00.712 [main] DEBUG org.apache.http.wire -  << "HTTP/1.1 200 [\r][\n]"
2022-01-27_16:19:00.716 [main] DEBUG org.apache.http.wire -  << "Access-Control-Allow-Methods: GET, POST[\r][\n]"
2022-01-27_16:19:00.716 [main] DEBUG org.apache.http.wire -  << "Access-Control-Allow-Origin: *[\r][\n]"
2022-01-27_16:19:00.716 [main] DEBUG org.apache.http.wire -  << "Content-Security-Policy: default-src 'none'[\r][\n]"
2022-01-27_16:19:00.717 [main] DEBUG org.apache.http.wire -  << "Feature-Policy: 'none'[\r][\n]"
2022-01-27_16:19:00.717 [main] DEBUG org.apache.http.wire -  << "Referrer-Policy: no-referrer[\r][\n]"
2022-01-27_16:19:00.717 [main] DEBUG org.apache.http.wire -  << "Strict-Transport-Security: max-age=31536000 ; includeSubDomains[\r][\n]"
2022-01-27_16:19:00.718 [main] DEBUG org.apache.http.wire -  << "Date: Thu, 27 Jan 2022 10:49:00 GMT[\r][\n]"
2022-01-27_16:19:00.718 [main] DEBUG org.apache.http.wire -  << "Keep-Alive: timeout=60[\r][\n]"
2022-01-27_16:19:00.718 [main] DEBUG org.apache.http.wire -  << "Content-Type: application/json[\r][\n]"
2022-01-27_16:19:00.718 [main] DEBUG org.apache.http.wire -  << "Transfer-Encoding: chunked[\r][\n]"
2022-01-27_16:19:00.719 [main] DEBUG org.apache.http.wire -  << "Connection: keep-alive[\r][\n]"
2022-01-27_16:19:00.719 [main] DEBUG org.apache.http.wire -  << "[\r][\n]"
2022-01-27_16:19:00.721 [main] DEBUG o.a.h.i.conn.DefaultClientConnection - Receiving response: HTTP/1.1 200 
2022-01-27_16:19:00.721 [main] DEBUG org.apache.http.headers - << HTTP/1.1 200 
2022-01-27_16:19:00.721 [main] DEBUG org.apache.http.headers - << Access-Control-Allow-Methods: GET, POST
2022-01-27_16:19:00.721 [main] DEBUG org.apache.http.headers - << Access-Control-Allow-Origin: *
2022-01-27_16:19:00.721 [main] DEBUG org.apache.http.headers - << Content-Security-Policy: default-src 'none'
2022-01-27_16:19:00.721 [main] DEBUG org.apache.http.headers - << Feature-Policy: 'none'
2022-01-27_16:19:00.721 [main] DEBUG org.apache.http.headers - << Referrer-Policy: no-referrer
2022-01-27_16:19:00.721 [main] DEBUG org.apache.http.headers - << Strict-Transport-Security: max-age=31536000 ; includeSubDomains
2022-01-27_16:19:00.721 [main] DEBUG org.apache.http.headers - << Date: Thu, 27 Jan 2022 10:49:00 GMT
2022-01-27_16:19:00.721 [main] DEBUG org.apache.http.headers - << Keep-Alive: timeout=60
2022-01-27_16:19:00.721 [main] DEBUG org.apache.http.headers - << Content-Type: application/json
2022-01-27_16:19:00.721 [main] DEBUG org.apache.http.headers - << Transfer-Encoding: chunked
2022-01-27_16:19:00.722 [main] DEBUG org.apache.http.headers - << Connection: keep-alive
2022-01-27_16:19:00.735 [main] DEBUG o.a.h.impl.client.DefaultHttpClient - Connection can be kept alive for 60000 MILLISECONDS
2022-01-27_16:19:00.779 [main] DEBUG i.r.i.RequestSpecificationImpl$RestAssuredHttpBuilder - Parsing response as: application/json
2022-01-27_16:19:00.780 [main] DEBUG i.r.i.RequestSpecificationImpl$RestAssuredHttpBuilder - Parsed data to instance of: class org.apache.http.conn.EofSensorInputStream
2022-01-27_16:19:00.811 [main] INFO  com.qc.BaseAPI - Method :GET
2022-01-27_16:19:00.814 [main] INFO  com.qc.BaseAPI - URI :https://apitest.pineperks.in/auth/V1/generate/token
2022-01-27_16:19:00.815 [main] INFO  com.qc.BaseAPI - Headers :userName=A0aCcnPzDANtKmvSLPKcaw==
Accept=*/*
Content-Type=application/json; charset=UTF-8
2022-01-27_16:19:00.816 [main] INFO  com.qc.BaseAPI - Body :null
2022-01-27_16:19:00.816 [main] INFO  com.qc.BaseAPI - ********************RESPONSE********************
2022-01-27_16:19:00.837 [main] DEBUG org.apache.http.wire -  << "7f[\r][\n]"
2022-01-27_16:19:00.838 [main] DEBUG org.apache.http.wire -  << "{"accessToken":"03b0104a71ff4569beb6e2119df754f0","tokenExpiryTime":"27-Jan-2024","responseCode":0,"responseMessage":"Success"}"
2022-01-27_16:19:00.839 [main] DEBUG org.apache.http.wire -  << "[\r][\n]"
2022-01-27_16:19:00.840 [main] DEBUG org.apache.http.wire -  << "0[\r][\n]"
2022-01-27_16:19:00.840 [main] DEBUG org.apache.http.wire -  << "[\r][\n]"
2022-01-27_16:19:00.841 [main] DEBUG o.a.h.i.c.BasicClientConnectionManager - Releasing connection org.apache.http.impl.conn.ManagedClientConnectionImpl@679b617f
2022-01-27_16:19:00.841 [main] DEBUG o.a.h.i.c.BasicClientConnectionManager - Connection can be kept alive for 60000 MILLISECONDS
2022-01-27_16:19:00.898 [main] INFO  com.qc.BaseAPI - Response :{
    "accessToken": "03b0104a71ff4569beb6e2119df754f0",
    "tokenExpiryTime": "27-Jan-2024",
    "responseCode": 0,
    "responseMessage": "Success"
}
2022-01-27_16:19:00.903 [main] INFO  com.qc.BaseAPI -  **** GET call Response time 3666 ms
2022-01-27_16:19:00.903 [main] INFO  pl.rest.service.Authorize - Time Taken to perform https://apitest.pineperks.in/auth/V1/generate/token transaction: 3666
2022-01-27_16:19:01.077 [main] INFO  com.qc.qa.utils.TestDataReader - Reading Json data authorizeHeaders
2022-01-27_16:19:01.081 [main] INFO  com.qc.qa.utils.TestDataReader - Reading json data from file @ testData/api/devAPIData.json
2022-01-27_16:19:01.114 [main] INFO  pl.rest.service.CardIssue - CardIssue Rest API URL :- https://apitest.pineperks.in/card/order/V1/instant/issue/nonreloadable/digital
2022-01-27_16:19:01.114 [main] INFO  com.qc.BaseAPI - POST call to URL https://apitest.pineperks.in/card/order/V1/instant/issue/nonreloadable/digital
2022-01-27_16:19:01.125 [main] INFO  com.qc.BaseAPI - ********************REQUEST********************
2022-01-27_16:19:01.169 [main] DEBUG o.a.h.i.c.BasicClientConnectionManager - Get connection for route {s}->https://apitest.pineperks.in:443
2022-01-27_16:19:01.169 [main] DEBUG o.a.h.i.c.DefaultClientConnectionOperator - Connecting to apitest.pineperks.in:443
2022-01-27_16:19:01.280 [main] DEBUG o.a.h.c.protocol.RequestAddCookies - CookieSpec selected: ignoreCookies
2022-01-27_16:19:01.280 [main] DEBUG o.a.h.c.protocol.RequestAuthCache - Auth cache not set in the context
2022-01-27_16:19:01.280 [main] DEBUG o.a.h.c.p.RequestTargetAuthentication - Target auth state: UNCHALLENGED
2022-01-27_16:19:01.280 [main] DEBUG o.a.h.c.p.RequestProxyAuthentication - Proxy auth state: UNCHALLENGED
2022-01-27_16:19:01.281 [main] DEBUG o.a.h.impl.client.DefaultHttpClient - Attempt 1 to execute request
2022-01-27_16:19:01.281 [main] DEBUG o.a.h.i.conn.DefaultClientConnection - Sending request: POST /card/order/V1/instant/issue/nonreloadable/digital HTTP/1.1
2022-01-27_16:19:01.281 [main] DEBUG org.apache.http.wire -  >> "POST /card/order/V1/instant/issue/nonreloadable/digital HTTP/1.1[\r][\n]"
2022-01-27_16:19:01.281 [main] DEBUG org.apache.http.wire -  >> "Accept: */*[\r][\n]"
2022-01-27_16:19:01.281 [main] DEBUG org.apache.http.wire -  >> "userName: A0aCcnPzDANtKmvSLPKcaw==[\r][\n]"
2022-01-27_16:19:01.281 [main] DEBUG org.apache.http.wire -  >> "token: 03b0104a71ff4569beb6e2119df754f0[\r][\n]"
2022-01-27_16:19:01.281 [main] DEBUG org.apache.http.wire -  >> "Content-Type: application/json; charset=UTF-8[\r][\n]"
2022-01-27_16:19:01.282 [main] DEBUG org.apache.http.wire -  >> "Content-Length: 241[\r][\n]"
2022-01-27_16:19:01.282 [main] DEBUG org.apache.http.wire -  >> "Host: apitest.pineperks.in[\r][\n]"
2022-01-27_16:19:01.282 [main] DEBUG org.apache.http.wire -  >> "Connection: Keep-Alive[\r][\n]"
2022-01-27_16:19:01.282 [main] DEBUG org.apache.http.wire -  >> "User-Agent: Apache-HttpClient/4.5.2 (Java/1.8.0_202)[\r][\n]"
2022-01-27_16:19:01.283 [main] DEBUG org.apache.http.wire -  >> "Accept-Encoding: gzip,deflate[\r][\n]"
2022-01-27_16:19:01.283 [main] DEBUG org.apache.http.wire -  >> "[\r][\n]"
2022-01-27_16:19:01.283 [main] DEBUG org.apache.http.headers - >> POST /card/order/V1/instant/issue/nonreloadable/digital HTTP/1.1
2022-01-27_16:19:01.283 [main] DEBUG org.apache.http.headers - >> Accept: */*
2022-01-27_16:19:01.283 [main] DEBUG org.apache.http.headers - >> userName: A0aCcnPzDANtKmvSLPKcaw==
2022-01-27_16:19:01.283 [main] DEBUG org.apache.http.headers - >> token: 03b0104a71ff4569beb6e2119df754f0
2022-01-27_16:19:01.283 [main] DEBUG org.apache.http.headers - >> Content-Type: application/json; charset=UTF-8
2022-01-27_16:19:01.283 [main] DEBUG org.apache.http.headers - >> Content-Length: 241
2022-01-27_16:19:01.283 [main] DEBUG org.apache.http.headers - >> Host: apitest.pineperks.in
2022-01-27_16:19:01.283 [main] DEBUG org.apache.http.headers - >> Connection: Keep-Alive
2022-01-27_16:19:01.283 [main] DEBUG org.apache.http.headers - >> User-Agent: Apache-HttpClient/4.5.2 (Java/1.8.0_202)
2022-01-27_16:19:01.283 [main] DEBUG org.apache.http.headers - >> Accept-Encoding: gzip,deflate
2022-01-27_16:19:01.284 [main] DEBUG org.apache.http.wire -  >> "{"isLinkToBeSentOnMobile":true,"checksum":"5x3GNrnStyS2PkMvV6EeAw==","cardDetailList":[{"amount":"1000","mobileNumber":"8284854535","customerName":"afzal","email":"afzal.ahmed@pinelabs.com"}],"externalRequestId":"7KFHPcp","cardSchemeId":"7"}"
2022-01-27_16:19:01.701 [main] DEBUG org.apache.http.wire -  << "HTTP/1.1 200 [\r][\n]"
2022-01-27_16:19:01.702 [main] DEBUG org.apache.http.wire -  << "Access-Control-Allow-Methods: GET, POST[\r][\n]"
2022-01-27_16:19:01.702 [main] DEBUG org.apache.http.wire -  << "Access-Control-Allow-Origin: *[\r][\n]"
2022-01-27_16:19:01.703 [main] DEBUG org.apache.http.wire -  << "Content-Security-Policy: default-src 'none'[\r][\n]"
2022-01-27_16:19:01.703 [main] DEBUG org.apache.http.wire -  << "Feature-Policy: 'none'[\r][\n]"
2022-01-27_16:19:01.703 [main] DEBUG org.apache.http.wire -  << "Referrer-Policy: no-referrer[\r][\n]"
2022-01-27_16:19:01.703 [main] DEBUG org.apache.http.wire -  << "Strict-Transport-Security: max-age=31536000 ; includeSubDomains[\r][\n]"
2022-01-27_16:19:01.704 [main] DEBUG org.apache.http.wire -  << "Date: Thu, 27 Jan 2022 10:49:00 GMT[\r][\n]"
2022-01-27_16:19:01.704 [main] DEBUG org.apache.http.wire -  << "Keep-Alive: timeout=60[\r][\n]"
2022-01-27_16:19:01.704 [main] DEBUG org.apache.http.wire -  << "Content-Type: application/json[\r][\n]"
2022-01-27_16:19:01.705 [main] DEBUG org.apache.http.wire -  << "Transfer-Encoding: chunked[\r][\n]"
2022-01-27_16:19:01.705 [main] DEBUG org.apache.http.wire -  << "Connection: keep-alive[\r][\n]"
2022-01-27_16:19:01.705 [main] DEBUG org.apache.http.wire -  << "[\r][\n]"
2022-01-27_16:19:01.705 [main] DEBUG o.a.h.i.conn.DefaultClientConnection - Receiving response: HTTP/1.1 200 
2022-01-27_16:19:01.705 [main] DEBUG org.apache.http.headers - << HTTP/1.1 200 
2022-01-27_16:19:01.706 [main] DEBUG org.apache.http.headers - << Access-Control-Allow-Methods: GET, POST
2022-01-27_16:19:01.707 [main] DEBUG org.apache.http.headers - << Access-Control-Allow-Origin: *
2022-01-27_16:19:01.707 [main] DEBUG org.apache.http.headers - << Content-Security-Policy: default-src 'none'
2022-01-27_16:19:01.707 [main] DEBUG org.apache.http.headers - << Feature-Policy: 'none'
2022-01-27_16:19:01.707 [main] DEBUG org.apache.http.headers - << Referrer-Policy: no-referrer
2022-01-27_16:19:01.707 [main] DEBUG org.apache.http.headers - << Strict-Transport-Security: max-age=31536000 ; includeSubDomains
2022-01-27_16:19:01.707 [main] DEBUG org.apache.http.headers - << Date: Thu, 27 Jan 2022 10:49:00 GMT
2022-01-27_16:19:01.707 [main] DEBUG org.apache.http.headers - << Keep-Alive: timeout=60
2022-01-27_16:19:01.707 [main] DEBUG org.apache.http.headers - << Content-Type: application/json
2022-01-27_16:19:01.708 [main] DEBUG org.apache.http.headers - << Transfer-Encoding: chunked
2022-01-27_16:19:01.708 [main] DEBUG org.apache.http.headers - << Connection: keep-alive
2022-01-27_16:19:01.708 [main] DEBUG o.a.h.impl.client.DefaultHttpClient - Connection can be kept alive for 60000 MILLISECONDS
2022-01-27_16:19:01.709 [main] DEBUG i.r.i.RequestSpecificationImpl$RestAssuredHttpBuilder - Parsing response as: application/json
2022-01-27_16:19:01.709 [main] DEBUG i.r.i.RequestSpecificationImpl$RestAssuredHttpBuilder - Parsed data to instance of: class org.apache.http.conn.EofSensorInputStream
2022-01-27_16:19:01.712 [main] INFO  com.qc.BaseAPI - Method :POST
2022-01-27_16:19:01.719 [main] INFO  com.qc.BaseAPI - URI :https://apitest.pineperks.in/card/order/V1/instant/issue/nonreloadable/digital
2022-01-27_16:19:01.719 [main] INFO  com.qc.BaseAPI - Headers :token=03b0104a71ff4569beb6e2119df754f0
userName=A0aCcnPzDANtKmvSLPKcaw==
Accept=*/*
Content-Type=application/json; charset=UTF-8
2022-01-27_16:19:01.719 [main] INFO  com.qc.BaseAPI - Body :{"isLinkToBeSentOnMobile":true,"checksum":"5x3GNrnStyS2PkMvV6EeAw==","cardDetailList":[{"amount":"1000","mobileNumber":"8284854535","customerName":"afzal","email":"afzal.ahmed@pinelabs.com"}],"externalRequestId":"7KFHPcp","cardSchemeId":"7"}
2022-01-27_16:19:01.720 [main] INFO  com.qc.BaseAPI - ********************RESPONSE********************
2022-01-27_16:19:01.720 [main] DEBUG org.apache.http.wire -  << "1f2[\r][\n]"
2022-01-27_16:19:01.721 [main] DEBUG org.apache.http.wire -  << "{"externalRequestId":"7KFHPcp","orderId":103020,"orderStatus":6,"cardDetailResponseList":[{"referenceNumber":1171621681,"serialNumber":10302000010001,"customerName":"afzal","mobileNumber":8284854535,"email":"afzal.ahmed@pinelabs.com","amount":1000,"cardLink":"test.pineperks.in/eCard?c=ZTEssCtgF74EItKrFlP4Pg2","responseCode":0,"responseMessage":"Success"}],"successCount":1,"failedCount":0,"orderAmount":1000,"issuanceCharge":100,"netOrderAmount":1100,"responseCode":0,"responseMessage":"Success"}"
2022-01-27_16:19:01.721 [main] DEBUG org.apache.http.wire -  << "[\r][\n]"
2022-01-27_16:19:01.721 [main] DEBUG org.apache.http.wire -  << "0[\r][\n]"
2022-01-27_16:19:01.722 [main] DEBUG org.apache.http.wire -  << "[\r][\n]"
2022-01-27_16:19:01.722 [main] DEBUG o.a.h.i.c.BasicClientConnectionManager - Releasing connection org.apache.http.impl.conn.ManagedClientConnectionImpl@363476ca
2022-01-27_16:19:01.722 [main] DEBUG o.a.h.i.c.BasicClientConnectionManager - Connection can be kept alive for 60000 MILLISECONDS
2022-01-27_16:19:01.725 [main] INFO  com.qc.BaseAPI - Response :{
    "externalRequestId": "7KFHPcp",
    "orderId": 103020,
    "orderStatus": 6,
    "cardDetailResponseList": [
        {
            "referenceNumber": 1171621681,
            "serialNumber": 10302000010001,
            "customerName": "afzal",
            "mobileNumber": 8284854535,
            "email": "afzal.ahmed@pinelabs.com",
            "amount": 1000,
            "cardLink": "test.pineperks.in/eCard?c=ZTEssCtgF74EItKrFlP4Pg2",
            "responseCode": 0,
            "responseMessage": "Success"
        }
    ],
    "successCount": 1,
    "failedCount": 0,
    "orderAmount": 1000,
    "issuanceCharge": 100,
    "netOrderAmount": 1100,
    "responseCode": 0,
    "responseMessage": "Success"
}
2022-01-27_16:19:01.726 [main] INFO  com.qc.BaseAPI -  **** POST call Response time 583 ms
2022-01-27_16:19:01.727 [main] INFO  pl.rest.service.CardIssue - Time Taken to perform https://apitest.pineperks.in/card/order/V1/instant/issue/nonreloadable/digital transaction: 583
2022-01-27_16:19:41.873 [main] INFO  pl.rest.utils.DBUtils - Query being executed Select * from ExternalRequestDetail where ordersummaryid=103020;
2022-01-27_16:19:41.946 [main] ERROR com.qc.qa.utils.LoadProperties - Missing MySQLDBEnvironment property value in system property or in config.properties files.Please add it if incase required
2022-01-27_16:19:41.948 [main] INFO  com.qc.qa.dbutils.DBPoolProvider - Con pool Total - 400, idle - 0,  Num active - 0
2022-01-27_16:19:41.948 [main] INFO  com.qc.qa.dbutils.DBPoolProvider - Retrieved connection
2022-01-27_16:20:12.107 [main] INFO  pl.rest.utils.DBUtils - Query being executed Select * from ordersummary where ordersummaryid=103020;
2022-01-27_16:20:12.108 [main] INFO  com.qc.qa.dbutils.DBPoolProvider - Con pool Total - 400, idle - 1,  Num active - 0
2022-01-27_16:20:12.108 [main] INFO  com.qc.qa.dbutils.DBPoolProvider - Retrieved connection
2022-01-27_16:20:12.223 [main] INFO  pl.rest.utils.DBUtils - Query being executed Select * from giftcardtransaction where ordersummaryid=103020;
2022-01-27_16:20:12.224 [main] INFO  com.qc.qa.dbutils.DBPoolProvider - Con pool Total - 400, idle - 1,  Num active - 0
2022-01-27_16:20:12.224 [main] INFO  com.qc.qa.dbutils.DBPoolProvider - Retrieved connection
2022-01-27_16:20:12.320 [main] INFO  pl.rest.utils.DBUtils - Query being executed Select * from corporateaccounthistory where ordersummaryid=103020;
2022-01-27_16:20:12.320 [main] INFO  com.qc.qa.dbutils.DBPoolProvider - Con pool Total - 400, idle - 1,  Num active - 0
2022-01-27_16:20:12.320 [main] INFO  com.qc.qa.dbutils.DBPoolProvider - Retrieved connection
