2022-01-25_18:42:57.720 [main] INFO  com.qc.CukeBase - Cucumber Before web scenario - Validating the expiry date field when updating the expiry duration as 7 days.
2022-01-25_18:42:57.752 [main] INFO  i.g.bonigarcia.wdm.WebDriverManager - Please answer the following questionnaire based on your experience with WebDriverManager. Thanks a lot!
2022-01-25_18:42:57.752 [main] INFO  i.g.bonigarcia.wdm.WebDriverManager - ====> http://tiny.cc/wdm-survey <====
2022-01-25_18:42:59.439 [main] INFO  i.g.bonigarcia.wdm.WebDriverManager - Using chromedriver 97.0.4692.71 (since Chrome 97 is installed in your machine)
2022-01-25_18:42:59.466 [main] DEBUG i.g.bonigarcia.wdm.WebDriverManager - Driver chromedriver 97.0.4692.71 found in cache
2022-01-25_18:42:59.466 [main] INFO  i.g.bonigarcia.wdm.WebDriverManager - Exporting webdriver.chrome.driver as C:\Users\afzal.ahmed\.m2\repository\webdriver\chromedriver\win32\97.0.4692.71\chromedriver.exe
2022-01-25_18:43:00.627 [main] INFO  com.qc.qa.drivers.ChromeDriverManger - Chrome service started
2022-01-25_18:43:04.179 [main] INFO  com.qc.CukeBase - Set new webDriver
2022-01-25_18:43:04.180 [main] INFO  com.qc.CukeBase - Getting webDriver
2022-01-25_18:43:04.580 [main] INFO  com.qc.CukeBase - Getting webDriver
2022-01-25_18:43:04.585 [main] INFO  pl.rest.CustomHooks - SCENARIO NAME: Validating the expiry date field when updating the expiry duration as 7 days.
2022-01-25_18:43:04.585 [main] INFO  pl.rest.CustomHooks - TAG NAMEs: [@Web_UI_01, @Regression, @Web]
2022-01-25_18:43:04.586 [main] INFO  pl.rest.CustomHooks - SCENARIO NAME: Validating the expiry date field when updating the expiry duration as 7 days.
2022-01-25_18:43:04.587 [main] INFO  pl.rest.CustomHooks - TAG NAMEs: [@Web_UI_01, @Regression, @Web]
2022-01-25_18:43:04.588 [main] INFO  pl.rest.CustomHooks - Index: 0, Size: 0
2022-01-25_18:43:04.646 [main] ERROR com.qc.qa.utils.LoadProperties - Missing MySQLDBEnvironment property value in system property or in config.properties files.Please add it if incase required
2022-01-25_18:43:04.648 [main] INFO  com.qc.qa.dbutils.DBPoolProvider - Con pool Total - 400, idle - 0,  Num active - 0
2022-01-25_18:43:04.649 [main] INFO  com.qc.qa.dbutils.DBPoolProvider - Retrieved connection
2022-01-25_18:43:05.634 [main] INFO  c.qc.qa.dbutils.DBConnectionManager - DB Connected Successfully.
2022-01-25_18:43:05.636 [main] INFO  c.qc.qa.dbutils.DBConnectionManager - Executing Query:::update IssuerSystemVariable set value='{  "expiryDurationType" : 1,   "expiryDurationValue" : 9  }' where name='API_TOKEN_EXPIRY_TIME';
2022-01-25_18:43:05.693 [main] INFO  pl.rest.utils.DBUtils - query being executed update IssuerSystemVariable set value='{  "expiryDurationType" : 1,   "expiryDurationValue" : 9  }' where name='API_TOKEN_EXPIRY_TIME';
2022-01-25_18:43:05.693 [main] INFO  pl.rest.utils.DBUtils - number of rows affected 1
2022-01-25_18:43:07.710 [main] INFO  com.qc.qa.ui.BasePage - Navigating to  URL: https://admintest.pineperks.in/
2022-01-25_18:43:07.711 [main] INFO  com.qc.qa.ui.BasePage - Waiting for page to be ready 
2022-01-25_18:43:07.755 [main] INFO  gui.pages.UIActionPages - PinePerks|Login
2022-01-25_18:43:07.799 [main] INFO  com.qc.qa.ui.BasePage - Entering the text -afzal.ahmed@pinelabs.com
2022-01-25_18:43:07.801 [main] INFO  com.qc.qa.ui.BasePage - Waiting for element to clickable 
2022-01-25_18:43:08.032 [main] INFO  com.qc.qa.ui.BasePage - Entering the text -Dashboard@DG1809
2022-01-25_18:43:08.034 [main] INFO  com.qc.qa.ui.BasePage - Waiting for element to clickable 
2022-01-25_18:43:08.193 [main] INFO  com.qc.qa.ui.BasePage - Clicking the element in page
2022-01-25_18:43:08.195 [main] INFO  com.qc.qa.ui.BasePage - Waiting for element to clickable 
2022-01-25_18:43:11.023 [main] INFO  com.qc.qa.ui.BasePage - Waiting for page to be ready 
2022-01-25_18:43:11.041 [main] INFO  com.qc.qa.ui.BasePage - ClickingBy.xpath: //a[@href='/admin/clearCacheData']
2022-01-25_18:43:11.072 [main] INFO  com.qc.qa.ui.BasePage - Waiting for element to clickable 
2022-01-25_18:43:11.962 [main] INFO  com.qc.qa.ui.BasePage - Waiting for page to be ready 
2022-01-25_18:43:12.165 [main] INFO  com.qc.qa.ui.BasePage - ClickingBy.id: pageSubmission
2022-01-25_18:43:12.227 [main] INFO  com.qc.qa.ui.BasePage - Waiting for element to clickable 
2022-01-25_18:43:12.365 [main] INFO  com.qc.qa.ui.BasePage - Waiting for element to be invisible
2022-01-25_18:43:25.958 [main] INFO  com.qc.qa.utils.TestDataReader - Reading API Test Data config values from  testData/api/devAPITestData.properties
2022-01-25_18:43:25.963 [main] INFO  pl.rest.service.Authorize - Authorize Rest API URL :- https://apitest.pineperks.in/auth/V1/generate/token
2022-01-25_18:43:25.964 [main] INFO  com.qc.BaseAPI - GET call to URL https://apitest.pineperks.in/auth/V1/generate/token
2022-01-25_18:43:26.237 [main] INFO  com.qc.BaseAPI - ********************REQUEST********************
2022-01-25_18:43:26.758 [main] DEBUG o.a.h.i.c.BasicClientConnectionManager - Get connection for route {s}->https://apitest.pineperks.in:443
2022-01-25_18:43:26.770 [main] DEBUG o.a.h.i.c.DefaultClientConnectionOperator - Connecting to apitest.pineperks.in:443
2022-01-25_18:43:26.916 [main] DEBUG o.a.h.c.protocol.RequestAddCookies - CookieSpec selected: ignoreCookies
2022-01-25_18:43:26.919 [main] DEBUG o.a.h.c.protocol.RequestAuthCache - Auth cache not set in the context
2022-01-25_18:43:26.920 [main] DEBUG o.a.h.c.p.RequestTargetAuthentication - Target auth state: UNCHALLENGED
2022-01-25_18:43:26.922 [main] DEBUG o.a.h.c.p.RequestProxyAuthentication - Proxy auth state: UNCHALLENGED
2022-01-25_18:43:26.923 [main] DEBUG o.a.h.impl.client.DefaultHttpClient - Attempt 1 to execute request
2022-01-25_18:43:26.924 [main] DEBUG o.a.h.i.conn.DefaultClientConnection - Sending request: GET /auth/V1/generate/token HTTP/1.1
2022-01-25_18:43:26.925 [main] DEBUG org.apache.http.wire -  >> "GET /auth/V1/generate/token HTTP/1.1[\r][\n]"
2022-01-25_18:43:26.926 [main] DEBUG org.apache.http.wire -  >> "Content-Type: application/json; charset=UTF-8[\r][\n]"
2022-01-25_18:43:26.927 [main] DEBUG org.apache.http.wire -  >> "Accept: */*[\r][\n]"
2022-01-25_18:43:26.928 [main] DEBUG org.apache.http.wire -  >> "userName: A0aCcnPzDANtKmvSLPKcaw==[\r][\n]"
2022-01-25_18:43:26.928 [main] DEBUG org.apache.http.wire -  >> "Host: apitest.pineperks.in[\r][\n]"
2022-01-25_18:43:26.928 [main] DEBUG org.apache.http.wire -  >> "Connection: Keep-Alive[\r][\n]"
2022-01-25_18:43:26.929 [main] DEBUG org.apache.http.wire -  >> "User-Agent: Apache-HttpClient/4.5.2 (Java/1.8.0_202)[\r][\n]"
2022-01-25_18:43:26.929 [main] DEBUG org.apache.http.wire -  >> "Accept-Encoding: gzip,deflate[\r][\n]"
2022-01-25_18:43:26.929 [main] DEBUG org.apache.http.wire -  >> "[\r][\n]"
2022-01-25_18:43:26.930 [main] DEBUG org.apache.http.headers - >> GET /auth/V1/generate/token HTTP/1.1
2022-01-25_18:43:26.930 [main] DEBUG org.apache.http.headers - >> Content-Type: application/json; charset=UTF-8
2022-01-25_18:43:26.930 [main] DEBUG org.apache.http.headers - >> Accept: */*
2022-01-25_18:43:26.930 [main] DEBUG org.apache.http.headers - >> userName: A0aCcnPzDANtKmvSLPKcaw==
2022-01-25_18:43:26.930 [main] DEBUG org.apache.http.headers - >> Host: apitest.pineperks.in
2022-01-25_18:43:26.931 [main] DEBUG org.apache.http.headers - >> Connection: Keep-Alive
2022-01-25_18:43:26.931 [main] DEBUG org.apache.http.headers - >> User-Agent: Apache-HttpClient/4.5.2 (Java/1.8.0_202)
2022-01-25_18:43:26.931 [main] DEBUG org.apache.http.headers - >> Accept-Encoding: gzip,deflate
2022-01-25_18:43:26.967 [main] DEBUG org.apache.http.wire -  << "HTTP/1.1 200 [\r][\n]"
2022-01-25_18:43:26.972 [main] DEBUG org.apache.http.wire -  << "Access-Control-Allow-Methods: GET, POST[\r][\n]"
2022-01-25_18:43:26.972 [main] DEBUG org.apache.http.wire -  << "Access-Control-Allow-Origin: *[\r][\n]"
2022-01-25_18:43:26.973 [main] DEBUG org.apache.http.wire -  << "Content-Security-Policy: default-src 'none'[\r][\n]"
2022-01-25_18:43:26.973 [main] DEBUG org.apache.http.wire -  << "Feature-Policy: 'none'[\r][\n]"
2022-01-25_18:43:26.973 [main] DEBUG org.apache.http.wire -  << "Referrer-Policy: no-referrer[\r][\n]"
2022-01-25_18:43:26.973 [main] DEBUG org.apache.http.wire -  << "Strict-Transport-Security: max-age=31536000 ; includeSubDomains[\r][\n]"
2022-01-25_18:43:26.973 [main] DEBUG org.apache.http.wire -  << "Date: Tue, 25 Jan 2022 13:13:26 GMT[\r][\n]"
2022-01-25_18:43:26.975 [main] DEBUG org.apache.http.wire -  << "Keep-Alive: timeout=60[\r][\n]"
2022-01-25_18:43:26.975 [main] DEBUG org.apache.http.wire -  << "Content-Type: application/json[\r][\n]"
2022-01-25_18:43:26.975 [main] DEBUG org.apache.http.wire -  << "Transfer-Encoding: chunked[\r][\n]"
2022-01-25_18:43:26.975 [main] DEBUG org.apache.http.wire -  << "Connection: keep-alive[\r][\n]"
2022-01-25_18:43:26.975 [main] DEBUG org.apache.http.wire -  << "[\r][\n]"
2022-01-25_18:43:26.977 [main] DEBUG o.a.h.i.conn.DefaultClientConnection - Receiving response: HTTP/1.1 200 
2022-01-25_18:43:26.977 [main] DEBUG org.apache.http.headers - << HTTP/1.1 200 
2022-01-25_18:43:26.978 [main] DEBUG org.apache.http.headers - << Access-Control-Allow-Methods: GET, POST
2022-01-25_18:43:26.978 [main] DEBUG org.apache.http.headers - << Access-Control-Allow-Origin: *
2022-01-25_18:43:26.978 [main] DEBUG org.apache.http.headers - << Content-Security-Policy: default-src 'none'
2022-01-25_18:43:26.978 [main] DEBUG org.apache.http.headers - << Feature-Policy: 'none'
2022-01-25_18:43:26.978 [main] DEBUG org.apache.http.headers - << Referrer-Policy: no-referrer
2022-01-25_18:43:26.978 [main] DEBUG org.apache.http.headers - << Strict-Transport-Security: max-age=31536000 ; includeSubDomains
2022-01-25_18:43:26.978 [main] DEBUG org.apache.http.headers - << Date: Tue, 25 Jan 2022 13:13:26 GMT
2022-01-25_18:43:26.978 [main] DEBUG org.apache.http.headers - << Keep-Alive: timeout=60
2022-01-25_18:43:26.979 [main] DEBUG org.apache.http.headers - << Content-Type: application/json
2022-01-25_18:43:26.979 [main] DEBUG org.apache.http.headers - << Transfer-Encoding: chunked
2022-01-25_18:43:26.979 [main] DEBUG org.apache.http.headers - << Connection: keep-alive
2022-01-25_18:43:26.995 [main] DEBUG o.a.h.impl.client.DefaultHttpClient - Connection can be kept alive for 60000 MILLISECONDS
2022-01-25_18:43:27.032 [main] DEBUG i.r.i.RequestSpecificationImpl$RestAssuredHttpBuilder - Parsing response as: application/json
2022-01-25_18:43:27.032 [main] DEBUG i.r.i.RequestSpecificationImpl$RestAssuredHttpBuilder - Parsed data to instance of: class org.apache.http.conn.EofSensorInputStream
2022-01-25_18:43:27.053 [main] INFO  com.qc.BaseAPI - Method :GET
2022-01-25_18:43:27.055 [main] INFO  com.qc.BaseAPI - URI :https://apitest.pineperks.in/auth/V1/generate/token
2022-01-25_18:43:27.055 [main] INFO  com.qc.BaseAPI - Headers :userName=A0aCcnPzDANtKmvSLPKcaw==
Accept=*/*
Content-Type=application/json; charset=UTF-8
2022-01-25_18:43:27.055 [main] INFO  com.qc.BaseAPI - Body :null
2022-01-25_18:43:27.055 [main] INFO  com.qc.BaseAPI - ********************RESPONSE********************
2022-01-25_18:43:27.066 [main] DEBUG org.apache.http.wire -  << "7f[\r][\n]"
2022-01-25_18:43:27.066 [main] DEBUG org.apache.http.wire -  << "{"accessToken":"98c322ce3e904b5b8309b14ed8c9ef74","tokenExpiryTime":"03-Feb-2022","responseCode":0,"responseMessage":"Success"}"
2022-01-25_18:43:27.068 [main] DEBUG org.apache.http.wire -  << "[\r][\n]"
2022-01-25_18:43:27.069 [main] DEBUG org.apache.http.wire -  << "0[\r][\n]"
2022-01-25_18:43:27.069 [main] DEBUG org.apache.http.wire -  << "[\r][\n]"
2022-01-25_18:43:27.069 [main] DEBUG o.a.h.i.c.BasicClientConnectionManager - Releasing connection org.apache.http.impl.conn.ManagedClientConnectionImpl@67ad47dd
2022-01-25_18:43:27.069 [main] DEBUG o.a.h.i.c.BasicClientConnectionManager - Connection can be kept alive for 60000 MILLISECONDS
2022-01-25_18:43:27.114 [main] INFO  com.qc.BaseAPI - Response :{
    "accessToken": "98c322ce3e904b5b8309b14ed8c9ef74",
    "tokenExpiryTime": "03-Feb-2022",
    "responseCode": 0,
    "responseMessage": "Success"
}
2022-01-25_18:43:27.118 [main] INFO  com.qc.BaseAPI -  **** GET call Response time 800 ms
2022-01-25_18:43:27.118 [main] INFO  pl.rest.service.Authorize - Time Taken to perform https://apitest.pineperks.in/auth/V1/generate/token transaction: 800
2022-01-25_18:43:27.218 [main] INFO  p.rest.stepDefs.TransactionsStepDefs - Expected date 03-Feb-2022
2022-01-25_18:43:27.218 [main] INFO  p.rest.stepDefs.TransactionsStepDefs - actual Date 03-Feb-2022
2022-01-25_18:43:27.282 [main] DEBUG com.qc.qa.ui.BasePage - No Alert displayed
2022-01-25_18:43:27.433 [main] INFO  com.qc.CukeBase - Closing driver
