2022-02-03_21:09:03.155 [main] INFO  pl.rest.CustomHooks - SCENARIO NAME: Validating the response of the card card detail API with the database
2022-02-03_21:09:03.158 [main] INFO  pl.rest.CustomHooks - TAG NAMEs: [@Regression, @DB]
2022-02-03_21:09:03.162 [main] INFO  pl.rest.CustomHooks - SCENARIO NAME: Validating the response of the card card detail API with the database
2022-02-03_21:09:03.163 [main] INFO  pl.rest.CustomHooks - TAG NAMEs: [@Regression, @DB]
2022-02-03_21:09:03.228 [main] INFO  pl.rest.CustomHooks - Index: 0, Size: 0
2022-02-03_21:09:04.658 [main] INFO  com.qc.qa.utils.TestDataReader - Reading API Test Data config values from  testData/api/devAPITestData.properties
2022-02-03_21:09:04.670 [main] INFO  pl.rest.service.Authorize - Authorize Rest API URL :- https://apitest.pineperks.in/auth/V1/generate/token
2022-02-03_21:09:04.670 [main] INFO  com.qc.BaseAPI - GET call to URL https://apitest.pineperks.in/auth/V1/generate/token
2022-02-03_21:09:05.049 [main] INFO  com.qc.BaseAPI - ********************REQUEST********************
2022-02-03_21:09:07.773 [main] DEBUG o.a.h.i.c.BasicClientConnectionManager - Get connection for route {s}->https://apitest.pineperks.in:443
2022-02-03_21:09:07.901 [main] DEBUG o.a.h.i.c.DefaultClientConnectionOperator - Connecting to apitest.pineperks.in:443
2022-02-03_21:09:08.185 [main] DEBUG o.a.h.c.protocol.RequestAddCookies - CookieSpec selected: ignoreCookies
2022-02-03_21:09:08.189 [main] DEBUG o.a.h.c.protocol.RequestAuthCache - Auth cache not set in the context
2022-02-03_21:09:08.190 [main] DEBUG o.a.h.c.p.RequestTargetAuthentication - Target auth state: UNCHALLENGED
2022-02-03_21:09:08.191 [main] DEBUG o.a.h.c.p.RequestProxyAuthentication - Proxy auth state: UNCHALLENGED
2022-02-03_21:09:08.192 [main] DEBUG o.a.h.impl.client.DefaultHttpClient - Attempt 1 to execute request
2022-02-03_21:09:08.193 [main] DEBUG o.a.h.i.conn.DefaultClientConnection - Sending request: GET /auth/V1/generate/token HTTP/1.1
2022-02-03_21:09:08.194 [main] DEBUG org.apache.http.wire -  >> "GET /auth/V1/generate/token HTTP/1.1[\r][\n]"
2022-02-03_21:09:08.196 [main] DEBUG org.apache.http.wire -  >> "Content-Type: application/json; charset=UTF-8[\r][\n]"
2022-02-03_21:09:08.196 [main] DEBUG org.apache.http.wire -  >> "Accept: */*[\r][\n]"
2022-02-03_21:09:08.196 [main] DEBUG org.apache.http.wire -  >> "userName: A0aCcnPzDANtKmvSLPKcaw==[\r][\n]"
2022-02-03_21:09:08.196 [main] DEBUG org.apache.http.wire -  >> "Host: apitest.pineperks.in[\r][\n]"
2022-02-03_21:09:08.197 [main] DEBUG org.apache.http.wire -  >> "Connection: Keep-Alive[\r][\n]"
2022-02-03_21:09:08.197 [main] DEBUG org.apache.http.wire -  >> "User-Agent: Apache-HttpClient/4.5.2 (Java/1.8.0_202)[\r][\n]"
2022-02-03_21:09:08.198 [main] DEBUG org.apache.http.wire -  >> "Accept-Encoding: gzip,deflate[\r][\n]"
2022-02-03_21:09:08.198 [main] DEBUG org.apache.http.wire -  >> "[\r][\n]"
2022-02-03_21:09:08.198 [main] DEBUG org.apache.http.headers - >> GET /auth/V1/generate/token HTTP/1.1
2022-02-03_21:09:08.198 [main] DEBUG org.apache.http.headers - >> Content-Type: application/json; charset=UTF-8
2022-02-03_21:09:08.198 [main] DEBUG org.apache.http.headers - >> Accept: */*
2022-02-03_21:09:08.198 [main] DEBUG org.apache.http.headers - >> userName: A0aCcnPzDANtKmvSLPKcaw==
2022-02-03_21:09:08.198 [main] DEBUG org.apache.http.headers - >> Host: apitest.pineperks.in
2022-02-03_21:09:08.198 [main] DEBUG org.apache.http.headers - >> Connection: Keep-Alive
2022-02-03_21:09:08.199 [main] DEBUG org.apache.http.headers - >> User-Agent: Apache-HttpClient/4.5.2 (Java/1.8.0_202)
2022-02-03_21:09:08.199 [main] DEBUG org.apache.http.headers - >> Accept-Encoding: gzip,deflate
2022-02-03_21:09:08.257 [main] DEBUG org.apache.http.wire -  << "HTTP/1.1 200 [\r][\n]"
2022-02-03_21:09:08.260 [main] DEBUG org.apache.http.wire -  << "Access-Control-Allow-Methods: GET, POST[\r][\n]"
2022-02-03_21:09:08.261 [main] DEBUG org.apache.http.wire -  << "Access-Control-Allow-Origin: *[\r][\n]"
2022-02-03_21:09:08.261 [main] DEBUG org.apache.http.wire -  << "Content-Security-Policy: default-src 'none'[\r][\n]"
2022-02-03_21:09:08.262 [main] DEBUG org.apache.http.wire -  << "Feature-Policy: 'none'[\r][\n]"
2022-02-03_21:09:08.262 [main] DEBUG org.apache.http.wire -  << "Referrer-Policy: no-referrer[\r][\n]"
2022-02-03_21:09:08.262 [main] DEBUG org.apache.http.wire -  << "Strict-Transport-Security: max-age=31536000 ; includeSubDomains[\r][\n]"
2022-02-03_21:09:08.262 [main] DEBUG org.apache.http.wire -  << "Date: Thu, 03 Feb 2022 15:39:08 GMT[\r][\n]"
2022-02-03_21:09:08.262 [main] DEBUG org.apache.http.wire -  << "Keep-Alive: timeout=60[\r][\n]"
2022-02-03_21:09:08.263 [main] DEBUG org.apache.http.wire -  << "Content-Type: application/json[\r][\n]"
2022-02-03_21:09:08.263 [main] DEBUG org.apache.http.wire -  << "Transfer-Encoding: chunked[\r][\n]"
2022-02-03_21:09:08.263 [main] DEBUG org.apache.http.wire -  << "Connection: keep-alive[\r][\n]"
2022-02-03_21:09:08.263 [main] DEBUG org.apache.http.wire -  << "[\r][\n]"
2022-02-03_21:09:08.264 [main] DEBUG o.a.h.i.conn.DefaultClientConnection - Receiving response: HTTP/1.1 200 
2022-02-03_21:09:08.264 [main] DEBUG org.apache.http.headers - << HTTP/1.1 200 
2022-02-03_21:09:08.264 [main] DEBUG org.apache.http.headers - << Access-Control-Allow-Methods: GET, POST
2022-02-03_21:09:08.265 [main] DEBUG org.apache.http.headers - << Access-Control-Allow-Origin: *
2022-02-03_21:09:08.265 [main] DEBUG org.apache.http.headers - << Content-Security-Policy: default-src 'none'
2022-02-03_21:09:08.265 [main] DEBUG org.apache.http.headers - << Feature-Policy: 'none'
2022-02-03_21:09:08.265 [main] DEBUG org.apache.http.headers - << Referrer-Policy: no-referrer
2022-02-03_21:09:08.265 [main] DEBUG org.apache.http.headers - << Strict-Transport-Security: max-age=31536000 ; includeSubDomains
2022-02-03_21:09:08.265 [main] DEBUG org.apache.http.headers - << Date: Thu, 03 Feb 2022 15:39:08 GMT
2022-02-03_21:09:08.265 [main] DEBUG org.apache.http.headers - << Keep-Alive: timeout=60
2022-02-03_21:09:08.266 [main] DEBUG org.apache.http.headers - << Content-Type: application/json
2022-02-03_21:09:08.266 [main] DEBUG org.apache.http.headers - << Transfer-Encoding: chunked
2022-02-03_21:09:08.266 [main] DEBUG org.apache.http.headers - << Connection: keep-alive
2022-02-03_21:09:08.277 [main] DEBUG o.a.h.impl.client.DefaultHttpClient - Connection can be kept alive for 60000 MILLISECONDS
2022-02-03_21:09:08.312 [main] DEBUG i.r.i.RequestSpecificationImpl$RestAssuredHttpBuilder - Parsing response as: application/json
2022-02-03_21:09:08.313 [main] DEBUG i.r.i.RequestSpecificationImpl$RestAssuredHttpBuilder - Parsed data to instance of: class org.apache.http.conn.EofSensorInputStream
2022-02-03_21:09:08.342 [main] INFO  com.qc.BaseAPI - Method :GET
2022-02-03_21:09:08.344 [main] INFO  com.qc.BaseAPI - URI :https://apitest.pineperks.in/auth/V1/generate/token
2022-02-03_21:09:08.344 [main] INFO  com.qc.BaseAPI - Headers :userName=A0aCcnPzDANtKmvSLPKcaw==
Accept=*/*
Content-Type=application/json; charset=UTF-8
2022-02-03_21:09:08.345 [main] INFO  com.qc.BaseAPI - Body :null
2022-02-03_21:09:08.345 [main] INFO  com.qc.BaseAPI - ********************RESPONSE********************
2022-02-03_21:09:08.367 [main] DEBUG org.apache.http.wire -  << "7f[\r][\n]"
2022-02-03_21:09:08.367 [main] DEBUG org.apache.http.wire -  << "{"accessToken":"cde6fb803fb34da5aa740e2f60acabe6","tokenExpiryTime":"03-Feb-2024","responseCode":0,"responseMessage":"Success"}"
2022-02-03_21:09:08.369 [main] DEBUG org.apache.http.wire -  << "[\r][\n]"
2022-02-03_21:09:08.369 [main] DEBUG org.apache.http.wire -  << "0[\r][\n]"
2022-02-03_21:09:08.369 [main] DEBUG org.apache.http.wire -  << "[\r][\n]"
2022-02-03_21:09:08.370 [main] DEBUG o.a.h.i.c.BasicClientConnectionManager - Releasing connection org.apache.http.impl.conn.ManagedClientConnectionImpl@1461d54f
2022-02-03_21:09:08.370 [main] DEBUG o.a.h.i.c.BasicClientConnectionManager - Connection can be kept alive for 60000 MILLISECONDS
2022-02-03_21:09:08.434 [main] INFO  com.qc.BaseAPI - Response :{
    "accessToken": "cde6fb803fb34da5aa740e2f60acabe6",
    "tokenExpiryTime": "03-Feb-2024",
    "responseCode": 0,
    "responseMessage": "Success"
}
2022-02-03_21:09:08.437 [main] INFO  com.qc.BaseAPI -  **** GET call Response time 3272 ms
2022-02-03_21:09:08.437 [main] INFO  pl.rest.service.Authorize - Time Taken to perform https://apitest.pineperks.in/auth/V1/generate/token transaction: 3272
2022-02-03_21:09:08.568 [main] INFO  com.qc.qa.utils.TestDataReader - Reading Json data authorizeHeaders
2022-02-03_21:09:08.574 [main] INFO  com.qc.qa.utils.TestDataReader - Reading json data from file @ testData/api/devAPIData.json
2022-02-03_21:09:08.600 [main] INFO  pl.rest.service.CardIssue - CardIssue Rest API URL :- https://apitest.pineperks.in/card/order/V1/instant/issue/nonreloadable/digital
2022-02-03_21:09:08.601 [main] INFO  com.qc.BaseAPI - POST call to URL https://apitest.pineperks.in/card/order/V1/instant/issue/nonreloadable/digital
2022-02-03_21:09:08.615 [main] INFO  com.qc.BaseAPI - ********************REQUEST********************
2022-02-03_21:09:08.661 [main] DEBUG o.a.h.i.c.BasicClientConnectionManager - Get connection for route {s}->https://apitest.pineperks.in:443
2022-02-03_21:09:08.661 [main] DEBUG o.a.h.i.c.DefaultClientConnectionOperator - Connecting to apitest.pineperks.in:443
2022-02-03_21:09:08.784 [main] DEBUG o.a.h.c.protocol.RequestAddCookies - CookieSpec selected: ignoreCookies
2022-02-03_21:09:08.784 [main] DEBUG o.a.h.c.protocol.RequestAuthCache - Auth cache not set in the context
2022-02-03_21:09:08.784 [main] DEBUG o.a.h.c.p.RequestTargetAuthentication - Target auth state: UNCHALLENGED
2022-02-03_21:09:08.784 [main] DEBUG o.a.h.c.p.RequestProxyAuthentication - Proxy auth state: UNCHALLENGED
2022-02-03_21:09:08.784 [main] DEBUG o.a.h.impl.client.DefaultHttpClient - Attempt 1 to execute request
2022-02-03_21:09:08.784 [main] DEBUG o.a.h.i.conn.DefaultClientConnection - Sending request: POST /card/order/V1/instant/issue/nonreloadable/digital HTTP/1.1
2022-02-03_21:09:08.785 [main] DEBUG org.apache.http.wire -  >> "POST /card/order/V1/instant/issue/nonreloadable/digital HTTP/1.1[\r][\n]"
2022-02-03_21:09:08.785 [main] DEBUG org.apache.http.wire -  >> "Accept: */*[\r][\n]"
2022-02-03_21:09:08.785 [main] DEBUG org.apache.http.wire -  >> "userName: A0aCcnPzDANtKmvSLPKcaw==[\r][\n]"
2022-02-03_21:09:08.785 [main] DEBUG org.apache.http.wire -  >> "token: cde6fb803fb34da5aa740e2f60acabe6[\r][\n]"
2022-02-03_21:09:08.785 [main] DEBUG org.apache.http.wire -  >> "Content-Type: application/json; charset=UTF-8[\r][\n]"
2022-02-03_21:09:08.785 [main] DEBUG org.apache.http.wire -  >> "Content-Length: 241[\r][\n]"
2022-02-03_21:09:08.785 [main] DEBUG org.apache.http.wire -  >> "Host: apitest.pineperks.in[\r][\n]"
2022-02-03_21:09:08.785 [main] DEBUG org.apache.http.wire -  >> "Connection: Keep-Alive[\r][\n]"
2022-02-03_21:09:08.786 [main] DEBUG org.apache.http.wire -  >> "User-Agent: Apache-HttpClient/4.5.2 (Java/1.8.0_202)[\r][\n]"
2022-02-03_21:09:08.786 [main] DEBUG org.apache.http.wire -  >> "Accept-Encoding: gzip,deflate[\r][\n]"
2022-02-03_21:09:08.786 [main] DEBUG org.apache.http.wire -  >> "[\r][\n]"
2022-02-03_21:09:08.786 [main] DEBUG org.apache.http.headers - >> POST /card/order/V1/instant/issue/nonreloadable/digital HTTP/1.1
2022-02-03_21:09:08.786 [main] DEBUG org.apache.http.headers - >> Accept: */*
2022-02-03_21:09:08.786 [main] DEBUG org.apache.http.headers - >> userName: A0aCcnPzDANtKmvSLPKcaw==
2022-02-03_21:09:08.786 [main] DEBUG org.apache.http.headers - >> token: cde6fb803fb34da5aa740e2f60acabe6
2022-02-03_21:09:08.786 [main] DEBUG org.apache.http.headers - >> Content-Type: application/json; charset=UTF-8
2022-02-03_21:09:08.786 [main] DEBUG org.apache.http.headers - >> Content-Length: 241
2022-02-03_21:09:08.786 [main] DEBUG org.apache.http.headers - >> Host: apitest.pineperks.in
2022-02-03_21:09:08.786 [main] DEBUG org.apache.http.headers - >> Connection: Keep-Alive
2022-02-03_21:09:08.787 [main] DEBUG org.apache.http.headers - >> User-Agent: Apache-HttpClient/4.5.2 (Java/1.8.0_202)
2022-02-03_21:09:08.787 [main] DEBUG org.apache.http.headers - >> Accept-Encoding: gzip,deflate
2022-02-03_21:09:08.787 [main] DEBUG org.apache.http.wire -  >> "{"isLinkToBeSentOnMobile":true,"checksum":"5x3GNrnStyS2PkMvV6EeAw==","cardDetailList":[{"amount":"1000","mobileNumber":"8284854535","customerName":"afzal","email":"afzal.ahmed@pinelabs.com"}],"externalRequestId":"Y5sZjf8","cardSchemeId":"7"}"
2022-02-03_21:09:09.225 [main] DEBUG org.apache.http.wire -  << "HTTP/1.1 200 [\r][\n]"
2022-02-03_21:09:09.225 [main] DEBUG org.apache.http.wire -  << "Access-Control-Allow-Methods: GET, POST[\r][\n]"
2022-02-03_21:09:09.225 [main] DEBUG org.apache.http.wire -  << "Access-Control-Allow-Origin: *[\r][\n]"
2022-02-03_21:09:09.225 [main] DEBUG org.apache.http.wire -  << "Content-Security-Policy: default-src 'none'[\r][\n]"
2022-02-03_21:09:09.226 [main] DEBUG org.apache.http.wire -  << "Feature-Policy: 'none'[\r][\n]"
2022-02-03_21:09:09.227 [main] DEBUG org.apache.http.wire -  << "Referrer-Policy: no-referrer[\r][\n]"
2022-02-03_21:09:09.227 [main] DEBUG org.apache.http.wire -  << "Strict-Transport-Security: max-age=31536000 ; includeSubDomains[\r][\n]"
2022-02-03_21:09:09.227 [main] DEBUG org.apache.http.wire -  << "Date: Thu, 03 Feb 2022 15:39:08 GMT[\r][\n]"
2022-02-03_21:09:09.227 [main] DEBUG org.apache.http.wire -  << "Keep-Alive: timeout=60[\r][\n]"
2022-02-03_21:09:09.227 [main] DEBUG org.apache.http.wire -  << "Content-Type: application/json[\r][\n]"
2022-02-03_21:09:09.228 [main] DEBUG org.apache.http.wire -  << "Transfer-Encoding: chunked[\r][\n]"
2022-02-03_21:09:09.228 [main] DEBUG org.apache.http.wire -  << "Connection: keep-alive[\r][\n]"
2022-02-03_21:09:09.228 [main] DEBUG org.apache.http.wire -  << "[\r][\n]"
2022-02-03_21:09:09.228 [main] DEBUG o.a.h.i.conn.DefaultClientConnection - Receiving response: HTTP/1.1 200 
2022-02-03_21:09:09.229 [main] DEBUG org.apache.http.headers - << HTTP/1.1 200 
2022-02-03_21:09:09.229 [main] DEBUG org.apache.http.headers - << Access-Control-Allow-Methods: GET, POST
2022-02-03_21:09:09.230 [main] DEBUG org.apache.http.headers - << Access-Control-Allow-Origin: *
2022-02-03_21:09:09.230 [main] DEBUG org.apache.http.headers - << Content-Security-Policy: default-src 'none'
2022-02-03_21:09:09.230 [main] DEBUG org.apache.http.headers - << Feature-Policy: 'none'
2022-02-03_21:09:09.230 [main] DEBUG org.apache.http.headers - << Referrer-Policy: no-referrer
2022-02-03_21:09:09.230 [main] DEBUG org.apache.http.headers - << Strict-Transport-Security: max-age=31536000 ; includeSubDomains
2022-02-03_21:09:09.230 [main] DEBUG org.apache.http.headers - << Date: Thu, 03 Feb 2022 15:39:08 GMT
2022-02-03_21:09:09.230 [main] DEBUG org.apache.http.headers - << Keep-Alive: timeout=60
2022-02-03_21:09:09.230 [main] DEBUG org.apache.http.headers - << Content-Type: application/json
2022-02-03_21:09:09.230 [main] DEBUG org.apache.http.headers - << Transfer-Encoding: chunked
2022-02-03_21:09:09.231 [main] DEBUG org.apache.http.headers - << Connection: keep-alive
2022-02-03_21:09:09.231 [main] DEBUG o.a.h.impl.client.DefaultHttpClient - Connection can be kept alive for 60000 MILLISECONDS
2022-02-03_21:09:09.232 [main] DEBUG i.r.i.RequestSpecificationImpl$RestAssuredHttpBuilder - Parsing response as: application/json
2022-02-03_21:09:09.233 [main] DEBUG i.r.i.RequestSpecificationImpl$RestAssuredHttpBuilder - Parsed data to instance of: class org.apache.http.conn.EofSensorInputStream
2022-02-03_21:09:09.236 [main] INFO  com.qc.BaseAPI - Method :POST
2022-02-03_21:09:09.242 [main] INFO  com.qc.BaseAPI - URI :https://apitest.pineperks.in/card/order/V1/instant/issue/nonreloadable/digital
2022-02-03_21:09:09.243 [main] INFO  com.qc.BaseAPI - Headers :token=cde6fb803fb34da5aa740e2f60acabe6
userName=A0aCcnPzDANtKmvSLPKcaw==
Accept=*/*
Content-Type=application/json; charset=UTF-8
2022-02-03_21:09:09.243 [main] INFO  com.qc.BaseAPI - Body :{"isLinkToBeSentOnMobile":true,"checksum":"5x3GNrnStyS2PkMvV6EeAw==","cardDetailList":[{"amount":"1000","mobileNumber":"8284854535","customerName":"afzal","email":"afzal.ahmed@pinelabs.com"}],"externalRequestId":"Y5sZjf8","cardSchemeId":"7"}
2022-02-03_21:09:09.243 [main] INFO  com.qc.BaseAPI - ********************RESPONSE********************
2022-02-03_21:09:09.244 [main] DEBUG org.apache.http.wire -  << "1f2[\r][\n]"
2022-02-03_21:09:09.244 [main] DEBUG org.apache.http.wire -  << "{"externalRequestId":"Y5sZjf8","orderId":103256,"orderStatus":6,"cardDetailResponseList":[{"referenceNumber":4518145383,"serialNumber":10325600010001,"customerName":"afzal","mobileNumber":8284854535,"email":"afzal.ahmed@pinelabs.com","amount":1000,"cardLink":"test.pineperks.in/eCard?c=l35ZabF8XVLt8SjFX9EN5Q2","responseCode":0,"responseMessage":"Success"}],"successCount":1,"failedCount":0,"orderAmount":1000,"issuanceCharge":100,"netOrderAmount":1100,"responseCode":0,"responseMessage":"Success"}"
2022-02-03_21:09:09.244 [main] DEBUG org.apache.http.wire -  << "[\r][\n]"
2022-02-03_21:09:09.245 [main] DEBUG org.apache.http.wire -  << "0[\r][\n]"
2022-02-03_21:09:09.245 [main] DEBUG org.apache.http.wire -  << "[\r][\n]"
2022-02-03_21:09:09.245 [main] DEBUG o.a.h.i.c.BasicClientConnectionManager - Releasing connection org.apache.http.impl.conn.ManagedClientConnectionImpl@65f37227
2022-02-03_21:09:09.245 [main] DEBUG o.a.h.i.c.BasicClientConnectionManager - Connection can be kept alive for 60000 MILLISECONDS
2022-02-03_21:09:09.248 [main] INFO  com.qc.BaseAPI - Response :{
    "externalRequestId": "Y5sZjf8",
    "orderId": 103256,
    "orderStatus": 6,
    "cardDetailResponseList": [
        {
            "referenceNumber": 4518145383,
            "serialNumber": 10325600010001,
            "customerName": "afzal",
            "mobileNumber": 8284854535,
            "email": "afzal.ahmed@pinelabs.com",
            "amount": 1000,
            "cardLink": "test.pineperks.in/eCard?c=l35ZabF8XVLt8SjFX9EN5Q2",
            "responseCode": 0,
            "responseMessage": "Success"
        }
    ],
    "successCount": 1,
    "failedCount": 0,
    "orderAmount": 1000,
    "issuanceCharge": 100,
    "netOrderAmount": 1100,
    "responseCode": 0,
    "responseMessage": "Success"
}
2022-02-03_21:09:09.249 [main] INFO  com.qc.BaseAPI -  **** POST call Response time 617 ms
2022-02-03_21:09:09.249 [main] INFO  pl.rest.service.CardIssue - Time Taken to perform https://apitest.pineperks.in/card/order/V1/instant/issue/nonreloadable/digital transaction: 617
2022-02-03_21:09:09.266 [main] INFO  com.qc.qa.utils.TestDataReader - Reading Json data authorizeHeaders
2022-02-03_21:09:09.271 [main] INFO  com.qc.qa.utils.TestDataReader - Reading json data from file @ testData/api/devAPIData.json
2022-02-03_21:09:09.276 [main] INFO  p.r.service.CorporateAndCardDetails - CardIssue Rest API URL :- https://apitest.pineperks.in/card/profile/V1/detail
2022-02-03_21:09:09.277 [main] INFO  com.qc.BaseAPI - POST call to URL https://apitest.pineperks.in/card/profile/V1/detail
2022-02-03_21:09:09.290 [main] INFO  com.qc.BaseAPI - ********************REQUEST********************
2022-02-03_21:09:09.307 [main] DEBUG o.a.h.i.c.BasicClientConnectionManager - Get connection for route {s}->https://apitest.pineperks.in:443
2022-02-03_21:09:09.307 [main] DEBUG o.a.h.i.c.DefaultClientConnectionOperator - Connecting to apitest.pineperks.in:443
2022-02-03_21:09:09.422 [main] DEBUG o.a.h.c.protocol.RequestAddCookies - CookieSpec selected: ignoreCookies
2022-02-03_21:09:09.422 [main] DEBUG o.a.h.c.protocol.RequestAuthCache - Auth cache not set in the context
2022-02-03_21:09:09.422 [main] DEBUG o.a.h.c.p.RequestTargetAuthentication - Target auth state: UNCHALLENGED
2022-02-03_21:09:09.422 [main] DEBUG o.a.h.c.p.RequestProxyAuthentication - Proxy auth state: UNCHALLENGED
2022-02-03_21:09:09.423 [main] DEBUG o.a.h.impl.client.DefaultHttpClient - Attempt 1 to execute request
2022-02-03_21:09:09.423 [main] DEBUG o.a.h.i.conn.DefaultClientConnection - Sending request: POST /card/profile/V1/detail HTTP/1.1
2022-02-03_21:09:09.423 [main] DEBUG org.apache.http.wire -  >> "POST /card/profile/V1/detail HTTP/1.1[\r][\n]"
2022-02-03_21:09:09.424 [main] DEBUG org.apache.http.wire -  >> "Accept: */*[\r][\n]"
2022-02-03_21:09:09.424 [main] DEBUG org.apache.http.wire -  >> "userName: A0aCcnPzDANtKmvSLPKcaw==[\r][\n]"
2022-02-03_21:09:09.424 [main] DEBUG org.apache.http.wire -  >> "token: cde6fb803fb34da5aa740e2f60acabe6[\r][\n]"
2022-02-03_21:09:09.424 [main] DEBUG org.apache.http.wire -  >> "Content-Type: application/json; charset=UTF-8[\r][\n]"
2022-02-03_21:09:09.424 [main] DEBUG org.apache.http.wire -  >> "Content-Length: 40[\r][\n]"
2022-02-03_21:09:09.425 [main] DEBUG org.apache.http.wire -  >> "Host: apitest.pineperks.in[\r][\n]"
2022-02-03_21:09:09.425 [main] DEBUG org.apache.http.wire -  >> "Connection: Keep-Alive[\r][\n]"
2022-02-03_21:09:09.425 [main] DEBUG org.apache.http.wire -  >> "User-Agent: Apache-HttpClient/4.5.2 (Java/1.8.0_202)[\r][\n]"
2022-02-03_21:09:09.425 [main] DEBUG org.apache.http.wire -  >> "Accept-Encoding: gzip,deflate[\r][\n]"
2022-02-03_21:09:09.425 [main] DEBUG org.apache.http.wire -  >> "[\r][\n]"
2022-02-03_21:09:09.425 [main] DEBUG org.apache.http.headers - >> POST /card/profile/V1/detail HTTP/1.1
2022-02-03_21:09:09.425 [main] DEBUG org.apache.http.headers - >> Accept: */*
2022-02-03_21:09:09.426 [main] DEBUG org.apache.http.headers - >> userName: A0aCcnPzDANtKmvSLPKcaw==
2022-02-03_21:09:09.426 [main] DEBUG org.apache.http.headers - >> token: cde6fb803fb34da5aa740e2f60acabe6
2022-02-03_21:09:09.426 [main] DEBUG org.apache.http.headers - >> Content-Type: application/json; charset=UTF-8
2022-02-03_21:09:09.426 [main] DEBUG org.apache.http.headers - >> Content-Length: 40
2022-02-03_21:09:09.426 [main] DEBUG org.apache.http.headers - >> Host: apitest.pineperks.in
2022-02-03_21:09:09.426 [main] DEBUG org.apache.http.headers - >> Connection: Keep-Alive
2022-02-03_21:09:09.426 [main] DEBUG org.apache.http.headers - >> User-Agent: Apache-HttpClient/4.5.2 (Java/1.8.0_202)
2022-02-03_21:09:09.426 [main] DEBUG org.apache.http.headers - >> Accept-Encoding: gzip,deflate
2022-02-03_21:09:09.426 [main] DEBUG org.apache.http.wire -  >> "{"cardDetailRequestList":["4518145383"]}"
2022-02-03_21:09:09.459 [main] DEBUG org.apache.http.wire -  << "HTTP/1.1 200 [\r][\n]"
2022-02-03_21:09:09.459 [main] DEBUG org.apache.http.wire -  << "Access-Control-Allow-Methods: GET, POST[\r][\n]"
2022-02-03_21:09:09.460 [main] DEBUG org.apache.http.wire -  << "Access-Control-Allow-Origin: *[\r][\n]"
2022-02-03_21:09:09.460 [main] DEBUG org.apache.http.wire -  << "Content-Security-Policy: default-src 'none'[\r][\n]"
2022-02-03_21:09:09.460 [main] DEBUG org.apache.http.wire -  << "Feature-Policy: 'none'[\r][\n]"
2022-02-03_21:09:09.460 [main] DEBUG org.apache.http.wire -  << "Referrer-Policy: no-referrer[\r][\n]"
2022-02-03_21:09:09.460 [main] DEBUG org.apache.http.wire -  << "Strict-Transport-Security: max-age=31536000 ; includeSubDomains[\r][\n]"
2022-02-03_21:09:09.460 [main] DEBUG org.apache.http.wire -  << "Date: Thu, 03 Feb 2022 15:39:09 GMT[\r][\n]"
2022-02-03_21:09:09.460 [main] DEBUG org.apache.http.wire -  << "Keep-Alive: timeout=60[\r][\n]"
2022-02-03_21:09:09.460 [main] DEBUG org.apache.http.wire -  << "Content-Type: application/json[\r][\n]"
2022-02-03_21:09:09.460 [main] DEBUG org.apache.http.wire -  << "Transfer-Encoding: chunked[\r][\n]"
2022-02-03_21:09:09.460 [main] DEBUG org.apache.http.wire -  << "Connection: keep-alive[\r][\n]"
2022-02-03_21:09:09.460 [main] DEBUG org.apache.http.wire -  << "[\r][\n]"
2022-02-03_21:09:09.461 [main] DEBUG o.a.h.i.conn.DefaultClientConnection - Receiving response: HTTP/1.1 200 
2022-02-03_21:09:09.461 [main] DEBUG org.apache.http.headers - << HTTP/1.1 200 
2022-02-03_21:09:09.461 [main] DEBUG org.apache.http.headers - << Access-Control-Allow-Methods: GET, POST
2022-02-03_21:09:09.461 [main] DEBUG org.apache.http.headers - << Access-Control-Allow-Origin: *
2022-02-03_21:09:09.461 [main] DEBUG org.apache.http.headers - << Content-Security-Policy: default-src 'none'
2022-02-03_21:09:09.461 [main] DEBUG org.apache.http.headers - << Feature-Policy: 'none'
2022-02-03_21:09:09.461 [main] DEBUG org.apache.http.headers - << Referrer-Policy: no-referrer
2022-02-03_21:09:09.461 [main] DEBUG org.apache.http.headers - << Strict-Transport-Security: max-age=31536000 ; includeSubDomains
2022-02-03_21:09:09.461 [main] DEBUG org.apache.http.headers - << Date: Thu, 03 Feb 2022 15:39:09 GMT
2022-02-03_21:09:09.461 [main] DEBUG org.apache.http.headers - << Keep-Alive: timeout=60
2022-02-03_21:09:09.461 [main] DEBUG org.apache.http.headers - << Content-Type: application/json
2022-02-03_21:09:09.462 [main] DEBUG org.apache.http.headers - << Transfer-Encoding: chunked
2022-02-03_21:09:09.462 [main] DEBUG org.apache.http.headers - << Connection: keep-alive
2022-02-03_21:09:09.462 [main] DEBUG o.a.h.impl.client.DefaultHttpClient - Connection can be kept alive for 60000 MILLISECONDS
2022-02-03_21:09:09.463 [main] DEBUG i.r.i.RequestSpecificationImpl$RestAssuredHttpBuilder - Parsing response as: application/json
2022-02-03_21:09:09.463 [main] DEBUG i.r.i.RequestSpecificationImpl$RestAssuredHttpBuilder - Parsed data to instance of: class org.apache.http.conn.EofSensorInputStream
2022-02-03_21:09:09.464 [main] INFO  com.qc.BaseAPI - Method :POST
2022-02-03_21:09:09.465 [main] INFO  com.qc.BaseAPI - URI :https://apitest.pineperks.in/card/profile/V1/detail
2022-02-03_21:09:09.465 [main] INFO  com.qc.BaseAPI - Headers :token=cde6fb803fb34da5aa740e2f60acabe6
userName=A0aCcnPzDANtKmvSLPKcaw==
Accept=*/*
Content-Type=application/json; charset=UTF-8
2022-02-03_21:09:09.466 [main] INFO  com.qc.BaseAPI - Body :{"cardDetailRequestList":["4518145383"]}
2022-02-03_21:09:09.466 [main] INFO  com.qc.BaseAPI - ********************RESPONSE********************
2022-02-03_21:09:09.466 [main] DEBUG org.apache.http.wire -  << "3c7[\r][\n]"
2022-02-03_21:09:09.466 [main] DEBUG org.apache.http.wire -  << "{"cardDetailResponseList":[{"cardReferenceNumber":4518145383,"maskedCardNumber":"608364******5919","cardStatus":1,"kycStatus":null,"cardSchemeId":7,"pinMode":4,"cardName":"milson Card","cardVariant":2,"cardCategoryId":4,"loadAmount":1000,"redeemedAmount":0,"balance":1000,"issuedOn":"03-Feb-2022","expiryDate":"29-Feb-2024","isEcommTransactionEnabled":true,"ecommRedeemTransactionLimit":0,"isPOSTransactionEnabled":false,"posRedeemTransactionLimit":0,"monthlyCreditAmount":null,"lastCreditedOn":null,"activatedOn":"03-Feb-2022","activationName":"Afzal","activationMobileNumber":8284854535,"activationEmail":"afzal.ahmed@pinelabs.com","customerName":"Afzal ahmed","customerMobile":8284854535,"customerEmail":null,"blockedOn":null,"terminatedOn":null,"terminatedBy":null,"reason":null,"reIssuedOn":null,"reIssuedBy":null,"reIssuedByCardReferenceNumber":null,"reIssueCharges":0,"responseCode":0,"responseMessage":"Success"}],"responseCode":0,"responseMessage":"Success"}"
2022-02-03_21:09:09.466 [main] DEBUG org.apache.http.wire -  << "[\r][\n]"
2022-02-03_21:09:09.467 [main] DEBUG org.apache.http.wire -  << "0[\r][\n]"
2022-02-03_21:09:09.467 [main] DEBUG org.apache.http.wire -  << "[\r][\n]"
2022-02-03_21:09:09.467 [main] DEBUG o.a.h.i.c.BasicClientConnectionManager - Releasing connection org.apache.http.impl.conn.ManagedClientConnectionImpl@1568dcd8
2022-02-03_21:09:09.467 [main] DEBUG o.a.h.i.c.BasicClientConnectionManager - Connection can be kept alive for 60000 MILLISECONDS
2022-02-03_21:09:09.471 [main] INFO  com.qc.BaseAPI - Response :{
    "cardDetailResponseList": [
        {
            "cardReferenceNumber": 4518145383,
            "maskedCardNumber": "608364******5919",
            "cardStatus": 1,
            "kycStatus": null,
            "cardSchemeId": 7,
            "pinMode": 4,
            "cardName": "milson Card",
            "cardVariant": 2,
            "cardCategoryId": 4,
            "loadAmount": 1000,
            "redeemedAmount": 0,
            "balance": 1000,
            "issuedOn": "03-Feb-2022",
            "expiryDate": "29-Feb-2024",
            "isEcommTransactionEnabled": true,
            "ecommRedeemTransactionLimit": 0,
            "isPOSTransactionEnabled": false,
            "posRedeemTransactionLimit": 0,
            "monthlyCreditAmount": null,
            "lastCreditedOn": null,
            "activatedOn": "03-Feb-2022",
            "activationName": "Afzal",
            "activationMobileNumber": 8284854535,
            "activationEmail": "afzal.ahmed@pinelabs.com",
            "customerName": "Afzal ahmed",
            "customerMobile": 8284854535,
            "customerEmail": null,
            "blockedOn": null,
            "terminatedOn": null,
            "terminatedBy": null,
            "reason": null,
            "reIssuedOn": null,
            "reIssuedBy": null,
            "reIssuedByCardReferenceNumber": null,
            "reIssueCharges": 0,
            "responseCode": 0,
            "responseMessage": "Success"
        }
    ],
    "responseCode": 0,
    "responseMessage": "Success"
}
2022-02-03_21:09:09.471 [main] INFO  com.qc.BaseAPI -  **** POST call Response time 171 ms
2022-02-03_21:09:09.471 [main] INFO  p.r.service.CorporateAndCardDetails - Time Taken to perform https://apitest.pineperks.in/card/profile/V1/detail transaction: 171
2022-02-03_21:09:10.111 [main] INFO  pl.rest.utils.DBUtils - Query being executed Select * from Card where referenceNumber=4518145383;
2022-02-03_21:09:10.144 [Finalizer] DEBUG o.a.h.i.conn.DefaultClientConnection - Connection 0.0.0.0:52492<->14.143.120.84:443 closed
2022-02-03_21:09:10.195 [main] ERROR com.qc.qa.utils.LoadProperties - Missing MySQLDBEnvironment property value in system property or in config.properties files.Please add it if incase required
2022-02-03_21:09:10.196 [main] INFO  com.qc.qa.dbutils.DBPoolProvider - Con pool Total - 400, idle - 0,  Num active - 0
2022-02-03_21:09:10.196 [main] INFO  com.qc.qa.dbutils.DBPoolProvider - Retrieved connection
