2021-12-20_19:07:58.755 [main] INFO  pl.rest.CustomHooks - SCENARIO NAME: Validate the Card Categories API Response
2021-12-20_19:07:58.757 [main] INFO  pl.rest.CustomHooks - TAG NAMEs: []
2021-12-20_19:08:00.266 [main] INFO  com.qc.qa.utils.TestDataReader - Reading API Test Data config values from  testData/api/devAPITestData.properties
2021-12-20_19:08:00.270 [main] INFO  pl.rest.service.Authorize - Authorize Rest API URL :- https://apitest.pineperks.in/auth/V1/generate/token
2021-12-20_19:08:00.270 [main] INFO  com.qc.BaseAPI - GET call to URL https://apitest.pineperks.in/auth/V1/generate/token
2021-12-20_19:08:00.514 [main] INFO  com.qc.BaseAPI - ********************REQUEST********************
2021-12-20_19:08:02.092 [main] DEBUG o.a.h.i.c.BasicClientConnectionManager - Get connection for route {s}->https://apitest.pineperks.in:443
2021-12-20_19:08:02.147 [main] DEBUG o.a.h.i.c.DefaultClientConnectionOperator - Connecting to apitest.pineperks.in:443
2021-12-20_19:08:02.344 [main] DEBUG o.a.h.c.protocol.RequestAddCookies - CookieSpec selected: ignoreCookies
2021-12-20_19:08:02.345 [main] DEBUG o.a.h.c.protocol.RequestAuthCache - Auth cache not set in the context
2021-12-20_19:08:02.346 [main] DEBUG o.a.h.c.p.RequestTargetAuthentication - Target auth state: UNCHALLENGED
2021-12-20_19:08:02.346 [main] DEBUG o.a.h.c.p.RequestProxyAuthentication - Proxy auth state: UNCHALLENGED
2021-12-20_19:08:02.347 [main] DEBUG o.a.h.impl.client.DefaultHttpClient - Attempt 1 to execute request
2021-12-20_19:08:02.347 [main] DEBUG o.a.h.i.conn.DefaultClientConnection - Sending request: GET /auth/V1/generate/token HTTP/1.1
2021-12-20_19:08:02.347 [main] DEBUG org.apache.http.wire -  >> "GET /auth/V1/generate/token HTTP/1.1[\r][\n]"
2021-12-20_19:08:02.348 [main] DEBUG org.apache.http.wire -  >> "Content-Type: application/json; charset=UTF-8[\r][\n]"
2021-12-20_19:08:02.349 [main] DEBUG org.apache.http.wire -  >> "Accept: */*[\r][\n]"
2021-12-20_19:08:02.349 [main] DEBUG org.apache.http.wire -  >> "userName: t3azPwts/6OSPTFxhCdYug== [\r][\n]"
2021-12-20_19:08:02.349 [main] DEBUG org.apache.http.wire -  >> "Host: apitest.pineperks.in[\r][\n]"
2021-12-20_19:08:02.349 [main] DEBUG org.apache.http.wire -  >> "Connection: Keep-Alive[\r][\n]"
2021-12-20_19:08:02.349 [main] DEBUG org.apache.http.wire -  >> "User-Agent: Apache-HttpClient/4.5.2 (Java/1.8.0_202)[\r][\n]"
2021-12-20_19:08:02.349 [main] DEBUG org.apache.http.wire -  >> "Accept-Encoding: gzip,deflate[\r][\n]"
2021-12-20_19:08:02.350 [main] DEBUG org.apache.http.wire -  >> "[\r][\n]"
2021-12-20_19:08:02.350 [main] DEBUG org.apache.http.headers - >> GET /auth/V1/generate/token HTTP/1.1
2021-12-20_19:08:02.350 [main] DEBUG org.apache.http.headers - >> Content-Type: application/json; charset=UTF-8
2021-12-20_19:08:02.350 [main] DEBUG org.apache.http.headers - >> Accept: */*
2021-12-20_19:08:02.350 [main] DEBUG org.apache.http.headers - >> userName: t3azPwts/6OSPTFxhCdYug== 
2021-12-20_19:08:02.350 [main] DEBUG org.apache.http.headers - >> Host: apitest.pineperks.in
2021-12-20_19:08:02.350 [main] DEBUG org.apache.http.headers - >> Connection: Keep-Alive
2021-12-20_19:08:02.350 [main] DEBUG org.apache.http.headers - >> User-Agent: Apache-HttpClient/4.5.2 (Java/1.8.0_202)
2021-12-20_19:08:02.350 [main] DEBUG org.apache.http.headers - >> Accept-Encoding: gzip,deflate
2021-12-20_19:08:02.385 [main] DEBUG org.apache.http.wire -  << "HTTP/1.1 200 [\r][\n]"
2021-12-20_19:08:02.388 [main] DEBUG org.apache.http.wire -  << "Access-Control-Allow-Methods: GET, POST[\r][\n]"
2021-12-20_19:08:02.388 [main] DEBUG org.apache.http.wire -  << "Access-Control-Allow-Origin: *[\r][\n]"
2021-12-20_19:08:02.388 [main] DEBUG org.apache.http.wire -  << "Content-Security-Policy: default-src 'none'[\r][\n]"
2021-12-20_19:08:02.388 [main] DEBUG org.apache.http.wire -  << "Feature-Policy: 'none'[\r][\n]"
2021-12-20_19:08:02.388 [main] DEBUG org.apache.http.wire -  << "Referrer-Policy: no-referrer[\r][\n]"
2021-12-20_19:08:02.389 [main] DEBUG org.apache.http.wire -  << "Strict-Transport-Security: max-age=31536000 ; includeSubDomains[\r][\n]"
2021-12-20_19:08:02.389 [main] DEBUG org.apache.http.wire -  << "Date: Mon, 20 Dec 2021 13:38:02 GMT[\r][\n]"
2021-12-20_19:08:02.389 [main] DEBUG org.apache.http.wire -  << "Keep-Alive: timeout=60[\r][\n]"
2021-12-20_19:08:02.389 [main] DEBUG org.apache.http.wire -  << "Content-Type: application/json[\r][\n]"
2021-12-20_19:08:02.389 [main] DEBUG org.apache.http.wire -  << "Transfer-Encoding: chunked[\r][\n]"
2021-12-20_19:08:02.389 [main] DEBUG org.apache.http.wire -  << "Connection: keep-alive[\r][\n]"
2021-12-20_19:08:02.389 [main] DEBUG org.apache.http.wire -  << "[\r][\n]"
2021-12-20_19:08:02.390 [main] DEBUG o.a.h.i.conn.DefaultClientConnection - Receiving response: HTTP/1.1 200 
2021-12-20_19:08:02.390 [main] DEBUG org.apache.http.headers - << HTTP/1.1 200 
2021-12-20_19:08:02.391 [main] DEBUG org.apache.http.headers - << Access-Control-Allow-Methods: GET, POST
2021-12-20_19:08:02.391 [main] DEBUG org.apache.http.headers - << Access-Control-Allow-Origin: *
2021-12-20_19:08:02.391 [main] DEBUG org.apache.http.headers - << Content-Security-Policy: default-src 'none'
2021-12-20_19:08:02.391 [main] DEBUG org.apache.http.headers - << Feature-Policy: 'none'
2021-12-20_19:08:02.391 [main] DEBUG org.apache.http.headers - << Referrer-Policy: no-referrer
2021-12-20_19:08:02.391 [main] DEBUG org.apache.http.headers - << Strict-Transport-Security: max-age=31536000 ; includeSubDomains
2021-12-20_19:08:02.391 [main] DEBUG org.apache.http.headers - << Date: Mon, 20 Dec 2021 13:38:02 GMT
2021-12-20_19:08:02.391 [main] DEBUG org.apache.http.headers - << Keep-Alive: timeout=60
2021-12-20_19:08:02.391 [main] DEBUG org.apache.http.headers - << Content-Type: application/json
2021-12-20_19:08:02.391 [main] DEBUG org.apache.http.headers - << Transfer-Encoding: chunked
2021-12-20_19:08:02.391 [main] DEBUG org.apache.http.headers - << Connection: keep-alive
2021-12-20_19:08:02.397 [main] DEBUG o.a.h.impl.client.DefaultHttpClient - Connection can be kept alive for 60000 MILLISECONDS
2021-12-20_19:08:02.415 [main] DEBUG i.r.i.RequestSpecificationImpl$RestAssuredHttpBuilder - Parsing response as: application/json
2021-12-20_19:08:02.416 [main] DEBUG i.r.i.RequestSpecificationImpl$RestAssuredHttpBuilder - Parsed data to instance of: class org.apache.http.conn.EofSensorInputStream
2021-12-20_19:08:02.432 [main] INFO  com.qc.BaseAPI - Method :GET
2021-12-20_19:08:02.433 [main] INFO  com.qc.BaseAPI - URI :https://apitest.pineperks.in/auth/V1/generate/token
2021-12-20_19:08:02.433 [main] INFO  com.qc.BaseAPI - Headers :userName=t3azPwts/6OSPTFxhCdYug== 
Accept=*/*
Content-Type=application/json; charset=UTF-8
2021-12-20_19:08:02.433 [main] INFO  com.qc.BaseAPI - Body :null
2021-12-20_19:08:02.433 [main] INFO  com.qc.BaseAPI - ********************RESPONSE********************
2021-12-20_19:08:02.444 [main] DEBUG org.apache.http.wire -  << "7f[\r][\n]"
2021-12-20_19:08:02.444 [main] DEBUG org.apache.http.wire -  << "{"accessToken":"c50106123f6d432787ea661f8054cc03","tokenExpiryTime":"21-Dec-2021","responseCode":0,"responseMessage":"Success"}"
2021-12-20_19:08:02.445 [main] DEBUG org.apache.http.wire -  << "[\r][\n]"
2021-12-20_19:08:02.445 [main] DEBUG org.apache.http.wire -  << "0[\r][\n]"
2021-12-20_19:08:02.445 [main] DEBUG org.apache.http.wire -  << "[\r][\n]"
2021-12-20_19:08:02.445 [main] DEBUG o.a.h.i.c.BasicClientConnectionManager - Releasing connection org.apache.http.impl.conn.ManagedClientConnectionImpl@38b8b5aa
2021-12-20_19:08:02.445 [main] DEBUG o.a.h.i.c.BasicClientConnectionManager - Connection can be kept alive for 60000 MILLISECONDS
2021-12-20_19:08:02.476 [main] INFO  com.qc.BaseAPI - Response :{
    "accessToken": "c50106123f6d432787ea661f8054cc03",
    "tokenExpiryTime": "21-Dec-2021",
    "responseCode": 0,
    "responseMessage": "Success"
}
2021-12-20_19:08:02.478 [main] INFO  com.qc.BaseAPI -  **** GET call Response time 1899 ms
2021-12-20_19:08:02.479 [main] INFO  pl.rest.service.Authorize - Time Taken to perform https://apitest.pineperks.in/auth/V1/generate/token transaction: 1899
2021-12-20_19:08:02.566 [main] INFO  com.qc.qa.utils.TestDataReader - Reading Json data authorizeHeaders
2021-12-20_19:08:02.570 [main] INFO  com.qc.qa.utils.TestDataReader - Reading json data from file @ testData/api/devAPIData.json
2021-12-20_19:08:02.589 [main] INFO  p.r.service.CorporateAndCardDetails - CardIssue Rest API URL :- https://apitest.pineperks.in/card/config/V1/category
2021-12-20_19:08:02.589 [main] INFO  com.qc.BaseAPI - GET call to URL https://apitest.pineperks.in/card/config/V1/category
2021-12-20_19:08:02.601 [main] INFO  com.qc.BaseAPI - ********************REQUEST********************
2021-12-20_19:08:02.620 [main] DEBUG o.a.h.i.c.BasicClientConnectionManager - Get connection for route {s}->https://apitest.pineperks.in:443
2021-12-20_19:08:02.621 [main] DEBUG o.a.h.i.c.DefaultClientConnectionOperator - Connecting to apitest.pineperks.in:443
2021-12-20_19:08:02.727 [main] DEBUG o.a.h.c.protocol.RequestAddCookies - CookieSpec selected: ignoreCookies
2021-12-20_19:08:02.727 [main] DEBUG o.a.h.c.protocol.RequestAuthCache - Auth cache not set in the context
2021-12-20_19:08:02.727 [main] DEBUG o.a.h.c.p.RequestTargetAuthentication - Target auth state: UNCHALLENGED
2021-12-20_19:08:02.727 [main] DEBUG o.a.h.c.p.RequestProxyAuthentication - Proxy auth state: UNCHALLENGED
2021-12-20_19:08:02.727 [main] DEBUG o.a.h.impl.client.DefaultHttpClient - Attempt 1 to execute request
2021-12-20_19:08:02.728 [main] DEBUG o.a.h.i.conn.DefaultClientConnection - Sending request: GET /card/config/V1/category HTTP/1.1
2021-12-20_19:08:02.728 [main] DEBUG org.apache.http.wire -  >> "GET /card/config/V1/category HTTP/1.1[\r][\n]"
2021-12-20_19:08:02.728 [main] DEBUG org.apache.http.wire -  >> "Content-Type: application/json; charset=UTF-8[\r][\n]"
2021-12-20_19:08:02.728 [main] DEBUG org.apache.http.wire -  >> "Accept: */*[\r][\n]"
2021-12-20_19:08:02.728 [main] DEBUG org.apache.http.wire -  >> "userName: t3azPwts/6OSPTFxhCdYug== [\r][\n]"
2021-12-20_19:08:02.728 [main] DEBUG org.apache.http.wire -  >> "token: c50106123f6d432787ea661f8054cc03[\r][\n]"
2021-12-20_19:08:02.728 [main] DEBUG org.apache.http.wire -  >> "Host: apitest.pineperks.in[\r][\n]"
2021-12-20_19:08:02.728 [main] DEBUG org.apache.http.wire -  >> "Connection: Keep-Alive[\r][\n]"
2021-12-20_19:08:02.728 [main] DEBUG org.apache.http.wire -  >> "User-Agent: Apache-HttpClient/4.5.2 (Java/1.8.0_202)[\r][\n]"
2021-12-20_19:08:02.728 [main] DEBUG org.apache.http.wire -  >> "Accept-Encoding: gzip,deflate[\r][\n]"
2021-12-20_19:08:02.728 [main] DEBUG org.apache.http.wire -  >> "[\r][\n]"
2021-12-20_19:08:02.728 [main] DEBUG org.apache.http.headers - >> GET /card/config/V1/category HTTP/1.1
2021-12-20_19:08:02.728 [main] DEBUG org.apache.http.headers - >> Content-Type: application/json; charset=UTF-8
2021-12-20_19:08:02.728 [main] DEBUG org.apache.http.headers - >> Accept: */*
2021-12-20_19:08:02.729 [main] DEBUG org.apache.http.headers - >> userName: t3azPwts/6OSPTFxhCdYug== 
2021-12-20_19:08:02.729 [main] DEBUG org.apache.http.headers - >> token: c50106123f6d432787ea661f8054cc03
2021-12-20_19:08:02.729 [main] DEBUG org.apache.http.headers - >> Host: apitest.pineperks.in
2021-12-20_19:08:02.729 [main] DEBUG org.apache.http.headers - >> Connection: Keep-Alive
2021-12-20_19:08:02.729 [main] DEBUG org.apache.http.headers - >> User-Agent: Apache-HttpClient/4.5.2 (Java/1.8.0_202)
2021-12-20_19:08:02.729 [main] DEBUG org.apache.http.headers - >> Accept-Encoding: gzip,deflate
2021-12-20_19:08:02.756 [main] DEBUG org.apache.http.wire -  << "HTTP/1.1 200 [\r][\n]"
2021-12-20_19:08:02.757 [main] DEBUG org.apache.http.wire -  << "Access-Control-Allow-Methods: GET, POST[\r][\n]"
2021-12-20_19:08:02.757 [main] DEBUG org.apache.http.wire -  << "Access-Control-Allow-Origin: *[\r][\n]"
2021-12-20_19:08:02.757 [main] DEBUG org.apache.http.wire -  << "Content-Security-Policy: default-src 'none'[\r][\n]"
2021-12-20_19:08:02.757 [main] DEBUG org.apache.http.wire -  << "Feature-Policy: 'none'[\r][\n]"
2021-12-20_19:08:02.757 [main] DEBUG org.apache.http.wire -  << "Referrer-Policy: no-referrer[\r][\n]"
2021-12-20_19:08:02.757 [main] DEBUG org.apache.http.wire -  << "Strict-Transport-Security: max-age=31536000 ; includeSubDomains[\r][\n]"
2021-12-20_19:08:02.757 [main] DEBUG org.apache.http.wire -  << "Date: Mon, 20 Dec 2021 13:38:02 GMT[\r][\n]"
2021-12-20_19:08:02.757 [main] DEBUG org.apache.http.wire -  << "Keep-Alive: timeout=60[\r][\n]"
2021-12-20_19:08:02.757 [main] DEBUG org.apache.http.wire -  << "Content-Type: application/json[\r][\n]"
2021-12-20_19:08:02.757 [main] DEBUG org.apache.http.wire -  << "Transfer-Encoding: chunked[\r][\n]"
2021-12-20_19:08:02.757 [main] DEBUG org.apache.http.wire -  << "Connection: keep-alive[\r][\n]"
2021-12-20_19:08:02.757 [main] DEBUG org.apache.http.wire -  << "[\r][\n]"
2021-12-20_19:08:02.757 [main] DEBUG o.a.h.i.conn.DefaultClientConnection - Receiving response: HTTP/1.1 200 
2021-12-20_19:08:02.757 [main] DEBUG org.apache.http.headers - << HTTP/1.1 200 
2021-12-20_19:08:02.757 [main] DEBUG org.apache.http.headers - << Access-Control-Allow-Methods: GET, POST
2021-12-20_19:08:02.757 [main] DEBUG org.apache.http.headers - << Access-Control-Allow-Origin: *
2021-12-20_19:08:02.757 [main] DEBUG org.apache.http.headers - << Content-Security-Policy: default-src 'none'
2021-12-20_19:08:02.757 [main] DEBUG org.apache.http.headers - << Feature-Policy: 'none'
2021-12-20_19:08:02.757 [main] DEBUG org.apache.http.headers - << Referrer-Policy: no-referrer
2021-12-20_19:08:02.757 [main] DEBUG org.apache.http.headers - << Strict-Transport-Security: max-age=31536000 ; includeSubDomains
2021-12-20_19:08:02.758 [main] DEBUG org.apache.http.headers - << Date: Mon, 20 Dec 2021 13:38:02 GMT
2021-12-20_19:08:02.758 [main] DEBUG org.apache.http.headers - << Keep-Alive: timeout=60
2021-12-20_19:08:02.758 [main] DEBUG org.apache.http.headers - << Content-Type: application/json
2021-12-20_19:08:02.758 [main] DEBUG org.apache.http.headers - << Transfer-Encoding: chunked
2021-12-20_19:08:02.758 [main] DEBUG org.apache.http.headers - << Connection: keep-alive
2021-12-20_19:08:02.758 [main] DEBUG o.a.h.impl.client.DefaultHttpClient - Connection can be kept alive for 60000 MILLISECONDS
2021-12-20_19:08:02.758 [main] DEBUG i.r.i.RequestSpecificationImpl$RestAssuredHttpBuilder - Parsing response as: application/json
2021-12-20_19:08:02.759 [main] DEBUG i.r.i.RequestSpecificationImpl$RestAssuredHttpBuilder - Parsed data to instance of: class org.apache.http.conn.EofSensorInputStream
2021-12-20_19:08:02.759 [main] INFO  com.qc.BaseAPI - Method :GET
2021-12-20_19:08:02.760 [main] INFO  com.qc.BaseAPI - URI :https://apitest.pineperks.in/card/config/V1/category
2021-12-20_19:08:02.761 [main] INFO  com.qc.BaseAPI - Headers :token=c50106123f6d432787ea661f8054cc03
userName=t3azPwts/6OSPTFxhCdYug== 
Accept=*/*
Content-Type=application/json; charset=UTF-8
2021-12-20_19:08:02.761 [main] INFO  com.qc.BaseAPI - Body :null
2021-12-20_19:08:02.761 [main] INFO  com.qc.BaseAPI - ********************RESPONSE********************
2021-12-20_19:08:02.761 [main] DEBUG org.apache.http.wire -  << "b8[\r][\n]"
2021-12-20_19:08:02.761 [main] DEBUG org.apache.http.wire -  << "{"cardCategoryList":[{"id":1,"name":"Prime Card"},{"id":2,"name":"Fuel Card"},{"id":3,"name":"F&B Card"},{"id":4,"name":"Universal Card"}],"responseCode":0,"responseMessage":"Success"}"
2021-12-20_19:08:02.761 [main] DEBUG org.apache.http.wire -  << "[\r][\n]"
2021-12-20_19:08:02.761 [main] DEBUG org.apache.http.wire -  << "0[\r][\n]"
2021-12-20_19:08:02.761 [main] DEBUG org.apache.http.wire -  << "[\r][\n]"
2021-12-20_19:08:02.761 [main] DEBUG o.a.h.i.c.BasicClientConnectionManager - Releasing connection org.apache.http.impl.conn.ManagedClientConnectionImpl@36a0ac9f
2021-12-20_19:08:02.761 [main] DEBUG o.a.h.i.c.BasicClientConnectionManager - Connection can be kept alive for 60000 MILLISECONDS
2021-12-20_19:08:02.762 [main] INFO  com.qc.BaseAPI - Response :{
    "cardCategoryList": [
        {
            "id": 1,
            "name": "Prime Card"
        },
        {
            "id": 2,
            "name": "Fuel Card"
        },
        {
            "id": 3,
            "name": "F&B Card"
        },
        {
            "id": 4,
            "name": "Universal Card"
        }
    ],
    "responseCode": 0,
    "responseMessage": "Success"
}
2021-12-20_19:08:02.762 [main] INFO  com.qc.BaseAPI -  **** GET call Response time 151 ms
2021-12-20_19:08:02.763 [main] INFO  p.r.service.CorporateAndCardDetails - Time Taken to perform https://apitest.pineperks.in/card/config/V1/category transaction: 151
