2022-02-03_22:00:45.779 [main] INFO  pl.rest.CustomHooks - SCENARIO NAME: Validating the pin mode value on the response on issuing different PIN on SMS/ Physical PIN Mailer/ Customer generated PIN/ PIN Less pin mode card.
2022-02-03_22:00:45.782 [main] INFO  pl.rest.CustomHooks - TAG NAMEs: [@Regression]
2022-02-03_22:00:45.786 [main] INFO  pl.rest.CustomHooks - SCENARIO NAME: Validating the pin mode value on the response on issuing different PIN on SMS/ Physical PIN Mailer/ Customer generated PIN/ PIN Less pin mode card.
2022-02-03_22:00:45.787 [main] INFO  pl.rest.CustomHooks - TAG NAMEs: [@Regression]
2022-02-03_22:00:45.868 [main] INFO  pl.rest.CustomHooks - Index: 0, Size: 0
2022-02-03_22:00:47.309 [main] INFO  com.qc.qa.utils.TestDataReader - Reading API Test Data config values from  testData/api/devAPITestData.properties
2022-02-03_22:00:47.314 [main] INFO  pl.rest.service.Authorize - Authorize Rest API URL :- https://apitest.pineperks.in/auth/V1/generate/token
2022-02-03_22:00:47.314 [main] INFO  com.qc.BaseAPI - GET call to URL https://apitest.pineperks.in/auth/V1/generate/token
2022-02-03_22:00:47.645 [main] INFO  com.qc.BaseAPI - ********************REQUEST********************
2022-02-03_22:00:50.445 [main] DEBUG o.a.h.i.c.BasicClientConnectionManager - Get connection for route {s}->https://apitest.pineperks.in:443
2022-02-03_22:00:50.518 [main] DEBUG o.a.h.i.c.DefaultClientConnectionOperator - Connecting to apitest.pineperks.in:443
2022-02-03_22:00:50.771 [main] DEBUG o.a.h.c.protocol.RequestAddCookies - CookieSpec selected: ignoreCookies
2022-02-03_22:00:50.774 [main] DEBUG o.a.h.c.protocol.RequestAuthCache - Auth cache not set in the context
2022-02-03_22:00:50.774 [main] DEBUG o.a.h.c.p.RequestTargetAuthentication - Target auth state: UNCHALLENGED
2022-02-03_22:00:50.776 [main] DEBUG o.a.h.c.p.RequestProxyAuthentication - Proxy auth state: UNCHALLENGED
2022-02-03_22:00:50.777 [main] DEBUG o.a.h.impl.client.DefaultHttpClient - Attempt 1 to execute request
2022-02-03_22:00:50.778 [main] DEBUG o.a.h.i.conn.DefaultClientConnection - Sending request: GET /auth/V1/generate/token HTTP/1.1
2022-02-03_22:00:50.778 [main] DEBUG org.apache.http.wire -  >> "GET /auth/V1/generate/token HTTP/1.1[\r][\n]"
2022-02-03_22:00:50.781 [main] DEBUG org.apache.http.wire -  >> "Content-Type: application/json; charset=UTF-8[\r][\n]"
2022-02-03_22:00:50.781 [main] DEBUG org.apache.http.wire -  >> "Accept: */*[\r][\n]"
2022-02-03_22:00:50.781 [main] DEBUG org.apache.http.wire -  >> "userName: A0aCcnPzDANtKmvSLPKcaw==[\r][\n]"
2022-02-03_22:00:50.781 [main] DEBUG org.apache.http.wire -  >> "Host: apitest.pineperks.in[\r][\n]"
2022-02-03_22:00:50.782 [main] DEBUG org.apache.http.wire -  >> "Connection: Keep-Alive[\r][\n]"
2022-02-03_22:00:50.782 [main] DEBUG org.apache.http.wire -  >> "User-Agent: Apache-HttpClient/4.5.2 (Java/1.8.0_202)[\r][\n]"
2022-02-03_22:00:50.782 [main] DEBUG org.apache.http.wire -  >> "Accept-Encoding: gzip,deflate[\r][\n]"
2022-02-03_22:00:50.783 [main] DEBUG org.apache.http.wire -  >> "[\r][\n]"
2022-02-03_22:00:50.783 [main] DEBUG org.apache.http.headers - >> GET /auth/V1/generate/token HTTP/1.1
2022-02-03_22:00:50.783 [main] DEBUG org.apache.http.headers - >> Content-Type: application/json; charset=UTF-8
2022-02-03_22:00:50.783 [main] DEBUG org.apache.http.headers - >> Accept: */*
2022-02-03_22:00:50.783 [main] DEBUG org.apache.http.headers - >> userName: A0aCcnPzDANtKmvSLPKcaw==
2022-02-03_22:00:50.784 [main] DEBUG org.apache.http.headers - >> Host: apitest.pineperks.in
2022-02-03_22:00:50.784 [main] DEBUG org.apache.http.headers - >> Connection: Keep-Alive
2022-02-03_22:00:50.784 [main] DEBUG org.apache.http.headers - >> User-Agent: Apache-HttpClient/4.5.2 (Java/1.8.0_202)
2022-02-03_22:00:50.784 [main] DEBUG org.apache.http.headers - >> Accept-Encoding: gzip,deflate
2022-02-03_22:00:50.828 [main] DEBUG org.apache.http.wire -  << "HTTP/1.1 200 [\r][\n]"
2022-02-03_22:00:50.832 [main] DEBUG org.apache.http.wire -  << "Access-Control-Allow-Methods: GET, POST[\r][\n]"
2022-02-03_22:00:50.833 [main] DEBUG org.apache.http.wire -  << "Access-Control-Allow-Origin: *[\r][\n]"
2022-02-03_22:00:50.833 [main] DEBUG org.apache.http.wire -  << "Content-Security-Policy: default-src 'none'[\r][\n]"
2022-02-03_22:00:50.833 [main] DEBUG org.apache.http.wire -  << "Feature-Policy: 'none'[\r][\n]"
2022-02-03_22:00:50.834 [main] DEBUG org.apache.http.wire -  << "Referrer-Policy: no-referrer[\r][\n]"
2022-02-03_22:00:50.834 [main] DEBUG org.apache.http.wire -  << "Strict-Transport-Security: max-age=31536000 ; includeSubDomains[\r][\n]"
2022-02-03_22:00:50.834 [main] DEBUG org.apache.http.wire -  << "Date: Thu, 03 Feb 2022 16:30:50 GMT[\r][\n]"
2022-02-03_22:00:50.835 [main] DEBUG org.apache.http.wire -  << "Keep-Alive: timeout=60[\r][\n]"
2022-02-03_22:00:50.835 [main] DEBUG org.apache.http.wire -  << "Content-Type: application/json[\r][\n]"
2022-02-03_22:00:50.836 [main] DEBUG org.apache.http.wire -  << "Transfer-Encoding: chunked[\r][\n]"
2022-02-03_22:00:50.836 [main] DEBUG org.apache.http.wire -  << "Connection: keep-alive[\r][\n]"
2022-02-03_22:00:50.836 [main] DEBUG org.apache.http.wire -  << "[\r][\n]"
2022-02-03_22:00:50.838 [main] DEBUG o.a.h.i.conn.DefaultClientConnection - Receiving response: HTTP/1.1 200 
2022-02-03_22:00:50.838 [main] DEBUG org.apache.http.headers - << HTTP/1.1 200 
2022-02-03_22:00:50.839 [main] DEBUG org.apache.http.headers - << Access-Control-Allow-Methods: GET, POST
2022-02-03_22:00:50.839 [main] DEBUG org.apache.http.headers - << Access-Control-Allow-Origin: *
2022-02-03_22:00:50.839 [main] DEBUG org.apache.http.headers - << Content-Security-Policy: default-src 'none'
2022-02-03_22:00:50.839 [main] DEBUG org.apache.http.headers - << Feature-Policy: 'none'
2022-02-03_22:00:50.840 [main] DEBUG org.apache.http.headers - << Referrer-Policy: no-referrer
2022-02-03_22:00:50.840 [main] DEBUG org.apache.http.headers - << Strict-Transport-Security: max-age=31536000 ; includeSubDomains
2022-02-03_22:00:50.840 [main] DEBUG org.apache.http.headers - << Date: Thu, 03 Feb 2022 16:30:50 GMT
2022-02-03_22:00:50.840 [main] DEBUG org.apache.http.headers - << Keep-Alive: timeout=60
2022-02-03_22:00:50.840 [main] DEBUG org.apache.http.headers - << Content-Type: application/json
2022-02-03_22:00:50.840 [main] DEBUG org.apache.http.headers - << Transfer-Encoding: chunked
2022-02-03_22:00:50.840 [main] DEBUG org.apache.http.headers - << Connection: keep-alive
2022-02-03_22:00:50.854 [main] DEBUG o.a.h.impl.client.DefaultHttpClient - Connection can be kept alive for 60000 MILLISECONDS
2022-02-03_22:00:50.895 [main] DEBUG i.r.i.RequestSpecificationImpl$RestAssuredHttpBuilder - Parsing response as: application/json
2022-02-03_22:00:50.896 [main] DEBUG i.r.i.RequestSpecificationImpl$RestAssuredHttpBuilder - Parsed data to instance of: class org.apache.http.conn.EofSensorInputStream
2022-02-03_22:00:50.927 [main] INFO  com.qc.BaseAPI - Method :GET
2022-02-03_22:00:50.928 [main] INFO  com.qc.BaseAPI - URI :https://apitest.pineperks.in/auth/V1/generate/token
2022-02-03_22:00:50.929 [main] INFO  com.qc.BaseAPI - Headers :userName=A0aCcnPzDANtKmvSLPKcaw==
Accept=*/*
Content-Type=application/json; charset=UTF-8
2022-02-03_22:00:50.929 [main] INFO  com.qc.BaseAPI - Body :null
2022-02-03_22:00:50.929 [main] INFO  com.qc.BaseAPI - ********************RESPONSE********************
2022-02-03_22:00:50.949 [main] DEBUG org.apache.http.wire -  << "7f[\r][\n]"
2022-02-03_22:00:50.949 [main] DEBUG org.apache.http.wire -  << "{"accessToken":"5b55286cfcce466198914141d42317af","tokenExpiryTime":"03-Feb-2024","responseCode":0,"responseMessage":"Success"}"
2022-02-03_22:00:50.950 [main] DEBUG org.apache.http.wire -  << "[\r][\n]"
2022-02-03_22:00:50.951 [main] DEBUG org.apache.http.wire -  << "0[\r][\n]"
2022-02-03_22:00:50.951 [main] DEBUG org.apache.http.wire -  << "[\r][\n]"
2022-02-03_22:00:50.951 [main] DEBUG o.a.h.i.c.BasicClientConnectionManager - Releasing connection org.apache.http.impl.conn.ManagedClientConnectionImpl@365e2ef6
2022-02-03_22:00:50.951 [main] DEBUG o.a.h.i.c.BasicClientConnectionManager - Connection can be kept alive for 60000 MILLISECONDS
2022-02-03_22:00:50.991 [main] INFO  com.qc.BaseAPI - Response :{
    "accessToken": "5b55286cfcce466198914141d42317af",
    "tokenExpiryTime": "03-Feb-2024",
    "responseCode": 0,
    "responseMessage": "Success"
}
2022-02-03_22:00:50.994 [main] INFO  com.qc.BaseAPI -  **** GET call Response time 3265 ms
2022-02-03_22:00:50.995 [main] INFO  pl.rest.service.Authorize - Time Taken to perform https://apitest.pineperks.in/auth/V1/generate/token transaction: 3265
2022-02-03_22:00:51.103 [main] INFO  pl.rest.utils.DBUtils - Query being executed Select * from card where isDummyCard=1 and corporateid=6;
2022-02-03_22:00:51.167 [main] ERROR com.qc.qa.utils.LoadProperties - Missing MySQLDBEnvironment property value in system property or in config.properties files.Please add it if incase required
2022-02-03_22:00:51.168 [main] INFO  com.qc.qa.dbutils.DBPoolProvider - Con pool Total - 400, idle - 0,  Num active - 0
2022-02-03_22:00:51.169 [main] INFO  com.qc.qa.dbutils.DBPoolProvider - Retrieved connection
2022-02-03_22:00:58.003 [main] INFO  pl.rest.CustomHooks - SCENARIO NAME: Validating the pin mode value on the response on issuing different PIN on SMS/ Physical PIN Mailer/ Customer generated PIN/ PIN Less pin mode card.
2022-02-03_22:00:58.004 [main] INFO  pl.rest.CustomHooks - TAG NAMEs: [@Regression]
2022-02-03_22:00:58.005 [main] INFO  pl.rest.CustomHooks - SCENARIO NAME: Validating the pin mode value on the response on issuing different PIN on SMS/ Physical PIN Mailer/ Customer generated PIN/ PIN Less pin mode card.
2022-02-03_22:00:58.005 [main] INFO  pl.rest.CustomHooks - TAG NAMEs: [@Regression]
2022-02-03_22:00:58.005 [main] INFO  pl.rest.CustomHooks - Index: 0, Size: 0
2022-02-03_22:00:58.371 [main] INFO  pl.rest.service.Authorize - Authorize Rest API URL :- https://apitest.pineperks.in/auth/V1/generate/token
2022-02-03_22:00:58.372 [main] INFO  com.qc.BaseAPI - GET call to URL https://apitest.pineperks.in/auth/V1/generate/token
2022-02-03_22:00:58.378 [main] INFO  com.qc.BaseAPI - ********************REQUEST********************
2022-02-03_22:00:58.400 [main] DEBUG o.a.h.i.c.BasicClientConnectionManager - Get connection for route {s}->https://apitest.pineperks.in:443
2022-02-03_22:00:58.401 [main] DEBUG o.a.h.i.c.DefaultClientConnectionOperator - Connecting to apitest.pineperks.in:443
2022-02-03_22:00:58.520 [main] DEBUG o.a.h.c.protocol.RequestAddCookies - CookieSpec selected: ignoreCookies
2022-02-03_22:00:58.521 [main] DEBUG o.a.h.c.protocol.RequestAuthCache - Auth cache not set in the context
2022-02-03_22:00:58.521 [main] DEBUG o.a.h.c.p.RequestTargetAuthentication - Target auth state: UNCHALLENGED
2022-02-03_22:00:58.521 [main] DEBUG o.a.h.c.p.RequestProxyAuthentication - Proxy auth state: UNCHALLENGED
2022-02-03_22:00:58.522 [main] DEBUG o.a.h.impl.client.DefaultHttpClient - Attempt 1 to execute request
2022-02-03_22:00:58.523 [main] DEBUG o.a.h.i.conn.DefaultClientConnection - Sending request: GET /auth/V1/generate/token HTTP/1.1
2022-02-03_22:00:58.523 [main] DEBUG org.apache.http.wire -  >> "GET /auth/V1/generate/token HTTP/1.1[\r][\n]"
2022-02-03_22:00:58.523 [main] DEBUG org.apache.http.wire -  >> "Content-Type: application/json; charset=UTF-8[\r][\n]"
2022-02-03_22:00:58.525 [main] DEBUG org.apache.http.wire -  >> "Accept: */*[\r][\n]"
2022-02-03_22:00:58.525 [main] DEBUG org.apache.http.wire -  >> "userName: A0aCcnPzDANtKmvSLPKcaw==[\r][\n]"
2022-02-03_22:00:58.525 [main] DEBUG org.apache.http.wire -  >> "Host: apitest.pineperks.in[\r][\n]"
2022-02-03_22:00:58.525 [main] DEBUG org.apache.http.wire -  >> "Connection: Keep-Alive[\r][\n]"
2022-02-03_22:00:58.526 [main] DEBUG org.apache.http.wire -  >> "User-Agent: Apache-HttpClient/4.5.2 (Java/1.8.0_202)[\r][\n]"
2022-02-03_22:00:58.527 [main] DEBUG org.apache.http.wire -  >> "Accept-Encoding: gzip,deflate[\r][\n]"
2022-02-03_22:00:58.527 [main] DEBUG org.apache.http.wire -  >> "[\r][\n]"
2022-02-03_22:00:58.527 [main] DEBUG org.apache.http.headers - >> GET /auth/V1/generate/token HTTP/1.1
2022-02-03_22:00:58.527 [main] DEBUG org.apache.http.headers - >> Content-Type: application/json; charset=UTF-8
2022-02-03_22:00:58.527 [main] DEBUG org.apache.http.headers - >> Accept: */*
2022-02-03_22:00:58.527 [main] DEBUG org.apache.http.headers - >> userName: A0aCcnPzDANtKmvSLPKcaw==
2022-02-03_22:00:58.527 [main] DEBUG org.apache.http.headers - >> Host: apitest.pineperks.in
2022-02-03_22:00:58.528 [main] DEBUG org.apache.http.headers - >> Connection: Keep-Alive
2022-02-03_22:00:58.528 [main] DEBUG org.apache.http.headers - >> User-Agent: Apache-HttpClient/4.5.2 (Java/1.8.0_202)
2022-02-03_22:00:58.528 [main] DEBUG org.apache.http.headers - >> Accept-Encoding: gzip,deflate
2022-02-03_22:00:58.555 [main] DEBUG org.apache.http.wire -  << "HTTP/1.1 200 [\r][\n]"
2022-02-03_22:00:58.555 [main] DEBUG org.apache.http.wire -  << "Access-Control-Allow-Methods: GET, POST[\r][\n]"
2022-02-03_22:00:58.555 [main] DEBUG org.apache.http.wire -  << "Access-Control-Allow-Origin: *[\r][\n]"
2022-02-03_22:00:58.555 [main] DEBUG org.apache.http.wire -  << "Content-Security-Policy: default-src 'none'[\r][\n]"
2022-02-03_22:00:58.556 [main] DEBUG org.apache.http.wire -  << "Feature-Policy: 'none'[\r][\n]"
2022-02-03_22:00:58.556 [main] DEBUG org.apache.http.wire -  << "Referrer-Policy: no-referrer[\r][\n]"
2022-02-03_22:00:58.556 [main] DEBUG org.apache.http.wire -  << "Strict-Transport-Security: max-age=31536000 ; includeSubDomains[\r][\n]"
2022-02-03_22:00:58.556 [main] DEBUG org.apache.http.wire -  << "Date: Thu, 03 Feb 2022 16:30:58 GMT[\r][\n]"
2022-02-03_22:00:58.556 [main] DEBUG org.apache.http.wire -  << "Keep-Alive: timeout=60[\r][\n]"
2022-02-03_22:00:58.556 [main] DEBUG org.apache.http.wire -  << "Content-Type: application/json[\r][\n]"
2022-02-03_22:00:58.557 [main] DEBUG org.apache.http.wire -  << "Transfer-Encoding: chunked[\r][\n]"
2022-02-03_22:00:58.557 [main] DEBUG org.apache.http.wire -  << "Connection: keep-alive[\r][\n]"
2022-02-03_22:00:58.557 [main] DEBUG org.apache.http.wire -  << "[\r][\n]"
2022-02-03_22:00:58.558 [main] DEBUG o.a.h.i.conn.DefaultClientConnection - Receiving response: HTTP/1.1 200 
2022-02-03_22:00:58.559 [main] DEBUG org.apache.http.headers - << HTTP/1.1 200 
2022-02-03_22:00:58.559 [main] DEBUG org.apache.http.headers - << Access-Control-Allow-Methods: GET, POST
2022-02-03_22:00:58.559 [main] DEBUG org.apache.http.headers - << Access-Control-Allow-Origin: *
2022-02-03_22:00:58.559 [main] DEBUG org.apache.http.headers - << Content-Security-Policy: default-src 'none'
2022-02-03_22:00:58.559 [main] DEBUG org.apache.http.headers - << Feature-Policy: 'none'
2022-02-03_22:00:58.559 [main] DEBUG org.apache.http.headers - << Referrer-Policy: no-referrer
2022-02-03_22:00:58.559 [main] DEBUG org.apache.http.headers - << Strict-Transport-Security: max-age=31536000 ; includeSubDomains
2022-02-03_22:00:58.559 [main] DEBUG org.apache.http.headers - << Date: Thu, 03 Feb 2022 16:30:58 GMT
2022-02-03_22:00:58.559 [main] DEBUG org.apache.http.headers - << Keep-Alive: timeout=60
2022-02-03_22:00:58.559 [main] DEBUG org.apache.http.headers - << Content-Type: application/json
2022-02-03_22:00:58.559 [main] DEBUG org.apache.http.headers - << Transfer-Encoding: chunked
2022-02-03_22:00:58.559 [main] DEBUG org.apache.http.headers - << Connection: keep-alive
2022-02-03_22:00:58.561 [main] DEBUG o.a.h.impl.client.DefaultHttpClient - Connection can be kept alive for 60000 MILLISECONDS
2022-02-03_22:00:58.561 [main] DEBUG i.r.i.RequestSpecificationImpl$RestAssuredHttpBuilder - Parsing response as: application/json
2022-02-03_22:00:58.562 [main] DEBUG i.r.i.RequestSpecificationImpl$RestAssuredHttpBuilder - Parsed data to instance of: class org.apache.http.conn.EofSensorInputStream
2022-02-03_22:00:58.563 [main] INFO  com.qc.BaseAPI - Method :GET
2022-02-03_22:00:58.566 [main] INFO  com.qc.BaseAPI - URI :https://apitest.pineperks.in/auth/V1/generate/token
2022-02-03_22:00:58.566 [main] INFO  com.qc.BaseAPI - Headers :userName=A0aCcnPzDANtKmvSLPKcaw==
Accept=*/*
Content-Type=application/json; charset=UTF-8
2022-02-03_22:00:58.567 [main] INFO  com.qc.BaseAPI - Body :null
2022-02-03_22:00:58.567 [main] INFO  com.qc.BaseAPI - ********************RESPONSE********************
2022-02-03_22:00:58.567 [main] DEBUG org.apache.http.wire -  << "7f[\r][\n]"
2022-02-03_22:00:58.567 [main] DEBUG org.apache.http.wire -  << "{"accessToken":"d1a78e10dedd4cf7af6d62dd17f3a8d3","tokenExpiryTime":"03-Feb-2024","responseCode":0,"responseMessage":"Success"}"
2022-02-03_22:00:58.568 [main] DEBUG org.apache.http.wire -  << "[\r][\n]"
2022-02-03_22:00:58.568 [main] DEBUG org.apache.http.wire -  << "0[\r][\n]"
2022-02-03_22:00:58.568 [main] DEBUG org.apache.http.wire -  << "[\r][\n]"
2022-02-03_22:00:58.568 [main] DEBUG o.a.h.i.c.BasicClientConnectionManager - Releasing connection org.apache.http.impl.conn.ManagedClientConnectionImpl@97dbba5
2022-02-03_22:00:58.569 [main] DEBUG o.a.h.i.c.BasicClientConnectionManager - Connection can be kept alive for 60000 MILLISECONDS
2022-02-03_22:00:58.570 [main] INFO  com.qc.BaseAPI - Response :{
    "accessToken": "d1a78e10dedd4cf7af6d62dd17f3a8d3",
    "tokenExpiryTime": "03-Feb-2024",
    "responseCode": 0,
    "responseMessage": "Success"
}
2022-02-03_22:00:58.570 [main] INFO  com.qc.BaseAPI -  **** GET call Response time 179 ms
2022-02-03_22:00:58.570 [main] INFO  pl.rest.service.Authorize - Time Taken to perform https://apitest.pineperks.in/auth/V1/generate/token transaction: 179
2022-02-03_22:00:58.578 [main] INFO  pl.rest.utils.DBUtils - Query being executed Select * from card where isDummyCard=1 and corporateid=6;
2022-02-03_22:00:58.578 [main] INFO  com.qc.qa.dbutils.DBPoolProvider - Con pool Total - 400, idle - 1,  Num active - 0
2022-02-03_22:00:58.578 [main] INFO  com.qc.qa.dbutils.DBPoolProvider - Retrieved connection
2022-02-03_22:01:06.077 [main] INFO  pl.rest.CustomHooks - SCENARIO NAME: Validating the pin mode value on the response on issuing different PIN on SMS/ Physical PIN Mailer/ Customer generated PIN/ PIN Less pin mode card.
2022-02-03_22:01:06.077 [main] INFO  pl.rest.CustomHooks - TAG NAMEs: [@Regression]
2022-02-03_22:01:06.078 [main] INFO  pl.rest.CustomHooks - SCENARIO NAME: Validating the pin mode value on the response on issuing different PIN on SMS/ Physical PIN Mailer/ Customer generated PIN/ PIN Less pin mode card.
2022-02-03_22:01:06.078 [main] INFO  pl.rest.CustomHooks - TAG NAMEs: [@Regression]
2022-02-03_22:01:06.078 [main] INFO  pl.rest.CustomHooks - Index: 0, Size: 0
2022-02-03_22:01:06.263 [Finalizer] DEBUG o.a.h.i.conn.DefaultClientConnection - Connection 0.0.0.0:62830<->14.143.120.84:443 closed
2022-02-03_22:01:06.499 [main] INFO  pl.rest.service.Authorize - Authorize Rest API URL :- https://apitest.pineperks.in/auth/V1/generate/token
2022-02-03_22:01:06.499 [main] INFO  com.qc.BaseAPI - GET call to URL https://apitest.pineperks.in/auth/V1/generate/token
2022-02-03_22:01:06.509 [main] INFO  com.qc.BaseAPI - ********************REQUEST********************
2022-02-03_22:01:06.531 [main] DEBUG o.a.h.i.c.BasicClientConnectionManager - Get connection for route {s}->https://apitest.pineperks.in:443
2022-02-03_22:01:06.532 [main] DEBUG o.a.h.i.c.DefaultClientConnectionOperator - Connecting to apitest.pineperks.in:443
2022-02-03_22:01:06.663 [main] DEBUG o.a.h.c.protocol.RequestAddCookies - CookieSpec selected: ignoreCookies
2022-02-03_22:01:06.663 [main] DEBUG o.a.h.c.protocol.RequestAuthCache - Auth cache not set in the context
2022-02-03_22:01:06.664 [main] DEBUG o.a.h.c.p.RequestTargetAuthentication - Target auth state: UNCHALLENGED
2022-02-03_22:01:06.664 [main] DEBUG o.a.h.c.p.RequestProxyAuthentication - Proxy auth state: UNCHALLENGED
2022-02-03_22:01:06.665 [main] DEBUG o.a.h.impl.client.DefaultHttpClient - Attempt 1 to execute request
2022-02-03_22:01:06.665 [main] DEBUG o.a.h.i.conn.DefaultClientConnection - Sending request: GET /auth/V1/generate/token HTTP/1.1
2022-02-03_22:01:06.665 [main] DEBUG org.apache.http.wire -  >> "GET /auth/V1/generate/token HTTP/1.1[\r][\n]"
2022-02-03_22:01:06.665 [main] DEBUG org.apache.http.wire -  >> "Content-Type: application/json; charset=UTF-8[\r][\n]"
2022-02-03_22:01:06.665 [main] DEBUG org.apache.http.wire -  >> "Accept: */*[\r][\n]"
2022-02-03_22:01:06.666 [main] DEBUG org.apache.http.wire -  >> "userName: A0aCcnPzDANtKmvSLPKcaw==[\r][\n]"
2022-02-03_22:01:06.666 [main] DEBUG org.apache.http.wire -  >> "Host: apitest.pineperks.in[\r][\n]"
2022-02-03_22:01:06.666 [main] DEBUG org.apache.http.wire -  >> "Connection: Keep-Alive[\r][\n]"
2022-02-03_22:01:06.666 [main] DEBUG org.apache.http.wire -  >> "User-Agent: Apache-HttpClient/4.5.2 (Java/1.8.0_202)[\r][\n]"
2022-02-03_22:01:06.666 [main] DEBUG org.apache.http.wire -  >> "Accept-Encoding: gzip,deflate[\r][\n]"
2022-02-03_22:01:06.666 [main] DEBUG org.apache.http.wire -  >> "[\r][\n]"
2022-02-03_22:01:06.666 [main] DEBUG org.apache.http.headers - >> GET /auth/V1/generate/token HTTP/1.1
2022-02-03_22:01:06.667 [main] DEBUG org.apache.http.headers - >> Content-Type: application/json; charset=UTF-8
2022-02-03_22:01:06.667 [main] DEBUG org.apache.http.headers - >> Accept: */*
2022-02-03_22:01:06.667 [main] DEBUG org.apache.http.headers - >> userName: A0aCcnPzDANtKmvSLPKcaw==
2022-02-03_22:01:06.668 [main] DEBUG org.apache.http.headers - >> Host: apitest.pineperks.in
2022-02-03_22:01:06.668 [main] DEBUG org.apache.http.headers - >> Connection: Keep-Alive
2022-02-03_22:01:06.668 [main] DEBUG org.apache.http.headers - >> User-Agent: Apache-HttpClient/4.5.2 (Java/1.8.0_202)
2022-02-03_22:01:06.668 [main] DEBUG org.apache.http.headers - >> Accept-Encoding: gzip,deflate
2022-02-03_22:01:06.711 [main] DEBUG org.apache.http.wire -  << "HTTP/1.1 200 [\r][\n]"
2022-02-03_22:01:06.712 [main] DEBUG org.apache.http.wire -  << "Access-Control-Allow-Methods: GET, POST[\r][\n]"
2022-02-03_22:01:06.712 [main] DEBUG org.apache.http.wire -  << "Access-Control-Allow-Origin: *[\r][\n]"
2022-02-03_22:01:06.713 [main] DEBUG org.apache.http.wire -  << "Content-Security-Policy: default-src 'none'[\r][\n]"
2022-02-03_22:01:06.713 [main] DEBUG org.apache.http.wire -  << "Feature-Policy: 'none'[\r][\n]"
2022-02-03_22:01:06.713 [main] DEBUG org.apache.http.wire -  << "Referrer-Policy: no-referrer[\r][\n]"
2022-02-03_22:01:06.713 [main] DEBUG org.apache.http.wire -  << "Strict-Transport-Security: max-age=31536000 ; includeSubDomains[\r][\n]"
2022-02-03_22:01:06.714 [main] DEBUG org.apache.http.wire -  << "Date: Thu, 03 Feb 2022 16:31:06 GMT[\r][\n]"
2022-02-03_22:01:06.714 [main] DEBUG org.apache.http.wire -  << "Keep-Alive: timeout=60[\r][\n]"
2022-02-03_22:01:06.714 [main] DEBUG org.apache.http.wire -  << "Content-Type: application/json[\r][\n]"
2022-02-03_22:01:06.714 [main] DEBUG org.apache.http.wire -  << "Transfer-Encoding: chunked[\r][\n]"
2022-02-03_22:01:06.714 [main] DEBUG org.apache.http.wire -  << "Connection: keep-alive[\r][\n]"
2022-02-03_22:01:06.714 [main] DEBUG org.apache.http.wire -  << "[\r][\n]"
2022-02-03_22:01:06.715 [main] DEBUG o.a.h.i.conn.DefaultClientConnection - Receiving response: HTTP/1.1 200 
2022-02-03_22:01:06.715 [main] DEBUG org.apache.http.headers - << HTTP/1.1 200 
2022-02-03_22:01:06.715 [main] DEBUG org.apache.http.headers - << Access-Control-Allow-Methods: GET, POST
2022-02-03_22:01:06.715 [main] DEBUG org.apache.http.headers - << Access-Control-Allow-Origin: *
2022-02-03_22:01:06.715 [main] DEBUG org.apache.http.headers - << Content-Security-Policy: default-src 'none'
2022-02-03_22:01:06.715 [main] DEBUG org.apache.http.headers - << Feature-Policy: 'none'
2022-02-03_22:01:06.716 [main] DEBUG org.apache.http.headers - << Referrer-Policy: no-referrer
2022-02-03_22:01:06.716 [main] DEBUG org.apache.http.headers - << Strict-Transport-Security: max-age=31536000 ; includeSubDomains
2022-02-03_22:01:06.716 [main] DEBUG org.apache.http.headers - << Date: Thu, 03 Feb 2022 16:31:06 GMT
2022-02-03_22:01:06.716 [main] DEBUG org.apache.http.headers - << Keep-Alive: timeout=60
2022-02-03_22:01:06.716 [main] DEBUG org.apache.http.headers - << Content-Type: application/json
2022-02-03_22:01:06.716 [main] DEBUG org.apache.http.headers - << Transfer-Encoding: chunked
2022-02-03_22:01:06.716 [main] DEBUG org.apache.http.headers - << Connection: keep-alive
2022-02-03_22:01:06.717 [main] DEBUG o.a.h.impl.client.DefaultHttpClient - Connection can be kept alive for 60000 MILLISECONDS
2022-02-03_22:01:06.717 [main] DEBUG i.r.i.RequestSpecificationImpl$RestAssuredHttpBuilder - Parsing response as: application/json
2022-02-03_22:01:06.718 [main] DEBUG i.r.i.RequestSpecificationImpl$RestAssuredHttpBuilder - Parsed data to instance of: class org.apache.http.conn.EofSensorInputStream
2022-02-03_22:01:06.720 [main] INFO  com.qc.BaseAPI - Method :GET
2022-02-03_22:01:06.721 [main] INFO  com.qc.BaseAPI - URI :https://apitest.pineperks.in/auth/V1/generate/token
2022-02-03_22:01:06.721 [main] INFO  com.qc.BaseAPI - Headers :userName=A0aCcnPzDANtKmvSLPKcaw==
Accept=*/*
Content-Type=application/json; charset=UTF-8
2022-02-03_22:01:06.721 [main] INFO  com.qc.BaseAPI - Body :null
2022-02-03_22:01:06.721 [main] INFO  com.qc.BaseAPI - ********************RESPONSE********************
2022-02-03_22:01:06.721 [main] DEBUG org.apache.http.wire -  << "7f[\r][\n]"
2022-02-03_22:01:06.722 [main] DEBUG org.apache.http.wire -  << "{"accessToken":"ba2069a507c9422da0a90a904faf6990","tokenExpiryTime":"03-Feb-2024","responseCode":0,"responseMessage":"Success"}"
2022-02-03_22:01:06.722 [main] DEBUG org.apache.http.wire -  << "[\r][\n]"
2022-02-03_22:01:06.722 [main] DEBUG org.apache.http.wire -  << "0[\r][\n]"
2022-02-03_22:01:06.722 [main] DEBUG org.apache.http.wire -  << "[\r][\n]"
2022-02-03_22:01:06.723 [main] DEBUG o.a.h.i.c.BasicClientConnectionManager - Releasing connection org.apache.http.impl.conn.ManagedClientConnectionImpl@1379c22c
2022-02-03_22:01:06.723 [main] DEBUG o.a.h.i.c.BasicClientConnectionManager - Connection can be kept alive for 60000 MILLISECONDS
2022-02-03_22:01:06.724 [main] INFO  com.qc.BaseAPI - Response :{
    "accessToken": "ba2069a507c9422da0a90a904faf6990",
    "tokenExpiryTime": "03-Feb-2024",
    "responseCode": 0,
    "responseMessage": "Success"
}
2022-02-03_22:01:06.725 [main] INFO  com.qc.BaseAPI -  **** GET call Response time 203 ms
2022-02-03_22:01:06.725 [main] INFO  pl.rest.service.Authorize - Time Taken to perform https://apitest.pineperks.in/auth/V1/generate/token transaction: 203
2022-02-03_22:01:06.731 [main] INFO  pl.rest.utils.DBUtils - Query being executed Select * from card where isDummyCard=1 and corporateid=6;
2022-02-03_22:01:06.731 [main] INFO  com.qc.qa.dbutils.DBPoolProvider - Con pool Total - 400, idle - 1,  Num active - 0
2022-02-03_22:01:06.731 [main] INFO  com.qc.qa.dbutils.DBPoolProvider - Retrieved connection
2022-02-03_22:01:12.977 [main] INFO  pl.rest.CustomHooks - SCENARIO NAME: Validating the pin mode value on the response on issuing different PIN on SMS/ Physical PIN Mailer/ Customer generated PIN/ PIN Less pin mode card.
2022-02-03_22:01:12.978 [main] INFO  pl.rest.CustomHooks - TAG NAMEs: [@Regression]
2022-02-03_22:01:12.979 [main] INFO  pl.rest.CustomHooks - SCENARIO NAME: Validating the pin mode value on the response on issuing different PIN on SMS/ Physical PIN Mailer/ Customer generated PIN/ PIN Less pin mode card.
2022-02-03_22:01:12.979 [main] INFO  pl.rest.CustomHooks - TAG NAMEs: [@Regression]
2022-02-03_22:01:12.979 [main] INFO  pl.rest.CustomHooks - Index: 0, Size: 0
2022-02-03_22:01:13.174 [main] INFO  pl.rest.service.Authorize - Authorize Rest API URL :- https://apitest.pineperks.in/auth/V1/generate/token
2022-02-03_22:01:13.175 [main] INFO  com.qc.BaseAPI - GET call to URL https://apitest.pineperks.in/auth/V1/generate/token
2022-02-03_22:01:13.181 [main] INFO  com.qc.BaseAPI - ********************REQUEST********************
2022-02-03_22:01:13.191 [main] DEBUG o.a.h.i.c.BasicClientConnectionManager - Get connection for route {s}->https://apitest.pineperks.in:443
2022-02-03_22:01:13.192 [main] DEBUG o.a.h.i.c.DefaultClientConnectionOperator - Connecting to apitest.pineperks.in:443
2022-02-03_22:01:13.308 [main] DEBUG o.a.h.c.protocol.RequestAddCookies - CookieSpec selected: ignoreCookies
2022-02-03_22:01:13.309 [main] DEBUG o.a.h.c.protocol.RequestAuthCache - Auth cache not set in the context
2022-02-03_22:01:13.309 [main] DEBUG o.a.h.c.p.RequestTargetAuthentication - Target auth state: UNCHALLENGED
2022-02-03_22:01:13.310 [main] DEBUG o.a.h.c.p.RequestProxyAuthentication - Proxy auth state: UNCHALLENGED
2022-02-03_22:01:13.310 [main] DEBUG o.a.h.impl.client.DefaultHttpClient - Attempt 1 to execute request
2022-02-03_22:01:13.310 [main] DEBUG o.a.h.i.conn.DefaultClientConnection - Sending request: GET /auth/V1/generate/token HTTP/1.1
2022-02-03_22:01:13.311 [main] DEBUG org.apache.http.wire -  >> "GET /auth/V1/generate/token HTTP/1.1[\r][\n]"
2022-02-03_22:01:13.311 [main] DEBUG org.apache.http.wire -  >> "Content-Type: application/json; charset=UTF-8[\r][\n]"
2022-02-03_22:01:13.311 [main] DEBUG org.apache.http.wire -  >> "Accept: */*[\r][\n]"
2022-02-03_22:01:13.311 [main] DEBUG org.apache.http.wire -  >> "userName: A0aCcnPzDANtKmvSLPKcaw==[\r][\n]"
2022-02-03_22:01:13.311 [main] DEBUG org.apache.http.wire -  >> "Host: apitest.pineperks.in[\r][\n]"
2022-02-03_22:01:13.311 [main] DEBUG org.apache.http.wire -  >> "Connection: Keep-Alive[\r][\n]"
2022-02-03_22:01:13.311 [main] DEBUG org.apache.http.wire -  >> "User-Agent: Apache-HttpClient/4.5.2 (Java/1.8.0_202)[\r][\n]"
2022-02-03_22:01:13.311 [main] DEBUG org.apache.http.wire -  >> "Accept-Encoding: gzip,deflate[\r][\n]"
2022-02-03_22:01:13.311 [main] DEBUG org.apache.http.wire -  >> "[\r][\n]"
2022-02-03_22:01:13.311 [main] DEBUG org.apache.http.headers - >> GET /auth/V1/generate/token HTTP/1.1
2022-02-03_22:01:13.311 [main] DEBUG org.apache.http.headers - >> Content-Type: application/json; charset=UTF-8
2022-02-03_22:01:13.311 [main] DEBUG org.apache.http.headers - >> Accept: */*
2022-02-03_22:01:13.311 [main] DEBUG org.apache.http.headers - >> userName: A0aCcnPzDANtKmvSLPKcaw==
2022-02-03_22:01:13.311 [main] DEBUG org.apache.http.headers - >> Host: apitest.pineperks.in
2022-02-03_22:01:13.311 [main] DEBUG org.apache.http.headers - >> Connection: Keep-Alive
2022-02-03_22:01:13.311 [main] DEBUG org.apache.http.headers - >> User-Agent: Apache-HttpClient/4.5.2 (Java/1.8.0_202)
2022-02-03_22:01:13.313 [main] DEBUG org.apache.http.headers - >> Accept-Encoding: gzip,deflate
2022-02-03_22:01:13.344 [main] DEBUG org.apache.http.wire -  << "HTTP/1.1 200 [\r][\n]"
2022-02-03_22:01:13.344 [main] DEBUG org.apache.http.wire -  << "Access-Control-Allow-Methods: GET, POST[\r][\n]"
2022-02-03_22:01:13.344 [main] DEBUG org.apache.http.wire -  << "Access-Control-Allow-Origin: *[\r][\n]"
2022-02-03_22:01:13.344 [main] DEBUG org.apache.http.wire -  << "Content-Security-Policy: default-src 'none'[\r][\n]"
2022-02-03_22:01:13.344 [main] DEBUG org.apache.http.wire -  << "Feature-Policy: 'none'[\r][\n]"
2022-02-03_22:01:13.344 [main] DEBUG org.apache.http.wire -  << "Referrer-Policy: no-referrer[\r][\n]"
2022-02-03_22:01:13.344 [main] DEBUG org.apache.http.wire -  << "Strict-Transport-Security: max-age=31536000 ; includeSubDomains[\r][\n]"
2022-02-03_22:01:13.344 [main] DEBUG org.apache.http.wire -  << "Date: Thu, 03 Feb 2022 16:31:13 GMT[\r][\n]"
2022-02-03_22:01:13.344 [main] DEBUG org.apache.http.wire -  << "Keep-Alive: timeout=60[\r][\n]"
2022-02-03_22:01:13.344 [main] DEBUG org.apache.http.wire -  << "Content-Type: application/json[\r][\n]"
2022-02-03_22:01:13.344 [main] DEBUG org.apache.http.wire -  << "Transfer-Encoding: chunked[\r][\n]"
2022-02-03_22:01:13.345 [main] DEBUG org.apache.http.wire -  << "Connection: keep-alive[\r][\n]"
2022-02-03_22:01:13.345 [main] DEBUG org.apache.http.wire -  << "[\r][\n]"
2022-02-03_22:01:13.345 [main] DEBUG o.a.h.i.conn.DefaultClientConnection - Receiving response: HTTP/1.1 200 
2022-02-03_22:01:13.346 [main] DEBUG org.apache.http.headers - << HTTP/1.1 200 
2022-02-03_22:01:13.346 [main] DEBUG org.apache.http.headers - << Access-Control-Allow-Methods: GET, POST
2022-02-03_22:01:13.346 [main] DEBUG org.apache.http.headers - << Access-Control-Allow-Origin: *
2022-02-03_22:01:13.346 [main] DEBUG org.apache.http.headers - << Content-Security-Policy: default-src 'none'
2022-02-03_22:01:13.346 [main] DEBUG org.apache.http.headers - << Feature-Policy: 'none'
2022-02-03_22:01:13.346 [main] DEBUG org.apache.http.headers - << Referrer-Policy: no-referrer
2022-02-03_22:01:13.346 [main] DEBUG org.apache.http.headers - << Strict-Transport-Security: max-age=31536000 ; includeSubDomains
2022-02-03_22:01:13.346 [main] DEBUG org.apache.http.headers - << Date: Thu, 03 Feb 2022 16:31:13 GMT
2022-02-03_22:01:13.346 [main] DEBUG org.apache.http.headers - << Keep-Alive: timeout=60
2022-02-03_22:01:13.346 [main] DEBUG org.apache.http.headers - << Content-Type: application/json
2022-02-03_22:01:13.346 [main] DEBUG org.apache.http.headers - << Transfer-Encoding: chunked
2022-02-03_22:01:13.346 [main] DEBUG org.apache.http.headers - << Connection: keep-alive
2022-02-03_22:01:13.347 [main] DEBUG o.a.h.impl.client.DefaultHttpClient - Connection can be kept alive for 60000 MILLISECONDS
2022-02-03_22:01:13.347 [main] DEBUG i.r.i.RequestSpecificationImpl$RestAssuredHttpBuilder - Parsing response as: application/json
2022-02-03_22:01:13.347 [main] DEBUG i.r.i.RequestSpecificationImpl$RestAssuredHttpBuilder - Parsed data to instance of: class org.apache.http.conn.EofSensorInputStream
2022-02-03_22:01:13.349 [main] INFO  com.qc.BaseAPI - Method :GET
2022-02-03_22:01:13.351 [main] INFO  com.qc.BaseAPI - URI :https://apitest.pineperks.in/auth/V1/generate/token
2022-02-03_22:01:13.351 [main] INFO  com.qc.BaseAPI - Headers :userName=A0aCcnPzDANtKmvSLPKcaw==
Accept=*/*
Content-Type=application/json; charset=UTF-8
2022-02-03_22:01:13.352 [main] INFO  com.qc.BaseAPI - Body :null
2022-02-03_22:01:13.352 [main] INFO  com.qc.BaseAPI - ********************RESPONSE********************
2022-02-03_22:01:13.352 [main] DEBUG org.apache.http.wire -  << "7f[\r][\n]"
2022-02-03_22:01:13.352 [main] DEBUG org.apache.http.wire -  << "{"accessToken":"1fb957888f1b4a5ab5ed859f00b56f2d","tokenExpiryTime":"03-Feb-2024","responseCode":0,"responseMessage":"Success"}"
2022-02-03_22:01:13.352 [main] DEBUG org.apache.http.wire -  << "[\r][\n]"
2022-02-03_22:01:13.353 [main] DEBUG org.apache.http.wire -  << "0[\r][\n]"
2022-02-03_22:01:13.353 [main] DEBUG org.apache.http.wire -  << "[\r][\n]"
2022-02-03_22:01:13.353 [main] DEBUG o.a.h.i.c.BasicClientConnectionManager - Releasing connection org.apache.http.impl.conn.ManagedClientConnectionImpl@2e89ae05
2022-02-03_22:01:13.353 [main] DEBUG o.a.h.i.c.BasicClientConnectionManager - Connection can be kept alive for 60000 MILLISECONDS
2022-02-03_22:01:13.355 [main] INFO  com.qc.BaseAPI - Response :{
    "accessToken": "1fb957888f1b4a5ab5ed859f00b56f2d",
    "tokenExpiryTime": "03-Feb-2024",
    "responseCode": 0,
    "responseMessage": "Success"
}
2022-02-03_22:01:13.355 [main] INFO  com.qc.BaseAPI -  **** GET call Response time 166 ms
2022-02-03_22:01:13.355 [main] INFO  pl.rest.service.Authorize - Time Taken to perform https://apitest.pineperks.in/auth/V1/generate/token transaction: 166
2022-02-03_22:01:13.364 [main] INFO  pl.rest.utils.DBUtils - Query being executed Select * from card where isDummyCard=1 and corporateid=6;
2022-02-03_22:01:13.364 [main] INFO  com.qc.qa.dbutils.DBPoolProvider - Con pool Total - 400, idle - 1,  Num active - 0
2022-02-03_22:01:13.364 [main] INFO  com.qc.qa.dbutils.DBPoolProvider - Retrieved connection
2022-02-03_22:01:15.694 [Finalizer] DEBUG o.a.h.i.conn.DefaultClientConnection - Connection 0.0.0.0:62845<->14.143.120.84:443 closed
