2022-01-25_23:43:42.798 [main] INFO  com.qc.CukeBase - Cucumber Before web scenario - Validating the expiry date field when updating the expiry duration as 7 days for V2.
2022-01-25_23:43:42.844 [main] INFO  i.g.bonigarcia.wdm.WebDriverManager - Please answer the following questionnaire based on your experience with WebDriverManager. Thanks a lot!
2022-01-25_23:43:42.844 [main] INFO  i.g.bonigarcia.wdm.WebDriverManager - ====> http://tiny.cc/wdm-survey <====
2022-01-25_23:43:44.600 [main] INFO  i.g.bonigarcia.wdm.WebDriverManager - Using chromedriver 97.0.4692.71 (since Chrome 97 is installed in your machine)
2022-01-25_23:43:44.633 [main] DEBUG i.g.bonigarcia.wdm.WebDriverManager - Driver chromedriver 97.0.4692.71 found in cache
2022-01-25_23:43:44.634 [main] INFO  i.g.bonigarcia.wdm.WebDriverManager - Exporting webdriver.chrome.driver as C:\Users\afzal.ahmed\.m2\repository\webdriver\chromedriver\win32\97.0.4692.71\chromedriver.exe
2022-01-25_23:43:45.796 [main] INFO  com.qc.qa.drivers.ChromeDriverManger - Chrome service started
2022-01-25_23:43:49.688 [main] INFO  com.qc.CukeBase - Set new webDriver
2022-01-25_23:43:49.689 [main] INFO  com.qc.CukeBase - Getting webDriver
2022-01-25_23:43:50.218 [main] INFO  com.qc.CukeBase - Getting webDriver
2022-01-25_23:43:50.224 [main] INFO  pl.rest.CustomHooks - SCENARIO NAME: Validating the expiry date field when updating the expiry duration as 7 days for V2.
2022-01-25_23:43:50.224 [main] INFO  pl.rest.CustomHooks - TAG NAMEs: [@Regression, @Web]
2022-01-25_23:43:50.225 [main] INFO  pl.rest.CustomHooks - SCENARIO NAME: Validating the expiry date field when updating the expiry duration as 7 days for V2.
2022-01-25_23:43:50.226 [main] INFO  pl.rest.CustomHooks - TAG NAMEs: [@Regression, @Web]
2022-01-25_23:43:50.227 [main] INFO  pl.rest.CustomHooks - Index: 0, Size: 0
2022-01-25_23:43:50.300 [main] ERROR com.qc.qa.utils.LoadProperties - Missing MySQLDBEnvironment property value in system property or in config.properties files.Please add it if incase required
2022-01-25_23:43:50.301 [main] INFO  com.qc.qa.dbutils.DBPoolProvider - Con pool Total - 400, idle - 0,  Num active - 0
2022-01-25_23:43:50.301 [main] INFO  com.qc.qa.dbutils.DBPoolProvider - Retrieved connection
2022-01-25_23:43:51.127 [main] INFO  c.qc.qa.dbutils.DBConnectionManager - DB Connected Successfully.
2022-01-25_23:43:51.128 [main] INFO  c.qc.qa.dbutils.DBConnectionManager - Executing Query:::update IssuerSystemVariable set value='{  "expiryDurationType" : 1,   "expiryDurationValue" : 7  }' where name='API_TOKEN_EXPIRY_TIME';
2022-01-25_23:43:51.151 [main] INFO  pl.rest.utils.DBUtils - query being executed update IssuerSystemVariable set value='{  "expiryDurationType" : 1,   "expiryDurationValue" : 7  }' where name='API_TOKEN_EXPIRY_TIME';
2022-01-25_23:43:51.151 [main] INFO  pl.rest.utils.DBUtils - number of rows affected 1
2022-01-25_23:43:53.442 [main] INFO  com.qc.qa.ui.BasePage - Navigating to  URL: https://admintest.pineperks.in/
2022-01-25_23:43:53.443 [main] INFO  com.qc.qa.ui.BasePage - Waiting for page to be ready 
2022-01-25_23:43:53.496 [main] INFO  gui.pages.UIActionPages - PinePerks|Login
2022-01-25_23:43:53.560 [main] INFO  com.qc.qa.ui.BasePage - Entering the text -afzal.ahmed@pinelabs.com
2022-01-25_23:43:53.562 [main] INFO  com.qc.qa.ui.BasePage - Waiting for element to clickable 
2022-01-25_23:43:53.745 [main] INFO  com.qc.qa.ui.BasePage - Entering the text -Dashboard@DG1809
2022-01-25_23:43:53.748 [main] INFO  com.qc.qa.ui.BasePage - Waiting for element to clickable 
2022-01-25_23:43:53.881 [main] INFO  com.qc.qa.ui.BasePage - Clicking the element in page
2022-01-25_23:43:53.883 [main] INFO  com.qc.qa.ui.BasePage - Waiting for element to clickable 
2022-01-25_23:43:55.483 [main] INFO  com.qc.qa.ui.BasePage - Waiting for page to be ready 
2022-01-25_23:43:55.509 [main] INFO  com.qc.qa.ui.BasePage - ClickingBy.xpath: //a[@href='/admin/clearCacheData']
2022-01-25_23:43:55.531 [main] INFO  com.qc.qa.ui.BasePage - Waiting for element to clickable 
2022-01-25_23:43:56.019 [main] INFO  com.qc.qa.ui.BasePage - Waiting for page to be ready 
2022-01-25_23:43:56.175 [main] INFO  com.qc.qa.ui.BasePage - ClickingBy.id: pageSubmission
2022-01-25_23:43:56.254 [main] INFO  com.qc.qa.ui.BasePage - Waiting for element to clickable 
2022-01-25_23:43:56.375 [main] INFO  com.qc.qa.ui.BasePage - Waiting for element to be invisible
2022-01-25_23:44:09.582 [main] INFO  com.qc.qa.utils.TestDataReader - Reading API Test Data config values from  testData/api/devAPITestData.properties
2022-01-25_23:44:09.586 [main] INFO  pl.rest.service.Authorize - Authorize Rest API URL :- https://apitest.pineperks.in/auth/V2/generate/token
2022-01-25_23:44:09.586 [main] INFO  com.qc.BaseAPI - GET call to URL https://apitest.pineperks.in/auth/V2/generate/token
2022-01-25_23:44:09.845 [main] INFO  com.qc.BaseAPI - ********************REQUEST********************
2022-01-25_23:44:10.282 [main] DEBUG o.a.h.i.c.BasicClientConnectionManager - Get connection for route {s}->https://apitest.pineperks.in:443
2022-01-25_23:44:10.294 [main] DEBUG o.a.h.i.c.DefaultClientConnectionOperator - Connecting to apitest.pineperks.in:443
2022-01-25_23:44:10.460 [main] DEBUG o.a.h.c.protocol.RequestAddCookies - CookieSpec selected: ignoreCookies
2022-01-25_23:44:10.461 [main] DEBUG o.a.h.c.protocol.RequestAuthCache - Auth cache not set in the context
2022-01-25_23:44:10.462 [main] DEBUG o.a.h.c.p.RequestTargetAuthentication - Target auth state: UNCHALLENGED
2022-01-25_23:44:10.462 [main] DEBUG o.a.h.c.p.RequestProxyAuthentication - Proxy auth state: UNCHALLENGED
2022-01-25_23:44:10.463 [main] DEBUG o.a.h.impl.client.DefaultHttpClient - Attempt 1 to execute request
2022-01-25_23:44:10.463 [main] DEBUG o.a.h.i.conn.DefaultClientConnection - Sending request: GET /auth/V2/generate/token HTTP/1.1
2022-01-25_23:44:10.463 [main] DEBUG org.apache.http.wire -  >> "GET /auth/V2/generate/token HTTP/1.1[\r][\n]"
2022-01-25_23:44:10.464 [main] DEBUG org.apache.http.wire -  >> "Content-Type: application/json; charset=UTF-8[\r][\n]"
2022-01-25_23:44:10.464 [main] DEBUG org.apache.http.wire -  >> "X-PinePerks-UserName: A0aCcnPzDANtKmvSLPKcaw==[\r][\n]"
2022-01-25_23:44:10.464 [main] DEBUG org.apache.http.wire -  >> "Accept: */*[\r][\n]"
2022-01-25_23:44:10.464 [main] DEBUG org.apache.http.wire -  >> "Host: apitest.pineperks.in[\r][\n]"
2022-01-25_23:44:10.464 [main] DEBUG org.apache.http.wire -  >> "Connection: Keep-Alive[\r][\n]"
2022-01-25_23:44:10.465 [main] DEBUG org.apache.http.wire -  >> "User-Agent: Apache-HttpClient/4.5.2 (Java/1.8.0_202)[\r][\n]"
2022-01-25_23:44:10.465 [main] DEBUG org.apache.http.wire -  >> "Accept-Encoding: gzip,deflate[\r][\n]"
2022-01-25_23:44:10.465 [main] DEBUG org.apache.http.wire -  >> "[\r][\n]"
2022-01-25_23:44:10.465 [main] DEBUG org.apache.http.headers - >> GET /auth/V2/generate/token HTTP/1.1
2022-01-25_23:44:10.465 [main] DEBUG org.apache.http.headers - >> Content-Type: application/json; charset=UTF-8
2022-01-25_23:44:10.465 [main] DEBUG org.apache.http.headers - >> X-PinePerks-UserName: A0aCcnPzDANtKmvSLPKcaw==
2022-01-25_23:44:10.465 [main] DEBUG org.apache.http.headers - >> Accept: */*
2022-01-25_23:44:10.465 [main] DEBUG org.apache.http.headers - >> Host: apitest.pineperks.in
2022-01-25_23:44:10.465 [main] DEBUG org.apache.http.headers - >> Connection: Keep-Alive
2022-01-25_23:44:10.465 [main] DEBUG org.apache.http.headers - >> User-Agent: Apache-HttpClient/4.5.2 (Java/1.8.0_202)
2022-01-25_23:44:10.465 [main] DEBUG org.apache.http.headers - >> Accept-Encoding: gzip,deflate
2022-01-25_23:44:10.504 [main] DEBUG org.apache.http.wire -  << "HTTP/1.1 200 [\r][\n]"
2022-01-25_23:44:10.508 [main] DEBUG org.apache.http.wire -  << "Access-Control-Allow-Methods: GET, POST[\r][\n]"
2022-01-25_23:44:10.509 [main] DEBUG org.apache.http.wire -  << "Access-Control-Allow-Origin: *[\r][\n]"
2022-01-25_23:44:10.509 [main] DEBUG org.apache.http.wire -  << "Content-Security-Policy: default-src 'none'[\r][\n]"
2022-01-25_23:44:10.509 [main] DEBUG org.apache.http.wire -  << "Feature-Policy: 'none'[\r][\n]"
2022-01-25_23:44:10.509 [main] DEBUG org.apache.http.wire -  << "Referrer-Policy: no-referrer[\r][\n]"
2022-01-25_23:44:10.509 [main] DEBUG org.apache.http.wire -  << "Strict-Transport-Security: max-age=31536000 ; includeSubDomains[\r][\n]"
2022-01-25_23:44:10.509 [main] DEBUG org.apache.http.wire -  << "Date: Tue, 25 Jan 2022 18:14:10 GMT[\r][\n]"
2022-01-25_23:44:10.510 [main] DEBUG org.apache.http.wire -  << "Keep-Alive: timeout=60[\r][\n]"
2022-01-25_23:44:10.510 [main] DEBUG org.apache.http.wire -  << "Content-Type: application/json[\r][\n]"
2022-01-25_23:44:10.510 [main] DEBUG org.apache.http.wire -  << "Transfer-Encoding: chunked[\r][\n]"
2022-01-25_23:44:10.510 [main] DEBUG org.apache.http.wire -  << "Connection: keep-alive[\r][\n]"
2022-01-25_23:44:10.510 [main] DEBUG org.apache.http.wire -  << "[\r][\n]"
2022-01-25_23:44:10.511 [main] DEBUG o.a.h.i.conn.DefaultClientConnection - Receiving response: HTTP/1.1 200 
2022-01-25_23:44:10.512 [main] DEBUG org.apache.http.headers - << HTTP/1.1 200 
2022-01-25_23:44:10.512 [main] DEBUG org.apache.http.headers - << Access-Control-Allow-Methods: GET, POST
2022-01-25_23:44:10.512 [main] DEBUG org.apache.http.headers - << Access-Control-Allow-Origin: *
2022-01-25_23:44:10.512 [main] DEBUG org.apache.http.headers - << Content-Security-Policy: default-src 'none'
2022-01-25_23:44:10.512 [main] DEBUG org.apache.http.headers - << Feature-Policy: 'none'
2022-01-25_23:44:10.512 [main] DEBUG org.apache.http.headers - << Referrer-Policy: no-referrer
2022-01-25_23:44:10.512 [main] DEBUG org.apache.http.headers - << Strict-Transport-Security: max-age=31536000 ; includeSubDomains
2022-01-25_23:44:10.512 [main] DEBUG org.apache.http.headers - << Date: Tue, 25 Jan 2022 18:14:10 GMT
2022-01-25_23:44:10.512 [main] DEBUG org.apache.http.headers - << Keep-Alive: timeout=60
2022-01-25_23:44:10.512 [main] DEBUG org.apache.http.headers - << Content-Type: application/json
2022-01-25_23:44:10.512 [main] DEBUG org.apache.http.headers - << Transfer-Encoding: chunked
2022-01-25_23:44:10.513 [main] DEBUG org.apache.http.headers - << Connection: keep-alive
2022-01-25_23:44:10.522 [main] DEBUG o.a.h.impl.client.DefaultHttpClient - Connection can be kept alive for 60000 MILLISECONDS
2022-01-25_23:44:10.542 [main] DEBUG i.r.i.RequestSpecificationImpl$RestAssuredHttpBuilder - Parsing response as: application/json
2022-01-25_23:44:10.542 [main] DEBUG i.r.i.RequestSpecificationImpl$RestAssuredHttpBuilder - Parsed data to instance of: class org.apache.http.conn.EofSensorInputStream
2022-01-25_23:44:10.563 [main] INFO  com.qc.BaseAPI - Method :GET
2022-01-25_23:44:10.564 [main] INFO  com.qc.BaseAPI - URI :https://apitest.pineperks.in/auth/V2/generate/token
2022-01-25_23:44:10.565 [main] INFO  com.qc.BaseAPI - Headers :X-PinePerks-UserName=A0aCcnPzDANtKmvSLPKcaw==
Accept=*/*
Content-Type=application/json; charset=UTF-8
2022-01-25_23:44:10.565 [main] INFO  com.qc.BaseAPI - Body :null
2022-01-25_23:44:10.565 [main] INFO  com.qc.BaseAPI - ********************RESPONSE********************
2022-01-25_23:44:10.580 [main] DEBUG org.apache.http.wire -  << "7e[\r][\n]"
2022-01-25_23:44:10.580 [main] DEBUG org.apache.http.wire -  << "{"accessToken":"050779284e7d478fb30ee0e4cd3d8666","tokenExpiryDate":"2022-02-01","responseCode":0,"responseMessage":"Success"}"
2022-01-25_23:44:10.581 [main] DEBUG org.apache.http.wire -  << "[\r][\n]"
2022-01-25_23:44:10.581 [main] DEBUG org.apache.http.wire -  << "0[\r][\n]"
2022-01-25_23:44:10.581 [main] DEBUG org.apache.http.wire -  << "[\r][\n]"
2022-01-25_23:44:10.582 [main] DEBUG o.a.h.i.c.BasicClientConnectionManager - Releasing connection org.apache.http.impl.conn.ManagedClientConnectionImpl@58d7b8d2
2022-01-25_23:44:10.582 [main] DEBUG o.a.h.i.c.BasicClientConnectionManager - Connection can be kept alive for 60000 MILLISECONDS
2022-01-25_23:44:10.625 [main] INFO  com.qc.BaseAPI - Response :{
    "accessToken": "050779284e7d478fb30ee0e4cd3d8666",
    "tokenExpiryDate": "2022-02-01",
    "responseCode": 0,
    "responseMessage": "Success"
}
2022-01-25_23:44:10.628 [main] INFO  com.qc.BaseAPI -  **** GET call Response time 701 ms
2022-01-25_23:44:10.629 [main] INFO  pl.rest.service.Authorize - Time Taken to perform https://apitest.pineperks.in/auth/V2/generate/token transaction: 701
2022-01-25_23:45:59.354 [main] INFO  p.rest.stepDefs.TransactionsStepDefs - Expected date 2022-02-01
2022-01-27_15:37:53.069 [main] INFO  p.rest.stepDefs.TransactionsStepDefs - actual Date null
