2021-12-18_16:41:23.925 [main] INFO  pl.rest.CustomHooks - SCENARIO NAME: Issuing a reloadable card on already linked mobile
2021-12-18_16:41:23.928 [main] INFO  pl.rest.CustomHooks - TAG NAMEs: [@TestSet0]
2021-12-18_16:41:23.934 [main] INFO  com.qc.qa.utils.TestDataReader - Reading API Test Data config values from  testData/api/devAPITestData.properties
2021-12-18_16:41:23.953 [main] INFO  pl.rest.stepDefs.CardIssueStepDefs - Fetched mobile number Dataset 8284854535
2021-12-18_16:41:23.956 [main] INFO  pl.rest.utils.DBUtils - Delinking mobile from Cards
2021-12-18_16:41:23.958 [main] INFO  pl.rest.utils.DBUtils - Executing the query update card set CardStatus=4where AccountType=18 and ActivationMobileNumber in(8284854535) and CardType=2 and cardstatus in (1,2);
2021-12-18_16:41:24.006 [main] ERROR com.qc.qa.utils.LoadProperties - Missing MySQLDBEnvironment property value in system property or in config.properties files.Please add it if incase required
2021-12-18_16:41:24.008 [main] INFO  com.qc.qa.dbutils.DBPoolProvider - Con pool Total - 400, idle - 0,  Num active - 0
2021-12-18_16:41:24.008 [main] INFO  com.qc.qa.dbutils.DBPoolProvider - Retrieved connection
2021-12-18_16:41:27.335 [main] INFO  c.qc.qa.dbutils.DBConnectionManager - DB Connected Successfully.
2021-12-18_16:41:27.337 [main] INFO  c.qc.qa.dbutils.DBConnectionManager - Executing Query:::update card set CardStatus=4where AccountType=18 and ActivationMobileNumber in(8284854535) and CardType=2 and cardstatus in (1,2);
2021-12-18_16:41:27.403 [main] INFO  pl.rest.utils.DBUtils - No. of rows affected on delinking mobile1
2021-12-18_16:41:28.602 [main] INFO  pl.rest.service.Authorize - Authorize Rest API URL :- https://apitest.pineperks.in/auth/V1/generate/token
2021-12-18_16:41:28.603 [main] INFO  com.qc.BaseAPI - GET call to URL https://apitest.pineperks.in/auth/V1/generate/token
2021-12-18_16:41:28.776 [main] INFO  com.qc.BaseAPI - ********************REQUEST********************
2021-12-18_16:41:29.016 [main] DEBUG o.a.h.i.c.BasicClientConnectionManager - Get connection for route {s}->https://apitest.pineperks.in:443
2021-12-18_16:41:29.024 [main] DEBUG o.a.h.i.c.DefaultClientConnectionOperator - Connecting to apitest.pineperks.in:443
2021-12-18_16:41:29.192 [main] DEBUG o.a.h.c.protocol.RequestAddCookies - CookieSpec selected: ignoreCookies
2021-12-18_16:41:29.194 [main] DEBUG o.a.h.c.protocol.RequestAuthCache - Auth cache not set in the context
2021-12-18_16:41:29.195 [main] DEBUG o.a.h.c.p.RequestTargetAuthentication - Target auth state: UNCHALLENGED
2021-12-18_16:41:29.196 [main] DEBUG o.a.h.c.p.RequestProxyAuthentication - Proxy auth state: UNCHALLENGED
2021-12-18_16:41:29.197 [main] DEBUG o.a.h.impl.client.DefaultHttpClient - Attempt 1 to execute request
2021-12-18_16:41:29.198 [main] DEBUG o.a.h.i.conn.DefaultClientConnection - Sending request: GET /auth/V1/generate/token HTTP/1.1
2021-12-18_16:41:29.199 [main] DEBUG org.apache.http.wire -  >> "GET /auth/V1/generate/token HTTP/1.1[\r][\n]"
2021-12-18_16:41:29.201 [main] DEBUG org.apache.http.wire -  >> "Content-Type: application/json; charset=UTF-8[\r][\n]"
2021-12-18_16:41:29.202 [main] DEBUG org.apache.http.wire -  >> "Accept: */*[\r][\n]"
2021-12-18_16:41:29.202 [main] DEBUG org.apache.http.wire -  >> "userName: A0aCcnPzDANtKmvSLPKcaw==[\r][\n]"
2021-12-18_16:41:29.202 [main] DEBUG org.apache.http.wire -  >> "Host: apitest.pineperks.in[\r][\n]"
2021-12-18_16:41:29.202 [main] DEBUG org.apache.http.wire -  >> "Connection: Keep-Alive[\r][\n]"
2021-12-18_16:41:29.202 [main] DEBUG org.apache.http.wire -  >> "User-Agent: Apache-HttpClient/4.5.2 (Java/1.8.0_202)[\r][\n]"
2021-12-18_16:41:29.203 [main] DEBUG org.apache.http.wire -  >> "Accept-Encoding: gzip,deflate[\r][\n]"
2021-12-18_16:41:29.203 [main] DEBUG org.apache.http.wire -  >> "[\r][\n]"
2021-12-18_16:41:29.204 [main] DEBUG org.apache.http.headers - >> GET /auth/V1/generate/token HTTP/1.1
2021-12-18_16:41:29.204 [main] DEBUG org.apache.http.headers - >> Content-Type: application/json; charset=UTF-8
2021-12-18_16:41:29.204 [main] DEBUG org.apache.http.headers - >> Accept: */*
2021-12-18_16:41:29.204 [main] DEBUG org.apache.http.headers - >> userName: A0aCcnPzDANtKmvSLPKcaw==
2021-12-18_16:41:29.204 [main] DEBUG org.apache.http.headers - >> Host: apitest.pineperks.in
2021-12-18_16:41:29.205 [main] DEBUG org.apache.http.headers - >> Connection: Keep-Alive
2021-12-18_16:41:29.205 [main] DEBUG org.apache.http.headers - >> User-Agent: Apache-HttpClient/4.5.2 (Java/1.8.0_202)
2021-12-18_16:41:29.205 [main] DEBUG org.apache.http.headers - >> Accept-Encoding: gzip,deflate
2021-12-18_16:41:29.300 [main] DEBUG org.apache.http.wire -  << "HTTP/1.1 200 [\r][\n]"
2021-12-18_16:41:29.304 [main] DEBUG org.apache.http.wire -  << "Access-Control-Allow-Methods: GET, POST[\r][\n]"
2021-12-18_16:41:29.304 [main] DEBUG org.apache.http.wire -  << "Access-Control-Allow-Origin: *[\r][\n]"
2021-12-18_16:41:29.304 [main] DEBUG org.apache.http.wire -  << "Content-Security-Policy: default-src 'none'[\r][\n]"
2021-12-18_16:41:29.305 [main] DEBUG org.apache.http.wire -  << "Feature-Policy: 'none'[\r][\n]"
2021-12-18_16:41:29.305 [main] DEBUG org.apache.http.wire -  << "Referrer-Policy: no-referrer[\r][\n]"
2021-12-18_16:41:29.305 [main] DEBUG org.apache.http.wire -  << "Strict-Transport-Security: max-age=31536000 ; includeSubDomains[\r][\n]"
2021-12-18_16:41:29.305 [main] DEBUG org.apache.http.wire -  << "Date: Sat, 18 Dec 2021 11:11:29 GMT[\r][\n]"
2021-12-18_16:41:29.306 [main] DEBUG org.apache.http.wire -  << "Keep-Alive: timeout=60[\r][\n]"
2021-12-18_16:41:29.306 [main] DEBUG org.apache.http.wire -  << "Content-Type: application/json[\r][\n]"
2021-12-18_16:41:29.307 [main] DEBUG org.apache.http.wire -  << "Transfer-Encoding: chunked[\r][\n]"
2021-12-18_16:41:29.307 [main] DEBUG org.apache.http.wire -  << "Connection: keep-alive[\r][\n]"
2021-12-18_16:41:29.307 [main] DEBUG org.apache.http.wire -  << "[\r][\n]"
2021-12-18_16:41:29.309 [main] DEBUG o.a.h.i.conn.DefaultClientConnection - Receiving response: HTTP/1.1 200 
2021-12-18_16:41:29.309 [main] DEBUG org.apache.http.headers - << HTTP/1.1 200 
2021-12-18_16:41:29.309 [main] DEBUG org.apache.http.headers - << Access-Control-Allow-Methods: GET, POST
2021-12-18_16:41:29.309 [main] DEBUG org.apache.http.headers - << Access-Control-Allow-Origin: *
2021-12-18_16:41:29.310 [main] DEBUG org.apache.http.headers - << Content-Security-Policy: default-src 'none'
2021-12-18_16:41:29.310 [main] DEBUG org.apache.http.headers - << Feature-Policy: 'none'
2021-12-18_16:41:29.310 [main] DEBUG org.apache.http.headers - << Referrer-Policy: no-referrer
2021-12-18_16:41:29.310 [main] DEBUG org.apache.http.headers - << Strict-Transport-Security: max-age=31536000 ; includeSubDomains
2021-12-18_16:41:29.310 [main] DEBUG org.apache.http.headers - << Date: Sat, 18 Dec 2021 11:11:29 GMT
2021-12-18_16:41:29.310 [main] DEBUG org.apache.http.headers - << Keep-Alive: timeout=60
2021-12-18_16:41:29.310 [main] DEBUG org.apache.http.headers - << Content-Type: application/json
2021-12-18_16:41:29.311 [main] DEBUG org.apache.http.headers - << Transfer-Encoding: chunked
2021-12-18_16:41:29.311 [main] DEBUG org.apache.http.headers - << Connection: keep-alive
2021-12-18_16:41:29.322 [main] DEBUG o.a.h.impl.client.DefaultHttpClient - Connection can be kept alive for 60000 MILLISECONDS
2021-12-18_16:41:29.357 [main] DEBUG i.r.i.RequestSpecificationImpl$RestAssuredHttpBuilder - Parsing response as: application/json
2021-12-18_16:41:29.357 [main] DEBUG i.r.i.RequestSpecificationImpl$RestAssuredHttpBuilder - Parsed data to instance of: class org.apache.http.conn.EofSensorInputStream
2021-12-18_16:41:29.379 [main] INFO  com.qc.BaseAPI - Method :GET
2021-12-18_16:41:29.380 [main] INFO  com.qc.BaseAPI - URI :https://apitest.pineperks.in/auth/V1/generate/token
2021-12-18_16:41:29.381 [main] INFO  com.qc.BaseAPI - Headers :userName=A0aCcnPzDANtKmvSLPKcaw==
Accept=*/*
Content-Type=application/json; charset=UTF-8
2021-12-18_16:41:29.381 [main] INFO  com.qc.BaseAPI - Body :null
2021-12-18_16:41:29.381 [main] INFO  com.qc.BaseAPI - ********************RESPONSE********************
2021-12-18_16:41:29.393 [main] DEBUG org.apache.http.wire -  << "7f[\r][\n]"
2021-12-18_16:41:29.393 [main] DEBUG org.apache.http.wire -  << "{"accessToken":"a2d6e533e7414240a26368b4309695c1","tokenExpiryTime":"19-Dec-2021","responseCode":0,"responseMessage":"Success"}"
2021-12-18_16:41:29.394 [main] DEBUG org.apache.http.wire -  << "[\r][\n]"
2021-12-18_16:41:29.394 [main] DEBUG org.apache.http.wire -  << "0[\r][\n]"
2021-12-18_16:41:29.395 [main] DEBUG org.apache.http.wire -  << "[\r][\n]"
2021-12-18_16:41:29.395 [main] DEBUG o.a.h.i.c.BasicClientConnectionManager - Releasing connection org.apache.http.impl.conn.ManagedClientConnectionImpl@3422eca
2021-12-18_16:41:29.395 [main] DEBUG o.a.h.i.c.BasicClientConnectionManager - Connection can be kept alive for 60000 MILLISECONDS
2021-12-18_16:41:29.432 [main] INFO  com.qc.BaseAPI - Response :{
    "accessToken": "a2d6e533e7414240a26368b4309695c1",
    "tokenExpiryTime": "19-Dec-2021",
    "responseCode": 0,
    "responseMessage": "Success"
}
2021-12-18_16:41:29.435 [main] INFO  com.qc.BaseAPI -  **** GET call Response time 592 ms
2021-12-18_16:41:29.435 [main] INFO  pl.rest.service.Authorize - Time Taken to perform https://apitest.pineperks.in/auth/V1/generate/token transaction: 592
2021-12-18_16:41:29.516 [main] INFO  com.qc.qa.utils.TestDataReader - Reading Json data authorizeHeaders
2021-12-18_16:41:29.520 [main] INFO  com.qc.qa.utils.TestDataReader - Reading json data from file @ testData/api/devAPIData.json
2021-12-18_16:41:29.547 [main] INFO  pl.rest.service.CardIssue - CardIssue Rest API URL :- https://apitest.pineperks.in/card/order/V1/instant/issue/reloadable/digital
2021-12-18_16:41:29.547 [main] INFO  com.qc.BaseAPI - POST call to URL https://apitest.pineperks.in/card/order/V1/instant/issue/reloadable/digital
2021-12-18_16:41:29.557 [main] INFO  com.qc.BaseAPI - ********************REQUEST********************
2021-12-18_16:41:29.593 [main] DEBUG o.a.h.i.c.BasicClientConnectionManager - Get connection for route {s}->https://apitest.pineperks.in:443
2021-12-18_16:41:29.593 [main] DEBUG o.a.h.i.c.DefaultClientConnectionOperator - Connecting to apitest.pineperks.in:443
2021-12-18_16:41:29.727 [main] DEBUG o.a.h.c.protocol.RequestAddCookies - CookieSpec selected: ignoreCookies
2021-12-18_16:41:29.727 [main] DEBUG o.a.h.c.protocol.RequestAuthCache - Auth cache not set in the context
2021-12-18_16:41:29.727 [main] DEBUG o.a.h.c.p.RequestTargetAuthentication - Target auth state: UNCHALLENGED
2021-12-18_16:41:29.727 [main] DEBUG o.a.h.c.p.RequestProxyAuthentication - Proxy auth state: UNCHALLENGED
2021-12-18_16:41:29.727 [main] DEBUG o.a.h.impl.client.DefaultHttpClient - Attempt 1 to execute request
2021-12-18_16:41:29.728 [main] DEBUG o.a.h.i.conn.DefaultClientConnection - Sending request: POST /card/order/V1/instant/issue/reloadable/digital HTTP/1.1
2021-12-18_16:41:29.728 [main] DEBUG org.apache.http.wire -  >> "POST /card/order/V1/instant/issue/reloadable/digital HTTP/1.1[\r][\n]"
2021-12-18_16:41:29.728 [main] DEBUG org.apache.http.wire -  >> "Accept: */*[\r][\n]"
2021-12-18_16:41:29.728 [main] DEBUG org.apache.http.wire -  >> "userName: A0aCcnPzDANtKmvSLPKcaw==[\r][\n]"
2021-12-18_16:41:29.728 [main] DEBUG org.apache.http.wire -  >> "token: a2d6e533e7414240a26368b4309695c1[\r][\n]"
2021-12-18_16:41:29.728 [main] DEBUG org.apache.http.wire -  >> "Content-Type: application/json; charset=UTF-8[\r][\n]"
2021-12-18_16:41:29.728 [main] DEBUG org.apache.http.wire -  >> "Content-Length: 242[\r][\n]"
2021-12-18_16:41:29.728 [main] DEBUG org.apache.http.wire -  >> "Host: apitest.pineperks.in[\r][\n]"
2021-12-18_16:41:29.729 [main] DEBUG org.apache.http.wire -  >> "Connection: Keep-Alive[\r][\n]"
2021-12-18_16:41:29.729 [main] DEBUG org.apache.http.wire -  >> "User-Agent: Apache-HttpClient/4.5.2 (Java/1.8.0_202)[\r][\n]"
2021-12-18_16:41:29.729 [main] DEBUG org.apache.http.wire -  >> "Accept-Encoding: gzip,deflate[\r][\n]"
2021-12-18_16:41:29.729 [main] DEBUG org.apache.http.wire -  >> "[\r][\n]"
2021-12-18_16:41:29.729 [main] DEBUG org.apache.http.headers - >> POST /card/order/V1/instant/issue/reloadable/digital HTTP/1.1
2021-12-18_16:41:29.729 [main] DEBUG org.apache.http.headers - >> Accept: */*
2021-12-18_16:41:29.729 [main] DEBUG org.apache.http.headers - >> userName: A0aCcnPzDANtKmvSLPKcaw==
2021-12-18_16:41:29.729 [main] DEBUG org.apache.http.headers - >> token: a2d6e533e7414240a26368b4309695c1
2021-12-18_16:41:29.729 [main] DEBUG org.apache.http.headers - >> Content-Type: application/json; charset=UTF-8
2021-12-18_16:41:29.729 [main] DEBUG org.apache.http.headers - >> Content-Length: 242
2021-12-18_16:41:29.729 [main] DEBUG org.apache.http.headers - >> Host: apitest.pineperks.in
2021-12-18_16:41:29.729 [main] DEBUG org.apache.http.headers - >> Connection: Keep-Alive
2021-12-18_16:41:29.729 [main] DEBUG org.apache.http.headers - >> User-Agent: Apache-HttpClient/4.5.2 (Java/1.8.0_202)
2021-12-18_16:41:29.729 [main] DEBUG org.apache.http.headers - >> Accept-Encoding: gzip,deflate
2021-12-18_16:41:29.730 [main] DEBUG org.apache.http.wire -  >> "{"isLinkToBeSentOnMobile":true,"checksum":"5x3GNrnStyS2PkMvV6EeAw==","cardDetailList":[{"amount":"1000","mobileNumber":"8284854535","customerName":"afzal","email":"afzal.ahmed@pinelabs.com"}],"externalRequestId":"skp7wq8","cardSchemeId":"12"}"
2021-12-18_16:41:30.233 [main] DEBUG org.apache.http.wire -  << "HTTP/1.1 200 [\r][\n]"
2021-12-18_16:41:30.234 [main] DEBUG org.apache.http.wire -  << "Access-Control-Allow-Methods: GET, POST[\r][\n]"
2021-12-18_16:41:30.234 [main] DEBUG org.apache.http.wire -  << "Access-Control-Allow-Origin: *[\r][\n]"
2021-12-18_16:41:30.234 [main] DEBUG org.apache.http.wire -  << "Content-Security-Policy: default-src 'none'[\r][\n]"
2021-12-18_16:41:30.234 [main] DEBUG org.apache.http.wire -  << "Feature-Policy: 'none'[\r][\n]"
2021-12-18_16:41:30.235 [main] DEBUG org.apache.http.wire -  << "Referrer-Policy: no-referrer[\r][\n]"
2021-12-18_16:41:30.235 [main] DEBUG org.apache.http.wire -  << "Strict-Transport-Security: max-age=31536000 ; includeSubDomains[\r][\n]"
2021-12-18_16:41:30.235 [main] DEBUG org.apache.http.wire -  << "Date: Sat, 18 Dec 2021 11:11:29 GMT[\r][\n]"
2021-12-18_16:41:30.235 [main] DEBUG org.apache.http.wire -  << "Keep-Alive: timeout=60[\r][\n]"
2021-12-18_16:41:30.236 [main] DEBUG org.apache.http.wire -  << "Content-Type: application/json[\r][\n]"
2021-12-18_16:41:30.236 [main] DEBUG org.apache.http.wire -  << "Transfer-Encoding: chunked[\r][\n]"
2021-12-18_16:41:30.237 [main] DEBUG org.apache.http.wire -  << "Connection: keep-alive[\r][\n]"
2021-12-18_16:41:30.237 [main] DEBUG org.apache.http.wire -  << "[\r][\n]"
2021-12-18_16:41:30.237 [main] DEBUG o.a.h.i.conn.DefaultClientConnection - Receiving response: HTTP/1.1 200 
2021-12-18_16:41:30.237 [main] DEBUG org.apache.http.headers - << HTTP/1.1 200 
2021-12-18_16:41:30.237 [main] DEBUG org.apache.http.headers - << Access-Control-Allow-Methods: GET, POST
2021-12-18_16:41:30.237 [main] DEBUG org.apache.http.headers - << Access-Control-Allow-Origin: *
2021-12-18_16:41:30.237 [main] DEBUG org.apache.http.headers - << Content-Security-Policy: default-src 'none'
2021-12-18_16:41:30.237 [main] DEBUG org.apache.http.headers - << Feature-Policy: 'none'
2021-12-18_16:41:30.237 [main] DEBUG org.apache.http.headers - << Referrer-Policy: no-referrer
2021-12-18_16:41:30.238 [main] DEBUG org.apache.http.headers - << Strict-Transport-Security: max-age=31536000 ; includeSubDomains
2021-12-18_16:41:30.238 [main] DEBUG org.apache.http.headers - << Date: Sat, 18 Dec 2021 11:11:29 GMT
2021-12-18_16:41:30.238 [main] DEBUG org.apache.http.headers - << Keep-Alive: timeout=60
2021-12-18_16:41:30.238 [main] DEBUG org.apache.http.headers - << Content-Type: application/json
2021-12-18_16:41:30.238 [main] DEBUG org.apache.http.headers - << Transfer-Encoding: chunked
2021-12-18_16:41:30.238 [main] DEBUG org.apache.http.headers - << Connection: keep-alive
2021-12-18_16:41:30.239 [main] DEBUG o.a.h.impl.client.DefaultHttpClient - Connection can be kept alive for 60000 MILLISECONDS
2021-12-18_16:41:30.240 [main] DEBUG i.r.i.RequestSpecificationImpl$RestAssuredHttpBuilder - Parsing response as: application/json
2021-12-18_16:41:30.240 [main] DEBUG i.r.i.RequestSpecificationImpl$RestAssuredHttpBuilder - Parsed data to instance of: class org.apache.http.conn.EofSensorInputStream
2021-12-18_16:41:30.243 [main] INFO  com.qc.BaseAPI - Method :POST
2021-12-18_16:41:30.247 [main] INFO  com.qc.BaseAPI - URI :https://apitest.pineperks.in/card/order/V1/instant/issue/reloadable/digital
2021-12-18_16:41:30.247 [main] INFO  com.qc.BaseAPI - Headers :token=a2d6e533e7414240a26368b4309695c1
userName=A0aCcnPzDANtKmvSLPKcaw==
Accept=*/*
Content-Type=application/json; charset=UTF-8
2021-12-18_16:41:30.247 [main] INFO  com.qc.BaseAPI - Body :{"isLinkToBeSentOnMobile":true,"checksum":"5x3GNrnStyS2PkMvV6EeAw==","cardDetailList":[{"amount":"1000","mobileNumber":"8284854535","customerName":"afzal","email":"afzal.ahmed@pinelabs.com"}],"externalRequestId":"skp7wq8","cardSchemeId":"12"}
2021-12-18_16:41:30.247 [main] INFO  com.qc.BaseAPI - ********************RESPONSE********************
2021-12-18_16:41:30.248 [main] DEBUG org.apache.http.wire -  << "1f1[\r][\n]"
2021-12-18_16:41:30.248 [main] DEBUG org.apache.http.wire -  << "{"externalRequestId":"skp7wq8","orderId":12560,"orderStatus":6,"cardDetailResponseList":[{"referenceNumber":1186368658,"serialNumber":12560000010001,"customerName":"afzal","mobileNumber":8284854535,"email":"afzal.ahmed@pinelabs.com","amount":1000,"cardLink":"test.pineperks.in/rCard?c=wi5CJorKQMQNluzwp2LwwA2","responseCode":0,"responseMessage":"Success"}],"successCount":1,"failedCount":0,"orderAmount":1000,"issuanceCharge":200,"netOrderAmount":1200,"responseCode":0,"responseMessage":"Success"}"
2021-12-18_16:41:30.248 [main] DEBUG org.apache.http.wire -  << "[\r][\n]"
2021-12-18_16:41:30.248 [main] DEBUG org.apache.http.wire -  << "0[\r][\n]"
2021-12-18_16:41:30.249 [main] DEBUG org.apache.http.wire -  << "[\r][\n]"
2021-12-18_16:41:30.249 [main] DEBUG o.a.h.i.c.BasicClientConnectionManager - Releasing connection org.apache.http.impl.conn.ManagedClientConnectionImpl@1500ea8d
2021-12-18_16:41:30.249 [main] DEBUG o.a.h.i.c.BasicClientConnectionManager - Connection can be kept alive for 60000 MILLISECONDS
2021-12-18_16:41:30.252 [main] INFO  com.qc.BaseAPI - Response :{
    "externalRequestId": "skp7wq8",
    "orderId": 12560,
    "orderStatus": 6,
    "cardDetailResponseList": [
        {
            "referenceNumber": 1186368658,
            "serialNumber": 12560000010001,
            "customerName": "afzal",
            "mobileNumber": 8284854535,
            "email": "afzal.ahmed@pinelabs.com",
            "amount": 1000,
            "cardLink": "test.pineperks.in/rCard?c=wi5CJorKQMQNluzwp2LwwA2",
            "responseCode": 0,
            "responseMessage": "Success"
        }
    ],
    "successCount": 1,
    "failedCount": 0,
    "orderAmount": 1000,
    "issuanceCharge": 200,
    "netOrderAmount": 1200,
    "responseCode": 0,
    "responseMessage": "Success"
}
2021-12-18_16:41:30.253 [main] INFO  com.qc.BaseAPI -  **** POST call Response time 683 ms
2021-12-18_16:41:30.253 [main] INFO  pl.rest.service.CardIssue - Time Taken to perform https://apitest.pineperks.in/card/order/V1/instant/issue/reloadable/digital transaction: 683
2021-12-18_16:41:30.258 [main] INFO  com.qc.qa.utils.TestDataReader - Reading Json data authorizeHeaders
2021-12-18_16:41:30.261 [main] INFO  com.qc.qa.utils.TestDataReader - Reading json data from file @ testData/api/devAPIData.json
2021-12-18_16:41:30.265 [main] INFO  pl.rest.service.CardIssue - CardIssue Rest API URL :- https://apitest.pineperks.in/card/order/V1/instant/issue/reloadable/digital
2021-12-18_16:41:30.265 [main] INFO  com.qc.BaseAPI - POST call to URL https://apitest.pineperks.in/card/order/V1/instant/issue/reloadable/digital
2021-12-18_16:41:30.273 [main] INFO  com.qc.BaseAPI - ********************REQUEST********************
2021-12-18_16:41:30.285 [main] DEBUG o.a.h.i.c.BasicClientConnectionManager - Get connection for route {s}->https://apitest.pineperks.in:443
2021-12-18_16:41:30.286 [main] DEBUG o.a.h.i.c.DefaultClientConnectionOperator - Connecting to apitest.pineperks.in:443
2021-12-18_16:41:30.400 [main] DEBUG o.a.h.c.protocol.RequestAddCookies - CookieSpec selected: ignoreCookies
2021-12-18_16:41:30.400 [main] DEBUG o.a.h.c.protocol.RequestAuthCache - Auth cache not set in the context
2021-12-18_16:41:30.401 [main] DEBUG o.a.h.c.p.RequestTargetAuthentication - Target auth state: UNCHALLENGED
2021-12-18_16:41:30.401 [main] DEBUG o.a.h.c.p.RequestProxyAuthentication - Proxy auth state: UNCHALLENGED
2021-12-18_16:41:30.401 [main] DEBUG o.a.h.impl.client.DefaultHttpClient - Attempt 1 to execute request
2021-12-18_16:41:30.401 [main] DEBUG o.a.h.i.conn.DefaultClientConnection - Sending request: POST /card/order/V1/instant/issue/reloadable/digital HTTP/1.1
2021-12-18_16:41:30.401 [main] DEBUG org.apache.http.wire -  >> "POST /card/order/V1/instant/issue/reloadable/digital HTTP/1.1[\r][\n]"
2021-12-18_16:41:30.401 [main] DEBUG org.apache.http.wire -  >> "Accept: */*[\r][\n]"
2021-12-18_16:41:30.402 [main] DEBUG org.apache.http.wire -  >> "userName: A0aCcnPzDANtKmvSLPKcaw==[\r][\n]"
2021-12-18_16:41:30.402 [main] DEBUG org.apache.http.wire -  >> "token: a2d6e533e7414240a26368b4309695c1[\r][\n]"
2021-12-18_16:41:30.402 [main] DEBUG org.apache.http.wire -  >> "Content-Type: application/json; charset=UTF-8[\r][\n]"
2021-12-18_16:41:30.402 [main] DEBUG org.apache.http.wire -  >> "Content-Length: 242[\r][\n]"
2021-12-18_16:41:30.402 [main] DEBUG org.apache.http.wire -  >> "Host: apitest.pineperks.in[\r][\n]"
2021-12-18_16:41:30.402 [main] DEBUG org.apache.http.wire -  >> "Connection: Keep-Alive[\r][\n]"
2021-12-18_16:41:30.402 [main] DEBUG org.apache.http.wire -  >> "User-Agent: Apache-HttpClient/4.5.2 (Java/1.8.0_202)[\r][\n]"
2021-12-18_16:41:30.403 [main] DEBUG org.apache.http.wire -  >> "Accept-Encoding: gzip,deflate[\r][\n]"
2021-12-18_16:41:30.403 [main] DEBUG org.apache.http.wire -  >> "[\r][\n]"
2021-12-18_16:41:30.403 [main] DEBUG org.apache.http.headers - >> POST /card/order/V1/instant/issue/reloadable/digital HTTP/1.1
2021-12-18_16:41:30.403 [main] DEBUG org.apache.http.headers - >> Accept: */*
2021-12-18_16:41:30.403 [main] DEBUG org.apache.http.headers - >> userName: A0aCcnPzDANtKmvSLPKcaw==
2021-12-18_16:41:30.403 [main] DEBUG org.apache.http.headers - >> token: a2d6e533e7414240a26368b4309695c1
2021-12-18_16:41:30.403 [main] DEBUG org.apache.http.headers - >> Content-Type: application/json; charset=UTF-8
2021-12-18_16:41:30.404 [main] DEBUG org.apache.http.headers - >> Content-Length: 242
2021-12-18_16:41:30.404 [main] DEBUG org.apache.http.headers - >> Host: apitest.pineperks.in
2021-12-18_16:41:30.404 [main] DEBUG org.apache.http.headers - >> Connection: Keep-Alive
2021-12-18_16:41:30.404 [main] DEBUG org.apache.http.headers - >> User-Agent: Apache-HttpClient/4.5.2 (Java/1.8.0_202)
2021-12-18_16:41:30.404 [main] DEBUG org.apache.http.headers - >> Accept-Encoding: gzip,deflate
2021-12-18_16:41:30.405 [main] DEBUG org.apache.http.wire -  >> "{"isLinkToBeSentOnMobile":true,"checksum":"5x3GNrnStyS2PkMvV6EeAw==","cardDetailList":[{"amount":"1000","mobileNumber":"8284854535","customerName":"afzal","email":"afzal.ahmed@pinelabs.com"}],"externalRequestId":"GXKH8Z4","cardSchemeId":"12"}"
2021-12-18_16:41:31.426 [main] DEBUG org.apache.http.wire -  << "HTTP/1.1 200 [\r][\n]"
2021-12-18_16:41:31.427 [main] DEBUG org.apache.http.wire -  << "Access-Control-Allow-Methods: GET, POST[\r][\n]"
2021-12-18_16:41:31.427 [main] DEBUG org.apache.http.wire -  << "Access-Control-Allow-Origin: *[\r][\n]"
2021-12-18_16:41:31.427 [main] DEBUG org.apache.http.wire -  << "Content-Security-Policy: default-src 'none'[\r][\n]"
2021-12-18_16:41:31.428 [main] DEBUG org.apache.http.wire -  << "Feature-Policy: 'none'[\r][\n]"
2021-12-18_16:41:31.428 [main] DEBUG org.apache.http.wire -  << "Referrer-Policy: no-referrer[\r][\n]"
2021-12-18_16:41:31.428 [main] DEBUG org.apache.http.wire -  << "Strict-Transport-Security: max-age=31536000 ; includeSubDomains[\r][\n]"
2021-12-18_16:41:31.428 [main] DEBUG org.apache.http.wire -  << "Date: Sat, 18 Dec 2021 11:11:31 GMT[\r][\n]"
2021-12-18_16:41:31.428 [main] DEBUG org.apache.http.wire -  << "Keep-Alive: timeout=60[\r][\n]"
2021-12-18_16:41:31.428 [main] DEBUG org.apache.http.wire -  << "Content-Type: application/json[\r][\n]"
2021-12-18_16:41:31.429 [main] DEBUG org.apache.http.wire -  << "Transfer-Encoding: chunked[\r][\n]"
2021-12-18_16:41:31.429 [main] DEBUG org.apache.http.wire -  << "Connection: keep-alive[\r][\n]"
2021-12-18_16:41:31.429 [main] DEBUG org.apache.http.wire -  << "[\r][\n]"
2021-12-18_16:41:31.429 [main] DEBUG o.a.h.i.conn.DefaultClientConnection - Receiving response: HTTP/1.1 200 
2021-12-18_16:41:31.429 [main] DEBUG org.apache.http.headers - << HTTP/1.1 200 
2021-12-18_16:41:31.430 [main] DEBUG org.apache.http.headers - << Access-Control-Allow-Methods: GET, POST
2021-12-18_16:41:31.430 [main] DEBUG org.apache.http.headers - << Access-Control-Allow-Origin: *
2021-12-18_16:41:31.430 [main] DEBUG org.apache.http.headers - << Content-Security-Policy: default-src 'none'
2021-12-18_16:41:31.430 [main] DEBUG org.apache.http.headers - << Feature-Policy: 'none'
2021-12-18_16:41:31.430 [main] DEBUG org.apache.http.headers - << Referrer-Policy: no-referrer
2021-12-18_16:41:31.430 [main] DEBUG org.apache.http.headers - << Strict-Transport-Security: max-age=31536000 ; includeSubDomains
2021-12-18_16:41:31.430 [main] DEBUG org.apache.http.headers - << Date: Sat, 18 Dec 2021 11:11:31 GMT
2021-12-18_16:41:31.430 [main] DEBUG org.apache.http.headers - << Keep-Alive: timeout=60
2021-12-18_16:41:31.430 [main] DEBUG org.apache.http.headers - << Content-Type: application/json
2021-12-18_16:41:31.430 [main] DEBUG org.apache.http.headers - << Transfer-Encoding: chunked
2021-12-18_16:41:31.430 [main] DEBUG org.apache.http.headers - << Connection: keep-alive
2021-12-18_16:41:31.431 [main] DEBUG o.a.h.impl.client.DefaultHttpClient - Connection can be kept alive for 60000 MILLISECONDS
2021-12-18_16:41:31.432 [main] DEBUG i.r.i.RequestSpecificationImpl$RestAssuredHttpBuilder - Parsing response as: application/json
2021-12-18_16:41:31.432 [main] DEBUG i.r.i.RequestSpecificationImpl$RestAssuredHttpBuilder - Parsed data to instance of: class org.apache.http.conn.EofSensorInputStream
2021-12-18_16:41:31.433 [main] INFO  com.qc.BaseAPI - Method :POST
2021-12-18_16:41:31.436 [main] INFO  com.qc.BaseAPI - URI :https://apitest.pineperks.in/card/order/V1/instant/issue/reloadable/digital
2021-12-18_16:41:31.437 [main] INFO  com.qc.BaseAPI - Headers :token=a2d6e533e7414240a26368b4309695c1
userName=A0aCcnPzDANtKmvSLPKcaw==
Accept=*/*
Content-Type=application/json; charset=UTF-8
2021-12-18_16:41:31.437 [main] INFO  com.qc.BaseAPI - Body :{"isLinkToBeSentOnMobile":true,"checksum":"5x3GNrnStyS2PkMvV6EeAw==","cardDetailList":[{"amount":"1000","mobileNumber":"8284854535","customerName":"afzal","email":"afzal.ahmed@pinelabs.com"}],"externalRequestId":"GXKH8Z4","cardSchemeId":"12"}
2021-12-18_16:41:31.437 [main] INFO  com.qc.BaseAPI - ********************RESPONSE********************
2021-12-18_16:41:31.437 [main] DEBUG org.apache.http.wire -  << "1ef[\r][\n]"
2021-12-18_16:41:31.437 [main] DEBUG org.apache.http.wire -  << "{"externalRequestId":"GXKH8Z4","orderId":12561,"orderStatus":6,"cardDetailResponseList":[{"referenceNumber":null,"serialNumber":null,"customerName":"afzal","mobileNumber":8284854535,"email":"afzal.ahmed@pinelabs.com","amount":1000,"cardLink":null,"responseCode":269,"responseMessage":"Request declined. Only one such card can be linked to a mobile number"}],"successCount":0,"failedCount":1,"orderAmount":1000,"issuanceCharge":200,"netOrderAmount":0,"responseCode":0,"responseMessage":"Success"}"
2021-12-18_16:41:31.437 [main] DEBUG org.apache.http.wire -  << "[\r][\n]"
2021-12-18_16:41:31.438 [main] DEBUG org.apache.http.wire -  << "0[\r][\n]"
2021-12-18_16:41:31.438 [main] DEBUG org.apache.http.wire -  << "[\r][\n]"
2021-12-18_16:41:31.438 [main] DEBUG o.a.h.i.c.BasicClientConnectionManager - Releasing connection org.apache.http.impl.conn.ManagedClientConnectionImpl@76d4a32
2021-12-18_16:41:31.438 [main] DEBUG o.a.h.i.c.BasicClientConnectionManager - Connection can be kept alive for 60000 MILLISECONDS
2021-12-18_16:41:31.441 [main] INFO  com.qc.BaseAPI - Response :{
    "externalRequestId": "GXKH8Z4",
    "orderId": 12561,
    "orderStatus": 6,
    "cardDetailResponseList": [
        {
            "referenceNumber": null,
            "serialNumber": null,
            "customerName": "afzal",
            "mobileNumber": 8284854535,
            "email": "afzal.ahmed@pinelabs.com",
            "amount": 1000,
            "cardLink": null,
            "responseCode": 269,
            "responseMessage": "Request declined. Only one such card can be linked to a mobile number"
        }
    ],
    "successCount": 0,
    "failedCount": 1,
    "orderAmount": 1000,
    "issuanceCharge": 200,
    "netOrderAmount": 0,
    "responseCode": 0,
    "responseMessage": "Success"
}
2021-12-18_16:41:31.441 [main] INFO  com.qc.BaseAPI -  **** POST call Response time 1158 ms
2021-12-18_16:41:31.441 [main] INFO  pl.rest.service.CardIssue - Time Taken to perform https://apitest.pineperks.in/card/order/V1/instant/issue/reloadable/digital transaction: 1158
