2022-02-03_20:03:25.142 [main] INFO  pl.rest.CustomHooks - SCENARIO NAME: Validating the response of the card card detail API with the database
2022-02-03_20:03:25.144 [main] INFO  pl.rest.CustomHooks - TAG NAMEs: [@Regression, @DB]
2022-02-03_20:03:25.148 [main] INFO  pl.rest.CustomHooks - SCENARIO NAME: Validating the response of the card card detail API with the database
2022-02-03_20:03:25.148 [main] INFO  pl.rest.CustomHooks - TAG NAMEs: [@Regression, @DB]
2022-02-03_20:03:25.209 [main] INFO  pl.rest.CustomHooks - Index: 0, Size: 0
2022-02-03_20:03:26.407 [main] INFO  com.qc.qa.utils.TestDataReader - Reading API Test Data config values from  testData/api/devAPITestData.properties
2022-02-03_20:03:26.418 [main] INFO  pl.rest.service.Authorize - Authorize Rest API URL :- https://apitest.pineperks.in/auth/V1/generate/token
2022-02-03_20:03:26.419 [main] INFO  com.qc.BaseAPI - GET call to URL https://apitest.pineperks.in/auth/V1/generate/token
2022-02-03_20:03:26.614 [main] INFO  com.qc.BaseAPI - ********************REQUEST********************
2022-02-03_20:03:28.510 [main] DEBUG o.a.h.i.c.BasicClientConnectionManager - Get connection for route {s}->https://apitest.pineperks.in:443
2022-02-03_20:03:28.561 [main] DEBUG o.a.h.i.c.DefaultClientConnectionOperator - Connecting to apitest.pineperks.in:443
2022-02-03_20:03:28.762 [main] DEBUG o.a.h.c.protocol.RequestAddCookies - CookieSpec selected: ignoreCookies
2022-02-03_20:03:28.763 [main] DEBUG o.a.h.c.protocol.RequestAuthCache - Auth cache not set in the context
2022-02-03_20:03:28.763 [main] DEBUG o.a.h.c.p.RequestTargetAuthentication - Target auth state: UNCHALLENGED
2022-02-03_20:03:28.764 [main] DEBUG o.a.h.c.p.RequestProxyAuthentication - Proxy auth state: UNCHALLENGED
2022-02-03_20:03:28.764 [main] DEBUG o.a.h.impl.client.DefaultHttpClient - Attempt 1 to execute request
2022-02-03_20:03:28.764 [main] DEBUG o.a.h.i.conn.DefaultClientConnection - Sending request: GET /auth/V1/generate/token HTTP/1.1
2022-02-03_20:03:28.765 [main] DEBUG org.apache.http.wire -  >> "GET /auth/V1/generate/token HTTP/1.1[\r][\n]"
2022-02-03_20:03:28.765 [main] DEBUG org.apache.http.wire -  >> "Content-Type: application/json; charset=UTF-8[\r][\n]"
2022-02-03_20:03:28.765 [main] DEBUG org.apache.http.wire -  >> "Accept: */*[\r][\n]"
2022-02-03_20:03:28.765 [main] DEBUG org.apache.http.wire -  >> "userName: A0aCcnPzDANtKmvSLPKcaw==[\r][\n]"
2022-02-03_20:03:28.765 [main] DEBUG org.apache.http.wire -  >> "Host: apitest.pineperks.in[\r][\n]"
2022-02-03_20:03:28.765 [main] DEBUG org.apache.http.wire -  >> "Connection: Keep-Alive[\r][\n]"
2022-02-03_20:03:28.765 [main] DEBUG org.apache.http.wire -  >> "User-Agent: Apache-HttpClient/4.5.2 (Java/1.8.0_202)[\r][\n]"
2022-02-03_20:03:28.766 [main] DEBUG org.apache.http.wire -  >> "Accept-Encoding: gzip,deflate[\r][\n]"
2022-02-03_20:03:28.766 [main] DEBUG org.apache.http.wire -  >> "[\r][\n]"
2022-02-03_20:03:28.766 [main] DEBUG org.apache.http.headers - >> GET /auth/V1/generate/token HTTP/1.1
2022-02-03_20:03:28.766 [main] DEBUG org.apache.http.headers - >> Content-Type: application/json; charset=UTF-8
2022-02-03_20:03:28.766 [main] DEBUG org.apache.http.headers - >> Accept: */*
2022-02-03_20:03:28.766 [main] DEBUG org.apache.http.headers - >> userName: A0aCcnPzDANtKmvSLPKcaw==
2022-02-03_20:03:28.766 [main] DEBUG org.apache.http.headers - >> Host: apitest.pineperks.in
2022-02-03_20:03:28.766 [main] DEBUG org.apache.http.headers - >> Connection: Keep-Alive
2022-02-03_20:03:28.766 [main] DEBUG org.apache.http.headers - >> User-Agent: Apache-HttpClient/4.5.2 (Java/1.8.0_202)
2022-02-03_20:03:28.766 [main] DEBUG org.apache.http.headers - >> Accept-Encoding: gzip,deflate
2022-02-03_20:03:28.848 [main] DEBUG org.apache.http.wire -  << "HTTP/1.1 200 [\r][\n]"
2022-02-03_20:03:28.852 [main] DEBUG org.apache.http.wire -  << "Access-Control-Allow-Methods: GET, POST[\r][\n]"
2022-02-03_20:03:28.852 [main] DEBUG org.apache.http.wire -  << "Access-Control-Allow-Origin: *[\r][\n]"
2022-02-03_20:03:28.853 [main] DEBUG org.apache.http.wire -  << "Content-Security-Policy: default-src 'none'[\r][\n]"
2022-02-03_20:03:28.853 [main] DEBUG org.apache.http.wire -  << "Feature-Policy: 'none'[\r][\n]"
2022-02-03_20:03:28.853 [main] DEBUG org.apache.http.wire -  << "Referrer-Policy: no-referrer[\r][\n]"
2022-02-03_20:03:28.854 [main] DEBUG org.apache.http.wire -  << "Strict-Transport-Security: max-age=31536000 ; includeSubDomains[\r][\n]"
2022-02-03_20:03:28.854 [main] DEBUG org.apache.http.wire -  << "Date: Thu, 03 Feb 2022 14:33:28 GMT[\r][\n]"
2022-02-03_20:03:28.854 [main] DEBUG org.apache.http.wire -  << "Keep-Alive: timeout=60[\r][\n]"
2022-02-03_20:03:28.854 [main] DEBUG org.apache.http.wire -  << "Content-Type: application/json[\r][\n]"
2022-02-03_20:03:28.855 [main] DEBUG org.apache.http.wire -  << "Transfer-Encoding: chunked[\r][\n]"
2022-02-03_20:03:28.855 [main] DEBUG org.apache.http.wire -  << "Connection: keep-alive[\r][\n]"
2022-02-03_20:03:28.855 [main] DEBUG org.apache.http.wire -  << "[\r][\n]"
2022-02-03_20:03:28.856 [main] DEBUG o.a.h.i.conn.DefaultClientConnection - Receiving response: HTTP/1.1 200 
2022-02-03_20:03:28.856 [main] DEBUG org.apache.http.headers - << HTTP/1.1 200 
2022-02-03_20:03:28.857 [main] DEBUG org.apache.http.headers - << Access-Control-Allow-Methods: GET, POST
2022-02-03_20:03:28.857 [main] DEBUG org.apache.http.headers - << Access-Control-Allow-Origin: *
2022-02-03_20:03:28.857 [main] DEBUG org.apache.http.headers - << Content-Security-Policy: default-src 'none'
2022-02-03_20:03:28.857 [main] DEBUG org.apache.http.headers - << Feature-Policy: 'none'
2022-02-03_20:03:28.857 [main] DEBUG org.apache.http.headers - << Referrer-Policy: no-referrer
2022-02-03_20:03:28.857 [main] DEBUG org.apache.http.headers - << Strict-Transport-Security: max-age=31536000 ; includeSubDomains
2022-02-03_20:03:28.857 [main] DEBUG org.apache.http.headers - << Date: Thu, 03 Feb 2022 14:33:28 GMT
2022-02-03_20:03:28.857 [main] DEBUG org.apache.http.headers - << Keep-Alive: timeout=60
2022-02-03_20:03:28.858 [main] DEBUG org.apache.http.headers - << Content-Type: application/json
2022-02-03_20:03:28.858 [main] DEBUG org.apache.http.headers - << Transfer-Encoding: chunked
2022-02-03_20:03:28.858 [main] DEBUG org.apache.http.headers - << Connection: keep-alive
2022-02-03_20:03:28.867 [main] DEBUG o.a.h.impl.client.DefaultHttpClient - Connection can be kept alive for 60000 MILLISECONDS
2022-02-03_20:03:28.887 [main] DEBUG i.r.i.RequestSpecificationImpl$RestAssuredHttpBuilder - Parsing response as: application/json
2022-02-03_20:03:28.896 [main] DEBUG i.r.i.RequestSpecificationImpl$RestAssuredHttpBuilder - Parsed data to instance of: class org.apache.http.conn.EofSensorInputStream
2022-02-03_20:03:28.912 [main] INFO  com.qc.BaseAPI - Method :GET
2022-02-03_20:03:28.913 [main] INFO  com.qc.BaseAPI - URI :https://apitest.pineperks.in/auth/V1/generate/token
2022-02-03_20:03:28.913 [main] INFO  com.qc.BaseAPI - Headers :userName=A0aCcnPzDANtKmvSLPKcaw==
Accept=*/*
Content-Type=application/json; charset=UTF-8
2022-02-03_20:03:28.913 [main] INFO  com.qc.BaseAPI - Body :null
2022-02-03_20:03:28.913 [main] INFO  com.qc.BaseAPI - ********************RESPONSE********************
2022-02-03_20:03:28.921 [main] DEBUG org.apache.http.wire -  << "7f[\r][\n]"
2022-02-03_20:03:28.922 [main] DEBUG org.apache.http.wire -  << "{"accessToken":"fafd383209484023a102ff42e0f100ce","tokenExpiryTime":"03-Feb-2024","responseCode":0,"responseMessage":"Success"}"
2022-02-03_20:03:28.922 [main] DEBUG org.apache.http.wire -  << "[\r][\n]"
2022-02-03_20:03:28.923 [main] DEBUG org.apache.http.wire -  << "0[\r][\n]"
2022-02-03_20:03:28.923 [main] DEBUG org.apache.http.wire -  << "[\r][\n]"
2022-02-03_20:03:28.923 [main] DEBUG o.a.h.i.c.BasicClientConnectionManager - Releasing connection org.apache.http.impl.conn.ManagedClientConnectionImpl@43ffaeb8
2022-02-03_20:03:28.923 [main] DEBUG o.a.h.i.c.BasicClientConnectionManager - Connection can be kept alive for 60000 MILLISECONDS
2022-02-03_20:03:28.946 [main] INFO  com.qc.BaseAPI - Response :{
    "accessToken": "fafd383209484023a102ff42e0f100ce",
    "tokenExpiryTime": "03-Feb-2024",
    "responseCode": 0,
    "responseMessage": "Success"
}
2022-02-03_20:03:28.948 [main] INFO  com.qc.BaseAPI -  **** GET call Response time 2284 ms
2022-02-03_20:03:28.948 [main] INFO  pl.rest.service.Authorize - Time Taken to perform https://apitest.pineperks.in/auth/V1/generate/token transaction: 2284
2022-02-03_20:03:29.039 [main] INFO  com.qc.qa.utils.TestDataReader - Reading Json data authorizeHeaders
2022-02-03_20:03:29.043 [main] INFO  com.qc.qa.utils.TestDataReader - Reading json data from file @ testData/api/devAPIData.json
2022-02-03_20:03:29.066 [main] INFO  pl.rest.service.CardIssue - CardIssue Rest API URL :- https://apitest.pineperks.in/card/order/V1/instant/issue/nonreloadable/digital
2022-02-03_20:03:29.066 [main] INFO  com.qc.BaseAPI - POST call to URL https://apitest.pineperks.in/card/order/V1/instant/issue/nonreloadable/digital
2022-02-03_20:03:29.077 [main] INFO  com.qc.BaseAPI - ********************REQUEST********************
2022-02-03_20:03:29.117 [main] DEBUG o.a.h.i.c.BasicClientConnectionManager - Get connection for route {s}->https://apitest.pineperks.in:443
2022-02-03_20:03:29.118 [main] DEBUG o.a.h.i.c.DefaultClientConnectionOperator - Connecting to apitest.pineperks.in:443
2022-02-03_20:03:29.250 [main] DEBUG o.a.h.c.protocol.RequestAddCookies - CookieSpec selected: ignoreCookies
2022-02-03_20:03:29.250 [main] DEBUG o.a.h.c.protocol.RequestAuthCache - Auth cache not set in the context
2022-02-03_20:03:29.250 [main] DEBUG o.a.h.c.p.RequestTargetAuthentication - Target auth state: UNCHALLENGED
2022-02-03_20:03:29.250 [main] DEBUG o.a.h.c.p.RequestProxyAuthentication - Proxy auth state: UNCHALLENGED
2022-02-03_20:03:29.250 [main] DEBUG o.a.h.impl.client.DefaultHttpClient - Attempt 1 to execute request
2022-02-03_20:03:29.250 [main] DEBUG o.a.h.i.conn.DefaultClientConnection - Sending request: POST /card/order/V1/instant/issue/nonreloadable/digital HTTP/1.1
2022-02-03_20:03:29.251 [main] DEBUG org.apache.http.wire -  >> "POST /card/order/V1/instant/issue/nonreloadable/digital HTTP/1.1[\r][\n]"
2022-02-03_20:03:29.251 [main] DEBUG org.apache.http.wire -  >> "Accept: */*[\r][\n]"
2022-02-03_20:03:29.251 [main] DEBUG org.apache.http.wire -  >> "userName: A0aCcnPzDANtKmvSLPKcaw==[\r][\n]"
2022-02-03_20:03:29.251 [main] DEBUG org.apache.http.wire -  >> "token: fafd383209484023a102ff42e0f100ce[\r][\n]"
2022-02-03_20:03:29.251 [main] DEBUG org.apache.http.wire -  >> "Content-Type: application/json; charset=UTF-8[\r][\n]"
2022-02-03_20:03:29.252 [main] DEBUG org.apache.http.wire -  >> "Content-Length: 241[\r][\n]"
2022-02-03_20:03:29.252 [main] DEBUG org.apache.http.wire -  >> "Host: apitest.pineperks.in[\r][\n]"
2022-02-03_20:03:29.252 [main] DEBUG org.apache.http.wire -  >> "Connection: Keep-Alive[\r][\n]"
2022-02-03_20:03:29.252 [main] DEBUG org.apache.http.wire -  >> "User-Agent: Apache-HttpClient/4.5.2 (Java/1.8.0_202)[\r][\n]"
2022-02-03_20:03:29.252 [main] DEBUG org.apache.http.wire -  >> "Accept-Encoding: gzip,deflate[\r][\n]"
2022-02-03_20:03:29.252 [main] DEBUG org.apache.http.wire -  >> "[\r][\n]"
2022-02-03_20:03:29.252 [main] DEBUG org.apache.http.headers - >> POST /card/order/V1/instant/issue/nonreloadable/digital HTTP/1.1
2022-02-03_20:03:29.252 [main] DEBUG org.apache.http.headers - >> Accept: */*
2022-02-03_20:03:29.252 [main] DEBUG org.apache.http.headers - >> userName: A0aCcnPzDANtKmvSLPKcaw==
2022-02-03_20:03:29.252 [main] DEBUG org.apache.http.headers - >> token: fafd383209484023a102ff42e0f100ce
2022-02-03_20:03:29.253 [main] DEBUG org.apache.http.headers - >> Content-Type: application/json; charset=UTF-8
2022-02-03_20:03:29.253 [main] DEBUG org.apache.http.headers - >> Content-Length: 241
2022-02-03_20:03:29.253 [main] DEBUG org.apache.http.headers - >> Host: apitest.pineperks.in
2022-02-03_20:03:29.253 [main] DEBUG org.apache.http.headers - >> Connection: Keep-Alive
2022-02-03_20:03:29.253 [main] DEBUG org.apache.http.headers - >> User-Agent: Apache-HttpClient/4.5.2 (Java/1.8.0_202)
2022-02-03_20:03:29.253 [main] DEBUG org.apache.http.headers - >> Accept-Encoding: gzip,deflate
2022-02-03_20:03:29.253 [main] DEBUG org.apache.http.wire -  >> "{"isLinkToBeSentOnMobile":true,"checksum":"5x3GNrnStyS2PkMvV6EeAw==","cardDetailList":[{"amount":"1000","mobileNumber":"8284854535","customerName":"afzal","email":"afzal.ahmed@pinelabs.com"}],"externalRequestId":"kFA1r1n","cardSchemeId":"7"}"
2022-02-03_20:03:29.654 [main] DEBUG org.apache.http.wire -  << "HTTP/1.1 200 [\r][\n]"
2022-02-03_20:03:29.655 [main] DEBUG org.apache.http.wire -  << "Access-Control-Allow-Methods: GET, POST[\r][\n]"
2022-02-03_20:03:29.655 [main] DEBUG org.apache.http.wire -  << "Access-Control-Allow-Origin: *[\r][\n]"
2022-02-03_20:03:29.655 [main] DEBUG org.apache.http.wire -  << "Content-Security-Policy: default-src 'none'[\r][\n]"
2022-02-03_20:03:29.655 [main] DEBUG org.apache.http.wire -  << "Feature-Policy: 'none'[\r][\n]"
2022-02-03_20:03:29.655 [main] DEBUG org.apache.http.wire -  << "Referrer-Policy: no-referrer[\r][\n]"
2022-02-03_20:03:29.655 [main] DEBUG org.apache.http.wire -  << "Strict-Transport-Security: max-age=31536000 ; includeSubDomains[\r][\n]"
2022-02-03_20:03:29.655 [main] DEBUG org.apache.http.wire -  << "Date: Thu, 03 Feb 2022 14:33:28 GMT[\r][\n]"
2022-02-03_20:03:29.656 [main] DEBUG org.apache.http.wire -  << "Keep-Alive: timeout=60[\r][\n]"
2022-02-03_20:03:29.656 [main] DEBUG org.apache.http.wire -  << "Content-Type: application/json[\r][\n]"
2022-02-03_20:03:29.656 [main] DEBUG org.apache.http.wire -  << "Transfer-Encoding: chunked[\r][\n]"
2022-02-03_20:03:29.656 [main] DEBUG org.apache.http.wire -  << "Connection: keep-alive[\r][\n]"
2022-02-03_20:03:29.656 [main] DEBUG org.apache.http.wire -  << "[\r][\n]"
2022-02-03_20:03:29.656 [main] DEBUG o.a.h.i.conn.DefaultClientConnection - Receiving response: HTTP/1.1 200 
2022-02-03_20:03:29.656 [main] DEBUG org.apache.http.headers - << HTTP/1.1 200 
2022-02-03_20:03:29.657 [main] DEBUG org.apache.http.headers - << Access-Control-Allow-Methods: GET, POST
2022-02-03_20:03:29.657 [main] DEBUG org.apache.http.headers - << Access-Control-Allow-Origin: *
2022-02-03_20:03:29.657 [main] DEBUG org.apache.http.headers - << Content-Security-Policy: default-src 'none'
2022-02-03_20:03:29.657 [main] DEBUG org.apache.http.headers - << Feature-Policy: 'none'
2022-02-03_20:03:29.658 [main] DEBUG org.apache.http.headers - << Referrer-Policy: no-referrer
2022-02-03_20:03:29.658 [main] DEBUG org.apache.http.headers - << Strict-Transport-Security: max-age=31536000 ; includeSubDomains
2022-02-03_20:03:29.658 [main] DEBUG org.apache.http.headers - << Date: Thu, 03 Feb 2022 14:33:28 GMT
2022-02-03_20:03:29.658 [main] DEBUG org.apache.http.headers - << Keep-Alive: timeout=60
2022-02-03_20:03:29.658 [main] DEBUG org.apache.http.headers - << Content-Type: application/json
2022-02-03_20:03:29.658 [main] DEBUG org.apache.http.headers - << Transfer-Encoding: chunked
2022-02-03_20:03:29.658 [main] DEBUG org.apache.http.headers - << Connection: keep-alive
2022-02-03_20:03:29.659 [main] DEBUG o.a.h.impl.client.DefaultHttpClient - Connection can be kept alive for 60000 MILLISECONDS
2022-02-03_20:03:29.660 [main] DEBUG i.r.i.RequestSpecificationImpl$RestAssuredHttpBuilder - Parsing response as: application/json
2022-02-03_20:03:29.660 [main] DEBUG i.r.i.RequestSpecificationImpl$RestAssuredHttpBuilder - Parsed data to instance of: class org.apache.http.conn.EofSensorInputStream
2022-02-03_20:03:29.662 [main] INFO  com.qc.BaseAPI - Method :POST
2022-02-03_20:03:29.665 [main] INFO  com.qc.BaseAPI - URI :https://apitest.pineperks.in/card/order/V1/instant/issue/nonreloadable/digital
2022-02-03_20:03:29.666 [main] INFO  com.qc.BaseAPI - Headers :token=fafd383209484023a102ff42e0f100ce
userName=A0aCcnPzDANtKmvSLPKcaw==
Accept=*/*
Content-Type=application/json; charset=UTF-8
2022-02-03_20:03:29.666 [main] INFO  com.qc.BaseAPI - Body :{"isLinkToBeSentOnMobile":true,"checksum":"5x3GNrnStyS2PkMvV6EeAw==","cardDetailList":[{"amount":"1000","mobileNumber":"8284854535","customerName":"afzal","email":"afzal.ahmed@pinelabs.com"}],"externalRequestId":"kFA1r1n","cardSchemeId":"7"}
2022-02-03_20:03:29.666 [main] INFO  com.qc.BaseAPI - ********************RESPONSE********************
2022-02-03_20:03:29.666 [main] DEBUG org.apache.http.wire -  << "1f2[\r][\n]"
2022-02-03_20:03:29.667 [main] DEBUG org.apache.http.wire -  << "{"externalRequestId":"kFA1r1n","orderId":103239,"orderStatus":6,"cardDetailResponseList":[{"referenceNumber":3258852561,"serialNumber":10323900010001,"customerName":"afzal","mobileNumber":8284854535,"email":"afzal.ahmed@pinelabs.com","amount":1000,"cardLink":"test.pineperks.in/eCard?c=Cq0MGrcnM6WwvCL-S0UsZQ2","responseCode":0,"responseMessage":"Success"}],"successCount":1,"failedCount":0,"orderAmount":1000,"issuanceCharge":100,"netOrderAmount":1100,"responseCode":0,"responseMessage":"Success"}"
2022-02-03_20:03:29.667 [main] DEBUG org.apache.http.wire -  << "[\r][\n]"
2022-02-03_20:03:29.667 [main] DEBUG org.apache.http.wire -  << "0[\r][\n]"
2022-02-03_20:03:29.667 [main] DEBUG org.apache.http.wire -  << "[\r][\n]"
2022-02-03_20:03:29.668 [main] DEBUG o.a.h.i.c.BasicClientConnectionManager - Releasing connection org.apache.http.impl.conn.ManagedClientConnectionImpl@11fb5a83
2022-02-03_20:03:29.668 [main] DEBUG o.a.h.i.c.BasicClientConnectionManager - Connection can be kept alive for 60000 MILLISECONDS
2022-02-03_20:03:29.670 [main] INFO  com.qc.BaseAPI - Response :{
    "externalRequestId": "kFA1r1n",
    "orderId": 103239,
    "orderStatus": 6,
    "cardDetailResponseList": [
        {
            "referenceNumber": 3258852561,
            "serialNumber": 10323900010001,
            "customerName": "afzal",
            "mobileNumber": 8284854535,
            "email": "afzal.ahmed@pinelabs.com",
            "amount": 1000,
            "cardLink": "test.pineperks.in/eCard?c=Cq0MGrcnM6WwvCL-S0UsZQ2",
            "responseCode": 0,
            "responseMessage": "Success"
        }
    ],
    "successCount": 1,
    "failedCount": 0,
    "orderAmount": 1000,
    "issuanceCharge": 100,
    "netOrderAmount": 1100,
    "responseCode": 0,
    "responseMessage": "Success"
}
2022-02-03_20:03:29.671 [main] INFO  com.qc.BaseAPI -  **** POST call Response time 582 ms
2022-02-03_20:03:29.671 [main] INFO  pl.rest.service.CardIssue - Time Taken to perform https://apitest.pineperks.in/card/order/V1/instant/issue/nonreloadable/digital transaction: 582
2022-02-03_20:03:29.682 [main] INFO  com.qc.qa.utils.TestDataReader - Reading Json data authorizeHeaders
2022-02-03_20:03:29.685 [main] INFO  com.qc.qa.utils.TestDataReader - Reading json data from file @ testData/api/devAPIData.json
2022-02-03_20:03:29.688 [main] INFO  p.r.service.CorporateAndCardDetails - CardIssue Rest API URL :- https://apitest.pineperks.in/card/profile/V1/detail
2022-02-03_20:03:29.689 [main] INFO  com.qc.BaseAPI - POST call to URL https://apitest.pineperks.in/card/profile/V1/detail
2022-02-03_20:03:29.694 [main] INFO  com.qc.BaseAPI - ********************REQUEST********************
2022-02-03_20:03:29.701 [main] DEBUG o.a.h.i.c.BasicClientConnectionManager - Get connection for route {s}->https://apitest.pineperks.in:443
2022-02-03_20:03:29.701 [main] DEBUG o.a.h.i.c.DefaultClientConnectionOperator - Connecting to apitest.pineperks.in:443
2022-02-03_20:03:29.830 [main] DEBUG o.a.h.c.protocol.RequestAddCookies - CookieSpec selected: ignoreCookies
2022-02-03_20:03:29.831 [main] DEBUG o.a.h.c.protocol.RequestAuthCache - Auth cache not set in the context
2022-02-03_20:03:29.831 [main] DEBUG o.a.h.c.p.RequestTargetAuthentication - Target auth state: UNCHALLENGED
2022-02-03_20:03:29.831 [main] DEBUG o.a.h.c.p.RequestProxyAuthentication - Proxy auth state: UNCHALLENGED
2022-02-03_20:03:29.831 [main] DEBUG o.a.h.impl.client.DefaultHttpClient - Attempt 1 to execute request
2022-02-03_20:03:29.831 [main] DEBUG o.a.h.i.conn.DefaultClientConnection - Sending request: POST /card/profile/V1/detail HTTP/1.1
2022-02-03_20:03:29.831 [main] DEBUG org.apache.http.wire -  >> "POST /card/profile/V1/detail HTTP/1.1[\r][\n]"
2022-02-03_20:03:29.832 [main] DEBUG org.apache.http.wire -  >> "Accept: */*[\r][\n]"
2022-02-03_20:03:29.832 [main] DEBUG org.apache.http.wire -  >> "userName: A0aCcnPzDANtKmvSLPKcaw==[\r][\n]"
2022-02-03_20:03:29.832 [main] DEBUG org.apache.http.wire -  >> "token: fafd383209484023a102ff42e0f100ce[\r][\n]"
2022-02-03_20:03:29.833 [main] DEBUG org.apache.http.wire -  >> "Content-Type: application/json; charset=UTF-8[\r][\n]"
2022-02-03_20:03:29.834 [main] DEBUG org.apache.http.wire -  >> "Content-Length: 40[\r][\n]"
2022-02-03_20:03:29.834 [main] DEBUG org.apache.http.wire -  >> "Host: apitest.pineperks.in[\r][\n]"
2022-02-03_20:03:29.834 [main] DEBUG org.apache.http.wire -  >> "Connection: Keep-Alive[\r][\n]"
2022-02-03_20:03:29.834 [main] DEBUG org.apache.http.wire -  >> "User-Agent: Apache-HttpClient/4.5.2 (Java/1.8.0_202)[\r][\n]"
2022-02-03_20:03:29.835 [main] DEBUG org.apache.http.wire -  >> "Accept-Encoding: gzip,deflate[\r][\n]"
2022-02-03_20:03:29.835 [main] DEBUG org.apache.http.wire -  >> "[\r][\n]"
2022-02-03_20:03:29.835 [main] DEBUG org.apache.http.headers - >> POST /card/profile/V1/detail HTTP/1.1
2022-02-03_20:03:29.835 [main] DEBUG org.apache.http.headers - >> Accept: */*
2022-02-03_20:03:29.835 [main] DEBUG org.apache.http.headers - >> userName: A0aCcnPzDANtKmvSLPKcaw==
2022-02-03_20:03:29.836 [main] DEBUG org.apache.http.headers - >> token: fafd383209484023a102ff42e0f100ce
2022-02-03_20:03:29.836 [main] DEBUG org.apache.http.headers - >> Content-Type: application/json; charset=UTF-8
2022-02-03_20:03:29.836 [main] DEBUG org.apache.http.headers - >> Content-Length: 40
2022-02-03_20:03:29.836 [main] DEBUG org.apache.http.headers - >> Host: apitest.pineperks.in
2022-02-03_20:03:29.836 [main] DEBUG org.apache.http.headers - >> Connection: Keep-Alive
2022-02-03_20:03:29.836 [main] DEBUG org.apache.http.headers - >> User-Agent: Apache-HttpClient/4.5.2 (Java/1.8.0_202)
2022-02-03_20:03:29.836 [main] DEBUG org.apache.http.headers - >> Accept-Encoding: gzip,deflate
2022-02-03_20:03:29.837 [main] DEBUG org.apache.http.wire -  >> "{"cardDetailRequestList":["3258852561"]}"
2022-02-03_20:03:29.907 [main] DEBUG org.apache.http.wire -  << "HTTP/1.1 200 [\r][\n]"
2022-02-03_20:03:29.907 [main] DEBUG org.apache.http.wire -  << "Access-Control-Allow-Methods: GET, POST[\r][\n]"
2022-02-03_20:03:29.908 [main] DEBUG org.apache.http.wire -  << "Access-Control-Allow-Origin: *[\r][\n]"
2022-02-03_20:03:29.908 [main] DEBUG org.apache.http.wire -  << "Content-Security-Policy: default-src 'none'[\r][\n]"
2022-02-03_20:03:29.908 [main] DEBUG org.apache.http.wire -  << "Feature-Policy: 'none'[\r][\n]"
2022-02-03_20:03:29.908 [main] DEBUG org.apache.http.wire -  << "Referrer-Policy: no-referrer[\r][\n]"
2022-02-03_20:03:29.908 [main] DEBUG org.apache.http.wire -  << "Strict-Transport-Security: max-age=31536000 ; includeSubDomains[\r][\n]"
2022-02-03_20:03:29.908 [main] DEBUG org.apache.http.wire -  << "Date: Thu, 03 Feb 2022 14:33:29 GMT[\r][\n]"
2022-02-03_20:03:29.908 [main] DEBUG org.apache.http.wire -  << "Keep-Alive: timeout=60[\r][\n]"
2022-02-03_20:03:29.908 [main] DEBUG org.apache.http.wire -  << "Content-Type: application/json[\r][\n]"
2022-02-03_20:03:29.908 [main] DEBUG org.apache.http.wire -  << "Transfer-Encoding: chunked[\r][\n]"
2022-02-03_20:03:29.909 [main] DEBUG org.apache.http.wire -  << "Connection: keep-alive[\r][\n]"
2022-02-03_20:03:29.909 [main] DEBUG org.apache.http.wire -  << "[\r][\n]"
2022-02-03_20:03:29.909 [main] DEBUG o.a.h.i.conn.DefaultClientConnection - Receiving response: HTTP/1.1 200 
2022-02-03_20:03:29.909 [main] DEBUG org.apache.http.headers - << HTTP/1.1 200 
2022-02-03_20:03:29.909 [main] DEBUG org.apache.http.headers - << Access-Control-Allow-Methods: GET, POST
2022-02-03_20:03:29.909 [main] DEBUG org.apache.http.headers - << Access-Control-Allow-Origin: *
2022-02-03_20:03:29.909 [main] DEBUG org.apache.http.headers - << Content-Security-Policy: default-src 'none'
2022-02-03_20:03:29.909 [main] DEBUG org.apache.http.headers - << Feature-Policy: 'none'
2022-02-03_20:03:29.909 [main] DEBUG org.apache.http.headers - << Referrer-Policy: no-referrer
2022-02-03_20:03:29.909 [main] DEBUG org.apache.http.headers - << Strict-Transport-Security: max-age=31536000 ; includeSubDomains
2022-02-03_20:03:29.909 [main] DEBUG org.apache.http.headers - << Date: Thu, 03 Feb 2022 14:33:29 GMT
2022-02-03_20:03:29.909 [main] DEBUG org.apache.http.headers - << Keep-Alive: timeout=60
2022-02-03_20:03:29.910 [main] DEBUG org.apache.http.headers - << Content-Type: application/json
2022-02-03_20:03:29.910 [main] DEBUG org.apache.http.headers - << Transfer-Encoding: chunked
2022-02-03_20:03:29.910 [main] DEBUG org.apache.http.headers - << Connection: keep-alive
2022-02-03_20:03:29.910 [main] DEBUG o.a.h.impl.client.DefaultHttpClient - Connection can be kept alive for 60000 MILLISECONDS
2022-02-03_20:03:29.911 [main] DEBUG i.r.i.RequestSpecificationImpl$RestAssuredHttpBuilder - Parsing response as: application/json
2022-02-03_20:03:29.911 [main] DEBUG i.r.i.RequestSpecificationImpl$RestAssuredHttpBuilder - Parsed data to instance of: class org.apache.http.conn.EofSensorInputStream
2022-02-03_20:03:29.912 [main] INFO  com.qc.BaseAPI - Method :POST
2022-02-03_20:03:29.913 [main] INFO  com.qc.BaseAPI - URI :https://apitest.pineperks.in/card/profile/V1/detail
2022-02-03_20:03:29.913 [main] INFO  com.qc.BaseAPI - Headers :token=fafd383209484023a102ff42e0f100ce
userName=A0aCcnPzDANtKmvSLPKcaw==
Accept=*/*
Content-Type=application/json; charset=UTF-8
2022-02-03_20:03:29.913 [main] INFO  com.qc.BaseAPI - Body :{"cardDetailRequestList":["3258852561"]}
2022-02-03_20:03:29.913 [main] INFO  com.qc.BaseAPI - ********************RESPONSE********************
2022-02-03_20:03:29.914 [main] DEBUG org.apache.http.wire -  << "3c7[\r][\n]"
2022-02-03_20:03:29.914 [main] DEBUG org.apache.http.wire -  << "{"cardDetailResponseList":[{"cardReferenceNumber":3258852561,"maskedCardNumber":"608364******8423","cardStatus":1,"kycStatus":null,"cardSchemeId":7,"pinMode":4,"cardName":"milson Card","cardVariant":2,"cardCategoryId":4,"loadAmount":1000,"redeemedAmount":0,"balance":1000,"issuedOn":"03-Feb-2022","expiryDate":"29-Feb-2024","isEcommTransactionEnabled":true,"ecommRedeemTransactionLimit":0,"isPOSTransactionEnabled":false,"posRedeemTransactionLimit":0,"monthlyCreditAmount":null,"lastCreditedOn":null,"activatedOn":"03-Feb-2022","activationName":"Afzal","activationMobileNumber":8284854535,"activationEmail":"afzal.ahmed@pinelabs.com","customerName":"Afzal ahmed","customerMobile":8284854535,"customerEmail":null,"blockedOn":null,"terminatedOn":null,"terminatedBy":null,"reason":null,"reIssuedOn":null,"reIssuedBy":null,"reIssuedByCardReferenceNumber":null,"reIssueCharges":0,"responseCode":0,"responseMessage":"Success"}],"responseCode":0,"responseMessage":"Success"}"
2022-02-03_20:03:29.914 [main] DEBUG org.apache.http.wire -  << "[\r][\n]"
2022-02-03_20:03:29.914 [main] DEBUG org.apache.http.wire -  << "0[\r][\n]"
2022-02-03_20:03:29.915 [main] DEBUG org.apache.http.wire -  << "[\r][\n]"
2022-02-03_20:03:29.915 [main] DEBUG o.a.h.i.c.BasicClientConnectionManager - Releasing connection org.apache.http.impl.conn.ManagedClientConnectionImpl@f3bc185
2022-02-03_20:03:29.915 [main] DEBUG o.a.h.i.c.BasicClientConnectionManager - Connection can be kept alive for 60000 MILLISECONDS
2022-02-03_20:03:29.919 [main] INFO  com.qc.BaseAPI - Response :{
    "cardDetailResponseList": [
        {
            "cardReferenceNumber": 3258852561,
            "maskedCardNumber": "608364******8423",
            "cardStatus": 1,
            "kycStatus": null,
            "cardSchemeId": 7,
            "pinMode": 4,
            "cardName": "milson Card",
            "cardVariant": 2,
            "cardCategoryId": 4,
            "loadAmount": 1000,
            "redeemedAmount": 0,
            "balance": 1000,
            "issuedOn": "03-Feb-2022",
            "expiryDate": "29-Feb-2024",
            "isEcommTransactionEnabled": true,
            "ecommRedeemTransactionLimit": 0,
            "isPOSTransactionEnabled": false,
            "posRedeemTransactionLimit": 0,
            "monthlyCreditAmount": null,
            "lastCreditedOn": null,
            "activatedOn": "03-Feb-2022",
            "activationName": "Afzal",
            "activationMobileNumber": 8284854535,
            "activationEmail": "afzal.ahmed@pinelabs.com",
            "customerName": "Afzal ahmed",
            "customerMobile": 8284854535,
            "customerEmail": null,
            "blockedOn": null,
            "terminatedOn": null,
            "terminatedBy": null,
            "reason": null,
            "reIssuedOn": null,
            "reIssuedBy": null,
            "reIssuedByCardReferenceNumber": null,
            "reIssueCharges": 0,
            "responseCode": 0,
            "responseMessage": "Success"
        }
    ],
    "responseCode": 0,
    "responseMessage": "Success"
}
2022-02-03_20:03:29.920 [main] INFO  com.qc.BaseAPI -  **** POST call Response time 217 ms
2022-02-03_20:03:29.921 [main] INFO  p.r.service.CorporateAndCardDetails - Time Taken to perform https://apitest.pineperks.in/card/profile/V1/detail transaction: 217
