2022-01-25_18:14:34.248 [main] INFO  com.qc.CukeBase - Cucumber Before web scenario - Validating the expiry date field when updating the expiry duration as 7 days.
2022-01-25_18:14:34.276 [main] INFO  i.g.bonigarcia.wdm.WebDriverManager - Please answer the following questionnaire based on your experience with WebDriverManager. Thanks a lot!
2022-01-25_18:14:34.276 [main] INFO  i.g.bonigarcia.wdm.WebDriverManager - ====> http://tiny.cc/wdm-survey <====
2022-01-25_18:14:36.026 [main] INFO  i.g.bonigarcia.wdm.WebDriverManager - Using chromedriver 97.0.4692.71 (since Chrome 97 is installed in your machine)
2022-01-25_18:14:36.055 [main] DEBUG i.g.bonigarcia.wdm.WebDriverManager - Driver chromedriver 97.0.4692.71 found in cache
2022-01-25_18:14:36.056 [main] INFO  i.g.bonigarcia.wdm.WebDriverManager - Exporting webdriver.chrome.driver as C:\Users\afzal.ahmed\.m2\repository\webdriver\chromedriver\win32\97.0.4692.71\chromedriver.exe
2022-01-25_18:14:37.236 [main] INFO  com.qc.qa.drivers.ChromeDriverManger - Chrome service started
2022-01-25_18:14:40.914 [main] INFO  com.qc.CukeBase - Set new webDriver
2022-01-25_18:14:40.915 [main] INFO  com.qc.CukeBase - Getting webDriver
2022-01-25_18:14:41.374 [main] INFO  com.qc.CukeBase - Getting webDriver
2022-01-25_18:14:41.378 [main] INFO  pl.rest.CustomHooks - SCENARIO NAME: Validating the expiry date field when updating the expiry duration as 7 days.
2022-01-25_18:14:41.379 [main] INFO  pl.rest.CustomHooks - TAG NAMEs: [@Web_UI_01, @Regression, @Web]
2022-01-25_18:14:41.380 [main] INFO  pl.rest.CustomHooks - SCENARIO NAME: Validating the expiry date field when updating the expiry duration as 7 days.
2022-01-25_18:14:41.380 [main] INFO  pl.rest.CustomHooks - TAG NAMEs: [@Web_UI_01, @Regression, @Web]
2022-01-25_18:14:41.380 [main] INFO  pl.rest.CustomHooks - Index: 0, Size: 0
2022-01-25_18:14:41.388 [main] INFO  pl.rest.utils.DBUtils - query being executed update IssuerSystemVariable set value='{  "expiryDurationType" : 1,   "expiryDurationValue" : 7  }' where name='API_TOKEN_EXPIRY_TIME';
2022-01-25_18:14:44.002 [main] INFO  com.qc.qa.ui.BasePage - Navigating to  URL: https://admintest.pineperks.in/
2022-01-25_18:14:44.003 [main] INFO  com.qc.qa.ui.BasePage - Waiting for page to be ready 
2022-01-25_18:14:44.050 [main] INFO  gui.pages.UIActionPages - PinePerks|Login
2022-01-25_18:14:44.110 [main] INFO  com.qc.qa.ui.BasePage - Entering the text -afzal.ahmed@pinelabs.com
2022-01-25_18:14:44.113 [main] INFO  com.qc.qa.ui.BasePage - Waiting for element to clickable 
2022-01-25_18:14:44.275 [main] INFO  com.qc.qa.ui.BasePage - Entering the text -Dashboard@DG1809
2022-01-25_18:14:44.278 [main] INFO  com.qc.qa.ui.BasePage - Waiting for element to clickable 
2022-01-25_18:14:44.453 [main] INFO  com.qc.qa.ui.BasePage - Clicking the element in page
2022-01-25_18:14:44.456 [main] INFO  com.qc.qa.ui.BasePage - Waiting for element to clickable 
2022-01-25_18:14:45.816 [main] INFO  com.qc.qa.ui.BasePage - Waiting for page to be ready 
2022-01-25_18:14:45.843 [main] INFO  com.qc.qa.ui.BasePage - ClickingBy.xpath: //a[@href='/admin/clearCacheData']
2022-01-25_18:14:45.864 [main] INFO  com.qc.qa.ui.BasePage - Waiting for element to clickable 
2022-01-25_18:14:46.304 [main] INFO  com.qc.qa.ui.BasePage - Waiting for page to be ready 
2022-01-25_18:14:46.468 [main] INFO  com.qc.qa.ui.BasePage - ClickingBy.id: pageSubmission
2022-01-25_18:14:46.485 [main] INFO  com.qc.qa.ui.BasePage - Waiting for element to clickable 
2022-01-25_18:14:46.684 [main] INFO  com.qc.qa.ui.BasePage - Waiting for lodding image to close
2022-01-25_18:14:47.827 [main] INFO  com.qc.qa.utils.TestDataReader - Reading API Test Data config values from  testData/api/devAPITestData.properties
2022-01-25_18:14:47.830 [main] INFO  pl.rest.service.Authorize - Authorize Rest API URL :- https://apitest.pineperks.in/auth/V1/generate/token
2022-01-25_18:14:47.830 [main] INFO  com.qc.BaseAPI - GET call to URL https://apitest.pineperks.in/auth/V1/generate/token
2022-01-25_18:14:48.073 [main] INFO  com.qc.BaseAPI - ********************REQUEST********************
2022-01-25_18:14:48.397 [main] DEBUG o.a.h.i.c.BasicClientConnectionManager - Get connection for route {s}->https://apitest.pineperks.in:443
2022-01-25_18:14:48.412 [main] DEBUG o.a.h.i.c.DefaultClientConnectionOperator - Connecting to apitest.pineperks.in:443
2022-01-25_18:14:48.636 [main] DEBUG o.a.h.c.protocol.RequestAddCookies - CookieSpec selected: ignoreCookies
2022-01-25_18:14:48.637 [main] DEBUG o.a.h.c.protocol.RequestAuthCache - Auth cache not set in the context
2022-01-25_18:14:48.638 [main] DEBUG o.a.h.c.p.RequestTargetAuthentication - Target auth state: UNCHALLENGED
2022-01-25_18:14:48.639 [main] DEBUG o.a.h.c.p.RequestProxyAuthentication - Proxy auth state: UNCHALLENGED
2022-01-25_18:14:48.639 [main] DEBUG o.a.h.impl.client.DefaultHttpClient - Attempt 1 to execute request
2022-01-25_18:14:48.640 [main] DEBUG o.a.h.i.conn.DefaultClientConnection - Sending request: GET /auth/V1/generate/token HTTP/1.1
2022-01-25_18:14:48.640 [main] DEBUG org.apache.http.wire -  >> "GET /auth/V1/generate/token HTTP/1.1[\r][\n]"
2022-01-25_18:14:48.641 [main] DEBUG org.apache.http.wire -  >> "Content-Type: application/json; charset=UTF-8[\r][\n]"
2022-01-25_18:14:48.641 [main] DEBUG org.apache.http.wire -  >> "Accept: */*[\r][\n]"
2022-01-25_18:14:48.641 [main] DEBUG org.apache.http.wire -  >> "userName: A0aCcnPzDANtKmvSLPKcaw==[\r][\n]"
2022-01-25_18:14:48.642 [main] DEBUG org.apache.http.wire -  >> "Host: apitest.pineperks.in[\r][\n]"
2022-01-25_18:14:48.642 [main] DEBUG org.apache.http.wire -  >> "Connection: Keep-Alive[\r][\n]"
2022-01-25_18:14:48.642 [main] DEBUG org.apache.http.wire -  >> "User-Agent: Apache-HttpClient/4.5.2 (Java/1.8.0_202)[\r][\n]"
2022-01-25_18:14:48.642 [main] DEBUG org.apache.http.wire -  >> "Accept-Encoding: gzip,deflate[\r][\n]"
2022-01-25_18:14:48.642 [main] DEBUG org.apache.http.wire -  >> "[\r][\n]"
2022-01-25_18:14:48.642 [main] DEBUG org.apache.http.headers - >> GET /auth/V1/generate/token HTTP/1.1
2022-01-25_18:14:48.643 [main] DEBUG org.apache.http.headers - >> Content-Type: application/json; charset=UTF-8
2022-01-25_18:14:48.643 [main] DEBUG org.apache.http.headers - >> Accept: */*
2022-01-25_18:14:48.643 [main] DEBUG org.apache.http.headers - >> userName: A0aCcnPzDANtKmvSLPKcaw==
2022-01-25_18:14:48.643 [main] DEBUG org.apache.http.headers - >> Host: apitest.pineperks.in
2022-01-25_18:14:48.643 [main] DEBUG org.apache.http.headers - >> Connection: Keep-Alive
2022-01-25_18:14:48.643 [main] DEBUG org.apache.http.headers - >> User-Agent: Apache-HttpClient/4.5.2 (Java/1.8.0_202)
2022-01-25_18:14:48.643 [main] DEBUG org.apache.http.headers - >> Accept-Encoding: gzip,deflate
2022-01-25_18:14:48.685 [main] DEBUG org.apache.http.wire -  << "HTTP/1.1 200 [\r][\n]"
2022-01-25_18:14:48.687 [main] DEBUG org.apache.http.wire -  << "Access-Control-Allow-Methods: GET, POST[\r][\n]"
2022-01-25_18:14:48.688 [main] DEBUG org.apache.http.wire -  << "Access-Control-Allow-Origin: *[\r][\n]"
2022-01-25_18:14:48.688 [main] DEBUG org.apache.http.wire -  << "Content-Security-Policy: default-src 'none'[\r][\n]"
2022-01-25_18:14:48.688 [main] DEBUG org.apache.http.wire -  << "Feature-Policy: 'none'[\r][\n]"
2022-01-25_18:14:48.688 [main] DEBUG org.apache.http.wire -  << "Referrer-Policy: no-referrer[\r][\n]"
2022-01-25_18:14:48.688 [main] DEBUG org.apache.http.wire -  << "Strict-Transport-Security: max-age=31536000 ; includeSubDomains[\r][\n]"
2022-01-25_18:14:48.688 [main] DEBUG org.apache.http.wire -  << "Date: Tue, 25 Jan 2022 12:44:48 GMT[\r][\n]"
2022-01-25_18:14:48.688 [main] DEBUG org.apache.http.wire -  << "Keep-Alive: timeout=60[\r][\n]"
2022-01-25_18:14:48.688 [main] DEBUG org.apache.http.wire -  << "Content-Type: application/json[\r][\n]"
2022-01-25_18:14:48.689 [main] DEBUG org.apache.http.wire -  << "Transfer-Encoding: chunked[\r][\n]"
2022-01-25_18:14:48.689 [main] DEBUG org.apache.http.wire -  << "Connection: keep-alive[\r][\n]"
2022-01-25_18:14:48.689 [main] DEBUG org.apache.http.wire -  << "[\r][\n]"
2022-01-25_18:14:48.690 [main] DEBUG o.a.h.i.conn.DefaultClientConnection - Receiving response: HTTP/1.1 200 
2022-01-25_18:14:48.690 [main] DEBUG org.apache.http.headers - << HTTP/1.1 200 
2022-01-25_18:14:48.690 [main] DEBUG org.apache.http.headers - << Access-Control-Allow-Methods: GET, POST
2022-01-25_18:14:48.690 [main] DEBUG org.apache.http.headers - << Access-Control-Allow-Origin: *
2022-01-25_18:14:48.690 [main] DEBUG org.apache.http.headers - << Content-Security-Policy: default-src 'none'
2022-01-25_18:14:48.690 [main] DEBUG org.apache.http.headers - << Feature-Policy: 'none'
2022-01-25_18:14:48.690 [main] DEBUG org.apache.http.headers - << Referrer-Policy: no-referrer
2022-01-25_18:14:48.690 [main] DEBUG org.apache.http.headers - << Strict-Transport-Security: max-age=31536000 ; includeSubDomains
2022-01-25_18:14:48.690 [main] DEBUG org.apache.http.headers - << Date: Tue, 25 Jan 2022 12:44:48 GMT
2022-01-25_18:14:48.690 [main] DEBUG org.apache.http.headers - << Keep-Alive: timeout=60
2022-01-25_18:14:48.690 [main] DEBUG org.apache.http.headers - << Content-Type: application/json
2022-01-25_18:14:48.690 [main] DEBUG org.apache.http.headers - << Transfer-Encoding: chunked
2022-01-25_18:14:48.691 [main] DEBUG org.apache.http.headers - << Connection: keep-alive
2022-01-25_18:14:48.698 [main] DEBUG o.a.h.impl.client.DefaultHttpClient - Connection can be kept alive for 60000 MILLISECONDS
2022-01-25_18:14:48.721 [main] DEBUG i.r.i.RequestSpecificationImpl$RestAssuredHttpBuilder - Parsing response as: application/json
2022-01-25_18:14:48.721 [main] DEBUG i.r.i.RequestSpecificationImpl$RestAssuredHttpBuilder - Parsed data to instance of: class org.apache.http.conn.EofSensorInputStream
2022-01-25_18:14:48.741 [main] INFO  com.qc.BaseAPI - Method :GET
2022-01-25_18:14:48.742 [main] INFO  com.qc.BaseAPI - URI :https://apitest.pineperks.in/auth/V1/generate/token
2022-01-25_18:14:48.744 [main] INFO  com.qc.BaseAPI - Headers :userName=A0aCcnPzDANtKmvSLPKcaw==
Accept=*/*
Content-Type=application/json; charset=UTF-8
2022-01-25_18:14:48.744 [main] INFO  com.qc.BaseAPI - Body :null
2022-01-25_18:14:48.744 [main] INFO  com.qc.BaseAPI - ********************RESPONSE********************
2022-01-25_18:14:48.785 [main] DEBUG org.apache.http.wire -  << "7f[\r][\n]"
2022-01-25_18:14:48.785 [main] DEBUG org.apache.http.wire -  << "{"accessToken":"6444c0b68dae47dda52a5626fbeb43c6","tokenExpiryTime":"25-May-2022","responseCode":0,"responseMessage":"Success"}"
2022-01-25_18:14:48.785 [main] DEBUG org.apache.http.wire -  << "[\r][\n]"
2022-01-25_18:14:48.786 [main] DEBUG org.apache.http.wire -  << "0[\r][\n]"
2022-01-25_18:14:48.787 [main] DEBUG org.apache.http.wire -  << "[\r][\n]"
2022-01-25_18:14:48.787 [main] DEBUG o.a.h.i.c.BasicClientConnectionManager - Releasing connection org.apache.http.impl.conn.ManagedClientConnectionImpl@7256366a
2022-01-25_18:14:48.787 [main] DEBUG o.a.h.i.c.BasicClientConnectionManager - Connection can be kept alive for 60000 MILLISECONDS
2022-01-25_18:14:48.832 [main] INFO  com.qc.BaseAPI - Response :{
    "accessToken": "6444c0b68dae47dda52a5626fbeb43c6",
    "tokenExpiryTime": "25-May-2022",
    "responseCode": 0,
    "responseMessage": "Success"
}
2022-01-25_18:14:48.836 [main] INFO  com.qc.BaseAPI -  **** GET call Response time 654 ms
2022-01-25_18:14:48.836 [main] INFO  pl.rest.service.Authorize - Time Taken to perform https://apitest.pineperks.in/auth/V1/generate/token transaction: 654
2022-01-25_18:14:48.942 [main] INFO  p.rest.stepDefs.TransactionsStepDefs - Expected date 01-Feb-2022
2022-01-25_18:14:48.943 [main] INFO  p.rest.stepDefs.TransactionsStepDefs - actual Date 25-May-2022
2022-01-25_18:14:49.170 [main] INFO  com.qc.CukeBase - Getting webDriver
2022-01-25_18:14:49.508 [main] DEBUG com.qc.qa.ui.BasePage - No Alert displayed
2022-01-25_18:14:49.717 [main] INFO  com.qc.CukeBase - Closing driver
