2022-01-27_18:27:11.780 [main] INFO  com.qc.CukeBase - Cucumber Before web scenario - Validating the expiry date field when updating the expiry duration as 7 days for V1.
2022-01-27_18:27:11.831 [main] INFO  i.g.bonigarcia.wdm.WebDriverManager - Please answer the following questionnaire based on your experience with WebDriverManager. Thanks a lot!
2022-01-27_18:27:11.832 [main] INFO  i.g.bonigarcia.wdm.WebDriverManager - ====> http://tiny.cc/wdm-survey <====
2022-01-27_18:27:14.103 [main] INFO  i.g.bonigarcia.wdm.WebDriverManager - Using chromedriver 97.0.4692.71 (since Chrome 97 is installed in your machine)
2022-01-27_18:27:14.127 [main] DEBUG i.g.bonigarcia.wdm.WebDriverManager - Driver chromedriver 97.0.4692.71 found in cache
2022-01-27_18:27:14.130 [main] INFO  i.g.bonigarcia.wdm.WebDriverManager - Exporting webdriver.chrome.driver as C:\Users\afzal.ahmed\.m2\repository\webdriver\chromedriver\win32\97.0.4692.71\chromedriver.exe
2022-01-27_18:27:15.375 [main] INFO  com.qc.qa.drivers.ChromeDriverManger - Chrome service started
2022-01-27_18:27:20.242 [main] INFO  com.qc.CukeBase - Set new webDriver
2022-01-27_18:27:20.244 [main] INFO  com.qc.CukeBase - Getting webDriver
2022-01-27_18:27:20.506 [main] INFO  com.qc.CukeBase - Getting webDriver
2022-01-27_18:27:20.517 [main] INFO  pl.rest.CustomHooks - SCENARIO NAME: Validating the expiry date field when updating the expiry duration as 7 days for V1.
2022-01-27_18:27:20.517 [main] INFO  pl.rest.CustomHooks - TAG NAMEs: [@Regression, @Web]
2022-01-27_18:27:20.518 [main] INFO  pl.rest.CustomHooks - SCENARIO NAME: Validating the expiry date field when updating the expiry duration as 7 days for V1.
2022-01-27_18:27:20.518 [main] INFO  pl.rest.CustomHooks - TAG NAMEs: [@Regression, @Web]
2022-01-27_18:27:20.519 [main] INFO  pl.rest.CustomHooks - Index: 0, Size: 0
2022-01-27_18:27:20.625 [main] ERROR com.qc.qa.utils.LoadProperties - Missing MySQLDBEnvironment property value in system property or in config.properties files.Please add it if incase required
2022-01-27_18:27:20.626 [main] INFO  com.qc.qa.dbutils.DBPoolProvider - Con pool Total - 400, idle - 0,  Num active - 0
2022-01-27_18:27:20.626 [main] INFO  com.qc.qa.dbutils.DBPoolProvider - Retrieved connection
2022-01-27_18:27:21.962 [main] INFO  c.qc.qa.dbutils.DBConnectionManager - DB Connected Successfully.
2022-01-27_18:27:21.965 [main] INFO  c.qc.qa.dbutils.DBConnectionManager - Executing Query:::update IssuerSystemVariable set value='{  "expiryDurationType" : 1,   "expiryDurationValue" : 7  }' where name='API_TOKEN_EXPIRY_TIME';
2022-01-27_18:27:22.054 [main] INFO  pl.rest.utils.DBUtils - query being executed update IssuerSystemVariable set value='{  "expiryDurationType" : 1,   "expiryDurationValue" : 7  }' where name='API_TOKEN_EXPIRY_TIME';
2022-01-27_18:27:22.054 [main] INFO  pl.rest.utils.DBUtils - number of rows affected 1
2022-01-27_18:27:25.144 [main] INFO  com.qc.qa.ui.BasePage - Navigating to  URL: https://admintest.pineperks.in/
2022-01-27_18:27:25.145 [main] INFO  com.qc.qa.ui.BasePage - Waiting for page to be ready 
2022-01-27_18:27:25.216 [main] INFO  gui.pages.UIActionPages - PinePerks|Login
2022-01-27_18:27:25.283 [main] INFO  com.qc.qa.ui.BasePage - Entering the text -afzal.ahmed@pinelabs.com
2022-01-27_18:27:25.289 [main] INFO  com.qc.qa.ui.BasePage - Waiting for element to clickable 
2022-01-27_18:27:25.530 [main] INFO  com.qc.qa.ui.BasePage - Entering the text -Dashboard@DG1809
2022-01-27_18:27:25.533 [main] INFO  com.qc.qa.ui.BasePage - Waiting for element to clickable 
2022-01-27_18:27:25.681 [main] INFO  com.qc.qa.ui.BasePage - Clicking the element in page
2022-01-27_18:27:25.684 [main] INFO  com.qc.qa.ui.BasePage - Waiting for element to clickable 
2022-01-27_18:27:27.427 [main] INFO  com.qc.qa.ui.BasePage - Waiting for page to be ready 
2022-01-27_18:27:27.452 [main] INFO  com.qc.qa.ui.BasePage - ClickingBy.xpath: //a[@href='/admin/clearCacheData']
2022-01-27_18:27:27.502 [main] INFO  com.qc.qa.ui.BasePage - Waiting for element to clickable 
2022-01-27_18:27:28.310 [main] INFO  com.qc.qa.ui.BasePage - Waiting for page to be ready 
2022-01-27_18:27:28.462 [main] INFO  com.qc.qa.ui.BasePage - ClickingBy.id: pageSubmission
2022-01-27_18:27:28.483 [main] INFO  com.qc.qa.ui.BasePage - Waiting for element to clickable 
2022-01-27_18:27:28.642 [main] INFO  com.qc.qa.ui.BasePage - Waiting for element to be invisible
2022-01-27_18:27:42.483 [main] INFO  com.qc.qa.utils.TestDataReader - Reading API Test Data config values from  testData/api/devAPITestData.properties
2022-01-27_18:27:42.492 [main] INFO  pl.rest.service.Authorize - Authorize Rest API URL :- https://apitest.pineperks.in/auth/V1/generate/token
2022-01-27_18:27:42.492 [main] INFO  com.qc.BaseAPI - GET call to URL https://apitest.pineperks.in/auth/V1/generate/token
2022-01-27_18:27:42.743 [main] INFO  com.qc.BaseAPI - ********************REQUEST********************
2022-01-27_18:27:43.261 [main] DEBUG o.a.h.i.c.BasicClientConnectionManager - Get connection for route {s}->https://apitest.pineperks.in:443
2022-01-27_18:27:43.305 [main] DEBUG o.a.h.i.c.DefaultClientConnectionOperator - Connecting to apitest.pineperks.in:443
2022-01-27_18:27:43.882 [main] DEBUG o.a.h.c.protocol.RequestAddCookies - CookieSpec selected: ignoreCookies
2022-01-27_18:27:43.885 [main] DEBUG o.a.h.c.protocol.RequestAuthCache - Auth cache not set in the context
2022-01-27_18:27:43.886 [main] DEBUG o.a.h.c.p.RequestTargetAuthentication - Target auth state: UNCHALLENGED
2022-01-27_18:27:43.887 [main] DEBUG o.a.h.c.p.RequestProxyAuthentication - Proxy auth state: UNCHALLENGED
2022-01-27_18:27:43.888 [main] DEBUG o.a.h.impl.client.DefaultHttpClient - Attempt 1 to execute request
2022-01-27_18:27:43.889 [main] DEBUG o.a.h.i.conn.DefaultClientConnection - Sending request: GET /auth/V1/generate/token HTTP/1.1
2022-01-27_18:27:43.890 [main] DEBUG org.apache.http.wire -  >> "GET /auth/V1/generate/token HTTP/1.1[\r][\n]"
2022-01-27_18:27:43.892 [main] DEBUG org.apache.http.wire -  >> "Content-Type: application/json; charset=UTF-8[\r][\n]"
2022-01-27_18:27:43.893 [main] DEBUG org.apache.http.wire -  >> "Accept: */*[\r][\n]"
2022-01-27_18:27:43.893 [main] DEBUG org.apache.http.wire -  >> "userName: A0aCcnPzDANtKmvSLPKcaw==[\r][\n]"
2022-01-27_18:27:43.894 [main] DEBUG org.apache.http.wire -  >> "Host: apitest.pineperks.in[\r][\n]"
2022-01-27_18:27:43.894 [main] DEBUG org.apache.http.wire -  >> "Connection: Keep-Alive[\r][\n]"
2022-01-27_18:27:43.894 [main] DEBUG org.apache.http.wire -  >> "User-Agent: Apache-HttpClient/4.5.2 (Java/1.8.0_202)[\r][\n]"
2022-01-27_18:27:43.894 [main] DEBUG org.apache.http.wire -  >> "Accept-Encoding: gzip,deflate[\r][\n]"
2022-01-27_18:27:43.894 [main] DEBUG org.apache.http.wire -  >> "[\r][\n]"
2022-01-27_18:27:43.895 [main] DEBUG org.apache.http.headers - >> GET /auth/V1/generate/token HTTP/1.1
2022-01-27_18:27:43.895 [main] DEBUG org.apache.http.headers - >> Content-Type: application/json; charset=UTF-8
2022-01-27_18:27:43.895 [main] DEBUG org.apache.http.headers - >> Accept: */*
2022-01-27_18:27:43.895 [main] DEBUG org.apache.http.headers - >> userName: A0aCcnPzDANtKmvSLPKcaw==
2022-01-27_18:27:43.895 [main] DEBUG org.apache.http.headers - >> Host: apitest.pineperks.in
2022-01-27_18:27:43.896 [main] DEBUG org.apache.http.headers - >> Connection: Keep-Alive
2022-01-27_18:27:43.896 [main] DEBUG org.apache.http.headers - >> User-Agent: Apache-HttpClient/4.5.2 (Java/1.8.0_202)
2022-01-27_18:27:43.896 [main] DEBUG org.apache.http.headers - >> Accept-Encoding: gzip,deflate
2022-01-27_18:27:44.009 [main] DEBUG org.apache.http.wire -  << "HTTP/1.1 200 [\r][\n]"
2022-01-27_18:27:44.012 [main] DEBUG org.apache.http.wire -  << "Access-Control-Allow-Methods: GET, POST[\r][\n]"
2022-01-27_18:27:44.013 [main] DEBUG org.apache.http.wire -  << "Access-Control-Allow-Origin: *[\r][\n]"
2022-01-27_18:27:44.013 [main] DEBUG org.apache.http.wire -  << "Content-Security-Policy: default-src 'none'[\r][\n]"
2022-01-27_18:27:44.013 [main] DEBUG org.apache.http.wire -  << "Feature-Policy: 'none'[\r][\n]"
2022-01-27_18:27:44.013 [main] DEBUG org.apache.http.wire -  << "Referrer-Policy: no-referrer[\r][\n]"
2022-01-27_18:27:44.014 [main] DEBUG org.apache.http.wire -  << "Strict-Transport-Security: max-age=31536000 ; includeSubDomains[\r][\n]"
2022-01-27_18:27:44.014 [main] DEBUG org.apache.http.wire -  << "Date: Thu, 27 Jan 2022 12:57:43 GMT[\r][\n]"
2022-01-27_18:27:44.014 [main] DEBUG org.apache.http.wire -  << "Keep-Alive: timeout=60[\r][\n]"
2022-01-27_18:27:44.015 [main] DEBUG org.apache.http.wire -  << "Content-Type: application/json[\r][\n]"
2022-01-27_18:27:44.015 [main] DEBUG org.apache.http.wire -  << "Transfer-Encoding: chunked[\r][\n]"
2022-01-27_18:27:44.015 [main] DEBUG org.apache.http.wire -  << "Connection: keep-alive[\r][\n]"
2022-01-27_18:27:44.016 [main] DEBUG org.apache.http.wire -  << "[\r][\n]"
2022-01-27_18:27:44.018 [main] DEBUG o.a.h.i.conn.DefaultClientConnection - Receiving response: HTTP/1.1 200 
2022-01-27_18:27:44.018 [main] DEBUG org.apache.http.headers - << HTTP/1.1 200 
2022-01-27_18:27:44.018 [main] DEBUG org.apache.http.headers - << Access-Control-Allow-Methods: GET, POST
2022-01-27_18:27:44.018 [main] DEBUG org.apache.http.headers - << Access-Control-Allow-Origin: *
2022-01-27_18:27:44.018 [main] DEBUG org.apache.http.headers - << Content-Security-Policy: default-src 'none'
2022-01-27_18:27:44.019 [main] DEBUG org.apache.http.headers - << Feature-Policy: 'none'
2022-01-27_18:27:44.019 [main] DEBUG org.apache.http.headers - << Referrer-Policy: no-referrer
2022-01-27_18:27:44.019 [main] DEBUG org.apache.http.headers - << Strict-Transport-Security: max-age=31536000 ; includeSubDomains
2022-01-27_18:27:44.019 [main] DEBUG org.apache.http.headers - << Date: Thu, 27 Jan 2022 12:57:43 GMT
2022-01-27_18:27:44.019 [main] DEBUG org.apache.http.headers - << Keep-Alive: timeout=60
2022-01-27_18:27:44.019 [main] DEBUG org.apache.http.headers - << Content-Type: application/json
2022-01-27_18:27:44.020 [main] DEBUG org.apache.http.headers - << Transfer-Encoding: chunked
2022-01-27_18:27:44.020 [main] DEBUG org.apache.http.headers - << Connection: keep-alive
2022-01-27_18:27:44.036 [main] DEBUG o.a.h.impl.client.DefaultHttpClient - Connection can be kept alive for 60000 MILLISECONDS
2022-01-27_18:27:44.074 [main] DEBUG i.r.i.RequestSpecificationImpl$RestAssuredHttpBuilder - Parsing response as: application/json
2022-01-27_18:27:44.075 [main] DEBUG i.r.i.RequestSpecificationImpl$RestAssuredHttpBuilder - Parsed data to instance of: class org.apache.http.conn.EofSensorInputStream
2022-01-27_18:27:44.108 [main] INFO  com.qc.BaseAPI - Method :GET
2022-01-27_18:27:44.111 [main] INFO  com.qc.BaseAPI - URI :https://apitest.pineperks.in/auth/V1/generate/token
2022-01-27_18:27:44.112 [main] INFO  com.qc.BaseAPI - Headers :userName=A0aCcnPzDANtKmvSLPKcaw==
Accept=*/*
Content-Type=application/json; charset=UTF-8
2022-01-27_18:27:44.112 [main] INFO  com.qc.BaseAPI - Body :null
2022-01-27_18:27:44.112 [main] INFO  com.qc.BaseAPI - ********************RESPONSE********************
2022-01-27_18:27:44.136 [main] DEBUG org.apache.http.wire -  << "7f[\r][\n]"
2022-01-27_18:27:44.137 [main] DEBUG org.apache.http.wire -  << "{"accessToken":"8c68174330ca429ba1d424c44dbba02c","tokenExpiryTime":"03-Feb-2022","responseCode":0,"responseMessage":"Success"}"
2022-01-27_18:27:44.140 [main] DEBUG org.apache.http.wire -  << "[\r][\n]"
2022-01-27_18:27:44.140 [main] DEBUG org.apache.http.wire -  << "0[\r][\n]"
2022-01-27_18:27:44.140 [main] DEBUG org.apache.http.wire -  << "[\r][\n]"
2022-01-27_18:27:44.141 [main] DEBUG o.a.h.i.c.BasicClientConnectionManager - Releasing connection org.apache.http.impl.conn.ManagedClientConnectionImpl@43a5e40c
2022-01-27_18:27:44.141 [main] DEBUG o.a.h.i.c.BasicClientConnectionManager - Connection can be kept alive for 60000 MILLISECONDS
2022-01-27_18:27:44.216 [main] INFO  com.qc.BaseAPI - Response :{
    "accessToken": "8c68174330ca429ba1d424c44dbba02c",
    "tokenExpiryTime": "03-Feb-2022",
    "responseCode": 0,
    "responseMessage": "Success"
}
2022-01-27_18:27:44.222 [main] INFO  com.qc.BaseAPI -  **** GET call Response time 1321 ms
2022-01-27_18:27:44.223 [main] INFO  pl.rest.service.Authorize - Time Taken to perform https://apitest.pineperks.in/auth/V1/generate/token transaction: 1321
2022-01-27_18:27:44.350 [main] INFO  p.rest.stepDefs.TransactionsStepDefs - Expected date 03-Feb-2022
2022-01-27_18:27:44.351 [main] INFO  p.rest.stepDefs.TransactionsStepDefs - actual Date 03-Feb-2022
2022-01-27_18:27:44.436 [main] DEBUG com.qc.qa.ui.BasePage - No Alert displayed
2022-01-27_18:27:44.549 [main] INFO  com.qc.CukeBase - Closing driver
2022-01-27_18:27:45.674 [main] INFO  com.qc.CukeBase - Cucumber Before web scenario - Validating the expiry date field when updating the expiry duration as 2 Month for V1.
2022-01-27_18:27:45.725 [main] INFO  i.g.bonigarcia.wdm.WebDriverManager - Please answer the following questionnaire based on your experience with WebDriverManager. Thanks a lot!
2022-01-27_18:27:45.726 [main] INFO  i.g.bonigarcia.wdm.WebDriverManager - ====> http://tiny.cc/wdm-survey <====
2022-01-27_18:27:45.740 [main] INFO  i.g.bonigarcia.wdm.WebDriverManager - Using chromedriver 97.0.4692.71 (since Chrome 97 is installed in your machine)
2022-01-27_18:27:45.748 [main] DEBUG i.g.bonigarcia.wdm.WebDriverManager - Driver chromedriver 97.0.4692.71 found in cache
2022-01-27_18:27:45.749 [main] INFO  i.g.bonigarcia.wdm.WebDriverManager - Exporting webdriver.chrome.driver as C:\Users\afzal.ahmed\.m2\repository\webdriver\chromedriver\win32\97.0.4692.71\chromedriver.exe
2022-01-27_18:27:47.402 [main] INFO  com.qc.qa.drivers.ChromeDriverManger - Chrome service started
2022-01-27_18:27:51.763 [main] INFO  com.qc.CukeBase - Set new webDriver
2022-01-27_18:27:51.763 [main] INFO  com.qc.CukeBase - Getting webDriver
2022-01-27_18:27:52.784 [main] INFO  com.qc.CukeBase - Getting webDriver
2022-01-27_18:27:52.785 [main] INFO  pl.rest.CustomHooks - SCENARIO NAME: Validating the expiry date field when updating the expiry duration as 2 Month for V1.
2022-01-27_18:27:52.786 [main] INFO  pl.rest.CustomHooks - TAG NAMEs: [@Regression, @Web]
2022-01-27_18:27:52.787 [main] INFO  pl.rest.CustomHooks - SCENARIO NAME: Validating the expiry date field when updating the expiry duration as 2 Month for V1.
2022-01-27_18:27:52.787 [main] INFO  pl.rest.CustomHooks - TAG NAMEs: [@Regression, @Web]
2022-01-27_18:27:52.788 [main] INFO  pl.rest.CustomHooks - Index: 0, Size: 0
2022-01-27_18:27:52.797 [main] INFO  com.qc.qa.dbutils.DBPoolProvider - Con pool Total - 400, idle - 1,  Num active - 0
2022-01-27_18:27:52.798 [main] INFO  com.qc.qa.dbutils.DBPoolProvider - Retrieved connection
2022-01-27_18:27:52.811 [main] INFO  c.qc.qa.dbutils.DBConnectionManager - DB Connected Successfully.
2022-01-27_18:27:52.812 [main] INFO  c.qc.qa.dbutils.DBConnectionManager - Executing Query:::update IssuerSystemVariable set value='{  "expiryDurationType" : 2,   "expiryDurationValue" : 2  }' where name='API_TOKEN_EXPIRY_TIME';
2022-01-27_18:27:52.826 [main] INFO  pl.rest.utils.DBUtils - query being executed update IssuerSystemVariable set value='{  "expiryDurationType" : 2,   "expiryDurationValue" : 2  }' where name='API_TOKEN_EXPIRY_TIME';
2022-01-27_18:27:52.827 [main] INFO  pl.rest.utils.DBUtils - number of rows affected 1
2022-01-27_18:27:56.498 [main] INFO  com.qc.qa.ui.BasePage - Navigating to  URL: https://admintest.pineperks.in/
2022-01-27_18:27:56.499 [main] INFO  com.qc.qa.ui.BasePage - Waiting for page to be ready 
2022-01-27_18:27:56.542 [main] INFO  gui.pages.UIActionPages - PinePerks|Login
2022-01-27_18:27:56.616 [main] INFO  com.qc.qa.ui.BasePage - Entering the text -afzal.ahmed@pinelabs.com
2022-01-27_18:27:56.621 [main] INFO  com.qc.qa.ui.BasePage - Waiting for element to clickable 
2022-01-27_18:27:56.899 [main] INFO  com.qc.qa.ui.BasePage - Entering the text -Dashboard@DG1809
2022-01-27_18:27:56.905 [main] INFO  com.qc.qa.ui.BasePage - Waiting for element to clickable 
2022-01-27_18:27:57.236 [main] INFO  com.qc.qa.ui.BasePage - Clicking the element in page
2022-01-27_18:27:57.241 [main] INFO  com.qc.qa.ui.BasePage - Waiting for element to clickable 
2022-01-27_18:27:59.462 [main] INFO  com.qc.qa.ui.BasePage - Waiting for page to be ready 
2022-01-27_18:27:59.489 [main] INFO  com.qc.qa.ui.BasePage - ClickingBy.xpath: //a[@href='/admin/clearCacheData']
2022-01-27_18:27:59.530 [main] INFO  com.qc.qa.ui.BasePage - Waiting for element to clickable 
2022-01-27_18:28:00.391 [main] INFO  com.qc.qa.ui.BasePage - Waiting for page to be ready 
2022-01-27_18:28:00.575 [main] INFO  com.qc.qa.ui.BasePage - ClickingBy.id: pageSubmission
2022-01-27_18:28:00.615 [main] INFO  com.qc.qa.ui.BasePage - Waiting for element to clickable 
2022-01-27_18:28:00.857 [main] INFO  com.qc.qa.ui.BasePage - Waiting for element to be invisible
2022-01-27_18:28:13.499 [main] INFO  pl.rest.service.Authorize - Authorize Rest API URL :- https://apitest.pineperks.in/auth/V1/generate/token
2022-01-27_18:28:13.499 [main] INFO  com.qc.BaseAPI - GET call to URL https://apitest.pineperks.in/auth/V1/generate/token
2022-01-27_18:28:13.506 [main] INFO  com.qc.BaseAPI - ********************REQUEST********************
2022-01-27_18:28:13.523 [main] DEBUG o.a.h.i.c.BasicClientConnectionManager - Get connection for route {s}->https://apitest.pineperks.in:443
2022-01-27_18:28:13.525 [main] DEBUG o.a.h.i.c.DefaultClientConnectionOperator - Connecting to apitest.pineperks.in:443
2022-01-27_18:28:13.659 [main] DEBUG o.a.h.c.protocol.RequestAddCookies - CookieSpec selected: ignoreCookies
2022-01-27_18:28:13.659 [main] DEBUG o.a.h.c.protocol.RequestAuthCache - Auth cache not set in the context
2022-01-27_18:28:13.659 [main] DEBUG o.a.h.c.p.RequestTargetAuthentication - Target auth state: UNCHALLENGED
2022-01-27_18:28:13.660 [main] DEBUG o.a.h.c.p.RequestProxyAuthentication - Proxy auth state: UNCHALLENGED
2022-01-27_18:28:13.660 [main] DEBUG o.a.h.impl.client.DefaultHttpClient - Attempt 1 to execute request
2022-01-27_18:28:13.660 [main] DEBUG o.a.h.i.conn.DefaultClientConnection - Sending request: GET /auth/V1/generate/token HTTP/1.1
2022-01-27_18:28:13.660 [main] DEBUG org.apache.http.wire -  >> "GET /auth/V1/generate/token HTTP/1.1[\r][\n]"
2022-01-27_18:28:13.662 [main] DEBUG org.apache.http.wire -  >> "Content-Type: application/json; charset=UTF-8[\r][\n]"
2022-01-27_18:28:13.662 [main] DEBUG org.apache.http.wire -  >> "Accept: */*[\r][\n]"
2022-01-27_18:28:13.662 [main] DEBUG org.apache.http.wire -  >> "userName: A0aCcnPzDANtKmvSLPKcaw==[\r][\n]"
2022-01-27_18:28:13.662 [main] DEBUG org.apache.http.wire -  >> "Host: apitest.pineperks.in[\r][\n]"
2022-01-27_18:28:13.662 [main] DEBUG org.apache.http.wire -  >> "Connection: Keep-Alive[\r][\n]"
2022-01-27_18:28:13.662 [main] DEBUG org.apache.http.wire -  >> "User-Agent: Apache-HttpClient/4.5.2 (Java/1.8.0_202)[\r][\n]"
2022-01-27_18:28:13.663 [main] DEBUG org.apache.http.wire -  >> "Accept-Encoding: gzip,deflate[\r][\n]"
2022-01-27_18:28:13.663 [main] DEBUG org.apache.http.wire -  >> "[\r][\n]"
2022-01-27_18:28:13.663 [main] DEBUG org.apache.http.headers - >> GET /auth/V1/generate/token HTTP/1.1
2022-01-27_18:28:13.663 [main] DEBUG org.apache.http.headers - >> Content-Type: application/json; charset=UTF-8
2022-01-27_18:28:13.664 [main] DEBUG org.apache.http.headers - >> Accept: */*
2022-01-27_18:28:13.664 [main] DEBUG org.apache.http.headers - >> userName: A0aCcnPzDANtKmvSLPKcaw==
2022-01-27_18:28:13.664 [main] DEBUG org.apache.http.headers - >> Host: apitest.pineperks.in
2022-01-27_18:28:13.664 [main] DEBUG org.apache.http.headers - >> Connection: Keep-Alive
2022-01-27_18:28:13.664 [main] DEBUG org.apache.http.headers - >> User-Agent: Apache-HttpClient/4.5.2 (Java/1.8.0_202)
2022-01-27_18:28:13.665 [main] DEBUG org.apache.http.headers - >> Accept-Encoding: gzip,deflate
2022-01-27_18:28:13.697 [main] DEBUG org.apache.http.wire -  << "HTTP/1.1 200 [\r][\n]"
2022-01-27_18:28:13.697 [main] DEBUG org.apache.http.wire -  << "Access-Control-Allow-Methods: GET, POST[\r][\n]"
2022-01-27_18:28:13.697 [main] DEBUG org.apache.http.wire -  << "Access-Control-Allow-Origin: *[\r][\n]"
2022-01-27_18:28:13.698 [main] DEBUG org.apache.http.wire -  << "Content-Security-Policy: default-src 'none'[\r][\n]"
2022-01-27_18:28:13.698 [main] DEBUG org.apache.http.wire -  << "Feature-Policy: 'none'[\r][\n]"
2022-01-27_18:28:13.698 [main] DEBUG org.apache.http.wire -  << "Referrer-Policy: no-referrer[\r][\n]"
2022-01-27_18:28:13.698 [main] DEBUG org.apache.http.wire -  << "Strict-Transport-Security: max-age=31536000 ; includeSubDomains[\r][\n]"
2022-01-27_18:28:13.698 [main] DEBUG org.apache.http.wire -  << "Date: Thu, 27 Jan 2022 12:58:13 GMT[\r][\n]"
2022-01-27_18:28:13.698 [main] DEBUG org.apache.http.wire -  << "Keep-Alive: timeout=60[\r][\n]"
2022-01-27_18:28:13.698 [main] DEBUG org.apache.http.wire -  << "Content-Type: application/json[\r][\n]"
2022-01-27_18:28:13.698 [main] DEBUG org.apache.http.wire -  << "Transfer-Encoding: chunked[\r][\n]"
2022-01-27_18:28:13.698 [main] DEBUG org.apache.http.wire -  << "Connection: keep-alive[\r][\n]"
2022-01-27_18:28:13.699 [main] DEBUG org.apache.http.wire -  << "[\r][\n]"
2022-01-27_18:28:13.699 [main] DEBUG o.a.h.i.conn.DefaultClientConnection - Receiving response: HTTP/1.1 200 
2022-01-27_18:28:13.700 [main] DEBUG org.apache.http.headers - << HTTP/1.1 200 
2022-01-27_18:28:13.700 [main] DEBUG org.apache.http.headers - << Access-Control-Allow-Methods: GET, POST
2022-01-27_18:28:13.700 [main] DEBUG org.apache.http.headers - << Access-Control-Allow-Origin: *
2022-01-27_18:28:13.700 [main] DEBUG org.apache.http.headers - << Content-Security-Policy: default-src 'none'
2022-01-27_18:28:13.700 [main] DEBUG org.apache.http.headers - << Feature-Policy: 'none'
2022-01-27_18:28:13.700 [main] DEBUG org.apache.http.headers - << Referrer-Policy: no-referrer
2022-01-27_18:28:13.700 [main] DEBUG org.apache.http.headers - << Strict-Transport-Security: max-age=31536000 ; includeSubDomains
2022-01-27_18:28:13.700 [main] DEBUG org.apache.http.headers - << Date: Thu, 27 Jan 2022 12:58:13 GMT
2022-01-27_18:28:13.700 [main] DEBUG org.apache.http.headers - << Keep-Alive: timeout=60
2022-01-27_18:28:13.700 [main] DEBUG org.apache.http.headers - << Content-Type: application/json
2022-01-27_18:28:13.700 [main] DEBUG org.apache.http.headers - << Transfer-Encoding: chunked
2022-01-27_18:28:13.700 [main] DEBUG org.apache.http.headers - << Connection: keep-alive
2022-01-27_18:28:13.701 [main] DEBUG o.a.h.impl.client.DefaultHttpClient - Connection can be kept alive for 60000 MILLISECONDS
2022-01-27_18:28:13.701 [main] DEBUG i.r.i.RequestSpecificationImpl$RestAssuredHttpBuilder - Parsing response as: application/json
2022-01-27_18:28:13.702 [main] DEBUG i.r.i.RequestSpecificationImpl$RestAssuredHttpBuilder - Parsed data to instance of: class org.apache.http.conn.EofSensorInputStream
2022-01-27_18:28:13.704 [main] INFO  com.qc.BaseAPI - Method :GET
2022-01-27_18:28:13.708 [main] INFO  com.qc.BaseAPI - URI :https://apitest.pineperks.in/auth/V1/generate/token
2022-01-27_18:28:13.708 [main] INFO  com.qc.BaseAPI - Headers :userName=A0aCcnPzDANtKmvSLPKcaw==
Accept=*/*
Content-Type=application/json; charset=UTF-8
2022-01-27_18:28:13.708 [main] INFO  com.qc.BaseAPI - Body :null
2022-01-27_18:28:13.708 [main] INFO  com.qc.BaseAPI - ********************RESPONSE********************
2022-01-27_18:28:13.709 [main] DEBUG org.apache.http.wire -  << "7f[\r][\n]"
2022-01-27_18:28:13.709 [main] DEBUG org.apache.http.wire -  << "{"accessToken":"fac9bb2ece07454ea6c65ad81ce4763e","tokenExpiryTime":"27-Mar-2022","responseCode":0,"responseMessage":"Success"}"
2022-01-27_18:28:13.709 [main] DEBUG org.apache.http.wire -  << "[\r][\n]"
2022-01-27_18:28:13.709 [main] DEBUG org.apache.http.wire -  << "0[\r][\n]"
2022-01-27_18:28:13.710 [main] DEBUG org.apache.http.wire -  << "[\r][\n]"
2022-01-27_18:28:13.710 [main] DEBUG o.a.h.i.c.BasicClientConnectionManager - Releasing connection org.apache.http.impl.conn.ManagedClientConnectionImpl@6566583b
2022-01-27_18:28:13.710 [main] DEBUG o.a.h.i.c.BasicClientConnectionManager - Connection can be kept alive for 60000 MILLISECONDS
2022-01-27_18:28:13.712 [main] INFO  com.qc.BaseAPI - Response :{
    "accessToken": "fac9bb2ece07454ea6c65ad81ce4763e",
    "tokenExpiryTime": "27-Mar-2022",
    "responseCode": 0,
    "responseMessage": "Success"
}
2022-01-27_18:28:13.714 [main] INFO  com.qc.BaseAPI -  **** GET call Response time 195 ms
2022-01-27_18:28:13.714 [main] INFO  pl.rest.service.Authorize - Time Taken to perform https://apitest.pineperks.in/auth/V1/generate/token transaction: 195
2022-01-27_18:28:13.721 [main] INFO  p.rest.stepDefs.TransactionsStepDefs - Expected date 27-Mar-2022
2022-01-27_18:28:13.721 [main] INFO  p.rest.stepDefs.TransactionsStepDefs - actual Date 27-Mar-2022
2022-01-27_18:28:13.724 [main] DEBUG com.qc.qa.ui.BasePage - No Alert displayed
2022-01-27_18:28:13.905 [main] INFO  com.qc.CukeBase - Closing driver
2022-01-27_18:28:14.975 [main] INFO  com.qc.CukeBase - Cucumber Before web scenario - Validating the expiry date field when updating the expiry duration as 2 Year for V1.
2022-01-27_18:28:14.984 [main] INFO  i.g.bonigarcia.wdm.WebDriverManager - Please answer the following questionnaire based on your experience with WebDriverManager. Thanks a lot!
2022-01-27_18:28:14.984 [main] INFO  i.g.bonigarcia.wdm.WebDriverManager - ====> http://tiny.cc/wdm-survey <====
2022-01-27_18:28:14.989 [main] INFO  i.g.bonigarcia.wdm.WebDriverManager - Using chromedriver 97.0.4692.71 (since Chrome 97 is installed in your machine)
2022-01-27_18:28:14.995 [main] DEBUG i.g.bonigarcia.wdm.WebDriverManager - Driver chromedriver 97.0.4692.71 found in cache
2022-01-27_18:28:14.995 [main] INFO  i.g.bonigarcia.wdm.WebDriverManager - Exporting webdriver.chrome.driver as C:\Users\afzal.ahmed\.m2\repository\webdriver\chromedriver\win32\97.0.4692.71\chromedriver.exe
2022-01-27_18:28:16.077 [main] INFO  com.qc.qa.drivers.ChromeDriverManger - Chrome service started
2022-01-27_18:28:20.530 [main] INFO  com.qc.CukeBase - Set new webDriver
2022-01-27_18:28:20.530 [main] INFO  com.qc.CukeBase - Getting webDriver
2022-01-27_18:28:21.245 [main] INFO  com.qc.CukeBase - Getting webDriver
2022-01-27_18:28:21.245 [main] INFO  pl.rest.CustomHooks - SCENARIO NAME: Validating the expiry date field when updating the expiry duration as 2 Year for V1.
2022-01-27_18:28:21.245 [main] INFO  pl.rest.CustomHooks - TAG NAMEs: [@Regression, @Web]
2022-01-27_18:28:21.246 [main] INFO  pl.rest.CustomHooks - SCENARIO NAME: Validating the expiry date field when updating the expiry duration as 2 Year for V1.
2022-01-27_18:28:21.246 [main] INFO  pl.rest.CustomHooks - TAG NAMEs: [@Regression, @Web]
2022-01-27_18:28:21.246 [main] INFO  pl.rest.CustomHooks - Index: 0, Size: 0
2022-01-27_18:28:21.248 [main] INFO  com.qc.qa.dbutils.DBPoolProvider - Con pool Total - 400, idle - 1,  Num active - 0
2022-01-27_18:28:21.248 [main] INFO  com.qc.qa.dbutils.DBPoolProvider - Retrieved connection
2022-01-27_18:28:21.273 [main] INFO  c.qc.qa.dbutils.DBConnectionManager - DB Connected Successfully.
2022-01-27_18:28:21.274 [main] INFO  c.qc.qa.dbutils.DBConnectionManager - Executing Query:::update IssuerSystemVariable set value='{  "expiryDurationType" : 3,   "expiryDurationValue" : 2  }' where name='API_TOKEN_EXPIRY_TIME';
2022-01-27_18:28:21.290 [main] INFO  pl.rest.utils.DBUtils - query being executed update IssuerSystemVariable set value='{  "expiryDurationType" : 3,   "expiryDurationValue" : 2  }' where name='API_TOKEN_EXPIRY_TIME';
2022-01-27_18:28:21.290 [main] INFO  pl.rest.utils.DBUtils - number of rows affected 1
2022-01-27_18:28:24.859 [main] INFO  com.qc.qa.ui.BasePage - Navigating to  URL: https://admintest.pineperks.in/
2022-01-27_18:28:24.859 [main] INFO  com.qc.qa.ui.BasePage - Waiting for page to be ready 
2022-01-27_18:28:24.881 [main] INFO  gui.pages.UIActionPages - PinePerks|Login
2022-01-27_18:28:24.950 [main] INFO  com.qc.qa.ui.BasePage - Entering the text -afzal.ahmed@pinelabs.com
2022-01-27_18:28:24.954 [main] INFO  com.qc.qa.ui.BasePage - Waiting for element to clickable 
2022-01-27_18:28:25.194 [main] INFO  com.qc.qa.ui.BasePage - Entering the text -Dashboard@DG1809
2022-01-27_18:28:25.198 [main] INFO  com.qc.qa.ui.BasePage - Waiting for element to clickable 
2022-01-27_18:28:25.340 [main] INFO  com.qc.qa.ui.BasePage - Clicking the element in page
2022-01-27_18:28:25.342 [main] INFO  com.qc.qa.ui.BasePage - Waiting for element to clickable 
2022-01-27_18:28:27.342 [main] INFO  com.qc.qa.ui.BasePage - Waiting for page to be ready 
2022-01-27_18:28:27.359 [main] INFO  com.qc.qa.ui.BasePage - ClickingBy.xpath: //a[@href='/admin/clearCacheData']
2022-01-27_18:28:27.407 [main] INFO  com.qc.qa.ui.BasePage - Waiting for element to clickable 
2022-01-27_18:28:28.207 [main] INFO  com.qc.qa.ui.BasePage - Waiting for page to be ready 
2022-01-27_18:28:28.372 [main] INFO  com.qc.qa.ui.BasePage - ClickingBy.id: pageSubmission
2022-01-27_18:28:28.390 [main] INFO  com.qc.qa.ui.BasePage - Waiting for element to clickable 
2022-01-27_18:28:28.441 [Finalizer] DEBUG o.a.h.i.conn.DefaultClientConnection - Connection 0.0.0.0:55295<->14.143.120.84:443 closed
2022-01-27_18:28:28.575 [main] INFO  com.qc.qa.ui.BasePage - Waiting for element to be invisible
2022-01-27_18:28:41.156 [main] INFO  pl.rest.service.Authorize - Authorize Rest API URL :- https://apitest.pineperks.in/auth/V1/generate/token
2022-01-27_18:28:41.156 [main] INFO  com.qc.BaseAPI - GET call to URL https://apitest.pineperks.in/auth/V1/generate/token
2022-01-27_18:28:41.162 [main] INFO  com.qc.BaseAPI - ********************REQUEST********************
2022-01-27_18:28:41.174 [main] DEBUG o.a.h.i.c.BasicClientConnectionManager - Get connection for route {s}->https://apitest.pineperks.in:443
2022-01-27_18:28:41.175 [main] DEBUG o.a.h.i.c.DefaultClientConnectionOperator - Connecting to apitest.pineperks.in:443
2022-01-27_18:28:41.293 [main] DEBUG o.a.h.c.protocol.RequestAddCookies - CookieSpec selected: ignoreCookies
2022-01-27_18:28:41.294 [main] DEBUG o.a.h.c.protocol.RequestAuthCache - Auth cache not set in the context
2022-01-27_18:28:41.294 [main] DEBUG o.a.h.c.p.RequestTargetAuthentication - Target auth state: UNCHALLENGED
2022-01-27_18:28:41.294 [main] DEBUG o.a.h.c.p.RequestProxyAuthentication - Proxy auth state: UNCHALLENGED
2022-01-27_18:28:41.295 [main] DEBUG o.a.h.impl.client.DefaultHttpClient - Attempt 1 to execute request
2022-01-27_18:28:41.296 [main] DEBUG o.a.h.i.conn.DefaultClientConnection - Sending request: GET /auth/V1/generate/token HTTP/1.1
2022-01-27_18:28:41.296 [main] DEBUG org.apache.http.wire -  >> "GET /auth/V1/generate/token HTTP/1.1[\r][\n]"
2022-01-27_18:28:41.296 [main] DEBUG org.apache.http.wire -  >> "Content-Type: application/json; charset=UTF-8[\r][\n]"
2022-01-27_18:28:41.296 [main] DEBUG org.apache.http.wire -  >> "Accept: */*[\r][\n]"
2022-01-27_18:28:41.297 [main] DEBUG org.apache.http.wire -  >> "userName: A0aCcnPzDANtKmvSLPKcaw==[\r][\n]"
2022-01-27_18:28:41.297 [main] DEBUG org.apache.http.wire -  >> "Host: apitest.pineperks.in[\r][\n]"
2022-01-27_18:28:41.297 [main] DEBUG org.apache.http.wire -  >> "Connection: Keep-Alive[\r][\n]"
2022-01-27_18:28:41.297 [main] DEBUG org.apache.http.wire -  >> "User-Agent: Apache-HttpClient/4.5.2 (Java/1.8.0_202)[\r][\n]"
2022-01-27_18:28:41.297 [main] DEBUG org.apache.http.wire -  >> "Accept-Encoding: gzip,deflate[\r][\n]"
2022-01-27_18:28:41.297 [main] DEBUG org.apache.http.wire -  >> "[\r][\n]"
2022-01-27_18:28:41.297 [main] DEBUG org.apache.http.headers - >> GET /auth/V1/generate/token HTTP/1.1
2022-01-27_18:28:41.297 [main] DEBUG org.apache.http.headers - >> Content-Type: application/json; charset=UTF-8
2022-01-27_18:28:41.298 [main] DEBUG org.apache.http.headers - >> Accept: */*
2022-01-27_18:28:41.298 [main] DEBUG org.apache.http.headers - >> userName: A0aCcnPzDANtKmvSLPKcaw==
2022-01-27_18:28:41.298 [main] DEBUG org.apache.http.headers - >> Host: apitest.pineperks.in
2022-01-27_18:28:41.298 [main] DEBUG org.apache.http.headers - >> Connection: Keep-Alive
2022-01-27_18:28:41.298 [main] DEBUG org.apache.http.headers - >> User-Agent: Apache-HttpClient/4.5.2 (Java/1.8.0_202)
2022-01-27_18:28:41.298 [main] DEBUG org.apache.http.headers - >> Accept-Encoding: gzip,deflate
2022-01-27_18:28:41.329 [main] DEBUG org.apache.http.wire -  << "HTTP/1.1 200 [\r][\n]"
2022-01-27_18:28:41.329 [main] DEBUG org.apache.http.wire -  << "Access-Control-Allow-Methods: GET, POST[\r][\n]"
2022-01-27_18:28:41.329 [main] DEBUG org.apache.http.wire -  << "Access-Control-Allow-Origin: *[\r][\n]"
2022-01-27_18:28:41.329 [main] DEBUG org.apache.http.wire -  << "Content-Security-Policy: default-src 'none'[\r][\n]"
2022-01-27_18:28:41.329 [main] DEBUG org.apache.http.wire -  << "Feature-Policy: 'none'[\r][\n]"
2022-01-27_18:28:41.330 [main] DEBUG org.apache.http.wire -  << "Referrer-Policy: no-referrer[\r][\n]"
2022-01-27_18:28:41.330 [main] DEBUG org.apache.http.wire -  << "Strict-Transport-Security: max-age=31536000 ; includeSubDomains[\r][\n]"
2022-01-27_18:28:41.330 [main] DEBUG org.apache.http.wire -  << "Date: Thu, 27 Jan 2022 12:58:41 GMT[\r][\n]"
2022-01-27_18:28:41.330 [main] DEBUG org.apache.http.wire -  << "Keep-Alive: timeout=60[\r][\n]"
2022-01-27_18:28:41.330 [main] DEBUG org.apache.http.wire -  << "Content-Type: application/json[\r][\n]"
2022-01-27_18:28:41.330 [main] DEBUG org.apache.http.wire -  << "Transfer-Encoding: chunked[\r][\n]"
2022-01-27_18:28:41.330 [main] DEBUG org.apache.http.wire -  << "Connection: keep-alive[\r][\n]"
2022-01-27_18:28:41.331 [main] DEBUG org.apache.http.wire -  << "[\r][\n]"
2022-01-27_18:28:41.332 [main] DEBUG o.a.h.i.conn.DefaultClientConnection - Receiving response: HTTP/1.1 200 
2022-01-27_18:28:41.332 [main] DEBUG org.apache.http.headers - << HTTP/1.1 200 
2022-01-27_18:28:41.332 [main] DEBUG org.apache.http.headers - << Access-Control-Allow-Methods: GET, POST
2022-01-27_18:28:41.332 [main] DEBUG org.apache.http.headers - << Access-Control-Allow-Origin: *
2022-01-27_18:28:41.332 [main] DEBUG org.apache.http.headers - << Content-Security-Policy: default-src 'none'
2022-01-27_18:28:41.332 [main] DEBUG org.apache.http.headers - << Feature-Policy: 'none'
2022-01-27_18:28:41.332 [main] DEBUG org.apache.http.headers - << Referrer-Policy: no-referrer
2022-01-27_18:28:41.332 [main] DEBUG org.apache.http.headers - << Strict-Transport-Security: max-age=31536000 ; includeSubDomains
2022-01-27_18:28:41.332 [main] DEBUG org.apache.http.headers - << Date: Thu, 27 Jan 2022 12:58:41 GMT
2022-01-27_18:28:41.332 [main] DEBUG org.apache.http.headers - << Keep-Alive: timeout=60
2022-01-27_18:28:41.332 [main] DEBUG org.apache.http.headers - << Content-Type: application/json
2022-01-27_18:28:41.332 [main] DEBUG org.apache.http.headers - << Transfer-Encoding: chunked
2022-01-27_18:28:41.332 [main] DEBUG org.apache.http.headers - << Connection: keep-alive
2022-01-27_18:28:41.333 [main] DEBUG o.a.h.impl.client.DefaultHttpClient - Connection can be kept alive for 60000 MILLISECONDS
2022-01-27_18:28:41.333 [main] DEBUG i.r.i.RequestSpecificationImpl$RestAssuredHttpBuilder - Parsing response as: application/json
2022-01-27_18:28:41.334 [main] DEBUG i.r.i.RequestSpecificationImpl$RestAssuredHttpBuilder - Parsed data to instance of: class org.apache.http.conn.EofSensorInputStream
2022-01-27_18:28:41.335 [main] INFO  com.qc.BaseAPI - Method :GET
2022-01-27_18:28:41.336 [main] INFO  com.qc.BaseAPI - URI :https://apitest.pineperks.in/auth/V1/generate/token
2022-01-27_18:28:41.336 [main] INFO  com.qc.BaseAPI - Headers :userName=A0aCcnPzDANtKmvSLPKcaw==
Accept=*/*
Content-Type=application/json; charset=UTF-8
2022-01-27_18:28:41.336 [main] INFO  com.qc.BaseAPI - Body :null
2022-01-27_18:28:41.337 [main] INFO  com.qc.BaseAPI - ********************RESPONSE********************
2022-01-27_18:28:41.337 [main] DEBUG org.apache.http.wire -  << "7f[\r][\n]"
2022-01-27_18:28:41.337 [main] DEBUG org.apache.http.wire -  << "{"accessToken":"fed30762fe544838a0c1053ad1e295e4","tokenExpiryTime":"27-Jan-2024","responseCode":0,"responseMessage":"Success"}"
2022-01-27_18:28:41.337 [main] DEBUG org.apache.http.wire -  << "[\r][\n]"
2022-01-27_18:28:41.338 [main] DEBUG org.apache.http.wire -  << "0[\r][\n]"
2022-01-27_18:28:41.338 [main] DEBUG org.apache.http.wire -  << "[\r][\n]"
2022-01-27_18:28:41.338 [main] DEBUG o.a.h.i.c.BasicClientConnectionManager - Releasing connection org.apache.http.impl.conn.ManagedClientConnectionImpl@635b5478
2022-01-27_18:28:41.338 [main] DEBUG o.a.h.i.c.BasicClientConnectionManager - Connection can be kept alive for 60000 MILLISECONDS
2022-01-27_18:28:41.340 [main] INFO  com.qc.BaseAPI - Response :{
    "accessToken": "fed30762fe544838a0c1053ad1e295e4",
    "tokenExpiryTime": "27-Jan-2024",
    "responseCode": 0,
    "responseMessage": "Success"
}
2022-01-27_18:28:41.340 [main] INFO  com.qc.BaseAPI -  **** GET call Response time 168 ms
2022-01-27_18:28:41.340 [main] INFO  pl.rest.service.Authorize - Time Taken to perform https://apitest.pineperks.in/auth/V1/generate/token transaction: 168
2022-01-27_18:28:41.347 [main] INFO  p.rest.stepDefs.TransactionsStepDefs - Expected date 27-Jan-2024
2022-01-27_18:28:41.347 [main] INFO  p.rest.stepDefs.TransactionsStepDefs - actual Date 27-Jan-2024
2022-01-27_18:28:41.350 [main] DEBUG com.qc.qa.ui.BasePage - No Alert displayed
2022-01-27_18:28:41.502 [main] INFO  com.qc.CukeBase - Closing driver
2022-01-27_18:28:42.588 [main] INFO  com.qc.CukeBase - Cucumber Before web scenario - Validating the response JSON schema for V1.
2022-01-27_18:28:42.596 [main] INFO  i.g.bonigarcia.wdm.WebDriverManager - Please answer the following questionnaire based on your experience with WebDriverManager. Thanks a lot!
2022-01-27_18:28:42.596 [main] INFO  i.g.bonigarcia.wdm.WebDriverManager - ====> http://tiny.cc/wdm-survey <====
2022-01-27_18:28:42.601 [main] INFO  i.g.bonigarcia.wdm.WebDriverManager - Using chromedriver 97.0.4692.71 (since Chrome 97 is installed in your machine)
2022-01-27_18:28:42.605 [main] DEBUG i.g.bonigarcia.wdm.WebDriverManager - Driver chromedriver 97.0.4692.71 found in cache
2022-01-27_18:28:42.606 [main] INFO  i.g.bonigarcia.wdm.WebDriverManager - Exporting webdriver.chrome.driver as C:\Users\afzal.ahmed\.m2\repository\webdriver\chromedriver\win32\97.0.4692.71\chromedriver.exe
2022-01-27_18:28:43.687 [main] INFO  com.qc.qa.drivers.ChromeDriverManger - Chrome service started
2022-01-27_18:28:48.302 [main] INFO  com.qc.CukeBase - Set new webDriver
2022-01-27_18:28:48.303 [main] INFO  com.qc.CukeBase - Getting webDriver
2022-01-27_18:28:49.141 [main] INFO  com.qc.CukeBase - Getting webDriver
2022-01-27_18:28:49.142 [main] INFO  pl.rest.CustomHooks - SCENARIO NAME: Validating the response JSON schema for V1.
2022-01-27_18:28:49.142 [main] INFO  pl.rest.CustomHooks - TAG NAMEs: [@Regression, @Web]
2022-01-27_18:28:49.143 [main] INFO  pl.rest.CustomHooks - SCENARIO NAME: Validating the response JSON schema for V1.
2022-01-27_18:28:49.143 [main] INFO  pl.rest.CustomHooks - TAG NAMEs: [@Regression, @Web]
2022-01-27_18:28:49.144 [main] INFO  pl.rest.CustomHooks - Index: 0, Size: 0
2022-01-27_18:28:49.417 [main] INFO  pl.rest.service.Authorize - Authorize Rest API URL :- https://apitest.pineperks.in/auth/V1/generate/token
2022-01-27_18:28:49.417 [main] INFO  com.qc.BaseAPI - GET call to URL https://apitest.pineperks.in/auth/V1/generate/token
2022-01-27_18:28:49.423 [main] INFO  com.qc.BaseAPI - ********************REQUEST********************
2022-01-27_18:28:49.437 [main] DEBUG o.a.h.i.c.BasicClientConnectionManager - Get connection for route {s}->https://apitest.pineperks.in:443
2022-01-27_18:28:49.439 [main] DEBUG o.a.h.i.c.DefaultClientConnectionOperator - Connecting to apitest.pineperks.in:443
2022-01-27_18:28:49.552 [main] DEBUG o.a.h.c.protocol.RequestAddCookies - CookieSpec selected: ignoreCookies
2022-01-27_18:28:49.552 [main] DEBUG o.a.h.c.protocol.RequestAuthCache - Auth cache not set in the context
2022-01-27_18:28:49.552 [main] DEBUG o.a.h.c.p.RequestTargetAuthentication - Target auth state: UNCHALLENGED
2022-01-27_18:28:49.552 [main] DEBUG o.a.h.c.p.RequestProxyAuthentication - Proxy auth state: UNCHALLENGED
2022-01-27_18:28:49.552 [main] DEBUG o.a.h.impl.client.DefaultHttpClient - Attempt 1 to execute request
2022-01-27_18:28:49.552 [main] DEBUG o.a.h.i.conn.DefaultClientConnection - Sending request: GET /auth/V1/generate/token HTTP/1.1
2022-01-27_18:28:49.553 [main] DEBUG org.apache.http.wire -  >> "GET /auth/V1/generate/token HTTP/1.1[\r][\n]"
2022-01-27_18:28:49.553 [main] DEBUG org.apache.http.wire -  >> "Content-Type: application/json; charset=UTF-8[\r][\n]"
2022-01-27_18:28:49.553 [main] DEBUG org.apache.http.wire -  >> "Accept: */*[\r][\n]"
2022-01-27_18:28:49.553 [main] DEBUG org.apache.http.wire -  >> "userName: A0aCcnPzDANtKmvSLPKcaw==[\r][\n]"
2022-01-27_18:28:49.553 [main] DEBUG org.apache.http.wire -  >> "Host: apitest.pineperks.in[\r][\n]"
2022-01-27_18:28:49.553 [main] DEBUG org.apache.http.wire -  >> "Connection: Keep-Alive[\r][\n]"
2022-01-27_18:28:49.553 [main] DEBUG org.apache.http.wire -  >> "User-Agent: Apache-HttpClient/4.5.2 (Java/1.8.0_202)[\r][\n]"
2022-01-27_18:28:49.553 [main] DEBUG org.apache.http.wire -  >> "Accept-Encoding: gzip,deflate[\r][\n]"
2022-01-27_18:28:49.553 [main] DEBUG org.apache.http.wire -  >> "[\r][\n]"
2022-01-27_18:28:49.553 [main] DEBUG org.apache.http.headers - >> GET /auth/V1/generate/token HTTP/1.1
2022-01-27_18:28:49.553 [main] DEBUG org.apache.http.headers - >> Content-Type: application/json; charset=UTF-8
2022-01-27_18:28:49.553 [main] DEBUG org.apache.http.headers - >> Accept: */*
2022-01-27_18:28:49.553 [main] DEBUG org.apache.http.headers - >> userName: A0aCcnPzDANtKmvSLPKcaw==
2022-01-27_18:28:49.553 [main] DEBUG org.apache.http.headers - >> Host: apitest.pineperks.in
2022-01-27_18:28:49.553 [main] DEBUG org.apache.http.headers - >> Connection: Keep-Alive
2022-01-27_18:28:49.553 [main] DEBUG org.apache.http.headers - >> User-Agent: Apache-HttpClient/4.5.2 (Java/1.8.0_202)
2022-01-27_18:28:49.553 [main] DEBUG org.apache.http.headers - >> Accept-Encoding: gzip,deflate
2022-01-27_18:28:49.583 [main] DEBUG org.apache.http.wire -  << "HTTP/1.1 200 [\r][\n]"
2022-01-27_18:28:49.583 [main] DEBUG org.apache.http.wire -  << "Access-Control-Allow-Methods: GET, POST[\r][\n]"
2022-01-27_18:28:49.583 [main] DEBUG org.apache.http.wire -  << "Access-Control-Allow-Origin: *[\r][\n]"
2022-01-27_18:28:49.584 [main] DEBUG org.apache.http.wire -  << "Content-Security-Policy: default-src 'none'[\r][\n]"
2022-01-27_18:28:49.584 [main] DEBUG org.apache.http.wire -  << "Feature-Policy: 'none'[\r][\n]"
2022-01-27_18:28:49.584 [main] DEBUG org.apache.http.wire -  << "Referrer-Policy: no-referrer[\r][\n]"
2022-01-27_18:28:49.584 [main] DEBUG org.apache.http.wire -  << "Strict-Transport-Security: max-age=31536000 ; includeSubDomains[\r][\n]"
2022-01-27_18:28:49.584 [main] DEBUG org.apache.http.wire -  << "Date: Thu, 27 Jan 2022 12:58:49 GMT[\r][\n]"
2022-01-27_18:28:49.584 [main] DEBUG org.apache.http.wire -  << "Keep-Alive: timeout=60[\r][\n]"
2022-01-27_18:28:49.584 [main] DEBUG org.apache.http.wire -  << "Content-Type: application/json[\r][\n]"
2022-01-27_18:28:49.584 [main] DEBUG org.apache.http.wire -  << "Transfer-Encoding: chunked[\r][\n]"
2022-01-27_18:28:49.584 [main] DEBUG org.apache.http.wire -  << "Connection: keep-alive[\r][\n]"
2022-01-27_18:28:49.584 [main] DEBUG org.apache.http.wire -  << "[\r][\n]"
2022-01-27_18:28:49.584 [main] DEBUG o.a.h.i.conn.DefaultClientConnection - Receiving response: HTTP/1.1 200 
2022-01-27_18:28:49.584 [main] DEBUG org.apache.http.headers - << HTTP/1.1 200 
2022-01-27_18:28:49.584 [main] DEBUG org.apache.http.headers - << Access-Control-Allow-Methods: GET, POST
2022-01-27_18:28:49.584 [main] DEBUG org.apache.http.headers - << Access-Control-Allow-Origin: *
2022-01-27_18:28:49.584 [main] DEBUG org.apache.http.headers - << Content-Security-Policy: default-src 'none'
2022-01-27_18:28:49.584 [main] DEBUG org.apache.http.headers - << Feature-Policy: 'none'
2022-01-27_18:28:49.584 [main] DEBUG org.apache.http.headers - << Referrer-Policy: no-referrer
2022-01-27_18:28:49.584 [main] DEBUG org.apache.http.headers - << Strict-Transport-Security: max-age=31536000 ; includeSubDomains
2022-01-27_18:28:49.584 [main] DEBUG org.apache.http.headers - << Date: Thu, 27 Jan 2022 12:58:49 GMT
2022-01-27_18:28:49.584 [main] DEBUG org.apache.http.headers - << Keep-Alive: timeout=60
2022-01-27_18:28:49.584 [main] DEBUG org.apache.http.headers - << Content-Type: application/json
2022-01-27_18:28:49.584 [main] DEBUG org.apache.http.headers - << Transfer-Encoding: chunked
2022-01-27_18:28:49.585 [main] DEBUG org.apache.http.headers - << Connection: keep-alive
2022-01-27_18:28:49.585 [main] DEBUG o.a.h.impl.client.DefaultHttpClient - Connection can be kept alive for 60000 MILLISECONDS
2022-01-27_18:28:49.585 [main] DEBUG i.r.i.RequestSpecificationImpl$RestAssuredHttpBuilder - Parsing response as: application/json
2022-01-27_18:28:49.585 [main] DEBUG i.r.i.RequestSpecificationImpl$RestAssuredHttpBuilder - Parsed data to instance of: class org.apache.http.conn.EofSensorInputStream
2022-01-27_18:28:49.586 [main] INFO  com.qc.BaseAPI - Method :GET
2022-01-27_18:28:49.587 [main] INFO  com.qc.BaseAPI - URI :https://apitest.pineperks.in/auth/V1/generate/token
2022-01-27_18:28:49.588 [main] INFO  com.qc.BaseAPI - Headers :userName=A0aCcnPzDANtKmvSLPKcaw==
Accept=*/*
Content-Type=application/json; charset=UTF-8
2022-01-27_18:28:49.588 [main] INFO  com.qc.BaseAPI - Body :null
2022-01-27_18:28:49.588 [main] INFO  com.qc.BaseAPI - ********************RESPONSE********************
2022-01-27_18:28:49.588 [main] DEBUG org.apache.http.wire -  << "7f[\r][\n]"
2022-01-27_18:28:49.588 [main] DEBUG org.apache.http.wire -  << "{"accessToken":"4496a47b199a4022b2b85bf11a15ed87","tokenExpiryTime":"27-Jan-2024","responseCode":0,"responseMessage":"Success"}"
2022-01-27_18:28:49.588 [main] DEBUG org.apache.http.wire -  << "[\r][\n]"
2022-01-27_18:28:49.588 [main] DEBUG org.apache.http.wire -  << "0[\r][\n]"
2022-01-27_18:28:49.588 [main] DEBUG org.apache.http.wire -  << "[\r][\n]"
2022-01-27_18:28:49.588 [main] DEBUG o.a.h.i.c.BasicClientConnectionManager - Releasing connection org.apache.http.impl.conn.ManagedClientConnectionImpl@173f47eb
2022-01-27_18:28:49.588 [main] DEBUG o.a.h.i.c.BasicClientConnectionManager - Connection can be kept alive for 60000 MILLISECONDS
2022-01-27_18:28:49.589 [main] INFO  com.qc.BaseAPI - Response :{
    "accessToken": "4496a47b199a4022b2b85bf11a15ed87",
    "tokenExpiryTime": "27-Jan-2024",
    "responseCode": 0,
    "responseMessage": "Success"
}
2022-01-27_18:28:49.589 [main] INFO  com.qc.BaseAPI -  **** GET call Response time 160 ms
2022-01-27_18:28:49.589 [main] INFO  pl.rest.service.Authorize - Time Taken to perform https://apitest.pineperks.in/auth/V1/generate/token transaction: 160
2022-01-27_18:28:50.154 [main] INFO  p.rest.stepDefs.TransactionsStepDefs - path
2022-01-27_18:28:50.304 [main] DEBUG com.qc.qa.ui.BasePage - No Alert displayed
2022-01-27_18:28:50.541 [main] INFO  com.qc.CukeBase - Closing driver
2022-01-27_18:28:52.032 [main] INFO  com.qc.CukeBase - Cucumber Before web scenario - Validating the expiry date field when updating the expiry duration as 7 days for V2.
2022-01-27_18:28:52.041 [main] INFO  i.g.bonigarcia.wdm.WebDriverManager - Please answer the following questionnaire based on your experience with WebDriverManager. Thanks a lot!
2022-01-27_18:28:52.041 [main] INFO  i.g.bonigarcia.wdm.WebDriverManager - ====> http://tiny.cc/wdm-survey <====
2022-01-27_18:28:52.049 [main] INFO  i.g.bonigarcia.wdm.WebDriverManager - Using chromedriver 97.0.4692.71 (since Chrome 97 is installed in your machine)
2022-01-27_18:28:52.052 [main] DEBUG i.g.bonigarcia.wdm.WebDriverManager - Driver chromedriver 97.0.4692.71 found in cache
2022-01-27_18:28:52.053 [main] INFO  i.g.bonigarcia.wdm.WebDriverManager - Exporting webdriver.chrome.driver as C:\Users\afzal.ahmed\.m2\repository\webdriver\chromedriver\win32\97.0.4692.71\chromedriver.exe
2022-01-27_18:28:53.135 [main] INFO  com.qc.qa.drivers.ChromeDriverManger - Chrome service started
2022-01-27_18:28:58.668 [main] INFO  com.qc.CukeBase - Set new webDriver
2022-01-27_18:28:58.669 [main] INFO  com.qc.CukeBase - Getting webDriver
2022-01-27_18:28:59.345 [main] INFO  com.qc.CukeBase - Getting webDriver
2022-01-27_18:28:59.347 [main] INFO  pl.rest.CustomHooks - SCENARIO NAME: Validating the expiry date field when updating the expiry duration as 7 days for V2.
2022-01-27_18:28:59.347 [main] INFO  pl.rest.CustomHooks - TAG NAMEs: [@Regression, @Web]
2022-01-27_18:28:59.350 [main] INFO  pl.rest.CustomHooks - SCENARIO NAME: Validating the expiry date field when updating the expiry duration as 7 days for V2.
2022-01-27_18:28:59.350 [main] INFO  pl.rest.CustomHooks - TAG NAMEs: [@Regression, @Web]
2022-01-27_18:28:59.351 [main] INFO  pl.rest.CustomHooks - Index: 0, Size: 0
2022-01-27_18:28:59.354 [main] INFO  com.qc.qa.dbutils.DBPoolProvider - Con pool Total - 400, idle - 1,  Num active - 0
2022-01-27_18:28:59.355 [main] INFO  com.qc.qa.dbutils.DBPoolProvider - Retrieved connection
2022-01-27_18:28:59.368 [main] INFO  c.qc.qa.dbutils.DBConnectionManager - DB Connected Successfully.
2022-01-27_18:28:59.368 [main] INFO  c.qc.qa.dbutils.DBConnectionManager - Executing Query:::update IssuerSystemVariable set value='{  "expiryDurationType" : 1,   "expiryDurationValue" : 7  }' where name='API_TOKEN_EXPIRY_TIME';
2022-01-27_18:28:59.397 [main] INFO  pl.rest.utils.DBUtils - query being executed update IssuerSystemVariable set value='{  "expiryDurationType" : 1,   "expiryDurationValue" : 7  }' where name='API_TOKEN_EXPIRY_TIME';
2022-01-27_18:28:59.398 [main] INFO  pl.rest.utils.DBUtils - number of rows affected 1
2022-01-27_18:29:02.320 [main] INFO  com.qc.qa.ui.BasePage - Navigating to  URL: https://admintest.pineperks.in/
2022-01-27_18:29:02.321 [main] INFO  com.qc.qa.ui.BasePage - Waiting for page to be ready 
2022-01-27_18:29:02.341 [main] INFO  gui.pages.UIActionPages - PinePerks|Login
2022-01-27_18:29:02.406 [main] INFO  com.qc.qa.ui.BasePage - Entering the text -afzal.ahmed@pinelabs.com
2022-01-27_18:29:02.411 [main] INFO  com.qc.qa.ui.BasePage - Waiting for element to clickable 
2022-01-27_18:29:02.637 [main] INFO  com.qc.qa.ui.BasePage - Entering the text -Dashboard@DG1809
2022-01-27_18:29:02.639 [main] INFO  com.qc.qa.ui.BasePage - Waiting for element to clickable 
2022-01-27_18:29:02.771 [main] INFO  com.qc.qa.ui.BasePage - Clicking the element in page
2022-01-27_18:29:02.773 [main] INFO  com.qc.qa.ui.BasePage - Waiting for element to clickable 
2022-01-27_18:29:04.650 [main] INFO  com.qc.qa.ui.BasePage - Waiting for page to be ready 
2022-01-27_18:29:04.667 [main] INFO  com.qc.qa.ui.BasePage - ClickingBy.xpath: //a[@href='/admin/clearCacheData']
2022-01-27_18:29:04.701 [main] INFO  com.qc.qa.ui.BasePage - Waiting for element to clickable 
2022-01-27_18:29:05.516 [main] INFO  com.qc.qa.ui.BasePage - Waiting for page to be ready 
2022-01-27_18:29:05.712 [main] INFO  com.qc.qa.ui.BasePage - ClickingBy.id: pageSubmission
2022-01-27_18:29:05.734 [main] INFO  com.qc.qa.ui.BasePage - Waiting for element to clickable 
2022-01-27_18:29:05.756 [Finalizer] DEBUG o.a.h.i.conn.DefaultClientConnection - Connection 0.0.0.0:55490<->14.143.120.84:443 closed
2022-01-27_18:29:05.790 [Finalizer] DEBUG o.a.h.i.conn.DefaultClientConnection - Connection 0.0.0.0:55476<->14.143.120.84:443 closed
2022-01-27_18:29:06.052 [main] INFO  com.qc.qa.ui.BasePage - Waiting for element to be invisible
2022-01-27_18:29:18.606 [main] INFO  pl.rest.service.Authorize - Authorize Rest API URL :- https://apitest.pineperks.in/auth/V2/generate/token
2022-01-27_18:29:18.606 [main] INFO  com.qc.BaseAPI - GET call to URL https://apitest.pineperks.in/auth/V2/generate/token
2022-01-27_18:29:18.612 [main] INFO  com.qc.BaseAPI - ********************REQUEST********************
2022-01-27_18:29:18.632 [main] DEBUG o.a.h.i.c.BasicClientConnectionManager - Get connection for route {s}->https://apitest.pineperks.in:443
2022-01-27_18:29:18.632 [main] DEBUG o.a.h.i.c.DefaultClientConnectionOperator - Connecting to apitest.pineperks.in:443
2022-01-27_18:29:18.761 [main] DEBUG o.a.h.c.protocol.RequestAddCookies - CookieSpec selected: ignoreCookies
2022-01-27_18:29:18.762 [main] DEBUG o.a.h.c.protocol.RequestAuthCache - Auth cache not set in the context
2022-01-27_18:29:18.762 [main] DEBUG o.a.h.c.p.RequestTargetAuthentication - Target auth state: UNCHALLENGED
2022-01-27_18:29:18.762 [main] DEBUG o.a.h.c.p.RequestProxyAuthentication - Proxy auth state: UNCHALLENGED
2022-01-27_18:29:18.762 [main] DEBUG o.a.h.impl.client.DefaultHttpClient - Attempt 1 to execute request
2022-01-27_18:29:18.762 [main] DEBUG o.a.h.i.conn.DefaultClientConnection - Sending request: GET /auth/V2/generate/token HTTP/1.1
2022-01-27_18:29:18.763 [main] DEBUG org.apache.http.wire -  >> "GET /auth/V2/generate/token HTTP/1.1[\r][\n]"
2022-01-27_18:29:18.763 [main] DEBUG org.apache.http.wire -  >> "Content-Type: application/json; charset=UTF-8[\r][\n]"
2022-01-27_18:29:18.763 [main] DEBUG org.apache.http.wire -  >> "X-PinePerks-UserName: A0aCcnPzDANtKmvSLPKcaw==[\r][\n]"
2022-01-27_18:29:18.763 [main] DEBUG org.apache.http.wire -  >> "Accept: */*[\r][\n]"
2022-01-27_18:29:18.763 [main] DEBUG org.apache.http.wire -  >> "Host: apitest.pineperks.in[\r][\n]"
2022-01-27_18:29:18.763 [main] DEBUG org.apache.http.wire -  >> "Connection: Keep-Alive[\r][\n]"
2022-01-27_18:29:18.764 [main] DEBUG org.apache.http.wire -  >> "User-Agent: Apache-HttpClient/4.5.2 (Java/1.8.0_202)[\r][\n]"
2022-01-27_18:29:18.764 [main] DEBUG org.apache.http.wire -  >> "Accept-Encoding: gzip,deflate[\r][\n]"
2022-01-27_18:29:18.764 [main] DEBUG org.apache.http.wire -  >> "[\r][\n]"
2022-01-27_18:29:18.764 [main] DEBUG org.apache.http.headers - >> GET /auth/V2/generate/token HTTP/1.1
2022-01-27_18:29:18.764 [main] DEBUG org.apache.http.headers - >> Content-Type: application/json; charset=UTF-8
2022-01-27_18:29:18.764 [main] DEBUG org.apache.http.headers - >> X-PinePerks-UserName: A0aCcnPzDANtKmvSLPKcaw==
2022-01-27_18:29:18.764 [main] DEBUG org.apache.http.headers - >> Accept: */*
2022-01-27_18:29:18.764 [main] DEBUG org.apache.http.headers - >> Host: apitest.pineperks.in
2022-01-27_18:29:18.765 [main] DEBUG org.apache.http.headers - >> Connection: Keep-Alive
2022-01-27_18:29:18.766 [main] DEBUG org.apache.http.headers - >> User-Agent: Apache-HttpClient/4.5.2 (Java/1.8.0_202)
2022-01-27_18:29:18.766 [main] DEBUG org.apache.http.headers - >> Accept-Encoding: gzip,deflate
2022-01-27_18:29:18.795 [main] DEBUG org.apache.http.wire -  << "HTTP/1.1 200 [\r][\n]"
2022-01-27_18:29:18.796 [main] DEBUG org.apache.http.wire -  << "Access-Control-Allow-Methods: GET, POST[\r][\n]"
2022-01-27_18:29:18.796 [main] DEBUG org.apache.http.wire -  << "Access-Control-Allow-Origin: *[\r][\n]"
2022-01-27_18:29:18.796 [main] DEBUG org.apache.http.wire -  << "Content-Security-Policy: default-src 'none'[\r][\n]"
2022-01-27_18:29:18.796 [main] DEBUG org.apache.http.wire -  << "Feature-Policy: 'none'[\r][\n]"
2022-01-27_18:29:18.796 [main] DEBUG org.apache.http.wire -  << "Referrer-Policy: no-referrer[\r][\n]"
2022-01-27_18:29:18.796 [main] DEBUG org.apache.http.wire -  << "Strict-Transport-Security: max-age=31536000 ; includeSubDomains[\r][\n]"
2022-01-27_18:29:18.797 [main] DEBUG org.apache.http.wire -  << "Date: Thu, 27 Jan 2022 12:59:18 GMT[\r][\n]"
2022-01-27_18:29:18.797 [main] DEBUG org.apache.http.wire -  << "Keep-Alive: timeout=60[\r][\n]"
2022-01-27_18:29:18.797 [main] DEBUG org.apache.http.wire -  << "Content-Type: application/json[\r][\n]"
2022-01-27_18:29:18.797 [main] DEBUG org.apache.http.wire -  << "Transfer-Encoding: chunked[\r][\n]"
2022-01-27_18:29:18.797 [main] DEBUG org.apache.http.wire -  << "Connection: keep-alive[\r][\n]"
2022-01-27_18:29:18.797 [main] DEBUG org.apache.http.wire -  << "[\r][\n]"
2022-01-27_18:29:18.798 [main] DEBUG o.a.h.i.conn.DefaultClientConnection - Receiving response: HTTP/1.1 200 
2022-01-27_18:29:18.798 [main] DEBUG org.apache.http.headers - << HTTP/1.1 200 
2022-01-27_18:29:18.798 [main] DEBUG org.apache.http.headers - << Access-Control-Allow-Methods: GET, POST
2022-01-27_18:29:18.798 [main] DEBUG org.apache.http.headers - << Access-Control-Allow-Origin: *
2022-01-27_18:29:18.798 [main] DEBUG org.apache.http.headers - << Content-Security-Policy: default-src 'none'
2022-01-27_18:29:18.799 [main] DEBUG org.apache.http.headers - << Feature-Policy: 'none'
2022-01-27_18:29:18.799 [main] DEBUG org.apache.http.headers - << Referrer-Policy: no-referrer
2022-01-27_18:29:18.799 [main] DEBUG org.apache.http.headers - << Strict-Transport-Security: max-age=31536000 ; includeSubDomains
2022-01-27_18:29:18.799 [main] DEBUG org.apache.http.headers - << Date: Thu, 27 Jan 2022 12:59:18 GMT
2022-01-27_18:29:18.799 [main] DEBUG org.apache.http.headers - << Keep-Alive: timeout=60
2022-01-27_18:29:18.799 [main] DEBUG org.apache.http.headers - << Content-Type: application/json
2022-01-27_18:29:18.799 [main] DEBUG org.apache.http.headers - << Transfer-Encoding: chunked
2022-01-27_18:29:18.799 [main] DEBUG org.apache.http.headers - << Connection: keep-alive
2022-01-27_18:29:18.799 [main] DEBUG o.a.h.impl.client.DefaultHttpClient - Connection can be kept alive for 60000 MILLISECONDS
2022-01-27_18:29:18.799 [main] DEBUG i.r.i.RequestSpecificationImpl$RestAssuredHttpBuilder - Parsing response as: application/json
2022-01-27_18:29:18.799 [main] DEBUG i.r.i.RequestSpecificationImpl$RestAssuredHttpBuilder - Parsed data to instance of: class org.apache.http.conn.EofSensorInputStream
2022-01-27_18:29:18.800 [main] INFO  com.qc.BaseAPI - Method :GET
2022-01-27_18:29:18.801 [main] INFO  com.qc.BaseAPI - URI :https://apitest.pineperks.in/auth/V2/generate/token
2022-01-27_18:29:18.802 [main] INFO  com.qc.BaseAPI - Headers :X-PinePerks-UserName=A0aCcnPzDANtKmvSLPKcaw==
Accept=*/*
Content-Type=application/json; charset=UTF-8
2022-01-27_18:29:18.802 [main] INFO  com.qc.BaseAPI - Body :null
2022-01-27_18:29:18.802 [main] INFO  com.qc.BaseAPI - ********************RESPONSE********************
2022-01-27_18:29:18.802 [main] DEBUG org.apache.http.wire -  << "7e[\r][\n]"
2022-01-27_18:29:18.803 [main] DEBUG org.apache.http.wire -  << "{"accessToken":"ae61ff834f0f4871874edbb33f8ea8b1","tokenExpiryDate":"2022-02-03","responseCode":0,"responseMessage":"Success"}"
2022-01-27_18:29:18.803 [main] DEBUG org.apache.http.wire -  << "[\r][\n]"
2022-01-27_18:29:18.803 [main] DEBUG org.apache.http.wire -  << "0[\r][\n]"
2022-01-27_18:29:18.803 [main] DEBUG org.apache.http.wire -  << "[\r][\n]"
2022-01-27_18:29:18.803 [main] DEBUG o.a.h.i.c.BasicClientConnectionManager - Releasing connection org.apache.http.impl.conn.ManagedClientConnectionImpl@6fca6446
2022-01-27_18:29:18.803 [main] DEBUG o.a.h.i.c.BasicClientConnectionManager - Connection can be kept alive for 60000 MILLISECONDS
2022-01-27_18:29:18.804 [main] INFO  com.qc.BaseAPI - Response :{
    "accessToken": "ae61ff834f0f4871874edbb33f8ea8b1",
    "tokenExpiryDate": "2022-02-03",
    "responseCode": 0,
    "responseMessage": "Success"
}
2022-01-27_18:29:18.805 [main] INFO  com.qc.BaseAPI -  **** GET call Response time 182 ms
2022-01-27_18:29:18.805 [main] INFO  pl.rest.service.Authorize - Time Taken to perform https://apitest.pineperks.in/auth/V2/generate/token transaction: 182
2022-01-27_18:29:18.813 [main] INFO  p.rest.stepDefs.TransactionsStepDefs - Expected date 2022-02-03
2022-01-27_18:29:18.813 [main] INFO  p.rest.stepDefs.TransactionsStepDefs - actual Date 2022-02-03
2022-01-27_18:29:18.817 [main] DEBUG com.qc.qa.ui.BasePage - No Alert displayed
2022-01-27_18:29:18.937 [main] INFO  com.qc.CukeBase - Closing driver
2022-01-27_18:29:20.011 [main] INFO  com.qc.CukeBase - Cucumber Before web scenario - Validating the expiry date field when updating the expiry duration as 2 Month for V2.
2022-01-27_18:29:20.019 [main] INFO  i.g.bonigarcia.wdm.WebDriverManager - Please answer the following questionnaire based on your experience with WebDriverManager. Thanks a lot!
2022-01-27_18:29:20.019 [main] INFO  i.g.bonigarcia.wdm.WebDriverManager - ====> http://tiny.cc/wdm-survey <====
2022-01-27_18:29:20.024 [main] INFO  i.g.bonigarcia.wdm.WebDriverManager - Using chromedriver 97.0.4692.71 (since Chrome 97 is installed in your machine)
2022-01-27_18:29:20.028 [main] DEBUG i.g.bonigarcia.wdm.WebDriverManager - Driver chromedriver 97.0.4692.71 found in cache
2022-01-27_18:29:20.029 [main] INFO  i.g.bonigarcia.wdm.WebDriverManager - Exporting webdriver.chrome.driver as C:\Users\afzal.ahmed\.m2\repository\webdriver\chromedriver\win32\97.0.4692.71\chromedriver.exe
2022-01-27_18:29:21.105 [main] INFO  com.qc.qa.drivers.ChromeDriverManger - Chrome service started
2022-01-27_18:29:25.092 [main] INFO  com.qc.CukeBase - Set new webDriver
2022-01-27_18:29:25.092 [main] INFO  com.qc.CukeBase - Getting webDriver
2022-01-27_18:29:25.629 [main] INFO  com.qc.CukeBase - Getting webDriver
2022-01-27_18:29:25.631 [main] INFO  pl.rest.CustomHooks - SCENARIO NAME: Validating the expiry date field when updating the expiry duration as 2 Month for V2.
2022-01-27_18:29:25.632 [main] INFO  pl.rest.CustomHooks - TAG NAMEs: [@Regression, @Web]
2022-01-27_18:29:25.632 [main] INFO  pl.rest.CustomHooks - SCENARIO NAME: Validating the expiry date field when updating the expiry duration as 2 Month for V2.
2022-01-27_18:29:25.632 [main] INFO  pl.rest.CustomHooks - TAG NAMEs: [@Regression, @Web]
2022-01-27_18:29:25.632 [main] INFO  pl.rest.CustomHooks - Index: 0, Size: 0
2022-01-27_18:29:25.634 [main] INFO  com.qc.qa.dbutils.DBPoolProvider - Con pool Total - 400, idle - 1,  Num active - 0
2022-01-27_18:29:25.634 [main] INFO  com.qc.qa.dbutils.DBPoolProvider - Retrieved connection
2022-01-27_18:29:25.791 [main] INFO  c.qc.qa.dbutils.DBConnectionManager - DB Connected Successfully.
2022-01-27_18:29:25.792 [main] INFO  c.qc.qa.dbutils.DBConnectionManager - Executing Query:::update IssuerSystemVariable set value='{  "expiryDurationType" : 2,   "expiryDurationValue" : 2  }' where name='API_TOKEN_EXPIRY_TIME';
2022-01-27_18:29:25.801 [main] INFO  pl.rest.utils.DBUtils - query being executed update IssuerSystemVariable set value='{  "expiryDurationType" : 2,   "expiryDurationValue" : 2  }' where name='API_TOKEN_EXPIRY_TIME';
2022-01-27_18:29:25.801 [main] INFO  pl.rest.utils.DBUtils - number of rows affected 1
2022-01-27_18:29:28.177 [main] INFO  com.qc.qa.ui.BasePage - Navigating to  URL: https://admintest.pineperks.in/
2022-01-27_18:29:28.178 [main] INFO  com.qc.qa.ui.BasePage - Waiting for page to be ready 
2022-01-27_18:29:28.205 [main] INFO  gui.pages.UIActionPages - PinePerks|Login
2022-01-27_18:29:28.274 [main] INFO  com.qc.qa.ui.BasePage - Entering the text -afzal.ahmed@pinelabs.com
2022-01-27_18:29:28.276 [main] INFO  com.qc.qa.ui.BasePage - Waiting for element to clickable 
2022-01-27_18:29:28.497 [main] INFO  com.qc.qa.ui.BasePage - Entering the text -Dashboard@DG1809
2022-01-27_18:29:28.500 [main] INFO  com.qc.qa.ui.BasePage - Waiting for element to clickable 
2022-01-27_18:29:28.641 [main] INFO  com.qc.qa.ui.BasePage - Clicking the element in page
2022-01-27_18:29:28.644 [main] INFO  com.qc.qa.ui.BasePage - Waiting for element to clickable 
2022-01-27_18:29:30.469 [main] INFO  com.qc.qa.ui.BasePage - Waiting for page to be ready 
2022-01-27_18:29:30.485 [main] INFO  com.qc.qa.ui.BasePage - ClickingBy.xpath: //a[@href='/admin/clearCacheData']
2022-01-27_18:29:30.526 [main] INFO  com.qc.qa.ui.BasePage - Waiting for element to clickable 
2022-01-27_18:29:31.314 [main] INFO  com.qc.qa.ui.BasePage - Waiting for page to be ready 
2022-01-27_18:29:31.653 [main] INFO  com.qc.qa.ui.BasePage - ClickingBy.id: pageSubmission
2022-01-27_18:29:31.694 [main] INFO  com.qc.qa.ui.BasePage - Waiting for element to clickable 
2022-01-27_18:29:32.029 [main] INFO  com.qc.qa.ui.BasePage - Waiting for element to be invisible
2022-01-27_18:29:44.290 [Finalizer] DEBUG o.a.h.i.conn.DefaultClientConnection - Connection 0.0.0.0:55569<->14.143.120.84:443 closed
2022-01-27_18:29:44.563 [main] INFO  pl.rest.service.Authorize - Authorize Rest API URL :- https://apitest.pineperks.in/auth/V2/generate/token
2022-01-27_18:29:44.564 [main] INFO  com.qc.BaseAPI - GET call to URL https://apitest.pineperks.in/auth/V2/generate/token
2022-01-27_18:29:44.570 [main] INFO  com.qc.BaseAPI - ********************REQUEST********************
2022-01-27_18:29:44.585 [main] DEBUG o.a.h.i.c.BasicClientConnectionManager - Get connection for route {s}->https://apitest.pineperks.in:443
2022-01-27_18:29:44.587 [main] DEBUG o.a.h.i.c.DefaultClientConnectionOperator - Connecting to apitest.pineperks.in:443
2022-01-27_18:29:44.748 [main] DEBUG o.a.h.c.protocol.RequestAddCookies - CookieSpec selected: ignoreCookies
2022-01-27_18:29:44.748 [main] DEBUG o.a.h.c.protocol.RequestAuthCache - Auth cache not set in the context
2022-01-27_18:29:44.748 [main] DEBUG o.a.h.c.p.RequestTargetAuthentication - Target auth state: UNCHALLENGED
2022-01-27_18:29:44.748 [main] DEBUG o.a.h.c.p.RequestProxyAuthentication - Proxy auth state: UNCHALLENGED
2022-01-27_18:29:44.748 [main] DEBUG o.a.h.impl.client.DefaultHttpClient - Attempt 1 to execute request
2022-01-27_18:29:44.748 [main] DEBUG o.a.h.i.conn.DefaultClientConnection - Sending request: GET /auth/V2/generate/token HTTP/1.1
2022-01-27_18:29:44.748 [main] DEBUG org.apache.http.wire -  >> "GET /auth/V2/generate/token HTTP/1.1[\r][\n]"
2022-01-27_18:29:44.748 [main] DEBUG org.apache.http.wire -  >> "Content-Type: application/json; charset=UTF-8[\r][\n]"
2022-01-27_18:29:44.748 [main] DEBUG org.apache.http.wire -  >> "X-PinePerks-UserName: A0aCcnPzDANtKmvSLPKcaw==[\r][\n]"
2022-01-27_18:29:44.748 [main] DEBUG org.apache.http.wire -  >> "Accept: */*[\r][\n]"
2022-01-27_18:29:44.749 [main] DEBUG org.apache.http.wire -  >> "Host: apitest.pineperks.in[\r][\n]"
2022-01-27_18:29:44.749 [main] DEBUG org.apache.http.wire -  >> "Connection: Keep-Alive[\r][\n]"
2022-01-27_18:29:44.749 [main] DEBUG org.apache.http.wire -  >> "User-Agent: Apache-HttpClient/4.5.2 (Java/1.8.0_202)[\r][\n]"
2022-01-27_18:29:44.750 [main] DEBUG org.apache.http.wire -  >> "Accept-Encoding: gzip,deflate[\r][\n]"
2022-01-27_18:29:44.750 [main] DEBUG org.apache.http.wire -  >> "[\r][\n]"
2022-01-27_18:29:44.750 [main] DEBUG org.apache.http.headers - >> GET /auth/V2/generate/token HTTP/1.1
2022-01-27_18:29:44.750 [main] DEBUG org.apache.http.headers - >> Content-Type: application/json; charset=UTF-8
2022-01-27_18:29:44.750 [main] DEBUG org.apache.http.headers - >> X-PinePerks-UserName: A0aCcnPzDANtKmvSLPKcaw==
2022-01-27_18:29:44.750 [main] DEBUG org.apache.http.headers - >> Accept: */*
2022-01-27_18:29:44.750 [main] DEBUG org.apache.http.headers - >> Host: apitest.pineperks.in
2022-01-27_18:29:44.750 [main] DEBUG org.apache.http.headers - >> Connection: Keep-Alive
2022-01-27_18:29:44.750 [main] DEBUG org.apache.http.headers - >> User-Agent: Apache-HttpClient/4.5.2 (Java/1.8.0_202)
2022-01-27_18:29:44.751 [main] DEBUG org.apache.http.headers - >> Accept-Encoding: gzip,deflate
2022-01-27_18:29:44.787 [main] DEBUG org.apache.http.wire -  << "HTTP/1.1 200 [\r][\n]"
2022-01-27_18:29:44.787 [main] DEBUG org.apache.http.wire -  << "Access-Control-Allow-Methods: GET, POST[\r][\n]"
2022-01-27_18:29:44.788 [main] DEBUG org.apache.http.wire -  << "Access-Control-Allow-Origin: *[\r][\n]"
2022-01-27_18:29:44.788 [main] DEBUG org.apache.http.wire -  << "Content-Security-Policy: default-src 'none'[\r][\n]"
2022-01-27_18:29:44.788 [main] DEBUG org.apache.http.wire -  << "Feature-Policy: 'none'[\r][\n]"
2022-01-27_18:29:44.788 [main] DEBUG org.apache.http.wire -  << "Referrer-Policy: no-referrer[\r][\n]"
2022-01-27_18:29:44.788 [main] DEBUG org.apache.http.wire -  << "Strict-Transport-Security: max-age=31536000 ; includeSubDomains[\r][\n]"
2022-01-27_18:29:44.788 [main] DEBUG org.apache.http.wire -  << "Date: Thu, 27 Jan 2022 12:59:44 GMT[\r][\n]"
2022-01-27_18:29:44.788 [main] DEBUG org.apache.http.wire -  << "Keep-Alive: timeout=60[\r][\n]"
2022-01-27_18:29:44.788 [main] DEBUG org.apache.http.wire -  << "Content-Type: application/json[\r][\n]"
2022-01-27_18:29:44.788 [main] DEBUG org.apache.http.wire -  << "Transfer-Encoding: chunked[\r][\n]"
2022-01-27_18:29:44.788 [main] DEBUG org.apache.http.wire -  << "Connection: keep-alive[\r][\n]"
2022-01-27_18:29:44.788 [main] DEBUG org.apache.http.wire -  << "[\r][\n]"
2022-01-27_18:29:44.788 [main] DEBUG o.a.h.i.conn.DefaultClientConnection - Receiving response: HTTP/1.1 200 
2022-01-27_18:29:44.788 [main] DEBUG org.apache.http.headers - << HTTP/1.1 200 
2022-01-27_18:29:44.788 [main] DEBUG org.apache.http.headers - << Access-Control-Allow-Methods: GET, POST
2022-01-27_18:29:44.788 [main] DEBUG org.apache.http.headers - << Access-Control-Allow-Origin: *
2022-01-27_18:29:44.788 [main] DEBUG org.apache.http.headers - << Content-Security-Policy: default-src 'none'
2022-01-27_18:29:44.788 [main] DEBUG org.apache.http.headers - << Feature-Policy: 'none'
2022-01-27_18:29:44.788 [main] DEBUG org.apache.http.headers - << Referrer-Policy: no-referrer
2022-01-27_18:29:44.788 [main] DEBUG org.apache.http.headers - << Strict-Transport-Security: max-age=31536000 ; includeSubDomains
2022-01-27_18:29:44.788 [main] DEBUG org.apache.http.headers - << Date: Thu, 27 Jan 2022 12:59:44 GMT
2022-01-27_18:29:44.788 [main] DEBUG org.apache.http.headers - << Keep-Alive: timeout=60
2022-01-27_18:29:44.788 [main] DEBUG org.apache.http.headers - << Content-Type: application/json
2022-01-27_18:29:44.788 [main] DEBUG org.apache.http.headers - << Transfer-Encoding: chunked
2022-01-27_18:29:44.788 [main] DEBUG org.apache.http.headers - << Connection: keep-alive
2022-01-27_18:29:44.788 [main] DEBUG o.a.h.impl.client.DefaultHttpClient - Connection can be kept alive for 60000 MILLISECONDS
2022-01-27_18:29:44.791 [main] DEBUG i.r.i.RequestSpecificationImpl$RestAssuredHttpBuilder - Parsing response as: application/json
2022-01-27_18:29:44.791 [main] DEBUG i.r.i.RequestSpecificationImpl$RestAssuredHttpBuilder - Parsed data to instance of: class org.apache.http.conn.EofSensorInputStream
2022-01-27_18:29:44.791 [main] INFO  com.qc.BaseAPI - Method :GET
2022-01-27_18:29:44.793 [main] INFO  com.qc.BaseAPI - URI :https://apitest.pineperks.in/auth/V2/generate/token
2022-01-27_18:29:44.793 [main] INFO  com.qc.BaseAPI - Headers :X-PinePerks-UserName=A0aCcnPzDANtKmvSLPKcaw==
Accept=*/*
Content-Type=application/json; charset=UTF-8
2022-01-27_18:29:44.793 [main] INFO  com.qc.BaseAPI - Body :null
2022-01-27_18:29:44.793 [main] INFO  com.qc.BaseAPI - ********************RESPONSE********************
2022-01-27_18:29:44.793 [main] DEBUG org.apache.http.wire -  << "7e[\r][\n]"
2022-01-27_18:29:44.793 [main] DEBUG org.apache.http.wire -  << "{"accessToken":"6b8b5c61ded444cc807ea5f4865953e2","tokenExpiryDate":"2022-03-27","responseCode":0,"responseMessage":"Success"}"
2022-01-27_18:29:44.794 [main] DEBUG org.apache.http.wire -  << "[\r][\n]"
2022-01-27_18:29:44.794 [main] DEBUG org.apache.http.wire -  << "0[\r][\n]"
2022-01-27_18:29:44.794 [main] DEBUG org.apache.http.wire -  << "[\r][\n]"
2022-01-27_18:29:44.794 [main] DEBUG o.a.h.i.c.BasicClientConnectionManager - Releasing connection org.apache.http.impl.conn.ManagedClientConnectionImpl@4e3050cc
2022-01-27_18:29:44.794 [main] DEBUG o.a.h.i.c.BasicClientConnectionManager - Connection can be kept alive for 60000 MILLISECONDS
2022-01-27_18:29:44.795 [main] INFO  com.qc.BaseAPI - Response :{
    "accessToken": "6b8b5c61ded444cc807ea5f4865953e2",
    "tokenExpiryDate": "2022-03-27",
    "responseCode": 0,
    "responseMessage": "Success"
}
2022-01-27_18:29:44.795 [main] INFO  com.qc.BaseAPI -  **** GET call Response time 217 ms
2022-01-27_18:29:44.795 [main] INFO  pl.rest.service.Authorize - Time Taken to perform https://apitest.pineperks.in/auth/V2/generate/token transaction: 217
2022-01-27_18:29:44.804 [main] INFO  p.rest.stepDefs.TransactionsStepDefs - Expected date 2022-03-27
2022-01-27_18:29:44.804 [main] INFO  p.rest.stepDefs.TransactionsStepDefs - actual Date 2022-03-27
2022-01-27_18:29:44.806 [main] DEBUG com.qc.qa.ui.BasePage - No Alert displayed
2022-01-27_18:29:45.207 [main] INFO  com.qc.CukeBase - Closing driver
2022-01-27_18:29:46.287 [main] INFO  com.qc.CukeBase - Cucumber Before web scenario - Validating the expiry date field when updating the expiry duration as 2 Year for V2.
2022-01-27_18:29:46.309 [main] INFO  i.g.bonigarcia.wdm.WebDriverManager - Please answer the following questionnaire based on your experience with WebDriverManager. Thanks a lot!
2022-01-27_18:29:46.309 [main] INFO  i.g.bonigarcia.wdm.WebDriverManager - ====> http://tiny.cc/wdm-survey <====
2022-01-27_18:29:46.316 [main] INFO  i.g.bonigarcia.wdm.WebDriverManager - Using chromedriver 97.0.4692.71 (since Chrome 97 is installed in your machine)
2022-01-27_18:29:46.324 [main] DEBUG i.g.bonigarcia.wdm.WebDriverManager - Driver chromedriver 97.0.4692.71 found in cache
2022-01-27_18:29:46.325 [main] INFO  i.g.bonigarcia.wdm.WebDriverManager - Exporting webdriver.chrome.driver as C:\Users\afzal.ahmed\.m2\repository\webdriver\chromedriver\win32\97.0.4692.71\chromedriver.exe
2022-01-27_18:29:48.573 [main] INFO  com.qc.qa.drivers.ChromeDriverManger - Chrome service started
2022-01-27_18:29:54.062 [main] INFO  com.qc.CukeBase - Set new webDriver
2022-01-27_18:29:54.063 [main] INFO  com.qc.CukeBase - Getting webDriver
2022-01-27_18:29:54.803 [main] INFO  com.qc.CukeBase - Getting webDriver
2022-01-27_18:29:54.804 [main] INFO  pl.rest.CustomHooks - SCENARIO NAME: Validating the expiry date field when updating the expiry duration as 2 Year for V2.
2022-01-27_18:29:54.805 [main] INFO  pl.rest.CustomHooks - TAG NAMEs: [@Regression, @Web]
2022-01-27_18:29:54.806 [main] INFO  pl.rest.CustomHooks - SCENARIO NAME: Validating the expiry date field when updating the expiry duration as 2 Year for V2.
2022-01-27_18:29:54.807 [main] INFO  pl.rest.CustomHooks - TAG NAMEs: [@Regression, @Web]
2022-01-27_18:29:54.807 [main] INFO  pl.rest.CustomHooks - Index: 0, Size: 0
2022-01-27_18:29:54.812 [main] INFO  com.qc.qa.dbutils.DBPoolProvider - Con pool Total - 400, idle - 1,  Num active - 0
2022-01-27_18:29:54.812 [main] INFO  com.qc.qa.dbutils.DBPoolProvider - Retrieved connection
2022-01-27_18:29:54.826 [main] INFO  c.qc.qa.dbutils.DBConnectionManager - DB Connected Successfully.
2022-01-27_18:29:54.827 [main] INFO  c.qc.qa.dbutils.DBConnectionManager - Executing Query:::update IssuerSystemVariable set value='{  "expiryDurationType" : 3,   "expiryDurationValue" : 2  }' where name='API_TOKEN_EXPIRY_TIME';
2022-01-27_18:29:54.842 [main] INFO  pl.rest.utils.DBUtils - query being executed update IssuerSystemVariable set value='{  "expiryDurationType" : 3,   "expiryDurationValue" : 2  }' where name='API_TOKEN_EXPIRY_TIME';
2022-01-27_18:29:54.843 [main] INFO  pl.rest.utils.DBUtils - number of rows affected 1
2022-01-27_18:29:58.309 [main] INFO  com.qc.qa.ui.BasePage - Navigating to  URL: https://admintest.pineperks.in/
2022-01-27_18:29:58.309 [main] INFO  com.qc.qa.ui.BasePage - Waiting for page to be ready 
2022-01-27_18:29:58.333 [main] INFO  gui.pages.UIActionPages - PinePerks|Login
2022-01-27_18:29:58.399 [main] INFO  com.qc.qa.ui.BasePage - Entering the text -afzal.ahmed@pinelabs.com
2022-01-27_18:29:58.402 [main] INFO  com.qc.qa.ui.BasePage - Waiting for element to clickable 
2022-01-27_18:29:58.623 [main] INFO  com.qc.qa.ui.BasePage - Entering the text -Dashboard@DG1809
2022-01-27_18:29:58.627 [main] INFO  com.qc.qa.ui.BasePage - Waiting for element to clickable 
2022-01-27_18:29:58.878 [main] INFO  com.qc.qa.ui.BasePage - Clicking the element in page
2022-01-27_18:29:58.881 [main] INFO  com.qc.qa.ui.BasePage - Waiting for element to clickable 
2022-01-27_18:30:00.918 [main] INFO  com.qc.qa.ui.BasePage - Waiting for page to be ready 
2022-01-27_18:30:00.945 [main] INFO  com.qc.qa.ui.BasePage - ClickingBy.xpath: //a[@href='/admin/clearCacheData']
2022-01-27_18:30:01.025 [main] INFO  com.qc.qa.ui.BasePage - Waiting for element to clickable 
2022-01-27_18:30:01.771 [main] INFO  com.qc.qa.ui.BasePage - Waiting for page to be ready 
2022-01-27_18:30:01.942 [main] INFO  com.qc.qa.ui.BasePage - ClickingBy.id: pageSubmission
2022-01-27_18:30:01.974 [main] INFO  com.qc.qa.ui.BasePage - Waiting for element to clickable 
2022-01-27_18:30:02.209 [main] INFO  com.qc.qa.ui.BasePage - Waiting for element to be invisible
2022-01-27_18:30:14.764 [main] INFO  pl.rest.service.Authorize - Authorize Rest API URL :- https://apitest.pineperks.in/auth/V2/generate/token
2022-01-27_18:30:14.764 [main] INFO  com.qc.BaseAPI - GET call to URL https://apitest.pineperks.in/auth/V2/generate/token
2022-01-27_18:30:14.768 [main] INFO  com.qc.BaseAPI - ********************REQUEST********************
2022-01-27_18:30:14.782 [main] DEBUG o.a.h.i.c.BasicClientConnectionManager - Get connection for route {s}->https://apitest.pineperks.in:443
2022-01-27_18:30:14.784 [main] DEBUG o.a.h.i.c.DefaultClientConnectionOperator - Connecting to apitest.pineperks.in:443
2022-01-27_18:30:14.915 [main] DEBUG o.a.h.c.protocol.RequestAddCookies - CookieSpec selected: ignoreCookies
2022-01-27_18:30:14.916 [main] DEBUG o.a.h.c.protocol.RequestAuthCache - Auth cache not set in the context
2022-01-27_18:30:14.916 [main] DEBUG o.a.h.c.p.RequestTargetAuthentication - Target auth state: UNCHALLENGED
2022-01-27_18:30:14.916 [main] DEBUG o.a.h.c.p.RequestProxyAuthentication - Proxy auth state: UNCHALLENGED
2022-01-27_18:30:14.916 [main] DEBUG o.a.h.impl.client.DefaultHttpClient - Attempt 1 to execute request
2022-01-27_18:30:14.917 [main] DEBUG o.a.h.i.conn.DefaultClientConnection - Sending request: GET /auth/V2/generate/token HTTP/1.1
2022-01-27_18:30:14.917 [main] DEBUG org.apache.http.wire -  >> "GET /auth/V2/generate/token HTTP/1.1[\r][\n]"
2022-01-27_18:30:14.917 [main] DEBUG org.apache.http.wire -  >> "Content-Type: application/json; charset=UTF-8[\r][\n]"
2022-01-27_18:30:14.917 [main] DEBUG org.apache.http.wire -  >> "X-PinePerks-UserName: A0aCcnPzDANtKmvSLPKcaw==[\r][\n]"
2022-01-27_18:30:14.919 [main] DEBUG org.apache.http.wire -  >> "Accept: */*[\r][\n]"
2022-01-27_18:30:14.919 [main] DEBUG org.apache.http.wire -  >> "Host: apitest.pineperks.in[\r][\n]"
2022-01-27_18:30:14.919 [main] DEBUG org.apache.http.wire -  >> "Connection: Keep-Alive[\r][\n]"
2022-01-27_18:30:14.919 [main] DEBUG org.apache.http.wire -  >> "User-Agent: Apache-HttpClient/4.5.2 (Java/1.8.0_202)[\r][\n]"
2022-01-27_18:30:14.919 [main] DEBUG org.apache.http.wire -  >> "Accept-Encoding: gzip,deflate[\r][\n]"
2022-01-27_18:30:14.919 [main] DEBUG org.apache.http.wire -  >> "[\r][\n]"
2022-01-27_18:30:14.919 [main] DEBUG org.apache.http.headers - >> GET /auth/V2/generate/token HTTP/1.1
2022-01-27_18:30:14.919 [main] DEBUG org.apache.http.headers - >> Content-Type: application/json; charset=UTF-8
2022-01-27_18:30:14.919 [main] DEBUG org.apache.http.headers - >> X-PinePerks-UserName: A0aCcnPzDANtKmvSLPKcaw==
2022-01-27_18:30:14.919 [main] DEBUG org.apache.http.headers - >> Accept: */*
2022-01-27_18:30:14.919 [main] DEBUG org.apache.http.headers - >> Host: apitest.pineperks.in
2022-01-27_18:30:14.919 [main] DEBUG org.apache.http.headers - >> Connection: Keep-Alive
2022-01-27_18:30:14.919 [main] DEBUG org.apache.http.headers - >> User-Agent: Apache-HttpClient/4.5.2 (Java/1.8.0_202)
2022-01-27_18:30:14.919 [main] DEBUG org.apache.http.headers - >> Accept-Encoding: gzip,deflate
2022-01-27_18:30:14.946 [main] DEBUG org.apache.http.wire -  << "HTTP/1.1 200 [\r][\n]"
2022-01-27_18:30:14.946 [main] DEBUG org.apache.http.wire -  << "Access-Control-Allow-Methods: GET, POST[\r][\n]"
2022-01-27_18:30:14.946 [main] DEBUG org.apache.http.wire -  << "Access-Control-Allow-Origin: *[\r][\n]"
2022-01-27_18:30:14.947 [main] DEBUG org.apache.http.wire -  << "Content-Security-Policy: default-src 'none'[\r][\n]"
2022-01-27_18:30:14.947 [main] DEBUG org.apache.http.wire -  << "Feature-Policy: 'none'[\r][\n]"
2022-01-27_18:30:14.947 [main] DEBUG org.apache.http.wire -  << "Referrer-Policy: no-referrer[\r][\n]"
2022-01-27_18:30:14.947 [main] DEBUG org.apache.http.wire -  << "Strict-Transport-Security: max-age=31536000 ; includeSubDomains[\r][\n]"
2022-01-27_18:30:14.947 [main] DEBUG org.apache.http.wire -  << "Date: Thu, 27 Jan 2022 13:00:14 GMT[\r][\n]"
2022-01-27_18:30:14.947 [main] DEBUG org.apache.http.wire -  << "Keep-Alive: timeout=60[\r][\n]"
2022-01-27_18:30:14.947 [main] DEBUG org.apache.http.wire -  << "Content-Type: application/json[\r][\n]"
2022-01-27_18:30:14.947 [main] DEBUG org.apache.http.wire -  << "Transfer-Encoding: chunked[\r][\n]"
2022-01-27_18:30:14.947 [main] DEBUG org.apache.http.wire -  << "Connection: keep-alive[\r][\n]"
2022-01-27_18:30:14.948 [main] DEBUG org.apache.http.wire -  << "[\r][\n]"
2022-01-27_18:30:14.948 [main] DEBUG o.a.h.i.conn.DefaultClientConnection - Receiving response: HTTP/1.1 200 
2022-01-27_18:30:14.948 [main] DEBUG org.apache.http.headers - << HTTP/1.1 200 
2022-01-27_18:30:14.948 [main] DEBUG org.apache.http.headers - << Access-Control-Allow-Methods: GET, POST
2022-01-27_18:30:14.948 [main] DEBUG org.apache.http.headers - << Access-Control-Allow-Origin: *
2022-01-27_18:30:14.948 [main] DEBUG org.apache.http.headers - << Content-Security-Policy: default-src 'none'
2022-01-27_18:30:14.948 [main] DEBUG org.apache.http.headers - << Feature-Policy: 'none'
2022-01-27_18:30:14.948 [main] DEBUG org.apache.http.headers - << Referrer-Policy: no-referrer
2022-01-27_18:30:14.948 [main] DEBUG org.apache.http.headers - << Strict-Transport-Security: max-age=31536000 ; includeSubDomains
2022-01-27_18:30:14.948 [main] DEBUG org.apache.http.headers - << Date: Thu, 27 Jan 2022 13:00:14 GMT
2022-01-27_18:30:14.948 [main] DEBUG org.apache.http.headers - << Keep-Alive: timeout=60
2022-01-27_18:30:14.948 [main] DEBUG org.apache.http.headers - << Content-Type: application/json
2022-01-27_18:30:14.948 [main] DEBUG org.apache.http.headers - << Transfer-Encoding: chunked
2022-01-27_18:30:14.949 [main] DEBUG org.apache.http.headers - << Connection: keep-alive
2022-01-27_18:30:14.949 [main] DEBUG o.a.h.impl.client.DefaultHttpClient - Connection can be kept alive for 60000 MILLISECONDS
2022-01-27_18:30:14.949 [main] DEBUG i.r.i.RequestSpecificationImpl$RestAssuredHttpBuilder - Parsing response as: application/json
2022-01-27_18:30:14.949 [main] DEBUG i.r.i.RequestSpecificationImpl$RestAssuredHttpBuilder - Parsed data to instance of: class org.apache.http.conn.EofSensorInputStream
2022-01-27_18:30:14.950 [main] INFO  com.qc.BaseAPI - Method :GET
2022-01-27_18:30:14.951 [main] INFO  com.qc.BaseAPI - URI :https://apitest.pineperks.in/auth/V2/generate/token
2022-01-27_18:30:14.951 [main] INFO  com.qc.BaseAPI - Headers :X-PinePerks-UserName=A0aCcnPzDANtKmvSLPKcaw==
Accept=*/*
Content-Type=application/json; charset=UTF-8
2022-01-27_18:30:14.951 [main] INFO  com.qc.BaseAPI - Body :null
2022-01-27_18:30:14.951 [main] INFO  com.qc.BaseAPI - ********************RESPONSE********************
2022-01-27_18:30:14.951 [main] DEBUG org.apache.http.wire -  << "7e[\r][\n]"
2022-01-27_18:30:14.952 [main] DEBUG org.apache.http.wire -  << "{"accessToken":"2221ea06243147efabdc391d4f97e098","tokenExpiryDate":"2024-01-27","responseCode":0,"responseMessage":"Success"}"
2022-01-27_18:30:14.952 [main] DEBUG org.apache.http.wire -  << "[\r][\n]"
2022-01-27_18:30:14.952 [main] DEBUG org.apache.http.wire -  << "0[\r][\n]"
2022-01-27_18:30:14.952 [main] DEBUG org.apache.http.wire -  << "[\r][\n]"
2022-01-27_18:30:14.953 [main] DEBUG o.a.h.i.c.BasicClientConnectionManager - Releasing connection org.apache.http.impl.conn.ManagedClientConnectionImpl@e12692e
2022-01-27_18:30:14.953 [main] DEBUG o.a.h.i.c.BasicClientConnectionManager - Connection can be kept alive for 60000 MILLISECONDS
2022-01-27_18:30:14.953 [main] INFO  com.qc.BaseAPI - Response :{
    "accessToken": "2221ea06243147efabdc391d4f97e098",
    "tokenExpiryDate": "2024-01-27",
    "responseCode": 0,
    "responseMessage": "Success"
}
2022-01-27_18:30:14.955 [main] INFO  com.qc.BaseAPI -  **** GET call Response time 178 ms
2022-01-27_18:30:14.955 [main] INFO  pl.rest.service.Authorize - Time Taken to perform https://apitest.pineperks.in/auth/V2/generate/token transaction: 178
2022-01-27_18:30:14.964 [main] INFO  p.rest.stepDefs.TransactionsStepDefs - Expected date 2024-01-27
2022-01-27_18:30:14.965 [main] INFO  p.rest.stepDefs.TransactionsStepDefs - actual Date 2024-01-27
2022-01-27_18:30:14.967 [main] DEBUG com.qc.qa.ui.BasePage - No Alert displayed
2022-01-27_18:30:15.222 [main] INFO  com.qc.CukeBase - Closing driver
2022-01-27_18:30:16.295 [main] INFO  com.qc.CukeBase - Cucumber Before web scenario - Validating the response JSON schema for V2.
2022-01-27_18:30:16.302 [main] INFO  i.g.bonigarcia.wdm.WebDriverManager - Please answer the following questionnaire based on your experience with WebDriverManager. Thanks a lot!
2022-01-27_18:30:16.302 [main] INFO  i.g.bonigarcia.wdm.WebDriverManager - ====> http://tiny.cc/wdm-survey <====
2022-01-27_18:30:16.309 [main] INFO  i.g.bonigarcia.wdm.WebDriverManager - Using chromedriver 97.0.4692.71 (since Chrome 97 is installed in your machine)
2022-01-27_18:30:16.313 [main] DEBUG i.g.bonigarcia.wdm.WebDriverManager - Driver chromedriver 97.0.4692.71 found in cache
2022-01-27_18:30:16.314 [main] INFO  i.g.bonigarcia.wdm.WebDriverManager - Exporting webdriver.chrome.driver as C:\Users\afzal.ahmed\.m2\repository\webdriver\chromedriver\win32\97.0.4692.71\chromedriver.exe
2022-01-27_18:30:17.388 [main] INFO  com.qc.qa.drivers.ChromeDriverManger - Chrome service started
2022-01-27_18:30:22.072 [main] INFO  com.qc.CukeBase - Set new webDriver
2022-01-27_18:30:22.072 [main] INFO  com.qc.CukeBase - Getting webDriver
2022-01-27_18:30:23.051 [main] INFO  com.qc.CukeBase - Getting webDriver
2022-01-27_18:30:23.052 [main] INFO  pl.rest.CustomHooks - SCENARIO NAME: Validating the response JSON schema for V2.
2022-01-27_18:30:23.053 [main] INFO  pl.rest.CustomHooks - TAG NAMEs: [@Regression, @Web]
2022-01-27_18:30:23.056 [main] INFO  pl.rest.CustomHooks - SCENARIO NAME: Validating the response JSON schema for V2.
2022-01-27_18:30:23.057 [main] INFO  pl.rest.CustomHooks - TAG NAMEs: [@Regression, @Web]
2022-01-27_18:30:23.058 [main] INFO  pl.rest.CustomHooks - Index: 0, Size: 0
2022-01-27_18:30:23.308 [Finalizer] DEBUG o.a.h.i.conn.DefaultClientConnection - Connection 0.0.0.0:55694<->14.143.120.84:443 closed
2022-01-27_18:30:23.389 [main] INFO  pl.rest.service.Authorize - Authorize Rest API URL :- https://apitest.pineperks.in/auth/V2/generate/token
2022-01-27_18:30:23.389 [main] INFO  com.qc.BaseAPI - GET call to URL https://apitest.pineperks.in/auth/V2/generate/token
2022-01-27_18:30:23.395 [main] INFO  com.qc.BaseAPI - ********************REQUEST********************
2022-01-27_18:30:23.412 [main] DEBUG o.a.h.i.c.BasicClientConnectionManager - Get connection for route {s}->https://apitest.pineperks.in:443
2022-01-27_18:30:23.412 [main] DEBUG o.a.h.i.c.DefaultClientConnectionOperator - Connecting to apitest.pineperks.in:443
2022-01-27_18:30:24.416 [main] DEBUG o.a.h.c.protocol.RequestAddCookies - CookieSpec selected: ignoreCookies
2022-01-27_18:30:24.417 [main] DEBUG o.a.h.c.protocol.RequestAuthCache - Auth cache not set in the context
2022-01-27_18:30:24.417 [main] DEBUG o.a.h.c.p.RequestTargetAuthentication - Target auth state: UNCHALLENGED
2022-01-27_18:30:24.417 [main] DEBUG o.a.h.c.p.RequestProxyAuthentication - Proxy auth state: UNCHALLENGED
2022-01-27_18:30:24.417 [main] DEBUG o.a.h.impl.client.DefaultHttpClient - Attempt 1 to execute request
2022-01-27_18:30:24.418 [main] DEBUG o.a.h.i.conn.DefaultClientConnection - Sending request: GET /auth/V2/generate/token HTTP/1.1
2022-01-27_18:30:24.418 [main] DEBUG org.apache.http.wire -  >> "GET /auth/V2/generate/token HTTP/1.1[\r][\n]"
2022-01-27_18:30:24.418 [main] DEBUG org.apache.http.wire -  >> "Content-Type: application/json; charset=UTF-8[\r][\n]"
2022-01-27_18:30:24.418 [main] DEBUG org.apache.http.wire -  >> "X-PinePerks-UserName: A0aCcnPzDANtKmvSLPKcaw==[\r][\n]"
2022-01-27_18:30:24.418 [main] DEBUG org.apache.http.wire -  >> "Accept: */*[\r][\n]"
2022-01-27_18:30:24.418 [main] DEBUG org.apache.http.wire -  >> "Host: apitest.pineperks.in[\r][\n]"
2022-01-27_18:30:24.419 [main] DEBUG org.apache.http.wire -  >> "Connection: Keep-Alive[\r][\n]"
2022-01-27_18:30:24.419 [main] DEBUG org.apache.http.wire -  >> "User-Agent: Apache-HttpClient/4.5.2 (Java/1.8.0_202)[\r][\n]"
2022-01-27_18:30:24.419 [main] DEBUG org.apache.http.wire -  >> "Accept-Encoding: gzip,deflate[\r][\n]"
2022-01-27_18:30:24.419 [main] DEBUG org.apache.http.wire -  >> "[\r][\n]"
2022-01-27_18:30:24.420 [main] DEBUG org.apache.http.headers - >> GET /auth/V2/generate/token HTTP/1.1
2022-01-27_18:30:24.420 [main] DEBUG org.apache.http.headers - >> Content-Type: application/json; charset=UTF-8
2022-01-27_18:30:24.420 [main] DEBUG org.apache.http.headers - >> X-PinePerks-UserName: A0aCcnPzDANtKmvSLPKcaw==
2022-01-27_18:30:24.420 [main] DEBUG org.apache.http.headers - >> Accept: */*
2022-01-27_18:30:24.420 [main] DEBUG org.apache.http.headers - >> Host: apitest.pineperks.in
2022-01-27_18:30:24.420 [main] DEBUG org.apache.http.headers - >> Connection: Keep-Alive
2022-01-27_18:30:24.420 [main] DEBUG org.apache.http.headers - >> User-Agent: Apache-HttpClient/4.5.2 (Java/1.8.0_202)
2022-01-27_18:30:24.420 [main] DEBUG org.apache.http.headers - >> Accept-Encoding: gzip,deflate
2022-01-27_18:30:24.446 [main] DEBUG org.apache.http.wire -  << "HTTP/1.1 200 [\r][\n]"
2022-01-27_18:30:24.446 [main] DEBUG org.apache.http.wire -  << "Access-Control-Allow-Methods: GET, POST[\r][\n]"
2022-01-27_18:30:24.446 [main] DEBUG org.apache.http.wire -  << "Access-Control-Allow-Origin: *[\r][\n]"
2022-01-27_18:30:24.446 [main] DEBUG org.apache.http.wire -  << "Content-Security-Policy: default-src 'none'[\r][\n]"
2022-01-27_18:30:24.446 [main] DEBUG org.apache.http.wire -  << "Feature-Policy: 'none'[\r][\n]"
2022-01-27_18:30:24.446 [main] DEBUG org.apache.http.wire -  << "Referrer-Policy: no-referrer[\r][\n]"
2022-01-27_18:30:24.446 [main] DEBUG org.apache.http.wire -  << "Strict-Transport-Security: max-age=31536000 ; includeSubDomains[\r][\n]"
2022-01-27_18:30:24.446 [main] DEBUG org.apache.http.wire -  << "Date: Thu, 27 Jan 2022 13:00:24 GMT[\r][\n]"
2022-01-27_18:30:24.446 [main] DEBUG org.apache.http.wire -  << "Keep-Alive: timeout=60[\r][\n]"
2022-01-27_18:30:24.446 [main] DEBUG org.apache.http.wire -  << "Content-Type: application/json[\r][\n]"
2022-01-27_18:30:24.446 [main] DEBUG org.apache.http.wire -  << "Transfer-Encoding: chunked[\r][\n]"
2022-01-27_18:30:24.446 [main] DEBUG org.apache.http.wire -  << "Connection: keep-alive[\r][\n]"
2022-01-27_18:30:24.446 [main] DEBUG org.apache.http.wire -  << "[\r][\n]"
2022-01-27_18:30:24.446 [main] DEBUG o.a.h.i.conn.DefaultClientConnection - Receiving response: HTTP/1.1 200 
2022-01-27_18:30:24.447 [main] DEBUG org.apache.http.headers - << HTTP/1.1 200 
2022-01-27_18:30:24.447 [main] DEBUG org.apache.http.headers - << Access-Control-Allow-Methods: GET, POST
2022-01-27_18:30:24.447 [main] DEBUG org.apache.http.headers - << Access-Control-Allow-Origin: *
2022-01-27_18:30:24.447 [main] DEBUG org.apache.http.headers - << Content-Security-Policy: default-src 'none'
2022-01-27_18:30:24.447 [main] DEBUG org.apache.http.headers - << Feature-Policy: 'none'
2022-01-27_18:30:24.447 [main] DEBUG org.apache.http.headers - << Referrer-Policy: no-referrer
2022-01-27_18:30:24.447 [main] DEBUG org.apache.http.headers - << Strict-Transport-Security: max-age=31536000 ; includeSubDomains
2022-01-27_18:30:24.447 [main] DEBUG org.apache.http.headers - << Date: Thu, 27 Jan 2022 13:00:24 GMT
2022-01-27_18:30:24.447 [main] DEBUG org.apache.http.headers - << Keep-Alive: timeout=60
2022-01-27_18:30:24.447 [main] DEBUG org.apache.http.headers - << Content-Type: application/json
2022-01-27_18:30:24.447 [main] DEBUG org.apache.http.headers - << Transfer-Encoding: chunked
2022-01-27_18:30:24.447 [main] DEBUG org.apache.http.headers - << Connection: keep-alive
2022-01-27_18:30:24.447 [main] DEBUG o.a.h.impl.client.DefaultHttpClient - Connection can be kept alive for 60000 MILLISECONDS
2022-01-27_18:30:24.448 [main] DEBUG i.r.i.RequestSpecificationImpl$RestAssuredHttpBuilder - Parsing response as: application/json
2022-01-27_18:30:24.448 [main] DEBUG i.r.i.RequestSpecificationImpl$RestAssuredHttpBuilder - Parsed data to instance of: class org.apache.http.conn.EofSensorInputStream
2022-01-27_18:30:24.448 [main] INFO  com.qc.BaseAPI - Method :GET
2022-01-27_18:30:24.449 [main] INFO  com.qc.BaseAPI - URI :https://apitest.pineperks.in/auth/V2/generate/token
2022-01-27_18:30:24.449 [main] INFO  com.qc.BaseAPI - Headers :X-PinePerks-UserName=A0aCcnPzDANtKmvSLPKcaw==
Accept=*/*
Content-Type=application/json; charset=UTF-8
2022-01-27_18:30:24.449 [main] INFO  com.qc.BaseAPI - Body :null
2022-01-27_18:30:24.449 [main] INFO  com.qc.BaseAPI - ********************RESPONSE********************
2022-01-27_18:30:24.449 [main] DEBUG org.apache.http.wire -  << "7e[\r][\n]"
2022-01-27_18:30:24.449 [main] DEBUG org.apache.http.wire -  << "{"accessToken":"5ce03693fa524728927581974bc06b92","tokenExpiryDate":"2024-01-27","responseCode":0,"responseMessage":"Success"}"
2022-01-27_18:30:24.449 [main] DEBUG org.apache.http.wire -  << "[\r][\n]"
2022-01-27_18:30:24.449 [main] DEBUG org.apache.http.wire -  << "0[\r][\n]"
2022-01-27_18:30:24.449 [main] DEBUG org.apache.http.wire -  << "[\r][\n]"
2022-01-27_18:30:24.449 [main] DEBUG o.a.h.i.c.BasicClientConnectionManager - Releasing connection org.apache.http.impl.conn.ManagedClientConnectionImpl@77977907
2022-01-27_18:30:24.450 [main] DEBUG o.a.h.i.c.BasicClientConnectionManager - Connection can be kept alive for 60000 MILLISECONDS
2022-01-27_18:30:24.450 [main] INFO  com.qc.BaseAPI - Response :{
    "accessToken": "5ce03693fa524728927581974bc06b92",
    "tokenExpiryDate": "2024-01-27",
    "responseCode": 0,
    "responseMessage": "Success"
}
2022-01-27_18:30:24.450 [main] INFO  com.qc.BaseAPI -  **** GET call Response time 1049 ms
2022-01-27_18:30:24.450 [main] INFO  pl.rest.service.Authorize - Time Taken to perform https://apitest.pineperks.in/auth/V2/generate/token transaction: 1049
2022-01-27_18:30:24.454 [main] INFO  p.rest.stepDefs.TransactionsStepDefs - path
2022-01-27_18:30:24.462 [main] DEBUG com.qc.qa.ui.BasePage - No Alert displayed
2022-01-27_18:30:24.563 [main] INFO  com.qc.CukeBase - Closing driver
