2022-02-04_12:35:44.974 [main] INFO  pl.rest.CustomHooks - SCENARIO NAME: Validating the case on marking an card terminated.
2022-02-04_12:35:44.980 [main] INFO  pl.rest.CustomHooks - TAG NAMEs: [@Regression]
2022-02-04_12:35:44.987 [main] INFO  pl.rest.CustomHooks - SCENARIO NAME: Validating the case on marking an card terminated.
2022-02-04_12:35:44.987 [main] INFO  pl.rest.CustomHooks - TAG NAMEs: [@Regression]
2022-02-04_12:35:45.074 [main] INFO  pl.rest.CustomHooks - Index: 0, Size: 0
2022-02-04_12:35:46.252 [main] INFO  com.qc.qa.utils.TestDataReader - Reading API Test Data config values from  testData/api/devAPITestData.properties
2022-02-04_12:35:46.268 [main] INFO  pl.rest.service.Authorize - Authorize Rest API URL :- https://apitest.pineperks.in/auth/V1/generate/token
2022-02-04_12:35:46.269 [main] INFO  com.qc.BaseAPI - GET call to URL https://apitest.pineperks.in/auth/V1/generate/token
2022-02-04_12:35:46.448 [main] INFO  com.qc.BaseAPI - ********************REQUEST********************
2022-02-04_12:35:49.210 [main] DEBUG o.a.h.i.c.BasicClientConnectionManager - Get connection for route {s}->https://apitest.pineperks.in:443
2022-02-04_12:35:49.294 [main] DEBUG o.a.h.i.c.DefaultClientConnectionOperator - Connecting to apitest.pineperks.in:443
2022-02-04_12:35:49.788 [main] DEBUG o.a.h.c.protocol.RequestAddCookies - CookieSpec selected: ignoreCookies
2022-02-04_12:35:49.792 [main] DEBUG o.a.h.c.protocol.RequestAuthCache - Auth cache not set in the context
2022-02-04_12:35:49.792 [main] DEBUG o.a.h.c.p.RequestTargetAuthentication - Target auth state: UNCHALLENGED
2022-02-04_12:35:49.793 [main] DEBUG o.a.h.c.p.RequestProxyAuthentication - Proxy auth state: UNCHALLENGED
2022-02-04_12:35:49.794 [main] DEBUG o.a.h.impl.client.DefaultHttpClient - Attempt 1 to execute request
2022-02-04_12:35:49.795 [main] DEBUG o.a.h.i.conn.DefaultClientConnection - Sending request: GET /auth/V1/generate/token HTTP/1.1
2022-02-04_12:35:49.795 [main] DEBUG org.apache.http.wire -  >> "GET /auth/V1/generate/token HTTP/1.1[\r][\n]"
2022-02-04_12:35:49.797 [main] DEBUG org.apache.http.wire -  >> "Content-Type: application/json; charset=UTF-8[\r][\n]"
2022-02-04_12:35:49.797 [main] DEBUG org.apache.http.wire -  >> "Accept: */*[\r][\n]"
2022-02-04_12:35:49.797 [main] DEBUG org.apache.http.wire -  >> "userName: A0aCcnPzDANtKmvSLPKcaw==[\r][\n]"
2022-02-04_12:35:49.798 [main] DEBUG org.apache.http.wire -  >> "Host: apitest.pineperks.in[\r][\n]"
2022-02-04_12:35:49.798 [main] DEBUG org.apache.http.wire -  >> "Connection: Keep-Alive[\r][\n]"
2022-02-04_12:35:49.798 [main] DEBUG org.apache.http.wire -  >> "User-Agent: Apache-HttpClient/4.5.2 (Java/1.8.0_202)[\r][\n]"
2022-02-04_12:35:49.799 [main] DEBUG org.apache.http.wire -  >> "Accept-Encoding: gzip,deflate[\r][\n]"
2022-02-04_12:35:49.799 [main] DEBUG org.apache.http.wire -  >> "[\r][\n]"
2022-02-04_12:35:49.799 [main] DEBUG org.apache.http.headers - >> GET /auth/V1/generate/token HTTP/1.1
2022-02-04_12:35:49.799 [main] DEBUG org.apache.http.headers - >> Content-Type: application/json; charset=UTF-8
2022-02-04_12:35:49.799 [main] DEBUG org.apache.http.headers - >> Accept: */*
2022-02-04_12:35:49.799 [main] DEBUG org.apache.http.headers - >> userName: A0aCcnPzDANtKmvSLPKcaw==
2022-02-04_12:35:49.800 [main] DEBUG org.apache.http.headers - >> Host: apitest.pineperks.in
2022-02-04_12:35:49.800 [main] DEBUG org.apache.http.headers - >> Connection: Keep-Alive
2022-02-04_12:35:49.800 [main] DEBUG org.apache.http.headers - >> User-Agent: Apache-HttpClient/4.5.2 (Java/1.8.0_202)
2022-02-04_12:35:49.800 [main] DEBUG org.apache.http.headers - >> Accept-Encoding: gzip,deflate
2022-02-04_12:35:49.859 [main] DEBUG org.apache.http.wire -  << "HTTP/1.1 200 [\r][\n]"
2022-02-04_12:35:49.862 [main] DEBUG org.apache.http.wire -  << "Access-Control-Allow-Methods: GET, POST[\r][\n]"
2022-02-04_12:35:49.863 [main] DEBUG org.apache.http.wire -  << "Access-Control-Allow-Origin: *[\r][\n]"
2022-02-04_12:35:49.863 [main] DEBUG org.apache.http.wire -  << "Content-Security-Policy: default-src 'none'[\r][\n]"
2022-02-04_12:35:49.863 [main] DEBUG org.apache.http.wire -  << "Feature-Policy: 'none'[\r][\n]"
2022-02-04_12:35:49.863 [main] DEBUG org.apache.http.wire -  << "Referrer-Policy: no-referrer[\r][\n]"
2022-02-04_12:35:49.864 [main] DEBUG org.apache.http.wire -  << "Strict-Transport-Security: max-age=31536000 ; includeSubDomains[\r][\n]"
2022-02-04_12:35:49.864 [main] DEBUG org.apache.http.wire -  << "Date: Fri, 04 Feb 2022 07:05:49 GMT[\r][\n]"
2022-02-04_12:35:49.864 [main] DEBUG org.apache.http.wire -  << "Keep-Alive: timeout=60[\r][\n]"
2022-02-04_12:35:49.864 [main] DEBUG org.apache.http.wire -  << "Content-Type: application/json[\r][\n]"
2022-02-04_12:35:49.865 [main] DEBUG org.apache.http.wire -  << "Transfer-Encoding: chunked[\r][\n]"
2022-02-04_12:35:49.865 [main] DEBUG org.apache.http.wire -  << "Connection: keep-alive[\r][\n]"
2022-02-04_12:35:49.866 [main] DEBUG org.apache.http.wire -  << "[\r][\n]"
2022-02-04_12:35:49.867 [main] DEBUG o.a.h.i.conn.DefaultClientConnection - Receiving response: HTTP/1.1 200 
2022-02-04_12:35:49.867 [main] DEBUG org.apache.http.headers - << HTTP/1.1 200 
2022-02-04_12:35:49.868 [main] DEBUG org.apache.http.headers - << Access-Control-Allow-Methods: GET, POST
2022-02-04_12:35:49.868 [main] DEBUG org.apache.http.headers - << Access-Control-Allow-Origin: *
2022-02-04_12:35:49.868 [main] DEBUG org.apache.http.headers - << Content-Security-Policy: default-src 'none'
2022-02-04_12:35:49.869 [main] DEBUG org.apache.http.headers - << Feature-Policy: 'none'
2022-02-04_12:35:49.869 [main] DEBUG org.apache.http.headers - << Referrer-Policy: no-referrer
2022-02-04_12:35:49.869 [main] DEBUG org.apache.http.headers - << Strict-Transport-Security: max-age=31536000 ; includeSubDomains
2022-02-04_12:35:49.870 [main] DEBUG org.apache.http.headers - << Date: Fri, 04 Feb 2022 07:05:49 GMT
2022-02-04_12:35:49.870 [main] DEBUG org.apache.http.headers - << Keep-Alive: timeout=60
2022-02-04_12:35:49.870 [main] DEBUG org.apache.http.headers - << Content-Type: application/json
2022-02-04_12:35:49.870 [main] DEBUG org.apache.http.headers - << Transfer-Encoding: chunked
2022-02-04_12:35:49.870 [main] DEBUG org.apache.http.headers - << Connection: keep-alive
2022-02-04_12:35:49.881 [main] DEBUG o.a.h.impl.client.DefaultHttpClient - Connection can be kept alive for 60000 MILLISECONDS
2022-02-04_12:35:49.906 [main] DEBUG i.r.i.RequestSpecificationImpl$RestAssuredHttpBuilder - Parsing response as: application/json
2022-02-04_12:35:49.907 [main] DEBUG i.r.i.RequestSpecificationImpl$RestAssuredHttpBuilder - Parsed data to instance of: class org.apache.http.conn.EofSensorInputStream
2022-02-04_12:35:49.920 [main] INFO  com.qc.BaseAPI - Method :GET
2022-02-04_12:35:49.921 [main] INFO  com.qc.BaseAPI - URI :https://apitest.pineperks.in/auth/V1/generate/token
2022-02-04_12:35:49.922 [main] INFO  com.qc.BaseAPI - Headers :userName=A0aCcnPzDANtKmvSLPKcaw==
Accept=*/*
Content-Type=application/json; charset=UTF-8
2022-02-04_12:35:49.922 [main] INFO  com.qc.BaseAPI - Body :null
2022-02-04_12:35:49.922 [main] INFO  com.qc.BaseAPI - ********************RESPONSE********************
2022-02-04_12:35:49.932 [main] DEBUG org.apache.http.wire -  << "7f[\r][\n]"
2022-02-04_12:35:49.932 [main] DEBUG org.apache.http.wire -  << "{"accessToken":"46d817a3378b4509be50a470c2958c3d","tokenExpiryTime":"04-Feb-2024","responseCode":0,"responseMessage":"Success"}"
2022-02-04_12:35:49.933 [main] DEBUG org.apache.http.wire -  << "[\r][\n]"
2022-02-04_12:35:49.933 [main] DEBUG org.apache.http.wire -  << "0[\r][\n]"
2022-02-04_12:35:49.934 [main] DEBUG org.apache.http.wire -  << "[\r][\n]"
2022-02-04_12:35:49.934 [main] DEBUG o.a.h.i.c.BasicClientConnectionManager - Releasing connection org.apache.http.impl.conn.ManagedClientConnectionImpl@12aa9674
2022-02-04_12:35:49.934 [main] DEBUG o.a.h.i.c.BasicClientConnectionManager - Connection can be kept alive for 60000 MILLISECONDS
2022-02-04_12:35:49.967 [main] INFO  com.qc.BaseAPI - Response :{
    "accessToken": "46d817a3378b4509be50a470c2958c3d",
    "tokenExpiryTime": "04-Feb-2024",
    "responseCode": 0,
    "responseMessage": "Success"
}
2022-02-04_12:35:49.969 [main] INFO  com.qc.BaseAPI -  **** GET call Response time 3457 ms
2022-02-04_12:35:49.970 [main] INFO  pl.rest.service.Authorize - Time Taken to perform https://apitest.pineperks.in/auth/V1/generate/token transaction: 3457
2022-02-04_12:35:50.058 [main] INFO  pl.rest.utils.DBUtils - Query being executed Select * from card where isDummyCard=1 and corporateid=6;
2022-02-04_12:35:50.115 [main] ERROR com.qc.qa.utils.LoadProperties - Missing MySQLDBEnvironment property value in system property or in config.properties files.Please add it if incase required
2022-02-04_12:35:50.116 [main] INFO  com.qc.qa.dbutils.DBPoolProvider - Con pool Total - 400, idle - 0,  Num active - 0
2022-02-04_12:35:50.116 [main] INFO  com.qc.qa.dbutils.DBPoolProvider - Retrieved connection
2022-02-04_12:35:57.245 [main] INFO  com.qc.qa.utils.TestDataReader - Reading Json data authorizeHeaders
2022-02-04_12:35:57.253 [main] INFO  com.qc.qa.utils.TestDataReader - Reading json data from file @ testData/api/devAPIData.json
2022-02-04_12:35:57.293 [main] INFO  pl.rest.service.CardIssue - CardIssue Rest API URL :- https://apitest.pineperks.in/card/order/V1/instant/issue/nonreloadable/physical
2022-02-04_12:35:57.294 [main] INFO  com.qc.BaseAPI - POST call to URL https://apitest.pineperks.in/card/order/V1/instant/issue/nonreloadable/physical
2022-02-04_12:35:57.314 [main] INFO  com.qc.BaseAPI - ********************REQUEST********************
2022-02-04_12:35:57.368 [main] DEBUG o.a.h.i.c.BasicClientConnectionManager - Get connection for route {s}->https://apitest.pineperks.in:443
2022-02-04_12:35:57.369 [main] DEBUG o.a.h.i.c.DefaultClientConnectionOperator - Connecting to apitest.pineperks.in:443
2022-02-04_12:35:57.498 [main] DEBUG o.a.h.c.protocol.RequestAddCookies - CookieSpec selected: ignoreCookies
2022-02-04_12:35:57.498 [main] DEBUG o.a.h.c.protocol.RequestAuthCache - Auth cache not set in the context
2022-02-04_12:35:57.498 [main] DEBUG o.a.h.c.p.RequestTargetAuthentication - Target auth state: UNCHALLENGED
2022-02-04_12:35:57.498 [main] DEBUG o.a.h.c.p.RequestProxyAuthentication - Proxy auth state: UNCHALLENGED
2022-02-04_12:35:57.498 [main] DEBUG o.a.h.impl.client.DefaultHttpClient - Attempt 1 to execute request
2022-02-04_12:35:57.499 [main] DEBUG o.a.h.i.conn.DefaultClientConnection - Sending request: POST /card/order/V1/instant/issue/nonreloadable/physical HTTP/1.1
2022-02-04_12:35:57.499 [main] DEBUG org.apache.http.wire -  >> "POST /card/order/V1/instant/issue/nonreloadable/physical HTTP/1.1[\r][\n]"
2022-02-04_12:35:57.500 [main] DEBUG org.apache.http.wire -  >> "Accept: */*[\r][\n]"
2022-02-04_12:35:57.500 [main] DEBUG org.apache.http.wire -  >> "userName: A0aCcnPzDANtKmvSLPKcaw==[\r][\n]"
2022-02-04_12:35:57.500 [main] DEBUG org.apache.http.wire -  >> "token: 46d817a3378b4509be50a470c2958c3d[\r][\n]"
2022-02-04_12:35:57.500 [main] DEBUG org.apache.http.wire -  >> "Content-Type: application/json; charset=UTF-8[\r][\n]"
2022-02-04_12:35:57.500 [main] DEBUG org.apache.http.wire -  >> "Content-Length: 280[\r][\n]"
2022-02-04_12:35:57.500 [main] DEBUG org.apache.http.wire -  >> "Host: apitest.pineperks.in[\r][\n]"
2022-02-04_12:35:57.500 [main] DEBUG org.apache.http.wire -  >> "Connection: Keep-Alive[\r][\n]"
2022-02-04_12:35:57.500 [main] DEBUG org.apache.http.wire -  >> "User-Agent: Apache-HttpClient/4.5.2 (Java/1.8.0_202)[\r][\n]"
2022-02-04_12:35:57.501 [main] DEBUG org.apache.http.wire -  >> "Accept-Encoding: gzip,deflate[\r][\n]"
2022-02-04_12:35:57.501 [main] DEBUG org.apache.http.wire -  >> "[\r][\n]"
2022-02-04_12:35:57.501 [main] DEBUG org.apache.http.headers - >> POST /card/order/V1/instant/issue/nonreloadable/physical HTTP/1.1
2022-02-04_12:35:57.501 [main] DEBUG org.apache.http.headers - >> Accept: */*
2022-02-04_12:35:57.501 [main] DEBUG org.apache.http.headers - >> userName: A0aCcnPzDANtKmvSLPKcaw==
2022-02-04_12:35:57.501 [main] DEBUG org.apache.http.headers - >> token: 46d817a3378b4509be50a470c2958c3d
2022-02-04_12:35:57.501 [main] DEBUG org.apache.http.headers - >> Content-Type: application/json; charset=UTF-8
2022-02-04_12:35:57.501 [main] DEBUG org.apache.http.headers - >> Content-Length: 280
2022-02-04_12:35:57.502 [main] DEBUG org.apache.http.headers - >> Host: apitest.pineperks.in
2022-02-04_12:35:57.503 [main] DEBUG org.apache.http.headers - >> Connection: Keep-Alive
2022-02-04_12:35:57.503 [main] DEBUG org.apache.http.headers - >> User-Agent: Apache-HttpClient/4.5.2 (Java/1.8.0_202)
2022-02-04_12:35:57.503 [main] DEBUG org.apache.http.headers - >> Accept-Encoding: gzip,deflate
2022-02-04_12:35:57.503 [main] DEBUG org.apache.http.wire -  >> "{"pinMode":"1","checksum":"5x3GNrnStyS2PkMvV6EeAw==","cardDetailList":[{"amount":"1000","serialNumber":null,"referenceNumber":"8338671553","mobileNumber":"8284854535","customerName":"APITestOne","email":null}],"externalRequestId":"Sd1FhBx","cardSchemeId":"7","cardIdentifier":"1"}"
2022-02-04_12:35:57.894 [main] DEBUG org.apache.http.wire -  << "HTTP/1.1 200 [\r][\n]"
2022-02-04_12:35:57.895 [main] DEBUG org.apache.http.wire -  << "Access-Control-Allow-Methods: GET, POST[\r][\n]"
2022-02-04_12:35:57.895 [main] DEBUG org.apache.http.wire -  << "Access-Control-Allow-Origin: *[\r][\n]"
2022-02-04_12:35:57.895 [main] DEBUG org.apache.http.wire -  << "Content-Security-Policy: default-src 'none'[\r][\n]"
2022-02-04_12:35:57.895 [main] DEBUG org.apache.http.wire -  << "Feature-Policy: 'none'[\r][\n]"
2022-02-04_12:35:57.895 [main] DEBUG org.apache.http.wire -  << "Referrer-Policy: no-referrer[\r][\n]"
2022-02-04_12:35:57.895 [main] DEBUG org.apache.http.wire -  << "Strict-Transport-Security: max-age=31536000 ; includeSubDomains[\r][\n]"
2022-02-04_12:35:57.895 [main] DEBUG org.apache.http.wire -  << "Date: Fri, 04 Feb 2022 07:05:57 GMT[\r][\n]"
2022-02-04_12:35:57.895 [main] DEBUG org.apache.http.wire -  << "Keep-Alive: timeout=60[\r][\n]"
2022-02-04_12:35:57.895 [main] DEBUG org.apache.http.wire -  << "Content-Type: application/json[\r][\n]"
2022-02-04_12:35:57.895 [main] DEBUG org.apache.http.wire -  << "Transfer-Encoding: chunked[\r][\n]"
2022-02-04_12:35:57.897 [main] DEBUG org.apache.http.wire -  << "Connection: keep-alive[\r][\n]"
2022-02-04_12:35:57.897 [main] DEBUG org.apache.http.wire -  << "[\r][\n]"
2022-02-04_12:35:57.897 [main] DEBUG o.a.h.i.conn.DefaultClientConnection - Receiving response: HTTP/1.1 200 
2022-02-04_12:35:57.897 [main] DEBUG org.apache.http.headers - << HTTP/1.1 200 
2022-02-04_12:35:57.897 [main] DEBUG org.apache.http.headers - << Access-Control-Allow-Methods: GET, POST
2022-02-04_12:35:57.897 [main] DEBUG org.apache.http.headers - << Access-Control-Allow-Origin: *
2022-02-04_12:35:57.897 [main] DEBUG org.apache.http.headers - << Content-Security-Policy: default-src 'none'
2022-02-04_12:35:57.897 [main] DEBUG org.apache.http.headers - << Feature-Policy: 'none'
2022-02-04_12:35:57.897 [main] DEBUG org.apache.http.headers - << Referrer-Policy: no-referrer
2022-02-04_12:35:57.897 [main] DEBUG org.apache.http.headers - << Strict-Transport-Security: max-age=31536000 ; includeSubDomains
2022-02-04_12:35:57.897 [main] DEBUG org.apache.http.headers - << Date: Fri, 04 Feb 2022 07:05:57 GMT
2022-02-04_12:35:57.897 [main] DEBUG org.apache.http.headers - << Keep-Alive: timeout=60
2022-02-04_12:35:57.897 [main] DEBUG org.apache.http.headers - << Content-Type: application/json
2022-02-04_12:35:57.898 [main] DEBUG org.apache.http.headers - << Transfer-Encoding: chunked
2022-02-04_12:35:57.898 [main] DEBUG org.apache.http.headers - << Connection: keep-alive
2022-02-04_12:35:57.898 [main] DEBUG o.a.h.impl.client.DefaultHttpClient - Connection can be kept alive for 60000 MILLISECONDS
2022-02-04_12:35:57.898 [main] DEBUG i.r.i.RequestSpecificationImpl$RestAssuredHttpBuilder - Parsing response as: application/json
2022-02-04_12:35:57.898 [main] DEBUG i.r.i.RequestSpecificationImpl$RestAssuredHttpBuilder - Parsed data to instance of: class org.apache.http.conn.EofSensorInputStream
2022-02-04_12:35:57.900 [main] INFO  com.qc.BaseAPI - Method :POST
2022-02-04_12:35:57.903 [main] INFO  com.qc.BaseAPI - URI :https://apitest.pineperks.in/card/order/V1/instant/issue/nonreloadable/physical
2022-02-04_12:35:57.903 [main] INFO  com.qc.BaseAPI - Headers :token=46d817a3378b4509be50a470c2958c3d
userName=A0aCcnPzDANtKmvSLPKcaw==
Accept=*/*
Content-Type=application/json; charset=UTF-8
2022-02-04_12:35:57.903 [main] INFO  com.qc.BaseAPI - Body :{"pinMode":"1","checksum":"5x3GNrnStyS2PkMvV6EeAw==","cardDetailList":[{"amount":"1000","serialNumber":null,"referenceNumber":"8338671553","mobileNumber":"8284854535","customerName":"APITestOne","email":null}],"externalRequestId":"Sd1FhBx","cardSchemeId":"7","cardIdentifier":"1"}
2022-02-04_12:35:57.903 [main] INFO  com.qc.BaseAPI - ********************RESPONSE********************
2022-02-04_12:35:57.903 [main] DEBUG org.apache.http.wire -  << "1c0[\r][\n]"
2022-02-04_12:35:57.903 [main] DEBUG org.apache.http.wire -  << "{"externalRequestId":"Sd1FhBx","orderId":103269,"orderStatus":6,"cardDetailResponseList":[{"referenceNumber":8338671553,"serialNumber":null,"customerName":"APITestOne","mobileNumber":8284854535,"email":null,"amount":1000,"cardLink":null,"responseCode":201,"responseMessage":"Card account type does not match"}],"successCount":0,"failedCount":1,"orderAmount":1000,"issuanceCharge":100,"netOrderAmount":0,"responseCode":0,"responseMessage":"Success"}"
2022-02-04_12:35:57.903 [main] DEBUG org.apache.http.wire -  << "[\r][\n]"
2022-02-04_12:35:57.904 [main] DEBUG org.apache.http.wire -  << "0[\r][\n]"
2022-02-04_12:35:57.904 [main] DEBUG org.apache.http.wire -  << "[\r][\n]"
2022-02-04_12:35:57.904 [main] DEBUG o.a.h.i.c.BasicClientConnectionManager - Releasing connection org.apache.http.impl.conn.ManagedClientConnectionImpl@437a84d1
2022-02-04_12:35:57.904 [main] DEBUG o.a.h.i.c.BasicClientConnectionManager - Connection can be kept alive for 60000 MILLISECONDS
2022-02-04_12:35:57.906 [main] INFO  com.qc.BaseAPI - Response :{
    "externalRequestId": "Sd1FhBx",
    "orderId": 103269,
    "orderStatus": 6,
    "cardDetailResponseList": [
        {
            "referenceNumber": 8338671553,
            "serialNumber": null,
            "customerName": "APITestOne",
            "mobileNumber": 8284854535,
            "email": null,
            "amount": 1000,
            "cardLink": null,
            "responseCode": 201,
            "responseMessage": "Card account type does not match"
        }
    ],
    "successCount": 0,
    "failedCount": 1,
    "orderAmount": 1000,
    "issuanceCharge": 100,
    "netOrderAmount": 0,
    "responseCode": 0,
    "responseMessage": "Success"
}
2022-02-04_12:35:57.906 [main] INFO  com.qc.BaseAPI -  **** POST call Response time 580 ms
2022-02-04_12:35:57.906 [main] INFO  pl.rest.service.CardIssue - Time Taken to perform https://apitest.pineperks.in/card/order/V1/instant/issue/nonreloadable/physical transaction: 580
2022-02-04_12:35:57.920 [main] INFO  com.qc.qa.utils.TestDataReader - Reading Json data authorizeHeaders
2022-02-04_12:35:57.925 [main] INFO  com.qc.qa.utils.TestDataReader - Reading json data from file @ testData/api/devAPIData.json
2022-02-04_12:35:57.925 [main] INFO  pl.rest.service.CardUpdate - CardIssue Rest API URL :- https://apitest.pineperks.in/card/profile/V1/admin/status/update
2022-02-04_12:35:57.925 [main] INFO  com.qc.BaseAPI - POST call to URL https://apitest.pineperks.in/card/profile/V1/admin/status/update
2022-02-04_12:35:57.930 [main] INFO  com.qc.BaseAPI - ********************REQUEST********************
2022-02-04_12:35:57.942 [main] DEBUG o.a.h.i.c.BasicClientConnectionManager - Get connection for route {s}->https://apitest.pineperks.in:443
2022-02-04_12:35:57.942 [main] DEBUG o.a.h.i.c.DefaultClientConnectionOperator - Connecting to apitest.pineperks.in:443
2022-02-04_12:35:58.060 [main] DEBUG o.a.h.c.protocol.RequestAddCookies - CookieSpec selected: ignoreCookies
2022-02-04_12:35:58.060 [main] DEBUG o.a.h.c.protocol.RequestAuthCache - Auth cache not set in the context
2022-02-04_12:35:58.061 [main] DEBUG o.a.h.c.p.RequestTargetAuthentication - Target auth state: UNCHALLENGED
2022-02-04_12:35:58.061 [main] DEBUG o.a.h.c.p.RequestProxyAuthentication - Proxy auth state: UNCHALLENGED
2022-02-04_12:35:58.061 [main] DEBUG o.a.h.impl.client.DefaultHttpClient - Attempt 1 to execute request
2022-02-04_12:35:58.061 [main] DEBUG o.a.h.i.conn.DefaultClientConnection - Sending request: POST /card/profile/V1/admin/status/update HTTP/1.1
2022-02-04_12:35:58.062 [main] DEBUG org.apache.http.wire -  >> "POST /card/profile/V1/admin/status/update HTTP/1.1[\r][\n]"
2022-02-04_12:35:58.062 [main] DEBUG org.apache.http.wire -  >> "Accept: */*[\r][\n]"
2022-02-04_12:35:58.062 [main] DEBUG org.apache.http.wire -  >> "userName: A0aCcnPzDANtKmvSLPKcaw==[\r][\n]"
2022-02-04_12:35:58.062 [main] DEBUG org.apache.http.wire -  >> "token: 46d817a3378b4509be50a470c2958c3d[\r][\n]"
2022-02-04_12:35:58.062 [main] DEBUG org.apache.http.wire -  >> "Content-Type: application/json; charset=UTF-8[\r][\n]"
2022-02-04_12:35:58.063 [main] DEBUG org.apache.http.wire -  >> "Content-Length: 113[\r][\n]"
2022-02-04_12:35:58.063 [main] DEBUG org.apache.http.wire -  >> "Host: apitest.pineperks.in[\r][\n]"
2022-02-04_12:35:58.063 [main] DEBUG org.apache.http.wire -  >> "Connection: Keep-Alive[\r][\n]"
2022-02-04_12:35:58.063 [main] DEBUG org.apache.http.wire -  >> "User-Agent: Apache-HttpClient/4.5.2 (Java/1.8.0_202)[\r][\n]"
2022-02-04_12:35:58.063 [main] DEBUG org.apache.http.wire -  >> "Accept-Encoding: gzip,deflate[\r][\n]"
2022-02-04_12:35:58.063 [main] DEBUG org.apache.http.wire -  >> "[\r][\n]"
2022-02-04_12:35:58.063 [main] DEBUG org.apache.http.headers - >> POST /card/profile/V1/admin/status/update HTTP/1.1
2022-02-04_12:35:58.063 [main] DEBUG org.apache.http.headers - >> Accept: */*
2022-02-04_12:35:58.063 [main] DEBUG org.apache.http.headers - >> userName: A0aCcnPzDANtKmvSLPKcaw==
2022-02-04_12:35:58.064 [main] DEBUG org.apache.http.headers - >> token: 46d817a3378b4509be50a470c2958c3d
2022-02-04_12:35:58.064 [main] DEBUG org.apache.http.headers - >> Content-Type: application/json; charset=UTF-8
2022-02-04_12:35:58.064 [main] DEBUG org.apache.http.headers - >> Content-Length: 113
2022-02-04_12:35:58.064 [main] DEBUG org.apache.http.headers - >> Host: apitest.pineperks.in
2022-02-04_12:35:58.065 [main] DEBUG org.apache.http.headers - >> Connection: Keep-Alive
2022-02-04_12:35:58.065 [main] DEBUG org.apache.http.headers - >> User-Agent: Apache-HttpClient/4.5.2 (Java/1.8.0_202)
2022-02-04_12:35:58.065 [main] DEBUG org.apache.http.headers - >> Accept-Encoding: gzip,deflate
2022-02-04_12:35:58.065 [main] DEBUG org.apache.http.wire -  >> "{"remarks":"Test","cardStatusUpdateRequestList":[{"reason":"1","referenceNumber":"8338671553","cardStatus":"4"}]}"
2022-02-04_12:35:58.138 [main] DEBUG org.apache.http.wire -  << "HTTP/1.1 200 [\r][\n]"
2022-02-04_12:35:58.138 [main] DEBUG org.apache.http.wire -  << "Access-Control-Allow-Methods: GET, POST[\r][\n]"
2022-02-04_12:35:58.139 [main] DEBUG org.apache.http.wire -  << "Access-Control-Allow-Origin: *[\r][\n]"
2022-02-04_12:35:58.139 [main] DEBUG org.apache.http.wire -  << "Content-Security-Policy: default-src 'none'[\r][\n]"
2022-02-04_12:35:58.139 [main] DEBUG org.apache.http.wire -  << "Feature-Policy: 'none'[\r][\n]"
2022-02-04_12:35:58.139 [main] DEBUG org.apache.http.wire -  << "Referrer-Policy: no-referrer[\r][\n]"
2022-02-04_12:35:58.140 [main] DEBUG org.apache.http.wire -  << "Strict-Transport-Security: max-age=31536000 ; includeSubDomains[\r][\n]"
2022-02-04_12:35:58.140 [main] DEBUG org.apache.http.wire -  << "Date: Fri, 04 Feb 2022 07:05:57 GMT[\r][\n]"
2022-02-04_12:35:58.140 [main] DEBUG org.apache.http.wire -  << "Keep-Alive: timeout=60[\r][\n]"
2022-02-04_12:35:58.140 [main] DEBUG org.apache.http.wire -  << "Content-Type: application/json[\r][\n]"
2022-02-04_12:35:58.141 [main] DEBUG org.apache.http.wire -  << "Transfer-Encoding: chunked[\r][\n]"
2022-02-04_12:35:58.141 [main] DEBUG org.apache.http.wire -  << "Connection: keep-alive[\r][\n]"
2022-02-04_12:35:58.141 [main] DEBUG org.apache.http.wire -  << "[\r][\n]"
2022-02-04_12:35:58.141 [main] DEBUG o.a.h.i.conn.DefaultClientConnection - Receiving response: HTTP/1.1 200 
2022-02-04_12:35:58.142 [main] DEBUG org.apache.http.headers - << HTTP/1.1 200 
2022-02-04_12:35:58.142 [main] DEBUG org.apache.http.headers - << Access-Control-Allow-Methods: GET, POST
2022-02-04_12:35:58.142 [main] DEBUG org.apache.http.headers - << Access-Control-Allow-Origin: *
2022-02-04_12:35:58.142 [main] DEBUG org.apache.http.headers - << Content-Security-Policy: default-src 'none'
2022-02-04_12:35:58.142 [main] DEBUG org.apache.http.headers - << Feature-Policy: 'none'
2022-02-04_12:35:58.142 [main] DEBUG org.apache.http.headers - << Referrer-Policy: no-referrer
2022-02-04_12:35:58.142 [main] DEBUG org.apache.http.headers - << Strict-Transport-Security: max-age=31536000 ; includeSubDomains
2022-02-04_12:35:58.143 [main] DEBUG org.apache.http.headers - << Date: Fri, 04 Feb 2022 07:05:57 GMT
2022-02-04_12:35:58.143 [main] DEBUG org.apache.http.headers - << Keep-Alive: timeout=60
2022-02-04_12:35:58.143 [main] DEBUG org.apache.http.headers - << Content-Type: application/json
2022-02-04_12:35:58.143 [main] DEBUG org.apache.http.headers - << Transfer-Encoding: chunked
2022-02-04_12:35:58.143 [main] DEBUG org.apache.http.headers - << Connection: keep-alive
2022-02-04_12:35:58.143 [main] DEBUG o.a.h.impl.client.DefaultHttpClient - Connection can be kept alive for 60000 MILLISECONDS
2022-02-04_12:35:58.144 [main] DEBUG i.r.i.RequestSpecificationImpl$RestAssuredHttpBuilder - Parsing response as: application/json
2022-02-04_12:35:58.144 [main] DEBUG i.r.i.RequestSpecificationImpl$RestAssuredHttpBuilder - Parsed data to instance of: class org.apache.http.conn.EofSensorInputStream
2022-02-04_12:35:58.145 [main] INFO  com.qc.BaseAPI - Method :POST
2022-02-04_12:35:58.147 [main] INFO  com.qc.BaseAPI - URI :https://apitest.pineperks.in/card/profile/V1/admin/status/update
2022-02-04_12:35:58.147 [main] INFO  com.qc.BaseAPI - Headers :token=46d817a3378b4509be50a470c2958c3d
userName=A0aCcnPzDANtKmvSLPKcaw==
Accept=*/*
Content-Type=application/json; charset=UTF-8
2022-02-04_12:35:58.147 [main] INFO  com.qc.BaseAPI - Body :{"remarks":"Test","cardStatusUpdateRequestList":[{"reason":"1","referenceNumber":"8338671553","cardStatus":"4"}]}
2022-02-04_12:35:58.147 [main] INFO  com.qc.BaseAPI - ********************RESPONSE********************
2022-02-04_12:35:58.148 [main] DEBUG org.apache.http.wire -  << "d1[\r][\n]"
2022-02-04_12:35:58.148 [main] DEBUG org.apache.http.wire -  << "{"cardStatusUpdateResponseList":[{"referenceNumber":8338671553,"responseCode":260,"responseMessage":"Request cannot be processed for dummy card"}],"remarks":"Test","responseCode":0,"responseMessage":"Success"}"
2022-02-04_12:35:58.149 [main] DEBUG org.apache.http.wire -  << "[\r][\n]"
2022-02-04_12:35:58.149 [main] DEBUG org.apache.http.wire -  << "0[\r][\n]"
2022-02-04_12:35:58.150 [main] DEBUG org.apache.http.wire -  << "[\r][\n]"
2022-02-04_12:35:58.150 [main] DEBUG o.a.h.i.c.BasicClientConnectionManager - Releasing connection org.apache.http.impl.conn.ManagedClientConnectionImpl@3f9d5896
2022-02-04_12:35:58.150 [main] DEBUG o.a.h.i.c.BasicClientConnectionManager - Connection can be kept alive for 60000 MILLISECONDS
2022-02-04_12:35:58.152 [main] INFO  com.qc.BaseAPI - Response :{
    "cardStatusUpdateResponseList": [
        {
            "referenceNumber": 8338671553,
            "responseCode": 260,
            "responseMessage": "Request cannot be processed for dummy card"
        }
    ],
    "remarks": "Test",
    "responseCode": 0,
    "responseMessage": "Success"
}
2022-02-04_12:35:58.152 [main] INFO  com.qc.BaseAPI -  **** POST call Response time 213 ms
2022-02-04_12:35:58.152 [main] INFO  pl.rest.service.CardUpdate - Time Taken to perform https://apitest.pineperks.in/card/profile/V1/admin/status/update transaction: 213
2022-02-04_12:35:58.813 [Finalizer] DEBUG o.a.h.i.conn.DefaultClientConnection - Connection 0.0.0.0:50699<->14.143.120.84:443 closed
