2021-12-16_17:24:53.472 [main] INFO  com.qc.qa.utils.TestDataReader - Reading API Test Data config values from  testData/api/devAPITestData.properties
2021-12-16_17:24:53.480 [main] INFO  pl.rest.service.Authorize - Authorize Rest API URL :- https://apitest.pineperks.in/auth/V1/generate/token
2021-12-16_17:24:53.480 [main] INFO  com.qc.BaseAPI - GET call to URL https://apitest.pineperks.in/auth/V1/generate/token
2021-12-16_17:24:53.660 [main] INFO  com.qc.BaseAPI - ********************REQUEST********************
2021-12-16_17:24:55.042 [main] DEBUG o.a.h.i.c.BasicClientConnectionManager - Get connection for route {s}->https://apitest.pineperks.in:443
2021-12-16_17:24:55.363 [main] DEBUG o.a.h.i.c.DefaultClientConnectionOperator - Connecting to apitest.pineperks.in:443
2021-12-16_17:24:56.140 [main] DEBUG o.a.h.c.protocol.RequestAddCookies - CookieSpec selected: ignoreCookies
2021-12-16_17:24:56.141 [main] DEBUG o.a.h.c.protocol.RequestAuthCache - Auth cache not set in the context
2021-12-16_17:24:56.142 [main] DEBUG o.a.h.c.p.RequestTargetAuthentication - Target auth state: UNCHALLENGED
2021-12-16_17:24:56.142 [main] DEBUG o.a.h.c.p.RequestProxyAuthentication - Proxy auth state: UNCHALLENGED
2021-12-16_17:24:56.143 [main] DEBUG o.a.h.impl.client.DefaultHttpClient - Attempt 1 to execute request
2021-12-16_17:24:56.143 [main] DEBUG o.a.h.i.conn.DefaultClientConnection - Sending request: GET /auth/V1/generate/token HTTP/1.1
2021-12-16_17:24:56.143 [main] DEBUG org.apache.http.wire -  >> "GET /auth/V1/generate/token HTTP/1.1[\r][\n]"
2021-12-16_17:24:56.144 [main] DEBUG org.apache.http.wire -  >> "Content-Type: application/json; charset=UTF-8[\r][\n]"
2021-12-16_17:24:56.144 [main] DEBUG org.apache.http.wire -  >> "Accept: */*[\r][\n]"
2021-12-16_17:24:56.144 [main] DEBUG org.apache.http.wire -  >> "userName: t3azPwts/6OSPTFxhCdYug==[\r][\n]"
2021-12-16_17:24:56.144 [main] DEBUG org.apache.http.wire -  >> "Host: apitest.pineperks.in[\r][\n]"
2021-12-16_17:24:56.144 [main] DEBUG org.apache.http.wire -  >> "Connection: Keep-Alive[\r][\n]"
2021-12-16_17:24:56.145 [main] DEBUG org.apache.http.wire -  >> "User-Agent: Apache-HttpClient/4.5.2 (Java/1.8.0_202)[\r][\n]"
2021-12-16_17:24:56.145 [main] DEBUG org.apache.http.wire -  >> "Accept-Encoding: gzip,deflate[\r][\n]"
2021-12-16_17:24:56.145 [main] DEBUG org.apache.http.wire -  >> "[\r][\n]"
2021-12-16_17:24:56.145 [main] DEBUG org.apache.http.headers - >> GET /auth/V1/generate/token HTTP/1.1
2021-12-16_17:24:56.145 [main] DEBUG org.apache.http.headers - >> Content-Type: application/json; charset=UTF-8
2021-12-16_17:24:56.145 [main] DEBUG org.apache.http.headers - >> Accept: */*
2021-12-16_17:24:56.145 [main] DEBUG org.apache.http.headers - >> userName: t3azPwts/6OSPTFxhCdYug==
2021-12-16_17:24:56.145 [main] DEBUG org.apache.http.headers - >> Host: apitest.pineperks.in
2021-12-16_17:24:56.145 [main] DEBUG org.apache.http.headers - >> Connection: Keep-Alive
2021-12-16_17:24:56.145 [main] DEBUG org.apache.http.headers - >> User-Agent: Apache-HttpClient/4.5.2 (Java/1.8.0_202)
2021-12-16_17:24:56.145 [main] DEBUG org.apache.http.headers - >> Accept-Encoding: gzip,deflate
2021-12-16_17:24:56.280 [main] DEBUG org.apache.http.wire -  << "HTTP/1.1 200 [\r][\n]"
2021-12-16_17:24:56.283 [main] DEBUG org.apache.http.wire -  << "Access-Control-Allow-Methods: GET, POST[\r][\n]"
2021-12-16_17:24:56.284 [main] DEBUG org.apache.http.wire -  << "Access-Control-Allow-Origin: *[\r][\n]"
2021-12-16_17:24:56.284 [main] DEBUG org.apache.http.wire -  << "Content-Security-Policy: default-src 'none'[\r][\n]"
2021-12-16_17:24:56.285 [main] DEBUG org.apache.http.wire -  << "Feature-Policy: 'none'[\r][\n]"
2021-12-16_17:24:56.285 [main] DEBUG org.apache.http.wire -  << "Referrer-Policy: no-referrer[\r][\n]"
2021-12-16_17:24:56.285 [main] DEBUG org.apache.http.wire -  << "Strict-Transport-Security: max-age=31536000 ; includeSubDomains[\r][\n]"
2021-12-16_17:24:56.285 [main] DEBUG org.apache.http.wire -  << "Date: Thu, 16 Dec 2021 11:54:56 GMT[\r][\n]"
2021-12-16_17:24:56.285 [main] DEBUG org.apache.http.wire -  << "Keep-Alive: timeout=60[\r][\n]"
2021-12-16_17:24:56.286 [main] DEBUG org.apache.http.wire -  << "Content-Type: application/json[\r][\n]"
2021-12-16_17:24:56.286 [main] DEBUG org.apache.http.wire -  << "Transfer-Encoding: chunked[\r][\n]"
2021-12-16_17:24:56.286 [main] DEBUG org.apache.http.wire -  << "Connection: keep-alive[\r][\n]"
2021-12-16_17:24:56.286 [main] DEBUG org.apache.http.wire -  << "[\r][\n]"
2021-12-16_17:24:56.287 [main] DEBUG o.a.h.i.conn.DefaultClientConnection - Receiving response: HTTP/1.1 200 
2021-12-16_17:24:56.288 [main] DEBUG org.apache.http.headers - << HTTP/1.1 200 
2021-12-16_17:24:56.288 [main] DEBUG org.apache.http.headers - << Access-Control-Allow-Methods: GET, POST
2021-12-16_17:24:56.288 [main] DEBUG org.apache.http.headers - << Access-Control-Allow-Origin: *
2021-12-16_17:24:56.288 [main] DEBUG org.apache.http.headers - << Content-Security-Policy: default-src 'none'
2021-12-16_17:24:56.288 [main] DEBUG org.apache.http.headers - << Feature-Policy: 'none'
2021-12-16_17:24:56.289 [main] DEBUG org.apache.http.headers - << Referrer-Policy: no-referrer
2021-12-16_17:24:56.289 [main] DEBUG org.apache.http.headers - << Strict-Transport-Security: max-age=31536000 ; includeSubDomains
2021-12-16_17:24:56.289 [main] DEBUG org.apache.http.headers - << Date: Thu, 16 Dec 2021 11:54:56 GMT
2021-12-16_17:24:56.289 [main] DEBUG org.apache.http.headers - << Keep-Alive: timeout=60
2021-12-16_17:24:56.289 [main] DEBUG org.apache.http.headers - << Content-Type: application/json
2021-12-16_17:24:56.289 [main] DEBUG org.apache.http.headers - << Transfer-Encoding: chunked
2021-12-16_17:24:56.289 [main] DEBUG org.apache.http.headers - << Connection: keep-alive
2021-12-16_17:24:56.299 [main] DEBUG o.a.h.impl.client.DefaultHttpClient - Connection can be kept alive for 60000 MILLISECONDS
2021-12-16_17:24:56.316 [main] DEBUG i.r.i.RequestSpecificationImpl$RestAssuredHttpBuilder - Parsing response as: application/json
2021-12-16_17:24:56.317 [main] DEBUG i.r.i.RequestSpecificationImpl$RestAssuredHttpBuilder - Parsed data to instance of: class org.apache.http.conn.EofSensorInputStream
2021-12-16_17:24:56.329 [main] INFO  com.qc.BaseAPI - Method :GET
2021-12-16_17:24:56.330 [main] INFO  com.qc.BaseAPI - URI :https://apitest.pineperks.in/auth/V1/generate/token
2021-12-16_17:24:56.330 [main] INFO  com.qc.BaseAPI - Headers :userName=t3azPwts/6OSPTFxhCdYug==
Accept=*/*
Content-Type=application/json; charset=UTF-8
2021-12-16_17:24:56.330 [main] INFO  com.qc.BaseAPI - Body :null
2021-12-16_17:24:56.330 [main] INFO  com.qc.BaseAPI - ********************RESPONSE********************
2021-12-16_17:24:56.339 [main] DEBUG org.apache.http.wire -  << "7f[\r][\n]"
2021-12-16_17:24:56.339 [main] DEBUG org.apache.http.wire -  << "{"accessToken":"635b5064b1634ee19906dda98981c958","tokenExpiryTime":"17-Dec-2021","responseCode":0,"responseMessage":"Success"}"
2021-12-16_17:24:56.340 [main] DEBUG org.apache.http.wire -  << "[\r][\n]"
2021-12-16_17:24:56.341 [main] DEBUG org.apache.http.wire -  << "0[\r][\n]"
2021-12-16_17:24:56.341 [main] DEBUG org.apache.http.wire -  << "[\r][\n]"
2021-12-16_17:24:56.341 [main] DEBUG o.a.h.i.c.BasicClientConnectionManager - Releasing connection org.apache.http.impl.conn.ManagedClientConnectionImpl@1404ed28
2021-12-16_17:24:56.341 [main] DEBUG o.a.h.i.c.BasicClientConnectionManager - Connection can be kept alive for 60000 MILLISECONDS
2021-12-16_17:24:56.370 [main] INFO  com.qc.BaseAPI - Response :{
    "accessToken": "635b5064b1634ee19906dda98981c958",
    "tokenExpiryTime": "17-Dec-2021",
    "responseCode": 0,
    "responseMessage": "Success"
}
2021-12-16_17:24:56.373 [main] INFO  com.qc.BaseAPI -  **** GET call Response time 2653 ms
2021-12-16_17:24:56.374 [main] INFO  pl.rest.service.Authorize - Time Taken to perform https://apitest.pineperks.in/auth/V1/generate/token transaction: 2653
2021-12-16_17:24:56.472 [main] INFO  com.qc.qa.utils.TestDataReader - Reading Json data authorizeHeaders
2021-12-16_17:24:56.477 [main] INFO  com.qc.qa.utils.TestDataReader - Reading json data from file @ testData/api/devAPIData.json
2021-12-16_17:24:56.497 [main] INFO  pl.rest.service.CardIssue - CardIssue Rest API URL :- https://apitest.pineperks.in/card/order/V1/instant/issue/nonreloadable/digital
2021-12-16_17:24:56.497 [main] INFO  com.qc.BaseAPI - POST call to URL https://apitest.pineperks.in/card/order/V1/instant/issue/nonreloadable/digital
2021-12-16_17:24:56.509 [main] INFO  com.qc.BaseAPI - ********************REQUEST********************
2021-12-16_17:24:56.539 [main] DEBUG o.a.h.i.c.BasicClientConnectionManager - Get connection for route {s}->https://apitest.pineperks.in:443
2021-12-16_17:24:56.539 [main] DEBUG o.a.h.i.c.DefaultClientConnectionOperator - Connecting to apitest.pineperks.in:443
2021-12-16_17:24:56.678 [main] DEBUG o.a.h.c.protocol.RequestAddCookies - CookieSpec selected: ignoreCookies
2021-12-16_17:24:56.678 [main] DEBUG o.a.h.c.protocol.RequestAuthCache - Auth cache not set in the context
2021-12-16_17:24:56.678 [main] DEBUG o.a.h.c.p.RequestTargetAuthentication - Target auth state: UNCHALLENGED
2021-12-16_17:24:56.678 [main] DEBUG o.a.h.c.p.RequestProxyAuthentication - Proxy auth state: UNCHALLENGED
2021-12-16_17:24:56.678 [main] DEBUG o.a.h.impl.client.DefaultHttpClient - Attempt 1 to execute request
2021-12-16_17:24:56.678 [main] DEBUG o.a.h.i.conn.DefaultClientConnection - Sending request: POST /card/order/V1/instant/issue/nonreloadable/digital HTTP/1.1
2021-12-16_17:24:56.678 [main] DEBUG org.apache.http.wire -  >> "POST /card/order/V1/instant/issue/nonreloadable/digital HTTP/1.1[\r][\n]"
2021-12-16_17:24:56.679 [main] DEBUG org.apache.http.wire -  >> "Accept: */*[\r][\n]"
2021-12-16_17:24:56.679 [main] DEBUG org.apache.http.wire -  >> "userName: t3azPwts/6OSPTFxhCdYug==[\r][\n]"
2021-12-16_17:24:56.679 [main] DEBUG org.apache.http.wire -  >> "token: 635b5064b1634ee19906dda98981c958[\r][\n]"
2021-12-16_17:24:56.679 [main] DEBUG org.apache.http.wire -  >> "Content-Type: application/json; charset=UTF-8[\r][\n]"
2021-12-16_17:24:56.679 [main] DEBUG org.apache.http.wire -  >> "Content-Length: 241[\r][\n]"
2021-12-16_17:24:56.679 [main] DEBUG org.apache.http.wire -  >> "Host: apitest.pineperks.in[\r][\n]"
2021-12-16_17:24:56.679 [main] DEBUG org.apache.http.wire -  >> "Connection: Keep-Alive[\r][\n]"
2021-12-16_17:24:56.679 [main] DEBUG org.apache.http.wire -  >> "User-Agent: Apache-HttpClient/4.5.2 (Java/1.8.0_202)[\r][\n]"
2021-12-16_17:24:56.679 [main] DEBUG org.apache.http.wire -  >> "Accept-Encoding: gzip,deflate[\r][\n]"
2021-12-16_17:24:56.679 [main] DEBUG org.apache.http.wire -  >> "[\r][\n]"
2021-12-16_17:24:56.679 [main] DEBUG org.apache.http.headers - >> POST /card/order/V1/instant/issue/nonreloadable/digital HTTP/1.1
2021-12-16_17:24:56.679 [main] DEBUG org.apache.http.headers - >> Accept: */*
2021-12-16_17:24:56.679 [main] DEBUG org.apache.http.headers - >> userName: t3azPwts/6OSPTFxhCdYug==
2021-12-16_17:24:56.680 [main] DEBUG org.apache.http.headers - >> token: 635b5064b1634ee19906dda98981c958
2021-12-16_17:24:56.680 [main] DEBUG org.apache.http.headers - >> Content-Type: application/json; charset=UTF-8
2021-12-16_17:24:56.680 [main] DEBUG org.apache.http.headers - >> Content-Length: 241
2021-12-16_17:24:56.680 [main] DEBUG org.apache.http.headers - >> Host: apitest.pineperks.in
2021-12-16_17:24:56.680 [main] DEBUG org.apache.http.headers - >> Connection: Keep-Alive
2021-12-16_17:24:56.680 [main] DEBUG org.apache.http.headers - >> User-Agent: Apache-HttpClient/4.5.2 (Java/1.8.0_202)
2021-12-16_17:24:56.680 [main] DEBUG org.apache.http.headers - >> Accept-Encoding: gzip,deflate
2021-12-16_17:24:56.680 [main] DEBUG org.apache.http.wire -  >> "{"isLinkToBeSentOnMobile":true,"checksum":"5x3GNrnStyS2PkMvV6EeAw==","cardDetailList":[{"amount":"1000","mobileNumber":"8284854535","customerName":"afzal","email":"afzal.ahmed@pinelabs.com"}],"externalRequestId":"QNdtIKl","cardSchemeId":"7"}"
2021-12-16_17:24:57.102 [main] DEBUG org.apache.http.wire -  << "HTTP/1.1 200 [\r][\n]"
2021-12-16_17:24:57.102 [main] DEBUG org.apache.http.wire -  << "Access-Control-Allow-Methods: GET, POST[\r][\n]"
2021-12-16_17:24:57.103 [main] DEBUG org.apache.http.wire -  << "Access-Control-Allow-Origin: *[\r][\n]"
2021-12-16_17:24:57.103 [main] DEBUG org.apache.http.wire -  << "Content-Security-Policy: default-src 'none'[\r][\n]"
2021-12-16_17:24:57.103 [main] DEBUG org.apache.http.wire -  << "Feature-Policy: 'none'[\r][\n]"
2021-12-16_17:24:57.103 [main] DEBUG org.apache.http.wire -  << "Referrer-Policy: no-referrer[\r][\n]"
2021-12-16_17:24:57.103 [main] DEBUG org.apache.http.wire -  << "Strict-Transport-Security: max-age=31536000 ; includeSubDomains[\r][\n]"
2021-12-16_17:24:57.103 [main] DEBUG org.apache.http.wire -  << "Date: Thu, 16 Dec 2021 11:54:56 GMT[\r][\n]"
2021-12-16_17:24:57.104 [main] DEBUG org.apache.http.wire -  << "Keep-Alive: timeout=60[\r][\n]"
2021-12-16_17:24:57.104 [main] DEBUG org.apache.http.wire -  << "Content-Type: application/json[\r][\n]"
2021-12-16_17:24:57.104 [main] DEBUG org.apache.http.wire -  << "Transfer-Encoding: chunked[\r][\n]"
2021-12-16_17:24:57.104 [main] DEBUG org.apache.http.wire -  << "Connection: keep-alive[\r][\n]"
2021-12-16_17:24:57.104 [main] DEBUG org.apache.http.wire -  << "[\r][\n]"
2021-12-16_17:24:57.104 [main] DEBUG o.a.h.i.conn.DefaultClientConnection - Receiving response: HTTP/1.1 200 
2021-12-16_17:24:57.104 [main] DEBUG org.apache.http.headers - << HTTP/1.1 200 
2021-12-16_17:24:57.105 [main] DEBUG org.apache.http.headers - << Access-Control-Allow-Methods: GET, POST
2021-12-16_17:24:57.105 [main] DEBUG org.apache.http.headers - << Access-Control-Allow-Origin: *
2021-12-16_17:24:57.105 [main] DEBUG org.apache.http.headers - << Content-Security-Policy: default-src 'none'
2021-12-16_17:24:57.105 [main] DEBUG org.apache.http.headers - << Feature-Policy: 'none'
2021-12-16_17:24:57.105 [main] DEBUG org.apache.http.headers - << Referrer-Policy: no-referrer
2021-12-16_17:24:57.106 [main] DEBUG org.apache.http.headers - << Strict-Transport-Security: max-age=31536000 ; includeSubDomains
2021-12-16_17:24:57.106 [main] DEBUG org.apache.http.headers - << Date: Thu, 16 Dec 2021 11:54:56 GMT
2021-12-16_17:24:57.106 [main] DEBUG org.apache.http.headers - << Keep-Alive: timeout=60
2021-12-16_17:24:57.106 [main] DEBUG org.apache.http.headers - << Content-Type: application/json
2021-12-16_17:24:57.106 [main] DEBUG org.apache.http.headers - << Transfer-Encoding: chunked
2021-12-16_17:24:57.106 [main] DEBUG org.apache.http.headers - << Connection: keep-alive
2021-12-16_17:24:57.107 [main] DEBUG o.a.h.impl.client.DefaultHttpClient - Connection can be kept alive for 60000 MILLISECONDS
2021-12-16_17:24:57.107 [main] DEBUG i.r.i.RequestSpecificationImpl$RestAssuredHttpBuilder - Parsing response as: application/json
2021-12-16_17:24:57.108 [main] DEBUG i.r.i.RequestSpecificationImpl$RestAssuredHttpBuilder - Parsed data to instance of: class org.apache.http.conn.EofSensorInputStream
2021-12-16_17:24:57.110 [main] INFO  com.qc.BaseAPI - Method :POST
2021-12-16_17:24:57.113 [main] INFO  com.qc.BaseAPI - URI :https://apitest.pineperks.in/card/order/V1/instant/issue/nonreloadable/digital
2021-12-16_17:24:57.114 [main] INFO  com.qc.BaseAPI - Headers :token=635b5064b1634ee19906dda98981c958
userName=t3azPwts/6OSPTFxhCdYug==
Accept=*/*
Content-Type=application/json; charset=UTF-8
2021-12-16_17:24:57.114 [main] INFO  com.qc.BaseAPI - Body :{"isLinkToBeSentOnMobile":true,"checksum":"5x3GNrnStyS2PkMvV6EeAw==","cardDetailList":[{"amount":"1000","mobileNumber":"8284854535","customerName":"afzal","email":"afzal.ahmed@pinelabs.com"}],"externalRequestId":"QNdtIKl","cardSchemeId":"7"}
2021-12-16_17:24:57.114 [main] INFO  com.qc.BaseAPI - ********************RESPONSE********************
2021-12-16_17:24:57.114 [main] DEBUG org.apache.http.wire -  << "1ef[\r][\n]"
2021-12-16_17:24:57.114 [main] DEBUG org.apache.http.wire -  << "{"externalRequestId":"QNdtIKl","orderId":12477,"orderStatus":6,"cardDetailResponseList":[{"referenceNumber":7371318623,"serialNumber":12477000010001,"customerName":"afzal","mobileNumber":8284854535,"email":"afzal.ahmed@pinelabs.com","amount":1000,"cardLink":"test.pineperks.in/eCard?c=vsdpsLVQCGFAYA4equ8JYA2","responseCode":0,"responseMessage":"Success"}],"successCount":1,"failedCount":0,"orderAmount":1000,"issuanceCharge":0,"netOrderAmount":1000,"responseCode":0,"responseMessage":"Success"}"
2021-12-16_17:24:57.115 [main] DEBUG org.apache.http.wire -  << "[\r][\n]"
2021-12-16_17:24:57.115 [main] DEBUG org.apache.http.wire -  << "0[\r][\n]"
2021-12-16_17:24:57.115 [main] DEBUG org.apache.http.wire -  << "[\r][\n]"
2021-12-16_17:24:57.115 [main] DEBUG o.a.h.i.c.BasicClientConnectionManager - Releasing connection org.apache.http.impl.conn.ManagedClientConnectionImpl@479e884a
2021-12-16_17:24:57.115 [main] DEBUG o.a.h.i.c.BasicClientConnectionManager - Connection can be kept alive for 60000 MILLISECONDS
2021-12-16_17:24:57.118 [main] INFO  com.qc.BaseAPI - Response :{
    "externalRequestId": "QNdtIKl",
    "orderId": 12477,
    "orderStatus": 6,
    "cardDetailResponseList": [
        {
            "referenceNumber": 7371318623,
            "serialNumber": 12477000010001,
            "customerName": "afzal",
            "mobileNumber": 8284854535,
            "email": "afzal.ahmed@pinelabs.com",
            "amount": 1000,
            "cardLink": "test.pineperks.in/eCard?c=vsdpsLVQCGFAYA4equ8JYA2",
            "responseCode": 0,
            "responseMessage": "Success"
        }
    ],
    "successCount": 1,
    "failedCount": 0,
    "orderAmount": 1000,
    "issuanceCharge": 0,
    "netOrderAmount": 1000,
    "responseCode": 0,
    "responseMessage": "Success"
}
2021-12-16_17:24:57.119 [main] INFO  com.qc.BaseAPI -  **** POST call Response time 598 ms
2021-12-16_17:24:57.119 [main] INFO  pl.rest.service.CardIssue - Time Taken to perform https://apitest.pineperks.in/card/order/V1/instant/issue/nonreloadable/digital transaction: 598
