2022-01-26_18:03:29.188 [main] INFO  pl.rest.CustomHooks - SCENARIO NAME: Issuing a instant non reloadable card
2022-01-26_18:03:29.191 [main] INFO  pl.rest.CustomHooks - TAG NAMEs: [@Regression, @DB]
2022-01-26_18:03:29.194 [main] INFO  pl.rest.CustomHooks - SCENARIO NAME: Issuing a instant non reloadable card
2022-01-26_18:03:29.194 [main] INFO  pl.rest.CustomHooks - TAG NAMEs: [@Regression, @DB]
2022-01-26_18:03:29.237 [main] INFO  pl.rest.CustomHooks - Index: 0, Size: 0
2022-01-26_18:03:30.186 [main] INFO  com.qc.qa.utils.TestDataReader - Reading API Test Data config values from  testData/api/devAPITestData.properties
2022-01-26_18:03:30.195 [main] INFO  pl.rest.service.Authorize - Authorize Rest API URL :- https://apitest.pineperks.in/auth/V1/generate/token
2022-01-26_18:03:30.195 [main] INFO  com.qc.BaseAPI - GET call to URL https://apitest.pineperks.in/auth/V1/generate/token
2022-01-26_18:03:30.376 [main] INFO  com.qc.BaseAPI - ********************REQUEST********************
2022-01-26_18:03:32.518 [main] DEBUG o.a.h.i.c.BasicClientConnectionManager - Get connection for route {s}->https://apitest.pineperks.in:443
2022-01-26_18:03:32.583 [main] DEBUG o.a.h.i.c.DefaultClientConnectionOperator - Connecting to apitest.pineperks.in:443
2022-01-26_18:03:32.866 [main] DEBUG o.a.h.c.protocol.RequestAddCookies - CookieSpec selected: ignoreCookies
2022-01-26_18:03:32.870 [main] DEBUG o.a.h.c.protocol.RequestAuthCache - Auth cache not set in the context
2022-01-26_18:03:32.870 [main] DEBUG o.a.h.c.p.RequestTargetAuthentication - Target auth state: UNCHALLENGED
2022-01-26_18:03:32.871 [main] DEBUG o.a.h.c.p.RequestProxyAuthentication - Proxy auth state: UNCHALLENGED
2022-01-26_18:03:32.872 [main] DEBUG o.a.h.impl.client.DefaultHttpClient - Attempt 1 to execute request
2022-01-26_18:03:32.873 [main] DEBUG o.a.h.i.conn.DefaultClientConnection - Sending request: GET /auth/V1/generate/token HTTP/1.1
2022-01-26_18:03:32.874 [main] DEBUG org.apache.http.wire -  >> "GET /auth/V1/generate/token HTTP/1.1[\r][\n]"
2022-01-26_18:03:32.876 [main] DEBUG org.apache.http.wire -  >> "Content-Type: application/json; charset=UTF-8[\r][\n]"
2022-01-26_18:03:32.876 [main] DEBUG org.apache.http.wire -  >> "Accept: */*[\r][\n]"
2022-01-26_18:03:32.876 [main] DEBUG org.apache.http.wire -  >> "userName: A0aCcnPzDANtKmvSLPKcaw==[\r][\n]"
2022-01-26_18:03:32.876 [main] DEBUG org.apache.http.wire -  >> "Host: apitest.pineperks.in[\r][\n]"
2022-01-26_18:03:32.877 [main] DEBUG org.apache.http.wire -  >> "Connection: Keep-Alive[\r][\n]"
2022-01-26_18:03:32.877 [main] DEBUG org.apache.http.wire -  >> "User-Agent: Apache-HttpClient/4.5.2 (Java/1.8.0_202)[\r][\n]"
2022-01-26_18:03:32.877 [main] DEBUG org.apache.http.wire -  >> "Accept-Encoding: gzip,deflate[\r][\n]"
2022-01-26_18:03:32.877 [main] DEBUG org.apache.http.wire -  >> "[\r][\n]"
2022-01-26_18:03:32.877 [main] DEBUG org.apache.http.headers - >> GET /auth/V1/generate/token HTTP/1.1
2022-01-26_18:03:32.878 [main] DEBUG org.apache.http.headers - >> Content-Type: application/json; charset=UTF-8
2022-01-26_18:03:32.878 [main] DEBUG org.apache.http.headers - >> Accept: */*
2022-01-26_18:03:32.878 [main] DEBUG org.apache.http.headers - >> userName: A0aCcnPzDANtKmvSLPKcaw==
2022-01-26_18:03:32.878 [main] DEBUG org.apache.http.headers - >> Host: apitest.pineperks.in
2022-01-26_18:03:32.878 [main] DEBUG org.apache.http.headers - >> Connection: Keep-Alive
2022-01-26_18:03:32.879 [main] DEBUG org.apache.http.headers - >> User-Agent: Apache-HttpClient/4.5.2 (Java/1.8.0_202)
2022-01-26_18:03:32.879 [main] DEBUG org.apache.http.headers - >> Accept-Encoding: gzip,deflate
2022-01-26_18:03:33.023 [main] DEBUG org.apache.http.wire -  << "HTTP/1.1 200 [\r][\n]"
2022-01-26_18:03:33.027 [main] DEBUG org.apache.http.wire -  << "Access-Control-Allow-Methods: GET, POST[\r][\n]"
2022-01-26_18:03:33.028 [main] DEBUG org.apache.http.wire -  << "Access-Control-Allow-Origin: *[\r][\n]"
2022-01-26_18:03:33.028 [main] DEBUG org.apache.http.wire -  << "Content-Security-Policy: default-src 'none'[\r][\n]"
2022-01-26_18:03:33.029 [main] DEBUG org.apache.http.wire -  << "Feature-Policy: 'none'[\r][\n]"
2022-01-26_18:03:33.029 [main] DEBUG org.apache.http.wire -  << "Referrer-Policy: no-referrer[\r][\n]"
2022-01-26_18:03:33.030 [main] DEBUG org.apache.http.wire -  << "Strict-Transport-Security: max-age=31536000 ; includeSubDomains[\r][\n]"
2022-01-26_18:03:33.030 [main] DEBUG org.apache.http.wire -  << "Date: Wed, 26 Jan 2022 12:33:33 GMT[\r][\n]"
2022-01-26_18:03:33.030 [main] DEBUG org.apache.http.wire -  << "Keep-Alive: timeout=60[\r][\n]"
2022-01-26_18:03:33.031 [main] DEBUG org.apache.http.wire -  << "Content-Type: application/json[\r][\n]"
2022-01-26_18:03:33.031 [main] DEBUG org.apache.http.wire -  << "Transfer-Encoding: chunked[\r][\n]"
2022-01-26_18:03:33.031 [main] DEBUG org.apache.http.wire -  << "Connection: keep-alive[\r][\n]"
2022-01-26_18:03:33.031 [main] DEBUG org.apache.http.wire -  << "[\r][\n]"
2022-01-26_18:03:33.032 [main] DEBUG o.a.h.i.conn.DefaultClientConnection - Receiving response: HTTP/1.1 200 
2022-01-26_18:03:33.033 [main] DEBUG org.apache.http.headers - << HTTP/1.1 200 
2022-01-26_18:03:33.033 [main] DEBUG org.apache.http.headers - << Access-Control-Allow-Methods: GET, POST
2022-01-26_18:03:33.033 [main] DEBUG org.apache.http.headers - << Access-Control-Allow-Origin: *
2022-01-26_18:03:33.033 [main] DEBUG org.apache.http.headers - << Content-Security-Policy: default-src 'none'
2022-01-26_18:03:33.033 [main] DEBUG org.apache.http.headers - << Feature-Policy: 'none'
2022-01-26_18:03:33.034 [main] DEBUG org.apache.http.headers - << Referrer-Policy: no-referrer
2022-01-26_18:03:33.034 [main] DEBUG org.apache.http.headers - << Strict-Transport-Security: max-age=31536000 ; includeSubDomains
2022-01-26_18:03:33.034 [main] DEBUG org.apache.http.headers - << Date: Wed, 26 Jan 2022 12:33:33 GMT
2022-01-26_18:03:33.034 [main] DEBUG org.apache.http.headers - << Keep-Alive: timeout=60
2022-01-26_18:03:33.034 [main] DEBUG org.apache.http.headers - << Content-Type: application/json
2022-01-26_18:03:33.034 [main] DEBUG org.apache.http.headers - << Transfer-Encoding: chunked
2022-01-26_18:03:33.034 [main] DEBUG org.apache.http.headers - << Connection: keep-alive
2022-01-26_18:03:33.049 [main] DEBUG o.a.h.impl.client.DefaultHttpClient - Connection can be kept alive for 60000 MILLISECONDS
2022-01-26_18:03:33.083 [main] DEBUG i.r.i.RequestSpecificationImpl$RestAssuredHttpBuilder - Parsing response as: application/json
2022-01-26_18:03:33.084 [main] DEBUG i.r.i.RequestSpecificationImpl$RestAssuredHttpBuilder - Parsed data to instance of: class org.apache.http.conn.EofSensorInputStream
2022-01-26_18:03:33.112 [main] INFO  com.qc.BaseAPI - Method :GET
2022-01-26_18:03:33.114 [main] INFO  com.qc.BaseAPI - URI :https://apitest.pineperks.in/auth/V1/generate/token
2022-01-26_18:03:33.114 [main] INFO  com.qc.BaseAPI - Headers :userName=A0aCcnPzDANtKmvSLPKcaw==
Accept=*/*
Content-Type=application/json; charset=UTF-8
2022-01-26_18:03:33.114 [main] INFO  com.qc.BaseAPI - Body :null
2022-01-26_18:03:33.114 [main] INFO  com.qc.BaseAPI - ********************RESPONSE********************
2022-01-26_18:03:33.126 [main] DEBUG org.apache.http.wire -  << "7f[\r][\n]"
2022-01-26_18:03:33.126 [main] DEBUG org.apache.http.wire -  << "{"accessToken":"715268bf4e5e47a9a9de100dfa6d9dcf","tokenExpiryTime":"26-Jan-2024","responseCode":0,"responseMessage":"Success"}"
2022-01-26_18:03:33.128 [main] DEBUG org.apache.http.wire -  << "[\r][\n]"
2022-01-26_18:03:33.128 [main] DEBUG org.apache.http.wire -  << "0[\r][\n]"
2022-01-26_18:03:33.128 [main] DEBUG org.apache.http.wire -  << "[\r][\n]"
2022-01-26_18:03:33.128 [main] DEBUG o.a.h.i.c.BasicClientConnectionManager - Releasing connection org.apache.http.impl.conn.ManagedClientConnectionImpl@60cb502a
2022-01-26_18:03:33.128 [main] DEBUG o.a.h.i.c.BasicClientConnectionManager - Connection can be kept alive for 60000 MILLISECONDS
2022-01-26_18:03:33.170 [main] INFO  com.qc.BaseAPI - Response :{
    "accessToken": "715268bf4e5e47a9a9de100dfa6d9dcf",
    "tokenExpiryTime": "26-Jan-2024",
    "responseCode": 0,
    "responseMessage": "Success"
}
2022-01-26_18:03:33.173 [main] INFO  com.qc.BaseAPI -  **** GET call Response time 2723 ms
2022-01-26_18:03:33.173 [main] INFO  pl.rest.service.Authorize - Time Taken to perform https://apitest.pineperks.in/auth/V1/generate/token transaction: 2723
2022-01-26_18:03:33.282 [main] INFO  com.qc.qa.utils.TestDataReader - Reading Json data authorizeHeaders
2022-01-26_18:03:33.287 [main] INFO  com.qc.qa.utils.TestDataReader - Reading json data from file @ testData/api/devAPIData.json
2022-01-26_18:03:33.316 [main] INFO  pl.rest.service.CardIssue - CardIssue Rest API URL :- https://apitest.pineperks.in/card/order/V1/instant/issue/nonreloadable/digital
2022-01-26_18:03:33.316 [main] INFO  com.qc.BaseAPI - POST call to URL https://apitest.pineperks.in/card/order/V1/instant/issue/nonreloadable/digital
2022-01-26_18:03:33.328 [main] INFO  com.qc.BaseAPI - ********************REQUEST********************
2022-01-26_18:03:33.368 [main] DEBUG o.a.h.i.c.BasicClientConnectionManager - Get connection for route {s}->https://apitest.pineperks.in:443
2022-01-26_18:03:33.368 [main] DEBUG o.a.h.i.c.DefaultClientConnectionOperator - Connecting to apitest.pineperks.in:443
2022-01-26_18:03:33.510 [main] DEBUG o.a.h.c.protocol.RequestAddCookies - CookieSpec selected: ignoreCookies
2022-01-26_18:03:33.511 [main] DEBUG o.a.h.c.protocol.RequestAuthCache - Auth cache not set in the context
2022-01-26_18:03:33.511 [main] DEBUG o.a.h.c.p.RequestTargetAuthentication - Target auth state: UNCHALLENGED
2022-01-26_18:03:33.511 [main] DEBUG o.a.h.c.p.RequestProxyAuthentication - Proxy auth state: UNCHALLENGED
2022-01-26_18:03:33.511 [main] DEBUG o.a.h.impl.client.DefaultHttpClient - Attempt 1 to execute request
2022-01-26_18:03:33.511 [main] DEBUG o.a.h.i.conn.DefaultClientConnection - Sending request: POST /card/order/V1/instant/issue/nonreloadable/digital HTTP/1.1
2022-01-26_18:03:33.511 [main] DEBUG org.apache.http.wire -  >> "POST /card/order/V1/instant/issue/nonreloadable/digital HTTP/1.1[\r][\n]"
2022-01-26_18:03:33.511 [main] DEBUG org.apache.http.wire -  >> "Accept: */*[\r][\n]"
2022-01-26_18:03:33.511 [main] DEBUG org.apache.http.wire -  >> "userName: A0aCcnPzDANtKmvSLPKcaw==[\r][\n]"
2022-01-26_18:03:33.511 [main] DEBUG org.apache.http.wire -  >> "token: 715268bf4e5e47a9a9de100dfa6d9dcf[\r][\n]"
2022-01-26_18:03:33.511 [main] DEBUG org.apache.http.wire -  >> "Content-Type: application/json; charset=UTF-8[\r][\n]"
2022-01-26_18:03:33.512 [main] DEBUG org.apache.http.wire -  >> "Content-Length: 241[\r][\n]"
2022-01-26_18:03:33.512 [main] DEBUG org.apache.http.wire -  >> "Host: apitest.pineperks.in[\r][\n]"
2022-01-26_18:03:33.512 [main] DEBUG org.apache.http.wire -  >> "Connection: Keep-Alive[\r][\n]"
2022-01-26_18:03:33.512 [main] DEBUG org.apache.http.wire -  >> "User-Agent: Apache-HttpClient/4.5.2 (Java/1.8.0_202)[\r][\n]"
2022-01-26_18:03:33.512 [main] DEBUG org.apache.http.wire -  >> "Accept-Encoding: gzip,deflate[\r][\n]"
2022-01-26_18:03:33.512 [main] DEBUG org.apache.http.wire -  >> "[\r][\n]"
2022-01-26_18:03:33.513 [main] DEBUG org.apache.http.headers - >> POST /card/order/V1/instant/issue/nonreloadable/digital HTTP/1.1
2022-01-26_18:03:33.514 [main] DEBUG org.apache.http.headers - >> Accept: */*
2022-01-26_18:03:33.514 [main] DEBUG org.apache.http.headers - >> userName: A0aCcnPzDANtKmvSLPKcaw==
2022-01-26_18:03:33.514 [main] DEBUG org.apache.http.headers - >> token: 715268bf4e5e47a9a9de100dfa6d9dcf
2022-01-26_18:03:33.514 [main] DEBUG org.apache.http.headers - >> Content-Type: application/json; charset=UTF-8
2022-01-26_18:03:33.514 [main] DEBUG org.apache.http.headers - >> Content-Length: 241
2022-01-26_18:03:33.514 [main] DEBUG org.apache.http.headers - >> Host: apitest.pineperks.in
2022-01-26_18:03:33.514 [main] DEBUG org.apache.http.headers - >> Connection: Keep-Alive
2022-01-26_18:03:33.514 [main] DEBUG org.apache.http.headers - >> User-Agent: Apache-HttpClient/4.5.2 (Java/1.8.0_202)
2022-01-26_18:03:33.514 [main] DEBUG org.apache.http.headers - >> Accept-Encoding: gzip,deflate
2022-01-26_18:03:33.514 [main] DEBUG org.apache.http.wire -  >> "{"isLinkToBeSentOnMobile":true,"checksum":"5x3GNrnStyS2PkMvV6EeAw==","cardDetailList":[{"amount":"1000","mobileNumber":"8284854535","customerName":"afzal","email":"afzal.ahmed@pinelabs.com"}],"externalRequestId":"xXgmgGh","cardSchemeId":"7"}"
2022-01-26_18:03:35.126 [main] DEBUG org.apache.http.wire -  << "HTTP/1.1 200 [\r][\n]"
2022-01-26_18:03:35.126 [main] DEBUG org.apache.http.wire -  << "Access-Control-Allow-Methods: GET, POST[\r][\n]"
2022-01-26_18:03:35.127 [main] DEBUG org.apache.http.wire -  << "Access-Control-Allow-Origin: *[\r][\n]"
2022-01-26_18:03:35.127 [main] DEBUG org.apache.http.wire -  << "Content-Security-Policy: default-src 'none'[\r][\n]"
2022-01-26_18:03:35.127 [main] DEBUG org.apache.http.wire -  << "Feature-Policy: 'none'[\r][\n]"
2022-01-26_18:03:35.128 [main] DEBUG org.apache.http.wire -  << "Referrer-Policy: no-referrer[\r][\n]"
2022-01-26_18:03:35.128 [main] DEBUG org.apache.http.wire -  << "Strict-Transport-Security: max-age=31536000 ; includeSubDomains[\r][\n]"
2022-01-26_18:03:35.129 [main] DEBUG org.apache.http.wire -  << "Date: Wed, 26 Jan 2022 12:33:35 GMT[\r][\n]"
2022-01-26_18:03:35.129 [main] DEBUG org.apache.http.wire -  << "Keep-Alive: timeout=60[\r][\n]"
2022-01-26_18:03:35.129 [main] DEBUG org.apache.http.wire -  << "Content-Type: application/json[\r][\n]"
2022-01-26_18:03:35.129 [main] DEBUG org.apache.http.wire -  << "Transfer-Encoding: chunked[\r][\n]"
2022-01-26_18:03:35.129 [main] DEBUG org.apache.http.wire -  << "Connection: keep-alive[\r][\n]"
2022-01-26_18:03:35.129 [main] DEBUG org.apache.http.wire -  << "[\r][\n]"
2022-01-26_18:03:35.130 [main] DEBUG o.a.h.i.conn.DefaultClientConnection - Receiving response: HTTP/1.1 200 
2022-01-26_18:03:35.130 [main] DEBUG org.apache.http.headers - << HTTP/1.1 200 
2022-01-26_18:03:35.131 [main] DEBUG org.apache.http.headers - << Access-Control-Allow-Methods: GET, POST
2022-01-26_18:03:35.131 [main] DEBUG org.apache.http.headers - << Access-Control-Allow-Origin: *
2022-01-26_18:03:35.131 [main] DEBUG org.apache.http.headers - << Content-Security-Policy: default-src 'none'
2022-01-26_18:03:35.131 [main] DEBUG org.apache.http.headers - << Feature-Policy: 'none'
2022-01-26_18:03:35.131 [main] DEBUG org.apache.http.headers - << Referrer-Policy: no-referrer
2022-01-26_18:03:35.131 [main] DEBUG org.apache.http.headers - << Strict-Transport-Security: max-age=31536000 ; includeSubDomains
2022-01-26_18:03:35.131 [main] DEBUG org.apache.http.headers - << Date: Wed, 26 Jan 2022 12:33:35 GMT
2022-01-26_18:03:35.131 [main] DEBUG org.apache.http.headers - << Keep-Alive: timeout=60
2022-01-26_18:03:35.131 [main] DEBUG org.apache.http.headers - << Content-Type: application/json
2022-01-26_18:03:35.131 [main] DEBUG org.apache.http.headers - << Transfer-Encoding: chunked
2022-01-26_18:03:35.132 [main] DEBUG org.apache.http.headers - << Connection: keep-alive
2022-01-26_18:03:35.132 [main] DEBUG o.a.h.impl.client.DefaultHttpClient - Connection can be kept alive for 60000 MILLISECONDS
2022-01-26_18:03:35.133 [main] DEBUG i.r.i.RequestSpecificationImpl$RestAssuredHttpBuilder - Parsing response as: application/json
2022-01-26_18:03:35.133 [main] DEBUG i.r.i.RequestSpecificationImpl$RestAssuredHttpBuilder - Parsed data to instance of: class org.apache.http.conn.EofSensorInputStream
2022-01-26_18:03:35.136 [main] INFO  com.qc.BaseAPI - Method :POST
2022-01-26_18:03:35.140 [main] INFO  com.qc.BaseAPI - URI :https://apitest.pineperks.in/card/order/V1/instant/issue/nonreloadable/digital
2022-01-26_18:03:35.140 [main] INFO  com.qc.BaseAPI - Headers :token=715268bf4e5e47a9a9de100dfa6d9dcf
userName=A0aCcnPzDANtKmvSLPKcaw==
Accept=*/*
Content-Type=application/json; charset=UTF-8
2022-01-26_18:03:35.140 [main] INFO  com.qc.BaseAPI - Body :{"isLinkToBeSentOnMobile":true,"checksum":"5x3GNrnStyS2PkMvV6EeAw==","cardDetailList":[{"amount":"1000","mobileNumber":"8284854535","customerName":"afzal","email":"afzal.ahmed@pinelabs.com"}],"externalRequestId":"xXgmgGh","cardSchemeId":"7"}
2022-01-26_18:03:35.141 [main] INFO  com.qc.BaseAPI - ********************RESPONSE********************
2022-01-26_18:03:35.141 [main] DEBUG org.apache.http.wire -  << "1f2[\r][\n]"
2022-01-26_18:03:35.141 [main] DEBUG org.apache.http.wire -  << "{"externalRequestId":"xXgmgGh","orderId":103004,"orderStatus":6,"cardDetailResponseList":[{"referenceNumber":5891373975,"serialNumber":10300400010001,"customerName":"afzal","mobileNumber":8284854535,"email":"afzal.ahmed@pinelabs.com","amount":1000,"cardLink":"test.pineperks.in/eCard?c=m2kGcg-uAiCDrE0f5CK2kA2","responseCode":0,"responseMessage":"Success"}],"successCount":1,"failedCount":0,"orderAmount":1000,"issuanceCharge":100,"netOrderAmount":1100,"responseCode":0,"responseMessage":"Success"}"
2022-01-26_18:03:35.142 [main] DEBUG org.apache.http.wire -  << "[\r][\n]"
2022-01-26_18:03:35.142 [main] DEBUG org.apache.http.wire -  << "0[\r][\n]"
2022-01-26_18:03:35.142 [main] DEBUG org.apache.http.wire -  << "[\r][\n]"
2022-01-26_18:03:35.142 [main] DEBUG o.a.h.i.c.BasicClientConnectionManager - Releasing connection org.apache.http.impl.conn.ManagedClientConnectionImpl@6b86a5a4
2022-01-26_18:03:35.142 [main] DEBUG o.a.h.i.c.BasicClientConnectionManager - Connection can be kept alive for 60000 MILLISECONDS
2022-01-26_18:03:35.146 [main] INFO  com.qc.BaseAPI - Response :{
    "externalRequestId": "xXgmgGh",
    "orderId": 103004,
    "orderStatus": 6,
    "cardDetailResponseList": [
        {
            "referenceNumber": 5891373975,
            "serialNumber": 10300400010001,
            "customerName": "afzal",
            "mobileNumber": 8284854535,
            "email": "afzal.ahmed@pinelabs.com",
            "amount": 1000,
            "cardLink": "test.pineperks.in/eCard?c=m2kGcg-uAiCDrE0f5CK2kA2",
            "responseCode": 0,
            "responseMessage": "Success"
        }
    ],
    "successCount": 1,
    "failedCount": 0,
    "orderAmount": 1000,
    "issuanceCharge": 100,
    "netOrderAmount": 1100,
    "responseCode": 0,
    "responseMessage": "Success"
}
2022-01-26_18:03:35.146 [main] INFO  com.qc.BaseAPI -  **** POST call Response time 1803 ms
2022-01-26_18:03:35.147 [main] INFO  pl.rest.service.CardIssue - Time Taken to perform https://apitest.pineperks.in/card/order/V1/instant/issue/nonreloadable/digital transaction: 1803
2022-01-26_18:03:35.806 [main] INFO  pl.rest.utils.DBUtils - Query being executed Select * from ExternalRequestDetail where ordersummaryid=103004;
2022-01-26_18:03:35.882 [main] ERROR com.qc.qa.utils.LoadProperties - Missing MySQLDBEnvironment property value in system property or in config.properties files.Please add it if incase required
2022-01-26_18:03:35.884 [main] INFO  com.qc.qa.dbutils.DBPoolProvider - Con pool Total - 400, idle - 0,  Num active - 0
2022-01-26_18:03:35.885 [main] INFO  com.qc.qa.dbutils.DBPoolProvider - Retrieved connection
2022-01-26_18:03:37.268 [main] INFO  pl.rest.utils.DBUtils - Query being executed Select * from ExternalRequestTimeLog where ordersummaryid=103004;
2022-01-26_18:03:37.269 [main] INFO  com.qc.qa.dbutils.DBPoolProvider - Con pool Total - 400, idle - 1,  Num active - 0
2022-01-26_18:03:37.270 [main] INFO  com.qc.qa.dbutils.DBPoolProvider - Retrieved connection
2022-01-26_18:03:37.360 [main] INFO  pl.rest.CustomHooks - SCENARIO NAME: Issuing a instant non reloadable card
2022-01-26_18:03:37.360 [main] INFO  pl.rest.CustomHooks - TAG NAMEs: [@Regression, @DB]
2022-01-26_18:03:37.361 [main] INFO  pl.rest.CustomHooks - SCENARIO NAME: Issuing a instant non reloadable card
2022-01-26_18:03:37.361 [main] INFO  pl.rest.CustomHooks - TAG NAMEs: [@Regression, @DB]
2022-01-26_18:03:37.362 [main] INFO  pl.rest.CustomHooks - Index: 0, Size: 0
2022-01-26_18:03:37.579 [main] INFO  pl.rest.service.Authorize - Authorize Rest API URL :- https://apitest.pineperks.in/auth/V1/generate/token
2022-01-26_18:03:37.579 [main] INFO  com.qc.BaseAPI - GET call to URL https://apitest.pineperks.in/auth/V1/generate/token
2022-01-26_18:03:37.727 [Finalizer] DEBUG o.a.h.i.conn.DefaultClientConnection - Connection 0.0.0.0:50411<->14.143.120.84:443 closed
2022-01-26_18:03:37.728 [Finalizer] DEBUG o.a.h.i.conn.DefaultClientConnection - Connection 0.0.0.0:50412<->14.143.120.84:443 closed
2022-01-26_18:03:37.731 [main] INFO  com.qc.BaseAPI - ********************REQUEST********************
2022-01-26_18:03:37.743 [main] DEBUG o.a.h.i.c.BasicClientConnectionManager - Get connection for route {s}->https://apitest.pineperks.in:443
2022-01-26_18:03:37.743 [main] DEBUG o.a.h.i.c.DefaultClientConnectionOperator - Connecting to apitest.pineperks.in:443
2022-01-26_18:03:37.856 [main] DEBUG o.a.h.c.protocol.RequestAddCookies - CookieSpec selected: ignoreCookies
2022-01-26_18:03:37.856 [main] DEBUG o.a.h.c.protocol.RequestAuthCache - Auth cache not set in the context
2022-01-26_18:03:37.856 [main] DEBUG o.a.h.c.p.RequestTargetAuthentication - Target auth state: UNCHALLENGED
2022-01-26_18:03:37.857 [main] DEBUG o.a.h.c.p.RequestProxyAuthentication - Proxy auth state: UNCHALLENGED
2022-01-26_18:03:37.857 [main] DEBUG o.a.h.impl.client.DefaultHttpClient - Attempt 1 to execute request
2022-01-26_18:03:37.857 [main] DEBUG o.a.h.i.conn.DefaultClientConnection - Sending request: GET /auth/V1/generate/token HTTP/1.1
2022-01-26_18:03:37.857 [main] DEBUG org.apache.http.wire -  >> "GET /auth/V1/generate/token HTTP/1.1[\r][\n]"
2022-01-26_18:03:37.857 [main] DEBUG org.apache.http.wire -  >> "Content-Type: application/json; charset=UTF-8[\r][\n]"
2022-01-26_18:03:37.858 [main] DEBUG org.apache.http.wire -  >> "Accept: */*[\r][\n]"
2022-01-26_18:03:37.858 [main] DEBUG org.apache.http.wire -  >> "userName: A0aCcnPzDANtKmvSLPKcaw==[\r][\n]"
2022-01-26_18:03:37.858 [main] DEBUG org.apache.http.wire -  >> "Host: apitest.pineperks.in[\r][\n]"
2022-01-26_18:03:37.858 [main] DEBUG org.apache.http.wire -  >> "Connection: Keep-Alive[\r][\n]"
2022-01-26_18:03:37.858 [main] DEBUG org.apache.http.wire -  >> "User-Agent: Apache-HttpClient/4.5.2 (Java/1.8.0_202)[\r][\n]"
2022-01-26_18:03:37.858 [main] DEBUG org.apache.http.wire -  >> "Accept-Encoding: gzip,deflate[\r][\n]"
2022-01-26_18:03:37.858 [main] DEBUG org.apache.http.wire -  >> "[\r][\n]"
2022-01-26_18:03:37.858 [main] DEBUG org.apache.http.headers - >> GET /auth/V1/generate/token HTTP/1.1
2022-01-26_18:03:37.858 [main] DEBUG org.apache.http.headers - >> Content-Type: application/json; charset=UTF-8
2022-01-26_18:03:37.859 [main] DEBUG org.apache.http.headers - >> Accept: */*
2022-01-26_18:03:37.859 [main] DEBUG org.apache.http.headers - >> userName: A0aCcnPzDANtKmvSLPKcaw==
2022-01-26_18:03:37.859 [main] DEBUG org.apache.http.headers - >> Host: apitest.pineperks.in
2022-01-26_18:03:37.859 [main] DEBUG org.apache.http.headers - >> Connection: Keep-Alive
2022-01-26_18:03:37.859 [main] DEBUG org.apache.http.headers - >> User-Agent: Apache-HttpClient/4.5.2 (Java/1.8.0_202)
2022-01-26_18:03:37.859 [main] DEBUG org.apache.http.headers - >> Accept-Encoding: gzip,deflate
2022-01-26_18:03:37.884 [main] DEBUG org.apache.http.wire -  << "HTTP/1.1 200 [\r][\n]"
2022-01-26_18:03:37.885 [main] DEBUG org.apache.http.wire -  << "Access-Control-Allow-Methods: GET, POST[\r][\n]"
2022-01-26_18:03:37.885 [main] DEBUG org.apache.http.wire -  << "Access-Control-Allow-Origin: *[\r][\n]"
2022-01-26_18:03:37.885 [main] DEBUG org.apache.http.wire -  << "Content-Security-Policy: default-src 'none'[\r][\n]"
2022-01-26_18:03:37.885 [main] DEBUG org.apache.http.wire -  << "Feature-Policy: 'none'[\r][\n]"
2022-01-26_18:03:37.885 [main] DEBUG org.apache.http.wire -  << "Referrer-Policy: no-referrer[\r][\n]"
2022-01-26_18:03:37.885 [main] DEBUG org.apache.http.wire -  << "Strict-Transport-Security: max-age=31536000 ; includeSubDomains[\r][\n]"
2022-01-26_18:03:37.885 [main] DEBUG org.apache.http.wire -  << "Date: Wed, 26 Jan 2022 12:33:37 GMT[\r][\n]"
2022-01-26_18:03:37.885 [main] DEBUG org.apache.http.wire -  << "Keep-Alive: timeout=60[\r][\n]"
2022-01-26_18:03:37.886 [main] DEBUG org.apache.http.wire -  << "Content-Type: application/json[\r][\n]"
2022-01-26_18:03:37.886 [main] DEBUG org.apache.http.wire -  << "Transfer-Encoding: chunked[\r][\n]"
2022-01-26_18:03:37.886 [main] DEBUG org.apache.http.wire -  << "Connection: keep-alive[\r][\n]"
2022-01-26_18:03:37.886 [main] DEBUG org.apache.http.wire -  << "[\r][\n]"
2022-01-26_18:03:37.886 [main] DEBUG o.a.h.i.conn.DefaultClientConnection - Receiving response: HTTP/1.1 200 
2022-01-26_18:03:37.886 [main] DEBUG org.apache.http.headers - << HTTP/1.1 200 
2022-01-26_18:03:37.887 [main] DEBUG org.apache.http.headers - << Access-Control-Allow-Methods: GET, POST
2022-01-26_18:03:37.887 [main] DEBUG org.apache.http.headers - << Access-Control-Allow-Origin: *
2022-01-26_18:03:37.887 [main] DEBUG org.apache.http.headers - << Content-Security-Policy: default-src 'none'
2022-01-26_18:03:37.887 [main] DEBUG org.apache.http.headers - << Feature-Policy: 'none'
2022-01-26_18:03:37.887 [main] DEBUG org.apache.http.headers - << Referrer-Policy: no-referrer
2022-01-26_18:03:37.887 [main] DEBUG org.apache.http.headers - << Strict-Transport-Security: max-age=31536000 ; includeSubDomains
2022-01-26_18:03:37.887 [main] DEBUG org.apache.http.headers - << Date: Wed, 26 Jan 2022 12:33:37 GMT
2022-01-26_18:03:37.887 [main] DEBUG org.apache.http.headers - << Keep-Alive: timeout=60
2022-01-26_18:03:37.887 [main] DEBUG org.apache.http.headers - << Content-Type: application/json
2022-01-26_18:03:37.887 [main] DEBUG org.apache.http.headers - << Transfer-Encoding: chunked
2022-01-26_18:03:37.888 [main] DEBUG org.apache.http.headers - << Connection: keep-alive
2022-01-26_18:03:37.888 [main] DEBUG o.a.h.impl.client.DefaultHttpClient - Connection can be kept alive for 60000 MILLISECONDS
2022-01-26_18:03:37.889 [main] DEBUG i.r.i.RequestSpecificationImpl$RestAssuredHttpBuilder - Parsing response as: application/json
2022-01-26_18:03:37.889 [main] DEBUG i.r.i.RequestSpecificationImpl$RestAssuredHttpBuilder - Parsed data to instance of: class org.apache.http.conn.EofSensorInputStream
2022-01-26_18:03:37.891 [main] INFO  com.qc.BaseAPI - Method :GET
2022-01-26_18:03:37.892 [main] INFO  com.qc.BaseAPI - URI :https://apitest.pineperks.in/auth/V1/generate/token
2022-01-26_18:03:37.892 [main] INFO  com.qc.BaseAPI - Headers :userName=A0aCcnPzDANtKmvSLPKcaw==
Accept=*/*
Content-Type=application/json; charset=UTF-8
2022-01-26_18:03:37.892 [main] INFO  com.qc.BaseAPI - Body :null
2022-01-26_18:03:37.892 [main] INFO  com.qc.BaseAPI - ********************RESPONSE********************
2022-01-26_18:03:37.892 [main] DEBUG org.apache.http.wire -  << "7f[\r][\n]"
2022-01-26_18:03:37.893 [main] DEBUG org.apache.http.wire -  << "{"accessToken":"ebd9fb78c4794198bf1709843e7d83f7","tokenExpiryTime":"26-Jan-2024","responseCode":0,"responseMessage":"Success"}"
2022-01-26_18:03:37.894 [main] DEBUG org.apache.http.wire -  << "[\r][\n]"
2022-01-26_18:03:37.894 [main] DEBUG org.apache.http.wire -  << "0[\r][\n]"
2022-01-26_18:03:37.894 [main] DEBUG org.apache.http.wire -  << "[\r][\n]"
2022-01-26_18:03:37.894 [main] DEBUG o.a.h.i.c.BasicClientConnectionManager - Releasing connection org.apache.http.impl.conn.ManagedClientConnectionImpl@281e8269
2022-01-26_18:03:37.895 [main] DEBUG o.a.h.i.c.BasicClientConnectionManager - Connection can be kept alive for 60000 MILLISECONDS
2022-01-26_18:03:37.895 [main] INFO  com.qc.BaseAPI - Response :{
    "accessToken": "ebd9fb78c4794198bf1709843e7d83f7",
    "tokenExpiryTime": "26-Jan-2024",
    "responseCode": 0,
    "responseMessage": "Success"
}
2022-01-26_18:03:37.895 [main] INFO  com.qc.BaseAPI -  **** GET call Response time 158 ms
2022-01-26_18:03:37.895 [main] INFO  pl.rest.service.Authorize - Time Taken to perform https://apitest.pineperks.in/auth/V1/generate/token transaction: 158
2022-01-26_18:03:37.900 [main] INFO  com.qc.qa.utils.TestDataReader - Reading Json data authorizeHeaders
2022-01-26_18:03:37.902 [main] INFO  com.qc.qa.utils.TestDataReader - Reading json data from file @ testData/api/devAPIData.json
2022-01-26_18:03:37.903 [main] INFO  pl.rest.service.CardIssue - CardIssue Rest API URL :- https://apitest.pineperks.in/card/order/V2/instant/issue/nonreloadable/digital
2022-01-26_18:03:37.904 [main] INFO  com.qc.BaseAPI - POST call to URL https://apitest.pineperks.in/card/order/V2/instant/issue/nonreloadable/digital
2022-01-26_18:03:37.910 [main] INFO  com.qc.BaseAPI - ********************REQUEST********************
2022-01-26_18:03:37.921 [main] DEBUG o.a.h.i.c.BasicClientConnectionManager - Get connection for route {s}->https://apitest.pineperks.in:443
2022-01-26_18:03:37.922 [main] DEBUG o.a.h.i.c.DefaultClientConnectionOperator - Connecting to apitest.pineperks.in:443
2022-01-26_18:03:38.041 [main] DEBUG o.a.h.c.protocol.RequestAddCookies - CookieSpec selected: ignoreCookies
2022-01-26_18:03:38.042 [main] DEBUG o.a.h.c.protocol.RequestAuthCache - Auth cache not set in the context
2022-01-26_18:03:38.042 [main] DEBUG o.a.h.c.p.RequestTargetAuthentication - Target auth state: UNCHALLENGED
2022-01-26_18:03:38.042 [main] DEBUG o.a.h.c.p.RequestProxyAuthentication - Proxy auth state: UNCHALLENGED
2022-01-26_18:03:38.042 [main] DEBUG o.a.h.impl.client.DefaultHttpClient - Attempt 1 to execute request
2022-01-26_18:03:38.042 [main] DEBUG o.a.h.i.conn.DefaultClientConnection - Sending request: POST /card/order/V2/instant/issue/nonreloadable/digital HTTP/1.1
2022-01-26_18:03:38.042 [main] DEBUG org.apache.http.wire -  >> "POST /card/order/V2/instant/issue/nonreloadable/digital HTTP/1.1[\r][\n]"
2022-01-26_18:03:38.043 [main] DEBUG org.apache.http.wire -  >> "X-PinePerks-UserName: A0aCcnPzDANtKmvSLPKcaw==[\r][\n]"
2022-01-26_18:03:38.043 [main] DEBUG org.apache.http.wire -  >> "Accept: */*[\r][\n]"
2022-01-26_18:03:38.043 [main] DEBUG org.apache.http.wire -  >> "X-PinePerks-Token: ebd9fb78c4794198bf1709843e7d83f7[\r][\n]"
2022-01-26_18:03:38.043 [main] DEBUG org.apache.http.wire -  >> "Content-Type: application/json; charset=UTF-8[\r][\n]"
2022-01-26_18:03:38.043 [main] DEBUG org.apache.http.wire -  >> "Content-Length: 211[\r][\n]"
2022-01-26_18:03:38.043 [main] DEBUG org.apache.http.wire -  >> "Host: apitest.pineperks.in[\r][\n]"
2022-01-26_18:03:38.043 [main] DEBUG org.apache.http.wire -  >> "Connection: Keep-Alive[\r][\n]"
2022-01-26_18:03:38.043 [main] DEBUG org.apache.http.wire -  >> "User-Agent: Apache-HttpClient/4.5.2 (Java/1.8.0_202)[\r][\n]"
2022-01-26_18:03:38.044 [main] DEBUG org.apache.http.wire -  >> "Accept-Encoding: gzip,deflate[\r][\n]"
2022-01-26_18:03:38.044 [main] DEBUG org.apache.http.wire -  >> "[\r][\n]"
2022-01-26_18:03:38.044 [main] DEBUG org.apache.http.headers - >> POST /card/order/V2/instant/issue/nonreloadable/digital HTTP/1.1
2022-01-26_18:03:38.044 [main] DEBUG org.apache.http.headers - >> X-PinePerks-UserName: A0aCcnPzDANtKmvSLPKcaw==
2022-01-26_18:03:38.044 [main] DEBUG org.apache.http.headers - >> Accept: */*
2022-01-26_18:03:38.044 [main] DEBUG org.apache.http.headers - >> X-PinePerks-Token: ebd9fb78c4794198bf1709843e7d83f7
2022-01-26_18:03:38.044 [main] DEBUG org.apache.http.headers - >> Content-Type: application/json; charset=UTF-8
2022-01-26_18:03:38.044 [main] DEBUG org.apache.http.headers - >> Content-Length: 211
2022-01-26_18:03:38.044 [main] DEBUG org.apache.http.headers - >> Host: apitest.pineperks.in
2022-01-26_18:03:38.044 [main] DEBUG org.apache.http.headers - >> Connection: Keep-Alive
2022-01-26_18:03:38.044 [main] DEBUG org.apache.http.headers - >> User-Agent: Apache-HttpClient/4.5.2 (Java/1.8.0_202)
2022-01-26_18:03:38.044 [main] DEBUG org.apache.http.headers - >> Accept-Encoding: gzip,deflate
2022-01-26_18:03:38.044 [main] DEBUG org.apache.http.wire -  >> "{"checksum":"5x3GNrnStyS2PkMvV6EeAw==","cardDetailList":[{"amount":"1000","mobileNumber":"8284854535","customerName":"afzal","email":"afzal.ahmed@pinelabs.com"}],"externalRequestId":"Teu4BL1","cardSchemeId":"7"}"
2022-01-26_18:03:38.358 [main] DEBUG org.apache.http.wire -  << "HTTP/1.1 200 [\r][\n]"
2022-01-26_18:03:38.358 [main] DEBUG org.apache.http.wire -  << "Access-Control-Allow-Methods: GET, POST[\r][\n]"
2022-01-26_18:03:38.358 [main] DEBUG org.apache.http.wire -  << "Access-Control-Allow-Origin: *[\r][\n]"
2022-01-26_18:03:38.358 [main] DEBUG org.apache.http.wire -  << "Content-Security-Policy: default-src 'none'[\r][\n]"
2022-01-26_18:03:38.358 [main] DEBUG org.apache.http.wire -  << "Feature-Policy: 'none'[\r][\n]"
2022-01-26_18:03:38.358 [main] DEBUG org.apache.http.wire -  << "Referrer-Policy: no-referrer[\r][\n]"
2022-01-26_18:03:38.358 [main] DEBUG org.apache.http.wire -  << "Strict-Transport-Security: max-age=31536000 ; includeSubDomains[\r][\n]"
2022-01-26_18:03:38.358 [main] DEBUG org.apache.http.wire -  << "Date: Wed, 26 Jan 2022 12:33:37 GMT[\r][\n]"
2022-01-26_18:03:38.358 [main] DEBUG org.apache.http.wire -  << "Keep-Alive: timeout=60[\r][\n]"
2022-01-26_18:03:38.358 [main] DEBUG org.apache.http.wire -  << "Content-Type: application/json[\r][\n]"
2022-01-26_18:03:38.358 [main] DEBUG org.apache.http.wire -  << "Transfer-Encoding: chunked[\r][\n]"
2022-01-26_18:03:38.359 [main] DEBUG org.apache.http.wire -  << "Connection: keep-alive[\r][\n]"
2022-01-26_18:03:38.359 [main] DEBUG org.apache.http.wire -  << "[\r][\n]"
2022-01-26_18:03:38.359 [main] DEBUG o.a.h.i.conn.DefaultClientConnection - Receiving response: HTTP/1.1 200 
2022-01-26_18:03:38.359 [main] DEBUG org.apache.http.headers - << HTTP/1.1 200 
2022-01-26_18:03:38.359 [main] DEBUG org.apache.http.headers - << Access-Control-Allow-Methods: GET, POST
2022-01-26_18:03:38.359 [main] DEBUG org.apache.http.headers - << Access-Control-Allow-Origin: *
2022-01-26_18:03:38.359 [main] DEBUG org.apache.http.headers - << Content-Security-Policy: default-src 'none'
2022-01-26_18:03:38.359 [main] DEBUG org.apache.http.headers - << Feature-Policy: 'none'
2022-01-26_18:03:38.359 [main] DEBUG org.apache.http.headers - << Referrer-Policy: no-referrer
2022-01-26_18:03:38.359 [main] DEBUG org.apache.http.headers - << Strict-Transport-Security: max-age=31536000 ; includeSubDomains
2022-01-26_18:03:38.359 [main] DEBUG org.apache.http.headers - << Date: Wed, 26 Jan 2022 12:33:37 GMT
2022-01-26_18:03:38.359 [main] DEBUG org.apache.http.headers - << Keep-Alive: timeout=60
2022-01-26_18:03:38.359 [main] DEBUG org.apache.http.headers - << Content-Type: application/json
2022-01-26_18:03:38.359 [main] DEBUG org.apache.http.headers - << Transfer-Encoding: chunked
2022-01-26_18:03:38.359 [main] DEBUG org.apache.http.headers - << Connection: keep-alive
2022-01-26_18:03:38.359 [main] DEBUG o.a.h.impl.client.DefaultHttpClient - Connection can be kept alive for 60000 MILLISECONDS
2022-01-26_18:03:38.359 [main] DEBUG i.r.i.RequestSpecificationImpl$RestAssuredHttpBuilder - Parsing response as: application/json
2022-01-26_18:03:38.359 [main] DEBUG i.r.i.RequestSpecificationImpl$RestAssuredHttpBuilder - Parsed data to instance of: class org.apache.http.conn.EofSensorInputStream
2022-01-26_18:03:38.359 [main] INFO  com.qc.BaseAPI - Method :POST
2022-01-26_18:03:38.361 [main] INFO  com.qc.BaseAPI - URI :https://apitest.pineperks.in/card/order/V2/instant/issue/nonreloadable/digital
2022-01-26_18:03:38.361 [main] INFO  com.qc.BaseAPI - Headers :X-PinePerks-Token=ebd9fb78c4794198bf1709843e7d83f7
X-PinePerks-UserName=A0aCcnPzDANtKmvSLPKcaw==
Accept=*/*
Content-Type=application/json; charset=UTF-8
2022-01-26_18:03:38.361 [main] INFO  com.qc.BaseAPI - Body :{"checksum":"5x3GNrnStyS2PkMvV6EeAw==","cardDetailList":[{"amount":"1000","mobileNumber":"8284854535","customerName":"afzal","email":"afzal.ahmed@pinelabs.com"}],"externalRequestId":"Teu4BL1","cardSchemeId":"7"}
2022-01-26_18:03:38.361 [main] INFO  com.qc.BaseAPI - ********************RESPONSE********************
2022-01-26_18:03:38.361 [main] DEBUG org.apache.http.wire -  << "1f2[\r][\n]"
2022-01-26_18:03:38.361 [main] DEBUG org.apache.http.wire -  << "{"externalRequestId":"Teu4BL1","orderId":103005,"orderStatus":6,"cardDetailResponseList":[{"referenceNumber":8623176563,"serialNumber":10300500010001,"customerName":"afzal","mobileNumber":8284854535,"email":"afzal.ahmed@pinelabs.com","amount":1000,"cardLink":"test.pineperks.in/eCard?c=ijA.vFRZLaMRiTddnlDMiQ2","responseCode":0,"responseMessage":"Success"}],"successCount":1,"failedCount":0,"orderAmount":1000,"issuanceCharge":100,"netOrderAmount":1100,"responseCode":0,"responseMessage":"Success"}"
2022-01-26_18:03:38.361 [main] DEBUG org.apache.http.wire -  << "[\r][\n]"
2022-01-26_18:03:38.361 [main] DEBUG org.apache.http.wire -  << "0[\r][\n]"
2022-01-26_18:03:38.361 [main] DEBUG org.apache.http.wire -  << "[\r][\n]"
2022-01-26_18:03:38.361 [main] DEBUG o.a.h.i.c.BasicClientConnectionManager - Releasing connection org.apache.http.impl.conn.ManagedClientConnectionImpl@3092f748
2022-01-26_18:03:38.361 [main] DEBUG o.a.h.i.c.BasicClientConnectionManager - Connection can be kept alive for 60000 MILLISECONDS
2022-01-26_18:03:38.362 [main] INFO  com.qc.BaseAPI - Response :{
    "externalRequestId": "Teu4BL1",
    "orderId": 103005,
    "orderStatus": 6,
    "cardDetailResponseList": [
        {
            "referenceNumber": 8623176563,
            "serialNumber": 10300500010001,
            "customerName": "afzal",
            "mobileNumber": 8284854535,
            "email": "afzal.ahmed@pinelabs.com",
            "amount": 1000,
            "cardLink": "test.pineperks.in/eCard?c=ijA.vFRZLaMRiTddnlDMiQ2",
            "responseCode": 0,
            "responseMessage": "Success"
        }
    ],
    "successCount": 1,
    "failedCount": 0,
    "orderAmount": 1000,
    "issuanceCharge": 100,
    "netOrderAmount": 1100,
    "responseCode": 0,
    "responseMessage": "Success"
}
2022-01-26_18:03:38.363 [main] INFO  com.qc.BaseAPI -  **** POST call Response time 447 ms
2022-01-26_18:03:38.363 [main] INFO  pl.rest.service.CardIssue - Time Taken to perform https://apitest.pineperks.in/card/order/V2/instant/issue/nonreloadable/digital transaction: 447
