2021-12-14_22:13:00.473 [main] INFO  com.qc.qa.utils.TestDataReader - Reading API Test Data config values from  testData/api/devAPITestData.properties
2021-12-14_22:13:00.484 [main] INFO  pl.rest.service.Authorize - Authorize Rest API URL :- https://apitest.pineperks.in/auth/V1/generate/token
2021-12-14_22:13:00.484 [main] INFO  com.qc.BaseAPI - GET call to URL https://apitest.pineperks.in/auth/V1/generate/token
2021-12-14_22:13:00.723 [main] INFO  com.qc.BaseAPI - ********************REQUEST********************
2021-12-14_22:13:02.285 [main] DEBUG o.a.h.i.c.BasicClientConnectionManager - Get connection for route {s}->https://apitest.pineperks.in:443
2021-12-14_22:13:02.401 [main] DEBUG o.a.h.i.c.DefaultClientConnectionOperator - Connecting to apitest.pineperks.in:443
2021-12-14_22:13:02.827 [main] DEBUG o.a.h.c.protocol.RequestAddCookies - CookieSpec selected: ignoreCookies
2021-12-14_22:13:02.835 [main] DEBUG o.a.h.c.protocol.RequestAuthCache - Auth cache not set in the context
2021-12-14_22:13:02.835 [main] DEBUG o.a.h.c.p.RequestTargetAuthentication - Target auth state: UNCHALLENGED
2021-12-14_22:13:02.835 [main] DEBUG o.a.h.c.p.RequestProxyAuthentication - Proxy auth state: UNCHALLENGED
2021-12-14_22:13:02.837 [main] DEBUG o.a.h.impl.client.DefaultHttpClient - Attempt 1 to execute request
2021-12-14_22:13:02.837 [main] DEBUG o.a.h.i.conn.DefaultClientConnection - Sending request: GET /auth/V1/generate/token HTTP/1.1
2021-12-14_22:13:02.838 [main] DEBUG org.apache.http.wire -  >> "GET /auth/V1/generate/token HTTP/1.1[\r][\n]"
2021-12-14_22:13:02.838 [main] DEBUG org.apache.http.wire -  >> "Content-Type: application/json; charset=UTF-8[\r][\n]"
2021-12-14_22:13:02.838 [main] DEBUG org.apache.http.wire -  >> "Accept: */*[\r][\n]"
2021-12-14_22:13:02.838 [main] DEBUG org.apache.http.wire -  >> "userName: A0aCcnPzDANtKmvSLPKcaw==[\r][\n]"
2021-12-14_22:13:02.838 [main] DEBUG org.apache.http.wire -  >> "Host: apitest.pineperks.in[\r][\n]"
2021-12-14_22:13:02.838 [main] DEBUG org.apache.http.wire -  >> "Connection: Keep-Alive[\r][\n]"
2021-12-14_22:13:02.838 [main] DEBUG org.apache.http.wire -  >> "User-Agent: Apache-HttpClient/4.5.2 (Java/1.8.0_202)[\r][\n]"
2021-12-14_22:13:02.838 [main] DEBUG org.apache.http.wire -  >> "Accept-Encoding: gzip,deflate[\r][\n]"
2021-12-14_22:13:02.838 [main] DEBUG org.apache.http.wire -  >> "[\r][\n]"
2021-12-14_22:13:02.838 [main] DEBUG org.apache.http.headers - >> GET /auth/V1/generate/token HTTP/1.1
2021-12-14_22:13:02.838 [main] DEBUG org.apache.http.headers - >> Content-Type: application/json; charset=UTF-8
2021-12-14_22:13:02.838 [main] DEBUG org.apache.http.headers - >> Accept: */*
2021-12-14_22:13:02.838 [main] DEBUG org.apache.http.headers - >> userName: A0aCcnPzDANtKmvSLPKcaw==
2021-12-14_22:13:02.838 [main] DEBUG org.apache.http.headers - >> Host: apitest.pineperks.in
2021-12-14_22:13:02.838 [main] DEBUG org.apache.http.headers - >> Connection: Keep-Alive
2021-12-14_22:13:02.838 [main] DEBUG org.apache.http.headers - >> User-Agent: Apache-HttpClient/4.5.2 (Java/1.8.0_202)
2021-12-14_22:13:02.838 [main] DEBUG org.apache.http.headers - >> Accept-Encoding: gzip,deflate
2021-12-14_22:13:02.940 [main] DEBUG org.apache.http.wire -  << "HTTP/1.1 200 [\r][\n]"
2021-12-14_22:13:02.940 [main] DEBUG org.apache.http.wire -  << "Access-Control-Allow-Methods: GET, POST[\r][\n]"
2021-12-14_22:13:02.940 [main] DEBUG org.apache.http.wire -  << "Access-Control-Allow-Origin: *[\r][\n]"
2021-12-14_22:13:02.940 [main] DEBUG org.apache.http.wire -  << "Content-Security-Policy: default-src 'none'[\r][\n]"
2021-12-14_22:13:02.940 [main] DEBUG org.apache.http.wire -  << "Feature-Policy: 'none'[\r][\n]"
2021-12-14_22:13:02.940 [main] DEBUG org.apache.http.wire -  << "Referrer-Policy: no-referrer[\r][\n]"
2021-12-14_22:13:02.940 [main] DEBUG org.apache.http.wire -  << "Strict-Transport-Security: max-age=31536000 ; includeSubDomains[\r][\n]"
2021-12-14_22:13:02.940 [main] DEBUG org.apache.http.wire -  << "Date: Tue, 14 Dec 2021 16:43:03 GMT[\r][\n]"
2021-12-14_22:13:02.940 [main] DEBUG org.apache.http.wire -  << "Keep-Alive: timeout=60[\r][\n]"
2021-12-14_22:13:02.949 [main] DEBUG org.apache.http.wire -  << "Content-Type: application/json[\r][\n]"
2021-12-14_22:13:02.949 [main] DEBUG org.apache.http.wire -  << "Transfer-Encoding: chunked[\r][\n]"
2021-12-14_22:13:02.949 [main] DEBUG org.apache.http.wire -  << "Connection: keep-alive[\r][\n]"
2021-12-14_22:13:02.949 [main] DEBUG org.apache.http.wire -  << "[\r][\n]"
2021-12-14_22:13:02.949 [main] DEBUG o.a.h.i.conn.DefaultClientConnection - Receiving response: HTTP/1.1 200 
2021-12-14_22:13:02.949 [main] DEBUG org.apache.http.headers - << HTTP/1.1 200 
2021-12-14_22:13:02.952 [main] DEBUG org.apache.http.headers - << Access-Control-Allow-Methods: GET, POST
2021-12-14_22:13:02.952 [main] DEBUG org.apache.http.headers - << Access-Control-Allow-Origin: *
2021-12-14_22:13:02.952 [main] DEBUG org.apache.http.headers - << Content-Security-Policy: default-src 'none'
2021-12-14_22:13:02.952 [main] DEBUG org.apache.http.headers - << Feature-Policy: 'none'
2021-12-14_22:13:02.952 [main] DEBUG org.apache.http.headers - << Referrer-Policy: no-referrer
2021-12-14_22:13:02.952 [main] DEBUG org.apache.http.headers - << Strict-Transport-Security: max-age=31536000 ; includeSubDomains
2021-12-14_22:13:02.952 [main] DEBUG org.apache.http.headers - << Date: Tue, 14 Dec 2021 16:43:03 GMT
2021-12-14_22:13:02.952 [main] DEBUG org.apache.http.headers - << Keep-Alive: timeout=60
2021-12-14_22:13:02.952 [main] DEBUG org.apache.http.headers - << Content-Type: application/json
2021-12-14_22:13:02.952 [main] DEBUG org.apache.http.headers - << Transfer-Encoding: chunked
2021-12-14_22:13:02.952 [main] DEBUG org.apache.http.headers - << Connection: keep-alive
2021-12-14_22:13:02.961 [main] DEBUG o.a.h.impl.client.DefaultHttpClient - Connection can be kept alive for 60000 MILLISECONDS
2021-12-14_22:13:02.994 [main] DEBUG i.r.i.RequestSpecificationImpl$RestAssuredHttpBuilder - Parsing response as: application/json
2021-12-14_22:13:02.994 [main] DEBUG i.r.i.RequestSpecificationImpl$RestAssuredHttpBuilder - Parsed data to instance of: class org.apache.http.conn.EofSensorInputStream
2021-12-14_22:13:03.010 [main] INFO  com.qc.BaseAPI - Method :GET
2021-12-14_22:13:03.010 [main] INFO  com.qc.BaseAPI - URI :https://apitest.pineperks.in/auth/V1/generate/token
2021-12-14_22:13:03.010 [main] INFO  com.qc.BaseAPI - Headers :userName=A0aCcnPzDANtKmvSLPKcaw==
Accept=*/*
Content-Type=application/json; charset=UTF-8
2021-12-14_22:13:03.010 [main] INFO  com.qc.BaseAPI - Body :null
2021-12-14_22:13:03.010 [main] INFO  com.qc.BaseAPI - ********************RESPONSE********************
2021-12-14_22:13:03.019 [main] DEBUG org.apache.http.wire -  << "7f[\r][\n]"
2021-12-14_22:13:03.026 [main] DEBUG org.apache.http.wire -  << "{"accessToken":"68d4848573ad4546b26ba2b96d5fe319","tokenExpiryTime":"15-Dec-2021","responseCode":0,"responseMessage":"Success"}"
2021-12-14_22:13:03.026 [main] DEBUG org.apache.http.wire -  << "[\r][\n]"
2021-12-14_22:13:03.026 [main] DEBUG org.apache.http.wire -  << "0[\r][\n]"
2021-12-14_22:13:03.026 [main] DEBUG org.apache.http.wire -  << "[\r][\n]"
2021-12-14_22:13:03.026 [main] DEBUG o.a.h.i.c.BasicClientConnectionManager - Releasing connection org.apache.http.impl.conn.ManagedClientConnectionImpl@4596c078
2021-12-14_22:13:03.026 [main] DEBUG o.a.h.i.c.BasicClientConnectionManager - Connection can be kept alive for 60000 MILLISECONDS
2021-12-14_22:13:03.059 [main] INFO  com.qc.BaseAPI - Response :{
    "accessToken": "68d4848573ad4546b26ba2b96d5fe319",
    "tokenExpiryTime": "15-Dec-2021",
    "responseCode": 0,
    "responseMessage": "Success"
}
2021-12-14_22:13:03.059 [main] INFO  com.qc.BaseAPI -  **** GET call Response time 2279 ms
2021-12-14_22:13:03.059 [main] INFO  pl.rest.service.Authorize - Time Taken to perform https://apitest.pineperks.in/auth/V1/generate/token transaction: 2279
2021-12-14_22:13:03.369 [main] INFO  com.qc.qa.utils.TestDataReader - Reading Json data authorizeHeaders
2021-12-14_22:13:03.380 [main] INFO  com.qc.qa.utils.TestDataReader - Reading json data from file @ testData/api/devAPIData.json
2021-12-14_22:13:03.405 [main] INFO  pl.rest.service.CardIssue - CardIssue Rest API URL :- https://apitest.pineperks.in/card/order/V1/instant/issue/nonreloadable/digital
2021-12-14_22:13:03.405 [main] INFO  com.qc.BaseAPI - POST call to URL https://apitest.pineperks.in/card/order/V1/instant/issue/nonreloadable/digital
2021-12-14_22:13:03.418 [main] INFO  com.qc.BaseAPI - ********************REQUEST********************
2021-12-14_22:13:03.456 [main] DEBUG o.a.h.i.c.BasicClientConnectionManager - Get connection for route {s}->https://apitest.pineperks.in:443
2021-12-14_22:13:03.456 [main] DEBUG o.a.h.i.c.DefaultClientConnectionOperator - Connecting to apitest.pineperks.in:443
2021-12-14_22:13:03.599 [main] DEBUG o.a.h.c.protocol.RequestAddCookies - CookieSpec selected: ignoreCookies
2021-12-14_22:13:03.599 [main] DEBUG o.a.h.c.protocol.RequestAuthCache - Auth cache not set in the context
2021-12-14_22:13:03.599 [main] DEBUG o.a.h.c.p.RequestTargetAuthentication - Target auth state: UNCHALLENGED
2021-12-14_22:13:03.599 [main] DEBUG o.a.h.c.p.RequestProxyAuthentication - Proxy auth state: UNCHALLENGED
2021-12-14_22:13:03.599 [main] DEBUG o.a.h.impl.client.DefaultHttpClient - Attempt 1 to execute request
2021-12-14_22:13:03.599 [main] DEBUG o.a.h.i.conn.DefaultClientConnection - Sending request: POST /card/order/V1/instant/issue/nonreloadable/digital HTTP/1.1
2021-12-14_22:13:03.599 [main] DEBUG org.apache.http.wire -  >> "POST /card/order/V1/instant/issue/nonreloadable/digital HTTP/1.1[\r][\n]"
2021-12-14_22:13:03.599 [main] DEBUG org.apache.http.wire -  >> "Accept: */*[\r][\n]"
2021-12-14_22:13:03.599 [main] DEBUG org.apache.http.wire -  >> "userName : A0aCcnPzDANtKmvSLPKcaw==[\r][\n]"
2021-12-14_22:13:03.599 [main] DEBUG org.apache.http.wire -  >> "token: 68d4848573ad4546b26ba2b96d5fe319[\r][\n]"
2021-12-14_22:13:03.599 [main] DEBUG org.apache.http.wire -  >> "Content-Type: application/json; charset=UTF-8[\r][\n]"
2021-12-14_22:13:03.599 [main] DEBUG org.apache.http.wire -  >> "Content-Length: 246[\r][\n]"
2021-12-14_22:13:03.599 [main] DEBUG org.apache.http.wire -  >> "Host: apitest.pineperks.in[\r][\n]"
2021-12-14_22:13:03.599 [main] DEBUG org.apache.http.wire -  >> "Connection: Keep-Alive[\r][\n]"
2021-12-14_22:13:03.599 [main] DEBUG org.apache.http.wire -  >> "User-Agent: Apache-HttpClient/4.5.2 (Java/1.8.0_202)[\r][\n]"
2021-12-14_22:13:03.599 [main] DEBUG org.apache.http.wire -  >> "Accept-Encoding: gzip,deflate[\r][\n]"
2021-12-14_22:13:03.599 [main] DEBUG org.apache.http.wire -  >> "[\r][\n]"
2021-12-14_22:13:03.599 [main] DEBUG org.apache.http.headers - >> POST /card/order/V1/instant/issue/nonreloadable/digital HTTP/1.1
2021-12-14_22:13:03.599 [main] DEBUG org.apache.http.headers - >> Accept: */*
2021-12-14_22:13:03.599 [main] DEBUG org.apache.http.headers - >> userName : A0aCcnPzDANtKmvSLPKcaw==
2021-12-14_22:13:03.599 [main] DEBUG org.apache.http.headers - >> token: 68d4848573ad4546b26ba2b96d5fe319
2021-12-14_22:13:03.599 [main] DEBUG org.apache.http.headers - >> Content-Type: application/json; charset=UTF-8
2021-12-14_22:13:03.599 [main] DEBUG org.apache.http.headers - >> Content-Length: 246
2021-12-14_22:13:03.599 [main] DEBUG org.apache.http.headers - >> Host: apitest.pineperks.in
2021-12-14_22:13:03.599 [main] DEBUG org.apache.http.headers - >> Connection: Keep-Alive
2021-12-14_22:13:03.599 [main] DEBUG org.apache.http.headers - >> User-Agent: Apache-HttpClient/4.5.2 (Java/1.8.0_202)
2021-12-14_22:13:03.599 [main] DEBUG org.apache.http.headers - >> Accept-Encoding: gzip,deflate
2021-12-14_22:13:03.599 [main] DEBUG org.apache.http.wire -  >> "{"isLinkToBeSentOnMobile":true,"checksum":"5x3GNrnStyS2PkMvV6EeAw==","cardDetailList":[{"amount":"1000","mobileNumber":"9876543210","customerName":"APITestOne","email":"afzal.ahmed@pinelabs.com"}],"externalRequestId":"K105nTq","cardSchemeId":"7"}"
2021-12-14_22:13:03.620 [main] DEBUG org.apache.http.wire -  << "HTTP/1.1 400 [\r][\n]"
2021-12-14_22:13:03.620 [main] DEBUG org.apache.http.wire -  << "Content-Type: text/html;charset=utf-8[\r][\n]"
2021-12-14_22:13:03.620 [main] DEBUG org.apache.http.wire -  << "Content-Language: en[\r][\n]"
2021-12-14_22:13:03.620 [main] DEBUG org.apache.http.wire -  << "Content-Length: 435[\r][\n]"
2021-12-14_22:13:03.620 [main] DEBUG org.apache.http.wire -  << "Date: Tue, 14 Dec 2021 16:43:03 GMT[\r][\n]"
2021-12-14_22:13:03.620 [main] DEBUG org.apache.http.wire -  << "Connection: close[\r][\n]"
2021-12-14_22:13:03.620 [main] DEBUG org.apache.http.wire -  << "[\r][\n]"
2021-12-14_22:13:03.620 [main] DEBUG o.a.h.i.conn.DefaultClientConnection - Receiving response: HTTP/1.1 400 
2021-12-14_22:13:03.620 [main] DEBUG org.apache.http.headers - << HTTP/1.1 400 
2021-12-14_22:13:03.620 [main] DEBUG org.apache.http.headers - << Content-Type: text/html;charset=utf-8
2021-12-14_22:13:03.620 [main] DEBUG org.apache.http.headers - << Content-Language: en
2021-12-14_22:13:03.620 [main] DEBUG org.apache.http.headers - << Content-Length: 435
2021-12-14_22:13:03.620 [main] DEBUG org.apache.http.headers - << Date: Tue, 14 Dec 2021 16:43:03 GMT
2021-12-14_22:13:03.620 [main] DEBUG org.apache.http.headers - << Connection: close
2021-12-14_22:13:03.628 [main] DEBUG i.r.i.RequestSpecificationImpl$RestAssuredHttpBuilder - Parsing response as: text/html;charset=utf-8
2021-12-14_22:13:03.628 [main] DEBUG i.r.i.RequestSpecificationImpl$RestAssuredHttpBuilder - Parsed data to instance of: class org.apache.http.conn.EofSensorInputStream
2021-12-14_22:13:03.628 [main] INFO  com.qc.BaseAPI - Method :POST
2021-12-14_22:13:03.628 [main] INFO  com.qc.BaseAPI - URI :https://apitest.pineperks.in/card/order/V1/instant/issue/nonreloadable/digital
2021-12-14_22:13:03.637 [main] INFO  com.qc.BaseAPI - Headers :token=68d4848573ad4546b26ba2b96d5fe319
userName =A0aCcnPzDANtKmvSLPKcaw==
Accept=*/*
Content-Type=application/json; charset=UTF-8
2021-12-14_22:13:03.637 [main] INFO  com.qc.BaseAPI - Body :{"isLinkToBeSentOnMobile":true,"checksum":"5x3GNrnStyS2PkMvV6EeAw==","cardDetailList":[{"amount":"1000","mobileNumber":"9876543210","customerName":"APITestOne","email":"afzal.ahmed@pinelabs.com"}],"externalRequestId":"K105nTq","cardSchemeId":"7"}
2021-12-14_22:13:03.637 [main] INFO  com.qc.BaseAPI - ********************RESPONSE********************
2021-12-14_22:13:03.637 [main] DEBUG org.apache.http.wire -  << "<!doctype html><html lang="en"><head><title>HTTP Status 400 [0xe2][0x80][0x93] Bad Request</title><style type="text/css">body {font-family:Tahoma,Arial,sans-serif;} h1, h2, h3, b {color:white;background-color:#525D76;} h1 {font-size:22px;} h2 {font-size:16px;} h3 {font-size:14px;} p {font-size:12px;} a {color:black;} .line {height:1px;background-color:#525D76;border:none;}</style></head><body><h1>HTTP Status 400 [0xe2][0x80][0x93] Bad Request</h1></body></html>"
2021-12-14_22:13:03.637 [main] DEBUG o.a.h.i.c.BasicClientConnectionManager - Releasing connection org.apache.http.impl.conn.ManagedClientConnectionImpl@4f8e7f46
2021-12-14_22:13:03.637 [main] DEBUG o.a.h.i.conn.DefaultClientConnection - Connection 0.0.0.0:63959<->14.143.120.84:443 shut down
2021-12-14_22:13:03.943 [main] INFO  com.qc.BaseAPI - Response :<html lang="en">
  <head>
    <title>HTTP Status 400 – Bad Request</title>
    <style type="text/css">body {font-family:Tahoma,Arial,sans-serif;} h1, h2, h3, b {color:white;background-color:#525D76;} h1 {font-size:22px;} h2 {font-size:16px;} h3 {font-size:14px;} p {font-size:12px;} a {color:black;} .line {height:1px;background-color:#525D76;border:none;}</style>
  </head>
  <body>
    <h1>HTTP Status 400 – Bad Request</h1>
  </body>
</html>
2021-12-14_22:13:03.945 [main] INFO  com.qc.BaseAPI -  **** POST call Response time 208 ms
2021-12-14_22:13:03.945 [main] INFO  pl.rest.service.CardIssue - Time Taken to perform https://apitest.pineperks.in/card/order/V1/instant/issue/nonreloadable/digital transaction: 208
