2021-12-24_11:12:23.461 [main] INFO  pl.rest.CustomHooks - SCENARIO NAME: Validating the response of the card card detail API with the database
2021-12-24_11:12:23.465 [main] INFO  pl.rest.CustomHooks - TAG NAMEs: [@Regression, @DB]
2021-12-24_11:12:23.469 [main] INFO  pl.rest.CustomHooks - SCENARIO NAME: Validating the response of the card card detail API with the database
2021-12-24_11:12:23.470 [main] INFO  pl.rest.CustomHooks - TAG NAMEs: [@Regression, @DB]
2021-12-24_11:12:23.545 [main] INFO  pl.rest.CustomHooks - Index: 0, Size: 0
2021-12-24_11:12:25.802 [main] INFO  com.qc.qa.utils.TestDataReader - Reading API Test Data config values from  testData/api/devAPITestData.properties
2021-12-24_11:12:25.817 [main] INFO  pl.rest.service.Authorize - Authorize Rest API URL :- https://apitest.pineperks.in/auth/V1/generate/token
2021-12-24_11:12:25.818 [main] INFO  com.qc.BaseAPI - GET call to URL https://apitest.pineperks.in/auth/V1/generate/token
2021-12-24_11:12:26.218 [main] INFO  com.qc.BaseAPI - ********************REQUEST********************
2021-12-24_11:12:28.466 [main] DEBUG o.a.h.i.c.BasicClientConnectionManager - Get connection for route {s}->https://apitest.pineperks.in:443
2021-12-24_11:12:28.536 [main] DEBUG o.a.h.i.c.DefaultClientConnectionOperator - Connecting to apitest.pineperks.in:443
2021-12-24_11:12:28.767 [main] DEBUG o.a.h.c.protocol.RequestAddCookies - CookieSpec selected: ignoreCookies
2021-12-24_11:12:28.770 [main] DEBUG o.a.h.c.protocol.RequestAuthCache - Auth cache not set in the context
2021-12-24_11:12:28.770 [main] DEBUG o.a.h.c.p.RequestTargetAuthentication - Target auth state: UNCHALLENGED
2021-12-24_11:12:28.772 [main] DEBUG o.a.h.c.p.RequestProxyAuthentication - Proxy auth state: UNCHALLENGED
2021-12-24_11:12:28.772 [main] DEBUG o.a.h.impl.client.DefaultHttpClient - Attempt 1 to execute request
2021-12-24_11:12:28.772 [main] DEBUG o.a.h.i.conn.DefaultClientConnection - Sending request: GET /auth/V1/generate/token HTTP/1.1
2021-12-24_11:12:28.772 [main] DEBUG org.apache.http.wire -  >> "GET /auth/V1/generate/token HTTP/1.1[\r][\n]"
2021-12-24_11:12:28.774 [main] DEBUG org.apache.http.wire -  >> "Content-Type: application/json; charset=UTF-8[\r][\n]"
2021-12-24_11:12:28.774 [main] DEBUG org.apache.http.wire -  >> "Accept: */*[\r][\n]"
2021-12-24_11:12:28.774 [main] DEBUG org.apache.http.wire -  >> "userName: A0aCcnPzDANtKmvSLPKcaw==[\r][\n]"
2021-12-24_11:12:28.774 [main] DEBUG org.apache.http.wire -  >> "Host: apitest.pineperks.in[\r][\n]"
2021-12-24_11:12:28.774 [main] DEBUG org.apache.http.wire -  >> "Connection: Keep-Alive[\r][\n]"
2021-12-24_11:12:28.774 [main] DEBUG org.apache.http.wire -  >> "User-Agent: Apache-HttpClient/4.5.2 (Java/1.8.0_202)[\r][\n]"
2021-12-24_11:12:28.774 [main] DEBUG org.apache.http.wire -  >> "Accept-Encoding: gzip,deflate[\r][\n]"
2021-12-24_11:12:28.774 [main] DEBUG org.apache.http.wire -  >> "[\r][\n]"
2021-12-24_11:12:28.774 [main] DEBUG org.apache.http.headers - >> GET /auth/V1/generate/token HTTP/1.1
2021-12-24_11:12:28.775 [main] DEBUG org.apache.http.headers - >> Content-Type: application/json; charset=UTF-8
2021-12-24_11:12:28.775 [main] DEBUG org.apache.http.headers - >> Accept: */*
2021-12-24_11:12:28.775 [main] DEBUG org.apache.http.headers - >> userName: A0aCcnPzDANtKmvSLPKcaw==
2021-12-24_11:12:28.775 [main] DEBUG org.apache.http.headers - >> Host: apitest.pineperks.in
2021-12-24_11:12:28.775 [main] DEBUG org.apache.http.headers - >> Connection: Keep-Alive
2021-12-24_11:12:28.775 [main] DEBUG org.apache.http.headers - >> User-Agent: Apache-HttpClient/4.5.2 (Java/1.8.0_202)
2021-12-24_11:12:28.775 [main] DEBUG org.apache.http.headers - >> Accept-Encoding: gzip,deflate
2021-12-24_11:12:28.808 [main] DEBUG org.apache.http.wire -  << "HTTP/1.1 200 [\r][\n]"
2021-12-24_11:12:28.810 [main] DEBUG org.apache.http.wire -  << "Access-Control-Allow-Methods: GET, POST[\r][\n]"
2021-12-24_11:12:28.810 [main] DEBUG org.apache.http.wire -  << "Access-Control-Allow-Origin: *[\r][\n]"
2021-12-24_11:12:28.810 [main] DEBUG org.apache.http.wire -  << "Content-Security-Policy: default-src 'none'[\r][\n]"
2021-12-24_11:12:28.810 [main] DEBUG org.apache.http.wire -  << "Feature-Policy: 'none'[\r][\n]"
2021-12-24_11:12:28.811 [main] DEBUG org.apache.http.wire -  << "Referrer-Policy: no-referrer[\r][\n]"
2021-12-24_11:12:28.811 [main] DEBUG org.apache.http.wire -  << "Strict-Transport-Security: max-age=31536000 ; includeSubDomains[\r][\n]"
2021-12-24_11:12:28.811 [main] DEBUG org.apache.http.wire -  << "Date: Fri, 24 Dec 2021 05:42:29 GMT[\r][\n]"
2021-12-24_11:12:28.811 [main] DEBUG org.apache.http.wire -  << "Keep-Alive: timeout=60[\r][\n]"
2021-12-24_11:12:28.811 [main] DEBUG org.apache.http.wire -  << "Content-Type: application/json[\r][\n]"
2021-12-24_11:12:28.811 [main] DEBUG org.apache.http.wire -  << "Transfer-Encoding: chunked[\r][\n]"
2021-12-24_11:12:28.811 [main] DEBUG org.apache.http.wire -  << "Connection: keep-alive[\r][\n]"
2021-12-24_11:12:28.811 [main] DEBUG org.apache.http.wire -  << "[\r][\n]"
2021-12-24_11:12:28.812 [main] DEBUG o.a.h.i.conn.DefaultClientConnection - Receiving response: HTTP/1.1 200 
2021-12-24_11:12:28.812 [main] DEBUG org.apache.http.headers - << HTTP/1.1 200 
2021-12-24_11:12:28.812 [main] DEBUG org.apache.http.headers - << Access-Control-Allow-Methods: GET, POST
2021-12-24_11:12:28.813 [main] DEBUG org.apache.http.headers - << Access-Control-Allow-Origin: *
2021-12-24_11:12:28.813 [main] DEBUG org.apache.http.headers - << Content-Security-Policy: default-src 'none'
2021-12-24_11:12:28.813 [main] DEBUG org.apache.http.headers - << Feature-Policy: 'none'
2021-12-24_11:12:28.813 [main] DEBUG org.apache.http.headers - << Referrer-Policy: no-referrer
2021-12-24_11:12:28.813 [main] DEBUG org.apache.http.headers - << Strict-Transport-Security: max-age=31536000 ; includeSubDomains
2021-12-24_11:12:28.813 [main] DEBUG org.apache.http.headers - << Date: Fri, 24 Dec 2021 05:42:29 GMT
2021-12-24_11:12:28.813 [main] DEBUG org.apache.http.headers - << Keep-Alive: timeout=60
2021-12-24_11:12:28.813 [main] DEBUG org.apache.http.headers - << Content-Type: application/json
2021-12-24_11:12:28.813 [main] DEBUG org.apache.http.headers - << Transfer-Encoding: chunked
2021-12-24_11:12:28.813 [main] DEBUG org.apache.http.headers - << Connection: keep-alive
2021-12-24_11:12:28.820 [main] DEBUG o.a.h.impl.client.DefaultHttpClient - Connection can be kept alive for 60000 MILLISECONDS
2021-12-24_11:12:28.842 [main] DEBUG i.r.i.RequestSpecificationImpl$RestAssuredHttpBuilder - Parsing response as: application/json
2021-12-24_11:12:28.843 [main] DEBUG i.r.i.RequestSpecificationImpl$RestAssuredHttpBuilder - Parsed data to instance of: class org.apache.http.conn.EofSensorInputStream
2021-12-24_11:12:28.858 [main] INFO  com.qc.BaseAPI - Method :GET
2021-12-24_11:12:28.860 [main] INFO  com.qc.BaseAPI - URI :https://apitest.pineperks.in/auth/V1/generate/token
2021-12-24_11:12:28.860 [main] INFO  com.qc.BaseAPI - Headers :userName=A0aCcnPzDANtKmvSLPKcaw==
Accept=*/*
Content-Type=application/json; charset=UTF-8
2021-12-24_11:12:28.860 [main] INFO  com.qc.BaseAPI - Body :null
2021-12-24_11:12:28.860 [main] INFO  com.qc.BaseAPI - ********************RESPONSE********************
2021-12-24_11:12:28.872 [main] DEBUG org.apache.http.wire -  << "7f[\r][\n]"
2021-12-24_11:12:28.872 [main] DEBUG org.apache.http.wire -  << "{"accessToken":"53ff1783f084499286673890b89fe909","tokenExpiryTime":"25-Dec-2021","responseCode":0,"responseMessage":"Success"}"
2021-12-24_11:12:28.873 [main] DEBUG org.apache.http.wire -  << "[\r][\n]"
2021-12-24_11:12:28.873 [main] DEBUG org.apache.http.wire -  << "0[\r][\n]"
2021-12-24_11:12:28.873 [main] DEBUG org.apache.http.wire -  << "[\r][\n]"
2021-12-24_11:12:28.874 [main] DEBUG o.a.h.i.c.BasicClientConnectionManager - Releasing connection org.apache.http.impl.conn.ManagedClientConnectionImpl@1d4451b4
2021-12-24_11:12:28.874 [main] DEBUG o.a.h.i.c.BasicClientConnectionManager - Connection can be kept alive for 60000 MILLISECONDS
2021-12-24_11:12:28.913 [main] INFO  com.qc.BaseAPI - Response :{
    "accessToken": "53ff1783f084499286673890b89fe909",
    "tokenExpiryTime": "25-Dec-2021",
    "responseCode": 0,
    "responseMessage": "Success"
}
2021-12-24_11:12:28.915 [main] INFO  com.qc.BaseAPI -  **** GET call Response time 2623 ms
2021-12-24_11:12:28.915 [main] INFO  pl.rest.service.Authorize - Time Taken to perform https://apitest.pineperks.in/auth/V1/generate/token transaction: 2623
2021-12-24_11:12:29.036 [main] INFO  pl.rest.CustomHooks - SCENARIO NAME: Issuing a non reloadable card and validation data with the card detail API response
2021-12-24_11:12:29.036 [main] INFO  pl.rest.CustomHooks - TAG NAMEs: [@Regression]
2021-12-24_11:12:29.037 [main] INFO  pl.rest.CustomHooks - SCENARIO NAME: Issuing a non reloadable card and validation data with the card detail API response
2021-12-24_11:12:29.037 [main] INFO  pl.rest.CustomHooks - TAG NAMEs: [@Regression]
2021-12-24_11:12:29.037 [main] INFO  pl.rest.CustomHooks - Index: 0, Size: 0
2021-12-24_11:12:29.549 [main] INFO  pl.rest.service.Authorize - Authorize Rest API URL :- https://apitest.pineperks.in/auth/V1/generate/token
2021-12-24_11:12:29.549 [main] INFO  com.qc.BaseAPI - GET call to URL https://apitest.pineperks.in/auth/V1/generate/token
2021-12-24_11:12:29.555 [main] INFO  com.qc.BaseAPI - ********************REQUEST********************
2021-12-24_11:12:29.575 [main] DEBUG o.a.h.i.c.BasicClientConnectionManager - Get connection for route {s}->https://apitest.pineperks.in:443
2021-12-24_11:12:29.576 [main] DEBUG o.a.h.i.c.DefaultClientConnectionOperator - Connecting to apitest.pineperks.in:443
2021-12-24_11:12:29.714 [main] DEBUG o.a.h.c.protocol.RequestAddCookies - CookieSpec selected: ignoreCookies
2021-12-24_11:12:29.715 [main] DEBUG o.a.h.c.protocol.RequestAuthCache - Auth cache not set in the context
2021-12-24_11:12:29.715 [main] DEBUG o.a.h.c.p.RequestTargetAuthentication - Target auth state: UNCHALLENGED
2021-12-24_11:12:29.715 [main] DEBUG o.a.h.c.p.RequestProxyAuthentication - Proxy auth state: UNCHALLENGED
2021-12-24_11:12:29.715 [main] DEBUG o.a.h.impl.client.DefaultHttpClient - Attempt 1 to execute request
2021-12-24_11:12:29.715 [main] DEBUG o.a.h.i.conn.DefaultClientConnection - Sending request: GET /auth/V1/generate/token HTTP/1.1
2021-12-24_11:12:29.715 [main] DEBUG org.apache.http.wire -  >> "GET /auth/V1/generate/token HTTP/1.1[\r][\n]"
2021-12-24_11:12:29.716 [main] DEBUG org.apache.http.wire -  >> "Content-Type: application/json; charset=UTF-8[\r][\n]"
2021-12-24_11:12:29.716 [main] DEBUG org.apache.http.wire -  >> "Accept: */*[\r][\n]"
2021-12-24_11:12:29.716 [main] DEBUG org.apache.http.wire -  >> "userName: A0aCcnPzDANtKmvSLPKcaw==[\r][\n]"
2021-12-24_11:12:29.716 [main] DEBUG org.apache.http.wire -  >> "Host: apitest.pineperks.in[\r][\n]"
2021-12-24_11:12:29.716 [main] DEBUG org.apache.http.wire -  >> "Connection: Keep-Alive[\r][\n]"
2021-12-24_11:12:29.717 [main] DEBUG org.apache.http.wire -  >> "User-Agent: Apache-HttpClient/4.5.2 (Java/1.8.0_202)[\r][\n]"
2021-12-24_11:12:29.717 [main] DEBUG org.apache.http.wire -  >> "Accept-Encoding: gzip,deflate[\r][\n]"
2021-12-24_11:12:29.717 [main] DEBUG org.apache.http.wire -  >> "[\r][\n]"
2021-12-24_11:12:29.717 [main] DEBUG org.apache.http.headers - >> GET /auth/V1/generate/token HTTP/1.1
2021-12-24_11:12:29.717 [main] DEBUG org.apache.http.headers - >> Content-Type: application/json; charset=UTF-8
2021-12-24_11:12:29.717 [main] DEBUG org.apache.http.headers - >> Accept: */*
2021-12-24_11:12:29.717 [main] DEBUG org.apache.http.headers - >> userName: A0aCcnPzDANtKmvSLPKcaw==
2021-12-24_11:12:29.717 [main] DEBUG org.apache.http.headers - >> Host: apitest.pineperks.in
2021-12-24_11:12:29.717 [main] DEBUG org.apache.http.headers - >> Connection: Keep-Alive
2021-12-24_11:12:29.717 [main] DEBUG org.apache.http.headers - >> User-Agent: Apache-HttpClient/4.5.2 (Java/1.8.0_202)
2021-12-24_11:12:29.717 [main] DEBUG org.apache.http.headers - >> Accept-Encoding: gzip,deflate
2021-12-24_11:12:29.754 [main] DEBUG org.apache.http.wire -  << "HTTP/1.1 200 [\r][\n]"
2021-12-24_11:12:29.755 [main] DEBUG org.apache.http.wire -  << "Access-Control-Allow-Methods: GET, POST[\r][\n]"
2021-12-24_11:12:29.755 [main] DEBUG org.apache.http.wire -  << "Access-Control-Allow-Origin: *[\r][\n]"
2021-12-24_11:12:29.755 [main] DEBUG org.apache.http.wire -  << "Content-Security-Policy: default-src 'none'[\r][\n]"
2021-12-24_11:12:29.756 [main] DEBUG org.apache.http.wire -  << "Feature-Policy: 'none'[\r][\n]"
2021-12-24_11:12:29.756 [main] DEBUG org.apache.http.wire -  << "Referrer-Policy: no-referrer[\r][\n]"
2021-12-24_11:12:29.756 [main] DEBUG org.apache.http.wire -  << "Strict-Transport-Security: max-age=31536000 ; includeSubDomains[\r][\n]"
2021-12-24_11:12:29.756 [main] DEBUG org.apache.http.wire -  << "Date: Fri, 24 Dec 2021 05:42:29 GMT[\r][\n]"
2021-12-24_11:12:29.756 [main] DEBUG org.apache.http.wire -  << "Keep-Alive: timeout=60[\r][\n]"
2021-12-24_11:12:29.756 [main] DEBUG org.apache.http.wire -  << "Content-Type: application/json[\r][\n]"
2021-12-24_11:12:29.756 [main] DEBUG org.apache.http.wire -  << "Transfer-Encoding: chunked[\r][\n]"
2021-12-24_11:12:29.757 [main] DEBUG org.apache.http.wire -  << "Connection: keep-alive[\r][\n]"
2021-12-24_11:12:29.757 [main] DEBUG org.apache.http.wire -  << "[\r][\n]"
2021-12-24_11:12:29.757 [main] DEBUG o.a.h.i.conn.DefaultClientConnection - Receiving response: HTTP/1.1 200 
2021-12-24_11:12:29.757 [main] DEBUG org.apache.http.headers - << HTTP/1.1 200 
2021-12-24_11:12:29.757 [main] DEBUG org.apache.http.headers - << Access-Control-Allow-Methods: GET, POST
2021-12-24_11:12:29.757 [main] DEBUG org.apache.http.headers - << Access-Control-Allow-Origin: *
2021-12-24_11:12:29.758 [main] DEBUG org.apache.http.headers - << Content-Security-Policy: default-src 'none'
2021-12-24_11:12:29.758 [main] DEBUG org.apache.http.headers - << Feature-Policy: 'none'
2021-12-24_11:12:29.758 [main] DEBUG org.apache.http.headers - << Referrer-Policy: no-referrer
2021-12-24_11:12:29.758 [main] DEBUG org.apache.http.headers - << Strict-Transport-Security: max-age=31536000 ; includeSubDomains
2021-12-24_11:12:29.758 [main] DEBUG org.apache.http.headers - << Date: Fri, 24 Dec 2021 05:42:29 GMT
2021-12-24_11:12:29.758 [main] DEBUG org.apache.http.headers - << Keep-Alive: timeout=60
2021-12-24_11:12:29.759 [main] DEBUG org.apache.http.headers - << Content-Type: application/json
2021-12-24_11:12:29.759 [main] DEBUG org.apache.http.headers - << Transfer-Encoding: chunked
2021-12-24_11:12:29.759 [main] DEBUG org.apache.http.headers - << Connection: keep-alive
2021-12-24_11:12:29.759 [main] DEBUG o.a.h.impl.client.DefaultHttpClient - Connection can be kept alive for 60000 MILLISECONDS
2021-12-24_11:12:29.760 [main] DEBUG i.r.i.RequestSpecificationImpl$RestAssuredHttpBuilder - Parsing response as: application/json
2021-12-24_11:12:29.760 [main] DEBUG i.r.i.RequestSpecificationImpl$RestAssuredHttpBuilder - Parsed data to instance of: class org.apache.http.conn.EofSensorInputStream
2021-12-24_11:12:29.761 [main] INFO  com.qc.BaseAPI - Method :GET
2021-12-24_11:12:29.763 [main] INFO  com.qc.BaseAPI - URI :https://apitest.pineperks.in/auth/V1/generate/token
2021-12-24_11:12:29.764 [main] INFO  com.qc.BaseAPI - Headers :userName=A0aCcnPzDANtKmvSLPKcaw==
Accept=*/*
Content-Type=application/json; charset=UTF-8
2021-12-24_11:12:29.764 [main] INFO  com.qc.BaseAPI - Body :null
2021-12-24_11:12:29.764 [main] INFO  com.qc.BaseAPI - ********************RESPONSE********************
2021-12-24_11:12:29.764 [main] DEBUG org.apache.http.wire -  << "7f[\r][\n]"
2021-12-24_11:12:29.764 [main] DEBUG org.apache.http.wire -  << "{"accessToken":"8a6bcb5bb631449cb2a2b14e0c74b44d","tokenExpiryTime":"25-Dec-2021","responseCode":0,"responseMessage":"Success"}"
2021-12-24_11:12:29.764 [main] DEBUG org.apache.http.wire -  << "[\r][\n]"
2021-12-24_11:12:29.765 [main] DEBUG org.apache.http.wire -  << "0[\r][\n]"
2021-12-24_11:12:29.765 [main] DEBUG org.apache.http.wire -  << "[\r][\n]"
2021-12-24_11:12:29.765 [main] DEBUG o.a.h.i.c.BasicClientConnectionManager - Releasing connection org.apache.http.impl.conn.ManagedClientConnectionImpl@1b2c293f
2021-12-24_11:12:29.765 [main] DEBUG o.a.h.i.c.BasicClientConnectionManager - Connection can be kept alive for 60000 MILLISECONDS
2021-12-24_11:12:29.766 [main] INFO  com.qc.BaseAPI - Response :{
    "accessToken": "8a6bcb5bb631449cb2a2b14e0c74b44d",
    "tokenExpiryTime": "25-Dec-2021",
    "responseCode": 0,
    "responseMessage": "Success"
}
2021-12-24_11:12:29.767 [main] INFO  com.qc.BaseAPI -  **** GET call Response time 199 ms
2021-12-24_11:12:29.767 [main] INFO  pl.rest.service.Authorize - Time Taken to perform https://apitest.pineperks.in/auth/V1/generate/token transaction: 199
2021-12-24_11:12:29.782 [main] INFO  com.qc.qa.utils.TestDataReader - Reading Json data authorizeHeaders
2021-12-24_11:12:29.786 [main] INFO  com.qc.qa.utils.TestDataReader - Reading json data from file @ testData/api/devAPIData.json
2021-12-24_11:12:29.818 [main] INFO  pl.rest.service.CardIssue - CardIssue Rest API URL :- https://apitest.pineperks.in/card/order/V1/instant/issue/nonreloadable/digital
2021-12-24_11:12:29.818 [main] INFO  com.qc.BaseAPI - POST call to URL https://apitest.pineperks.in/card/order/V1/instant/issue/nonreloadable/digital
2021-12-24_11:12:29.830 [main] INFO  com.qc.BaseAPI - ********************REQUEST********************
2021-12-24_11:12:29.876 [main] DEBUG o.a.h.i.c.BasicClientConnectionManager - Get connection for route {s}->https://apitest.pineperks.in:443
2021-12-24_11:12:29.877 [main] DEBUG o.a.h.i.c.DefaultClientConnectionOperator - Connecting to apitest.pineperks.in:443
2021-12-24_11:12:30.013 [main] DEBUG o.a.h.c.protocol.RequestAddCookies - CookieSpec selected: ignoreCookies
2021-12-24_11:12:30.013 [main] DEBUG o.a.h.c.protocol.RequestAuthCache - Auth cache not set in the context
2021-12-24_11:12:30.013 [main] DEBUG o.a.h.c.p.RequestTargetAuthentication - Target auth state: UNCHALLENGED
2021-12-24_11:12:30.013 [main] DEBUG o.a.h.c.p.RequestProxyAuthentication - Proxy auth state: UNCHALLENGED
2021-12-24_11:12:30.013 [main] DEBUG o.a.h.impl.client.DefaultHttpClient - Attempt 1 to execute request
2021-12-24_11:12:30.013 [main] DEBUG o.a.h.i.conn.DefaultClientConnection - Sending request: POST /card/order/V1/instant/issue/nonreloadable/digital HTTP/1.1
2021-12-24_11:12:30.013 [main] DEBUG org.apache.http.wire -  >> "POST /card/order/V1/instant/issue/nonreloadable/digital HTTP/1.1[\r][\n]"
2021-12-24_11:12:30.014 [main] DEBUG org.apache.http.wire -  >> "Accept: */*[\r][\n]"
2021-12-24_11:12:30.014 [main] DEBUG org.apache.http.wire -  >> "userName: A0aCcnPzDANtKmvSLPKcaw==[\r][\n]"
2021-12-24_11:12:30.014 [main] DEBUG org.apache.http.wire -  >> "token: 8a6bcb5bb631449cb2a2b14e0c74b44d[\r][\n]"
2021-12-24_11:12:30.014 [main] DEBUG org.apache.http.wire -  >> "Content-Type: application/json; charset=UTF-8[\r][\n]"
2021-12-24_11:12:30.014 [main] DEBUG org.apache.http.wire -  >> "Content-Length: 241[\r][\n]"
2021-12-24_11:12:30.014 [main] DEBUG org.apache.http.wire -  >> "Host: apitest.pineperks.in[\r][\n]"
2021-12-24_11:12:30.014 [main] DEBUG org.apache.http.wire -  >> "Connection: Keep-Alive[\r][\n]"
2021-12-24_11:12:30.015 [main] DEBUG org.apache.http.wire -  >> "User-Agent: Apache-HttpClient/4.5.2 (Java/1.8.0_202)[\r][\n]"
2021-12-24_11:12:30.015 [main] DEBUG org.apache.http.wire -  >> "Accept-Encoding: gzip,deflate[\r][\n]"
2021-12-24_11:12:30.015 [main] DEBUG org.apache.http.wire -  >> "[\r][\n]"
2021-12-24_11:12:30.015 [main] DEBUG org.apache.http.headers - >> POST /card/order/V1/instant/issue/nonreloadable/digital HTTP/1.1
2021-12-24_11:12:30.015 [main] DEBUG org.apache.http.headers - >> Accept: */*
2021-12-24_11:12:30.015 [main] DEBUG org.apache.http.headers - >> userName: A0aCcnPzDANtKmvSLPKcaw==
2021-12-24_11:12:30.015 [main] DEBUG org.apache.http.headers - >> token: 8a6bcb5bb631449cb2a2b14e0c74b44d
2021-12-24_11:12:30.015 [main] DEBUG org.apache.http.headers - >> Content-Type: application/json; charset=UTF-8
2021-12-24_11:12:30.015 [main] DEBUG org.apache.http.headers - >> Content-Length: 241
2021-12-24_11:12:30.015 [main] DEBUG org.apache.http.headers - >> Host: apitest.pineperks.in
2021-12-24_11:12:30.015 [main] DEBUG org.apache.http.headers - >> Connection: Keep-Alive
2021-12-24_11:12:30.015 [main] DEBUG org.apache.http.headers - >> User-Agent: Apache-HttpClient/4.5.2 (Java/1.8.0_202)
2021-12-24_11:12:30.015 [main] DEBUG org.apache.http.headers - >> Accept-Encoding: gzip,deflate
2021-12-24_11:12:30.016 [main] DEBUG org.apache.http.wire -  >> "{"isLinkToBeSentOnMobile":true,"checksum":"5x3GNrnStyS2PkMvV6EeAw==","cardDetailList":[{"amount":"1000","mobileNumber":"8284854535","customerName":"afzal","email":"afzal.ahmed@pinelabs.com"}],"externalRequestId":"RFCuc4Q","cardSchemeId":"7"}"
2021-12-24_11:12:30.247 [main] DEBUG org.apache.http.wire -  << "HTTP/1.1 200 [\r][\n]"
2021-12-24_11:12:30.247 [main] DEBUG org.apache.http.wire -  << "Access-Control-Allow-Methods: GET, POST[\r][\n]"
2021-12-24_11:12:30.248 [main] DEBUG org.apache.http.wire -  << "Access-Control-Allow-Origin: *[\r][\n]"
2021-12-24_11:12:30.248 [main] DEBUG org.apache.http.wire -  << "Content-Security-Policy: default-src 'none'[\r][\n]"
2021-12-24_11:12:30.248 [main] DEBUG org.apache.http.wire -  << "Feature-Policy: 'none'[\r][\n]"
2021-12-24_11:12:30.248 [main] DEBUG org.apache.http.wire -  << "Referrer-Policy: no-referrer[\r][\n]"
2021-12-24_11:12:30.248 [main] DEBUG org.apache.http.wire -  << "Strict-Transport-Security: max-age=31536000 ; includeSubDomains[\r][\n]"
2021-12-24_11:12:30.248 [main] DEBUG org.apache.http.wire -  << "Date: Fri, 24 Dec 2021 05:42:30 GMT[\r][\n]"
2021-12-24_11:12:30.249 [main] DEBUG org.apache.http.wire -  << "Keep-Alive: timeout=60[\r][\n]"
2021-12-24_11:12:30.249 [main] DEBUG org.apache.http.wire -  << "Content-Type: application/json[\r][\n]"
2021-12-24_11:12:30.249 [main] DEBUG org.apache.http.wire -  << "Transfer-Encoding: chunked[\r][\n]"
2021-12-24_11:12:30.249 [main] DEBUG org.apache.http.wire -  << "Connection: keep-alive[\r][\n]"
2021-12-24_11:12:30.249 [main] DEBUG org.apache.http.wire -  << "[\r][\n]"
2021-12-24_11:12:30.249 [main] DEBUG o.a.h.i.conn.DefaultClientConnection - Receiving response: HTTP/1.1 200 
2021-12-24_11:12:30.249 [main] DEBUG org.apache.http.headers - << HTTP/1.1 200 
2021-12-24_11:12:30.249 [main] DEBUG org.apache.http.headers - << Access-Control-Allow-Methods: GET, POST
2021-12-24_11:12:30.249 [main] DEBUG org.apache.http.headers - << Access-Control-Allow-Origin: *
2021-12-24_11:12:30.249 [main] DEBUG org.apache.http.headers - << Content-Security-Policy: default-src 'none'
2021-12-24_11:12:30.249 [main] DEBUG org.apache.http.headers - << Feature-Policy: 'none'
2021-12-24_11:12:30.249 [main] DEBUG org.apache.http.headers - << Referrer-Policy: no-referrer
2021-12-24_11:12:30.249 [main] DEBUG org.apache.http.headers - << Strict-Transport-Security: max-age=31536000 ; includeSubDomains
2021-12-24_11:12:30.249 [main] DEBUG org.apache.http.headers - << Date: Fri, 24 Dec 2021 05:42:30 GMT
2021-12-24_11:12:30.249 [main] DEBUG org.apache.http.headers - << Keep-Alive: timeout=60
2021-12-24_11:12:30.249 [main] DEBUG org.apache.http.headers - << Content-Type: application/json
2021-12-24_11:12:30.249 [main] DEBUG org.apache.http.headers - << Transfer-Encoding: chunked
2021-12-24_11:12:30.250 [main] DEBUG org.apache.http.headers - << Connection: keep-alive
2021-12-24_11:12:30.250 [main] DEBUG o.a.h.impl.client.DefaultHttpClient - Connection can be kept alive for 60000 MILLISECONDS
2021-12-24_11:12:30.250 [main] DEBUG i.r.i.RequestSpecificationImpl$RestAssuredHttpBuilder - Parsing response as: application/json
2021-12-24_11:12:30.250 [main] DEBUG i.r.i.RequestSpecificationImpl$RestAssuredHttpBuilder - Parsed data to instance of: class org.apache.http.conn.EofSensorInputStream
2021-12-24_11:12:30.251 [main] INFO  com.qc.BaseAPI - Method :POST
2021-12-24_11:12:30.252 [main] INFO  com.qc.BaseAPI - URI :https://apitest.pineperks.in/card/order/V1/instant/issue/nonreloadable/digital
2021-12-24_11:12:30.252 [main] INFO  com.qc.BaseAPI - Headers :token=8a6bcb5bb631449cb2a2b14e0c74b44d
userName=A0aCcnPzDANtKmvSLPKcaw==
Accept=*/*
Content-Type=application/json; charset=UTF-8
2021-12-24_11:12:30.252 [main] INFO  com.qc.BaseAPI - Body :{"isLinkToBeSentOnMobile":true,"checksum":"5x3GNrnStyS2PkMvV6EeAw==","cardDetailList":[{"amount":"1000","mobileNumber":"8284854535","customerName":"afzal","email":"afzal.ahmed@pinelabs.com"}],"externalRequestId":"RFCuc4Q","cardSchemeId":"7"}
2021-12-24_11:12:30.252 [main] INFO  com.qc.BaseAPI - ********************RESPONSE********************
2021-12-24_11:12:30.253 [main] DEBUG org.apache.http.wire -  << "1f1[\r][\n]"
2021-12-24_11:12:30.253 [main] DEBUG org.apache.http.wire -  << "{"externalRequestId":"RFCuc4Q","orderId":20968,"orderStatus":6,"cardDetailResponseList":[{"referenceNumber":2678835585,"serialNumber":20968000010001,"customerName":"afzal","mobileNumber":8284854535,"email":"afzal.ahmed@pinelabs.com","amount":1000,"cardLink":"test.pineperks.in/eCard?c=Bdzz75xnjbXIUXe4QnRJPA2","responseCode":0,"responseMessage":"Success"}],"successCount":1,"failedCount":0,"orderAmount":1000,"issuanceCharge":100,"netOrderAmount":1100,"responseCode":0,"responseMessage":"Success"}"
2021-12-24_11:12:30.253 [main] DEBUG org.apache.http.wire -  << "[\r][\n]"
2021-12-24_11:12:30.253 [main] DEBUG org.apache.http.wire -  << "0[\r][\n]"
2021-12-24_11:12:30.253 [main] DEBUG org.apache.http.wire -  << "[\r][\n]"
2021-12-24_11:12:30.253 [main] DEBUG o.a.h.i.c.BasicClientConnectionManager - Releasing connection org.apache.http.impl.conn.ManagedClientConnectionImpl@4179db9e
2021-12-24_11:12:30.253 [main] DEBUG o.a.h.i.c.BasicClientConnectionManager - Connection can be kept alive for 60000 MILLISECONDS
2021-12-24_11:12:30.255 [main] INFO  com.qc.BaseAPI - Response :{
    "externalRequestId": "RFCuc4Q",
    "orderId": 20968,
    "orderStatus": 6,
    "cardDetailResponseList": [
        {
            "referenceNumber": 2678835585,
            "serialNumber": 20968000010001,
            "customerName": "afzal",
            "mobileNumber": 8284854535,
            "email": "afzal.ahmed@pinelabs.com",
            "amount": 1000,
            "cardLink": "test.pineperks.in/eCard?c=Bdzz75xnjbXIUXe4QnRJPA2",
            "responseCode": 0,
            "responseMessage": "Success"
        }
    ],
    "successCount": 1,
    "failedCount": 0,
    "orderAmount": 1000,
    "issuanceCharge": 100,
    "netOrderAmount": 1100,
    "responseCode": 0,
    "responseMessage": "Success"
}
2021-12-24_11:12:30.255 [main] INFO  com.qc.BaseAPI -  **** POST call Response time 418 ms
2021-12-24_11:12:30.255 [main] INFO  pl.rest.service.CardIssue - Time Taken to perform https://apitest.pineperks.in/card/order/V1/instant/issue/nonreloadable/digital transaction: 418
2021-12-24_11:12:30.262 [main] INFO  com.qc.qa.utils.TestDataReader - Reading Json data authorizeHeaders
2021-12-24_11:12:30.265 [main] INFO  com.qc.qa.utils.TestDataReader - Reading json data from file @ testData/api/devAPIData.json
2021-12-24_11:12:30.267 [main] INFO  p.r.service.CorporateAndCardDetails - CardIssue Rest API URL :- https://apitest.pineperks.in/card/profile/V1/detail
2021-12-24_11:12:30.267 [main] INFO  com.qc.BaseAPI - POST call to URL https://apitest.pineperks.in/card/profile/V1/detail
2021-12-24_11:12:30.272 [main] INFO  com.qc.BaseAPI - ********************REQUEST********************
2021-12-24_11:12:30.280 [main] DEBUG o.a.h.i.c.BasicClientConnectionManager - Get connection for route {s}->https://apitest.pineperks.in:443
2021-12-24_11:12:30.281 [main] DEBUG o.a.h.i.c.DefaultClientConnectionOperator - Connecting to apitest.pineperks.in:443
2021-12-24_11:12:30.392 [main] DEBUG o.a.h.c.protocol.RequestAddCookies - CookieSpec selected: ignoreCookies
2021-12-24_11:12:30.392 [main] DEBUG o.a.h.c.protocol.RequestAuthCache - Auth cache not set in the context
2021-12-24_11:12:30.392 [main] DEBUG o.a.h.c.p.RequestTargetAuthentication - Target auth state: UNCHALLENGED
2021-12-24_11:12:30.392 [main] DEBUG o.a.h.c.p.RequestProxyAuthentication - Proxy auth state: UNCHALLENGED
2021-12-24_11:12:30.392 [main] DEBUG o.a.h.impl.client.DefaultHttpClient - Attempt 1 to execute request
2021-12-24_11:12:30.392 [main] DEBUG o.a.h.i.conn.DefaultClientConnection - Sending request: POST /card/profile/V1/detail HTTP/1.1
2021-12-24_11:12:30.392 [main] DEBUG org.apache.http.wire -  >> "POST /card/profile/V1/detail HTTP/1.1[\r][\n]"
2021-12-24_11:12:30.392 [main] DEBUG org.apache.http.wire -  >> "Accept: */*[\r][\n]"
2021-12-24_11:12:30.393 [main] DEBUG org.apache.http.wire -  >> "userName: A0aCcnPzDANtKmvSLPKcaw==[\r][\n]"
2021-12-24_11:12:30.393 [main] DEBUG org.apache.http.wire -  >> "token: 8a6bcb5bb631449cb2a2b14e0c74b44d[\r][\n]"
2021-12-24_11:12:30.393 [main] DEBUG org.apache.http.wire -  >> "Content-Type: application/json; charset=UTF-8[\r][\n]"
2021-12-24_11:12:30.393 [main] DEBUG org.apache.http.wire -  >> "Content-Length: 40[\r][\n]"
2021-12-24_11:12:30.393 [main] DEBUG org.apache.http.wire -  >> "Host: apitest.pineperks.in[\r][\n]"
2021-12-24_11:12:30.393 [main] DEBUG org.apache.http.wire -  >> "Connection: Keep-Alive[\r][\n]"
2021-12-24_11:12:30.393 [main] DEBUG org.apache.http.wire -  >> "User-Agent: Apache-HttpClient/4.5.2 (Java/1.8.0_202)[\r][\n]"
2021-12-24_11:12:30.394 [main] DEBUG org.apache.http.wire -  >> "Accept-Encoding: gzip,deflate[\r][\n]"
2021-12-24_11:12:30.394 [main] DEBUG org.apache.http.wire -  >> "[\r][\n]"
2021-12-24_11:12:30.394 [main] DEBUG org.apache.http.headers - >> POST /card/profile/V1/detail HTTP/1.1
2021-12-24_11:12:30.394 [main] DEBUG org.apache.http.headers - >> Accept: */*
2021-12-24_11:12:30.394 [main] DEBUG org.apache.http.headers - >> userName: A0aCcnPzDANtKmvSLPKcaw==
2021-12-24_11:12:30.394 [main] DEBUG org.apache.http.headers - >> token: 8a6bcb5bb631449cb2a2b14e0c74b44d
2021-12-24_11:12:30.394 [main] DEBUG org.apache.http.headers - >> Content-Type: application/json; charset=UTF-8
2021-12-24_11:12:30.394 [main] DEBUG org.apache.http.headers - >> Content-Length: 40
2021-12-24_11:12:30.394 [main] DEBUG org.apache.http.headers - >> Host: apitest.pineperks.in
2021-12-24_11:12:30.394 [main] DEBUG org.apache.http.headers - >> Connection: Keep-Alive
2021-12-24_11:12:30.394 [main] DEBUG org.apache.http.headers - >> User-Agent: Apache-HttpClient/4.5.2 (Java/1.8.0_202)
2021-12-24_11:12:30.394 [main] DEBUG org.apache.http.headers - >> Accept-Encoding: gzip,deflate
2021-12-24_11:12:30.394 [main] DEBUG org.apache.http.wire -  >> "{"cardDetailRequestList":["2678835585"]}"
2021-12-24_11:12:30.422 [main] DEBUG org.apache.http.wire -  << "HTTP/1.1 200 [\r][\n]"
2021-12-24_11:12:30.422 [main] DEBUG org.apache.http.wire -  << "Access-Control-Allow-Methods: GET, POST[\r][\n]"
2021-12-24_11:12:30.422 [main] DEBUG org.apache.http.wire -  << "Access-Control-Allow-Origin: *[\r][\n]"
2021-12-24_11:12:30.422 [main] DEBUG org.apache.http.wire -  << "Content-Security-Policy: default-src 'none'[\r][\n]"
2021-12-24_11:12:30.422 [main] DEBUG org.apache.http.wire -  << "Feature-Policy: 'none'[\r][\n]"
2021-12-24_11:12:30.422 [main] DEBUG org.apache.http.wire -  << "Referrer-Policy: no-referrer[\r][\n]"
2021-12-24_11:12:30.422 [main] DEBUG org.apache.http.wire -  << "Strict-Transport-Security: max-age=31536000 ; includeSubDomains[\r][\n]"
2021-12-24_11:12:30.422 [main] DEBUG org.apache.http.wire -  << "Date: Fri, 24 Dec 2021 05:42:30 GMT[\r][\n]"
2021-12-24_11:12:30.423 [main] DEBUG org.apache.http.wire -  << "Keep-Alive: timeout=60[\r][\n]"
2021-12-24_11:12:30.423 [main] DEBUG org.apache.http.wire -  << "Content-Type: application/json[\r][\n]"
2021-12-24_11:12:30.423 [main] DEBUG org.apache.http.wire -  << "Transfer-Encoding: chunked[\r][\n]"
2021-12-24_11:12:30.423 [main] DEBUG org.apache.http.wire -  << "Connection: keep-alive[\r][\n]"
2021-12-24_11:12:30.423 [main] DEBUG org.apache.http.wire -  << "[\r][\n]"
2021-12-24_11:12:30.423 [main] DEBUG o.a.h.i.conn.DefaultClientConnection - Receiving response: HTTP/1.1 200 
2021-12-24_11:12:30.423 [main] DEBUG org.apache.http.headers - << HTTP/1.1 200 
2021-12-24_11:12:30.423 [main] DEBUG org.apache.http.headers - << Access-Control-Allow-Methods: GET, POST
2021-12-24_11:12:30.423 [main] DEBUG org.apache.http.headers - << Access-Control-Allow-Origin: *
2021-12-24_11:12:30.423 [main] DEBUG org.apache.http.headers - << Content-Security-Policy: default-src 'none'
2021-12-24_11:12:30.423 [main] DEBUG org.apache.http.headers - << Feature-Policy: 'none'
2021-12-24_11:12:30.423 [main] DEBUG org.apache.http.headers - << Referrer-Policy: no-referrer
2021-12-24_11:12:30.423 [main] DEBUG org.apache.http.headers - << Strict-Transport-Security: max-age=31536000 ; includeSubDomains
2021-12-24_11:12:30.423 [main] DEBUG org.apache.http.headers - << Date: Fri, 24 Dec 2021 05:42:30 GMT
2021-12-24_11:12:30.423 [main] DEBUG org.apache.http.headers - << Keep-Alive: timeout=60
2021-12-24_11:12:30.423 [main] DEBUG org.apache.http.headers - << Content-Type: application/json
2021-12-24_11:12:30.423 [main] DEBUG org.apache.http.headers - << Transfer-Encoding: chunked
2021-12-24_11:12:30.423 [main] DEBUG org.apache.http.headers - << Connection: keep-alive
2021-12-24_11:12:30.424 [main] DEBUG o.a.h.impl.client.DefaultHttpClient - Connection can be kept alive for 60000 MILLISECONDS
2021-12-24_11:12:30.424 [main] DEBUG i.r.i.RequestSpecificationImpl$RestAssuredHttpBuilder - Parsing response as: application/json
2021-12-24_11:12:30.424 [main] DEBUG i.r.i.RequestSpecificationImpl$RestAssuredHttpBuilder - Parsed data to instance of: class org.apache.http.conn.EofSensorInputStream
2021-12-24_11:12:30.424 [main] INFO  com.qc.BaseAPI - Method :POST
2021-12-24_11:12:30.425 [main] INFO  com.qc.BaseAPI - URI :https://apitest.pineperks.in/card/profile/V1/detail
2021-12-24_11:12:30.425 [main] INFO  com.qc.BaseAPI - Headers :token=8a6bcb5bb631449cb2a2b14e0c74b44d
userName=A0aCcnPzDANtKmvSLPKcaw==
Accept=*/*
Content-Type=application/json; charset=UTF-8
2021-12-24_11:12:30.426 [main] INFO  com.qc.BaseAPI - Body :{"cardDetailRequestList":["2678835585"]}
2021-12-24_11:12:30.426 [main] INFO  com.qc.BaseAPI - ********************RESPONSE********************
2021-12-24_11:12:30.426 [main] DEBUG org.apache.http.wire -  << "3be[\r][\n]"
2021-12-24_11:12:30.426 [main] DEBUG org.apache.http.wire -  << "{"cardDetailResponseList":[{"cardReferenceNumber":2678835585,"maskedCardNumber":"608364******7257","cardStatus":1,"kycStatus":null,"cardSchemeId":7,"pinMode":4,"cardName":"milson Card","cardVariant":2,"cardCategoryId":4,"loadAmount":1000,"redeemedAmount":0,"balance":1000,"issuedOn":"24-Dec-2021","expiryDate":"31-Dec-2023","isEcommTransactionEnabled":true,"ecommRedeemTransactionLimit":0,"isPOSTransactionEnabled":false,"posRedeemTransactionLimit":0,"monthlyCreditAmount":null,"lastCreditedOn":null,"activatedOn":null,"activationName":"Afzal","activationMobileNumber":8284854535,"activationEmail":"afzal.ahmed@pinelabs.com","customerName":"Afzal ahmed","customerMobile":8284854535,"customerEmail":null,"blockedOn":null,"terminatedOn":null,"terminatedBy":null,"reason":null,"reIssuedOn":null,"reIssuedBy":null,"reIssuedByCardReferenceNumber":null,"reIssueCharges":0,"responseCode":0,"responseMessage":"Success"}],"responseCode":0,"responseMessage":"Success"}"
2021-12-24_11:12:30.426 [main] DEBUG org.apache.http.wire -  << "[\r][\n]"
2021-12-24_11:12:30.426 [main] DEBUG org.apache.http.wire -  << "0[\r][\n]"
2021-12-24_11:12:30.427 [main] DEBUG org.apache.http.wire -  << "[\r][\n]"
2021-12-24_11:12:30.427 [main] DEBUG o.a.h.i.c.BasicClientConnectionManager - Releasing connection org.apache.http.impl.conn.ManagedClientConnectionImpl@677d8656
2021-12-24_11:12:30.427 [main] DEBUG o.a.h.i.c.BasicClientConnectionManager - Connection can be kept alive for 60000 MILLISECONDS
2021-12-24_11:12:30.429 [main] INFO  com.qc.BaseAPI - Response :{
    "cardDetailResponseList": [
        {
            "cardReferenceNumber": 2678835585,
            "maskedCardNumber": "608364******7257",
            "cardStatus": 1,
            "kycStatus": null,
            "cardSchemeId": 7,
            "pinMode": 4,
            "cardName": "milson Card",
            "cardVariant": 2,
            "cardCategoryId": 4,
            "loadAmount": 1000,
            "redeemedAmount": 0,
            "balance": 1000,
            "issuedOn": "24-Dec-2021",
            "expiryDate": "31-Dec-2023",
            "isEcommTransactionEnabled": true,
            "ecommRedeemTransactionLimit": 0,
            "isPOSTransactionEnabled": false,
            "posRedeemTransactionLimit": 0,
            "monthlyCreditAmount": null,
            "lastCreditedOn": null,
            "activatedOn": null,
            "activationName": "Afzal",
            "activationMobileNumber": 8284854535,
            "activationEmail": "afzal.ahmed@pinelabs.com",
            "customerName": "Afzal ahmed",
            "customerMobile": 8284854535,
            "customerEmail": null,
            "blockedOn": null,
            "terminatedOn": null,
            "terminatedBy": null,
            "reason": null,
            "reIssuedOn": null,
            "reIssuedBy": null,
            "reIssuedByCardReferenceNumber": null,
            "reIssueCharges": 0,
            "responseCode": 0,
            "responseMessage": "Success"
        }
    ],
    "responseCode": 0,
    "responseMessage": "Success"
}
2021-12-24_11:12:30.429 [main] INFO  com.qc.BaseAPI -  **** POST call Response time 151 ms
2021-12-24_11:12:30.429 [main] INFO  p.r.service.CorporateAndCardDetails - Time Taken to perform https://apitest.pineperks.in/card/profile/V1/detail transaction: 151
2021-12-24_11:12:30.842 [Finalizer] DEBUG o.a.h.i.conn.DefaultClientConnection - Connection 0.0.0.0:54974<->14.143.120.84:443 closed
2021-12-24_11:12:30.961 [main] INFO  pl.rest.CustomHooks - SCENARIO NAME: Changing of scheme of issued card and validating the data in the API response
2021-12-24_11:12:30.961 [main] INFO  pl.rest.CustomHooks - TAG NAMEs: [@Regression]
2021-12-24_11:12:30.962 [main] INFO  pl.rest.CustomHooks - SCENARIO NAME: Changing of scheme of issued card and validating the data in the API response
2021-12-24_11:12:30.962 [main] INFO  pl.rest.CustomHooks - TAG NAMEs: [@Regression]
2021-12-24_11:12:30.962 [main] INFO  pl.rest.CustomHooks - Index: 0, Size: 0
2021-12-24_11:12:31.397 [main] INFO  pl.rest.service.Authorize - Authorize Rest API URL :- https://apitest.pineperks.in/auth/V1/generate/token
2021-12-24_11:12:31.397 [main] INFO  com.qc.BaseAPI - GET call to URL https://apitest.pineperks.in/auth/V1/generate/token
2021-12-24_11:12:31.401 [main] INFO  com.qc.BaseAPI - ********************REQUEST********************
2021-12-24_11:12:31.412 [main] DEBUG o.a.h.i.c.BasicClientConnectionManager - Get connection for route {s}->https://apitest.pineperks.in:443
2021-12-24_11:12:31.412 [main] DEBUG o.a.h.i.c.DefaultClientConnectionOperator - Connecting to apitest.pineperks.in:443
2021-12-24_11:12:31.528 [main] DEBUG o.a.h.c.protocol.RequestAddCookies - CookieSpec selected: ignoreCookies
2021-12-24_11:12:31.528 [main] DEBUG o.a.h.c.protocol.RequestAuthCache - Auth cache not set in the context
2021-12-24_11:12:31.528 [main] DEBUG o.a.h.c.p.RequestTargetAuthentication - Target auth state: UNCHALLENGED
2021-12-24_11:12:31.528 [main] DEBUG o.a.h.c.p.RequestProxyAuthentication - Proxy auth state: UNCHALLENGED
2021-12-24_11:12:31.529 [main] DEBUG o.a.h.impl.client.DefaultHttpClient - Attempt 1 to execute request
2021-12-24_11:12:31.529 [main] DEBUG o.a.h.i.conn.DefaultClientConnection - Sending request: GET /auth/V1/generate/token HTTP/1.1
2021-12-24_11:12:31.529 [main] DEBUG org.apache.http.wire -  >> "GET /auth/V1/generate/token HTTP/1.1[\r][\n]"
2021-12-24_11:12:31.529 [main] DEBUG org.apache.http.wire -  >> "Content-Type: application/json; charset=UTF-8[\r][\n]"
2021-12-24_11:12:31.529 [main] DEBUG org.apache.http.wire -  >> "Accept: */*[\r][\n]"
2021-12-24_11:12:31.529 [main] DEBUG org.apache.http.wire -  >> "userName: A0aCcnPzDANtKmvSLPKcaw==[\r][\n]"
2021-12-24_11:12:31.529 [main] DEBUG org.apache.http.wire -  >> "Host: apitest.pineperks.in[\r][\n]"
2021-12-24_11:12:31.529 [main] DEBUG org.apache.http.wire -  >> "Connection: Keep-Alive[\r][\n]"
2021-12-24_11:12:31.529 [main] DEBUG org.apache.http.wire -  >> "User-Agent: Apache-HttpClient/4.5.2 (Java/1.8.0_202)[\r][\n]"
2021-12-24_11:12:31.529 [main] DEBUG org.apache.http.wire -  >> "Accept-Encoding: gzip,deflate[\r][\n]"
2021-12-24_11:12:31.529 [main] DEBUG org.apache.http.wire -  >> "[\r][\n]"
2021-12-24_11:12:31.529 [main] DEBUG org.apache.http.headers - >> GET /auth/V1/generate/token HTTP/1.1
2021-12-24_11:12:31.529 [main] DEBUG org.apache.http.headers - >> Content-Type: application/json; charset=UTF-8
2021-12-24_11:12:31.529 [main] DEBUG org.apache.http.headers - >> Accept: */*
2021-12-24_11:12:31.529 [main] DEBUG org.apache.http.headers - >> userName: A0aCcnPzDANtKmvSLPKcaw==
2021-12-24_11:12:31.529 [main] DEBUG org.apache.http.headers - >> Host: apitest.pineperks.in
2021-12-24_11:12:31.529 [main] DEBUG org.apache.http.headers - >> Connection: Keep-Alive
2021-12-24_11:12:31.530 [main] DEBUG org.apache.http.headers - >> User-Agent: Apache-HttpClient/4.5.2 (Java/1.8.0_202)
2021-12-24_11:12:31.530 [main] DEBUG org.apache.http.headers - >> Accept-Encoding: gzip,deflate
2021-12-24_11:12:31.554 [main] DEBUG org.apache.http.wire -  << "HTTP/1.1 200 [\r][\n]"
2021-12-24_11:12:31.554 [main] DEBUG org.apache.http.wire -  << "Access-Control-Allow-Methods: GET, POST[\r][\n]"
2021-12-24_11:12:31.554 [main] DEBUG org.apache.http.wire -  << "Access-Control-Allow-Origin: *[\r][\n]"
2021-12-24_11:12:31.554 [main] DEBUG org.apache.http.wire -  << "Content-Security-Policy: default-src 'none'[\r][\n]"
2021-12-24_11:12:31.554 [main] DEBUG org.apache.http.wire -  << "Feature-Policy: 'none'[\r][\n]"
2021-12-24_11:12:31.554 [main] DEBUG org.apache.http.wire -  << "Referrer-Policy: no-referrer[\r][\n]"
2021-12-24_11:12:31.554 [main] DEBUG org.apache.http.wire -  << "Strict-Transport-Security: max-age=31536000 ; includeSubDomains[\r][\n]"
2021-12-24_11:12:31.554 [main] DEBUG org.apache.http.wire -  << "Date: Fri, 24 Dec 2021 05:42:31 GMT[\r][\n]"
2021-12-24_11:12:31.554 [main] DEBUG org.apache.http.wire -  << "Keep-Alive: timeout=60[\r][\n]"
2021-12-24_11:12:31.555 [main] DEBUG org.apache.http.wire -  << "Content-Type: application/json[\r][\n]"
2021-12-24_11:12:31.555 [main] DEBUG org.apache.http.wire -  << "Transfer-Encoding: chunked[\r][\n]"
2021-12-24_11:12:31.555 [main] DEBUG org.apache.http.wire -  << "Connection: keep-alive[\r][\n]"
2021-12-24_11:12:31.555 [main] DEBUG org.apache.http.wire -  << "[\r][\n]"
2021-12-24_11:12:31.555 [main] DEBUG o.a.h.i.conn.DefaultClientConnection - Receiving response: HTTP/1.1 200 
2021-12-24_11:12:31.555 [main] DEBUG org.apache.http.headers - << HTTP/1.1 200 
2021-12-24_11:12:31.555 [main] DEBUG org.apache.http.headers - << Access-Control-Allow-Methods: GET, POST
2021-12-24_11:12:31.555 [main] DEBUG org.apache.http.headers - << Access-Control-Allow-Origin: *
2021-12-24_11:12:31.555 [main] DEBUG org.apache.http.headers - << Content-Security-Policy: default-src 'none'
2021-12-24_11:12:31.555 [main] DEBUG org.apache.http.headers - << Feature-Policy: 'none'
2021-12-24_11:12:31.555 [main] DEBUG org.apache.http.headers - << Referrer-Policy: no-referrer
2021-12-24_11:12:31.555 [main] DEBUG org.apache.http.headers - << Strict-Transport-Security: max-age=31536000 ; includeSubDomains
2021-12-24_11:12:31.555 [main] DEBUG org.apache.http.headers - << Date: Fri, 24 Dec 2021 05:42:31 GMT
2021-12-24_11:12:31.555 [main] DEBUG org.apache.http.headers - << Keep-Alive: timeout=60
2021-12-24_11:12:31.555 [main] DEBUG org.apache.http.headers - << Content-Type: application/json
2021-12-24_11:12:31.555 [main] DEBUG org.apache.http.headers - << Transfer-Encoding: chunked
2021-12-24_11:12:31.555 [main] DEBUG org.apache.http.headers - << Connection: keep-alive
2021-12-24_11:12:31.556 [main] DEBUG o.a.h.impl.client.DefaultHttpClient - Connection can be kept alive for 60000 MILLISECONDS
2021-12-24_11:12:31.556 [main] DEBUG i.r.i.RequestSpecificationImpl$RestAssuredHttpBuilder - Parsing response as: application/json
2021-12-24_11:12:31.557 [main] DEBUG i.r.i.RequestSpecificationImpl$RestAssuredHttpBuilder - Parsed data to instance of: class org.apache.http.conn.EofSensorInputStream
2021-12-24_11:12:31.557 [main] INFO  com.qc.BaseAPI - Method :GET
2021-12-24_11:12:31.558 [main] INFO  com.qc.BaseAPI - URI :https://apitest.pineperks.in/auth/V1/generate/token
2021-12-24_11:12:31.558 [main] INFO  com.qc.BaseAPI - Headers :userName=A0aCcnPzDANtKmvSLPKcaw==
Accept=*/*
Content-Type=application/json; charset=UTF-8
2021-12-24_11:12:31.558 [main] INFO  com.qc.BaseAPI - Body :null
2021-12-24_11:12:31.558 [main] INFO  com.qc.BaseAPI - ********************RESPONSE********************
2021-12-24_11:12:31.559 [main] DEBUG org.apache.http.wire -  << "7f[\r][\n]"
2021-12-24_11:12:31.559 [main] DEBUG org.apache.http.wire -  << "{"accessToken":"752d389b07eb4186a40c349c47bac10c","tokenExpiryTime":"25-Dec-2021","responseCode":0,"responseMessage":"Success"}"
2021-12-24_11:12:31.559 [main] DEBUG org.apache.http.wire -  << "[\r][\n]"
2021-12-24_11:12:31.559 [main] DEBUG org.apache.http.wire -  << "0[\r][\n]"
2021-12-24_11:12:31.560 [main] DEBUG org.apache.http.wire -  << "[\r][\n]"
2021-12-24_11:12:31.560 [main] DEBUG o.a.h.i.c.BasicClientConnectionManager - Releasing connection org.apache.http.impl.conn.ManagedClientConnectionImpl@60957f74
2021-12-24_11:12:31.560 [main] DEBUG o.a.h.i.c.BasicClientConnectionManager - Connection can be kept alive for 60000 MILLISECONDS
2021-12-24_11:12:31.560 [main] INFO  com.qc.BaseAPI - Response :{
    "accessToken": "752d389b07eb4186a40c349c47bac10c",
    "tokenExpiryTime": "25-Dec-2021",
    "responseCode": 0,
    "responseMessage": "Success"
}
2021-12-24_11:12:31.561 [main] INFO  com.qc.BaseAPI -  **** GET call Response time 154 ms
2021-12-24_11:12:31.561 [main] INFO  pl.rest.service.Authorize - Time Taken to perform https://apitest.pineperks.in/auth/V1/generate/token transaction: 154
2021-12-24_11:12:31.566 [main] INFO  com.qc.qa.utils.TestDataReader - Reading Json data authorizeHeaders
2021-12-24_11:12:31.569 [main] INFO  com.qc.qa.utils.TestDataReader - Reading json data from file @ testData/api/devAPIData.json
2021-12-24_11:12:31.572 [main] INFO  pl.rest.service.CardIssue - CardIssue Rest API URL :- https://apitest.pineperks.in/card/order/V1/instant/issue/nonreloadable/digital
2021-12-24_11:12:31.572 [main] INFO  com.qc.BaseAPI - POST call to URL https://apitest.pineperks.in/card/order/V1/instant/issue/nonreloadable/digital
2021-12-24_11:12:31.576 [main] INFO  com.qc.BaseAPI - ********************REQUEST********************
2021-12-24_11:12:31.591 [main] DEBUG o.a.h.i.c.BasicClientConnectionManager - Get connection for route {s}->https://apitest.pineperks.in:443
2021-12-24_11:12:31.593 [main] DEBUG o.a.h.i.c.DefaultClientConnectionOperator - Connecting to apitest.pineperks.in:443
2021-12-24_11:12:31.711 [main] DEBUG o.a.h.c.protocol.RequestAddCookies - CookieSpec selected: ignoreCookies
2021-12-24_11:12:31.712 [main] DEBUG o.a.h.c.protocol.RequestAuthCache - Auth cache not set in the context
2021-12-24_11:12:31.712 [main] DEBUG o.a.h.c.p.RequestTargetAuthentication - Target auth state: UNCHALLENGED
2021-12-24_11:12:31.712 [main] DEBUG o.a.h.c.p.RequestProxyAuthentication - Proxy auth state: UNCHALLENGED
2021-12-24_11:12:31.712 [main] DEBUG o.a.h.impl.client.DefaultHttpClient - Attempt 1 to execute request
2021-12-24_11:12:31.712 [main] DEBUG o.a.h.i.conn.DefaultClientConnection - Sending request: POST /card/order/V1/instant/issue/nonreloadable/digital HTTP/1.1
2021-12-24_11:12:31.712 [main] DEBUG org.apache.http.wire -  >> "POST /card/order/V1/instant/issue/nonreloadable/digital HTTP/1.1[\r][\n]"
2021-12-24_11:12:31.712 [main] DEBUG org.apache.http.wire -  >> "Accept: */*[\r][\n]"
2021-12-24_11:12:31.712 [main] DEBUG org.apache.http.wire -  >> "userName: A0aCcnPzDANtKmvSLPKcaw==[\r][\n]"
2021-12-24_11:12:31.712 [main] DEBUG org.apache.http.wire -  >> "token: 752d389b07eb4186a40c349c47bac10c[\r][\n]"
2021-12-24_11:12:31.712 [main] DEBUG org.apache.http.wire -  >> "Content-Type: application/json; charset=UTF-8[\r][\n]"
2021-12-24_11:12:31.712 [main] DEBUG org.apache.http.wire -  >> "Content-Length: 241[\r][\n]"
2021-12-24_11:12:31.712 [main] DEBUG org.apache.http.wire -  >> "Host: apitest.pineperks.in[\r][\n]"
2021-12-24_11:12:31.713 [main] DEBUG org.apache.http.wire -  >> "Connection: Keep-Alive[\r][\n]"
2021-12-24_11:12:31.713 [main] DEBUG org.apache.http.wire -  >> "User-Agent: Apache-HttpClient/4.5.2 (Java/1.8.0_202)[\r][\n]"
2021-12-24_11:12:31.713 [main] DEBUG org.apache.http.wire -  >> "Accept-Encoding: gzip,deflate[\r][\n]"
2021-12-24_11:12:31.713 [main] DEBUG org.apache.http.wire -  >> "[\r][\n]"
2021-12-24_11:12:31.713 [main] DEBUG org.apache.http.headers - >> POST /card/order/V1/instant/issue/nonreloadable/digital HTTP/1.1
2021-12-24_11:12:31.713 [main] DEBUG org.apache.http.headers - >> Accept: */*
2021-12-24_11:12:31.713 [main] DEBUG org.apache.http.headers - >> userName: A0aCcnPzDANtKmvSLPKcaw==
2021-12-24_11:12:31.713 [main] DEBUG org.apache.http.headers - >> token: 752d389b07eb4186a40c349c47bac10c
2021-12-24_11:12:31.713 [main] DEBUG org.apache.http.headers - >> Content-Type: application/json; charset=UTF-8
2021-12-24_11:12:31.713 [main] DEBUG org.apache.http.headers - >> Content-Length: 241
2021-12-24_11:12:31.713 [main] DEBUG org.apache.http.headers - >> Host: apitest.pineperks.in
2021-12-24_11:12:31.713 [main] DEBUG org.apache.http.headers - >> Connection: Keep-Alive
2021-12-24_11:12:31.713 [main] DEBUG org.apache.http.headers - >> User-Agent: Apache-HttpClient/4.5.2 (Java/1.8.0_202)
2021-12-24_11:12:31.713 [main] DEBUG org.apache.http.headers - >> Accept-Encoding: gzip,deflate
2021-12-24_11:12:31.713 [main] DEBUG org.apache.http.wire -  >> "{"isLinkToBeSentOnMobile":true,"checksum":"5x3GNrnStyS2PkMvV6EeAw==","cardDetailList":[{"amount":"1000","mobileNumber":"8284854535","customerName":"afzal","email":"afzal.ahmed@pinelabs.com"}],"externalRequestId":"Cs5FVpt","cardSchemeId":"7"}"
2021-12-24_11:12:31.891 [main] DEBUG org.apache.http.wire -  << "HTTP/1.1 200 [\r][\n]"
2021-12-24_11:12:31.891 [main] DEBUG org.apache.http.wire -  << "Access-Control-Allow-Methods: GET, POST[\r][\n]"
2021-12-24_11:12:31.891 [main] DEBUG org.apache.http.wire -  << "Access-Control-Allow-Origin: *[\r][\n]"
2021-12-24_11:12:31.891 [main] DEBUG org.apache.http.wire -  << "Content-Security-Policy: default-src 'none'[\r][\n]"
2021-12-24_11:12:31.892 [main] DEBUG org.apache.http.wire -  << "Feature-Policy: 'none'[\r][\n]"
2021-12-24_11:12:31.892 [main] DEBUG org.apache.http.wire -  << "Referrer-Policy: no-referrer[\r][\n]"
2021-12-24_11:12:31.892 [main] DEBUG org.apache.http.wire -  << "Strict-Transport-Security: max-age=31536000 ; includeSubDomains[\r][\n]"
2021-12-24_11:12:31.892 [main] DEBUG org.apache.http.wire -  << "Date: Fri, 24 Dec 2021 05:42:31 GMT[\r][\n]"
2021-12-24_11:12:31.892 [main] DEBUG org.apache.http.wire -  << "Keep-Alive: timeout=60[\r][\n]"
2021-12-24_11:12:31.892 [main] DEBUG org.apache.http.wire -  << "Content-Type: application/json[\r][\n]"
2021-12-24_11:12:31.892 [main] DEBUG org.apache.http.wire -  << "Transfer-Encoding: chunked[\r][\n]"
2021-12-24_11:12:31.892 [main] DEBUG org.apache.http.wire -  << "Connection: keep-alive[\r][\n]"
2021-12-24_11:12:31.892 [main] DEBUG org.apache.http.wire -  << "[\r][\n]"
2021-12-24_11:12:31.892 [main] DEBUG o.a.h.i.conn.DefaultClientConnection - Receiving response: HTTP/1.1 200 
2021-12-24_11:12:31.892 [main] DEBUG org.apache.http.headers - << HTTP/1.1 200 
2021-12-24_11:12:31.892 [main] DEBUG org.apache.http.headers - << Access-Control-Allow-Methods: GET, POST
2021-12-24_11:12:31.892 [main] DEBUG org.apache.http.headers - << Access-Control-Allow-Origin: *
2021-12-24_11:12:31.892 [main] DEBUG org.apache.http.headers - << Content-Security-Policy: default-src 'none'
2021-12-24_11:12:31.892 [main] DEBUG org.apache.http.headers - << Feature-Policy: 'none'
2021-12-24_11:12:31.892 [main] DEBUG org.apache.http.headers - << Referrer-Policy: no-referrer
2021-12-24_11:12:31.892 [main] DEBUG org.apache.http.headers - << Strict-Transport-Security: max-age=31536000 ; includeSubDomains
2021-12-24_11:12:31.892 [main] DEBUG org.apache.http.headers - << Date: Fri, 24 Dec 2021 05:42:31 GMT
2021-12-24_11:12:31.892 [main] DEBUG org.apache.http.headers - << Keep-Alive: timeout=60
2021-12-24_11:12:31.892 [main] DEBUG org.apache.http.headers - << Content-Type: application/json
2021-12-24_11:12:31.893 [main] DEBUG org.apache.http.headers - << Transfer-Encoding: chunked
2021-12-24_11:12:31.893 [main] DEBUG org.apache.http.headers - << Connection: keep-alive
2021-12-24_11:12:31.893 [main] DEBUG o.a.h.impl.client.DefaultHttpClient - Connection can be kept alive for 60000 MILLISECONDS
2021-12-24_11:12:31.894 [main] DEBUG i.r.i.RequestSpecificationImpl$RestAssuredHttpBuilder - Parsing response as: application/json
2021-12-24_11:12:31.894 [main] DEBUG i.r.i.RequestSpecificationImpl$RestAssuredHttpBuilder - Parsed data to instance of: class org.apache.http.conn.EofSensorInputStream
2021-12-24_11:12:31.894 [main] INFO  com.qc.BaseAPI - Method :POST
2021-12-24_11:12:31.895 [main] INFO  com.qc.BaseAPI - URI :https://apitest.pineperks.in/card/order/V1/instant/issue/nonreloadable/digital
2021-12-24_11:12:31.895 [main] INFO  com.qc.BaseAPI - Headers :token=752d389b07eb4186a40c349c47bac10c
userName=A0aCcnPzDANtKmvSLPKcaw==
Accept=*/*
Content-Type=application/json; charset=UTF-8
2021-12-24_11:12:31.895 [main] INFO  com.qc.BaseAPI - Body :{"isLinkToBeSentOnMobile":true,"checksum":"5x3GNrnStyS2PkMvV6EeAw==","cardDetailList":[{"amount":"1000","mobileNumber":"8284854535","customerName":"afzal","email":"afzal.ahmed@pinelabs.com"}],"externalRequestId":"Cs5FVpt","cardSchemeId":"7"}
2021-12-24_11:12:31.895 [main] INFO  com.qc.BaseAPI - ********************RESPONSE********************
2021-12-24_11:12:31.895 [main] DEBUG org.apache.http.wire -  << "1f1[\r][\n]"
2021-12-24_11:12:31.895 [main] DEBUG org.apache.http.wire -  << "{"externalRequestId":"Cs5FVpt","orderId":20969,"orderStatus":6,"cardDetailResponseList":[{"referenceNumber":7688931936,"serialNumber":20969000010001,"customerName":"afzal","mobileNumber":8284854535,"email":"afzal.ahmed@pinelabs.com","amount":1000,"cardLink":"test.pineperks.in/eCard?c=YlfpdDXtcWKPL6CP9IdE7A2","responseCode":0,"responseMessage":"Success"}],"successCount":1,"failedCount":0,"orderAmount":1000,"issuanceCharge":100,"netOrderAmount":1100,"responseCode":0,"responseMessage":"Success"}"
2021-12-24_11:12:31.895 [main] DEBUG org.apache.http.wire -  << "[\r][\n]"
2021-12-24_11:12:31.896 [main] DEBUG org.apache.http.wire -  << "0[\r][\n]"
2021-12-24_11:12:31.896 [main] DEBUG org.apache.http.wire -  << "[\r][\n]"
2021-12-24_11:12:31.896 [main] DEBUG o.a.h.i.c.BasicClientConnectionManager - Releasing connection org.apache.http.impl.conn.ManagedClientConnectionImpl@7337b438
2021-12-24_11:12:31.896 [main] DEBUG o.a.h.i.c.BasicClientConnectionManager - Connection can be kept alive for 60000 MILLISECONDS
2021-12-24_11:12:31.897 [main] INFO  com.qc.BaseAPI - Response :{
    "externalRequestId": "Cs5FVpt",
    "orderId": 20969,
    "orderStatus": 6,
    "cardDetailResponseList": [
        {
            "referenceNumber": 7688931936,
            "serialNumber": 20969000010001,
            "customerName": "afzal",
            "mobileNumber": 8284854535,
            "email": "afzal.ahmed@pinelabs.com",
            "amount": 1000,
            "cardLink": "test.pineperks.in/eCard?c=YlfpdDXtcWKPL6CP9IdE7A2",
            "responseCode": 0,
            "responseMessage": "Success"
        }
    ],
    "successCount": 1,
    "failedCount": 0,
    "orderAmount": 1000,
    "issuanceCharge": 100,
    "netOrderAmount": 1100,
    "responseCode": 0,
    "responseMessage": "Success"
}
2021-12-24_11:12:31.897 [main] INFO  com.qc.BaseAPI -  **** POST call Response time 315 ms
2021-12-24_11:12:31.897 [main] INFO  pl.rest.service.CardIssue - Time Taken to perform https://apitest.pineperks.in/card/order/V1/instant/issue/nonreloadable/digital transaction: 315
2021-12-24_11:12:31.902 [main] INFO  com.qc.qa.utils.TestDataReader - Reading Json data authorizeHeaders
2021-12-24_11:12:31.905 [main] INFO  com.qc.qa.utils.TestDataReader - Reading json data from file @ testData/api/devAPIData.json
2021-12-24_11:12:31.905 [main] INFO  pl.rest.service.CardUpdate - CardIssue Rest API URL :- https://apitest.pineperks.in/card/profile/V1/admin/status/update
2021-12-24_11:12:31.905 [main] INFO  com.qc.BaseAPI - POST call to URL https://apitest.pineperks.in/card/profile/V1/admin/status/update
2021-12-24_11:12:31.908 [main] INFO  com.qc.BaseAPI - ********************REQUEST********************
2021-12-24_11:12:31.917 [main] DEBUG o.a.h.i.c.BasicClientConnectionManager - Get connection for route {s}->https://apitest.pineperks.in:443
2021-12-24_11:12:31.917 [main] DEBUG o.a.h.i.c.DefaultClientConnectionOperator - Connecting to apitest.pineperks.in:443
2021-12-24_11:12:32.027 [main] DEBUG o.a.h.c.protocol.RequestAddCookies - CookieSpec selected: ignoreCookies
2021-12-24_11:12:32.027 [main] DEBUG o.a.h.c.protocol.RequestAuthCache - Auth cache not set in the context
2021-12-24_11:12:32.027 [main] DEBUG o.a.h.c.p.RequestTargetAuthentication - Target auth state: UNCHALLENGED
2021-12-24_11:12:32.027 [main] DEBUG o.a.h.c.p.RequestProxyAuthentication - Proxy auth state: UNCHALLENGED
2021-12-24_11:12:32.027 [main] DEBUG o.a.h.impl.client.DefaultHttpClient - Attempt 1 to execute request
2021-12-24_11:12:32.027 [main] DEBUG o.a.h.i.conn.DefaultClientConnection - Sending request: POST /card/profile/V1/admin/status/update HTTP/1.1
2021-12-24_11:12:32.027 [main] DEBUG org.apache.http.wire -  >> "POST /card/profile/V1/admin/status/update HTTP/1.1[\r][\n]"
2021-12-24_11:12:32.027 [main] DEBUG org.apache.http.wire -  >> "Accept: */*[\r][\n]"
2021-12-24_11:12:32.027 [main] DEBUG org.apache.http.wire -  >> "userName: A0aCcnPzDANtKmvSLPKcaw==[\r][\n]"
2021-12-24_11:12:32.027 [main] DEBUG org.apache.http.wire -  >> "token: 752d389b07eb4186a40c349c47bac10c[\r][\n]"
2021-12-24_11:12:32.027 [main] DEBUG org.apache.http.wire -  >> "Content-Type: application/json; charset=UTF-8[\r][\n]"
2021-12-24_11:12:32.027 [main] DEBUG org.apache.http.wire -  >> "Content-Length: 113[\r][\n]"
2021-12-24_11:12:32.027 [main] DEBUG org.apache.http.wire -  >> "Host: apitest.pineperks.in[\r][\n]"
2021-12-24_11:12:32.027 [main] DEBUG org.apache.http.wire -  >> "Connection: Keep-Alive[\r][\n]"
2021-12-24_11:12:32.027 [main] DEBUG org.apache.http.wire -  >> "User-Agent: Apache-HttpClient/4.5.2 (Java/1.8.0_202)[\r][\n]"
2021-12-24_11:12:32.028 [main] DEBUG org.apache.http.wire -  >> "Accept-Encoding: gzip,deflate[\r][\n]"
2021-12-24_11:12:32.028 [main] DEBUG org.apache.http.wire -  >> "[\r][\n]"
2021-12-24_11:12:32.028 [main] DEBUG org.apache.http.headers - >> POST /card/profile/V1/admin/status/update HTTP/1.1
2021-12-24_11:12:32.028 [main] DEBUG org.apache.http.headers - >> Accept: */*
2021-12-24_11:12:32.028 [main] DEBUG org.apache.http.headers - >> userName: A0aCcnPzDANtKmvSLPKcaw==
2021-12-24_11:12:32.028 [main] DEBUG org.apache.http.headers - >> token: 752d389b07eb4186a40c349c47bac10c
2021-12-24_11:12:32.028 [main] DEBUG org.apache.http.headers - >> Content-Type: application/json; charset=UTF-8
2021-12-24_11:12:32.028 [main] DEBUG org.apache.http.headers - >> Content-Length: 113
2021-12-24_11:12:32.028 [main] DEBUG org.apache.http.headers - >> Host: apitest.pineperks.in
2021-12-24_11:12:32.028 [main] DEBUG org.apache.http.headers - >> Connection: Keep-Alive
2021-12-24_11:12:32.028 [main] DEBUG org.apache.http.headers - >> User-Agent: Apache-HttpClient/4.5.2 (Java/1.8.0_202)
2021-12-24_11:12:32.028 [main] DEBUG org.apache.http.headers - >> Accept-Encoding: gzip,deflate
2021-12-24_11:12:32.028 [main] DEBUG org.apache.http.wire -  >> "{"remarks":"Test","cardStatusUpdateRequestList":[{"reason":"1","referenceNumber":"7688931936","cardStatus":"2"}]}"
2021-12-24_11:12:32.091 [main] DEBUG org.apache.http.wire -  << "HTTP/1.1 200 [\r][\n]"
2021-12-24_11:12:32.091 [main] DEBUG org.apache.http.wire -  << "Access-Control-Allow-Methods: GET, POST[\r][\n]"
2021-12-24_11:12:32.091 [main] DEBUG org.apache.http.wire -  << "Access-Control-Allow-Origin: *[\r][\n]"
2021-12-24_11:12:32.091 [main] DEBUG org.apache.http.wire -  << "Content-Security-Policy: default-src 'none'[\r][\n]"
2021-12-24_11:12:32.091 [main] DEBUG org.apache.http.wire -  << "Feature-Policy: 'none'[\r][\n]"
2021-12-24_11:12:32.091 [main] DEBUG org.apache.http.wire -  << "Referrer-Policy: no-referrer[\r][\n]"
2021-12-24_11:12:32.091 [main] DEBUG org.apache.http.wire -  << "Strict-Transport-Security: max-age=31536000 ; includeSubDomains[\r][\n]"
2021-12-24_11:12:32.091 [main] DEBUG org.apache.http.wire -  << "Date: Fri, 24 Dec 2021 05:42:31 GMT[\r][\n]"
2021-12-24_11:12:32.092 [main] DEBUG org.apache.http.wire -  << "Keep-Alive: timeout=60[\r][\n]"
2021-12-24_11:12:32.092 [main] DEBUG org.apache.http.wire -  << "Content-Type: application/json[\r][\n]"
2021-12-24_11:12:32.092 [main] DEBUG org.apache.http.wire -  << "Transfer-Encoding: chunked[\r][\n]"
2021-12-24_11:12:32.092 [main] DEBUG org.apache.http.wire -  << "Connection: keep-alive[\r][\n]"
2021-12-24_11:12:32.092 [main] DEBUG org.apache.http.wire -  << "[\r][\n]"
2021-12-24_11:12:32.092 [main] DEBUG o.a.h.i.conn.DefaultClientConnection - Receiving response: HTTP/1.1 200 
2021-12-24_11:12:32.092 [main] DEBUG org.apache.http.headers - << HTTP/1.1 200 
2021-12-24_11:12:32.092 [main] DEBUG org.apache.http.headers - << Access-Control-Allow-Methods: GET, POST
2021-12-24_11:12:32.092 [main] DEBUG org.apache.http.headers - << Access-Control-Allow-Origin: *
2021-12-24_11:12:32.092 [main] DEBUG org.apache.http.headers - << Content-Security-Policy: default-src 'none'
2021-12-24_11:12:32.092 [main] DEBUG org.apache.http.headers - << Feature-Policy: 'none'
2021-12-24_11:12:32.092 [main] DEBUG org.apache.http.headers - << Referrer-Policy: no-referrer
2021-12-24_11:12:32.092 [main] DEBUG org.apache.http.headers - << Strict-Transport-Security: max-age=31536000 ; includeSubDomains
2021-12-24_11:12:32.092 [main] DEBUG org.apache.http.headers - << Date: Fri, 24 Dec 2021 05:42:31 GMT
2021-12-24_11:12:32.092 [main] DEBUG org.apache.http.headers - << Keep-Alive: timeout=60
2021-12-24_11:12:32.092 [main] DEBUG org.apache.http.headers - << Content-Type: application/json
2021-12-24_11:12:32.092 [main] DEBUG org.apache.http.headers - << Transfer-Encoding: chunked
2021-12-24_11:12:32.092 [main] DEBUG org.apache.http.headers - << Connection: keep-alive
2021-12-24_11:12:32.092 [main] DEBUG o.a.h.impl.client.DefaultHttpClient - Connection can be kept alive for 60000 MILLISECONDS
2021-12-24_11:12:32.093 [main] DEBUG i.r.i.RequestSpecificationImpl$RestAssuredHttpBuilder - Parsing response as: application/json
2021-12-24_11:12:32.093 [main] DEBUG i.r.i.RequestSpecificationImpl$RestAssuredHttpBuilder - Parsed data to instance of: class org.apache.http.conn.EofSensorInputStream
2021-12-24_11:12:32.093 [main] INFO  com.qc.BaseAPI - Method :POST
2021-12-24_11:12:32.094 [main] INFO  com.qc.BaseAPI - URI :https://apitest.pineperks.in/card/profile/V1/admin/status/update
2021-12-24_11:12:32.094 [main] INFO  com.qc.BaseAPI - Headers :token=752d389b07eb4186a40c349c47bac10c
userName=A0aCcnPzDANtKmvSLPKcaw==
Accept=*/*
Content-Type=application/json; charset=UTF-8
2021-12-24_11:12:32.094 [main] INFO  com.qc.BaseAPI - Body :{"remarks":"Test","cardStatusUpdateRequestList":[{"reason":"1","referenceNumber":"7688931936","cardStatus":"2"}]}
2021-12-24_11:12:32.094 [main] INFO  com.qc.BaseAPI - ********************RESPONSE********************
2021-12-24_11:12:32.094 [main] DEBUG org.apache.http.wire -  << "ac[\r][\n]"
2021-12-24_11:12:32.094 [main] DEBUG org.apache.http.wire -  << "{"cardStatusUpdateResponseList":[{"referenceNumber":7688931936,"responseCode":0,"responseMessage":"Success"}],"remarks":"Test","responseCode":0,"responseMessage":"Success"}"
2021-12-24_11:12:32.094 [main] DEBUG org.apache.http.wire -  << "[\r][\n]"
2021-12-24_11:12:32.094 [main] DEBUG org.apache.http.wire -  << "0[\r][\n]"
2021-12-24_11:12:32.095 [main] DEBUG org.apache.http.wire -  << "[\r][\n]"
2021-12-24_11:12:32.095 [main] DEBUG o.a.h.i.c.BasicClientConnectionManager - Releasing connection org.apache.http.impl.conn.ManagedClientConnectionImpl@3ef0f77
2021-12-24_11:12:32.095 [main] DEBUG o.a.h.i.c.BasicClientConnectionManager - Connection can be kept alive for 60000 MILLISECONDS
2021-12-24_11:12:32.095 [main] INFO  com.qc.BaseAPI - Response :{
    "cardStatusUpdateResponseList": [
        {
            "referenceNumber": 7688931936,
            "responseCode": 0,
            "responseMessage": "Success"
        }
    ],
    "remarks": "Test",
    "responseCode": 0,
    "responseMessage": "Success"
}
2021-12-24_11:12:32.095 [main] INFO  com.qc.BaseAPI -  **** POST call Response time 184 ms
2021-12-24_11:12:32.096 [main] INFO  pl.rest.service.CardUpdate - Time Taken to perform https://apitest.pineperks.in/card/profile/V1/admin/status/update transaction: 184
2021-12-24_11:12:32.100 [main] INFO  com.qc.qa.utils.TestDataReader - Reading Json data authorizeHeaders
2021-12-24_11:12:32.102 [main] INFO  com.qc.qa.utils.TestDataReader - Reading json data from file @ testData/api/devAPIData.json
2021-12-24_11:12:32.104 [main] INFO  p.r.service.CorporateAndCardDetails - CardIssue Rest API URL :- https://apitest.pineperks.in/card/profile/V1/detail
2021-12-24_11:12:32.105 [main] INFO  com.qc.BaseAPI - POST call to URL https://apitest.pineperks.in/card/profile/V1/detail
2021-12-24_11:12:32.108 [main] INFO  com.qc.BaseAPI - ********************REQUEST********************
2021-12-24_11:12:32.117 [main] DEBUG o.a.h.i.c.BasicClientConnectionManager - Get connection for route {s}->https://apitest.pineperks.in:443
2021-12-24_11:12:32.117 [main] DEBUG o.a.h.i.c.DefaultClientConnectionOperator - Connecting to apitest.pineperks.in:443
2021-12-24_11:12:32.228 [main] DEBUG o.a.h.c.protocol.RequestAddCookies - CookieSpec selected: ignoreCookies
2021-12-24_11:12:32.228 [main] DEBUG o.a.h.c.protocol.RequestAuthCache - Auth cache not set in the context
2021-12-24_11:12:32.229 [main] DEBUG o.a.h.c.p.RequestTargetAuthentication - Target auth state: UNCHALLENGED
2021-12-24_11:12:32.229 [main] DEBUG o.a.h.c.p.RequestProxyAuthentication - Proxy auth state: UNCHALLENGED
2021-12-24_11:12:32.229 [main] DEBUG o.a.h.impl.client.DefaultHttpClient - Attempt 1 to execute request
2021-12-24_11:12:32.229 [main] DEBUG o.a.h.i.conn.DefaultClientConnection - Sending request: POST /card/profile/V1/detail HTTP/1.1
2021-12-24_11:12:32.229 [main] DEBUG org.apache.http.wire -  >> "POST /card/profile/V1/detail HTTP/1.1[\r][\n]"
2021-12-24_11:12:32.229 [main] DEBUG org.apache.http.wire -  >> "Accept: */*[\r][\n]"
2021-12-24_11:12:32.229 [main] DEBUG org.apache.http.wire -  >> "userName: A0aCcnPzDANtKmvSLPKcaw==[\r][\n]"
2021-12-24_11:12:32.229 [main] DEBUG org.apache.http.wire -  >> "token: 752d389b07eb4186a40c349c47bac10c[\r][\n]"
2021-12-24_11:12:32.229 [main] DEBUG org.apache.http.wire -  >> "Content-Type: application/json; charset=UTF-8[\r][\n]"
2021-12-24_11:12:32.229 [main] DEBUG org.apache.http.wire -  >> "Content-Length: 40[\r][\n]"
2021-12-24_11:12:32.229 [main] DEBUG org.apache.http.wire -  >> "Host: apitest.pineperks.in[\r][\n]"
2021-12-24_11:12:32.229 [main] DEBUG org.apache.http.wire -  >> "Connection: Keep-Alive[\r][\n]"
2021-12-24_11:12:32.229 [main] DEBUG org.apache.http.wire -  >> "User-Agent: Apache-HttpClient/4.5.2 (Java/1.8.0_202)[\r][\n]"
2021-12-24_11:12:32.229 [main] DEBUG org.apache.http.wire -  >> "Accept-Encoding: gzip,deflate[\r][\n]"
2021-12-24_11:12:32.229 [main] DEBUG org.apache.http.wire -  >> "[\r][\n]"
2021-12-24_11:12:32.230 [main] DEBUG org.apache.http.headers - >> POST /card/profile/V1/detail HTTP/1.1
2021-12-24_11:12:32.230 [main] DEBUG org.apache.http.headers - >> Accept: */*
2021-12-24_11:12:32.230 [main] DEBUG org.apache.http.headers - >> userName: A0aCcnPzDANtKmvSLPKcaw==
2021-12-24_11:12:32.230 [main] DEBUG org.apache.http.headers - >> token: 752d389b07eb4186a40c349c47bac10c
2021-12-24_11:12:32.230 [main] DEBUG org.apache.http.headers - >> Content-Type: application/json; charset=UTF-8
2021-12-24_11:12:32.230 [main] DEBUG org.apache.http.headers - >> Content-Length: 40
2021-12-24_11:12:32.230 [main] DEBUG org.apache.http.headers - >> Host: apitest.pineperks.in
2021-12-24_11:12:32.230 [main] DEBUG org.apache.http.headers - >> Connection: Keep-Alive
2021-12-24_11:12:32.230 [main] DEBUG org.apache.http.headers - >> User-Agent: Apache-HttpClient/4.5.2 (Java/1.8.0_202)
2021-12-24_11:12:32.230 [main] DEBUG org.apache.http.headers - >> Accept-Encoding: gzip,deflate
2021-12-24_11:12:32.230 [main] DEBUG org.apache.http.wire -  >> "{"cardDetailRequestList":["7688931936"]}"
2021-12-24_11:12:32.254 [main] DEBUG org.apache.http.wire -  << "HTTP/1.1 200 [\r][\n]"
2021-12-24_11:12:32.254 [main] DEBUG org.apache.http.wire -  << "Access-Control-Allow-Methods: GET, POST[\r][\n]"
2021-12-24_11:12:32.254 [main] DEBUG org.apache.http.wire -  << "Access-Control-Allow-Origin: *[\r][\n]"
2021-12-24_11:12:32.254 [main] DEBUG org.apache.http.wire -  << "Content-Security-Policy: default-src 'none'[\r][\n]"
2021-12-24_11:12:32.254 [main] DEBUG org.apache.http.wire -  << "Feature-Policy: 'none'[\r][\n]"
2021-12-24_11:12:32.255 [main] DEBUG org.apache.http.wire -  << "Referrer-Policy: no-referrer[\r][\n]"
2021-12-24_11:12:32.255 [main] DEBUG org.apache.http.wire -  << "Strict-Transport-Security: max-age=31536000 ; includeSubDomains[\r][\n]"
2021-12-24_11:12:32.255 [main] DEBUG org.apache.http.wire -  << "Date: Fri, 24 Dec 2021 05:42:31 GMT[\r][\n]"
2021-12-24_11:12:32.255 [main] DEBUG org.apache.http.wire -  << "Keep-Alive: timeout=60[\r][\n]"
2021-12-24_11:12:32.255 [main] DEBUG org.apache.http.wire -  << "Content-Type: application/json[\r][\n]"
2021-12-24_11:12:32.255 [main] DEBUG org.apache.http.wire -  << "Transfer-Encoding: chunked[\r][\n]"
2021-12-24_11:12:32.255 [main] DEBUG org.apache.http.wire -  << "Connection: keep-alive[\r][\n]"
2021-12-24_11:12:32.255 [main] DEBUG org.apache.http.wire -  << "[\r][\n]"
2021-12-24_11:12:32.255 [main] DEBUG o.a.h.i.conn.DefaultClientConnection - Receiving response: HTTP/1.1 200 
2021-12-24_11:12:32.255 [main] DEBUG org.apache.http.headers - << HTTP/1.1 200 
2021-12-24_11:12:32.255 [main] DEBUG org.apache.http.headers - << Access-Control-Allow-Methods: GET, POST
2021-12-24_11:12:32.255 [main] DEBUG org.apache.http.headers - << Access-Control-Allow-Origin: *
2021-12-24_11:12:32.255 [main] DEBUG org.apache.http.headers - << Content-Security-Policy: default-src 'none'
2021-12-24_11:12:32.255 [main] DEBUG org.apache.http.headers - << Feature-Policy: 'none'
2021-12-24_11:12:32.255 [main] DEBUG org.apache.http.headers - << Referrer-Policy: no-referrer
2021-12-24_11:12:32.255 [main] DEBUG org.apache.http.headers - << Strict-Transport-Security: max-age=31536000 ; includeSubDomains
2021-12-24_11:12:32.255 [main] DEBUG org.apache.http.headers - << Date: Fri, 24 Dec 2021 05:42:31 GMT
2021-12-24_11:12:32.255 [main] DEBUG org.apache.http.headers - << Keep-Alive: timeout=60
2021-12-24_11:12:32.255 [main] DEBUG org.apache.http.headers - << Content-Type: application/json
2021-12-24_11:12:32.255 [main] DEBUG org.apache.http.headers - << Transfer-Encoding: chunked
2021-12-24_11:12:32.255 [main] DEBUG org.apache.http.headers - << Connection: keep-alive
2021-12-24_11:12:32.256 [main] DEBUG o.a.h.impl.client.DefaultHttpClient - Connection can be kept alive for 60000 MILLISECONDS
2021-12-24_11:12:32.256 [main] DEBUG i.r.i.RequestSpecificationImpl$RestAssuredHttpBuilder - Parsing response as: application/json
2021-12-24_11:12:32.256 [main] DEBUG i.r.i.RequestSpecificationImpl$RestAssuredHttpBuilder - Parsed data to instance of: class org.apache.http.conn.EofSensorInputStream
2021-12-24_11:12:32.257 [main] INFO  com.qc.BaseAPI - Method :POST
2021-12-24_11:12:32.258 [main] INFO  com.qc.BaseAPI - URI :https://apitest.pineperks.in/card/profile/V1/detail
2021-12-24_11:12:32.258 [main] INFO  com.qc.BaseAPI - Headers :token=752d389b07eb4186a40c349c47bac10c
userName=A0aCcnPzDANtKmvSLPKcaw==
Accept=*/*
Content-Type=application/json; charset=UTF-8
2021-12-24_11:12:32.258 [main] INFO  com.qc.BaseAPI - Body :{"cardDetailRequestList":["7688931936"]}
2021-12-24_11:12:32.258 [main] INFO  com.qc.BaseAPI - ********************RESPONSE********************
2021-12-24_11:12:32.259 [main] DEBUG org.apache.http.wire -  << "3c0[\r][\n]"
2021-12-24_11:12:32.259 [main] DEBUG org.apache.http.wire -  << "{"cardDetailResponseList":[{"cardReferenceNumber":7688931936,"maskedCardNumber":"608364******8846","cardStatus":2,"kycStatus":null,"cardSchemeId":7,"pinMode":4,"cardName":"milson Card","cardVariant":2,"cardCategoryId":4,"loadAmount":1000,"redeemedAmount":0,"balance":1000,"issuedOn":"24-Dec-2021","expiryDate":"31-Dec-2023","isEcommTransactionEnabled":true,"ecommRedeemTransactionLimit":0,"isPOSTransactionEnabled":false,"posRedeemTransactionLimit":0,"monthlyCreditAmount":null,"lastCreditedOn":null,"activatedOn":null,"activationName":"Afzal","activationMobileNumber":8284854535,"activationEmail":"afzal.ahmed@pinelabs.com","customerName":"Afzal ahmed","customerMobile":8284854535,"customerEmail":null,"blockedOn":null,"terminatedOn":null,"terminatedBy":null,"reason":"Lost","reIssuedOn":null,"reIssuedBy":null,"reIssuedByCardReferenceNumber":null,"reIssueCharges":0,"responseCode":0,"responseMessage":"Success"}],"responseCode":0,"responseMessage":"Success"}"
2021-12-24_11:12:32.259 [main] DEBUG org.apache.http.wire -  << "[\r][\n]"
2021-12-24_11:12:32.259 [main] DEBUG org.apache.http.wire -  << "0[\r][\n]"
2021-12-24_11:12:32.259 [main] DEBUG org.apache.http.wire -  << "[\r][\n]"
2021-12-24_11:12:32.259 [main] DEBUG o.a.h.i.c.BasicClientConnectionManager - Releasing connection org.apache.http.impl.conn.ManagedClientConnectionImpl@1453ab34
2021-12-24_11:12:32.259 [main] DEBUG o.a.h.i.c.BasicClientConnectionManager - Connection can be kept alive for 60000 MILLISECONDS
2021-12-24_11:12:32.261 [main] INFO  com.qc.BaseAPI - Response :{
    "cardDetailResponseList": [
        {
            "cardReferenceNumber": 7688931936,
            "maskedCardNumber": "608364******8846",
            "cardStatus": 2,
            "kycStatus": null,
            "cardSchemeId": 7,
            "pinMode": 4,
            "cardName": "milson Card",
            "cardVariant": 2,
            "cardCategoryId": 4,
            "loadAmount": 1000,
            "redeemedAmount": 0,
            "balance": 1000,
            "issuedOn": "24-Dec-2021",
            "expiryDate": "31-Dec-2023",
            "isEcommTransactionEnabled": true,
            "ecommRedeemTransactionLimit": 0,
            "isPOSTransactionEnabled": false,
            "posRedeemTransactionLimit": 0,
            "monthlyCreditAmount": null,
            "lastCreditedOn": null,
            "activatedOn": null,
            "activationName": "Afzal",
            "activationMobileNumber": 8284854535,
            "activationEmail": "afzal.ahmed@pinelabs.com",
            "customerName": "Afzal ahmed",
            "customerMobile": 8284854535,
            "customerEmail": null,
            "blockedOn": null,
            "terminatedOn": null,
            "terminatedBy": null,
            "reason": "Lost",
            "reIssuedOn": null,
            "reIssuedBy": null,
            "reIssuedByCardReferenceNumber": null,
            "reIssueCharges": 0,
            "responseCode": 0,
            "responseMessage": "Success"
        }
    ],
    "responseCode": 0,
    "responseMessage": "Success"
}
2021-12-24_11:12:32.261 [main] INFO  com.qc.BaseAPI -  **** POST call Response time 149 ms
2021-12-24_11:12:32.262 [main] INFO  p.r.service.CorporateAndCardDetails - Time Taken to perform https://apitest.pineperks.in/card/profile/V1/detail transaction: 149
