2021-12-15_00:40:49.952 [main] INFO  com.qc.qa.utils.TestDataReader - Reading API Test Data config values from  testData/api/devAPITestData.properties
2021-12-15_00:40:49.959 [main] INFO  pl.rest.service.Authorize - Authorize Rest API URL :- https://apitest.pineperks.in/auth/V1/generate/token
2021-12-15_00:40:49.959 [main] INFO  com.qc.BaseAPI - GET call to URL https://apitest.pineperks.in/auth/V1/generate/token
2021-12-15_00:40:50.137 [main] INFO  com.qc.BaseAPI - ********************REQUEST********************
2021-12-15_00:40:51.455 [main] DEBUG o.a.h.i.c.BasicClientConnectionManager - Get connection for route {s}->https://apitest.pineperks.in:443
2021-12-15_00:40:51.510 [main] DEBUG o.a.h.i.c.DefaultClientConnectionOperator - Connecting to apitest.pineperks.in:443
2021-12-15_00:40:51.695 [main] DEBUG o.a.h.c.protocol.RequestAddCookies - CookieSpec selected: ignoreCookies
2021-12-15_00:40:51.696 [main] DEBUG o.a.h.c.protocol.RequestAuthCache - Auth cache not set in the context
2021-12-15_00:40:51.696 [main] DEBUG o.a.h.c.p.RequestTargetAuthentication - Target auth state: UNCHALLENGED
2021-12-15_00:40:51.697 [main] DEBUG o.a.h.c.p.RequestProxyAuthentication - Proxy auth state: UNCHALLENGED
2021-12-15_00:40:51.697 [main] DEBUG o.a.h.impl.client.DefaultHttpClient - Attempt 1 to execute request
2021-12-15_00:40:51.698 [main] DEBUG o.a.h.i.conn.DefaultClientConnection - Sending request: GET /auth/V1/generate/token HTTP/1.1
2021-12-15_00:40:51.698 [main] DEBUG org.apache.http.wire -  >> "GET /auth/V1/generate/token HTTP/1.1[\r][\n]"
2021-12-15_00:40:51.699 [main] DEBUG org.apache.http.wire -  >> "Content-Type: application/json; charset=UTF-8[\r][\n]"
2021-12-15_00:40:51.699 [main] DEBUG org.apache.http.wire -  >> "Accept: */*[\r][\n]"
2021-12-15_00:40:51.699 [main] DEBUG org.apache.http.wire -  >> "userName: A0aCcnPzDANtKmvSLPKcaw==[\r][\n]"
2021-12-15_00:40:51.700 [main] DEBUG org.apache.http.wire -  >> "Host: apitest.pineperks.in[\r][\n]"
2021-12-15_00:40:51.700 [main] DEBUG org.apache.http.wire -  >> "Connection: Keep-Alive[\r][\n]"
2021-12-15_00:40:51.700 [main] DEBUG org.apache.http.wire -  >> "User-Agent: Apache-HttpClient/4.5.2 (Java/1.8.0_202)[\r][\n]"
2021-12-15_00:40:51.700 [main] DEBUG org.apache.http.wire -  >> "Accept-Encoding: gzip,deflate[\r][\n]"
2021-12-15_00:40:51.700 [main] DEBUG org.apache.http.wire -  >> "[\r][\n]"
2021-12-15_00:40:51.700 [main] DEBUG org.apache.http.headers - >> GET /auth/V1/generate/token HTTP/1.1
2021-12-15_00:40:51.700 [main] DEBUG org.apache.http.headers - >> Content-Type: application/json; charset=UTF-8
2021-12-15_00:40:51.700 [main] DEBUG org.apache.http.headers - >> Accept: */*
2021-12-15_00:40:51.700 [main] DEBUG org.apache.http.headers - >> userName: A0aCcnPzDANtKmvSLPKcaw==
2021-12-15_00:40:51.700 [main] DEBUG org.apache.http.headers - >> Host: apitest.pineperks.in
2021-12-15_00:40:51.701 [main] DEBUG org.apache.http.headers - >> Connection: Keep-Alive
2021-12-15_00:40:51.701 [main] DEBUG org.apache.http.headers - >> User-Agent: Apache-HttpClient/4.5.2 (Java/1.8.0_202)
2021-12-15_00:40:51.701 [main] DEBUG org.apache.http.headers - >> Accept-Encoding: gzip,deflate
2021-12-15_00:40:51.800 [main] DEBUG org.apache.http.wire -  << "HTTP/1.1 200 [\r][\n]"
2021-12-15_00:40:51.804 [main] DEBUG org.apache.http.wire -  << "Access-Control-Allow-Methods: GET, POST[\r][\n]"
2021-12-15_00:40:51.804 [main] DEBUG org.apache.http.wire -  << "Access-Control-Allow-Origin: *[\r][\n]"
2021-12-15_00:40:51.805 [main] DEBUG org.apache.http.wire -  << "Content-Security-Policy: default-src 'none'[\r][\n]"
2021-12-15_00:40:51.805 [main] DEBUG org.apache.http.wire -  << "Feature-Policy: 'none'[\r][\n]"
2021-12-15_00:40:51.805 [main] DEBUG org.apache.http.wire -  << "Referrer-Policy: no-referrer[\r][\n]"
2021-12-15_00:40:51.805 [main] DEBUG org.apache.http.wire -  << "Strict-Transport-Security: max-age=31536000 ; includeSubDomains[\r][\n]"
2021-12-15_00:40:51.806 [main] DEBUG org.apache.http.wire -  << "Date: Tue, 14 Dec 2021 19:10:51 GMT[\r][\n]"
2021-12-15_00:40:51.806 [main] DEBUG org.apache.http.wire -  << "Keep-Alive: timeout=60[\r][\n]"
2021-12-15_00:40:51.806 [main] DEBUG org.apache.http.wire -  << "Content-Type: application/json[\r][\n]"
2021-12-15_00:40:51.806 [main] DEBUG org.apache.http.wire -  << "Transfer-Encoding: chunked[\r][\n]"
2021-12-15_00:40:51.807 [main] DEBUG org.apache.http.wire -  << "Connection: keep-alive[\r][\n]"
2021-12-15_00:40:51.807 [main] DEBUG org.apache.http.wire -  << "[\r][\n]"
2021-12-15_00:40:51.808 [main] DEBUG o.a.h.i.conn.DefaultClientConnection - Receiving response: HTTP/1.1 200 
2021-12-15_00:40:51.809 [main] DEBUG org.apache.http.headers - << HTTP/1.1 200 
2021-12-15_00:40:51.809 [main] DEBUG org.apache.http.headers - << Access-Control-Allow-Methods: GET, POST
2021-12-15_00:40:51.809 [main] DEBUG org.apache.http.headers - << Access-Control-Allow-Origin: *
2021-12-15_00:40:51.809 [main] DEBUG org.apache.http.headers - << Content-Security-Policy: default-src 'none'
2021-12-15_00:40:51.809 [main] DEBUG org.apache.http.headers - << Feature-Policy: 'none'
2021-12-15_00:40:51.810 [main] DEBUG org.apache.http.headers - << Referrer-Policy: no-referrer
2021-12-15_00:40:51.810 [main] DEBUG org.apache.http.headers - << Strict-Transport-Security: max-age=31536000 ; includeSubDomains
2021-12-15_00:40:51.810 [main] DEBUG org.apache.http.headers - << Date: Tue, 14 Dec 2021 19:10:51 GMT
2021-12-15_00:40:51.811 [main] DEBUG org.apache.http.headers - << Keep-Alive: timeout=60
2021-12-15_00:40:51.811 [main] DEBUG org.apache.http.headers - << Content-Type: application/json
2021-12-15_00:40:51.811 [main] DEBUG org.apache.http.headers - << Transfer-Encoding: chunked
2021-12-15_00:40:51.811 [main] DEBUG org.apache.http.headers - << Connection: keep-alive
2021-12-15_00:40:51.821 [main] DEBUG o.a.h.impl.client.DefaultHttpClient - Connection can be kept alive for 60000 MILLISECONDS
2021-12-15_00:40:51.837 [main] DEBUG i.r.i.RequestSpecificationImpl$RestAssuredHttpBuilder - Parsing response as: application/json
2021-12-15_00:40:51.837 [main] DEBUG i.r.i.RequestSpecificationImpl$RestAssuredHttpBuilder - Parsed data to instance of: class org.apache.http.conn.EofSensorInputStream
2021-12-15_00:40:51.847 [main] INFO  com.qc.BaseAPI - Method :GET
2021-12-15_00:40:51.848 [main] INFO  com.qc.BaseAPI - URI :https://apitest.pineperks.in/auth/V1/generate/token
2021-12-15_00:40:51.848 [main] INFO  com.qc.BaseAPI - Headers :userName=A0aCcnPzDANtKmvSLPKcaw==
Accept=*/*
Content-Type=application/json; charset=UTF-8
2021-12-15_00:40:51.848 [main] INFO  com.qc.BaseAPI - Body :null
2021-12-15_00:40:51.848 [main] INFO  com.qc.BaseAPI - ********************RESPONSE********************
2021-12-15_00:40:51.856 [main] DEBUG org.apache.http.wire -  << "7f[\r][\n]"
2021-12-15_00:40:51.857 [main] DEBUG org.apache.http.wire -  << "{"accessToken":"ec85665f31a54d1aaf71f438e6fef5cb","tokenExpiryTime":"16-Dec-2021","responseCode":0,"responseMessage":"Success"}"
2021-12-15_00:40:51.858 [main] DEBUG org.apache.http.wire -  << "[\r][\n]"
2021-12-15_00:40:51.858 [main] DEBUG org.apache.http.wire -  << "0[\r][\n]"
2021-12-15_00:40:51.858 [main] DEBUG org.apache.http.wire -  << "[\r][\n]"
2021-12-15_00:40:51.858 [main] DEBUG o.a.h.i.c.BasicClientConnectionManager - Releasing connection org.apache.http.impl.conn.ManagedClientConnectionImpl@58937182
2021-12-15_00:40:51.858 [main] DEBUG o.a.h.i.c.BasicClientConnectionManager - Connection can be kept alive for 60000 MILLISECONDS
2021-12-15_00:40:51.879 [main] INFO  com.qc.BaseAPI - Response :{
    "accessToken": "ec85665f31a54d1aaf71f438e6fef5cb",
    "tokenExpiryTime": "16-Dec-2021",
    "responseCode": 0,
    "responseMessage": "Success"
}
2021-12-15_00:40:51.881 [main] INFO  com.qc.BaseAPI -  **** GET call Response time 1697 ms
2021-12-15_00:40:51.881 [main] INFO  pl.rest.service.Authorize - Time Taken to perform https://apitest.pineperks.in/auth/V1/generate/token transaction: 1697
2021-12-15_00:40:52.193 [main] INFO  com.qc.qa.utils.TestDataReader - Reading Json data authorizeHeaders
2021-12-15_00:40:52.196 [main] INFO  com.qc.qa.utils.TestDataReader - Reading json data from file @ testData/api/devAPIData.json
2021-12-15_00:40:52.221 [main] INFO  pl.rest.service.CardIssue - CardIssue Rest API URL :- https://apitest.pineperks.in/card/order/V1/instant/issue/nonreloadable/digital
2021-12-15_00:40:52.221 [main] INFO  com.qc.BaseAPI - POST call to URL https://apitest.pineperks.in/card/order/V1/instant/issue/nonreloadable/digital
2021-12-15_00:40:52.235 [main] INFO  com.qc.BaseAPI - ********************REQUEST********************
2021-12-15_00:40:52.282 [main] DEBUG o.a.h.i.c.BasicClientConnectionManager - Get connection for route {s}->https://apitest.pineperks.in:443
2021-12-15_00:40:52.282 [main] DEBUG o.a.h.i.c.DefaultClientConnectionOperator - Connecting to apitest.pineperks.in:443
2021-12-15_00:40:52.389 [main] DEBUG o.a.h.c.protocol.RequestAddCookies - CookieSpec selected: ignoreCookies
2021-12-15_00:40:52.389 [main] DEBUG o.a.h.c.protocol.RequestAuthCache - Auth cache not set in the context
2021-12-15_00:40:52.389 [main] DEBUG o.a.h.c.p.RequestTargetAuthentication - Target auth state: UNCHALLENGED
2021-12-15_00:40:52.389 [main] DEBUG o.a.h.c.p.RequestProxyAuthentication - Proxy auth state: UNCHALLENGED
2021-12-15_00:40:52.390 [main] DEBUG o.a.h.impl.client.DefaultHttpClient - Attempt 1 to execute request
2021-12-15_00:40:52.390 [main] DEBUG o.a.h.i.conn.DefaultClientConnection - Sending request: POST /card/order/V1/instant/issue/nonreloadable/digital HTTP/1.1
2021-12-15_00:40:52.390 [main] DEBUG org.apache.http.wire -  >> "POST /card/order/V1/instant/issue/nonreloadable/digital HTTP/1.1[\r][\n]"
2021-12-15_00:40:52.390 [main] DEBUG org.apache.http.wire -  >> "Accept: */*[\r][\n]"
2021-12-15_00:40:52.390 [main] DEBUG org.apache.http.wire -  >> "userName: A0aCcnPzDANtKmvSLPKcaw==[\r][\n]"
2021-12-15_00:40:52.390 [main] DEBUG org.apache.http.wire -  >> "token: ec85665f31a54d1aaf71f438e6fef5cb[\r][\n]"
2021-12-15_00:40:52.390 [main] DEBUG org.apache.http.wire -  >> "Content-Type: application/json; charset=UTF-8[\r][\n]"
2021-12-15_00:40:52.390 [main] DEBUG org.apache.http.wire -  >> "Content-Length: 241[\r][\n]"
2021-12-15_00:40:52.390 [main] DEBUG org.apache.http.wire -  >> "Host: apitest.pineperks.in[\r][\n]"
2021-12-15_00:40:52.390 [main] DEBUG org.apache.http.wire -  >> "Connection: Keep-Alive[\r][\n]"
2021-12-15_00:40:52.390 [main] DEBUG org.apache.http.wire -  >> "User-Agent: Apache-HttpClient/4.5.2 (Java/1.8.0_202)[\r][\n]"
2021-12-15_00:40:52.390 [main] DEBUG org.apache.http.wire -  >> "Accept-Encoding: gzip,deflate[\r][\n]"
2021-12-15_00:40:52.390 [main] DEBUG org.apache.http.wire -  >> "[\r][\n]"
2021-12-15_00:40:52.390 [main] DEBUG org.apache.http.headers - >> POST /card/order/V1/instant/issue/nonreloadable/digital HTTP/1.1
2021-12-15_00:40:52.390 [main] DEBUG org.apache.http.headers - >> Accept: */*
2021-12-15_00:40:52.390 [main] DEBUG org.apache.http.headers - >> userName: A0aCcnPzDANtKmvSLPKcaw==
2021-12-15_00:40:52.390 [main] DEBUG org.apache.http.headers - >> token: ec85665f31a54d1aaf71f438e6fef5cb
2021-12-15_00:40:52.390 [main] DEBUG org.apache.http.headers - >> Content-Type: application/json; charset=UTF-8
2021-12-15_00:40:52.391 [main] DEBUG org.apache.http.headers - >> Content-Length: 241
2021-12-15_00:40:52.391 [main] DEBUG org.apache.http.headers - >> Host: apitest.pineperks.in
2021-12-15_00:40:52.391 [main] DEBUG org.apache.http.headers - >> Connection: Keep-Alive
2021-12-15_00:40:52.391 [main] DEBUG org.apache.http.headers - >> User-Agent: Apache-HttpClient/4.5.2 (Java/1.8.0_202)
2021-12-15_00:40:52.391 [main] DEBUG org.apache.http.headers - >> Accept-Encoding: gzip,deflate
2021-12-15_00:40:52.391 [main] DEBUG org.apache.http.wire -  >> "{"isLinkToBeSentOnMobile":true,"checksum":"5x3GNrnStyS2PkMvV6EeAw==","cardDetailList":[{"amount":"1000","mobileNumber":"8284854535","customerName":"afzal","email":"afzal.ahmed@pinelabs.com"}],"externalRequestId":"T9os6ta","cardSchemeId":"7"}"
2021-12-15_00:40:52.867 [main] DEBUG org.apache.http.wire -  << "HTTP/1.1 200 [\r][\n]"
2021-12-15_00:40:52.869 [main] DEBUG org.apache.http.wire -  << "Access-Control-Allow-Methods: GET, POST[\r][\n]"
2021-12-15_00:40:52.869 [main] DEBUG org.apache.http.wire -  << "Access-Control-Allow-Origin: *[\r][\n]"
2021-12-15_00:40:52.869 [main] DEBUG org.apache.http.wire -  << "Content-Security-Policy: default-src 'none'[\r][\n]"
2021-12-15_00:40:52.870 [main] DEBUG org.apache.http.wire -  << "Feature-Policy: 'none'[\r][\n]"
2021-12-15_00:40:52.870 [main] DEBUG org.apache.http.wire -  << "Referrer-Policy: no-referrer[\r][\n]"
2021-12-15_00:40:52.870 [main] DEBUG org.apache.http.wire -  << "Strict-Transport-Security: max-age=31536000 ; includeSubDomains[\r][\n]"
2021-12-15_00:40:52.871 [main] DEBUG org.apache.http.wire -  << "Date: Tue, 14 Dec 2021 19:10:52 GMT[\r][\n]"
2021-12-15_00:40:52.871 [main] DEBUG org.apache.http.wire -  << "Keep-Alive: timeout=60[\r][\n]"
2021-12-15_00:40:52.871 [main] DEBUG org.apache.http.wire -  << "Content-Type: application/json[\r][\n]"
2021-12-15_00:40:52.871 [main] DEBUG org.apache.http.wire -  << "Transfer-Encoding: chunked[\r][\n]"
2021-12-15_00:40:52.871 [main] DEBUG org.apache.http.wire -  << "Connection: keep-alive[\r][\n]"
2021-12-15_00:40:52.871 [main] DEBUG org.apache.http.wire -  << "[\r][\n]"
2021-12-15_00:40:52.872 [main] DEBUG o.a.h.i.conn.DefaultClientConnection - Receiving response: HTTP/1.1 200 
2021-12-15_00:40:52.872 [main] DEBUG org.apache.http.headers - << HTTP/1.1 200 
2021-12-15_00:40:52.872 [main] DEBUG org.apache.http.headers - << Access-Control-Allow-Methods: GET, POST
2021-12-15_00:40:52.872 [main] DEBUG org.apache.http.headers - << Access-Control-Allow-Origin: *
2021-12-15_00:40:52.872 [main] DEBUG org.apache.http.headers - << Content-Security-Policy: default-src 'none'
2021-12-15_00:40:52.872 [main] DEBUG org.apache.http.headers - << Feature-Policy: 'none'
2021-12-15_00:40:52.873 [main] DEBUG org.apache.http.headers - << Referrer-Policy: no-referrer
2021-12-15_00:40:52.873 [main] DEBUG org.apache.http.headers - << Strict-Transport-Security: max-age=31536000 ; includeSubDomains
2021-12-15_00:40:52.874 [main] DEBUG org.apache.http.headers - << Date: Tue, 14 Dec 2021 19:10:52 GMT
2021-12-15_00:40:52.874 [main] DEBUG org.apache.http.headers - << Keep-Alive: timeout=60
2021-12-15_00:40:52.874 [main] DEBUG org.apache.http.headers - << Content-Type: application/json
2021-12-15_00:40:52.874 [main] DEBUG org.apache.http.headers - << Transfer-Encoding: chunked
2021-12-15_00:40:52.874 [main] DEBUG org.apache.http.headers - << Connection: keep-alive
2021-12-15_00:40:52.874 [main] DEBUG o.a.h.impl.client.DefaultHttpClient - Connection can be kept alive for 60000 MILLISECONDS
2021-12-15_00:40:52.875 [main] DEBUG i.r.i.RequestSpecificationImpl$RestAssuredHttpBuilder - Parsing response as: application/json
2021-12-15_00:40:52.875 [main] DEBUG i.r.i.RequestSpecificationImpl$RestAssuredHttpBuilder - Parsed data to instance of: class org.apache.http.conn.EofSensorInputStream
2021-12-15_00:40:52.878 [main] INFO  com.qc.BaseAPI - Method :POST
2021-12-15_00:40:52.882 [main] INFO  com.qc.BaseAPI - URI :https://apitest.pineperks.in/card/order/V1/instant/issue/nonreloadable/digital
2021-12-15_00:40:52.882 [main] INFO  com.qc.BaseAPI - Headers :token=ec85665f31a54d1aaf71f438e6fef5cb
userName=A0aCcnPzDANtKmvSLPKcaw==
Accept=*/*
Content-Type=application/json; charset=UTF-8
2021-12-15_00:40:52.882 [main] INFO  com.qc.BaseAPI - Body :{"isLinkToBeSentOnMobile":true,"checksum":"5x3GNrnStyS2PkMvV6EeAw==","cardDetailList":[{"amount":"1000","mobileNumber":"8284854535","customerName":"afzal","email":"afzal.ahmed@pinelabs.com"}],"externalRequestId":"T9os6ta","cardSchemeId":"7"}
2021-12-15_00:40:52.882 [main] INFO  com.qc.BaseAPI - ********************RESPONSE********************
2021-12-15_00:40:52.883 [main] DEBUG org.apache.http.wire -  << "1f1[\r][\n]"
2021-12-15_00:40:52.883 [main] DEBUG org.apache.http.wire -  << "{"externalRequestId":"T9os6ta","orderId":12424,"orderStatus":6,"cardDetailResponseList":[{"referenceNumber":1957258266,"serialNumber":12424000010001,"customerName":"afzal","mobileNumber":8284854535,"email":"afzal.ahmed@pinelabs.com","amount":1000,"cardLink":"test.pineperks.in/eCard?c=IMvGliTN7zyxv8vg1xxtpg2","responseCode":0,"responseMessage":"Success"}],"successCount":1,"failedCount":0,"orderAmount":1000,"issuanceCharge":100,"netOrderAmount":1100,"responseCode":0,"responseMessage":"Success"}"
2021-12-15_00:40:52.883 [main] DEBUG org.apache.http.wire -  << "[\r][\n]"
2021-12-15_00:40:52.884 [main] DEBUG org.apache.http.wire -  << "0[\r][\n]"
2021-12-15_00:40:52.884 [main] DEBUG org.apache.http.wire -  << "[\r][\n]"
2021-12-15_00:40:52.884 [main] DEBUG o.a.h.i.c.BasicClientConnectionManager - Releasing connection org.apache.http.impl.conn.ManagedClientConnectionImpl@4bd3049
2021-12-15_00:40:52.884 [main] DEBUG o.a.h.i.c.BasicClientConnectionManager - Connection can be kept alive for 60000 MILLISECONDS
2021-12-15_00:40:52.888 [main] INFO  com.qc.BaseAPI - Response :{
    "externalRequestId": "T9os6ta",
    "orderId": 12424,
    "orderStatus": 6,
    "cardDetailResponseList": [
        {
            "referenceNumber": 1957258266,
            "serialNumber": 12424000010001,
            "customerName": "afzal",
            "mobileNumber": 8284854535,
            "email": "afzal.ahmed@pinelabs.com",
            "amount": 1000,
            "cardLink": "test.pineperks.in/eCard?c=IMvGliTN7zyxv8vg1xxtpg2",
            "responseCode": 0,
            "responseMessage": "Success"
        }
    ],
    "successCount": 1,
    "failedCount": 0,
    "orderAmount": 1000,
    "issuanceCharge": 100,
    "netOrderAmount": 1100,
    "responseCode": 0,
    "responseMessage": "Success"
}
2021-12-15_00:40:52.889 [main] INFO  com.qc.BaseAPI -  **** POST call Response time 639 ms
2021-12-15_00:40:52.889 [main] INFO  pl.rest.service.CardIssue - Time Taken to perform https://apitest.pineperks.in/card/order/V1/instant/issue/nonreloadable/digital transaction: 639
