2022-02-03_19:03:23.832 [main] INFO  pl.rest.CustomHooks - SCENARIO NAME: Validating the response of the card card detail API with the database
2022-02-03_19:03:23.835 [main] INFO  pl.rest.CustomHooks - TAG NAMEs: [@Regression, @DB]
2022-02-03_19:03:23.839 [main] INFO  pl.rest.CustomHooks - SCENARIO NAME: Validating the response of the card card detail API with the database
2022-02-03_19:03:23.839 [main] INFO  pl.rest.CustomHooks - TAG NAMEs: [@Regression, @DB]
2022-02-03_19:03:23.895 [main] INFO  pl.rest.CustomHooks - Index: 0, Size: 0
2022-02-03_19:03:25.108 [main] INFO  com.qc.qa.utils.TestDataReader - Reading API Test Data config values from  testData/api/devAPITestData.properties
2022-02-03_19:03:25.114 [main] INFO  pl.rest.service.Authorize - Authorize Rest API URL :- https://apitest.pineperks.in/auth/V1/generate/token
2022-02-03_19:03:25.115 [main] INFO  com.qc.BaseAPI - GET call to URL https://apitest.pineperks.in/auth/V1/generate/token
2022-02-03_19:03:25.300 [main] INFO  com.qc.BaseAPI - ********************REQUEST********************
2022-02-03_19:03:28.002 [main] DEBUG o.a.h.i.c.BasicClientConnectionManager - Get connection for route {s}->https://apitest.pineperks.in:443
2022-02-03_19:03:28.128 [main] DEBUG o.a.h.i.c.DefaultClientConnectionOperator - Connecting to apitest.pineperks.in:443
2022-02-03_19:03:28.358 [main] DEBUG o.a.h.c.protocol.RequestAddCookies - CookieSpec selected: ignoreCookies
2022-02-03_19:03:28.360 [main] DEBUG o.a.h.c.protocol.RequestAuthCache - Auth cache not set in the context
2022-02-03_19:03:28.360 [main] DEBUG o.a.h.c.p.RequestTargetAuthentication - Target auth state: UNCHALLENGED
2022-02-03_19:03:28.361 [main] DEBUG o.a.h.c.p.RequestProxyAuthentication - Proxy auth state: UNCHALLENGED
2022-02-03_19:03:28.361 [main] DEBUG o.a.h.impl.client.DefaultHttpClient - Attempt 1 to execute request
2022-02-03_19:03:28.362 [main] DEBUG o.a.h.i.conn.DefaultClientConnection - Sending request: GET /auth/V1/generate/token HTTP/1.1
2022-02-03_19:03:28.362 [main] DEBUG org.apache.http.wire -  >> "GET /auth/V1/generate/token HTTP/1.1[\r][\n]"
2022-02-03_19:03:28.363 [main] DEBUG org.apache.http.wire -  >> "Content-Type: application/json; charset=UTF-8[\r][\n]"
2022-02-03_19:03:28.363 [main] DEBUG org.apache.http.wire -  >> "Accept: */*[\r][\n]"
2022-02-03_19:03:28.363 [main] DEBUG org.apache.http.wire -  >> "userName: A0aCcnPzDANtKmvSLPKcaw==[\r][\n]"
2022-02-03_19:03:28.363 [main] DEBUG org.apache.http.wire -  >> "Host: apitest.pineperks.in[\r][\n]"
2022-02-03_19:03:28.364 [main] DEBUG org.apache.http.wire -  >> "Connection: Keep-Alive[\r][\n]"
2022-02-03_19:03:28.364 [main] DEBUG org.apache.http.wire -  >> "User-Agent: Apache-HttpClient/4.5.2 (Java/1.8.0_202)[\r][\n]"
2022-02-03_19:03:28.364 [main] DEBUG org.apache.http.wire -  >> "Accept-Encoding: gzip,deflate[\r][\n]"
2022-02-03_19:03:28.364 [main] DEBUG org.apache.http.wire -  >> "[\r][\n]"
2022-02-03_19:03:28.364 [main] DEBUG org.apache.http.headers - >> GET /auth/V1/generate/token HTTP/1.1
2022-02-03_19:03:28.364 [main] DEBUG org.apache.http.headers - >> Content-Type: application/json; charset=UTF-8
2022-02-03_19:03:28.365 [main] DEBUG org.apache.http.headers - >> Accept: */*
2022-02-03_19:03:28.365 [main] DEBUG org.apache.http.headers - >> userName: A0aCcnPzDANtKmvSLPKcaw==
2022-02-03_19:03:28.365 [main] DEBUG org.apache.http.headers - >> Host: apitest.pineperks.in
2022-02-03_19:03:28.365 [main] DEBUG org.apache.http.headers - >> Connection: Keep-Alive
2022-02-03_19:03:28.365 [main] DEBUG org.apache.http.headers - >> User-Agent: Apache-HttpClient/4.5.2 (Java/1.8.0_202)
2022-02-03_19:03:28.365 [main] DEBUG org.apache.http.headers - >> Accept-Encoding: gzip,deflate
2022-02-03_19:03:28.457 [main] DEBUG org.apache.http.wire -  << "HTTP/1.1 200 [\r][\n]"
2022-02-03_19:03:28.461 [main] DEBUG org.apache.http.wire -  << "Access-Control-Allow-Methods: GET, POST[\r][\n]"
2022-02-03_19:03:28.461 [main] DEBUG org.apache.http.wire -  << "Access-Control-Allow-Origin: *[\r][\n]"
2022-02-03_19:03:28.461 [main] DEBUG org.apache.http.wire -  << "Content-Security-Policy: default-src 'none'[\r][\n]"
2022-02-03_19:03:28.462 [main] DEBUG org.apache.http.wire -  << "Feature-Policy: 'none'[\r][\n]"
2022-02-03_19:03:28.462 [main] DEBUG org.apache.http.wire -  << "Referrer-Policy: no-referrer[\r][\n]"
2022-02-03_19:03:28.462 [main] DEBUG org.apache.http.wire -  << "Strict-Transport-Security: max-age=31536000 ; includeSubDomains[\r][\n]"
2022-02-03_19:03:28.462 [main] DEBUG org.apache.http.wire -  << "Date: Thu, 03 Feb 2022 13:33:28 GMT[\r][\n]"
2022-02-03_19:03:28.463 [main] DEBUG org.apache.http.wire -  << "Keep-Alive: timeout=60[\r][\n]"
2022-02-03_19:03:28.463 [main] DEBUG org.apache.http.wire -  << "Content-Type: application/json[\r][\n]"
2022-02-03_19:03:28.463 [main] DEBUG org.apache.http.wire -  << "Transfer-Encoding: chunked[\r][\n]"
2022-02-03_19:03:28.464 [main] DEBUG org.apache.http.wire -  << "Connection: keep-alive[\r][\n]"
2022-02-03_19:03:28.464 [main] DEBUG org.apache.http.wire -  << "[\r][\n]"
2022-02-03_19:03:28.466 [main] DEBUG o.a.h.i.conn.DefaultClientConnection - Receiving response: HTTP/1.1 200 
2022-02-03_19:03:28.466 [main] DEBUG org.apache.http.headers - << HTTP/1.1 200 
2022-02-03_19:03:28.466 [main] DEBUG org.apache.http.headers - << Access-Control-Allow-Methods: GET, POST
2022-02-03_19:03:28.467 [main] DEBUG org.apache.http.headers - << Access-Control-Allow-Origin: *
2022-02-03_19:03:28.467 [main] DEBUG org.apache.http.headers - << Content-Security-Policy: default-src 'none'
2022-02-03_19:03:28.467 [main] DEBUG org.apache.http.headers - << Feature-Policy: 'none'
2022-02-03_19:03:28.467 [main] DEBUG org.apache.http.headers - << Referrer-Policy: no-referrer
2022-02-03_19:03:28.467 [main] DEBUG org.apache.http.headers - << Strict-Transport-Security: max-age=31536000 ; includeSubDomains
2022-02-03_19:03:28.468 [main] DEBUG org.apache.http.headers - << Date: Thu, 03 Feb 2022 13:33:28 GMT
2022-02-03_19:03:28.468 [main] DEBUG org.apache.http.headers - << Keep-Alive: timeout=60
2022-02-03_19:03:28.468 [main] DEBUG org.apache.http.headers - << Content-Type: application/json
2022-02-03_19:03:28.468 [main] DEBUG org.apache.http.headers - << Transfer-Encoding: chunked
2022-02-03_19:03:28.468 [main] DEBUG org.apache.http.headers - << Connection: keep-alive
2022-02-03_19:03:28.481 [main] DEBUG o.a.h.impl.client.DefaultHttpClient - Connection can be kept alive for 60000 MILLISECONDS
2022-02-03_19:03:28.500 [main] DEBUG i.r.i.RequestSpecificationImpl$RestAssuredHttpBuilder - Parsing response as: application/json
2022-02-03_19:03:28.501 [main] DEBUG i.r.i.RequestSpecificationImpl$RestAssuredHttpBuilder - Parsed data to instance of: class org.apache.http.conn.EofSensorInputStream
2022-02-03_19:03:28.516 [main] INFO  com.qc.BaseAPI - Method :GET
2022-02-03_19:03:28.517 [main] INFO  com.qc.BaseAPI - URI :https://apitest.pineperks.in/auth/V1/generate/token
2022-02-03_19:03:28.518 [main] INFO  com.qc.BaseAPI - Headers :userName=A0aCcnPzDANtKmvSLPKcaw==
Accept=*/*
Content-Type=application/json; charset=UTF-8
2022-02-03_19:03:28.518 [main] INFO  com.qc.BaseAPI - Body :null
2022-02-03_19:03:28.518 [main] INFO  com.qc.BaseAPI - ********************RESPONSE********************
2022-02-03_19:03:28.527 [main] DEBUG org.apache.http.wire -  << "7f[\r][\n]"
2022-02-03_19:03:28.527 [main] DEBUG org.apache.http.wire -  << "{"accessToken":"6253ddfeabe948a88558f6814b2f856f","tokenExpiryTime":"03-Feb-2024","responseCode":0,"responseMessage":"Success"}"
2022-02-03_19:03:28.527 [main] DEBUG org.apache.http.wire -  << "[\r][\n]"
2022-02-03_19:03:28.528 [main] DEBUG org.apache.http.wire -  << "0[\r][\n]"
2022-02-03_19:03:28.528 [main] DEBUG org.apache.http.wire -  << "[\r][\n]"
2022-02-03_19:03:28.528 [main] DEBUG o.a.h.i.c.BasicClientConnectionManager - Releasing connection org.apache.http.impl.conn.ManagedClientConnectionImpl@70e1a8ab
2022-02-03_19:03:28.528 [main] DEBUG o.a.h.i.c.BasicClientConnectionManager - Connection can be kept alive for 60000 MILLISECONDS
2022-02-03_19:03:28.554 [main] INFO  com.qc.BaseAPI - Response :{
    "accessToken": "6253ddfeabe948a88558f6814b2f856f",
    "tokenExpiryTime": "03-Feb-2024",
    "responseCode": 0,
    "responseMessage": "Success"
}
2022-02-03_19:03:28.557 [main] INFO  com.qc.BaseAPI -  **** GET call Response time 3205 ms
2022-02-03_19:03:28.557 [main] INFO  pl.rest.service.Authorize - Time Taken to perform https://apitest.pineperks.in/auth/V1/generate/token transaction: 3205
2022-02-03_19:03:28.671 [main] INFO  com.qc.qa.utils.TestDataReader - Reading Json data authorizeHeaders
2022-02-03_19:03:28.681 [main] INFO  com.qc.qa.utils.TestDataReader - Reading json data from file @ testData/api/devAPIData.json
2022-02-03_19:03:28.705 [main] INFO  pl.rest.service.CardIssue - CardIssue Rest API URL :- https://apitest.pineperks.in/card/order/V1/instant/issue/nonreloadable/digital
2022-02-03_19:03:28.706 [main] INFO  com.qc.BaseAPI - POST call to URL https://apitest.pineperks.in/card/order/V1/instant/issue/nonreloadable/digital
2022-02-03_19:03:28.715 [main] INFO  com.qc.BaseAPI - ********************REQUEST********************
2022-02-03_19:03:28.751 [main] DEBUG o.a.h.i.c.BasicClientConnectionManager - Get connection for route {s}->https://apitest.pineperks.in:443
2022-02-03_19:03:28.751 [main] DEBUG o.a.h.i.c.DefaultClientConnectionOperator - Connecting to apitest.pineperks.in:443
2022-02-03_19:03:28.868 [main] DEBUG o.a.h.c.protocol.RequestAddCookies - CookieSpec selected: ignoreCookies
2022-02-03_19:03:28.868 [main] DEBUG o.a.h.c.protocol.RequestAuthCache - Auth cache not set in the context
2022-02-03_19:03:28.868 [main] DEBUG o.a.h.c.p.RequestTargetAuthentication - Target auth state: UNCHALLENGED
2022-02-03_19:03:28.868 [main] DEBUG o.a.h.c.p.RequestProxyAuthentication - Proxy auth state: UNCHALLENGED
2022-02-03_19:03:28.869 [main] DEBUG o.a.h.impl.client.DefaultHttpClient - Attempt 1 to execute request
2022-02-03_19:03:28.869 [main] DEBUG o.a.h.i.conn.DefaultClientConnection - Sending request: POST /card/order/V1/instant/issue/nonreloadable/digital HTTP/1.1
2022-02-03_19:03:28.869 [main] DEBUG org.apache.http.wire -  >> "POST /card/order/V1/instant/issue/nonreloadable/digital HTTP/1.1[\r][\n]"
2022-02-03_19:03:28.869 [main] DEBUG org.apache.http.wire -  >> "Accept: */*[\r][\n]"
2022-02-03_19:03:28.869 [main] DEBUG org.apache.http.wire -  >> "userName: A0aCcnPzDANtKmvSLPKcaw==[\r][\n]"
2022-02-03_19:03:28.869 [main] DEBUG org.apache.http.wire -  >> "token: 6253ddfeabe948a88558f6814b2f856f[\r][\n]"
2022-02-03_19:03:28.869 [main] DEBUG org.apache.http.wire -  >> "Content-Type: application/json; charset=UTF-8[\r][\n]"
2022-02-03_19:03:28.870 [main] DEBUG org.apache.http.wire -  >> "Content-Length: 241[\r][\n]"
2022-02-03_19:03:28.870 [main] DEBUG org.apache.http.wire -  >> "Host: apitest.pineperks.in[\r][\n]"
2022-02-03_19:03:28.870 [main] DEBUG org.apache.http.wire -  >> "Connection: Keep-Alive[\r][\n]"
2022-02-03_19:03:28.871 [main] DEBUG org.apache.http.wire -  >> "User-Agent: Apache-HttpClient/4.5.2 (Java/1.8.0_202)[\r][\n]"
2022-02-03_19:03:28.871 [main] DEBUG org.apache.http.wire -  >> "Accept-Encoding: gzip,deflate[\r][\n]"
2022-02-03_19:03:28.871 [main] DEBUG org.apache.http.wire -  >> "[\r][\n]"
2022-02-03_19:03:28.871 [main] DEBUG org.apache.http.headers - >> POST /card/order/V1/instant/issue/nonreloadable/digital HTTP/1.1
2022-02-03_19:03:28.871 [main] DEBUG org.apache.http.headers - >> Accept: */*
2022-02-03_19:03:28.871 [main] DEBUG org.apache.http.headers - >> userName: A0aCcnPzDANtKmvSLPKcaw==
2022-02-03_19:03:28.871 [main] DEBUG org.apache.http.headers - >> token: 6253ddfeabe948a88558f6814b2f856f
2022-02-03_19:03:28.871 [main] DEBUG org.apache.http.headers - >> Content-Type: application/json; charset=UTF-8
2022-02-03_19:03:28.871 [main] DEBUG org.apache.http.headers - >> Content-Length: 241
2022-02-03_19:03:28.871 [main] DEBUG org.apache.http.headers - >> Host: apitest.pineperks.in
2022-02-03_19:03:28.871 [main] DEBUG org.apache.http.headers - >> Connection: Keep-Alive
2022-02-03_19:03:28.871 [main] DEBUG org.apache.http.headers - >> User-Agent: Apache-HttpClient/4.5.2 (Java/1.8.0_202)
2022-02-03_19:03:28.871 [main] DEBUG org.apache.http.headers - >> Accept-Encoding: gzip,deflate
2022-02-03_19:03:28.873 [main] DEBUG org.apache.http.wire -  >> "{"isLinkToBeSentOnMobile":true,"checksum":"5x3GNrnStyS2PkMvV6EeAw==","cardDetailList":[{"amount":"1000","mobileNumber":"8284854535","customerName":"afzal","email":"afzal.ahmed@pinelabs.com"}],"externalRequestId":"xSDnikY","cardSchemeId":"7"}"
2022-02-03_19:03:29.251 [main] DEBUG org.apache.http.wire -  << "HTTP/1.1 200 [\r][\n]"
2022-02-03_19:03:29.251 [main] DEBUG org.apache.http.wire -  << "Access-Control-Allow-Methods: GET, POST[\r][\n]"
2022-02-03_19:03:29.251 [main] DEBUG org.apache.http.wire -  << "Access-Control-Allow-Origin: *[\r][\n]"
2022-02-03_19:03:29.251 [main] DEBUG org.apache.http.wire -  << "Content-Security-Policy: default-src 'none'[\r][\n]"
2022-02-03_19:03:29.252 [main] DEBUG org.apache.http.wire -  << "Feature-Policy: 'none'[\r][\n]"
2022-02-03_19:03:29.252 [main] DEBUG org.apache.http.wire -  << "Referrer-Policy: no-referrer[\r][\n]"
2022-02-03_19:03:29.252 [main] DEBUG org.apache.http.wire -  << "Strict-Transport-Security: max-age=31536000 ; includeSubDomains[\r][\n]"
2022-02-03_19:03:29.252 [main] DEBUG org.apache.http.wire -  << "Date: Thu, 03 Feb 2022 13:33:28 GMT[\r][\n]"
2022-02-03_19:03:29.252 [main] DEBUG org.apache.http.wire -  << "Keep-Alive: timeout=60[\r][\n]"
2022-02-03_19:03:29.252 [main] DEBUG org.apache.http.wire -  << "Content-Type: application/json[\r][\n]"
2022-02-03_19:03:29.252 [main] DEBUG org.apache.http.wire -  << "Transfer-Encoding: chunked[\r][\n]"
2022-02-03_19:03:29.252 [main] DEBUG org.apache.http.wire -  << "Connection: keep-alive[\r][\n]"
2022-02-03_19:03:29.253 [main] DEBUG org.apache.http.wire -  << "[\r][\n]"
2022-02-03_19:03:29.253 [main] DEBUG o.a.h.i.conn.DefaultClientConnection - Receiving response: HTTP/1.1 200 
2022-02-03_19:03:29.253 [main] DEBUG org.apache.http.headers - << HTTP/1.1 200 
2022-02-03_19:03:29.254 [main] DEBUG org.apache.http.headers - << Access-Control-Allow-Methods: GET, POST
2022-02-03_19:03:29.254 [main] DEBUG org.apache.http.headers - << Access-Control-Allow-Origin: *
2022-02-03_19:03:29.254 [main] DEBUG org.apache.http.headers - << Content-Security-Policy: default-src 'none'
2022-02-03_19:03:29.254 [main] DEBUG org.apache.http.headers - << Feature-Policy: 'none'
2022-02-03_19:03:29.254 [main] DEBUG org.apache.http.headers - << Referrer-Policy: no-referrer
2022-02-03_19:03:29.254 [main] DEBUG org.apache.http.headers - << Strict-Transport-Security: max-age=31536000 ; includeSubDomains
2022-02-03_19:03:29.254 [main] DEBUG org.apache.http.headers - << Date: Thu, 03 Feb 2022 13:33:28 GMT
2022-02-03_19:03:29.254 [main] DEBUG org.apache.http.headers - << Keep-Alive: timeout=60
2022-02-03_19:03:29.254 [main] DEBUG org.apache.http.headers - << Content-Type: application/json
2022-02-03_19:03:29.254 [main] DEBUG org.apache.http.headers - << Transfer-Encoding: chunked
2022-02-03_19:03:29.255 [main] DEBUG org.apache.http.headers - << Connection: keep-alive
2022-02-03_19:03:29.255 [main] DEBUG o.a.h.impl.client.DefaultHttpClient - Connection can be kept alive for 60000 MILLISECONDS
2022-02-03_19:03:29.256 [main] DEBUG i.r.i.RequestSpecificationImpl$RestAssuredHttpBuilder - Parsing response as: application/json
2022-02-03_19:03:29.256 [main] DEBUG i.r.i.RequestSpecificationImpl$RestAssuredHttpBuilder - Parsed data to instance of: class org.apache.http.conn.EofSensorInputStream
2022-02-03_19:03:29.258 [main] INFO  com.qc.BaseAPI - Method :POST
2022-02-03_19:03:29.262 [main] INFO  com.qc.BaseAPI - URI :https://apitest.pineperks.in/card/order/V1/instant/issue/nonreloadable/digital
2022-02-03_19:03:29.262 [main] INFO  com.qc.BaseAPI - Headers :token=6253ddfeabe948a88558f6814b2f856f
userName=A0aCcnPzDANtKmvSLPKcaw==
Accept=*/*
Content-Type=application/json; charset=UTF-8
2022-02-03_19:03:29.262 [main] INFO  com.qc.BaseAPI - Body :{"isLinkToBeSentOnMobile":true,"checksum":"5x3GNrnStyS2PkMvV6EeAw==","cardDetailList":[{"amount":"1000","mobileNumber":"8284854535","customerName":"afzal","email":"afzal.ahmed@pinelabs.com"}],"externalRequestId":"xSDnikY","cardSchemeId":"7"}
2022-02-03_19:03:29.262 [main] INFO  com.qc.BaseAPI - ********************RESPONSE********************
2022-02-03_19:03:29.263 [main] DEBUG org.apache.http.wire -  << "1f2[\r][\n]"
2022-02-03_19:03:29.263 [main] DEBUG org.apache.http.wire -  << "{"externalRequestId":"xSDnikY","orderId":103230,"orderStatus":6,"cardDetailResponseList":[{"referenceNumber":2871625983,"serialNumber":10323000010001,"customerName":"afzal","mobileNumber":8284854535,"email":"afzal.ahmed@pinelabs.com","amount":1000,"cardLink":"test.pineperks.in/eCard?c=FduAz4xd1N70zgyaqyvv6g2","responseCode":0,"responseMessage":"Success"}],"successCount":1,"failedCount":0,"orderAmount":1000,"issuanceCharge":100,"netOrderAmount":1100,"responseCode":0,"responseMessage":"Success"}"
2022-02-03_19:03:29.263 [main] DEBUG org.apache.http.wire -  << "[\r][\n]"
2022-02-03_19:03:29.263 [main] DEBUG org.apache.http.wire -  << "0[\r][\n]"
2022-02-03_19:03:29.264 [main] DEBUG org.apache.http.wire -  << "[\r][\n]"
2022-02-03_19:03:29.264 [main] DEBUG o.a.h.i.c.BasicClientConnectionManager - Releasing connection org.apache.http.impl.conn.ManagedClientConnectionImpl@37107ea0
2022-02-03_19:03:29.264 [main] DEBUG o.a.h.i.c.BasicClientConnectionManager - Connection can be kept alive for 60000 MILLISECONDS
2022-02-03_19:03:29.266 [main] INFO  com.qc.BaseAPI - Response :{
    "externalRequestId": "xSDnikY",
    "orderId": 103230,
    "orderStatus": 6,
    "cardDetailResponseList": [
        {
            "referenceNumber": 2871625983,
            "serialNumber": 10323000010001,
            "customerName": "afzal",
            "mobileNumber": 8284854535,
            "email": "afzal.ahmed@pinelabs.com",
            "amount": 1000,
            "cardLink": "test.pineperks.in/eCard?c=FduAz4xd1N70zgyaqyvv6g2",
            "responseCode": 0,
            "responseMessage": "Success"
        }
    ],
    "successCount": 1,
    "failedCount": 0,
    "orderAmount": 1000,
    "issuanceCharge": 100,
    "netOrderAmount": 1100,
    "responseCode": 0,
    "responseMessage": "Success"
}
2022-02-03_19:03:29.267 [main] INFO  com.qc.BaseAPI -  **** POST call Response time 541 ms
2022-02-03_19:03:29.267 [main] INFO  pl.rest.service.CardIssue - Time Taken to perform https://apitest.pineperks.in/card/order/V1/instant/issue/nonreloadable/digital transaction: 541
