2021-12-24_00:15:38.067 [main] INFO  pl.rest.CustomHooks - SCENARIO NAME: Changing of scheme of issued card and validating the data in the API response
2021-12-24_00:15:38.074 [main] INFO  pl.rest.CustomHooks - TAG NAMEs: []
2021-12-24_00:15:38.083 [main] INFO  pl.rest.CustomHooks - SCENARIO NAME: Changing of scheme of issued card and validating the data in the API response
2021-12-24_00:15:38.083 [main] INFO  pl.rest.CustomHooks - TAG NAMEs: []
2021-12-24_00:15:38.191 [main] INFO  pl.rest.CustomHooks - Index: 0, Size: 0
2021-12-24_00:15:40.729 [main] INFO  com.qc.qa.utils.TestDataReader - Reading API Test Data config values from  testData/api/devAPITestData.properties
2021-12-24_00:15:40.746 [main] INFO  pl.rest.service.Authorize - Authorize Rest API URL :- https://apitest.pineperks.in/auth/V1/generate/token
2021-12-24_00:15:40.746 [main] INFO  com.qc.BaseAPI - GET call to URL https://apitest.pineperks.in/auth/V1/generate/token
2021-12-24_00:15:41.060 [main] INFO  com.qc.BaseAPI - ********************REQUEST********************
2021-12-24_00:15:43.612 [main] DEBUG o.a.h.i.c.BasicClientConnectionManager - Get connection for route {s}->https://apitest.pineperks.in:443
2021-12-24_00:15:43.674 [main] DEBUG o.a.h.i.c.DefaultClientConnectionOperator - Connecting to apitest.pineperks.in:443
2021-12-24_00:15:43.922 [main] DEBUG o.a.h.c.protocol.RequestAddCookies - CookieSpec selected: ignoreCookies
2021-12-24_00:15:43.925 [main] DEBUG o.a.h.c.protocol.RequestAuthCache - Auth cache not set in the context
2021-12-24_00:15:43.926 [main] DEBUG o.a.h.c.p.RequestTargetAuthentication - Target auth state: UNCHALLENGED
2021-12-24_00:15:43.927 [main] DEBUG o.a.h.c.p.RequestProxyAuthentication - Proxy auth state: UNCHALLENGED
2021-12-24_00:15:43.928 [main] DEBUG o.a.h.impl.client.DefaultHttpClient - Attempt 1 to execute request
2021-12-24_00:15:43.929 [main] DEBUG o.a.h.i.conn.DefaultClientConnection - Sending request: GET /auth/V1/generate/token HTTP/1.1
2021-12-24_00:15:43.930 [main] DEBUG org.apache.http.wire -  >> "GET /auth/V1/generate/token HTTP/1.1[\r][\n]"
2021-12-24_00:15:43.932 [main] DEBUG org.apache.http.wire -  >> "Content-Type: application/json; charset=UTF-8[\r][\n]"
2021-12-24_00:15:43.933 [main] DEBUG org.apache.http.wire -  >> "Accept: */*[\r][\n]"
2021-12-24_00:15:43.933 [main] DEBUG org.apache.http.wire -  >> "userName: A0aCcnPzDANtKmvSLPKcaw==[\r][\n]"
2021-12-24_00:15:43.933 [main] DEBUG org.apache.http.wire -  >> "Host: apitest.pineperks.in[\r][\n]"
2021-12-24_00:15:43.933 [main] DEBUG org.apache.http.wire -  >> "Connection: Keep-Alive[\r][\n]"
2021-12-24_00:15:43.934 [main] DEBUG org.apache.http.wire -  >> "User-Agent: Apache-HttpClient/4.5.2 (Java/1.8.0_202)[\r][\n]"
2021-12-24_00:15:43.934 [main] DEBUG org.apache.http.wire -  >> "Accept-Encoding: gzip,deflate[\r][\n]"
2021-12-24_00:15:43.935 [main] DEBUG org.apache.http.wire -  >> "[\r][\n]"
2021-12-24_00:15:43.935 [main] DEBUG org.apache.http.headers - >> GET /auth/V1/generate/token HTTP/1.1
2021-12-24_00:15:43.935 [main] DEBUG org.apache.http.headers - >> Content-Type: application/json; charset=UTF-8
2021-12-24_00:15:43.935 [main] DEBUG org.apache.http.headers - >> Accept: */*
2021-12-24_00:15:43.935 [main] DEBUG org.apache.http.headers - >> userName: A0aCcnPzDANtKmvSLPKcaw==
2021-12-24_00:15:43.936 [main] DEBUG org.apache.http.headers - >> Host: apitest.pineperks.in
2021-12-24_00:15:43.936 [main] DEBUG org.apache.http.headers - >> Connection: Keep-Alive
2021-12-24_00:15:43.936 [main] DEBUG org.apache.http.headers - >> User-Agent: Apache-HttpClient/4.5.2 (Java/1.8.0_202)
2021-12-24_00:15:43.937 [main] DEBUG org.apache.http.headers - >> Accept-Encoding: gzip,deflate
2021-12-24_00:15:43.983 [main] DEBUG org.apache.http.wire -  << "HTTP/1.1 200 [\r][\n]"
2021-12-24_00:15:43.986 [main] DEBUG org.apache.http.wire -  << "Access-Control-Allow-Methods: GET, POST[\r][\n]"
2021-12-24_00:15:43.986 [main] DEBUG org.apache.http.wire -  << "Access-Control-Allow-Origin: *[\r][\n]"
2021-12-24_00:15:43.986 [main] DEBUG org.apache.http.wire -  << "Content-Security-Policy: default-src 'none'[\r][\n]"
2021-12-24_00:15:43.987 [main] DEBUG org.apache.http.wire -  << "Feature-Policy: 'none'[\r][\n]"
2021-12-24_00:15:43.987 [main] DEBUG org.apache.http.wire -  << "Referrer-Policy: no-referrer[\r][\n]"
2021-12-24_00:15:43.987 [main] DEBUG org.apache.http.wire -  << "Strict-Transport-Security: max-age=31536000 ; includeSubDomains[\r][\n]"
2021-12-24_00:15:43.987 [main] DEBUG org.apache.http.wire -  << "Date: Thu, 23 Dec 2021 18:45:43 GMT[\r][\n]"
2021-12-24_00:15:43.988 [main] DEBUG org.apache.http.wire -  << "Keep-Alive: timeout=60[\r][\n]"
2021-12-24_00:15:43.988 [main] DEBUG org.apache.http.wire -  << "Content-Type: application/json[\r][\n]"
2021-12-24_00:15:43.988 [main] DEBUG org.apache.http.wire -  << "Transfer-Encoding: chunked[\r][\n]"
2021-12-24_00:15:43.988 [main] DEBUG org.apache.http.wire -  << "Connection: keep-alive[\r][\n]"
2021-12-24_00:15:43.988 [main] DEBUG org.apache.http.wire -  << "[\r][\n]"
2021-12-24_00:15:43.990 [main] DEBUG o.a.h.i.conn.DefaultClientConnection - Receiving response: HTTP/1.1 200 
2021-12-24_00:15:43.990 [main] DEBUG org.apache.http.headers - << HTTP/1.1 200 
2021-12-24_00:15:43.990 [main] DEBUG org.apache.http.headers - << Access-Control-Allow-Methods: GET, POST
2021-12-24_00:15:43.990 [main] DEBUG org.apache.http.headers - << Access-Control-Allow-Origin: *
2021-12-24_00:15:43.990 [main] DEBUG org.apache.http.headers - << Content-Security-Policy: default-src 'none'
2021-12-24_00:15:43.990 [main] DEBUG org.apache.http.headers - << Feature-Policy: 'none'
2021-12-24_00:15:43.991 [main] DEBUG org.apache.http.headers - << Referrer-Policy: no-referrer
2021-12-24_00:15:43.991 [main] DEBUG org.apache.http.headers - << Strict-Transport-Security: max-age=31536000 ; includeSubDomains
2021-12-24_00:15:43.991 [main] DEBUG org.apache.http.headers - << Date: Thu, 23 Dec 2021 18:45:43 GMT
2021-12-24_00:15:43.991 [main] DEBUG org.apache.http.headers - << Keep-Alive: timeout=60
2021-12-24_00:15:43.991 [main] DEBUG org.apache.http.headers - << Content-Type: application/json
2021-12-24_00:15:43.991 [main] DEBUG org.apache.http.headers - << Transfer-Encoding: chunked
2021-12-24_00:15:43.991 [main] DEBUG org.apache.http.headers - << Connection: keep-alive
2021-12-24_00:15:44.002 [main] DEBUG o.a.h.impl.client.DefaultHttpClient - Connection can be kept alive for 60000 MILLISECONDS
2021-12-24_00:15:44.028 [main] DEBUG i.r.i.RequestSpecificationImpl$RestAssuredHttpBuilder - Parsing response as: application/json
2021-12-24_00:15:44.029 [main] DEBUG i.r.i.RequestSpecificationImpl$RestAssuredHttpBuilder - Parsed data to instance of: class org.apache.http.conn.EofSensorInputStream
2021-12-24_00:15:44.050 [main] INFO  com.qc.BaseAPI - Method :GET
2021-12-24_00:15:44.052 [main] INFO  com.qc.BaseAPI - URI :https://apitest.pineperks.in/auth/V1/generate/token
2021-12-24_00:15:44.053 [main] INFO  com.qc.BaseAPI - Headers :userName=A0aCcnPzDANtKmvSLPKcaw==
Accept=*/*
Content-Type=application/json; charset=UTF-8
2021-12-24_00:15:44.053 [main] INFO  com.qc.BaseAPI - Body :null
2021-12-24_00:15:44.053 [main] INFO  com.qc.BaseAPI - ********************RESPONSE********************
2021-12-24_00:15:44.072 [main] DEBUG org.apache.http.wire -  << "7f[\r][\n]"
2021-12-24_00:15:44.073 [main] DEBUG org.apache.http.wire -  << "{"accessToken":"cdbb60d36e3c485b9a595a6979e9a572","tokenExpiryTime":"25-Dec-2021","responseCode":0,"responseMessage":"Success"}"
2021-12-24_00:15:44.074 [main] DEBUG org.apache.http.wire -  << "[\r][\n]"
2021-12-24_00:15:44.075 [main] DEBUG org.apache.http.wire -  << "0[\r][\n]"
2021-12-24_00:15:44.075 [main] DEBUG org.apache.http.wire -  << "[\r][\n]"
2021-12-24_00:15:44.076 [main] DEBUG o.a.h.i.c.BasicClientConnectionManager - Releasing connection org.apache.http.impl.conn.ManagedClientConnectionImpl@3e3c70af
2021-12-24_00:15:44.076 [main] DEBUG o.a.h.i.c.BasicClientConnectionManager - Connection can be kept alive for 60000 MILLISECONDS
2021-12-24_00:15:44.130 [main] INFO  com.qc.BaseAPI - Response :{
    "accessToken": "cdbb60d36e3c485b9a595a6979e9a572",
    "tokenExpiryTime": "25-Dec-2021",
    "responseCode": 0,
    "responseMessage": "Success"
}
2021-12-24_00:15:44.135 [main] INFO  com.qc.BaseAPI -  **** GET call Response time 2830 ms
2021-12-24_00:15:44.135 [main] INFO  pl.rest.service.Authorize - Time Taken to perform https://apitest.pineperks.in/auth/V1/generate/token transaction: 2830
2021-12-24_00:15:44.295 [main] INFO  com.qc.qa.utils.TestDataReader - Reading Json data authorizeHeaders
2021-12-24_00:15:44.298 [main] INFO  com.qc.qa.utils.TestDataReader - Reading json data from file @ testData/api/devAPIData.json
2021-12-24_00:15:44.337 [main] INFO  pl.rest.service.CardIssue - CardIssue Rest API URL :- https://apitest.pineperks.in/card/order/V1/instant/issue/nonreloadable/digital
2021-12-24_00:15:44.337 [main] INFO  com.qc.BaseAPI - POST call to URL https://apitest.pineperks.in/card/order/V1/instant/issue/nonreloadable/digital
2021-12-24_00:15:44.352 [main] INFO  com.qc.BaseAPI - ********************REQUEST********************
2021-12-24_00:15:44.409 [main] DEBUG o.a.h.i.c.BasicClientConnectionManager - Get connection for route {s}->https://apitest.pineperks.in:443
2021-12-24_00:15:44.410 [main] DEBUG o.a.h.i.c.DefaultClientConnectionOperator - Connecting to apitest.pineperks.in:443
2021-12-24_00:15:44.537 [main] DEBUG o.a.h.c.protocol.RequestAddCookies - CookieSpec selected: ignoreCookies
2021-12-24_00:15:44.538 [main] DEBUG o.a.h.c.protocol.RequestAuthCache - Auth cache not set in the context
2021-12-24_00:15:44.538 [main] DEBUG o.a.h.c.p.RequestTargetAuthentication - Target auth state: UNCHALLENGED
2021-12-24_00:15:44.538 [main] DEBUG o.a.h.c.p.RequestProxyAuthentication - Proxy auth state: UNCHALLENGED
2021-12-24_00:15:44.538 [main] DEBUG o.a.h.impl.client.DefaultHttpClient - Attempt 1 to execute request
2021-12-24_00:15:44.538 [main] DEBUG o.a.h.i.conn.DefaultClientConnection - Sending request: POST /card/order/V1/instant/issue/nonreloadable/digital HTTP/1.1
2021-12-24_00:15:44.538 [main] DEBUG org.apache.http.wire -  >> "POST /card/order/V1/instant/issue/nonreloadable/digital HTTP/1.1[\r][\n]"
2021-12-24_00:15:44.538 [main] DEBUG org.apache.http.wire -  >> "Accept: */*[\r][\n]"
2021-12-24_00:15:44.538 [main] DEBUG org.apache.http.wire -  >> "userName: A0aCcnPzDANtKmvSLPKcaw==[\r][\n]"
2021-12-24_00:15:44.539 [main] DEBUG org.apache.http.wire -  >> "token: cdbb60d36e3c485b9a595a6979e9a572[\r][\n]"
2021-12-24_00:15:44.539 [main] DEBUG org.apache.http.wire -  >> "Content-Type: application/json; charset=UTF-8[\r][\n]"
2021-12-24_00:15:44.539 [main] DEBUG org.apache.http.wire -  >> "Content-Length: 241[\r][\n]"
2021-12-24_00:15:44.540 [main] DEBUG org.apache.http.wire -  >> "Host: apitest.pineperks.in[\r][\n]"
2021-12-24_00:15:44.540 [main] DEBUG org.apache.http.wire -  >> "Connection: Keep-Alive[\r][\n]"
2021-12-24_00:15:44.540 [main] DEBUG org.apache.http.wire -  >> "User-Agent: Apache-HttpClient/4.5.2 (Java/1.8.0_202)[\r][\n]"
2021-12-24_00:15:44.540 [main] DEBUG org.apache.http.wire -  >> "Accept-Encoding: gzip,deflate[\r][\n]"
2021-12-24_00:15:44.540 [main] DEBUG org.apache.http.wire -  >> "[\r][\n]"
2021-12-24_00:15:44.540 [main] DEBUG org.apache.http.headers - >> POST /card/order/V1/instant/issue/nonreloadable/digital HTTP/1.1
2021-12-24_00:15:44.540 [main] DEBUG org.apache.http.headers - >> Accept: */*
2021-12-24_00:15:44.540 [main] DEBUG org.apache.http.headers - >> userName: A0aCcnPzDANtKmvSLPKcaw==
2021-12-24_00:15:44.541 [main] DEBUG org.apache.http.headers - >> token: cdbb60d36e3c485b9a595a6979e9a572
2021-12-24_00:15:44.541 [main] DEBUG org.apache.http.headers - >> Content-Type: application/json; charset=UTF-8
2021-12-24_00:15:44.541 [main] DEBUG org.apache.http.headers - >> Content-Length: 241
2021-12-24_00:15:44.541 [main] DEBUG org.apache.http.headers - >> Host: apitest.pineperks.in
2021-12-24_00:15:44.541 [main] DEBUG org.apache.http.headers - >> Connection: Keep-Alive
2021-12-24_00:15:44.541 [main] DEBUG org.apache.http.headers - >> User-Agent: Apache-HttpClient/4.5.2 (Java/1.8.0_202)
2021-12-24_00:15:44.541 [main] DEBUG org.apache.http.headers - >> Accept-Encoding: gzip,deflate
2021-12-24_00:15:44.542 [main] DEBUG org.apache.http.wire -  >> "{"isLinkToBeSentOnMobile":true,"checksum":"5x3GNrnStyS2PkMvV6EeAw==","cardDetailList":[{"amount":"1000","mobileNumber":"8284854535","customerName":"afzal","email":"afzal.ahmed@pinelabs.com"}],"externalRequestId":"fzRzH2J","cardSchemeId":"7"}"
2021-12-24_00:15:44.762 [main] DEBUG org.apache.http.wire -  << "HTTP/1.1 200 [\r][\n]"
2021-12-24_00:15:44.763 [main] DEBUG org.apache.http.wire -  << "Access-Control-Allow-Methods: GET, POST[\r][\n]"
2021-12-24_00:15:44.763 [main] DEBUG org.apache.http.wire -  << "Access-Control-Allow-Origin: *[\r][\n]"
2021-12-24_00:15:44.763 [main] DEBUG org.apache.http.wire -  << "Content-Security-Policy: default-src 'none'[\r][\n]"
2021-12-24_00:15:44.763 [main] DEBUG org.apache.http.wire -  << "Feature-Policy: 'none'[\r][\n]"
2021-12-24_00:15:44.763 [main] DEBUG org.apache.http.wire -  << "Referrer-Policy: no-referrer[\r][\n]"
2021-12-24_00:15:44.763 [main] DEBUG org.apache.http.wire -  << "Strict-Transport-Security: max-age=31536000 ; includeSubDomains[\r][\n]"
2021-12-24_00:15:44.764 [main] DEBUG org.apache.http.wire -  << "Date: Thu, 23 Dec 2021 18:45:43 GMT[\r][\n]"
2021-12-24_00:15:44.764 [main] DEBUG org.apache.http.wire -  << "Keep-Alive: timeout=60[\r][\n]"
2021-12-24_00:15:44.764 [main] DEBUG org.apache.http.wire -  << "Content-Type: application/json[\r][\n]"
2021-12-24_00:15:44.764 [main] DEBUG org.apache.http.wire -  << "Transfer-Encoding: chunked[\r][\n]"
2021-12-24_00:15:44.764 [main] DEBUG org.apache.http.wire -  << "Connection: keep-alive[\r][\n]"
2021-12-24_00:15:44.764 [main] DEBUG org.apache.http.wire -  << "[\r][\n]"
2021-12-24_00:15:44.764 [main] DEBUG o.a.h.i.conn.DefaultClientConnection - Receiving response: HTTP/1.1 200 
2021-12-24_00:15:44.764 [main] DEBUG org.apache.http.headers - << HTTP/1.1 200 
2021-12-24_00:15:44.765 [main] DEBUG org.apache.http.headers - << Access-Control-Allow-Methods: GET, POST
2021-12-24_00:15:44.765 [main] DEBUG org.apache.http.headers - << Access-Control-Allow-Origin: *
2021-12-24_00:15:44.765 [main] DEBUG org.apache.http.headers - << Content-Security-Policy: default-src 'none'
2021-12-24_00:15:44.765 [main] DEBUG org.apache.http.headers - << Feature-Policy: 'none'
2021-12-24_00:15:44.765 [main] DEBUG org.apache.http.headers - << Referrer-Policy: no-referrer
2021-12-24_00:15:44.765 [main] DEBUG org.apache.http.headers - << Strict-Transport-Security: max-age=31536000 ; includeSubDomains
2021-12-24_00:15:44.765 [main] DEBUG org.apache.http.headers - << Date: Thu, 23 Dec 2021 18:45:43 GMT
2021-12-24_00:15:44.765 [main] DEBUG org.apache.http.headers - << Keep-Alive: timeout=60
2021-12-24_00:15:44.765 [main] DEBUG org.apache.http.headers - << Content-Type: application/json
2021-12-24_00:15:44.765 [main] DEBUG org.apache.http.headers - << Transfer-Encoding: chunked
2021-12-24_00:15:44.765 [main] DEBUG org.apache.http.headers - << Connection: keep-alive
2021-12-24_00:15:44.766 [main] DEBUG o.a.h.impl.client.DefaultHttpClient - Connection can be kept alive for 60000 MILLISECONDS
2021-12-24_00:15:44.766 [main] DEBUG i.r.i.RequestSpecificationImpl$RestAssuredHttpBuilder - Parsing response as: application/json
2021-12-24_00:15:44.766 [main] DEBUG i.r.i.RequestSpecificationImpl$RestAssuredHttpBuilder - Parsed data to instance of: class org.apache.http.conn.EofSensorInputStream
2021-12-24_00:15:44.768 [main] INFO  com.qc.BaseAPI - Method :POST
2021-12-24_00:15:44.771 [main] INFO  com.qc.BaseAPI - URI :https://apitest.pineperks.in/card/order/V1/instant/issue/nonreloadable/digital
2021-12-24_00:15:44.771 [main] INFO  com.qc.BaseAPI - Headers :token=cdbb60d36e3c485b9a595a6979e9a572
userName=A0aCcnPzDANtKmvSLPKcaw==
Accept=*/*
Content-Type=application/json; charset=UTF-8
2021-12-24_00:15:44.771 [main] INFO  com.qc.BaseAPI - Body :{"isLinkToBeSentOnMobile":true,"checksum":"5x3GNrnStyS2PkMvV6EeAw==","cardDetailList":[{"amount":"1000","mobileNumber":"8284854535","customerName":"afzal","email":"afzal.ahmed@pinelabs.com"}],"externalRequestId":"fzRzH2J","cardSchemeId":"7"}
2021-12-24_00:15:44.772 [main] INFO  com.qc.BaseAPI - ********************RESPONSE********************
2021-12-24_00:15:44.772 [main] DEBUG org.apache.http.wire -  << "1f1[\r][\n]"
2021-12-24_00:15:44.772 [main] DEBUG org.apache.http.wire -  << "{"externalRequestId":"fzRzH2J","orderId":20950,"orderStatus":6,"cardDetailResponseList":[{"referenceNumber":6166534111,"serialNumber":20950000010001,"customerName":"afzal","mobileNumber":8284854535,"email":"afzal.ahmed@pinelabs.com","amount":1000,"cardLink":"test.pineperks.in/eCard?c=9iUbzVWzv0aM3Njg2jWiTQ2","responseCode":0,"responseMessage":"Success"}],"successCount":1,"failedCount":0,"orderAmount":1000,"issuanceCharge":100,"netOrderAmount":1100,"responseCode":0,"responseMessage":"Success"}"
2021-12-24_00:15:44.772 [main] DEBUG org.apache.http.wire -  << "[\r][\n]"
2021-12-24_00:15:44.773 [main] DEBUG org.apache.http.wire -  << "0[\r][\n]"
2021-12-24_00:15:44.773 [main] DEBUG org.apache.http.wire -  << "[\r][\n]"
2021-12-24_00:15:44.773 [main] DEBUG o.a.h.i.c.BasicClientConnectionManager - Releasing connection org.apache.http.impl.conn.ManagedClientConnectionImpl@1b5e8a1a
2021-12-24_00:15:44.773 [main] DEBUG o.a.h.i.c.BasicClientConnectionManager - Connection can be kept alive for 60000 MILLISECONDS
2021-12-24_00:15:44.775 [main] INFO  com.qc.BaseAPI - Response :{
    "externalRequestId": "fzRzH2J",
    "orderId": 20950,
    "orderStatus": 6,
    "cardDetailResponseList": [
        {
            "referenceNumber": 6166534111,
            "serialNumber": 20950000010001,
            "customerName": "afzal",
            "mobileNumber": 8284854535,
            "email": "afzal.ahmed@pinelabs.com",
            "amount": 1000,
            "cardLink": "test.pineperks.in/eCard?c=9iUbzVWzv0aM3Njg2jWiTQ2",
            "responseCode": 0,
            "responseMessage": "Success"
        }
    ],
    "successCount": 1,
    "failedCount": 0,
    "orderAmount": 1000,
    "issuanceCharge": 100,
    "netOrderAmount": 1100,
    "responseCode": 0,
    "responseMessage": "Success"
}
2021-12-24_00:15:44.775 [main] INFO  com.qc.BaseAPI -  **** POST call Response time 411 ms
2021-12-24_00:15:44.775 [main] INFO  pl.rest.service.CardIssue - Time Taken to perform https://apitest.pineperks.in/card/order/V1/instant/issue/nonreloadable/digital transaction: 411
2021-12-24_00:15:57.321 [main] INFO  com.qc.qa.utils.TestDataReader - Reading Json data authorizeHeaders
2021-12-24_00:15:57.325 [main] INFO  com.qc.qa.utils.TestDataReader - Reading json data from file @ testData/api/devAPIData.json
2021-12-24_00:15:59.005 [main] INFO  p.r.service.CorporateAndCardDetails - CardIssue Rest API URL :- https://apitest.pineperks.in/card/profile/V1/detail
2021-12-24_00:15:59.006 [main] INFO  com.qc.BaseAPI - POST call to URL https://apitest.pineperks.in/card/profile/V1/detail
2021-12-24_00:15:59.011 [main] INFO  com.qc.BaseAPI - ********************REQUEST********************
2021-12-24_00:15:59.023 [main] DEBUG o.a.h.i.c.BasicClientConnectionManager - Get connection for route {s}->https://apitest.pineperks.in:443
2021-12-24_00:15:59.024 [main] DEBUG o.a.h.i.c.DefaultClientConnectionOperator - Connecting to apitest.pineperks.in:443
2021-12-24_00:15:59.148 [main] DEBUG o.a.h.c.protocol.RequestAddCookies - CookieSpec selected: ignoreCookies
2021-12-24_00:15:59.148 [main] DEBUG o.a.h.c.protocol.RequestAuthCache - Auth cache not set in the context
2021-12-24_00:15:59.148 [main] DEBUG o.a.h.c.p.RequestTargetAuthentication - Target auth state: UNCHALLENGED
2021-12-24_00:15:59.148 [main] DEBUG o.a.h.c.p.RequestProxyAuthentication - Proxy auth state: UNCHALLENGED
2021-12-24_00:15:59.149 [main] DEBUG o.a.h.impl.client.DefaultHttpClient - Attempt 1 to execute request
2021-12-24_00:15:59.149 [main] DEBUG o.a.h.i.conn.DefaultClientConnection - Sending request: POST /card/profile/V1/detail HTTP/1.1
2021-12-24_00:15:59.149 [main] DEBUG org.apache.http.wire -  >> "POST /card/profile/V1/detail HTTP/1.1[\r][\n]"
2021-12-24_00:15:59.149 [main] DEBUG org.apache.http.wire -  >> "Accept: */*[\r][\n]"
2021-12-24_00:15:59.149 [main] DEBUG org.apache.http.wire -  >> "userName: A0aCcnPzDANtKmvSLPKcaw==[\r][\n]"
2021-12-24_00:15:59.149 [main] DEBUG org.apache.http.wire -  >> "token: cdbb60d36e3c485b9a595a6979e9a572[\r][\n]"
2021-12-24_00:15:59.149 [main] DEBUG org.apache.http.wire -  >> "Content-Type: application/json; charset=UTF-8[\r][\n]"
2021-12-24_00:15:59.150 [main] DEBUG org.apache.http.wire -  >> "Content-Length: 40[\r][\n]"
2021-12-24_00:15:59.150 [main] DEBUG org.apache.http.wire -  >> "Host: apitest.pineperks.in[\r][\n]"
2021-12-24_00:15:59.150 [main] DEBUG org.apache.http.wire -  >> "Connection: Keep-Alive[\r][\n]"
2021-12-24_00:15:59.150 [main] DEBUG org.apache.http.wire -  >> "User-Agent: Apache-HttpClient/4.5.2 (Java/1.8.0_202)[\r][\n]"
2021-12-24_00:15:59.150 [main] DEBUG org.apache.http.wire -  >> "Accept-Encoding: gzip,deflate[\r][\n]"
2021-12-24_00:15:59.150 [main] DEBUG org.apache.http.wire -  >> "[\r][\n]"
2021-12-24_00:15:59.150 [main] DEBUG org.apache.http.headers - >> POST /card/profile/V1/detail HTTP/1.1
2021-12-24_00:15:59.150 [main] DEBUG org.apache.http.headers - >> Accept: */*
2021-12-24_00:15:59.150 [main] DEBUG org.apache.http.headers - >> userName: A0aCcnPzDANtKmvSLPKcaw==
2021-12-24_00:15:59.150 [main] DEBUG org.apache.http.headers - >> token: cdbb60d36e3c485b9a595a6979e9a572
2021-12-24_00:15:59.151 [main] DEBUG org.apache.http.headers - >> Content-Type: application/json; charset=UTF-8
2021-12-24_00:15:59.151 [main] DEBUG org.apache.http.headers - >> Content-Length: 40
2021-12-24_00:15:59.151 [main] DEBUG org.apache.http.headers - >> Host: apitest.pineperks.in
2021-12-24_00:15:59.151 [main] DEBUG org.apache.http.headers - >> Connection: Keep-Alive
2021-12-24_00:15:59.151 [main] DEBUG org.apache.http.headers - >> User-Agent: Apache-HttpClient/4.5.2 (Java/1.8.0_202)
2021-12-24_00:15:59.151 [main] DEBUG org.apache.http.headers - >> Accept-Encoding: gzip,deflate
2021-12-24_00:15:59.151 [main] DEBUG org.apache.http.wire -  >> "{"cardDetailRequestList":["6166534111"]}"
2021-12-24_00:15:59.176 [main] DEBUG org.apache.http.wire -  << "HTTP/1.1 200 [\r][\n]"
2021-12-24_00:15:59.177 [main] DEBUG org.apache.http.wire -  << "Access-Control-Allow-Methods: GET, POST[\r][\n]"
2021-12-24_00:15:59.177 [main] DEBUG org.apache.http.wire -  << "Access-Control-Allow-Origin: *[\r][\n]"
2021-12-24_00:15:59.177 [main] DEBUG org.apache.http.wire -  << "Content-Security-Policy: default-src 'none'[\r][\n]"
2021-12-24_00:15:59.177 [main] DEBUG org.apache.http.wire -  << "Feature-Policy: 'none'[\r][\n]"
2021-12-24_00:15:59.177 [main] DEBUG org.apache.http.wire -  << "Referrer-Policy: no-referrer[\r][\n]"
2021-12-24_00:15:59.177 [main] DEBUG org.apache.http.wire -  << "Strict-Transport-Security: max-age=31536000 ; includeSubDomains[\r][\n]"
2021-12-24_00:15:59.177 [main] DEBUG org.apache.http.wire -  << "Date: Thu, 23 Dec 2021 18:45:59 GMT[\r][\n]"
2021-12-24_00:15:59.177 [main] DEBUG org.apache.http.wire -  << "Keep-Alive: timeout=60[\r][\n]"
2021-12-24_00:15:59.177 [main] DEBUG org.apache.http.wire -  << "Content-Type: application/json[\r][\n]"
2021-12-24_00:15:59.177 [main] DEBUG org.apache.http.wire -  << "Transfer-Encoding: chunked[\r][\n]"
2021-12-24_00:15:59.177 [main] DEBUG org.apache.http.wire -  << "Connection: keep-alive[\r][\n]"
2021-12-24_00:15:59.178 [main] DEBUG org.apache.http.wire -  << "[\r][\n]"
2021-12-24_00:15:59.178 [main] DEBUG o.a.h.i.conn.DefaultClientConnection - Receiving response: HTTP/1.1 200 
2021-12-24_00:15:59.178 [main] DEBUG org.apache.http.headers - << HTTP/1.1 200 
2021-12-24_00:15:59.178 [main] DEBUG org.apache.http.headers - << Access-Control-Allow-Methods: GET, POST
2021-12-24_00:15:59.178 [main] DEBUG org.apache.http.headers - << Access-Control-Allow-Origin: *
2021-12-24_00:15:59.178 [main] DEBUG org.apache.http.headers - << Content-Security-Policy: default-src 'none'
2021-12-24_00:15:59.178 [main] DEBUG org.apache.http.headers - << Feature-Policy: 'none'
2021-12-24_00:15:59.178 [main] DEBUG org.apache.http.headers - << Referrer-Policy: no-referrer
2021-12-24_00:15:59.178 [main] DEBUG org.apache.http.headers - << Strict-Transport-Security: max-age=31536000 ; includeSubDomains
2021-12-24_00:15:59.178 [main] DEBUG org.apache.http.headers - << Date: Thu, 23 Dec 2021 18:45:59 GMT
2021-12-24_00:15:59.178 [main] DEBUG org.apache.http.headers - << Keep-Alive: timeout=60
2021-12-24_00:15:59.178 [main] DEBUG org.apache.http.headers - << Content-Type: application/json
2021-12-24_00:15:59.178 [main] DEBUG org.apache.http.headers - << Transfer-Encoding: chunked
2021-12-24_00:15:59.178 [main] DEBUG org.apache.http.headers - << Connection: keep-alive
2021-12-24_00:15:59.178 [main] DEBUG o.a.h.impl.client.DefaultHttpClient - Connection can be kept alive for 60000 MILLISECONDS
2021-12-24_00:15:59.179 [main] DEBUG i.r.i.RequestSpecificationImpl$RestAssuredHttpBuilder - Parsing response as: application/json
2021-12-24_00:15:59.179 [main] DEBUG i.r.i.RequestSpecificationImpl$RestAssuredHttpBuilder - Parsed data to instance of: class org.apache.http.conn.EofSensorInputStream
2021-12-24_00:15:59.179 [main] INFO  com.qc.BaseAPI - Method :POST
2021-12-24_00:15:59.180 [main] INFO  com.qc.BaseAPI - URI :https://apitest.pineperks.in/card/profile/V1/detail
2021-12-24_00:15:59.180 [main] INFO  com.qc.BaseAPI - Headers :token=cdbb60d36e3c485b9a595a6979e9a572
userName=A0aCcnPzDANtKmvSLPKcaw==
Accept=*/*
Content-Type=application/json; charset=UTF-8
2021-12-24_00:15:59.180 [main] INFO  com.qc.BaseAPI - Body :{"cardDetailRequestList":["6166534111"]}
2021-12-24_00:15:59.180 [main] INFO  com.qc.BaseAPI - ********************RESPONSE********************
2021-12-24_00:15:59.180 [main] DEBUG org.apache.http.wire -  << "3be[\r][\n]"
2021-12-24_00:15:59.181 [main] DEBUG org.apache.http.wire -  << "{"cardDetailResponseList":[{"cardReferenceNumber":6166534111,"maskedCardNumber":"608364******3933","cardStatus":1,"kycStatus":null,"cardSchemeId":7,"pinMode":4,"cardName":"milson Card","cardVariant":2,"cardCategoryId":4,"loadAmount":1000,"redeemedAmount":0,"balance":1000,"issuedOn":"24-Dec-2021","expiryDate":"31-Dec-2023","isEcommTransactionEnabled":true,"ecommRedeemTransactionLimit":0,"isPOSTransactionEnabled":false,"posRedeemTransactionLimit":0,"monthlyCreditAmount":null,"lastCreditedOn":null,"activatedOn":null,"activationName":"Afzal","activationMobileNumber":8284854535,"activationEmail":"afzal.ahmed@pinelabs.com","customerName":"Afzal ahmed","customerMobile":8284854535,"customerEmail":null,"blockedOn":null,"terminatedOn":null,"terminatedBy":null,"reason":null,"reIssuedOn":null,"reIssuedBy":null,"reIssuedByCardReferenceNumber":null,"reIssueCharges":0,"responseCode":0,"responseMessage":"Success"}],"responseCode":0,"responseMessage":"Success"}"
2021-12-24_00:15:59.181 [main] DEBUG org.apache.http.wire -  << "[\r][\n]"
2021-12-24_00:15:59.181 [main] DEBUG org.apache.http.wire -  << "0[\r][\n]"
2021-12-24_00:15:59.181 [main] DEBUG org.apache.http.wire -  << "[\r][\n]"
2021-12-24_00:15:59.181 [main] DEBUG o.a.h.i.c.BasicClientConnectionManager - Releasing connection org.apache.http.impl.conn.ManagedClientConnectionImpl@3701f4c9
2021-12-24_00:15:59.181 [main] DEBUG o.a.h.i.c.BasicClientConnectionManager - Connection can be kept alive for 60000 MILLISECONDS
2021-12-24_00:15:59.183 [main] INFO  com.qc.BaseAPI - Response :{
    "cardDetailResponseList": [
        {
            "cardReferenceNumber": 6166534111,
            "maskedCardNumber": "608364******3933",
            "cardStatus": 1,
            "kycStatus": null,
            "cardSchemeId": 7,
            "pinMode": 4,
            "cardName": "milson Card",
            "cardVariant": 2,
            "cardCategoryId": 4,
            "loadAmount": 1000,
            "redeemedAmount": 0,
            "balance": 1000,
            "issuedOn": "24-Dec-2021",
            "expiryDate": "31-Dec-2023",
            "isEcommTransactionEnabled": true,
            "ecommRedeemTransactionLimit": 0,
            "isPOSTransactionEnabled": false,
            "posRedeemTransactionLimit": 0,
            "monthlyCreditAmount": null,
            "lastCreditedOn": null,
            "activatedOn": null,
            "activationName": "Afzal",
            "activationMobileNumber": 8284854535,
            "activationEmail": "afzal.ahmed@pinelabs.com",
            "customerName": "Afzal ahmed",
            "customerMobile": 8284854535,
            "customerEmail": null,
            "blockedOn": null,
            "terminatedOn": null,
            "terminatedBy": null,
            "reason": null,
            "reIssuedOn": null,
            "reIssuedBy": null,
            "reIssuedByCardReferenceNumber": null,
            "reIssueCharges": 0,
            "responseCode": 0,
            "responseMessage": "Success"
        }
    ],
    "responseCode": 0,
    "responseMessage": "Success"
}
2021-12-24_00:15:59.183 [main] INFO  com.qc.BaseAPI -  **** POST call Response time 166 ms
2021-12-24_00:15:59.183 [main] INFO  p.r.service.CorporateAndCardDetails - Time Taken to perform https://apitest.pineperks.in/card/profile/V1/detail transaction: 166
