2021-12-20_16:06:04.581 [main] INFO  pl.rest.CustomHooks - SCENARIO NAME: Updating the card status to inactive
2021-12-20_16:06:04.583 [main] INFO  pl.rest.CustomHooks - TAG NAMEs: [@Regression]
2021-12-20_16:06:06.057 [main] INFO  com.qc.qa.utils.TestDataReader - Reading API Test Data config values from  testData/api/devAPITestData.properties
2021-12-20_16:06:06.061 [main] INFO  pl.rest.service.Authorize - Authorize Rest API URL :- https://apitest.pineperks.in/auth/V1/generate/token
2021-12-20_16:06:06.062 [main] INFO  com.qc.BaseAPI - GET call to URL https://apitest.pineperks.in/auth/V1/generate/token
2021-12-20_16:06:06.270 [main] INFO  com.qc.BaseAPI - ********************REQUEST********************
2021-12-20_16:06:08.018 [main] DEBUG o.a.h.i.c.BasicClientConnectionManager - Get connection for route {s}->https://apitest.pineperks.in:443
2021-12-20_16:06:08.062 [main] DEBUG o.a.h.i.c.DefaultClientConnectionOperator - Connecting to apitest.pineperks.in:443
2021-12-20_16:06:08.238 [main] DEBUG o.a.h.c.protocol.RequestAddCookies - CookieSpec selected: ignoreCookies
2021-12-20_16:06:08.240 [main] DEBUG o.a.h.c.protocol.RequestAuthCache - Auth cache not set in the context
2021-12-20_16:06:08.240 [main] DEBUG o.a.h.c.p.RequestTargetAuthentication - Target auth state: UNCHALLENGED
2021-12-20_16:06:08.240 [main] DEBUG o.a.h.c.p.RequestProxyAuthentication - Proxy auth state: UNCHALLENGED
2021-12-20_16:06:08.241 [main] DEBUG o.a.h.impl.client.DefaultHttpClient - Attempt 1 to execute request
2021-12-20_16:06:08.241 [main] DEBUG o.a.h.i.conn.DefaultClientConnection - Sending request: GET /auth/V1/generate/token HTTP/1.1
2021-12-20_16:06:08.241 [main] DEBUG org.apache.http.wire -  >> "GET /auth/V1/generate/token HTTP/1.1[\r][\n]"
2021-12-20_16:06:08.242 [main] DEBUG org.apache.http.wire -  >> "Content-Type: application/json; charset=UTF-8[\r][\n]"
2021-12-20_16:06:08.242 [main] DEBUG org.apache.http.wire -  >> "Accept: */*[\r][\n]"
2021-12-20_16:06:08.243 [main] DEBUG org.apache.http.wire -  >> "userName: A0aCcnPzDANtKmvSLPKcaw==[\r][\n]"
2021-12-20_16:06:08.243 [main] DEBUG org.apache.http.wire -  >> "Host: apitest.pineperks.in[\r][\n]"
2021-12-20_16:06:08.243 [main] DEBUG org.apache.http.wire -  >> "Connection: Keep-Alive[\r][\n]"
2021-12-20_16:06:08.243 [main] DEBUG org.apache.http.wire -  >> "User-Agent: Apache-HttpClient/4.5.2 (Java/1.8.0_202)[\r][\n]"
2021-12-20_16:06:08.243 [main] DEBUG org.apache.http.wire -  >> "Accept-Encoding: gzip,deflate[\r][\n]"
2021-12-20_16:06:08.243 [main] DEBUG org.apache.http.wire -  >> "[\r][\n]"
2021-12-20_16:06:08.243 [main] DEBUG org.apache.http.headers - >> GET /auth/V1/generate/token HTTP/1.1
2021-12-20_16:06:08.243 [main] DEBUG org.apache.http.headers - >> Content-Type: application/json; charset=UTF-8
2021-12-20_16:06:08.243 [main] DEBUG org.apache.http.headers - >> Accept: */*
2021-12-20_16:06:08.244 [main] DEBUG org.apache.http.headers - >> userName: A0aCcnPzDANtKmvSLPKcaw==
2021-12-20_16:06:08.244 [main] DEBUG org.apache.http.headers - >> Host: apitest.pineperks.in
2021-12-20_16:06:08.244 [main] DEBUG org.apache.http.headers - >> Connection: Keep-Alive
2021-12-20_16:06:08.244 [main] DEBUG org.apache.http.headers - >> User-Agent: Apache-HttpClient/4.5.2 (Java/1.8.0_202)
2021-12-20_16:06:08.244 [main] DEBUG org.apache.http.headers - >> Accept-Encoding: gzip,deflate
2021-12-20_16:06:08.271 [main] DEBUG org.apache.http.wire -  << "HTTP/1.1 200 [\r][\n]"
2021-12-20_16:06:08.274 [main] DEBUG org.apache.http.wire -  << "Access-Control-Allow-Methods: GET, POST[\r][\n]"
2021-12-20_16:06:08.275 [main] DEBUG org.apache.http.wire -  << "Access-Control-Allow-Origin: *[\r][\n]"
2021-12-20_16:06:08.275 [main] DEBUG org.apache.http.wire -  << "Content-Security-Policy: default-src 'none'[\r][\n]"
2021-12-20_16:06:08.275 [main] DEBUG org.apache.http.wire -  << "Feature-Policy: 'none'[\r][\n]"
2021-12-20_16:06:08.275 [main] DEBUG org.apache.http.wire -  << "Referrer-Policy: no-referrer[\r][\n]"
2021-12-20_16:06:08.275 [main] DEBUG org.apache.http.wire -  << "Strict-Transport-Security: max-age=31536000 ; includeSubDomains[\r][\n]"
2021-12-20_16:06:08.276 [main] DEBUG org.apache.http.wire -  << "Date: Mon, 20 Dec 2021 10:36:08 GMT[\r][\n]"
2021-12-20_16:06:08.276 [main] DEBUG org.apache.http.wire -  << "Keep-Alive: timeout=60[\r][\n]"
2021-12-20_16:06:08.276 [main] DEBUG org.apache.http.wire -  << "Content-Type: application/json[\r][\n]"
2021-12-20_16:06:08.276 [main] DEBUG org.apache.http.wire -  << "Transfer-Encoding: chunked[\r][\n]"
2021-12-20_16:06:08.276 [main] DEBUG org.apache.http.wire -  << "Connection: keep-alive[\r][\n]"
2021-12-20_16:06:08.276 [main] DEBUG org.apache.http.wire -  << "[\r][\n]"
2021-12-20_16:06:08.277 [main] DEBUG o.a.h.i.conn.DefaultClientConnection - Receiving response: HTTP/1.1 200 
2021-12-20_16:06:08.277 [main] DEBUG org.apache.http.headers - << HTTP/1.1 200 
2021-12-20_16:06:08.277 [main] DEBUG org.apache.http.headers - << Access-Control-Allow-Methods: GET, POST
2021-12-20_16:06:08.277 [main] DEBUG org.apache.http.headers - << Access-Control-Allow-Origin: *
2021-12-20_16:06:08.277 [main] DEBUG org.apache.http.headers - << Content-Security-Policy: default-src 'none'
2021-12-20_16:06:08.277 [main] DEBUG org.apache.http.headers - << Feature-Policy: 'none'
2021-12-20_16:06:08.277 [main] DEBUG org.apache.http.headers - << Referrer-Policy: no-referrer
2021-12-20_16:06:08.277 [main] DEBUG org.apache.http.headers - << Strict-Transport-Security: max-age=31536000 ; includeSubDomains
2021-12-20_16:06:08.277 [main] DEBUG org.apache.http.headers - << Date: Mon, 20 Dec 2021 10:36:08 GMT
2021-12-20_16:06:08.277 [main] DEBUG org.apache.http.headers - << Keep-Alive: timeout=60
2021-12-20_16:06:08.277 [main] DEBUG org.apache.http.headers - << Content-Type: application/json
2021-12-20_16:06:08.277 [main] DEBUG org.apache.http.headers - << Transfer-Encoding: chunked
2021-12-20_16:06:08.278 [main] DEBUG org.apache.http.headers - << Connection: keep-alive
2021-12-20_16:06:08.283 [main] DEBUG o.a.h.impl.client.DefaultHttpClient - Connection can be kept alive for 60000 MILLISECONDS
2021-12-20_16:06:08.297 [main] DEBUG i.r.i.RequestSpecificationImpl$RestAssuredHttpBuilder - Parsing response as: application/json
2021-12-20_16:06:08.297 [main] DEBUG i.r.i.RequestSpecificationImpl$RestAssuredHttpBuilder - Parsed data to instance of: class org.apache.http.conn.EofSensorInputStream
2021-12-20_16:06:08.309 [main] INFO  com.qc.BaseAPI - Method :GET
2021-12-20_16:06:08.309 [main] INFO  com.qc.BaseAPI - URI :https://apitest.pineperks.in/auth/V1/generate/token
2021-12-20_16:06:08.310 [main] INFO  com.qc.BaseAPI - Headers :userName=A0aCcnPzDANtKmvSLPKcaw==
Accept=*/*
Content-Type=application/json; charset=UTF-8
2021-12-20_16:06:08.310 [main] INFO  com.qc.BaseAPI - Body :null
2021-12-20_16:06:08.310 [main] INFO  com.qc.BaseAPI - ********************RESPONSE********************
2021-12-20_16:06:08.318 [main] DEBUG org.apache.http.wire -  << "7f[\r][\n]"
2021-12-20_16:06:08.318 [main] DEBUG org.apache.http.wire -  << "{"accessToken":"9ad9b88b3497438ca2b058b604a61337","tokenExpiryTime":"21-Dec-2021","responseCode":0,"responseMessage":"Success"}"
2021-12-20_16:06:08.319 [main] DEBUG org.apache.http.wire -  << "[\r][\n]"
2021-12-20_16:06:08.319 [main] DEBUG org.apache.http.wire -  << "0[\r][\n]"
2021-12-20_16:06:08.319 [main] DEBUG org.apache.http.wire -  << "[\r][\n]"
2021-12-20_16:06:08.319 [main] DEBUG o.a.h.i.c.BasicClientConnectionManager - Releasing connection org.apache.http.impl.conn.ManagedClientConnectionImpl@38b8b5aa
2021-12-20_16:06:08.319 [main] DEBUG o.a.h.i.c.BasicClientConnectionManager - Connection can be kept alive for 60000 MILLISECONDS
2021-12-20_16:06:08.351 [main] INFO  com.qc.BaseAPI - Response :{
    "accessToken": "9ad9b88b3497438ca2b058b604a61337",
    "tokenExpiryTime": "21-Dec-2021",
    "responseCode": 0,
    "responseMessage": "Success"
}
2021-12-20_16:06:08.353 [main] INFO  com.qc.BaseAPI -  **** GET call Response time 2025 ms
2021-12-20_16:06:08.354 [main] INFO  pl.rest.service.Authorize - Time Taken to perform https://apitest.pineperks.in/auth/V1/generate/token transaction: 2025
2021-12-20_16:06:08.430 [main] INFO  com.qc.qa.utils.TestDataReader - Reading Json data authorizeHeaders
2021-12-20_16:06:08.433 [main] INFO  com.qc.qa.utils.TestDataReader - Reading json data from file @ testData/api/devAPIData.json
2021-12-20_16:06:08.457 [main] INFO  pl.rest.service.CardUpdate - CardIssue Rest API URL :- https://apitest.pineperks.in/card/profile/V1/admin/status/update
2021-12-20_16:06:08.457 [main] INFO  com.qc.BaseAPI - POST call to URL https://apitest.pineperks.in/card/profile/V1/admin/status/update
2021-12-20_16:06:08.471 [main] INFO  com.qc.BaseAPI - ********************REQUEST********************
2021-12-20_16:06:08.504 [main] DEBUG o.a.h.i.c.BasicClientConnectionManager - Get connection for route {s}->https://apitest.pineperks.in:443
2021-12-20_16:06:08.504 [main] DEBUG o.a.h.i.c.DefaultClientConnectionOperator - Connecting to apitest.pineperks.in:443
2021-12-20_16:06:08.610 [main] DEBUG o.a.h.c.protocol.RequestAddCookies - CookieSpec selected: ignoreCookies
2021-12-20_16:06:08.611 [main] DEBUG o.a.h.c.protocol.RequestAuthCache - Auth cache not set in the context
2021-12-20_16:06:08.611 [main] DEBUG o.a.h.c.p.RequestTargetAuthentication - Target auth state: UNCHALLENGED
2021-12-20_16:06:08.611 [main] DEBUG o.a.h.c.p.RequestProxyAuthentication - Proxy auth state: UNCHALLENGED
2021-12-20_16:06:08.611 [main] DEBUG o.a.h.impl.client.DefaultHttpClient - Attempt 1 to execute request
2021-12-20_16:06:08.611 [main] DEBUG o.a.h.i.conn.DefaultClientConnection - Sending request: POST /card/profile/V1/admin/status/update HTTP/1.1
2021-12-20_16:06:08.611 [main] DEBUG org.apache.http.wire -  >> "POST /card/profile/V1/admin/status/update HTTP/1.1[\r][\n]"
2021-12-20_16:06:08.612 [main] DEBUG org.apache.http.wire -  >> "Accept: */*[\r][\n]"
2021-12-20_16:06:08.612 [main] DEBUG org.apache.http.wire -  >> "userName: A0aCcnPzDANtKmvSLPKcaw==[\r][\n]"
2021-12-20_16:06:08.612 [main] DEBUG org.apache.http.wire -  >> "token: 9ad9b88b3497438ca2b058b604a61337[\r][\n]"
2021-12-20_16:06:08.612 [main] DEBUG org.apache.http.wire -  >> "Content-Type: application/json; charset=UTF-8[\r][\n]"
2021-12-20_16:06:08.612 [main] DEBUG org.apache.http.wire -  >> "Content-Length: 113[\r][\n]"
2021-12-20_16:06:08.612 [main] DEBUG org.apache.http.wire -  >> "Host: apitest.pineperks.in[\r][\n]"
2021-12-20_16:06:08.612 [main] DEBUG org.apache.http.wire -  >> "Connection: Keep-Alive[\r][\n]"
2021-12-20_16:06:08.612 [main] DEBUG org.apache.http.wire -  >> "User-Agent: Apache-HttpClient/4.5.2 (Java/1.8.0_202)[\r][\n]"
2021-12-20_16:06:08.612 [main] DEBUG org.apache.http.wire -  >> "Accept-Encoding: gzip,deflate[\r][\n]"
2021-12-20_16:06:08.613 [main] DEBUG org.apache.http.wire -  >> "[\r][\n]"
2021-12-20_16:06:08.613 [main] DEBUG org.apache.http.headers - >> POST /card/profile/V1/admin/status/update HTTP/1.1
2021-12-20_16:06:08.613 [main] DEBUG org.apache.http.headers - >> Accept: */*
2021-12-20_16:06:08.613 [main] DEBUG org.apache.http.headers - >> userName: A0aCcnPzDANtKmvSLPKcaw==
2021-12-20_16:06:08.613 [main] DEBUG org.apache.http.headers - >> token: 9ad9b88b3497438ca2b058b604a61337
2021-12-20_16:06:08.613 [main] DEBUG org.apache.http.headers - >> Content-Type: application/json; charset=UTF-8
2021-12-20_16:06:08.613 [main] DEBUG org.apache.http.headers - >> Content-Length: 113
2021-12-20_16:06:08.613 [main] DEBUG org.apache.http.headers - >> Host: apitest.pineperks.in
2021-12-20_16:06:08.613 [main] DEBUG org.apache.http.headers - >> Connection: Keep-Alive
2021-12-20_16:06:08.613 [main] DEBUG org.apache.http.headers - >> User-Agent: Apache-HttpClient/4.5.2 (Java/1.8.0_202)
2021-12-20_16:06:08.613 [main] DEBUG org.apache.http.headers - >> Accept-Encoding: gzip,deflate
2021-12-20_16:06:08.614 [main] DEBUG org.apache.http.wire -  >> "{"remarks":"Test","cardStatusUpdateRequestList":[{"reason":"1","referenceNumber":"6539518357","cardStatus":"2"}]}"
2021-12-20_16:06:08.718 [main] DEBUG org.apache.http.wire -  << "HTTP/1.1 200 [\r][\n]"
2021-12-20_16:06:08.718 [main] DEBUG org.apache.http.wire -  << "Access-Control-Allow-Methods: GET, POST[\r][\n]"
2021-12-20_16:06:08.719 [main] DEBUG org.apache.http.wire -  << "Access-Control-Allow-Origin: *[\r][\n]"
2021-12-20_16:06:08.719 [main] DEBUG org.apache.http.wire -  << "Content-Security-Policy: default-src 'none'[\r][\n]"
2021-12-20_16:06:08.719 [main] DEBUG org.apache.http.wire -  << "Feature-Policy: 'none'[\r][\n]"
2021-12-20_16:06:08.719 [main] DEBUG org.apache.http.wire -  << "Referrer-Policy: no-referrer[\r][\n]"
2021-12-20_16:06:08.719 [main] DEBUG org.apache.http.wire -  << "Strict-Transport-Security: max-age=31536000 ; includeSubDomains[\r][\n]"
2021-12-20_16:06:08.719 [main] DEBUG org.apache.http.wire -  << "Date: Mon, 20 Dec 2021 10:36:08 GMT[\r][\n]"
2021-12-20_16:06:08.719 [main] DEBUG org.apache.http.wire -  << "Keep-Alive: timeout=60[\r][\n]"
2021-12-20_16:06:08.719 [main] DEBUG org.apache.http.wire -  << "Content-Type: application/json[\r][\n]"
2021-12-20_16:06:08.719 [main] DEBUG org.apache.http.wire -  << "Transfer-Encoding: chunked[\r][\n]"
2021-12-20_16:06:08.719 [main] DEBUG org.apache.http.wire -  << "Connection: keep-alive[\r][\n]"
2021-12-20_16:06:08.719 [main] DEBUG org.apache.http.wire -  << "[\r][\n]"
2021-12-20_16:06:08.719 [main] DEBUG o.a.h.i.conn.DefaultClientConnection - Receiving response: HTTP/1.1 200 
2021-12-20_16:06:08.719 [main] DEBUG org.apache.http.headers - << HTTP/1.1 200 
2021-12-20_16:06:08.719 [main] DEBUG org.apache.http.headers - << Access-Control-Allow-Methods: GET, POST
2021-12-20_16:06:08.720 [main] DEBUG org.apache.http.headers - << Access-Control-Allow-Origin: *
2021-12-20_16:06:08.720 [main] DEBUG org.apache.http.headers - << Content-Security-Policy: default-src 'none'
2021-12-20_16:06:08.720 [main] DEBUG org.apache.http.headers - << Feature-Policy: 'none'
2021-12-20_16:06:08.720 [main] DEBUG org.apache.http.headers - << Referrer-Policy: no-referrer
2021-12-20_16:06:08.720 [main] DEBUG org.apache.http.headers - << Strict-Transport-Security: max-age=31536000 ; includeSubDomains
2021-12-20_16:06:08.720 [main] DEBUG org.apache.http.headers - << Date: Mon, 20 Dec 2021 10:36:08 GMT
2021-12-20_16:06:08.720 [main] DEBUG org.apache.http.headers - << Keep-Alive: timeout=60
2021-12-20_16:06:08.720 [main] DEBUG org.apache.http.headers - << Content-Type: application/json
2021-12-20_16:06:08.720 [main] DEBUG org.apache.http.headers - << Transfer-Encoding: chunked
2021-12-20_16:06:08.720 [main] DEBUG org.apache.http.headers - << Connection: keep-alive
2021-12-20_16:06:08.721 [main] DEBUG o.a.h.impl.client.DefaultHttpClient - Connection can be kept alive for 60000 MILLISECONDS
2021-12-20_16:06:08.721 [main] DEBUG i.r.i.RequestSpecificationImpl$RestAssuredHttpBuilder - Parsing response as: application/json
2021-12-20_16:06:08.721 [main] DEBUG i.r.i.RequestSpecificationImpl$RestAssuredHttpBuilder - Parsed data to instance of: class org.apache.http.conn.EofSensorInputStream
2021-12-20_16:06:08.723 [main] INFO  com.qc.BaseAPI - Method :POST
2021-12-20_16:06:08.725 [main] INFO  com.qc.BaseAPI - URI :https://apitest.pineperks.in/card/profile/V1/admin/status/update
2021-12-20_16:06:08.725 [main] INFO  com.qc.BaseAPI - Headers :token=9ad9b88b3497438ca2b058b604a61337
userName=A0aCcnPzDANtKmvSLPKcaw==
Accept=*/*
Content-Type=application/json; charset=UTF-8
2021-12-20_16:06:08.725 [main] INFO  com.qc.BaseAPI - Body :{"remarks":"Test","cardStatusUpdateRequestList":[{"reason":"1","referenceNumber":"6539518357","cardStatus":"2"}]}
2021-12-20_16:06:08.725 [main] INFO  com.qc.BaseAPI - ********************RESPONSE********************
2021-12-20_16:06:08.726 [main] DEBUG org.apache.http.wire -  << "ee[\r][\n]"
2021-12-20_16:06:08.726 [main] DEBUG org.apache.http.wire -  << "{"cardStatusUpdateResponseList":[{"referenceNumber":6539518357,"responseCode":267,"responseMessage":"Card is already in this state. Please choose different status to update"}],"remarks":"Test","responseCode":0,"responseMessage":"Success"}"
2021-12-20_16:06:08.726 [main] DEBUG org.apache.http.wire -  << "[\r][\n]"
2021-12-20_16:06:08.726 [main] DEBUG org.apache.http.wire -  << "0[\r][\n]"
2021-12-20_16:06:08.726 [main] DEBUG org.apache.http.wire -  << "[\r][\n]"
2021-12-20_16:06:08.726 [main] DEBUG o.a.h.i.c.BasicClientConnectionManager - Releasing connection org.apache.http.impl.conn.ManagedClientConnectionImpl@30bd5d63
2021-12-20_16:06:08.726 [main] DEBUG o.a.h.i.c.BasicClientConnectionManager - Connection can be kept alive for 60000 MILLISECONDS
2021-12-20_16:06:08.727 [main] INFO  com.qc.BaseAPI - Response :{
    "cardStatusUpdateResponseList": [
        {
            "referenceNumber": 6539518357,
            "responseCode": 267,
            "responseMessage": "Card is already in this state. Please choose different status to update"
        }
    ],
    "remarks": "Test",
    "responseCode": 0,
    "responseMessage": "Success"
}
2021-12-20_16:06:08.728 [main] INFO  com.qc.BaseAPI -  **** POST call Response time 249 ms
2021-12-20_16:06:08.728 [main] INFO  pl.rest.service.CardUpdate - Time Taken to perform https://apitest.pineperks.in/card/profile/V1/admin/status/update transaction: 249
2021-12-20_16:06:09.090 [main] INFO  pl.rest.CustomHooks - SCENARIO NAME: Updating the card status to blocked
2021-12-20_16:06:09.090 [main] INFO  pl.rest.CustomHooks - TAG NAMEs: [@Regression]
2021-12-20_16:06:09.402 [main] INFO  pl.rest.service.Authorize - Authorize Rest API URL :- https://apitest.pineperks.in/auth/V1/generate/token
2021-12-20_16:06:09.402 [main] INFO  com.qc.BaseAPI - GET call to URL https://apitest.pineperks.in/auth/V1/generate/token
2021-12-20_16:06:09.405 [main] INFO  com.qc.BaseAPI - ********************REQUEST********************
2021-12-20_16:06:09.413 [main] DEBUG o.a.h.i.c.BasicClientConnectionManager - Get connection for route {s}->https://apitest.pineperks.in:443
2021-12-20_16:06:09.413 [main] DEBUG o.a.h.i.c.DefaultClientConnectionOperator - Connecting to apitest.pineperks.in:443
2021-12-20_16:06:09.558 [main] DEBUG o.a.h.c.protocol.RequestAddCookies - CookieSpec selected: ignoreCookies
2021-12-20_16:06:09.559 [main] DEBUG o.a.h.c.protocol.RequestAuthCache - Auth cache not set in the context
2021-12-20_16:06:09.559 [main] DEBUG o.a.h.c.p.RequestTargetAuthentication - Target auth state: UNCHALLENGED
2021-12-20_16:06:09.559 [main] DEBUG o.a.h.c.p.RequestProxyAuthentication - Proxy auth state: UNCHALLENGED
2021-12-20_16:06:09.559 [main] DEBUG o.a.h.impl.client.DefaultHttpClient - Attempt 1 to execute request
2021-12-20_16:06:09.559 [main] DEBUG o.a.h.i.conn.DefaultClientConnection - Sending request: GET /auth/V1/generate/token HTTP/1.1
2021-12-20_16:06:09.560 [main] DEBUG org.apache.http.wire -  >> "GET /auth/V1/generate/token HTTP/1.1[\r][\n]"
2021-12-20_16:06:09.560 [main] DEBUG org.apache.http.wire -  >> "Content-Type: application/json; charset=UTF-8[\r][\n]"
2021-12-20_16:06:09.560 [main] DEBUG org.apache.http.wire -  >> "Accept: */*[\r][\n]"
2021-12-20_16:06:09.560 [main] DEBUG org.apache.http.wire -  >> "userName: A0aCcnPzDANtKmvSLPKcaw==[\r][\n]"
2021-12-20_16:06:09.561 [main] DEBUG org.apache.http.wire -  >> "Host: apitest.pineperks.in[\r][\n]"
2021-12-20_16:06:09.561 [main] DEBUG org.apache.http.wire -  >> "Connection: Keep-Alive[\r][\n]"
2021-12-20_16:06:09.561 [main] DEBUG org.apache.http.wire -  >> "User-Agent: Apache-HttpClient/4.5.2 (Java/1.8.0_202)[\r][\n]"
2021-12-20_16:06:09.561 [main] DEBUG org.apache.http.wire -  >> "Accept-Encoding: gzip,deflate[\r][\n]"
2021-12-20_16:06:09.561 [main] DEBUG org.apache.http.wire -  >> "[\r][\n]"
2021-12-20_16:06:09.562 [main] DEBUG org.apache.http.headers - >> GET /auth/V1/generate/token HTTP/1.1
2021-12-20_16:06:09.562 [main] DEBUG org.apache.http.headers - >> Content-Type: application/json; charset=UTF-8
2021-12-20_16:06:09.562 [main] DEBUG org.apache.http.headers - >> Accept: */*
2021-12-20_16:06:09.562 [main] DEBUG org.apache.http.headers - >> userName: A0aCcnPzDANtKmvSLPKcaw==
2021-12-20_16:06:09.562 [main] DEBUG org.apache.http.headers - >> Host: apitest.pineperks.in
2021-12-20_16:06:09.562 [main] DEBUG org.apache.http.headers - >> Connection: Keep-Alive
2021-12-20_16:06:09.562 [main] DEBUG org.apache.http.headers - >> User-Agent: Apache-HttpClient/4.5.2 (Java/1.8.0_202)
2021-12-20_16:06:09.562 [main] DEBUG org.apache.http.headers - >> Accept-Encoding: gzip,deflate
2021-12-20_16:06:09.598 [main] DEBUG org.apache.http.wire -  << "HTTP/1.1 200 [\r][\n]"
2021-12-20_16:06:09.599 [main] DEBUG org.apache.http.wire -  << "Access-Control-Allow-Methods: GET, POST[\r][\n]"
2021-12-20_16:06:09.599 [main] DEBUG org.apache.http.wire -  << "Access-Control-Allow-Origin: *[\r][\n]"
2021-12-20_16:06:09.599 [main] DEBUG org.apache.http.wire -  << "Content-Security-Policy: default-src 'none'[\r][\n]"
2021-12-20_16:06:09.599 [main] DEBUG org.apache.http.wire -  << "Feature-Policy: 'none'[\r][\n]"
2021-12-20_16:06:09.599 [main] DEBUG org.apache.http.wire -  << "Referrer-Policy: no-referrer[\r][\n]"
2021-12-20_16:06:09.599 [main] DEBUG org.apache.http.wire -  << "Strict-Transport-Security: max-age=31536000 ; includeSubDomains[\r][\n]"
2021-12-20_16:06:09.599 [main] DEBUG org.apache.http.wire -  << "Date: Mon, 20 Dec 2021 10:36:09 GMT[\r][\n]"
2021-12-20_16:06:09.600 [main] DEBUG org.apache.http.wire -  << "Keep-Alive: timeout=60[\r][\n]"
2021-12-20_16:06:09.600 [main] DEBUG org.apache.http.wire -  << "Content-Type: application/json[\r][\n]"
2021-12-20_16:06:09.601 [main] DEBUG org.apache.http.wire -  << "Transfer-Encoding: chunked[\r][\n]"
2021-12-20_16:06:09.601 [main] DEBUG org.apache.http.wire -  << "Connection: keep-alive[\r][\n]"
2021-12-20_16:06:09.601 [main] DEBUG org.apache.http.wire -  << "[\r][\n]"
2021-12-20_16:06:09.601 [main] DEBUG o.a.h.i.conn.DefaultClientConnection - Receiving response: HTTP/1.1 200 
2021-12-20_16:06:09.601 [main] DEBUG org.apache.http.headers - << HTTP/1.1 200 
2021-12-20_16:06:09.602 [main] DEBUG org.apache.http.headers - << Access-Control-Allow-Methods: GET, POST
2021-12-20_16:06:09.602 [main] DEBUG org.apache.http.headers - << Access-Control-Allow-Origin: *
2021-12-20_16:06:09.602 [main] DEBUG org.apache.http.headers - << Content-Security-Policy: default-src 'none'
2021-12-20_16:06:09.602 [main] DEBUG org.apache.http.headers - << Feature-Policy: 'none'
2021-12-20_16:06:09.602 [main] DEBUG org.apache.http.headers - << Referrer-Policy: no-referrer
2021-12-20_16:06:09.602 [main] DEBUG org.apache.http.headers - << Strict-Transport-Security: max-age=31536000 ; includeSubDomains
2021-12-20_16:06:09.602 [main] DEBUG org.apache.http.headers - << Date: Mon, 20 Dec 2021 10:36:09 GMT
2021-12-20_16:06:09.603 [main] DEBUG org.apache.http.headers - << Keep-Alive: timeout=60
2021-12-20_16:06:09.603 [main] DEBUG org.apache.http.headers - << Content-Type: application/json
2021-12-20_16:06:09.603 [main] DEBUG org.apache.http.headers - << Transfer-Encoding: chunked
2021-12-20_16:06:09.603 [main] DEBUG org.apache.http.headers - << Connection: keep-alive
2021-12-20_16:06:09.603 [main] DEBUG o.a.h.impl.client.DefaultHttpClient - Connection can be kept alive for 60000 MILLISECONDS
2021-12-20_16:06:09.604 [main] DEBUG i.r.i.RequestSpecificationImpl$RestAssuredHttpBuilder - Parsing response as: application/json
2021-12-20_16:06:09.604 [main] DEBUG i.r.i.RequestSpecificationImpl$RestAssuredHttpBuilder - Parsed data to instance of: class org.apache.http.conn.EofSensorInputStream
2021-12-20_16:06:09.605 [main] INFO  com.qc.BaseAPI - Method :GET
2021-12-20_16:06:09.607 [main] INFO  com.qc.BaseAPI - URI :https://apitest.pineperks.in/auth/V1/generate/token
2021-12-20_16:06:09.607 [main] INFO  com.qc.BaseAPI - Headers :userName=A0aCcnPzDANtKmvSLPKcaw==
Accept=*/*
Content-Type=application/json; charset=UTF-8
2021-12-20_16:06:09.607 [main] INFO  com.qc.BaseAPI - Body :null
2021-12-20_16:06:09.607 [main] INFO  com.qc.BaseAPI - ********************RESPONSE********************
2021-12-20_16:06:09.607 [main] DEBUG org.apache.http.wire -  << "7f[\r][\n]"
2021-12-20_16:06:09.607 [main] DEBUG org.apache.http.wire -  << "{"accessToken":"de0c48b4aa69484b8b1a3ea487e62fda","tokenExpiryTime":"21-Dec-2021","responseCode":0,"responseMessage":"Success"}"
2021-12-20_16:06:09.607 [main] DEBUG org.apache.http.wire -  << "[\r][\n]"
2021-12-20_16:06:09.608 [main] DEBUG org.apache.http.wire -  << "0[\r][\n]"
2021-12-20_16:06:09.608 [main] DEBUG org.apache.http.wire -  << "[\r][\n]"
2021-12-20_16:06:09.608 [main] DEBUG o.a.h.i.c.BasicClientConnectionManager - Releasing connection org.apache.http.impl.conn.ManagedClientConnectionImpl@76107f3b
2021-12-20_16:06:09.608 [main] DEBUG o.a.h.i.c.BasicClientConnectionManager - Connection can be kept alive for 60000 MILLISECONDS
2021-12-20_16:06:09.608 [main] INFO  com.qc.BaseAPI - Response :{
    "accessToken": "de0c48b4aa69484b8b1a3ea487e62fda",
    "tokenExpiryTime": "21-Dec-2021",
    "responseCode": 0,
    "responseMessage": "Success"
}
2021-12-20_16:06:09.609 [main] INFO  com.qc.BaseAPI -  **** GET call Response time 198 ms
2021-12-20_16:06:09.609 [main] INFO  pl.rest.service.Authorize - Time Taken to perform https://apitest.pineperks.in/auth/V1/generate/token transaction: 198
2021-12-20_16:06:09.615 [main] INFO  com.qc.qa.utils.TestDataReader - Reading Json data authorizeHeaders
2021-12-20_16:06:09.617 [main] INFO  com.qc.qa.utils.TestDataReader - Reading json data from file @ testData/api/devAPIData.json
2021-12-20_16:06:09.618 [main] INFO  pl.rest.service.CardUpdate - CardIssue Rest API URL :- https://apitest.pineperks.in/card/profile/V1/admin/status/update
2021-12-20_16:06:09.618 [main] INFO  com.qc.BaseAPI - POST call to URL https://apitest.pineperks.in/card/profile/V1/admin/status/update
2021-12-20_16:06:09.622 [main] INFO  com.qc.BaseAPI - ********************REQUEST********************
2021-12-20_16:06:09.628 [main] DEBUG o.a.h.i.c.BasicClientConnectionManager - Get connection for route {s}->https://apitest.pineperks.in:443
2021-12-20_16:06:09.628 [main] DEBUG o.a.h.i.c.DefaultClientConnectionOperator - Connecting to apitest.pineperks.in:443
2021-12-20_16:06:09.755 [main] DEBUG o.a.h.c.protocol.RequestAddCookies - CookieSpec selected: ignoreCookies
2021-12-20_16:06:09.755 [main] DEBUG o.a.h.c.protocol.RequestAuthCache - Auth cache not set in the context
2021-12-20_16:06:09.755 [main] DEBUG o.a.h.c.p.RequestTargetAuthentication - Target auth state: UNCHALLENGED
2021-12-20_16:06:09.755 [main] DEBUG o.a.h.c.p.RequestProxyAuthentication - Proxy auth state: UNCHALLENGED
2021-12-20_16:06:09.756 [main] DEBUG o.a.h.impl.client.DefaultHttpClient - Attempt 1 to execute request
2021-12-20_16:06:09.756 [main] DEBUG o.a.h.i.conn.DefaultClientConnection - Sending request: POST /card/profile/V1/admin/status/update HTTP/1.1
2021-12-20_16:06:09.756 [main] DEBUG org.apache.http.wire -  >> "POST /card/profile/V1/admin/status/update HTTP/1.1[\r][\n]"
2021-12-20_16:06:09.756 [main] DEBUG org.apache.http.wire -  >> "Accept: */*[\r][\n]"
2021-12-20_16:06:09.756 [main] DEBUG org.apache.http.wire -  >> "userName: A0aCcnPzDANtKmvSLPKcaw==[\r][\n]"
2021-12-20_16:06:09.756 [main] DEBUG org.apache.http.wire -  >> "token: de0c48b4aa69484b8b1a3ea487e62fda[\r][\n]"
2021-12-20_16:06:09.756 [main] DEBUG org.apache.http.wire -  >> "Content-Type: application/json; charset=UTF-8[\r][\n]"
2021-12-20_16:06:09.756 [main] DEBUG org.apache.http.wire -  >> "Content-Length: 113[\r][\n]"
2021-12-20_16:06:09.757 [main] DEBUG org.apache.http.wire -  >> "Host: apitest.pineperks.in[\r][\n]"
2021-12-20_16:06:09.757 [main] DEBUG org.apache.http.wire -  >> "Connection: Keep-Alive[\r][\n]"
2021-12-20_16:06:09.757 [main] DEBUG org.apache.http.wire -  >> "User-Agent: Apache-HttpClient/4.5.2 (Java/1.8.0_202)[\r][\n]"
2021-12-20_16:06:09.757 [main] DEBUG org.apache.http.wire -  >> "Accept-Encoding: gzip,deflate[\r][\n]"
2021-12-20_16:06:09.757 [main] DEBUG org.apache.http.wire -  >> "[\r][\n]"
2021-12-20_16:06:09.757 [main] DEBUG org.apache.http.headers - >> POST /card/profile/V1/admin/status/update HTTP/1.1
2021-12-20_16:06:09.757 [main] DEBUG org.apache.http.headers - >> Accept: */*
2021-12-20_16:06:09.757 [main] DEBUG org.apache.http.headers - >> userName: A0aCcnPzDANtKmvSLPKcaw==
2021-12-20_16:06:09.757 [main] DEBUG org.apache.http.headers - >> token: de0c48b4aa69484b8b1a3ea487e62fda
2021-12-20_16:06:09.758 [main] DEBUG org.apache.http.headers - >> Content-Type: application/json; charset=UTF-8
2021-12-20_16:06:09.758 [main] DEBUG org.apache.http.headers - >> Content-Length: 113
2021-12-20_16:06:09.758 [main] DEBUG org.apache.http.headers - >> Host: apitest.pineperks.in
2021-12-20_16:06:09.759 [main] DEBUG org.apache.http.headers - >> Connection: Keep-Alive
2021-12-20_16:06:09.759 [main] DEBUG org.apache.http.headers - >> User-Agent: Apache-HttpClient/4.5.2 (Java/1.8.0_202)
2021-12-20_16:06:09.759 [main] DEBUG org.apache.http.headers - >> Accept-Encoding: gzip,deflate
2021-12-20_16:06:09.759 [main] DEBUG org.apache.http.wire -  >> "{"remarks":"Test","cardStatusUpdateRequestList":[{"reason":"1","referenceNumber":"6539518357","cardStatus":"3"}]}"
2021-12-20_16:06:09.799 [main] DEBUG org.apache.http.wire -  << "HTTP/1.1 200 [\r][\n]"
2021-12-20_16:06:09.799 [main] DEBUG org.apache.http.wire -  << "Access-Control-Allow-Methods: GET, POST[\r][\n]"
2021-12-20_16:06:09.799 [main] DEBUG org.apache.http.wire -  << "Access-Control-Allow-Origin: *[\r][\n]"
2021-12-20_16:06:09.799 [main] DEBUG org.apache.http.wire -  << "Content-Security-Policy: default-src 'none'[\r][\n]"
2021-12-20_16:06:09.799 [main] DEBUG org.apache.http.wire -  << "Feature-Policy: 'none'[\r][\n]"
2021-12-20_16:06:09.799 [main] DEBUG org.apache.http.wire -  << "Referrer-Policy: no-referrer[\r][\n]"
2021-12-20_16:06:09.799 [main] DEBUG org.apache.http.wire -  << "Strict-Transport-Security: max-age=31536000 ; includeSubDomains[\r][\n]"
2021-12-20_16:06:09.799 [main] DEBUG org.apache.http.wire -  << "Date: Mon, 20 Dec 2021 10:36:09 GMT[\r][\n]"
2021-12-20_16:06:09.799 [main] DEBUG org.apache.http.wire -  << "Keep-Alive: timeout=60[\r][\n]"
2021-12-20_16:06:09.799 [main] DEBUG org.apache.http.wire -  << "Content-Type: application/json[\r][\n]"
2021-12-20_16:06:09.799 [main] DEBUG org.apache.http.wire -  << "Transfer-Encoding: chunked[\r][\n]"
2021-12-20_16:06:09.800 [main] DEBUG org.apache.http.wire -  << "Connection: keep-alive[\r][\n]"
2021-12-20_16:06:09.800 [main] DEBUG org.apache.http.wire -  << "[\r][\n]"
2021-12-20_16:06:09.800 [main] DEBUG o.a.h.i.conn.DefaultClientConnection - Receiving response: HTTP/1.1 200 
2021-12-20_16:06:09.800 [main] DEBUG org.apache.http.headers - << HTTP/1.1 200 
2021-12-20_16:06:09.800 [main] DEBUG org.apache.http.headers - << Access-Control-Allow-Methods: GET, POST
2021-12-20_16:06:09.800 [main] DEBUG org.apache.http.headers - << Access-Control-Allow-Origin: *
2021-12-20_16:06:09.800 [main] DEBUG org.apache.http.headers - << Content-Security-Policy: default-src 'none'
2021-12-20_16:06:09.800 [main] DEBUG org.apache.http.headers - << Feature-Policy: 'none'
2021-12-20_16:06:09.800 [main] DEBUG org.apache.http.headers - << Referrer-Policy: no-referrer
2021-12-20_16:06:09.800 [main] DEBUG org.apache.http.headers - << Strict-Transport-Security: max-age=31536000 ; includeSubDomains
2021-12-20_16:06:09.800 [main] DEBUG org.apache.http.headers - << Date: Mon, 20 Dec 2021 10:36:09 GMT
2021-12-20_16:06:09.801 [main] DEBUG org.apache.http.headers - << Keep-Alive: timeout=60
2021-12-20_16:06:09.801 [main] DEBUG org.apache.http.headers - << Content-Type: application/json
2021-12-20_16:06:09.801 [main] DEBUG org.apache.http.headers - << Transfer-Encoding: chunked
2021-12-20_16:06:09.801 [main] DEBUG org.apache.http.headers - << Connection: keep-alive
2021-12-20_16:06:09.801 [main] DEBUG o.a.h.impl.client.DefaultHttpClient - Connection can be kept alive for 60000 MILLISECONDS
2021-12-20_16:06:09.802 [main] DEBUG i.r.i.RequestSpecificationImpl$RestAssuredHttpBuilder - Parsing response as: application/json
2021-12-20_16:06:09.802 [main] DEBUG i.r.i.RequestSpecificationImpl$RestAssuredHttpBuilder - Parsed data to instance of: class org.apache.http.conn.EofSensorInputStream
2021-12-20_16:06:09.802 [main] INFO  com.qc.BaseAPI - Method :POST
2021-12-20_16:06:09.804 [main] INFO  com.qc.BaseAPI - URI :https://apitest.pineperks.in/card/profile/V1/admin/status/update
2021-12-20_16:06:09.805 [main] INFO  com.qc.BaseAPI - Headers :token=de0c48b4aa69484b8b1a3ea487e62fda
userName=A0aCcnPzDANtKmvSLPKcaw==
Accept=*/*
Content-Type=application/json; charset=UTF-8
2021-12-20_16:06:09.805 [main] INFO  com.qc.BaseAPI - Body :{"remarks":"Test","cardStatusUpdateRequestList":[{"reason":"1","referenceNumber":"6539518357","cardStatus":"3"}]}
2021-12-20_16:06:09.805 [main] INFO  com.qc.BaseAPI - ********************RESPONSE********************
2021-12-20_16:06:09.805 [main] DEBUG org.apache.http.wire -  << "e6[\r][\n]"
2021-12-20_16:06:09.805 [main] DEBUG org.apache.http.wire -  << "{"cardStatusUpdateResponseList":[{"referenceNumber":6539518357,"responseCode":13,"responseMessage":"- cardStatus : Selected value Blocked is not allowed."}],"remarks":"Test","responseCode":13,"responseMessage":"Invalid card data"}"
2021-12-20_16:06:09.805 [main] DEBUG org.apache.http.wire -  << "[\r][\n]"
2021-12-20_16:06:09.806 [main] DEBUG org.apache.http.wire -  << "0[\r][\n]"
2021-12-20_16:06:09.806 [main] DEBUG org.apache.http.wire -  << "[\r][\n]"
2021-12-20_16:06:09.806 [main] DEBUG o.a.h.i.c.BasicClientConnectionManager - Releasing connection org.apache.http.impl.conn.ManagedClientConnectionImpl@8a8f2a0
2021-12-20_16:06:09.806 [main] DEBUG o.a.h.i.c.BasicClientConnectionManager - Connection can be kept alive for 60000 MILLISECONDS
2021-12-20_16:06:09.807 [main] INFO  com.qc.BaseAPI - Response :{
    "cardStatusUpdateResponseList": [
        {
            "referenceNumber": 6539518357,
            "responseCode": 13,
            "responseMessage": "- cardStatus : Selected value Blocked is not allowed."
        }
    ],
    "remarks": "Test",
    "responseCode": 13,
    "responseMessage": "Invalid card data"
}
2021-12-20_16:06:09.808 [main] INFO  com.qc.BaseAPI -  **** POST call Response time 179 ms
2021-12-20_16:06:09.808 [main] INFO  pl.rest.service.CardUpdate - Time Taken to perform https://apitest.pineperks.in/card/profile/V1/admin/status/update transaction: 179
2021-12-20_16:06:09.843 [main] INFO  pl.rest.CustomHooks - SCENARIO NAME: Updating the card status from active to active
2021-12-20_16:06:09.843 [main] INFO  pl.rest.CustomHooks - TAG NAMEs: [@Regression]
2021-12-20_16:06:10.089 [Finalizer] DEBUG o.a.h.i.conn.DefaultClientConnection - Connection 0.0.0.0:63973<->14.143.120.84:443 closed
2021-12-20_16:06:10.090 [main] INFO  pl.rest.service.Authorize - Authorize Rest API URL :- https://apitest.pineperks.in/auth/V1/generate/token
2021-12-20_16:06:10.090 [main] INFO  com.qc.BaseAPI - GET call to URL https://apitest.pineperks.in/auth/V1/generate/token
2021-12-20_16:06:10.092 [Finalizer] DEBUG o.a.h.i.conn.DefaultClientConnection - Connection 0.0.0.0:63974<->14.143.120.84:443 closed
2021-12-20_16:06:10.094 [main] INFO  com.qc.BaseAPI - ********************REQUEST********************
2021-12-20_16:06:10.101 [main] DEBUG o.a.h.i.c.BasicClientConnectionManager - Get connection for route {s}->https://apitest.pineperks.in:443
2021-12-20_16:06:10.101 [main] DEBUG o.a.h.i.c.DefaultClientConnectionOperator - Connecting to apitest.pineperks.in:443
2021-12-20_16:06:10.211 [main] DEBUG o.a.h.c.protocol.RequestAddCookies - CookieSpec selected: ignoreCookies
2021-12-20_16:06:10.211 [main] DEBUG o.a.h.c.protocol.RequestAuthCache - Auth cache not set in the context
2021-12-20_16:06:10.211 [main] DEBUG o.a.h.c.p.RequestTargetAuthentication - Target auth state: UNCHALLENGED
2021-12-20_16:06:10.211 [main] DEBUG o.a.h.c.p.RequestProxyAuthentication - Proxy auth state: UNCHALLENGED
2021-12-20_16:06:10.212 [main] DEBUG o.a.h.impl.client.DefaultHttpClient - Attempt 1 to execute request
2021-12-20_16:06:10.212 [main] DEBUG o.a.h.i.conn.DefaultClientConnection - Sending request: GET /auth/V1/generate/token HTTP/1.1
2021-12-20_16:06:10.212 [main] DEBUG org.apache.http.wire -  >> "GET /auth/V1/generate/token HTTP/1.1[\r][\n]"
2021-12-20_16:06:10.212 [main] DEBUG org.apache.http.wire -  >> "Content-Type: application/json; charset=UTF-8[\r][\n]"
2021-12-20_16:06:10.212 [main] DEBUG org.apache.http.wire -  >> "Accept: */*[\r][\n]"
2021-12-20_16:06:10.213 [main] DEBUG org.apache.http.wire -  >> "userName: A0aCcnPzDANtKmvSLPKcaw==[\r][\n]"
2021-12-20_16:06:10.213 [main] DEBUG org.apache.http.wire -  >> "Host: apitest.pineperks.in[\r][\n]"
2021-12-20_16:06:10.213 [main] DEBUG org.apache.http.wire -  >> "Connection: Keep-Alive[\r][\n]"
2021-12-20_16:06:10.213 [main] DEBUG org.apache.http.wire -  >> "User-Agent: Apache-HttpClient/4.5.2 (Java/1.8.0_202)[\r][\n]"
2021-12-20_16:06:10.213 [main] DEBUG org.apache.http.wire -  >> "Accept-Encoding: gzip,deflate[\r][\n]"
2021-12-20_16:06:10.213 [main] DEBUG org.apache.http.wire -  >> "[\r][\n]"
2021-12-20_16:06:10.213 [main] DEBUG org.apache.http.headers - >> GET /auth/V1/generate/token HTTP/1.1
2021-12-20_16:06:10.213 [main] DEBUG org.apache.http.headers - >> Content-Type: application/json; charset=UTF-8
2021-12-20_16:06:10.213 [main] DEBUG org.apache.http.headers - >> Accept: */*
2021-12-20_16:06:10.213 [main] DEBUG org.apache.http.headers - >> userName: A0aCcnPzDANtKmvSLPKcaw==
2021-12-20_16:06:10.213 [main] DEBUG org.apache.http.headers - >> Host: apitest.pineperks.in
2021-12-20_16:06:10.213 [main] DEBUG org.apache.http.headers - >> Connection: Keep-Alive
2021-12-20_16:06:10.213 [main] DEBUG org.apache.http.headers - >> User-Agent: Apache-HttpClient/4.5.2 (Java/1.8.0_202)
2021-12-20_16:06:10.213 [main] DEBUG org.apache.http.headers - >> Accept-Encoding: gzip,deflate
2021-12-20_16:06:10.237 [main] DEBUG org.apache.http.wire -  << "HTTP/1.1 200 [\r][\n]"
2021-12-20_16:06:10.238 [main] DEBUG org.apache.http.wire -  << "Access-Control-Allow-Methods: GET, POST[\r][\n]"
2021-12-20_16:06:10.238 [main] DEBUG org.apache.http.wire -  << "Access-Control-Allow-Origin: *[\r][\n]"
2021-12-20_16:06:10.238 [main] DEBUG org.apache.http.wire -  << "Content-Security-Policy: default-src 'none'[\r][\n]"
2021-12-20_16:06:10.238 [main] DEBUG org.apache.http.wire -  << "Feature-Policy: 'none'[\r][\n]"
2021-12-20_16:06:10.238 [main] DEBUG org.apache.http.wire -  << "Referrer-Policy: no-referrer[\r][\n]"
2021-12-20_16:06:10.238 [main] DEBUG org.apache.http.wire -  << "Strict-Transport-Security: max-age=31536000 ; includeSubDomains[\r][\n]"
2021-12-20_16:06:10.238 [main] DEBUG org.apache.http.wire -  << "Date: Mon, 20 Dec 2021 10:36:09 GMT[\r][\n]"
2021-12-20_16:06:10.238 [main] DEBUG org.apache.http.wire -  << "Keep-Alive: timeout=60[\r][\n]"
2021-12-20_16:06:10.238 [main] DEBUG org.apache.http.wire -  << "Content-Type: application/json[\r][\n]"
2021-12-20_16:06:10.239 [main] DEBUG org.apache.http.wire -  << "Transfer-Encoding: chunked[\r][\n]"
2021-12-20_16:06:10.239 [main] DEBUG org.apache.http.wire -  << "Connection: keep-alive[\r][\n]"
2021-12-20_16:06:10.239 [main] DEBUG org.apache.http.wire -  << "[\r][\n]"
2021-12-20_16:06:10.239 [main] DEBUG o.a.h.i.conn.DefaultClientConnection - Receiving response: HTTP/1.1 200 
2021-12-20_16:06:10.239 [main] DEBUG org.apache.http.headers - << HTTP/1.1 200 
2021-12-20_16:06:10.239 [main] DEBUG org.apache.http.headers - << Access-Control-Allow-Methods: GET, POST
2021-12-20_16:06:10.240 [main] DEBUG org.apache.http.headers - << Access-Control-Allow-Origin: *
2021-12-20_16:06:10.240 [main] DEBUG org.apache.http.headers - << Content-Security-Policy: default-src 'none'
2021-12-20_16:06:10.240 [main] DEBUG org.apache.http.headers - << Feature-Policy: 'none'
2021-12-20_16:06:10.240 [main] DEBUG org.apache.http.headers - << Referrer-Policy: no-referrer
2021-12-20_16:06:10.240 [main] DEBUG org.apache.http.headers - << Strict-Transport-Security: max-age=31536000 ; includeSubDomains
2021-12-20_16:06:10.240 [main] DEBUG org.apache.http.headers - << Date: Mon, 20 Dec 2021 10:36:09 GMT
2021-12-20_16:06:10.240 [main] DEBUG org.apache.http.headers - << Keep-Alive: timeout=60
2021-12-20_16:06:10.240 [main] DEBUG org.apache.http.headers - << Content-Type: application/json
2021-12-20_16:06:10.240 [main] DEBUG org.apache.http.headers - << Transfer-Encoding: chunked
2021-12-20_16:06:10.240 [main] DEBUG org.apache.http.headers - << Connection: keep-alive
2021-12-20_16:06:10.241 [main] DEBUG o.a.h.impl.client.DefaultHttpClient - Connection can be kept alive for 60000 MILLISECONDS
2021-12-20_16:06:10.242 [main] DEBUG i.r.i.RequestSpecificationImpl$RestAssuredHttpBuilder - Parsing response as: application/json
2021-12-20_16:06:10.242 [main] DEBUG i.r.i.RequestSpecificationImpl$RestAssuredHttpBuilder - Parsed data to instance of: class org.apache.http.conn.EofSensorInputStream
2021-12-20_16:06:10.243 [main] INFO  com.qc.BaseAPI - Method :GET
2021-12-20_16:06:10.244 [main] INFO  com.qc.BaseAPI - URI :https://apitest.pineperks.in/auth/V1/generate/token
2021-12-20_16:06:10.244 [main] INFO  com.qc.BaseAPI - Headers :userName=A0aCcnPzDANtKmvSLPKcaw==
Accept=*/*
Content-Type=application/json; charset=UTF-8
2021-12-20_16:06:10.244 [main] INFO  com.qc.BaseAPI - Body :null
2021-12-20_16:06:10.244 [main] INFO  com.qc.BaseAPI - ********************RESPONSE********************
2021-12-20_16:06:10.244 [main] DEBUG org.apache.http.wire -  << "7f[\r][\n]"
2021-12-20_16:06:10.244 [main] DEBUG org.apache.http.wire -  << "{"accessToken":"f83bcd67fbdb415f89c55ffb91acd7f1","tokenExpiryTime":"21-Dec-2021","responseCode":0,"responseMessage":"Success"}"
2021-12-20_16:06:10.245 [main] DEBUG org.apache.http.wire -  << "[\r][\n]"
2021-12-20_16:06:10.245 [main] DEBUG org.apache.http.wire -  << "0[\r][\n]"
2021-12-20_16:06:10.245 [main] DEBUG org.apache.http.wire -  << "[\r][\n]"
2021-12-20_16:06:10.245 [main] DEBUG o.a.h.i.c.BasicClientConnectionManager - Releasing connection org.apache.http.impl.conn.ManagedClientConnectionImpl@1e718782
2021-12-20_16:06:10.245 [main] DEBUG o.a.h.i.c.BasicClientConnectionManager - Connection can be kept alive for 60000 MILLISECONDS
2021-12-20_16:06:10.246 [main] INFO  com.qc.BaseAPI - Response :{
    "accessToken": "f83bcd67fbdb415f89c55ffb91acd7f1",
    "tokenExpiryTime": "21-Dec-2021",
    "responseCode": 0,
    "responseMessage": "Success"
}
2021-12-20_16:06:10.247 [main] INFO  com.qc.BaseAPI -  **** GET call Response time 147 ms
2021-12-20_16:06:10.247 [main] INFO  pl.rest.service.Authorize - Time Taken to perform https://apitest.pineperks.in/auth/V1/generate/token transaction: 147
2021-12-20_16:06:10.258 [main] INFO  com.qc.qa.utils.TestDataReader - Reading Json data authorizeHeaders
2021-12-20_16:06:10.262 [main] INFO  com.qc.qa.utils.TestDataReader - Reading json data from file @ testData/api/devAPIData.json
2021-12-20_16:06:10.263 [main] INFO  pl.rest.service.CardUpdate - CardIssue Rest API URL :- https://apitest.pineperks.in/card/profile/V1/admin/status/update
2021-12-20_16:06:10.263 [main] INFO  com.qc.BaseAPI - POST call to URL https://apitest.pineperks.in/card/profile/V1/admin/status/update
2021-12-20_16:06:10.269 [main] INFO  com.qc.BaseAPI - ********************REQUEST********************
2021-12-20_16:06:10.284 [main] DEBUG o.a.h.i.c.BasicClientConnectionManager - Get connection for route {s}->https://apitest.pineperks.in:443
2021-12-20_16:06:10.284 [main] DEBUG o.a.h.i.c.DefaultClientConnectionOperator - Connecting to apitest.pineperks.in:443
2021-12-20_16:06:10.394 [main] DEBUG o.a.h.c.protocol.RequestAddCookies - CookieSpec selected: ignoreCookies
2021-12-20_16:06:10.394 [main] DEBUG o.a.h.c.protocol.RequestAuthCache - Auth cache not set in the context
2021-12-20_16:06:10.394 [main] DEBUG o.a.h.c.p.RequestTargetAuthentication - Target auth state: UNCHALLENGED
2021-12-20_16:06:10.394 [main] DEBUG o.a.h.c.p.RequestProxyAuthentication - Proxy auth state: UNCHALLENGED
2021-12-20_16:06:10.394 [main] DEBUG o.a.h.impl.client.DefaultHttpClient - Attempt 1 to execute request
2021-12-20_16:06:10.394 [main] DEBUG o.a.h.i.conn.DefaultClientConnection - Sending request: POST /card/profile/V1/admin/status/update HTTP/1.1
2021-12-20_16:06:10.394 [main] DEBUG org.apache.http.wire -  >> "POST /card/profile/V1/admin/status/update HTTP/1.1[\r][\n]"
2021-12-20_16:06:10.394 [main] DEBUG org.apache.http.wire -  >> "Accept: */*[\r][\n]"
2021-12-20_16:06:10.395 [main] DEBUG org.apache.http.wire -  >> "userName: A0aCcnPzDANtKmvSLPKcaw==[\r][\n]"
2021-12-20_16:06:10.395 [main] DEBUG org.apache.http.wire -  >> "token: f83bcd67fbdb415f89c55ffb91acd7f1[\r][\n]"
2021-12-20_16:06:10.395 [main] DEBUG org.apache.http.wire -  >> "Content-Type: application/json; charset=UTF-8[\r][\n]"
2021-12-20_16:06:10.395 [main] DEBUG org.apache.http.wire -  >> "Content-Length: 113[\r][\n]"
2021-12-20_16:06:10.395 [main] DEBUG org.apache.http.wire -  >> "Host: apitest.pineperks.in[\r][\n]"
2021-12-20_16:06:10.395 [main] DEBUG org.apache.http.wire -  >> "Connection: Keep-Alive[\r][\n]"
2021-12-20_16:06:10.395 [main] DEBUG org.apache.http.wire -  >> "User-Agent: Apache-HttpClient/4.5.2 (Java/1.8.0_202)[\r][\n]"
2021-12-20_16:06:10.395 [main] DEBUG org.apache.http.wire -  >> "Accept-Encoding: gzip,deflate[\r][\n]"
2021-12-20_16:06:10.395 [main] DEBUG org.apache.http.wire -  >> "[\r][\n]"
2021-12-20_16:06:10.395 [main] DEBUG org.apache.http.headers - >> POST /card/profile/V1/admin/status/update HTTP/1.1
2021-12-20_16:06:10.395 [main] DEBUG org.apache.http.headers - >> Accept: */*
2021-12-20_16:06:10.395 [main] DEBUG org.apache.http.headers - >> userName: A0aCcnPzDANtKmvSLPKcaw==
2021-12-20_16:06:10.395 [main] DEBUG org.apache.http.headers - >> token: f83bcd67fbdb415f89c55ffb91acd7f1
2021-12-20_16:06:10.395 [main] DEBUG org.apache.http.headers - >> Content-Type: application/json; charset=UTF-8
2021-12-20_16:06:10.395 [main] DEBUG org.apache.http.headers - >> Content-Length: 113
2021-12-20_16:06:10.395 [main] DEBUG org.apache.http.headers - >> Host: apitest.pineperks.in
2021-12-20_16:06:10.395 [main] DEBUG org.apache.http.headers - >> Connection: Keep-Alive
2021-12-20_16:06:10.395 [main] DEBUG org.apache.http.headers - >> User-Agent: Apache-HttpClient/4.5.2 (Java/1.8.0_202)
2021-12-20_16:06:10.395 [main] DEBUG org.apache.http.headers - >> Accept-Encoding: gzip,deflate
2021-12-20_16:06:10.395 [main] DEBUG org.apache.http.wire -  >> "{"remarks":"Test","cardStatusUpdateRequestList":[{"reason":"1","referenceNumber":"6539518357","cardStatus":"1"}]}"
2021-12-20_16:06:10.559 [main] DEBUG org.apache.http.wire -  << "HTTP/1.1 200 [\r][\n]"
2021-12-20_16:06:10.560 [main] DEBUG org.apache.http.wire -  << "Access-Control-Allow-Methods: GET, POST[\r][\n]"
2021-12-20_16:06:10.560 [main] DEBUG org.apache.http.wire -  << "Access-Control-Allow-Origin: *[\r][\n]"
2021-12-20_16:06:10.560 [main] DEBUG org.apache.http.wire -  << "Content-Security-Policy: default-src 'none'[\r][\n]"
2021-12-20_16:06:10.560 [main] DEBUG org.apache.http.wire -  << "Feature-Policy: 'none'[\r][\n]"
2021-12-20_16:06:10.560 [main] DEBUG org.apache.http.wire -  << "Referrer-Policy: no-referrer[\r][\n]"
2021-12-20_16:06:10.560 [main] DEBUG org.apache.http.wire -  << "Strict-Transport-Security: max-age=31536000 ; includeSubDomains[\r][\n]"
2021-12-20_16:06:10.560 [main] DEBUG org.apache.http.wire -  << "Date: Mon, 20 Dec 2021 10:36:09 GMT[\r][\n]"
2021-12-20_16:06:10.560 [main] DEBUG org.apache.http.wire -  << "Keep-Alive: timeout=60[\r][\n]"
2021-12-20_16:06:10.560 [main] DEBUG org.apache.http.wire -  << "Content-Type: application/json[\r][\n]"
2021-12-20_16:06:10.560 [main] DEBUG org.apache.http.wire -  << "Transfer-Encoding: chunked[\r][\n]"
2021-12-20_16:06:10.560 [main] DEBUG org.apache.http.wire -  << "Connection: keep-alive[\r][\n]"
2021-12-20_16:06:10.560 [main] DEBUG org.apache.http.wire -  << "[\r][\n]"
2021-12-20_16:06:10.560 [main] DEBUG o.a.h.i.conn.DefaultClientConnection - Receiving response: HTTP/1.1 200 
2021-12-20_16:06:10.560 [main] DEBUG org.apache.http.headers - << HTTP/1.1 200 
2021-12-20_16:06:10.560 [main] DEBUG org.apache.http.headers - << Access-Control-Allow-Methods: GET, POST
2021-12-20_16:06:10.560 [main] DEBUG org.apache.http.headers - << Access-Control-Allow-Origin: *
2021-12-20_16:06:10.560 [main] DEBUG org.apache.http.headers - << Content-Security-Policy: default-src 'none'
2021-12-20_16:06:10.560 [main] DEBUG org.apache.http.headers - << Feature-Policy: 'none'
2021-12-20_16:06:10.560 [main] DEBUG org.apache.http.headers - << Referrer-Policy: no-referrer
2021-12-20_16:06:10.560 [main] DEBUG org.apache.http.headers - << Strict-Transport-Security: max-age=31536000 ; includeSubDomains
2021-12-20_16:06:10.560 [main] DEBUG org.apache.http.headers - << Date: Mon, 20 Dec 2021 10:36:09 GMT
2021-12-20_16:06:10.561 [main] DEBUG org.apache.http.headers - << Keep-Alive: timeout=60
2021-12-20_16:06:10.561 [main] DEBUG org.apache.http.headers - << Content-Type: application/json
2021-12-20_16:06:10.561 [main] DEBUG org.apache.http.headers - << Transfer-Encoding: chunked
2021-12-20_16:06:10.561 [main] DEBUG org.apache.http.headers - << Connection: keep-alive
2021-12-20_16:06:10.561 [main] DEBUG o.a.h.impl.client.DefaultHttpClient - Connection can be kept alive for 60000 MILLISECONDS
2021-12-20_16:06:10.562 [main] DEBUG i.r.i.RequestSpecificationImpl$RestAssuredHttpBuilder - Parsing response as: application/json
2021-12-20_16:06:10.562 [main] DEBUG i.r.i.RequestSpecificationImpl$RestAssuredHttpBuilder - Parsed data to instance of: class org.apache.http.conn.EofSensorInputStream
2021-12-20_16:06:10.562 [main] INFO  com.qc.BaseAPI - Method :POST
2021-12-20_16:06:10.563 [main] INFO  com.qc.BaseAPI - URI :https://apitest.pineperks.in/card/profile/V1/admin/status/update
2021-12-20_16:06:10.563 [main] INFO  com.qc.BaseAPI - Headers :token=f83bcd67fbdb415f89c55ffb91acd7f1
userName=A0aCcnPzDANtKmvSLPKcaw==
Accept=*/*
Content-Type=application/json; charset=UTF-8
2021-12-20_16:06:10.563 [main] INFO  com.qc.BaseAPI - Body :{"remarks":"Test","cardStatusUpdateRequestList":[{"reason":"1","referenceNumber":"6539518357","cardStatus":"1"}]}
2021-12-20_16:06:10.563 [main] INFO  com.qc.BaseAPI - ********************RESPONSE********************
2021-12-20_16:06:10.563 [main] DEBUG org.apache.http.wire -  << "ac[\r][\n]"
2021-12-20_16:06:10.563 [main] DEBUG org.apache.http.wire -  << "{"cardStatusUpdateResponseList":[{"referenceNumber":6539518357,"responseCode":0,"responseMessage":"Success"}],"remarks":"Test","responseCode":0,"responseMessage":"Success"}"
2021-12-20_16:06:10.563 [main] DEBUG org.apache.http.wire -  << "[\r][\n]"
2021-12-20_16:06:10.563 [main] DEBUG org.apache.http.wire -  << "0[\r][\n]"
2021-12-20_16:06:10.563 [main] DEBUG org.apache.http.wire -  << "[\r][\n]"
2021-12-20_16:06:10.564 [main] DEBUG o.a.h.i.c.BasicClientConnectionManager - Releasing connection org.apache.http.impl.conn.ManagedClientConnectionImpl@5c2587f5
2021-12-20_16:06:10.564 [main] DEBUG o.a.h.i.c.BasicClientConnectionManager - Connection can be kept alive for 60000 MILLISECONDS
2021-12-20_16:06:10.564 [main] INFO  com.qc.BaseAPI - Response :{
    "cardStatusUpdateResponseList": [
        {
            "referenceNumber": 6539518357,
            "responseCode": 0,
            "responseMessage": "Success"
        }
    ],
    "remarks": "Test",
    "responseCode": 0,
    "responseMessage": "Success"
}
2021-12-20_16:06:10.564 [main] INFO  com.qc.BaseAPI -  **** POST call Response time 290 ms
2021-12-20_16:06:10.565 [main] INFO  pl.rest.service.CardUpdate - Time Taken to perform https://apitest.pineperks.in/card/profile/V1/admin/status/update transaction: 290
2021-12-20_16:06:10.569 [main] INFO  com.qc.qa.utils.TestDataReader - Reading Json data authorizeHeaders
2021-12-20_16:06:10.571 [main] INFO  com.qc.qa.utils.TestDataReader - Reading json data from file @ testData/api/devAPIData.json
2021-12-20_16:06:10.571 [main] INFO  pl.rest.service.CardUpdate - CardIssue Rest API URL :- https://apitest.pineperks.in/card/profile/V1/admin/status/update
2021-12-20_16:06:10.571 [main] INFO  com.qc.BaseAPI - POST call to URL https://apitest.pineperks.in/card/profile/V1/admin/status/update
2021-12-20_16:06:10.575 [main] INFO  com.qc.BaseAPI - ********************REQUEST********************
2021-12-20_16:06:10.581 [main] DEBUG o.a.h.i.c.BasicClientConnectionManager - Get connection for route {s}->https://apitest.pineperks.in:443
2021-12-20_16:06:10.582 [main] DEBUG o.a.h.i.c.DefaultClientConnectionOperator - Connecting to apitest.pineperks.in:443
2021-12-20_16:06:10.718 [main] DEBUG o.a.h.c.protocol.RequestAddCookies - CookieSpec selected: ignoreCookies
2021-12-20_16:06:10.719 [main] DEBUG o.a.h.c.protocol.RequestAuthCache - Auth cache not set in the context
2021-12-20_16:06:10.719 [main] DEBUG o.a.h.c.p.RequestTargetAuthentication - Target auth state: UNCHALLENGED
2021-12-20_16:06:10.719 [main] DEBUG o.a.h.c.p.RequestProxyAuthentication - Proxy auth state: UNCHALLENGED
2021-12-20_16:06:10.719 [main] DEBUG o.a.h.impl.client.DefaultHttpClient - Attempt 1 to execute request
2021-12-20_16:06:10.719 [main] DEBUG o.a.h.i.conn.DefaultClientConnection - Sending request: POST /card/profile/V1/admin/status/update HTTP/1.1
2021-12-20_16:06:10.719 [main] DEBUG org.apache.http.wire -  >> "POST /card/profile/V1/admin/status/update HTTP/1.1[\r][\n]"
2021-12-20_16:06:10.719 [main] DEBUG org.apache.http.wire -  >> "Accept: */*[\r][\n]"
2021-12-20_16:06:10.719 [main] DEBUG org.apache.http.wire -  >> "userName: A0aCcnPzDANtKmvSLPKcaw==[\r][\n]"
2021-12-20_16:06:10.719 [main] DEBUG org.apache.http.wire -  >> "token: f83bcd67fbdb415f89c55ffb91acd7f1[\r][\n]"
2021-12-20_16:06:10.719 [main] DEBUG org.apache.http.wire -  >> "Content-Type: application/json; charset=UTF-8[\r][\n]"
2021-12-20_16:06:10.719 [main] DEBUG org.apache.http.wire -  >> "Content-Length: 113[\r][\n]"
2021-12-20_16:06:10.719 [main] DEBUG org.apache.http.wire -  >> "Host: apitest.pineperks.in[\r][\n]"
2021-12-20_16:06:10.719 [main] DEBUG org.apache.http.wire -  >> "Connection: Keep-Alive[\r][\n]"
2021-12-20_16:06:10.720 [main] DEBUG org.apache.http.wire -  >> "User-Agent: Apache-HttpClient/4.5.2 (Java/1.8.0_202)[\r][\n]"
2021-12-20_16:06:10.720 [main] DEBUG org.apache.http.wire -  >> "Accept-Encoding: gzip,deflate[\r][\n]"
2021-12-20_16:06:10.720 [main] DEBUG org.apache.http.wire -  >> "[\r][\n]"
2021-12-20_16:06:10.720 [main] DEBUG org.apache.http.headers - >> POST /card/profile/V1/admin/status/update HTTP/1.1
2021-12-20_16:06:10.720 [main] DEBUG org.apache.http.headers - >> Accept: */*
2021-12-20_16:06:10.720 [main] DEBUG org.apache.http.headers - >> userName: A0aCcnPzDANtKmvSLPKcaw==
2021-12-20_16:06:10.720 [main] DEBUG org.apache.http.headers - >> token: f83bcd67fbdb415f89c55ffb91acd7f1
2021-12-20_16:06:10.720 [main] DEBUG org.apache.http.headers - >> Content-Type: application/json; charset=UTF-8
2021-12-20_16:06:10.720 [main] DEBUG org.apache.http.headers - >> Content-Length: 113
2021-12-20_16:06:10.720 [main] DEBUG org.apache.http.headers - >> Host: apitest.pineperks.in
2021-12-20_16:06:10.720 [main] DEBUG org.apache.http.headers - >> Connection: Keep-Alive
2021-12-20_16:06:10.720 [main] DEBUG org.apache.http.headers - >> User-Agent: Apache-HttpClient/4.5.2 (Java/1.8.0_202)
2021-12-20_16:06:10.720 [main] DEBUG org.apache.http.headers - >> Accept-Encoding: gzip,deflate
2021-12-20_16:06:10.720 [main] DEBUG org.apache.http.wire -  >> "{"remarks":"Test","cardStatusUpdateRequestList":[{"reason":"1","referenceNumber":"6539518357","cardStatus":"1"}]}"
2021-12-20_16:06:10.797 [main] DEBUG org.apache.http.wire -  << "HTTP/1.1 200 [\r][\n]"
2021-12-20_16:06:10.797 [main] DEBUG org.apache.http.wire -  << "Access-Control-Allow-Methods: GET, POST[\r][\n]"
2021-12-20_16:06:10.797 [main] DEBUG org.apache.http.wire -  << "Access-Control-Allow-Origin: *[\r][\n]"
2021-12-20_16:06:10.797 [main] DEBUG org.apache.http.wire -  << "Content-Security-Policy: default-src 'none'[\r][\n]"
2021-12-20_16:06:10.797 [main] DEBUG org.apache.http.wire -  << "Feature-Policy: 'none'[\r][\n]"
2021-12-20_16:06:10.798 [main] DEBUG org.apache.http.wire -  << "Referrer-Policy: no-referrer[\r][\n]"
2021-12-20_16:06:10.798 [main] DEBUG org.apache.http.wire -  << "Strict-Transport-Security: max-age=31536000 ; includeSubDomains[\r][\n]"
2021-12-20_16:06:10.798 [main] DEBUG org.apache.http.wire -  << "Date: Mon, 20 Dec 2021 10:36:10 GMT[\r][\n]"
2021-12-20_16:06:10.798 [main] DEBUG org.apache.http.wire -  << "Keep-Alive: timeout=60[\r][\n]"
2021-12-20_16:06:10.798 [main] DEBUG org.apache.http.wire -  << "Content-Type: application/json[\r][\n]"
2021-12-20_16:06:10.798 [main] DEBUG org.apache.http.wire -  << "Transfer-Encoding: chunked[\r][\n]"
2021-12-20_16:06:10.798 [main] DEBUG org.apache.http.wire -  << "Connection: keep-alive[\r][\n]"
2021-12-20_16:06:10.798 [main] DEBUG org.apache.http.wire -  << "[\r][\n]"
2021-12-20_16:06:10.799 [main] DEBUG o.a.h.i.conn.DefaultClientConnection - Receiving response: HTTP/1.1 200 
2021-12-20_16:06:10.799 [main] DEBUG org.apache.http.headers - << HTTP/1.1 200 
2021-12-20_16:06:10.800 [main] DEBUG org.apache.http.headers - << Access-Control-Allow-Methods: GET, POST
2021-12-20_16:06:10.800 [main] DEBUG org.apache.http.headers - << Access-Control-Allow-Origin: *
2021-12-20_16:06:10.800 [main] DEBUG org.apache.http.headers - << Content-Security-Policy: default-src 'none'
2021-12-20_16:06:10.800 [main] DEBUG org.apache.http.headers - << Feature-Policy: 'none'
2021-12-20_16:06:10.800 [main] DEBUG org.apache.http.headers - << Referrer-Policy: no-referrer
2021-12-20_16:06:10.800 [main] DEBUG org.apache.http.headers - << Strict-Transport-Security: max-age=31536000 ; includeSubDomains
2021-12-20_16:06:10.800 [main] DEBUG org.apache.http.headers - << Date: Mon, 20 Dec 2021 10:36:10 GMT
2021-12-20_16:06:10.800 [main] DEBUG org.apache.http.headers - << Keep-Alive: timeout=60
2021-12-20_16:06:10.800 [main] DEBUG org.apache.http.headers - << Content-Type: application/json
2021-12-20_16:06:10.800 [main] DEBUG org.apache.http.headers - << Transfer-Encoding: chunked
2021-12-20_16:06:10.800 [main] DEBUG org.apache.http.headers - << Connection: keep-alive
2021-12-20_16:06:10.801 [main] DEBUG o.a.h.impl.client.DefaultHttpClient - Connection can be kept alive for 60000 MILLISECONDS
2021-12-20_16:06:10.801 [main] DEBUG i.r.i.RequestSpecificationImpl$RestAssuredHttpBuilder - Parsing response as: application/json
2021-12-20_16:06:10.802 [main] DEBUG i.r.i.RequestSpecificationImpl$RestAssuredHttpBuilder - Parsed data to instance of: class org.apache.http.conn.EofSensorInputStream
2021-12-20_16:06:10.803 [main] INFO  com.qc.BaseAPI - Method :POST
2021-12-20_16:06:10.804 [main] INFO  com.qc.BaseAPI - URI :https://apitest.pineperks.in/card/profile/V1/admin/status/update
2021-12-20_16:06:10.805 [main] INFO  com.qc.BaseAPI - Headers :token=f83bcd67fbdb415f89c55ffb91acd7f1
userName=A0aCcnPzDANtKmvSLPKcaw==
Accept=*/*
Content-Type=application/json; charset=UTF-8
2021-12-20_16:06:10.805 [main] INFO  com.qc.BaseAPI - Body :{"remarks":"Test","cardStatusUpdateRequestList":[{"reason":"1","referenceNumber":"6539518357","cardStatus":"1"}]}
2021-12-20_16:06:10.805 [main] INFO  com.qc.BaseAPI - ********************RESPONSE********************
2021-12-20_16:06:10.805 [main] DEBUG org.apache.http.wire -  << "ee[\r][\n]"
2021-12-20_16:06:10.805 [main] DEBUG org.apache.http.wire -  << "{"cardStatusUpdateResponseList":[{"referenceNumber":6539518357,"responseCode":267,"responseMessage":"Card is already in this state. Please choose different status to update"}],"remarks":"Test","responseCode":0,"responseMessage":"Success"}"
2021-12-20_16:06:10.805 [main] DEBUG org.apache.http.wire -  << "[\r][\n]"
2021-12-20_16:06:10.806 [main] DEBUG org.apache.http.wire -  << "0[\r][\n]"
2021-12-20_16:06:10.806 [main] DEBUG org.apache.http.wire -  << "[\r][\n]"
2021-12-20_16:06:10.806 [main] DEBUG o.a.h.i.c.BasicClientConnectionManager - Releasing connection org.apache.http.impl.conn.ManagedClientConnectionImpl@4234248e
2021-12-20_16:06:10.806 [main] DEBUG o.a.h.i.c.BasicClientConnectionManager - Connection can be kept alive for 60000 MILLISECONDS
2021-12-20_16:06:10.807 [main] INFO  com.qc.BaseAPI - Response :{
    "cardStatusUpdateResponseList": [
        {
            "referenceNumber": 6539518357,
            "responseCode": 267,
            "responseMessage": "Card is already in this state. Please choose different status to update"
        }
    ],
    "remarks": "Test",
    "responseCode": 0,
    "responseMessage": "Success"
}
2021-12-20_16:06:10.807 [main] INFO  com.qc.BaseAPI -  **** POST call Response time 227 ms
2021-12-20_16:06:10.807 [main] INFO  pl.rest.service.CardUpdate - Time Taken to perform https://apitest.pineperks.in/card/profile/V1/admin/status/update transaction: 227
